# Number of atoms:       500
# Atom type:             Ar
# Molar Mass (g/mol):    39.948
# Density (g/cm^3):      0.168835
# LJ sigma (Angstrom):   3.4
# LJ epsilon/kB (K):     120
# LJ cutoff (Angstrom):  13.6
# LJ cutoff (sigma):     4
# Temperature (K):       144
# Number MC steps:       5e+06
# Output frequency:      20000
# Num. den. (atoms/Ang): 0.00254427
# Box length (x):        58.1392
# Box length (y):        58.1392
# Box length (z):        58.1392
# Init. spacing (Ang):   6.45991
# reduc. density (rho*): 0.1
# reduc. temp (T*):      1.65678e-23
Step:  19999      NAcc:  20000      fAcc:  1.000      Maxd:  inf        E*/N:  nan        P*:     nan        P*cold: nan        Mu*_xs: -0.00000   Cv*/N_xs:  0.00000         E(kJ/mol): nan        P(bar):    nan       
Step:  39999      NAcc:  40000      fAcc:  1.000      Maxd:  inf        E*/N:  nan        P*:     nan        P*cold: nan        Mu*_xs: -0.00000   Cv*/N_xs:  0.00000         E(kJ/mol): nan        P(bar):    nan       
Step:  59999      NAcc:  60000      fAcc:  1.000      Maxd:  inf        E*/N:  nan        P*:     nan        P*cold: nan        Mu*_xs: -0.00000   Cv*/N_xs:  0.00000         E(kJ/mol): nan        P(bar):    nan       
Step:  79999      NAcc:  80000      fAcc:  1.000      Maxd:  inf        E*/N:  nan        P*:     nan        P*cold: nan        Mu*_xs: -0.00000   Cv*/N_xs:  0.00000         E(kJ/mol): nan        P(bar):    nan       
Step:  99999      NAcc:  100000     fAcc:  1.000      Maxd:  inf        E*/N:  nan        P*:     nan        P*cold: nan        Mu*_xs: -0.00000   Cv*/N_xs:  0.00000         E(kJ/mol): nan        P(bar):    nan       
Step:  119999     NAcc:  120000     fAcc:  1.000      Maxd:  inf        E*/N:  nan        P*:     nan        P*cold: nan        Mu*_xs: -0.00000   Cv*/N_xs:  0.00000         E(kJ/mol): nan        P(bar):    nan       
Step:  139999     NAcc:  140000     fAcc:  1.000      Maxd:  inf        E*/N:  nan        P*:     nan        P*cold: nan        Mu*_xs: -0.00000   Cv*/N_xs:  0.00000         E(kJ/mol): nan        P(bar):    nan       
Step:  159999     NAcc:  160000     fAcc:  1.000      Maxd:  inf        E*/N:  nan        P*:     nan        P*cold: nan        Mu*_xs: -0.00000   Cv*/N_xs:  0.00000         E(kJ/mol): nan        P(bar):    nan       
Step:  179999     NAcc:  180000     fAcc:  1.000      Maxd:  inf        E*/N:  nan        P*:     nan        P*cold: nan        Mu*_xs: -0.00000   Cv*/N_xs:  0.00000         E(kJ/mol): nan        P(bar):    nan       
Step:  199999     NAcc:  200000     fAcc:  1.000      Maxd:  inf        E*/N:  nan        P*:     nan        P*cold: nan        Mu*_xs: -0.00000   Cv*/N_xs:  0.00000         E(kJ/mol): nan        P(bar):    nan       
Step:  219999     NAcc:  220000     fAcc:  1.000      Maxd:  inf        E*/N:  nan        P*:     nan        P*cold: nan        Mu*_xs: -0.00000   Cv*/N_xs:  0.00000         E(kJ/mol): nan        P(bar):    nan       
Step:  239999     NAcc:  240000     fAcc:  1.000      Maxd:  inf        E*/N:  nan        P*:     nan        P*cold: nan        Mu*_xs: -0.00000   Cv*/N_xs:  0.00000         E(kJ/mol): nan        P(bar):    nan       
Step:  259999     NAcc:  260000     fAcc:  1.000      Maxd:  inf        E*/N:  nan        P*:     nan        P*cold: nan        Mu*_xs: -0.00000   Cv*/N_xs:  0.00000         E(kJ/mol): nan        P(bar):    nan       
Step:  279999     NAcc:  280000     fAcc:  1.000      Maxd:  inf        E*/N:  nan        P*:     nan        P*cold: nan        Mu*_xs: -0.00000   Cv*/N_xs:  0.00000         E(kJ/mol): nan        P(bar):    nan       
Step:  299999     NAcc:  300000     fAcc:  1.000      Maxd:  inf        E*/N:  nan        P*:     nan        P*cold: nan        Mu*_xs: -0.00000   Cv*/N_xs:  0.00000         E(kJ/mol): nan        P(bar):    nan       
Step:  319999     NAcc:  320000     fAcc:  1.000      Maxd:  inf        E*/N:  nan        P*:     nan        P*cold: nan        Mu*_xs: -0.00000   Cv*/N_xs:  0.00000         E(kJ/mol): nan        P(bar):    nan       
Step:  339999     NAcc:  340000     fAcc:  1.000      Maxd:  inf        E*/N:  nan        P*:     nan        P*cold: nan        Mu*_xs: -0.00000   Cv*/N_xs:  0.00000         E(kJ/mol): nan        P(bar):    nan       
Step:  359999     NAcc:  360000     fAcc:  1.000      Maxd:  inf        E*/N:  nan        P*:     nan        P*cold: nan        Mu*_xs: -0.00000   Cv*/N_xs:  0.00000         E(kJ/mol): nan        P(bar):    nan       
Step:  379999     NAcc:  380000     fAcc:  1.000      Maxd:  inf        E*/N:  nan        P*:     nan        P*cold: nan        Mu*_xs: -0.00000   Cv*/N_xs:  0.00000         E(kJ/mol): nan        P(bar):    nan       
Step:  399999     NAcc:  400000     fAcc:  1.000      Maxd:  inf        E*/N:  nan        P*:     nan        P*cold: nan        Mu*_xs: -0.00000   Cv*/N_xs:  0.00000         E(kJ/mol): nan        P(bar):    nan       
Step:  419999     NAcc:  420000     fAcc:  1.000      Maxd:  inf        E*/N:  nan        P*:     nan        P*cold: nan        Mu*_xs: -0.00000   Cv*/N_xs:  0.00000         E(kJ/mol): nan        P(bar):    nan       
Step:  439999     NAcc:  440000     fAcc:  1.000      Maxd:  inf        E*/N:  nan        P*:     nan        P*cold: nan        Mu*_xs: -0.00000   Cv*/N_xs:  0.00000         E(kJ/mol): nan        P(bar):    nan       
Step:  459999     NAcc:  460000     fAcc:  1.000      Maxd:  inf        E*/N:  nan        P*:     nan        P*cold: nan        Mu*_xs: -0.00000   Cv*/N_xs:  0.00000         E(kJ/mol): nan        P(bar):    nan       
Step:  479999     NAcc:  480000     fAcc:  1.000      Maxd:  inf        E*/N:  nan        P*:     nan        P*cold: nan        Mu*_xs: -0.00000   Cv*/N_xs:  0.00000         E(kJ/mol): nan        P(bar):    nan       
Step:  499999     NAcc:  500000     fAcc:  1.000      Maxd:  inf        E*/N:  nan        P*:     nan        P*cold: nan        Mu*_xs: -0.00000   Cv*/N_xs:  0.00000         E(kJ/mol): nan        P(bar):    nan       
Step:  519999     NAcc:  520000     fAcc:  1.000      Maxd:  inf        E*/N:  nan        P*:     nan        P*cold: nan        Mu*_xs: -0.00000   Cv*/N_xs:  0.00000         E(kJ/mol): nan        P(bar):    nan       
Step:  539999     NAcc:  540000     fAcc:  1.000      Maxd:  inf        E*/N:  nan        P*:     nan        P*cold: nan        Mu*_xs: -0.00000   Cv*/N_xs:  0.00000         E(kJ/mol): nan        P(bar):    nan       
Step:  559999     NAcc:  560000     fAcc:  1.000      Maxd:  inf        E*/N:  nan        P*:     nan        P*cold: nan        Mu*_xs: -0.00000   Cv*/N_xs:  0.00000         E(kJ/mol): nan        P(bar):    nan       
Step:  579999     NAcc:  580000     fAcc:  1.000      Maxd:  inf        E*/N:  nan        P*:     nan        P*cold: nan        Mu*_xs: -0.00000   Cv*/N_xs:  0.00000         E(kJ/mol): nan        P(bar):    nan       
Step:  599999     NAcc:  600000     fAcc:  1.000      Maxd:  inf        E*/N:  nan        P*:     nan        P*cold: nan        Mu*_xs: -0.00000   Cv*/N_xs:  0.00000         E(kJ/mol): nan        P(bar):    nan       
Step:  619999     NAcc:  620000     fAcc:  1.000      Maxd:  inf        E*/N:  nan        P*:     nan        P*cold: nan        Mu*_xs: -0.00000   Cv*/N_xs:  0.00000         E(kJ/mol): nan        P(bar):    nan       
Step:  639999     NAcc:  640000     fAcc:  1.000      Maxd:  inf        E*/N:  nan        P*:     nan        P*cold: nan        Mu*_xs: -0.00000   Cv*/N_xs:  0.00000         E(kJ/mol): nan        P(bar):    nan       
Step:  659999     NAcc:  660000     fAcc:  1.000      Maxd:  inf        E*/N:  nan        P*:     nan        P*cold: nan        Mu*_xs: -0.00000   Cv*/N_xs:  0.00000         E(kJ/mol): nan        P(bar):    nan       
Step:  679999     NAcc:  680000     fAcc:  1.000      Maxd:  inf        E*/N:  nan        P*:     nan        P*cold: nan        Mu*_xs: -0.00000   Cv*/N_xs:  0.00000         E(kJ/mol): nan        P(bar):    nan       
Step:  699999     NAcc:  700000     fAcc:  1.000      Maxd:  inf        E*/N:  nan        P*:     nan        P*cold: nan        Mu*_xs: -0.00000   Cv*/N_xs:  0.00000         E(kJ/mol): nan        P(bar):    nan       
Step:  719999     NAcc:  720000     fAcc:  1.000      Maxd:  inf        E*/N:  nan        P*:     nan        P*cold: nan        Mu*_xs: -0.00000   Cv*/N_xs:  0.00000         E(kJ/mol): nan        P(bar):    nan       
Step:  739999     NAcc:  740000     fAcc:  1.000      Maxd:  inf        E*/N:  nan        P*:     nan        P*cold: nan        Mu*_xs: -0.00000   Cv*/N_xs:  0.00000         E(kJ/mol): nan        P(bar):    nan       
Step:  759999     NAcc:  760000     fAcc:  1.000      Maxd:  inf        E*/N:  nan        P*:     nan        P*cold: nan        Mu*_xs: -0.00000   Cv*/N_xs:  0.00000         E(kJ/mol): nan        P(bar):    nan       
Step:  779999     NAcc:  780000     fAcc:  1.000      Maxd:  inf        E*/N:  nan        P*:     nan        P*cold: nan        Mu*_xs: -0.00000   Cv*/N_xs:  0.00000         E(kJ/mol): nan        P(bar):    nan       
Step:  799999     NAcc:  800000     fAcc:  1.000      Maxd:  inf        E*/N:  nan        P*:     nan        P*cold: nan        Mu*_xs: -0.00000   Cv*/N_xs:  0.00000         E(kJ/mol): nan        P(bar):    nan       
Step:  819999     NAcc:  820000     fAcc:  1.000      Maxd:  inf        E*/N:  nan        P*:     nan        P*cold: nan        Mu*_xs: -0.00000   Cv*/N_xs:  0.00000         E(kJ/mol): nan        P(bar):    nan       
Step:  839999     NAcc:  840000     fAcc:  1.000      Maxd:  inf        E*/N:  nan        P*:     nan        P*cold: nan        Mu*_xs: -0.00000   Cv*/N_xs:  0.00000         E(kJ/mol): nan        P(bar):    nan       
Step:  859999     NAcc:  860000     fAcc:  1.000      Maxd:  inf        E*/N:  nan        P*:     nan        P*cold: nan        Mu*_xs: -0.00000   Cv*/N_xs:  0.00000         E(kJ/mol): nan        P(bar):    nan       
Step:  879999     NAcc:  880000     fAcc:  1.000      Maxd:  inf        E*/N:  nan        P*:     nan        P*cold: nan        Mu*_xs: -0.00000   Cv*/N_xs:  0.00000         E(kJ/mol): nan        P(bar):    nan       
Step:  899999     NAcc:  900000     fAcc:  1.000      Maxd:  inf        E*/N:  nan        P*:     nan        P*cold: nan        Mu*_xs: -0.00000   Cv*/N_xs:  0.00000         E(kJ/mol): nan        P(bar):    nan       
Step:  919999     NAcc:  920000     fAcc:  1.000      Maxd:  inf        E*/N:  nan        P*:     nan        P*cold: nan        Mu*_xs: -0.00000   Cv*/N_xs:  0.00000         E(kJ/mol): nan        P(bar):    nan       
Step:  939999     NAcc:  940000     fAcc:  1.000      Maxd:  inf        E*/N:  nan        P*:     nan        P*cold: nan        Mu*_xs: -0.00000   Cv*/N_xs:  0.00000         E(kJ/mol): nan        P(bar):    nan       
Step:  959999     NAcc:  960000     fAcc:  1.000      Maxd:  inf        E*/N:  nan        P*:     nan        P*cold: nan        Mu*_xs: -0.00000   Cv*/N_xs:  0.00000         E(kJ/mol): nan        P(bar):    nan       
Step:  979999     NAcc:  980000     fAcc:  1.000      Maxd:  inf        E*/N:  nan        P*:     nan        P*cold: nan        Mu*_xs: -0.00000   Cv*/N_xs:  0.00000         E(kJ/mol): nan        P(bar):    nan       
Step:  999999     NAcc:  1000000    fAcc:  1.000      Maxd:  inf        E*/N:  nan        P*:     nan        P*cold: nan        Mu*_xs: -0.00000   Cv*/N_xs:  0.00000         E(kJ/mol): nan        P(bar):    nan       
Step:  1019999    NAcc:  1020000    fAcc:  1.000      Maxd:  inf        E*/N:  nan        P*:     nan        P*cold: nan        Mu*_xs: -0.00000   Cv*/N_xs:  0.00000         E(kJ/mol): nan        P(bar):    nan       
Step:  1039999    NAcc:  1040000    fAcc:  1.000      Maxd:  inf        E*/N:  nan        P*:     nan        P*cold: nan        Mu*_xs: -0.00000   Cv*/N_xs:  0.00000         E(kJ/mol): nan        P(bar):    nan       
Step:  1059999    NAcc:  1060000    fAcc:  1.000      Maxd:  inf        E*/N:  nan        P*:     nan        P*cold: nan        Mu*_xs: -0.00000   Cv*/N_xs:  0.00000         E(kJ/mol): nan        P(bar):    nan       
Step:  1079999    NAcc:  1080000    fAcc:  1.000      Maxd:  inf        E*/N:  nan        P*:     nan        P*cold: nan        Mu*_xs: -0.00000   Cv*/N_xs:  0.00000         E(kJ/mol): nan        P(bar):    nan       
Step:  1099999    NAcc:  1100000    fAcc:  1.000      Maxd:  inf        E*/N:  nan        P*:     nan        P*cold: nan        Mu*_xs: -0.00000   Cv*/N_xs:  0.00000         E(kJ/mol): nan        P(bar):    nan       
Step:  1119999    NAcc:  1120000    fAcc:  1.000      Maxd:  inf        E*/N:  nan        P*:     nan        P*cold: nan        Mu*_xs: -0.00000   Cv*/N_xs:  0.00000         E(kJ/mol): nan        P(bar):    nan       
Step:  1139999    NAcc:  1140000    fAcc:  1.000      Maxd:  inf        E*/N:  nan        P*:     nan        P*cold: nan        Mu*_xs: -0.00000   Cv*/N_xs:  0.00000         E(kJ/mol): nan        P(bar):    nan       
Step:  1159999    NAcc:  1160000    fAcc:  1.000      Maxd:  inf        E*/N:  nan        P*:     nan        P*cold: nan        Mu*_xs: -0.00000   Cv*/N_xs:  0.00000         E(kJ/mol): nan        P(bar):    nan       
Step:  1179999    NAcc:  1180000    fAcc:  1.000      Maxd:  inf        E*/N:  nan        P*:     nan        P*cold: nan        Mu*_xs: -0.00000   Cv*/N_xs:  0.00000         E(kJ/mol): nan        P(bar):    nan       
Step:  1199999    NAcc:  1200000    fAcc:  1.000      Maxd:  inf        E*/N:  nan        P*:     nan        P*cold: nan        Mu*_xs: -0.00000   Cv*/N_xs:  0.00000         E(kJ/mol): nan        P(bar):    nan       
Step:  1219999    NAcc:  1220000    fAcc:  1.000      Maxd:  inf        E*/N:  nan        P*:     nan        P*cold: nan        Mu*_xs: -0.00000   Cv*/N_xs:  0.00000         E(kJ/mol): nan        P(bar):    nan       
Step:  1239999    NAcc:  1240000    fAcc:  1.000      Maxd:  inf        E*/N:  nan        P*:     nan        P*cold: nan        Mu*_xs: -0.00000   Cv*/N_xs:  0.00000         E(kJ/mol): nan        P(bar):    nan       
Step:  1259999    NAcc:  1260000    fAcc:  1.000      Maxd:  inf        E*/N:  nan        P*:     nan        P*cold: nan        Mu*_xs: -0.00000   Cv*/N_xs:  0.00000         E(kJ/mol): nan        P(bar):    nan       
Step:  1279999    NAcc:  1280000    fAcc:  1.000      Maxd:  inf        E*/N:  nan        P*:     nan        P*cold: nan        Mu*_xs: -0.00000   Cv*/N_xs:  0.00000         E(kJ/mol): nan        P(bar):    nan       
Step:  1299999    NAcc:  1300000    fAcc:  1.000      Maxd:  inf        E*/N:  nan        P*:     nan        P*cold: nan        Mu*_xs: -0.00000   Cv*/N_xs:  0.00000         E(kJ/mol): nan        P(bar):    nan       
Step:  1319999    NAcc:  1320000    fAcc:  1.000      Maxd:  inf        E*/N:  nan        P*:     nan        P*cold: nan        Mu*_xs: -0.00000   Cv*/N_xs:  0.00000         E(kJ/mol): nan        P(bar):    nan       
Step:  1339999    NAcc:  1340000    fAcc:  1.000      Maxd:  inf        E*/N:  nan        P*:     nan        P*cold: nan        Mu*_xs: -0.00000   Cv*/N_xs:  0.00000         E(kJ/mol): nan        P(bar):    nan       
Step:  1359999    NAcc:  1360000    fAcc:  1.000      Maxd:  inf        E*/N:  nan        P*:     nan        P*cold: nan        Mu*_xs: -0.00000   Cv*/N_xs:  0.00000         E(kJ/mol): nan        P(bar):    nan       
Step:  1379999    NAcc:  1380000    fAcc:  1.000      Maxd:  inf        E*/N:  nan        P*:     nan        P*cold: nan        Mu*_xs: -0.00000   Cv*/N_xs:  0.00000         E(kJ/mol): nan        P(bar):    nan       
Step:  1399999    NAcc:  1400000    fAcc:  1.000      Maxd:  inf        E*/N:  nan        P*:     nan        P*cold: nan        Mu*_xs: -0.00000   Cv*/N_xs:  0.00000         E(kJ/mol): nan        P(bar):    nan       
Step:  1419999    NAcc:  1420000    fAcc:  1.000      Maxd:  inf        E*/N:  nan        P*:     nan        P*cold: nan        Mu*_xs: -0.00000   Cv*/N_xs:  0.00000         E(kJ/mol): nan        P(bar):    nan       
Step:  1439999    NAcc:  1440000    fAcc:  1.000      Maxd:  inf        E*/N:  nan        P*:     nan        P*cold: nan        Mu*_xs: -0.00000   Cv*/N_xs:  0.00000         E(kJ/mol): nan        P(bar):    nan       
Step:  1459999    NAcc:  1460000    fAcc:  1.000      Maxd:  inf        E*/N:  nan        P*:     nan        P*cold: nan        Mu*_xs: -0.00000   Cv*/N_xs:  0.00000         E(kJ/mol): nan        P(bar):    nan       
Step:  1479999    NAcc:  1480000    fAcc:  1.000      Maxd:  inf        E*/N:  nan        P*:     nan        P*cold: nan        Mu*_xs: -0.00000   Cv*/N_xs:  0.00000         E(kJ/mol): nan        P(bar):    nan       
Step:  1499999    NAcc:  1500000    fAcc:  1.000      Maxd:  inf        E*/N:  nan        P*:     nan        P*cold: nan        Mu*_xs: -0.00000   Cv*/N_xs:  0.00000         E(kJ/mol): nan        P(bar):    nan       
Step:  1519999    NAcc:  1520000    fAcc:  1.000      Maxd:  inf        E*/N:  nan        P*:     nan        P*cold: nan        Mu*_xs: -0.00000   Cv*/N_xs:  0.00000         E(kJ/mol): nan        P(bar):    nan       
Step:  1539999    NAcc:  1540000    fAcc:  1.000      Maxd:  inf        E*/N:  nan        P*:     nan        P*cold: nan        Mu*_xs: -0.00000   Cv*/N_xs:  0.00000         E(kJ/mol): nan        P(bar):    nan       
Step:  1559999    NAcc:  1560000    fAcc:  1.000      Maxd:  inf        E*/N:  nan        P*:     nan        P*cold: nan        Mu*_xs: -0.00000   Cv*/N_xs:  0.00000         E(kJ/mol): nan        P(bar):    nan       
Step:  1579999    NAcc:  1580000    fAcc:  1.000      Maxd:  inf        E*/N:  nan        P*:     nan        P*cold: nan        Mu*_xs: -0.00000   Cv*/N_xs:  0.00000         E(kJ/mol): nan        P(bar):    nan       
Step:  1599999    NAcc:  1600000    fAcc:  1.000      Maxd:  inf        E*/N:  nan        P*:     nan        P*cold: nan        Mu*_xs: -0.00000   Cv*/N_xs:  0.00000         E(kJ/mol): nan        P(bar):    nan       
Step:  1619999    NAcc:  1620000    fAcc:  1.000      Maxd:  inf        E*/N:  nan        P*:     nan        P*cold: nan        Mu*_xs: -0.00000   Cv*/N_xs:  0.00000         E(kJ/mol): nan        P(bar):    nan       
Step:  1639999    NAcc:  1640000    fAcc:  1.000      Maxd:  inf        E*/N:  nan        P*:     nan        P*cold: nan        Mu*_xs: -0.00000   Cv*/N_xs:  0.00000         E(kJ/mol): nan        P(bar):    nan       
Step:  1659999    NAcc:  1660000    fAcc:  1.000      Maxd:  inf        E*/N:  nan        P*:     nan        P*cold: nan        Mu*_xs: -0.00000   Cv*/N_xs:  0.00000         E(kJ/mol): nan        P(bar):    nan       
Step:  1679999    NAcc:  1680000    fAcc:  1.000      Maxd:  inf        E*/N:  nan        P*:     nan        P*cold: nan        Mu*_xs: -0.00000   Cv*/N_xs:  0.00000         E(kJ/mol): nan        P(bar):    nan       
Step:  1699999    NAcc:  1700000    fAcc:  1.000      Maxd:  inf        E*/N:  nan        P*:     nan        P*cold: nan        Mu*_xs: -0.00000   Cv*/N_xs:  0.00000         E(kJ/mol): nan        P(bar):    nan       
Step:  1719999    NAcc:  1720000    fAcc:  1.000      Maxd:  inf        E*/N:  nan        P*:     nan        P*cold: nan        Mu*_xs: -0.00000   Cv*/N_xs:  0.00000         E(kJ/mol): nan        P(bar):    nan       
Step:  1739999    NAcc:  1740000    fAcc:  1.000      Maxd:  inf        E*/N:  nan        P*:     nan        P*cold: nan        Mu*_xs: -0.00000   Cv*/N_xs:  0.00000         E(kJ/mol): nan        P(bar):    nan       
Step:  1759999    NAcc:  1760000    fAcc:  1.000      Maxd:  inf        E*/N:  nan        P*:     nan        P*cold: nan        Mu*_xs: -0.00000   Cv*/N_xs:  0.00000         E(kJ/mol): nan        P(bar):    nan       
Step:  1779999    NAcc:  1780000    fAcc:  1.000      Maxd:  inf        E*/N:  nan        P*:     nan        P*cold: nan        Mu*_xs: -0.00000   Cv*/N_xs:  0.00000         E(kJ/mol): nan        P(bar):    nan       
Step:  1799999    NAcc:  1800000    fAcc:  1.000      Maxd:  inf        E*/N:  nan        P*:     nan        P*cold: nan        Mu*_xs: -0.00000   Cv*/N_xs:  0.00000         E(kJ/mol): nan        P(bar):    nan       
Step:  1819999    NAcc:  1820000    fAcc:  1.000      Maxd:  inf        E*/N:  nan        P*:     nan        P*cold: nan        Mu*_xs: -0.00000   Cv*/N_xs:  0.00000         E(kJ/mol): nan        P(bar):    nan       
Step:  1839999    NAcc:  1840000    fAcc:  1.000      Maxd:  inf        E*/N:  nan        P*:     nan        P*cold: nan        Mu*_xs: -0.00000   Cv*/N_xs:  0.00000         E(kJ/mol): nan        P(bar):    nan       
Step:  1859999    NAcc:  1860000    fAcc:  1.000      Maxd:  inf        E*/N:  nan        P*:     nan        P*cold: nan        Mu*_xs: -0.00000   Cv*/N_xs:  0.00000         E(kJ/mol): nan        P(bar):    nan       
Step:  1879999    NAcc:  1880000    fAcc:  1.000      Maxd:  inf        E*/N:  nan        P*:     nan        P*cold: nan        Mu*_xs: -0.00000   Cv*/N_xs:  0.00000         E(kJ/mol): nan        P(bar):    nan       
Step:  1899999    NAcc:  1900000    fAcc:  1.000      Maxd:  inf        E*/N:  nan        P*:     nan        P*cold: nan        Mu*_xs: -0.00000   Cv*/N_xs:  0.00000         E(kJ/mol): nan        P(bar):    nan       
Step:  1919999    NAcc:  1920000    fAcc:  1.000      Maxd:  inf        E*/N:  nan        P*:     nan        P*cold: nan        Mu*_xs: -0.00000   Cv*/N_xs:  0.00000         E(kJ/mol): nan        P(bar):    nan       
Step:  1939999    NAcc:  1940000    fAcc:  1.000      Maxd:  inf        E*/N:  nan        P*:     nan        P*cold: nan        Mu*_xs: -0.00000   Cv*/N_xs:  0.00000         E(kJ/mol): nan        P(bar):    nan       
Step:  1959999    NAcc:  1960000    fAcc:  1.000      Maxd:  inf        E*/N:  nan        P*:     nan        P*cold: nan        Mu*_xs: -0.00000   Cv*/N_xs:  0.00000         E(kJ/mol): nan        P(bar):    nan       
Step:  1979999    NAcc:  1980000    fAcc:  1.000      Maxd:  inf        E*/N:  nan        P*:     nan        P*cold: nan        Mu*_xs: -0.00000   Cv*/N_xs:  0.00000         E(kJ/mol): nan        P(bar):    nan       
Step:  1999999    NAcc:  2000000    fAcc:  1.000      Maxd:  inf        E*/N:  nan        P*:     nan        P*cold: nan        Mu*_xs: -0.00000   Cv*/N_xs:  0.00000         E(kJ/mol): nan        P(bar):    nan       
Step:  2019999    NAcc:  2020000    fAcc:  1.000      Maxd:  inf        E*/N:  nan        P*:     nan        P*cold: nan        Mu*_xs: -0.00000   Cv*/N_xs:  nan             E(kJ/mol): nan        P(bar):    nan       
Step:  2039999    NAcc:  2040000    fAcc:  1.000      Maxd:  inf        E*/N:  nan        P*:     nan        P*cold: nan        Mu*_xs: -0.00000   Cv*/N_xs:  nan             E(kJ/mol): nan        P(bar):    nan       
Step:  2059999    NAcc:  2060000    fAcc:  1.000      Maxd:  inf        E*/N:  nan        P*:     nan        P*cold: nan        Mu*_xs: -0.00000   Cv*/N_xs:  nan             E(kJ/mol): nan        P(bar):    nan       
Step:  2079999    NAcc:  2080000    fAcc:  1.000      Maxd:  inf        E*/N:  nan        P*:     nan        P*cold: nan        Mu*_xs: -0.00000   Cv*/N_xs:  nan             E(kJ/mol): nan        P(bar):    nan       
Step:  2099999    NAcc:  2100000    fAcc:  1.000      Maxd:  inf        E*/N:  nan        P*:     nan        P*cold: nan        Mu*_xs: -0.00000   Cv*/N_xs:  nan             E(kJ/mol): nan        P(bar):    nan       
Step:  2119999    NAcc:  2120000    fAcc:  1.000      Maxd:  inf        E*/N:  nan        P*:     nan        P*cold: nan        Mu*_xs: -0.00000   Cv*/N_xs:  nan             E(kJ/mol): nan        P(bar):    nan       
Step:  2139999    NAcc:  2140000    fAcc:  1.000      Maxd:  inf        E*/N:  nan        P*:     nan        P*cold: nan        Mu*_xs: -0.00000   Cv*/N_xs:  nan             E(kJ/mol): nan        P(bar):    nan       
Step:  2159999    NAcc:  2160000    fAcc:  1.000      Maxd:  inf        E*/N:  nan        P*:     nan        P*cold: nan        Mu*_xs: -0.00000   Cv*/N_xs:  nan             E(kJ/mol): nan        P(bar):    nan       
Step:  2179999    NAcc:  2180000    fAcc:  1.000      Maxd:  inf        E*/N:  nan        P*:     nan        P*cold: nan        Mu*_xs: -0.00000   Cv*/N_xs:  nan             E(kJ/mol): nan        P(bar):    nan       
Step:  2199999    NAcc:  2200000    fAcc:  1.000      Maxd:  inf        E*/N:  nan        P*:     nan        P*cold: nan        Mu*_xs: -0.00000   Cv*/N_xs:  nan             E(kJ/mol): nan        P(bar):    nan       
Step:  2219999    NAcc:  2220000    fAcc:  1.000      Maxd:  inf        E*/N:  nan        P*:     nan        P*cold: nan        Mu*_xs: -0.00000   Cv*/N_xs:  nan             E(kJ/mol): nan        P(bar):    nan       
Step:  2239999    NAcc:  2240000    fAcc:  1.000      Maxd:  inf        E*/N:  nan        P*:     nan        P*cold: nan        Mu*_xs: -0.00000   Cv*/N_xs:  nan             E(kJ/mol): nan        P(bar):    nan       
Step:  2259999    NAcc:  2260000    fAcc:  1.000      Maxd:  inf        E*/N:  nan        P*:     nan        P*cold: nan        Mu*_xs: -0.00000   Cv*/N_xs:  nan             E(kJ/mol): nan        P(bar):    nan       
Step:  2279999    NAcc:  2280000    fAcc:  1.000      Maxd:  inf        E*/N:  nan        P*:     nan        P*cold: nan        Mu*_xs: -0.00000   Cv*/N_xs:  nan             E(kJ/mol): nan        P(bar):    nan       
Step:  2299999    NAcc:  2300000    fAcc:  1.000      Maxd:  inf        E*/N:  nan        P*:     nan        P*cold: nan        Mu*_xs: -0.00000   Cv*/N_xs:  nan             E(kJ/mol): nan        P(bar):    nan       
Step:  2319999    NAcc:  2320000    fAcc:  1.000      Maxd:  inf        E*/N:  nan        P*:     nan        P*cold: nan        Mu*_xs: -0.00000   Cv*/N_xs:  nan             E(kJ/mol): nan        P(bar):    nan       
Step:  2339999    NAcc:  2340000    fAcc:  1.000      Maxd:  inf        E*/N:  nan        P*:     nan        P*cold: nan        Mu*_xs: -0.00000   Cv*/N_xs:  nan             E(kJ/mol): nan        P(bar):    nan       
Step:  2359999    NAcc:  2360000    fAcc:  1.000      Maxd:  inf        E*/N:  nan        P*:     nan        P*cold: nan        Mu*_xs: -0.00000   Cv*/N_xs:  nan             E(kJ/mol): nan        P(bar):    nan       
Step:  2379999    NAcc:  2380000    fAcc:  1.000      Maxd:  inf        E*/N:  nan        P*:     nan        P*cold: nan        Mu*_xs: -0.00000   Cv*/N_xs:  nan             E(kJ/mol): nan        P(bar):    nan       
Step:  2399999    NAcc:  2400000    fAcc:  1.000      Maxd:  inf        E*/N:  nan        P*:     nan        P*cold: nan        Mu*_xs: -0.00000   Cv*/N_xs:  nan             E(kJ/mol): nan        P(bar):    nan       
Step:  2419999    NAcc:  2420000    fAcc:  1.000      Maxd:  inf        E*/N:  nan        P*:     nan        P*cold: nan        Mu*_xs: -0.00000   Cv*/N_xs:  nan             E(kJ/mol): nan        P(bar):    nan       
Step:  2439999    NAcc:  2440000    fAcc:  1.000      Maxd:  inf        E*/N:  nan        P*:     nan        P*cold: nan        Mu*_xs: -0.00000   Cv*/N_xs:  nan             E(kJ/mol): nan        P(bar):    nan       
Step:  2459999    NAcc:  2460000    fAcc:  1.000      Maxd:  inf        E*/N:  nan        P*:     nan        P*cold: nan        Mu*_xs: -0.00000   Cv*/N_xs:  nan             E(kJ/mol): nan        P(bar):    nan       
Step:  2479999    NAcc:  2480000    fAcc:  1.000      Maxd:  inf        E*/N:  nan        P*:     nan        P*cold: nan        Mu*_xs: -0.00000   Cv*/N_xs:  nan             E(kJ/mol): nan        P(bar):    nan       
Step:  2499999    NAcc:  2500000    fAcc:  1.000      Maxd:  inf        E*/N:  nan        P*:     nan        P*cold: nan        Mu*_xs: -0.00000   Cv*/N_xs:  nan             E(kJ/mol): nan        P(bar):    nan       
Step:  2519999    NAcc:  2520000    fAcc:  1.000      Maxd:  inf        E*/N:  nan        P*:     nan        P*cold: nan        Mu*_xs: -0.00000   Cv*/N_xs:  nan             E(kJ/mol): nan        P(bar):    nan       
Step:  2539999    NAcc:  2540000    fAcc:  1.000      Maxd:  inf        E*/N:  nan        P*:     nan        P*cold: nan        Mu*_xs: -0.00000   Cv*/N_xs:  nan             E(kJ/mol): nan        P(bar):    nan       
Step:  2559999    NAcc:  2560000    fAcc:  1.000      Maxd:  inf        E*/N:  nan        P*:     nan        P*cold: nan        Mu*_xs: -0.00000   Cv*/N_xs:  nan             E(kJ/mol): nan        P(bar):    nan       
Step:  2579999    NAcc:  2580000    fAcc:  1.000      Maxd:  inf        E*/N:  nan        P*:     nan        P*cold: nan        Mu*_xs: -0.00000   Cv*/N_xs:  nan             E(kJ/mol): nan        P(bar):    nan       
Step:  2599999    NAcc:  2600000    fAcc:  1.000      Maxd:  inf        E*/N:  nan        P*:     nan        P*cold: nan        Mu*_xs: -0.00000   Cv*/N_xs:  nan             E(kJ/mol): nan        P(bar):    nan       
Step:  2619999    NAcc:  2620000    fAcc:  1.000      Maxd:  inf        E*/N:  nan        P*:     nan        P*cold: nan        Mu*_xs: -0.00000   Cv*/N_xs:  nan             E(kJ/mol): nan        P(bar):    nan       
Step:  2639999    NAcc:  2640000    fAcc:  1.000      Maxd:  inf        E*/N:  nan        P*:     nan        P*cold: nan        Mu*_xs: -0.00000   Cv*/N_xs:  nan             E(kJ/mol): nan        P(bar):    nan       
Step:  2659999    NAcc:  2660000    fAcc:  1.000      Maxd:  inf        E*/N:  nan        P*:     nan        P*cold: nan        Mu*_xs: -0.00000   Cv*/N_xs:  nan             E(kJ/mol): nan        P(bar):    nan       
Step:  2679999    NAcc:  2680000    fAcc:  1.000      Maxd:  inf        E*/N:  nan        P*:     nan        P*cold: nan        Mu*_xs: -0.00000   Cv*/N_xs:  nan             E(kJ/mol): nan        P(bar):    nan       
Step:  2699999    NAcc:  2700000    fAcc:  1.000      Maxd:  inf        E*/N:  nan        P*:     nan        P*cold: nan        Mu*_xs: -0.00000   Cv*/N_xs:  nan             E(kJ/mol): nan        P(bar):    nan       
Step:  2719999    NAcc:  2720000    fAcc:  1.000      Maxd:  inf        E*/N:  nan        P*:     nan        P*cold: nan        Mu*_xs: -0.00000   Cv*/N_xs:  nan             E(kJ/mol): nan        P(bar):    nan       
Step:  2739999    NAcc:  2740000    fAcc:  1.000      Maxd:  inf        E*/N:  nan        P*:     nan        P*cold: nan        Mu*_xs: -0.00000   Cv*/N_xs:  nan             E(kJ/mol): nan        P(bar):    nan       
Step:  2759999    NAcc:  2760000    fAcc:  1.000      Maxd:  inf        E*/N:  nan        P*:     nan        P*cold: nan        Mu*_xs: -0.00000   Cv*/N_xs:  nan             E(kJ/mol): nan        P(bar):    nan       
Step:  2779999    NAcc:  2780000    fAcc:  1.000      Maxd:  inf        E*/N:  nan        P*:     nan        P*cold: nan        Mu*_xs: -0.00000   Cv*/N_xs:  nan             E(kJ/mol): nan        P(bar):    nan       
Step:  2799999    NAcc:  2800000    fAcc:  1.000      Maxd:  inf        E*/N:  nan        P*:     nan        P*cold: nan        Mu*_xs: -0.00000   Cv*/N_xs:  nan             E(kJ/mol): nan        P(bar):    nan       
Step:  2819999    NAcc:  2820000    fAcc:  1.000      Maxd:  inf        E*/N:  nan        P*:     nan        P*cold: nan        Mu*_xs: -0.00000   Cv*/N_xs:  nan             E(kJ/mol): nan        P(bar):    nan       
Step:  2839999    NAcc:  2840000    fAcc:  1.000      Maxd:  inf        E*/N:  nan        P*:     nan        P*cold: nan        Mu*_xs: -0.00000   Cv*/N_xs:  nan             E(kJ/mol): nan        P(bar):    nan       
Step:  2859999    NAcc:  2860000    fAcc:  1.000      Maxd:  inf        E*/N:  nan        P*:     nan        P*cold: nan        Mu*_xs: -0.00000   Cv*/N_xs:  nan             E(kJ/mol): nan        P(bar):    nan       
Step:  2879999    NAcc:  2880000    fAcc:  1.000      Maxd:  inf        E*/N:  nan        P*:     nan        P*cold: nan        Mu*_xs: -0.00000   Cv*/N_xs:  nan             E(kJ/mol): nan        P(bar):    nan       
Step:  2899999    NAcc:  2900000    fAcc:  1.000      Maxd:  inf        E*/N:  nan        P*:     nan        P*cold: nan        Mu*_xs: -0.00000   Cv*/N_xs:  nan             E(kJ/mol): nan        P(bar):    nan       
Step:  2919999    NAcc:  2920000    fAcc:  1.000      Maxd:  inf        E*/N:  nan        P*:     nan        P*cold: nan        Mu*_xs: -0.00000   Cv*/N_xs:  nan             E(kJ/mol): nan        P(bar):    nan       
Step:  2939999    NAcc:  2940000    fAcc:  1.000      Maxd:  inf        E*/N:  nan        P*:     nan        P*cold: nan        Mu*_xs: -0.00000   Cv*/N_xs:  nan             E(kJ/mol): nan        P(bar):    nan       
Step:  2959999    NAcc:  2960000    fAcc:  1.000      Maxd:  inf        E*/N:  nan        P*:     nan        P*cold: nan        Mu*_xs: -0.00000   Cv*/N_xs:  nan             E(kJ/mol): nan        P(bar):    nan       
Step:  2979999    NAcc:  2980000    fAcc:  1.000      Maxd:  inf        E*/N:  nan        P*:     nan        P*cold: nan        Mu*_xs: -0.00000   Cv*/N_xs:  nan             E(kJ/mol): nan        P(bar):    nan       
Step:  2999999    NAcc:  3000000    fAcc:  1.000      Maxd:  inf        E*/N:  nan        P*:     nan        P*cold: nan        Mu*_xs: -0.00000   Cv*/N_xs:  nan             E(kJ/mol): nan        P(bar):    nan       
Step:  3019999    NAcc:  3020000    fAcc:  1.000      Maxd:  inf        E*/N:  nan        P*:     nan        P*cold: nan        Mu*_xs: -0.00000   Cv*/N_xs:  nan             E(kJ/mol): nan        P(bar):    nan       
Step:  3039999    NAcc:  3040000    fAcc:  1.000      Maxd:  inf        E*/N:  nan        P*:     nan        P*cold: nan        Mu*_xs: -0.00000   Cv*/N_xs:  nan             E(kJ/mol): nan        P(bar):    nan       
Step:  3059999    NAcc:  3060000    fAcc:  1.000      Maxd:  inf        E*/N:  nan        P*:     nan        P*cold: nan        Mu*_xs: -0.00000   Cv*/N_xs:  nan             E(kJ/mol): nan        P(bar):    nan       
Step:  3079999    NAcc:  3080000    fAcc:  1.000      Maxd:  inf        E*/N:  nan        P*:     nan        P*cold: nan        Mu*_xs: -0.00000   Cv*/N_xs:  nan             E(kJ/mol): nan        P(bar):    nan       
Step:  3099999    NAcc:  3100000    fAcc:  1.000      Maxd:  inf        E*/N:  nan        P*:     nan        P*cold: nan        Mu*_xs: -0.00000   Cv*/N_xs:  nan             E(kJ/mol): nan        P(bar):    nan       
Step:  3119999    NAcc:  3120000    fAcc:  1.000      Maxd:  inf        E*/N:  nan        P*:     nan        P*cold: nan        Mu*_xs: -0.00000   Cv*/N_xs:  nan             E(kJ/mol): nan        P(bar):    nan       
Step:  3139999    NAcc:  3140000    fAcc:  1.000      Maxd:  inf        E*/N:  nan        P*:     nan        P*cold: nan        Mu*_xs: -0.00000   Cv*/N_xs:  nan             E(kJ/mol): nan        P(bar):    nan       
Step:  3159999    NAcc:  3160000    fAcc:  1.000      Maxd:  inf        E*/N:  nan        P*:     nan        P*cold: nan        Mu*_xs: -0.00000   Cv*/N_xs:  nan             E(kJ/mol): nan        P(bar):    nan       
Step:  3179999    NAcc:  3180000    fAcc:  1.000      Maxd:  inf        E*/N:  nan        P*:     nan        P*cold: nan        Mu*_xs: -0.00000   Cv*/N_xs:  nan             E(kJ/mol): nan        P(bar):    nan       
Step:  3199999    NAcc:  3200000    fAcc:  1.000      Maxd:  inf        E*/N:  nan        P*:     nan        P*cold: nan        Mu*_xs: -0.00000   Cv*/N_xs:  nan             E(kJ/mol): nan        P(bar):    nan       
Step:  3219999    NAcc:  3220000    fAcc:  1.000      Maxd:  inf        E*/N:  nan        P*:     nan        P*cold: nan        Mu*_xs: -0.00000   Cv*/N_xs:  nan             E(kJ/mol): nan        P(bar):    nan       
Step:  3239999    NAcc:  3240000    fAcc:  1.000      Maxd:  inf        E*/N:  nan        P*:     nan        P*cold: nan        Mu*_xs: -0.00000   Cv*/N_xs:  nan             E(kJ/mol): nan        P(bar):    nan       
Step:  3259999    NAcc:  3260000    fAcc:  1.000      Maxd:  inf        E*/N:  nan        P*:     nan        P*cold: nan        Mu*_xs: -0.00000   Cv*/N_xs:  nan             E(kJ/mol): nan        P(bar):    nan       
Step:  3279999    NAcc:  3280000    fAcc:  1.000      Maxd:  inf        E*/N:  nan        P*:     nan        P*cold: nan        Mu*_xs: -0.00000   Cv*/N_xs:  nan             E(kJ/mol): nan        P(bar):    nan       
Step:  3299999    NAcc:  3300000    fAcc:  1.000      Maxd:  inf        E*/N:  nan        P*:     nan        P*cold: nan        Mu*_xs: -0.00000   Cv*/N_xs:  nan             E(kJ/mol): nan        P(bar):    nan       
Step:  3319999    NAcc:  3320000    fAcc:  1.000      Maxd:  inf        E*/N:  nan        P*:     nan        P*cold: nan        Mu*_xs: -0.00000   Cv*/N_xs:  nan             E(kJ/mol): nan        P(bar):    nan       
Step:  3339999    NAcc:  3340000    fAcc:  1.000      Maxd:  inf        E*/N:  nan        P*:     nan        P*cold: nan        Mu*_xs: -0.00000   Cv*/N_xs:  nan             E(kJ/mol): nan        P(bar):    nan       
Step:  3359999    NAcc:  3360000    fAcc:  1.000      Maxd:  inf        E*/N:  nan        P*:     nan        P*cold: nan        Mu*_xs: -0.00000   Cv*/N_xs:  nan             E(kJ/mol): nan        P(bar):    nan       
Step:  3379999    NAcc:  3380000    fAcc:  1.000      Maxd:  inf        E*/N:  nan        P*:     nan        P*cold: nan        Mu*_xs: -0.00000   Cv*/N_xs:  nan             E(kJ/mol): nan        P(bar):    nan       
Step:  3399999    NAcc:  3400000    fAcc:  1.000      Maxd:  inf        E*/N:  nan        P*:     nan        P*cold: nan        Mu*_xs: -0.00000   Cv*/N_xs:  nan             E(kJ/mol): nan        P(bar):    nan       
Step:  3419999    NAcc:  3420000    fAcc:  1.000      Maxd:  inf        E*/N:  nan        P*:     nan        P*cold: nan        Mu*_xs: -0.00000   Cv*/N_xs:  nan             E(kJ/mol): nan        P(bar):    nan       
Step:  3439999    NAcc:  3440000    fAcc:  1.000      Maxd:  inf        E*/N:  nan        P*:     nan        P*cold: nan        Mu*_xs: -0.00000   Cv*/N_xs:  nan             E(kJ/mol): nan        P(bar):    nan       
Step:  3459999    NAcc:  3460000    fAcc:  1.000      Maxd:  inf        E*/N:  nan        P*:     nan        P*cold: nan        Mu*_xs: -0.00000   Cv*/N_xs:  nan             E(kJ/mol): nan        P(bar):    nan       
Step:  3479999    NAcc:  3480000    fAcc:  1.000      Maxd:  inf        E*/N:  nan        P*:     nan        P*cold: nan        Mu*_xs: -0.00000   Cv*/N_xs:  nan             E(kJ/mol): nan        P(bar):    nan       
Step:  3499999    NAcc:  3500000    fAcc:  1.000      Maxd:  inf        E*/N:  nan        P*:     nan        P*cold: nan        Mu*_xs: -0.00000   Cv*/N_xs:  nan             E(kJ/mol): nan        P(bar):    nan       
Step:  3519999    NAcc:  3520000    fAcc:  1.000      Maxd:  inf        E*/N:  nan        P*:     nan        P*cold: nan        Mu*_xs: -0.00000   Cv*/N_xs:  nan             E(kJ/mol): nan        P(bar):    nan       
Step:  3539999    NAcc:  3540000    fAcc:  1.000      Maxd:  inf        E*/N:  nan        P*:     nan        P*cold: nan        Mu*_xs: -0.00000   Cv*/N_xs:  nan             E(kJ/mol): nan        P(bar):    nan       
Step:  3559999    NAcc:  3560000    fAcc:  1.000      Maxd:  inf        E*/N:  nan        P*:     nan        P*cold: nan        Mu*_xs: -0.00000   Cv*/N_xs:  nan             E(kJ/mol): nan        P(bar):    nan       
Step:  3579999    NAcc:  3580000    fAcc:  1.000      Maxd:  inf        E*/N:  nan        P*:     nan        P*cold: nan        Mu*_xs: -0.00000   Cv*/N_xs:  nan             E(kJ/mol): nan        P(bar):    nan       
Step:  3599999    NAcc:  3600000    fAcc:  1.000      Maxd:  inf        E*/N:  nan        P*:     nan        P*cold: nan        Mu*_xs: -0.00000   Cv*/N_xs:  nan             E(kJ/mol): nan        P(bar):    nan       
Step:  3619999    NAcc:  3620000    fAcc:  1.000      Maxd:  inf        E*/N:  nan        P*:     nan        P*cold: nan        Mu*_xs: -0.00000   Cv*/N_xs:  nan             E(kJ/mol): nan        P(bar):    nan       
Step:  3639999    NAcc:  3640000    fAcc:  1.000      Maxd:  inf        E*/N:  nan        P*:     nan        P*cold: nan        Mu*_xs: -0.00000   Cv*/N_xs:  nan             E(kJ/mol): nan        P(bar):    nan       
Step:  3659999    NAcc:  3660000    fAcc:  1.000      Maxd:  inf        E*/N:  nan        P*:     nan        P*cold: nan        Mu*_xs: -0.00000   Cv*/N_xs:  nan             E(kJ/mol): nan        P(bar):    nan       
Step:  3679999    NAcc:  3680000    fAcc:  1.000      Maxd:  inf        E*/N:  nan        P*:     nan        P*cold: nan        Mu*_xs: -0.00000   Cv*/N_xs:  nan             E(kJ/mol): nan        P(bar):    nan       
Step:  3699999    NAcc:  3700000    fAcc:  1.000      Maxd:  inf        E*/N:  nan        P*:     nan        P*cold: nan        Mu*_xs: -0.00000   Cv*/N_xs:  nan             E(kJ/mol): nan        P(bar):    nan       
Step:  3719999    NAcc:  3720000    fAcc:  1.000      Maxd:  inf        E*/N:  nan        P*:     nan        P*cold: nan        Mu*_xs: -0.00000   Cv*/N_xs:  nan             E(kJ/mol): nan        P(bar):    nan       
Step:  3739999    NAcc:  3740000    fAcc:  1.000      Maxd:  inf        E*/N:  nan        P*:     nan        P*cold: nan        Mu*_xs: -0.00000   Cv*/N_xs:  nan             E(kJ/mol): nan        P(bar):    nan       
Step:  3759999    NAcc:  3760000    fAcc:  1.000      Maxd:  inf        E*/N:  nan        P*:     nan        P*cold: nan        Mu*_xs: -0.00000   Cv*/N_xs:  nan             E(kJ/mol): nan        P(bar):    nan       
Step:  3779999    NAcc:  3780000    fAcc:  1.000      Maxd:  inf        E*/N:  nan        P*:     nan        P*cold: nan        Mu*_xs: -0.00000   Cv*/N_xs:  nan             E(kJ/mol): nan        P(bar):    nan       
Step:  3799999    NAcc:  3800000    fAcc:  1.000      Maxd:  inf        E*/N:  nan        P*:     nan        P*cold: nan        Mu*_xs: -0.00000   Cv*/N_xs:  nan             E(kJ/mol): nan        P(bar):    nan       
Step:  3819999    NAcc:  3820000    fAcc:  1.000      Maxd:  inf        E*/N:  nan        P*:     nan        P*cold: nan        Mu*_xs: -0.00000   Cv*/N_xs:  nan             E(kJ/mol): nan        P(bar):    nan       
Step:  3839999    NAcc:  3840000    fAcc:  1.000      Maxd:  inf        E*/N:  nan        P*:     nan        P*cold: nan        Mu*_xs: -0.00000   Cv*/N_xs:  nan             E(kJ/mol): nan        P(bar):    nan       
Step:  3859999    NAcc:  3860000    fAcc:  1.000      Maxd:  inf        E*/N:  nan        P*:     nan        P*cold: nan        Mu*_xs: -0.00000   Cv*/N_xs:  nan             E(kJ/mol): nan        P(bar):    nan       
Step:  3879999    NAcc:  3880000    fAcc:  1.000      Maxd:  inf        E*/N:  nan        P*:     nan        P*cold: nan        Mu*_xs: -0.00000   Cv*/N_xs:  nan             E(kJ/mol): nan        P(bar):    nan       
Step:  3899999    NAcc:  3900000    fAcc:  1.000      Maxd:  inf        E*/N:  nan        P*:     nan        P*cold: nan        Mu*_xs: -0.00000   Cv*/N_xs:  nan             E(kJ/mol): nan        P(bar):    nan       
Step:  3919999    NAcc:  3920000    fAcc:  1.000      Maxd:  inf        E*/N:  nan        P*:     nan        P*cold: nan        Mu*_xs: -0.00000   Cv*/N_xs:  nan             E(kJ/mol): nan        P(bar):    nan       
Step:  3939999    NAcc:  3940000    fAcc:  1.000      Maxd:  inf        E*/N:  nan        P*:     nan        P*cold: nan        Mu*_xs: -0.00000   Cv*/N_xs:  nan             E(kJ/mol): nan        P(bar):    nan       
Step:  3959999    NAcc:  3960000    fAcc:  1.000      Maxd:  inf        E*/N:  nan        P*:     nan        P*cold: nan        Mu*_xs: -0.00000   Cv*/N_xs:  nan             E(kJ/mol): nan        P(bar):    nan       
Step:  3979999    NAcc:  3980000    fAcc:  1.000      Maxd:  inf        E*/N:  nan        P*:     nan        P*cold: nan        Mu*_xs: -0.00000   Cv*/N_xs:  nan             E(kJ/mol): nan        P(bar):    nan       
Step:  3999999    NAcc:  4000000    fAcc:  1.000      Maxd:  inf        E*/N:  nan        P*:     nan        P*cold: nan        Mu*_xs: -0.00000   Cv*/N_xs:  nan             E(kJ/mol): nan        P(bar):    nan       
Step:  4019999    NAcc:  4020000    fAcc:  1.000      Maxd:  inf        E*/N:  nan        P*:     nan        P*cold: nan        Mu*_xs: -0.00000   Cv*/N_xs:  nan             E(kJ/mol): nan        P(bar):    nan       
Step:  4039999    NAcc:  4040000    fAcc:  1.000      Maxd:  inf        E*/N:  nan        P*:     nan        P*cold: nan        Mu*_xs: -0.00000   Cv*/N_xs:  nan             E(kJ/mol): nan        P(bar):    nan       
Step:  4059999    NAcc:  4060000    fAcc:  1.000      Maxd:  inf        E*/N:  nan        P*:     nan        P*cold: nan        Mu*_xs: -0.00000   Cv*/N_xs:  nan             E(kJ/mol): nan        P(bar):    nan       
Step:  4079999    NAcc:  4080000    fAcc:  1.000      Maxd:  inf        E*/N:  nan        P*:     nan        P*cold: nan        Mu*_xs: -0.00000   Cv*/N_xs:  nan             E(kJ/mol): nan        P(bar):    nan       
Step:  4099999    NAcc:  4100000    fAcc:  1.000      Maxd:  inf        E*/N:  nan        P*:     nan        P*cold: nan        Mu*_xs: -0.00000   Cv*/N_xs:  nan             E(kJ/mol): nan        P(bar):    nan       
Step:  4119999    NAcc:  4120000    fAcc:  1.000      Maxd:  inf        E*/N:  nan        P*:     nan        P*cold: nan        Mu*_xs: -0.00000   Cv*/N_xs:  nan             E(kJ/mol): nan        P(bar):    nan       
Step:  4139999    NAcc:  4140000    fAcc:  1.000      Maxd:  inf        E*/N:  nan        P*:     nan        P*cold: nan        Mu*_xs: -0.00000   Cv*/N_xs:  nan             E(kJ/mol): nan        P(bar):    nan       
Step:  4159999    NAcc:  4160000    fAcc:  1.000      Maxd:  inf        E*/N:  nan        P*:     nan        P*cold: nan        Mu*_xs: -0.00000   Cv*/N_xs:  nan             E(kJ/mol): nan        P(bar):    nan       
Step:  4179999    NAcc:  4180000    fAcc:  1.000      Maxd:  inf        E*/N:  nan        P*:     nan        P*cold: nan        Mu*_xs: -0.00000   Cv*/N_xs:  nan             E(kJ/mol): nan        P(bar):    nan       
Step:  4199999    NAcc:  4200000    fAcc:  1.000      Maxd:  inf        E*/N:  nan        P*:     nan        P*cold: nan        Mu*_xs: -0.00000   Cv*/N_xs:  nan             E(kJ/mol): nan        P(bar):    nan       
Step:  4219999    NAcc:  4220000    fAcc:  1.000      Maxd:  inf        E*/N:  nan        P*:     nan        P*cold: nan        Mu*_xs: -0.00000   Cv*/N_xs:  nan             E(kJ/mol): nan        P(bar):    nan       
Step:  4239999    NAcc:  4240000    fAcc:  1.000      Maxd:  inf        E*/N:  nan        P*:     nan        P*cold: nan        Mu*_xs: -0.00000   Cv*/N_xs:  nan             E(kJ/mol): nan        P(bar):    nan       
Step:  4259999    NAcc:  4260000    fAcc:  1.000      Maxd:  inf        E*/N:  nan        P*:     nan        P*cold: nan        Mu*_xs: -0.00000   Cv*/N_xs:  nan             E(kJ/mol): nan        P(bar):    nan       
Step:  4279999    NAcc:  4280000    fAcc:  1.000      Maxd:  inf        E*/N:  nan        P*:     nan        P*cold: nan        Mu*_xs: -0.00000   Cv*/N_xs:  nan             E(kJ/mol): nan        P(bar):    nan       
Step:  4299999    NAcc:  4300000    fAcc:  1.000      Maxd:  inf        E*/N:  nan        P*:     nan        P*cold: nan        Mu*_xs: -0.00000   Cv*/N_xs:  nan             E(kJ/mol): nan        P(bar):    nan       
Step:  4319999    NAcc:  4320000    fAcc:  1.000      Maxd:  inf        E*/N:  nan        P*:     nan        P*cold: nan        Mu*_xs: -0.00000   Cv*/N_xs:  nan             E(kJ/mol): nan        P(bar):    nan       
Step:  4339999    NAcc:  4340000    fAcc:  1.000      Maxd:  inf        E*/N:  nan        P*:     nan        P*cold: nan        Mu*_xs: -0.00000   Cv*/N_xs:  nan             E(kJ/mol): nan        P(bar):    nan       
Step:  4359999    NAcc:  4360000    fAcc:  1.000      Maxd:  inf        E*/N:  nan        P*:     nan        P*cold: nan        Mu*_xs: -0.00000   Cv*/N_xs:  nan             E(kJ/mol): nan        P(bar):    nan       
Step:  4379999    NAcc:  4380000    fAcc:  1.000      Maxd:  inf        E*/N:  nan        P*:     nan        P*cold: nan        Mu*_xs: -0.00000   Cv*/N_xs:  nan             E(kJ/mol): nan        P(bar):    nan       
Step:  4399999    NAcc:  4400000    fAcc:  1.000      Maxd:  inf        E*/N:  nan        P*:     nan        P*cold: nan        Mu*_xs: -0.00000   Cv*/N_xs:  nan             E(kJ/mol): nan        P(bar):    nan       
Step:  4419999    NAcc:  4420000    fAcc:  1.000      Maxd:  inf        E*/N:  nan        P*:     nan        P*cold: nan        Mu*_xs: -0.00000   Cv*/N_xs:  nan             E(kJ/mol): nan        P(bar):    nan       
Step:  4439999    NAcc:  4440000    fAcc:  1.000      Maxd:  inf        E*/N:  nan        P*:     nan        P*cold: nan        Mu*_xs: -0.00000   Cv*/N_xs:  nan             E(kJ/mol): nan        P(bar):    nan       
Step:  4459999    NAcc:  4460000    fAcc:  1.000      Maxd:  inf        E*/N:  nan        P*:     nan        P*cold: nan        Mu*_xs: -0.00000   Cv*/N_xs:  nan             E(kJ/mol): nan        P(bar):    nan       
Step:  4479999    NAcc:  4480000    fAcc:  1.000      Maxd:  inf        E*/N:  nan        P*:     nan        P*cold: nan        Mu*_xs: -0.00000   Cv*/N_xs:  nan             E(kJ/mol): nan        P(bar):    nan       
Step:  4499999    NAcc:  4500000    fAcc:  1.000      Maxd:  inf        E*/N:  nan        P*:     nan        P*cold: nan        Mu*_xs: -0.00000   Cv*/N_xs:  nan             E(kJ/mol): nan        P(bar):    nan       
Step:  4519999    NAcc:  4520000    fAcc:  1.000      Maxd:  inf        E*/N:  nan        P*:     nan        P*cold: nan        Mu*_xs: -0.00000   Cv*/N_xs:  nan             E(kJ/mol): nan        P(bar):    nan       
Step:  4539999    NAcc:  4540000    fAcc:  1.000      Maxd:  inf        E*/N:  nan        P*:     nan        P*cold: nan        Mu*_xs: -0.00000   Cv*/N_xs:  nan             E(kJ/mol): nan        P(bar):    nan       
Step:  4559999    NAcc:  4560000    fAcc:  1.000      Maxd:  inf        E*/N:  nan        P*:     nan        P*cold: nan        Mu*_xs: -0.00000   Cv*/N_xs:  nan             E(kJ/mol): nan        P(bar):    nan       
Step:  4579999    NAcc:  4580000    fAcc:  1.000      Maxd:  inf        E*/N:  nan        P*:     nan        P*cold: nan        Mu*_xs: -0.00000   Cv*/N_xs:  nan             E(kJ/mol): nan        P(bar):    nan       
Step:  4599999    NAcc:  4600000    fAcc:  1.000      Maxd:  inf        E*/N:  nan        P*:     nan        P*cold: nan        Mu*_xs: -0.00000   Cv*/N_xs:  nan             E(kJ/mol): nan        P(bar):    nan       
Step:  4619999    NAcc:  4620000    fAcc:  1.000      Maxd:  inf        E*/N:  nan        P*:     nan        P*cold: nan        Mu*_xs: -0.00000   Cv*/N_xs:  nan             E(kJ/mol): nan        P(bar):    nan       
Step:  4639999    NAcc:  4640000    fAcc:  1.000      Maxd:  inf        E*/N:  nan        P*:     nan        P*cold: nan        Mu*_xs: -0.00000   Cv*/N_xs:  nan             E(kJ/mol): nan        P(bar):    nan       
Step:  4659999    NAcc:  4660000    fAcc:  1.000      Maxd:  inf        E*/N:  nan        P*:     nan        P*cold: nan        Mu*_xs: -0.00000   Cv*/N_xs:  nan             E(kJ/mol): nan        P(bar):    nan       
Step:  4679999    NAcc:  4680000    fAcc:  1.000      Maxd:  inf        E*/N:  nan        P*:     nan        P*cold: nan        Mu*_xs: -0.00000   Cv*/N_xs:  nan             E(kJ/mol): nan        P(bar):    nan       
Step:  4699999    NAcc:  4700000    fAcc:  1.000      Maxd:  inf        E*/N:  nan        P*:     nan        P*cold: nan        Mu*_xs: -0.00000   Cv*/N_xs:  nan             E(kJ/mol): nan        P(bar):    nan       
Step:  4719999    NAcc:  4720000    fAcc:  1.000      Maxd:  inf        E*/N:  nan        P*:     nan        P*cold: nan        Mu*_xs: -0.00000   Cv*/N_xs:  nan             E(kJ/mol): nan        P(bar):    nan       
Step:  4739999    NAcc:  4740000    fAcc:  1.000      Maxd:  inf        E*/N:  nan        P*:     nan        P*cold: nan        Mu*_xs: -0.00000   Cv*/N_xs:  nan             E(kJ/mol): nan        P(bar):    nan       
Step:  4759999    NAcc:  4760000    fAcc:  1.000      Maxd:  inf        E*/N:  nan        P*:     nan        P*cold: nan        Mu*_xs: -0.00000   Cv*/N_xs:  nan             E(kJ/mol): nan        P(bar):    nan       
Step:  4779999    NAcc:  4780000    fAcc:  1.000      Maxd:  inf        E*/N:  nan        P*:     nan        P*cold: nan        Mu*_xs: -0.00000   Cv*/N_xs:  nan             E(kJ/mol): nan        P(bar):    nan       
Step:  4799999    NAcc:  4800000    fAcc:  1.000      Maxd:  inf        E*/N:  nan        P*:     nan        P*cold: nan        Mu*_xs: -0.00000   Cv*/N_xs:  nan             E(kJ/mol): nan        P(bar):    nan       
Step:  4819999    NAcc:  4820000    fAcc:  1.000      Maxd:  inf        E*/N:  nan        P*:     nan        P*cold: nan        Mu*_xs: -0.00000   Cv*/N_xs:  nan             E(kJ/mol): nan        P(bar):    nan       
Step:  4839999    NAcc:  4840000    fAcc:  1.000      Maxd:  inf        E*/N:  nan        P*:     nan        P*cold: nan        Mu*_xs: -0.00000   Cv*/N_xs:  nan             E(kJ/mol): nan        P(bar):    nan       
Step:  4859999    NAcc:  4860000    fAcc:  1.000      Maxd:  inf        E*/N:  nan        P*:     nan        P*cold: nan        Mu*_xs: -0.00000   Cv*/N_xs:  nan             E(kJ/mol): nan        P(bar):    nan       
Step:  4879999    NAcc:  4880000    fAcc:  1.000      Maxd:  inf        E*/N:  nan        P*:     nan        P*cold: nan        Mu*_xs: -0.00000   Cv*/N_xs:  nan             E(kJ/mol): nan        P(bar):    nan       
Step:  4899999    NAcc:  4900000    fAcc:  1.000      Maxd:  inf        E*/N:  nan        P*:     nan        P*cold: nan        Mu*_xs: -0.00000   Cv*/N_xs:  nan             E(kJ/mol): nan        P(bar):    nan       
Step:  4919999    NAcc:  4920000    fAcc:  1.000      Maxd:  inf        E*/N:  nan        P*:     nan        P*cold: nan        Mu*_xs: -0.00000   Cv*/N_xs:  nan             E(kJ/mol): nan        P(bar):    nan       
Step:  4939999    NAcc:  4940000    fAcc:  1.000      Maxd:  inf        E*/N:  nan        P*:     nan        P*cold: nan        Mu*_xs: -0.00000   Cv*/N_xs:  nan             E(kJ/mol): nan        P(bar):    nan       
Step:  4959999    NAcc:  4960000    fAcc:  1.000      Maxd:  inf        E*/N:  nan        P*:     nan        P*cold: nan        Mu*_xs: -0.00000   Cv*/N_xs:  nan             E(kJ/mol): nan        P(bar):    nan       
Step:  4979999    NAcc:  4980000    fAcc:  1.000      Maxd:  inf        E*/N:  nan        P*:     nan        P*cold: nan        Mu*_xs: -0.00000   Cv*/N_xs:  nan             E(kJ/mol): nan        P(bar):    nan       
Step:  4999999    NAcc:  5000000    fAcc:  1.000      Maxd:  inf        E*/N:  nan        P*:     nan        P*cold: nan        Mu*_xs: -0.00000   Cv*/N_xs:  nan             E(kJ/mol): nan        P(bar):    nan       
# Computed average properties: 
 # E*/N:  nan       
 # P*:     nan       
 # Cv*/N_xs:   nan            
 # Mu_xs:  -0.00000  
