# Number of atoms:       500
# Atom type:             Ar
# Molar Mass (g/mol):    39.948
# Density (g/cm^3):      0.337669
# LJ sigma (Angstrom):   3.4
# LJ epsilon/kB (K):     120
# LJ cutoff (Angstrom):  13.6
# LJ cutoff (sigma):     4
# Temperature (K):       144
# Number MC steps:       5e+06
# Output frequency:      20000
# Num. den. (atoms/Ang): 0.00508854
# Box length (x):        46.1451
# Box length (y):        46.1451
# Box length (z):        46.1451
# Init. spacing (Ang):   5.12723
# reduc. density (rho*): 0.2
# reduc. temp (T*):      1.2
Step:  19999      NAcc:  10000      fAcc:  0.500      Maxd:  0.56446    E*/N:  -1.56802   P*:     nan        P*cold: nan        Mu*_xs: -0.00000   Cv*/N_xs:  0.00000         E(kJ/mol): -1.564     P(bar):    0.091     
Step:  39999      NAcc:  20002      fAcc:  0.500      Maxd:  1.35009    E*/N:  -1.57140   P*:     nan        P*cold: nan        Mu*_xs: -0.00000   Cv*/N_xs:  0.00000         E(kJ/mol): -1.567     P(bar):    0.083     
Step:  59999      NAcc:  30001      fAcc:  0.500      Maxd:  1.56982    E*/N:  -1.59963   P*:     nan        P*cold: nan        Mu*_xs: -0.00000   Cv*/N_xs:  0.00000         E(kJ/mol): -1.595     P(bar):    0.123     
Step:  79999      NAcc:  40000      fAcc:  0.500      Maxd:  0.42461    E*/N:  -1.47870   P*:     nan        P*cold: nan        Mu*_xs: -0.00000   Cv*/N_xs:  0.00000         E(kJ/mol): -1.475     P(bar):    0.075     
Step:  99999      NAcc:  50001      fAcc:  0.500      Maxd:  0.54451    E*/N:  -1.57215   P*:     nan        P*cold: nan        Mu*_xs: -0.00000   Cv*/N_xs:  0.00000         E(kJ/mol): -1.568     P(bar):    0.082     
Step:  119999     NAcc:  60000      fAcc:  0.500      Maxd:  1.79589    E*/N:  -1.65168   P*:     nan        P*cold: nan        Mu*_xs: -0.00000   Cv*/N_xs:  0.00000         E(kJ/mol): -1.647     P(bar):    0.131     
Step:  139999     NAcc:  70001      fAcc:  0.500      Maxd:  0.66250    E*/N:  -1.71196   P*:     nan        P*cold: nan        Mu*_xs: -0.00000   Cv*/N_xs:  0.00000         E(kJ/mol): -1.707     P(bar):    0.100     
Step:  159999     NAcc:  79998      fAcc:  0.500      Maxd:  1.11037    E*/N:  -1.75254   P*:     nan        P*cold: nan        Mu*_xs: -0.00000   Cv*/N_xs:  0.00000         E(kJ/mol): -1.748     P(bar):    0.088     
Step:  179999     NAcc:  89999      fAcc:  0.500      Maxd:  0.40421    E*/N:  -1.64674   P*:     nan        P*cold: nan        Mu*_xs: -0.00000   Cv*/N_xs:  0.00000         E(kJ/mol): -1.642     P(bar):    0.133     
Step:  199999     NAcc:  100000     fAcc:  0.500      Maxd:  0.37104    E*/N:  -1.68041   P*:     nan        P*cold: nan        Mu*_xs: -0.00000   Cv*/N_xs:  0.00000         E(kJ/mol): -1.676     P(bar):    0.097     
Step:  219999     NAcc:  110003     fAcc:  0.500      Maxd:  2.28764    E*/N:  -1.62524   P*:     nan        P*cold: nan        Mu*_xs: -0.00000   Cv*/N_xs:  0.00000         E(kJ/mol): -1.621     P(bar):    0.093     
Step:  239999     NAcc:  120002     fAcc:  0.500      Maxd:  1.21857    E*/N:  -1.60699   P*:     nan        P*cold: nan        Mu*_xs: -0.00000   Cv*/N_xs:  0.00000         E(kJ/mol): -1.603     P(bar):    0.069     
Step:  259999     NAcc:  130002     fAcc:  0.500      Maxd:  0.80450    E*/N:  -1.61898   P*:     nan        P*cold: nan        Mu*_xs: -0.00000   Cv*/N_xs:  0.00000         E(kJ/mol): -1.615     P(bar):    0.101     
Step:  279999     NAcc:  139999     fAcc:  0.500      Maxd:  0.43209    E*/N:  -1.73061   P*:     nan        P*cold: nan        Mu*_xs: -0.00000   Cv*/N_xs:  0.00000         E(kJ/mol): -1.726     P(bar):    0.077     
Step:  299999     NAcc:  150001     fAcc:  0.500      Maxd:  5.12312    E*/N:  -1.65825   P*:     nan        P*cold: nan        Mu*_xs: -0.00000   Cv*/N_xs:  0.00000         E(kJ/mol): -1.654     P(bar):    0.121     
Step:  319999     NAcc:  159994     fAcc:  0.500      Maxd:  0.37745    E*/N:  -1.60050   P*:     nan        P*cold: nan        Mu*_xs: -0.00000   Cv*/N_xs:  0.00000         E(kJ/mol): -1.596     P(bar):    0.080     
Step:  339999     NAcc:  170002     fAcc:  0.500      Maxd:  6.82133    E*/N:  -1.60544   P*:     nan        P*cold: nan        Mu*_xs: -0.00000   Cv*/N_xs:  0.00000         E(kJ/mol): -1.601     P(bar):    0.083     
Step:  359999     NAcc:  179999     fAcc:  0.500      Maxd:  10.63720   E*/N:  -1.68679   P*:     nan        P*cold: nan        Mu*_xs: -0.00000   Cv*/N_xs:  0.00000         E(kJ/mol): -1.682     P(bar):    0.059     
Step:  379999     NAcc:  190002     fAcc:  0.500      Maxd:  5.04203    E*/N:  -1.66698   P*:     nan        P*cold: nan        Mu*_xs: -0.00000   Cv*/N_xs:  0.00000         E(kJ/mol): -1.663     P(bar):    0.107     
Step:  399999     NAcc:  200000     fAcc:  0.500      Maxd:  4.60396    E*/N:  -1.71513   P*:     nan        P*cold: nan        Mu*_xs: -0.00000   Cv*/N_xs:  0.00000         E(kJ/mol): -1.711     P(bar):    0.049     
Step:  419999     NAcc:  210000     fAcc:  0.500      Maxd:  5.01702    E*/N:  -1.74233   P*:     nan        P*cold: nan        Mu*_xs: -0.00000   Cv*/N_xs:  0.00000         E(kJ/mol): -1.738     P(bar):    0.080     
Step:  439999     NAcc:  219999     fAcc:  0.500      Maxd:  0.99277    E*/N:  -1.83200   P*:     nan        P*cold: nan        Mu*_xs: -0.00000   Cv*/N_xs:  0.00000         E(kJ/mol): -1.827     P(bar):    0.024     
Step:  459999     NAcc:  229999     fAcc:  0.500      Maxd:  0.42775    E*/N:  -1.77690   P*:     nan        P*cold: nan        Mu*_xs: -0.00000   Cv*/N_xs:  0.00000         E(kJ/mol): -1.772     P(bar):    0.083     
Step:  479999     NAcc:  240003     fAcc:  0.500      Maxd:  2.64524    E*/N:  -1.72473   P*:     nan        P*cold: nan        Mu*_xs: -0.00000   Cv*/N_xs:  0.00000         E(kJ/mol): -1.720     P(bar):    0.110     
Step:  499999     NAcc:  250001     fAcc:  0.500      Maxd:  3.69089    E*/N:  -1.73483   P*:     nan        P*cold: nan        Mu*_xs: -0.00000   Cv*/N_xs:  0.00000         E(kJ/mol): -1.730     P(bar):    0.045     
Step:  519999     NAcc:  260001     fAcc:  0.500      Maxd:  3.08969    E*/N:  -1.71561   P*:     nan        P*cold: nan        Mu*_xs: -0.00000   Cv*/N_xs:  0.00000         E(kJ/mol): -1.711     P(bar):    0.077     
Step:  539999     NAcc:  270004     fAcc:  0.500      Maxd:  4.76885    E*/N:  -1.69888   P*:     nan        P*cold: nan        Mu*_xs: -0.00000   Cv*/N_xs:  0.00000         E(kJ/mol): -1.694     P(bar):    0.076     
Step:  559999     NAcc:  279998     fAcc:  0.500      Maxd:  7.60988    E*/N:  -1.71753   P*:     nan        P*cold: nan        Mu*_xs: -0.00000   Cv*/N_xs:  0.00000         E(kJ/mol): -1.713     P(bar):    0.027     
Step:  579999     NAcc:  290002     fAcc:  0.500      Maxd:  21.96798   E*/N:  -1.69084   P*:     nan        P*cold: nan        Mu*_xs: -0.00000   Cv*/N_xs:  0.00000         E(kJ/mol): -1.686     P(bar):    0.094     
Step:  599999     NAcc:  299999     fAcc:  0.500      Maxd:  1.62786    E*/N:  -1.68464   P*:     nan        P*cold: nan        Mu*_xs: -0.00000   Cv*/N_xs:  0.00000         E(kJ/mol): -1.680     P(bar):    0.094     
Step:  619999     NAcc:  309996     fAcc:  0.500      Maxd:  1.35487    E*/N:  -1.67444   P*:     nan        P*cold: nan        Mu*_xs: -0.00000   Cv*/N_xs:  0.00000         E(kJ/mol): -1.670     P(bar):    0.128     
Step:  639999     NAcc:  320001     fAcc:  0.500      Maxd:  0.54696    E*/N:  -1.63556   P*:     nan        P*cold: nan        Mu*_xs: -0.00000   Cv*/N_xs:  0.00000         E(kJ/mol): -1.631     P(bar):    0.081     
Step:  659999     NAcc:  330000     fAcc:  0.500      Maxd:  0.37101    E*/N:  -1.59256   P*:     nan        P*cold: nan        Mu*_xs: -0.00000   Cv*/N_xs:  0.00000         E(kJ/mol): -1.588     P(bar):    0.097     
Step:  679999     NAcc:  340001     fAcc:  0.500      Maxd:  14.83864   E*/N:  -1.57980   P*:     nan        P*cold: nan        Mu*_xs: -0.00000   Cv*/N_xs:  0.00000         E(kJ/mol): -1.576     P(bar):    0.119     
Step:  699999     NAcc:  350000     fAcc:  0.500      Maxd:  0.43694    E*/N:  -1.59691   P*:     nan        P*cold: nan        Mu*_xs: -0.00000   Cv*/N_xs:  0.00000         E(kJ/mol): -1.593     P(bar):    0.120     
Step:  719999     NAcc:  359998     fAcc:  0.500      Maxd:  0.68393    E*/N:  -1.65399   P*:     nan        P*cold: nan        Mu*_xs: -0.00000   Cv*/N_xs:  0.00000         E(kJ/mol): -1.650     P(bar):    0.089     
Step:  739999     NAcc:  370002     fAcc:  0.500      Maxd:  1.60459    E*/N:  -1.64674   P*:     nan        P*cold: nan        Mu*_xs: -0.00000   Cv*/N_xs:  0.00000         E(kJ/mol): -1.642     P(bar):    0.070     
Step:  759999     NAcc:  380001     fAcc:  0.500      Maxd:  0.66171    E*/N:  -1.66131   P*:     nan        P*cold: nan        Mu*_xs: -0.00000   Cv*/N_xs:  0.00000         E(kJ/mol): -1.657     P(bar):    0.088     
Step:  779999     NAcc:  390001     fAcc:  0.500      Maxd:  0.58325    E*/N:  -1.66128   P*:     nan        P*cold: nan        Mu*_xs: -0.00000   Cv*/N_xs:  0.00000         E(kJ/mol): -1.657     P(bar):    0.055     
Step:  799999     NAcc:  399999     fAcc:  0.500      Maxd:  0.55909    E*/N:  -1.60765   P*:     nan        P*cold: nan        Mu*_xs: -0.00000   Cv*/N_xs:  0.00000         E(kJ/mol): -1.603     P(bar):    0.059     
Step:  819999     NAcc:  409999     fAcc:  0.500      Maxd:  0.98051    E*/N:  -1.66087   P*:     nan        P*cold: nan        Mu*_xs: -0.00000   Cv*/N_xs:  0.00000         E(kJ/mol): -1.657     P(bar):    0.069     
Step:  839999     NAcc:  420000     fAcc:  0.500      Maxd:  0.37574    E*/N:  -1.55141   P*:     nan        P*cold: nan        Mu*_xs: -0.00000   Cv*/N_xs:  0.00000         E(kJ/mol): -1.547     P(bar):    0.100     
Step:  859999     NAcc:  429999     fAcc:  0.500      Maxd:  0.42290    E*/N:  -1.62598   P*:     nan        P*cold: nan        Mu*_xs: -0.00000   Cv*/N_xs:  0.00000         E(kJ/mol): -1.622     P(bar):    0.069     
Step:  879999     NAcc:  440000     fAcc:  0.500      Maxd:  0.64574    E*/N:  -1.56579   P*:     nan        P*cold: nan        Mu*_xs: -0.00000   Cv*/N_xs:  0.00000         E(kJ/mol): -1.562     P(bar):    0.080     
Step:  899999     NAcc:  450000     fAcc:  0.500      Maxd:  0.38442    E*/N:  -1.50651   P*:     nan        P*cold: nan        Mu*_xs: -0.00000   Cv*/N_xs:  0.00000         E(kJ/mol): -1.503     P(bar):    0.073     
Step:  919999     NAcc:  460001     fAcc:  0.500      Maxd:  1.89093    E*/N:  -1.54164   P*:     nan        P*cold: nan        Mu*_xs: -0.00000   Cv*/N_xs:  0.00000         E(kJ/mol): -1.538     P(bar):    0.106     
Step:  939999     NAcc:  469999     fAcc:  0.500      Maxd:  3.26269    E*/N:  -1.59843   P*:     nan        P*cold: nan        Mu*_xs: -0.00000   Cv*/N_xs:  0.00000         E(kJ/mol): -1.594     P(bar):    0.077     
Step:  959999     NAcc:  480002     fAcc:  0.500      Maxd:  3.73242    E*/N:  -1.57869   P*:     nan        P*cold: nan        Mu*_xs: -0.00000   Cv*/N_xs:  0.00000         E(kJ/mol): -1.575     P(bar):    0.117     
Step:  979999     NAcc:  489999     fAcc:  0.500      Maxd:  6.28550    E*/N:  -1.67343   P*:     nan        P*cold: nan        Mu*_xs: -0.00000   Cv*/N_xs:  0.00000         E(kJ/mol): -1.669     P(bar):    0.074     
Step:  999999     NAcc:  500000     fAcc:  0.500      Maxd:  0.37448    E*/N:  -1.55850   P*:     nan        P*cold: nan        Mu*_xs: -0.00000   Cv*/N_xs:  0.00000         E(kJ/mol): -1.554     P(bar):    0.043     
Step:  1019999    NAcc:  510001     fAcc:  0.500      Maxd:  2.91882    E*/N:  -1.68825   P*:     nan        P*cold: nan        Mu*_xs: -0.00000   Cv*/N_xs:  0.00000         E(kJ/mol): -1.684     P(bar):    0.062     
Step:  1039999    NAcc:  520002     fAcc:  0.500      Maxd:  2.30662    E*/N:  -1.61258   P*:     nan        P*cold: nan        Mu*_xs: -0.00000   Cv*/N_xs:  0.00000         E(kJ/mol): -1.608     P(bar):    0.091     
Step:  1059999    NAcc:  530001     fAcc:  0.500      Maxd:  13.14273   E*/N:  -1.60577   P*:     nan        P*cold: nan        Mu*_xs: -0.00000   Cv*/N_xs:  0.00000         E(kJ/mol): -1.602     P(bar):    0.050     
Step:  1079999    NAcc:  540002     fAcc:  0.500      Maxd:  0.94957    E*/N:  -1.54443   P*:     nan        P*cold: nan        Mu*_xs: -0.00000   Cv*/N_xs:  0.00000         E(kJ/mol): -1.540     P(bar):    0.069     
Step:  1099999    NAcc:  550003     fAcc:  0.500      Maxd:  5.43903    E*/N:  -1.67615   P*:     nan        P*cold: nan        Mu*_xs: -0.00000   Cv*/N_xs:  0.00000         E(kJ/mol): -1.672     P(bar):    0.059     
Step:  1119999    NAcc:  559999     fAcc:  0.500      Maxd:  1.15446    E*/N:  -1.59336   P*:     nan        P*cold: nan        Mu*_xs: -0.00000   Cv*/N_xs:  0.00000         E(kJ/mol): -1.589     P(bar):    0.074     
Step:  1139999    NAcc:  570001     fAcc:  0.500      Maxd:  2.52384    E*/N:  -1.57490   P*:     nan        P*cold: nan        Mu*_xs: -0.00000   Cv*/N_xs:  0.00000         E(kJ/mol): -1.571     P(bar):    0.117     
Step:  1159999    NAcc:  579999     fAcc:  0.500      Maxd:  0.44877    E*/N:  -1.59027   P*:     nan        P*cold: nan        Mu*_xs: -0.00000   Cv*/N_xs:  0.00000         E(kJ/mol): -1.586     P(bar):    0.078     
Step:  1179999    NAcc:  589998     fAcc:  0.500      Maxd:  2.03999    E*/N:  -1.64576   P*:     nan        P*cold: nan        Mu*_xs: -0.00000   Cv*/N_xs:  0.00000         E(kJ/mol): -1.641     P(bar):    0.123     
Step:  1199999    NAcc:  600001     fAcc:  0.500      Maxd:  1.30072    E*/N:  -1.71829   P*:     nan        P*cold: nan        Mu*_xs: -0.00000   Cv*/N_xs:  0.00000         E(kJ/mol): -1.714     P(bar):    0.084     
Step:  1219999    NAcc:  610000     fAcc:  0.500      Maxd:  12.91624   E*/N:  -1.65100   P*:     nan        P*cold: nan        Mu*_xs: -0.00000   Cv*/N_xs:  0.00000         E(kJ/mol): -1.647     P(bar):    0.067     
Step:  1239999    NAcc:  619999     fAcc:  0.500      Maxd:  4.35614    E*/N:  -1.71898   P*:     nan        P*cold: nan        Mu*_xs: -0.00000   Cv*/N_xs:  0.00000         E(kJ/mol): -1.714     P(bar):    0.089     
Step:  1259999    NAcc:  630000     fAcc:  0.500      Maxd:  1.73409    E*/N:  -1.76948   P*:     nan        P*cold: nan        Mu*_xs: -0.00000   Cv*/N_xs:  0.00000         E(kJ/mol): -1.765     P(bar):    0.056     
Step:  1279999    NAcc:  639998     fAcc:  0.500      Maxd:  0.84449    E*/N:  -1.72213   P*:     nan        P*cold: nan        Mu*_xs: -0.00000   Cv*/N_xs:  0.00000         E(kJ/mol): -1.718     P(bar):    0.059     
Step:  1299999    NAcc:  650001     fAcc:  0.500      Maxd:  1.29986    E*/N:  -1.68520   P*:     nan        P*cold: nan        Mu*_xs: -0.00000   Cv*/N_xs:  0.00000         E(kJ/mol): -1.681     P(bar):    0.100     
Step:  1319999    NAcc:  660001     fAcc:  0.500      Maxd:  0.92420    E*/N:  -1.72966   P*:     nan        P*cold: nan        Mu*_xs: -0.00000   Cv*/N_xs:  0.00000         E(kJ/mol): -1.725     P(bar):    0.055     
Step:  1339999    NAcc:  670001     fAcc:  0.500      Maxd:  0.88127    E*/N:  -1.63702   P*:     nan        P*cold: nan        Mu*_xs: -0.00000   Cv*/N_xs:  0.00000         E(kJ/mol): -1.633     P(bar):    0.089     
Step:  1359999    NAcc:  680001     fAcc:  0.500      Maxd:  0.61446    E*/N:  -1.66708   P*:     nan        P*cold: nan        Mu*_xs: -0.00000   Cv*/N_xs:  0.00000         E(kJ/mol): -1.663     P(bar):    0.068     
Step:  1379999    NAcc:  689999     fAcc:  0.500      Maxd:  0.42035    E*/N:  -1.72222   P*:     nan        P*cold: nan        Mu*_xs: -0.00000   Cv*/N_xs:  0.00000         E(kJ/mol): -1.718     P(bar):    0.080     
Step:  1399999    NAcc:  700000     fAcc:  0.500      Maxd:  0.39033    E*/N:  -1.70518   P*:     nan        P*cold: nan        Mu*_xs: -0.00000   Cv*/N_xs:  0.00000         E(kJ/mol): -1.701     P(bar):    0.111     
Step:  1419999    NAcc:  710000     fAcc:  0.500      Maxd:  0.40741    E*/N:  -1.73655   P*:     nan        P*cold: nan        Mu*_xs: -0.00000   Cv*/N_xs:  0.00000         E(kJ/mol): -1.732     P(bar):    0.067     
Step:  1439999    NAcc:  719994     fAcc:  0.500      Maxd:  1.30819    E*/N:  -1.60355   P*:     nan        P*cold: nan        Mu*_xs: -0.00000   Cv*/N_xs:  0.00000         E(kJ/mol): -1.599     P(bar):    0.076     
Step:  1459999    NAcc:  730000     fAcc:  0.500      Maxd:  0.60323    E*/N:  -1.68033   P*:     nan        P*cold: nan        Mu*_xs: -0.00000   Cv*/N_xs:  0.00000         E(kJ/mol): -1.676     P(bar):    0.090     
Step:  1479999    NAcc:  740000     fAcc:  0.500      Maxd:  9.96934    E*/N:  -1.64343   P*:     nan        P*cold: nan        Mu*_xs: -0.00000   Cv*/N_xs:  0.00000         E(kJ/mol): -1.639     P(bar):    0.126     
Step:  1499999    NAcc:  749999     fAcc:  0.500      Maxd:  5.90388    E*/N:  -1.64854   P*:     nan        P*cold: nan        Mu*_xs: -0.00000   Cv*/N_xs:  0.00000         E(kJ/mol): -1.644     P(bar):    0.047     
Step:  1519999    NAcc:  759999     fAcc:  0.500      Maxd:  5.43430    E*/N:  -1.63943   P*:     nan        P*cold: nan        Mu*_xs: -0.00000   Cv*/N_xs:  0.00000         E(kJ/mol): -1.635     P(bar):    0.099     
Step:  1539999    NAcc:  769999     fAcc:  0.500      Maxd:  5.63961    E*/N:  -1.62735   P*:     nan        P*cold: nan        Mu*_xs: -0.00000   Cv*/N_xs:  0.00000         E(kJ/mol): -1.623     P(bar):    0.117     
Step:  1559999    NAcc:  780000     fAcc:  0.500      Maxd:  0.37561    E*/N:  -1.62314   P*:     nan        P*cold: nan        Mu*_xs: -0.00000   Cv*/N_xs:  0.00000         E(kJ/mol): -1.619     P(bar):    0.086     
Step:  1579999    NAcc:  790001     fAcc:  0.500      Maxd:  5.26842    E*/N:  -1.65992   P*:     nan        P*cold: nan        Mu*_xs: -0.00000   Cv*/N_xs:  0.00000         E(kJ/mol): -1.656     P(bar):    0.087     
Step:  1599999    NAcc:  800002     fAcc:  0.500      Maxd:  5.31890    E*/N:  -1.66853   P*:     nan        P*cold: nan        Mu*_xs: -0.00000   Cv*/N_xs:  0.00000         E(kJ/mol): -1.664     P(bar):    0.126     
Step:  1619999    NAcc:  810001     fAcc:  0.500      Maxd:  0.62407    E*/N:  -1.63062   P*:     nan        P*cold: nan        Mu*_xs: -0.00000   Cv*/N_xs:  0.00000         E(kJ/mol): -1.626     P(bar):    0.041     
Step:  1639999    NAcc:  820000     fAcc:  0.500      Maxd:  4.78562    E*/N:  -1.66725   P*:     nan        P*cold: nan        Mu*_xs: -0.00000   Cv*/N_xs:  0.00000         E(kJ/mol): -1.663     P(bar):    0.074     
Step:  1659999    NAcc:  830002     fAcc:  0.500      Maxd:  1.75614    E*/N:  -1.65702   P*:     nan        P*cold: nan        Mu*_xs: -0.00000   Cv*/N_xs:  0.00000         E(kJ/mol): -1.653     P(bar):    0.124     
Step:  1679999    NAcc:  839996     fAcc:  0.500      Maxd:  0.44629    E*/N:  -1.67062   P*:     nan        P*cold: nan        Mu*_xs: -0.00000   Cv*/N_xs:  0.00000         E(kJ/mol): -1.666     P(bar):    0.071     
Step:  1699999    NAcc:  850001     fAcc:  0.500      Maxd:  1.31310    E*/N:  -1.58136   P*:     nan        P*cold: nan        Mu*_xs: -0.00000   Cv*/N_xs:  0.00000         E(kJ/mol): -1.577     P(bar):    0.097     
Step:  1719999    NAcc:  860001     fAcc:  0.500      Maxd:  3.80965    E*/N:  -1.68890   P*:     nan        P*cold: nan        Mu*_xs: -0.00000   Cv*/N_xs:  0.00000         E(kJ/mol): -1.684     P(bar):    0.072     
Step:  1739999    NAcc:  869999     fAcc:  0.500      Maxd:  0.40296    E*/N:  -1.79142   P*:     nan        P*cold: nan        Mu*_xs: -0.00000   Cv*/N_xs:  0.00000         E(kJ/mol): -1.787     P(bar):    0.107     
Step:  1759999    NAcc:  879999     fAcc:  0.500      Maxd:  14.14537   E*/N:  -1.65676   P*:     nan        P*cold: nan        Mu*_xs: -0.00000   Cv*/N_xs:  0.00000         E(kJ/mol): -1.652     P(bar):    0.088     
Step:  1779999    NAcc:  890000     fAcc:  0.500      Maxd:  2.11394    E*/N:  -1.50126   P*:     nan        P*cold: nan        Mu*_xs: -0.00000   Cv*/N_xs:  0.00000         E(kJ/mol): -1.497     P(bar):    0.104     
Step:  1799999    NAcc:  900000     fAcc:  0.500      Maxd:  0.43324    E*/N:  -1.57666   P*:     nan        P*cold: nan        Mu*_xs: -0.00000   Cv*/N_xs:  0.00000         E(kJ/mol): -1.573     P(bar):    0.125     
Step:  1819999    NAcc:  910001     fAcc:  0.500      Maxd:  0.58220    E*/N:  -1.53328   P*:     nan        P*cold: nan        Mu*_xs: -0.00000   Cv*/N_xs:  0.00000         E(kJ/mol): -1.529     P(bar):    0.082     
Step:  1839999    NAcc:  919997     fAcc:  0.500      Maxd:  0.43937    E*/N:  -1.52466   P*:     nan        P*cold: nan        Mu*_xs: -0.00000   Cv*/N_xs:  0.00000         E(kJ/mol): -1.521     P(bar):    0.103     
Step:  1859999    NAcc:  929997     fAcc:  0.500      Maxd:  2.63073    E*/N:  -1.62049   P*:     nan        P*cold: nan        Mu*_xs: -0.00000   Cv*/N_xs:  0.00000         E(kJ/mol): -1.616     P(bar):    0.069     
Step:  1879999    NAcc:  940000     fAcc:  0.500      Maxd:  1.57086    E*/N:  -1.66800   P*:     nan        P*cold: nan        Mu*_xs: -0.00000   Cv*/N_xs:  0.00000         E(kJ/mol): -1.664     P(bar):    0.058     
Step:  1899999    NAcc:  950000     fAcc:  0.500      Maxd:  0.40892    E*/N:  -1.66993   P*:     nan        P*cold: nan        Mu*_xs: -0.00000   Cv*/N_xs:  0.00000         E(kJ/mol): -1.666     P(bar):    0.071     
Step:  1919999    NAcc:  960001     fAcc:  0.500      Maxd:  16.43722   E*/N:  -1.65485   P*:     nan        P*cold: nan        Mu*_xs: -0.00000   Cv*/N_xs:  0.00000         E(kJ/mol): -1.651     P(bar):    0.109     
Step:  1939999    NAcc:  970000     fAcc:  0.500      Maxd:  13.20943   E*/N:  -1.47791   P*:     nan        P*cold: nan        Mu*_xs: -0.00000   Cv*/N_xs:  0.00000         E(kJ/mol): -1.474     P(bar):    0.101     
Step:  1959999    NAcc:  979999     fAcc:  0.500      Maxd:  1.86965    E*/N:  -1.58612   P*:     nan        P*cold: nan        Mu*_xs: -0.00000   Cv*/N_xs:  0.00000         E(kJ/mol): -1.582     P(bar):    0.139     
Step:  1979999    NAcc:  990003     fAcc:  0.500      Maxd:  23.26536   E*/N:  -1.54845   P*:     nan        P*cold: nan        Mu*_xs: -0.00000   Cv*/N_xs:  0.00000         E(kJ/mol): -1.544     P(bar):    0.036     
Step:  1999999    NAcc:  1000000    fAcc:  0.500      Maxd:  1.62261    E*/N:  -1.61586   P*:     nan        P*cold: nan        Mu*_xs: -0.00000   Cv*/N_xs:  0.00000         E(kJ/mol): -1.612     P(bar):    0.097     
Step:  2019999    NAcc:  1009998    fAcc:  0.500      Maxd:  0.42825    E*/N:  -1.67382   P*:     0.10817    P*cold: -0.13183   Mu*_xs: -1.59732   Cv*/N_xs:  0.83398         E(kJ/mol): -1.669     P(bar):    0.064     
Step:  2039999    NAcc:  1020003    fAcc:  0.500      Maxd:  25.97059   E*/N:  -1.71324   P*:     0.11391    P*cold: -0.12609   Mu*_xs: -1.56558   Cv*/N_xs:  0.62892         E(kJ/mol): -1.709     P(bar):    0.059     
Step:  2059999    NAcc:  1029995    fAcc:  0.500      Maxd:  0.55932    E*/N:  -1.75920   P*:     0.10802    P*cold: -0.13198   Mu*_xs: -1.55188   Cv*/N_xs:  1.91525         E(kJ/mol): -1.755     P(bar):    0.086     
Step:  2079999    NAcc:  1039999    fAcc:  0.500      Maxd:  3.38518    E*/N:  -1.71833   P*:     0.10228    P*cold: -0.13772   Mu*_xs: -1.55544   Cv*/N_xs:  2.00214         E(kJ/mol): -1.714     P(bar):    0.072     
Step:  2099999    NAcc:  1049998    fAcc:  0.500      Maxd:  1.09877    E*/N:  -1.68608   P*:     0.10253    P*cold: -0.13747   Mu*_xs: -1.55583   Cv*/N_xs:  1.68345         E(kJ/mol): -1.682     P(bar):    0.085     
Step:  2119999    NAcc:  1060000    fAcc:  0.500      Maxd:  7.19419    E*/N:  -1.57132   P*:     0.10331    P*cold: -0.13669   Mu*_xs: -1.55815   Cv*/N_xs:  1.55920         E(kJ/mol): -1.567     P(bar):    0.077     
Step:  2139999    NAcc:  1070001    fAcc:  0.500      Maxd:  7.90075    E*/N:  -1.70864   P*:     0.10149    P*cold: -0.13851   Mu*_xs: -1.55950   Cv*/N_xs:  1.56430         E(kJ/mol): -1.704     P(bar):    0.085     
Step:  2159999    NAcc:  1079998    fAcc:  0.500      Maxd:  1.89545    E*/N:  -1.60496   P*:     0.10088    P*cold: -0.13912   Mu*_xs: -1.55445   Cv*/N_xs:  1.56818         E(kJ/mol): -1.601     P(bar):    0.034     
Step:  2179999    NAcc:  1090000    fAcc:  0.500      Maxd:  0.44516    E*/N:  -1.62215   P*:     0.09915    P*cold: -0.14085   Mu*_xs: -1.55560   Cv*/N_xs:  1.57451         E(kJ/mol): -1.618     P(bar):    0.082     
Step:  2199999    NAcc:  1100001    fAcc:  0.500      Maxd:  4.64167    E*/N:  -1.70018   P*:     0.09641    P*cold: -0.14359   Mu*_xs: -1.55597   Cv*/N_xs:  1.50280         E(kJ/mol): -1.696     P(bar):    0.067     
Step:  2219999    NAcc:  1110003    fAcc:  0.500      Maxd:  5.59667    E*/N:  -1.64204   P*:     0.09727    P*cold: -0.14273   Mu*_xs: -1.55688   Cv*/N_xs:  1.42511         E(kJ/mol): -1.638     P(bar):    0.087     
Step:  2239999    NAcc:  1120002    fAcc:  0.500      Maxd:  3.44469    E*/N:  -1.62354   P*:     0.09757    P*cold: -0.14243   Mu*_xs: -1.55380   Cv*/N_xs:  1.32757         E(kJ/mol): -1.619     P(bar):    0.098     
Step:  2259999    NAcc:  1130003    fAcc:  0.500      Maxd:  19.47063   E*/N:  -1.64218   P*:     0.09886    P*cold: -0.14114   Mu*_xs: -1.55253   Cv*/N_xs:  1.25273         E(kJ/mol): -1.638     P(bar):    0.140     
Step:  2279999    NAcc:  1140002    fAcc:  0.500      Maxd:  1.30070    E*/N:  -1.68648   P*:     0.09907    P*cold: -0.14093   Mu*_xs: -1.55380   Cv*/N_xs:  1.17836         E(kJ/mol): -1.682     P(bar):    0.088     
Step:  2299999    NAcc:  1149998    fAcc:  0.500      Maxd:  1.86509    E*/N:  -1.75851   P*:     0.09983    P*cold: -0.14017   Mu*_xs: -1.55639   Cv*/N_xs:  1.17951         E(kJ/mol): -1.754     P(bar):    0.104     
Step:  2319999    NAcc:  1160001    fAcc:  0.500      Maxd:  5.57759    E*/N:  -1.52511   P*:     0.10088    P*cold: -0.13912   Mu*_xs: -1.55677   Cv*/N_xs:  1.30726         E(kJ/mol): -1.521     P(bar):    0.113     
Step:  2339999    NAcc:  1170001    fAcc:  0.500      Maxd:  3.46925    E*/N:  -1.56670   P*:     0.10038    P*cold: -0.13962   Mu*_xs: -1.55661   Cv*/N_xs:  1.51798         E(kJ/mol): -1.563     P(bar):    0.082     
Step:  2359999    NAcc:  1180001    fAcc:  0.500      Maxd:  0.88121    E*/N:  -1.60739   P*:     0.10017    P*cold: -0.13983   Mu*_xs: -1.55533   Cv*/N_xs:  1.47462         E(kJ/mol): -1.603     P(bar):    0.082     
Step:  2379999    NAcc:  1190000    fAcc:  0.500      Maxd:  11.64189   E*/N:  -1.60250   P*:     0.10090    P*cold: -0.13910   Mu*_xs: -1.55647   Cv*/N_xs:  1.50151         E(kJ/mol): -1.598     P(bar):    0.083     
Step:  2399999    NAcc:  1199999    fAcc:  0.500      Maxd:  0.43185    E*/N:  -1.61784   P*:     0.10019    P*cold: -0.13981   Mu*_xs: -1.55632   Cv*/N_xs:  1.44547         E(kJ/mol): -1.614     P(bar):    0.070     
Step:  2419999    NAcc:  1210001    fAcc:  0.500      Maxd:  14.54926   E*/N:  -1.60494   P*:     0.09936    P*cold: -0.14064   Mu*_xs: -1.55648   Cv*/N_xs:  1.39439         E(kJ/mol): -1.601     P(bar):    0.087     
Step:  2439999    NAcc:  1220001    fAcc:  0.500      Maxd:  3.44446    E*/N:  -1.72101   P*:     0.09898    P*cold: -0.14102   Mu*_xs: -1.55733   Cv*/N_xs:  1.39402         E(kJ/mol): -1.717     P(bar):    0.069     
Step:  2459999    NAcc:  1230000    fAcc:  0.500      Maxd:  0.40414    E*/N:  -1.69930   P*:     0.09906    P*cold: -0.14094   Mu*_xs: -1.55887   Cv*/N_xs:  1.36190         E(kJ/mol): -1.695     P(bar):    0.122     
Step:  2479999    NAcc:  1240001    fAcc:  0.500      Maxd:  2.64677    E*/N:  -1.60674   P*:     0.09918    P*cold: -0.14082   Mu*_xs: -1.55873   Cv*/N_xs:  1.34721         E(kJ/mol): -1.603     P(bar):    0.099     
Step:  2499999    NAcc:  1250003    fAcc:  0.500      Maxd:  16.63234   E*/N:  -1.61984   P*:     0.09950    P*cold: -0.14050   Mu*_xs: -1.55959   Cv*/N_xs:  1.31875         E(kJ/mol): -1.616     P(bar):    0.164     
Step:  2519999    NAcc:  1260002    fAcc:  0.500      Maxd:  1.65707    E*/N:  -1.71674   P*:     0.09977    P*cold: -0.14023   Mu*_xs: -1.56098   Cv*/N_xs:  1.30784         E(kJ/mol): -1.712     P(bar):    0.057     
Step:  2539999    NAcc:  1269998    fAcc:  0.500      Maxd:  7.87006    E*/N:  -1.74131   P*:     0.09967    P*cold: -0.14033   Mu*_xs: -1.56162   Cv*/N_xs:  1.35893         E(kJ/mol): -1.737     P(bar):    0.067     
Step:  2559999    NAcc:  1280001    fAcc:  0.500      Maxd:  8.27652    E*/N:  -1.63258   P*:     0.10014    P*cold: -0.13986   Mu*_xs: -1.56382   Cv*/N_xs:  1.32996         E(kJ/mol): -1.628     P(bar):    0.088     
Step:  2579999    NAcc:  1289997    fAcc:  0.500      Maxd:  3.70255    E*/N:  -1.66423   P*:     0.09959    P*cold: -0.14041   Mu*_xs: -1.56380   Cv*/N_xs:  1.28983         E(kJ/mol): -1.660     P(bar):    0.056     
Step:  2599999    NAcc:  1300001    fAcc:  0.500      Maxd:  0.57797    E*/N:  -1.69605   P*:     0.09974    P*cold: -0.14026   Mu*_xs: -1.56384   Cv*/N_xs:  1.26645         E(kJ/mol): -1.692     P(bar):    0.075     
Step:  2619999    NAcc:  1309997    fAcc:  0.500      Maxd:  1.65432    E*/N:  -1.70497   P*:     0.09945    P*cold: -0.14055   Mu*_xs: -1.56437   Cv*/N_xs:  1.26236         E(kJ/mol): -1.701     P(bar):    0.039     
Step:  2639999    NAcc:  1320000    fAcc:  0.500      Maxd:  0.89545    E*/N:  -1.75627   P*:     0.09905    P*cold: -0.14095   Mu*_xs: -1.56390   Cv*/N_xs:  1.33568         E(kJ/mol): -1.752     P(bar):    0.154     
Step:  2659999    NAcc:  1330001    fAcc:  0.500      Maxd:  5.73805    E*/N:  -1.73261   P*:     0.09909    P*cold: -0.14091   Mu*_xs: -1.56571   Cv*/N_xs:  1.39418         E(kJ/mol): -1.728     P(bar):    0.135     
Step:  2679999    NAcc:  1340002    fAcc:  0.500      Maxd:  5.09968    E*/N:  -1.74266   P*:     0.09909    P*cold: -0.14091   Mu*_xs: -1.56539   Cv*/N_xs:  1.62229         E(kJ/mol): -1.738     P(bar):    0.083     
Step:  2699999    NAcc:  1350001    fAcc:  0.500      Maxd:  0.81197    E*/N:  -1.76306   P*:     0.09957    P*cold: -0.14043   Mu*_xs: -1.56295   Cv*/N_xs:  1.67443         E(kJ/mol): -1.758     P(bar):    0.098     
Step:  2719999    NAcc:  1360003    fAcc:  0.500      Maxd:  1.72427    E*/N:  -1.71816   P*:     0.09940    P*cold: -0.14060   Mu*_xs: -1.56172   Cv*/N_xs:  1.71891         E(kJ/mol): -1.714     P(bar):    0.070     
Step:  2739999    NAcc:  1369998    fAcc:  0.500      Maxd:  1.14207    E*/N:  -1.62054   P*:     0.09987    P*cold: -0.14013   Mu*_xs: -1.56060   Cv*/N_xs:  1.68424         E(kJ/mol): -1.616     P(bar):    0.081     
Step:  2759999    NAcc:  1380002    fAcc:  0.500      Maxd:  2.40410    E*/N:  -1.67626   P*:     0.09989    P*cold: -0.14011   Mu*_xs: -1.56035   Cv*/N_xs:  1.64749         E(kJ/mol): -1.672     P(bar):    0.106     
Step:  2779999    NAcc:  1390000    fAcc:  0.500      Maxd:  0.45158    E*/N:  -1.69572   P*:     0.09986    P*cold: -0.14014   Mu*_xs: -1.55960   Cv*/N_xs:  1.61051         E(kJ/mol): -1.691     P(bar):    0.083     
Step:  2799999    NAcc:  1400001    fAcc:  0.500      Maxd:  7.47985    E*/N:  -1.61250   P*:     0.10045    P*cold: -0.13955   Mu*_xs: -1.56031   Cv*/N_xs:  1.58385         E(kJ/mol): -1.608     P(bar):    0.102     
Step:  2819999    NAcc:  1409999    fAcc:  0.500      Maxd:  0.39211    E*/N:  -1.61009   P*:     0.10045    P*cold: -0.13955   Mu*_xs: -1.56010   Cv*/N_xs:  1.55786         E(kJ/mol): -1.606     P(bar):    0.046     
Step:  2839999    NAcc:  1420001    fAcc:  0.500      Maxd:  0.55776    E*/N:  -1.63627   P*:     0.10002    P*cold: -0.13998   Mu*_xs: -1.56036   Cv*/N_xs:  1.57605         E(kJ/mol): -1.632     P(bar):    0.086     
Step:  2859999    NAcc:  1429997    fAcc:  0.500      Maxd:  1.52000    E*/N:  -1.58094   P*:     0.09949    P*cold: -0.14051   Mu*_xs: -1.55993   Cv*/N_xs:  1.59267         E(kJ/mol): -1.577     P(bar):    0.114     
Step:  2879999    NAcc:  1440001    fAcc:  0.500      Maxd:  0.61332    E*/N:  -1.62496   P*:     0.09986    P*cold: -0.14014   Mu*_xs: -1.55965   Cv*/N_xs:  1.57303         E(kJ/mol): -1.621     P(bar):    0.104     
Step:  2899999    NAcc:  1450002    fAcc:  0.500      Maxd:  23.35504   E*/N:  -1.57610   P*:     0.10007    P*cold: -0.13993   Mu*_xs: -1.55944   Cv*/N_xs:  1.67818         E(kJ/mol): -1.572     P(bar):    0.103     
Step:  2919999    NAcc:  1460000    fAcc:  0.500      Maxd:  11.62142   E*/N:  -1.68656   P*:     0.09997    P*cold: -0.14003   Mu*_xs: -1.55751   Cv*/N_xs:  1.68616         E(kJ/mol): -1.682     P(bar):    0.058     
Step:  2939999    NAcc:  1469999    fAcc:  0.500      Maxd:  0.97824    E*/N:  -1.64355   P*:     0.09975    P*cold: -0.14025   Mu*_xs: -1.55627   Cv*/N_xs:  1.66186         E(kJ/mol): -1.639     P(bar):    0.079     
Step:  2959999    NAcc:  1480001    fAcc:  0.500      Maxd:  0.76651    E*/N:  -1.64257   P*:     0.09967    P*cold: -0.14033   Mu*_xs: -1.55584   Cv*/N_xs:  1.63573         E(kJ/mol): -1.638     P(bar):    0.076     
Step:  2979999    NAcc:  1490000    fAcc:  0.500      Maxd:  0.37422    E*/N:  -1.64246   P*:     0.09950    P*cold: -0.14050   Mu*_xs: -1.55569   Cv*/N_xs:  1.62270         E(kJ/mol): -1.638     P(bar):    0.080     
Step:  2999999    NAcc:  1499997    fAcc:  0.500      Maxd:  5.63443    E*/N:  -1.59764   P*:     0.09943    P*cold: -0.14057   Mu*_xs: -1.55506   Cv*/N_xs:  1.59540         E(kJ/mol): -1.593     P(bar):    0.081     
Step:  3019999    NAcc:  1509998    fAcc:  0.500      Maxd:  5.03275    E*/N:  -1.66898   P*:     0.09943    P*cold: -0.14057   Mu*_xs: -1.55431   Cv*/N_xs:  1.58158         E(kJ/mol): -1.665     P(bar):    0.075     
Step:  3039999    NAcc:  1520001    fAcc:  0.500      Maxd:  0.72584    E*/N:  -1.67898   P*:     0.09947    P*cold: -0.14053   Mu*_xs: -1.55419   Cv*/N_xs:  1.55982         E(kJ/mol): -1.675     P(bar):    0.067     
Step:  3059999    NAcc:  1530001    fAcc:  0.500      Maxd:  0.63071    E*/N:  -1.69945   P*:     0.09931    P*cold: -0.14069   Mu*_xs: -1.55324   Cv*/N_xs:  1.53623         E(kJ/mol): -1.695     P(bar):    0.077     
Step:  3079999    NAcc:  1540000    fAcc:  0.500      Maxd:  0.43866    E*/N:  -1.70479   P*:     0.09919    P*cold: -0.14081   Mu*_xs: -1.55299   Cv*/N_xs:  1.51967         E(kJ/mol): -1.700     P(bar):    0.083     
Step:  3099999    NAcc:  1550000    fAcc:  0.500      Maxd:  1.52376    E*/N:  -1.66541   P*:     0.09920    P*cold: -0.14080   Mu*_xs: -1.55289   Cv*/N_xs:  1.50484         E(kJ/mol): -1.661     P(bar):    0.096     
Step:  3119999    NAcc:  1560000    fAcc:  0.500      Maxd:  0.88315    E*/N:  -1.67026   P*:     0.09938    P*cold: -0.14062   Mu*_xs: -1.55333   Cv*/N_xs:  1.51242         E(kJ/mol): -1.666     P(bar):    0.068     
Step:  3139999    NAcc:  1570003    fAcc:  0.500      Maxd:  1.11172    E*/N:  -1.59447   P*:     0.09938    P*cold: -0.14062   Mu*_xs: -1.55399   Cv*/N_xs:  1.49100         E(kJ/mol): -1.590     P(bar):    0.071     
Step:  3159999    NAcc:  1580000    fAcc:  0.500      Maxd:  2.74705    E*/N:  -1.63232   P*:     0.09957    P*cold: -0.14043   Mu*_xs: -1.55403   Cv*/N_xs:  1.54208         E(kJ/mol): -1.628     P(bar):    0.052     
Step:  3179999    NAcc:  1589999    fAcc:  0.500      Maxd:  0.44545    E*/N:  -1.66941   P*:     0.09967    P*cold: -0.14033   Mu*_xs: -1.55348   Cv*/N_xs:  1.53418         E(kJ/mol): -1.665     P(bar):    0.083     
Step:  3199999    NAcc:  1599997    fAcc:  0.500      Maxd:  1.58105    E*/N:  -1.68893   P*:     0.09975    P*cold: -0.14025   Mu*_xs: -1.55352   Cv*/N_xs:  1.52425         E(kJ/mol): -1.685     P(bar):    0.062     
Step:  3219999    NAcc:  1609999    fAcc:  0.500      Maxd:  7.63608    E*/N:  -1.68653   P*:     0.09975    P*cold: -0.14025   Mu*_xs: -1.55284   Cv*/N_xs:  1.52006         E(kJ/mol): -1.682     P(bar):    0.104     
Step:  3239999    NAcc:  1619999    fAcc:  0.500      Maxd:  0.40040    E*/N:  -1.72842   P*:     0.09984    P*cold: -0.14016   Mu*_xs: -1.55295   Cv*/N_xs:  1.51996         E(kJ/mol): -1.724     P(bar):    0.075     
Step:  3259999    NAcc:  1630000    fAcc:  0.500      Maxd:  0.41314    E*/N:  -1.65414   P*:     0.10014    P*cold: -0.13986   Mu*_xs: -1.55234   Cv*/N_xs:  1.49923         E(kJ/mol): -1.650     P(bar):    0.077     
Step:  3279999    NAcc:  1640002    fAcc:  0.500      Maxd:  1.25578    E*/N:  -1.79030   P*:     0.09975    P*cold: -0.14025   Mu*_xs: -1.55224   Cv*/N_xs:  1.51151         E(kJ/mol): -1.786     P(bar):    0.036     
Step:  3299999    NAcc:  1649998    fAcc:  0.500      Maxd:  0.44361    E*/N:  -1.68100   P*:     0.09965    P*cold: -0.14035   Mu*_xs: -1.55199   Cv*/N_xs:  1.50212         E(kJ/mol): -1.677     P(bar):    0.060     
Step:  3319999    NAcc:  1659998    fAcc:  0.500      Maxd:  0.91621    E*/N:  -1.66551   P*:     0.09956    P*cold: -0.14044   Mu*_xs: -1.55167   Cv*/N_xs:  1.48477         E(kJ/mol): -1.661     P(bar):    0.038     
Step:  3339999    NAcc:  1670001    fAcc:  0.500      Maxd:  5.76034    E*/N:  -1.59154   P*:     0.09983    P*cold: -0.14017   Mu*_xs: -1.55120   Cv*/N_xs:  1.47433         E(kJ/mol): -1.587     P(bar):    0.141     
Step:  3359999    NAcc:  1680002    fAcc:  0.500      Maxd:  7.55147    E*/N:  -1.51623   P*:     0.09970    P*cold: -0.14030   Mu*_xs: -1.55130   Cv*/N_xs:  1.48932         E(kJ/mol): -1.512     P(bar):    0.079     
Step:  3379999    NAcc:  1690000    fAcc:  0.500      Maxd:  6.31985    E*/N:  -1.63779   P*:     0.09981    P*cold: -0.14019   Mu*_xs: -1.55104   Cv*/N_xs:  1.50111         E(kJ/mol): -1.633     P(bar):    0.093     
Step:  3399999    NAcc:  1699998    fAcc:  0.500      Maxd:  4.02760    E*/N:  -1.54987   P*:     0.09982    P*cold: -0.14018   Mu*_xs: -1.55112   Cv*/N_xs:  1.51389         E(kJ/mol): -1.546     P(bar):    0.094     
Step:  3419999    NAcc:  1710000    fAcc:  0.500      Maxd:  19.17659   E*/N:  -1.59404   P*:     0.09977    P*cold: -0.14023   Mu*_xs: -1.55197   Cv*/N_xs:  1.58026         E(kJ/mol): -1.590     P(bar):    0.063     
Step:  3439999    NAcc:  1719996    fAcc:  0.500      Maxd:  0.38359    E*/N:  -1.59782   P*:     0.09970    P*cold: -0.14030   Mu*_xs: -1.55187   Cv*/N_xs:  1.62333         E(kJ/mol): -1.594     P(bar):    0.078     
Step:  3459999    NAcc:  1729999    fAcc:  0.500      Maxd:  3.18136    E*/N:  -1.67066   P*:     0.09955    P*cold: -0.14045   Mu*_xs: -1.55143   Cv*/N_xs:  1.64977         E(kJ/mol): -1.666     P(bar):    0.064     
Step:  3479999    NAcc:  1740001    fAcc:  0.500      Maxd:  0.55977    E*/N:  -1.62416   P*:     0.09948    P*cold: -0.14052   Mu*_xs: -1.55158   Cv*/N_xs:  1.63340         E(kJ/mol): -1.620     P(bar):    0.111     
Step:  3499999    NAcc:  1750001    fAcc:  0.500      Maxd:  0.64228    E*/N:  -1.65408   P*:     0.09933    P*cold: -0.14067   Mu*_xs: -1.55188   Cv*/N_xs:  1.61729         E(kJ/mol): -1.650     P(bar):    0.083     
Step:  3519999    NAcc:  1759999    fAcc:  0.500      Maxd:  0.42531    E*/N:  -1.59366   P*:     0.09922    P*cold: -0.14078   Mu*_xs: -1.55236   Cv*/N_xs:  1.59946         E(kJ/mol): -1.589     P(bar):    0.071     
Step:  3539999    NAcc:  1770001    fAcc:  0.500      Maxd:  14.68872   E*/N:  -1.73248   P*:     0.09947    P*cold: -0.14053   Mu*_xs: -1.55276   Cv*/N_xs:  1.58809         E(kJ/mol): -1.728     P(bar):    0.105     
Step:  3559999    NAcc:  1780004    fAcc:  0.500      Maxd:  26.92127   E*/N:  -1.80856   P*:     0.09942    P*cold: -0.14058   Mu*_xs: -1.55222   Cv*/N_xs:  1.68831         E(kJ/mol): -1.804     P(bar):    0.118     
Step:  3579999    NAcc:  1790001    fAcc:  0.500      Maxd:  5.35664    E*/N:  -1.70137   P*:     0.09941    P*cold: -0.14059   Mu*_xs: -1.55233   Cv*/N_xs:  1.74626         E(kJ/mol): -1.697     P(bar):    0.112     
Step:  3599999    NAcc:  1800000    fAcc:  0.500      Maxd:  0.37369    E*/N:  -1.69621   P*:     0.09944    P*cold: -0.14056   Mu*_xs: -1.55243   Cv*/N_xs:  1.73145         E(kJ/mol): -1.692     P(bar):    0.088     
Step:  3619999    NAcc:  1810001    fAcc:  0.500      Maxd:  0.64639    E*/N:  -1.64391   P*:     0.09945    P*cold: -0.14055   Mu*_xs: -1.55196   Cv*/N_xs:  1.72176         E(kJ/mol): -1.640     P(bar):    0.085     
Step:  3639999    NAcc:  1820000    fAcc:  0.500      Maxd:  0.41996    E*/N:  -1.73029   P*:     0.09946    P*cold: -0.14054   Mu*_xs: -1.55198   Cv*/N_xs:  1.70877         E(kJ/mol): -1.726     P(bar):    0.085     
Step:  3659999    NAcc:  1830001    fAcc:  0.500      Maxd:  0.63248    E*/N:  -1.69566   P*:     0.09947    P*cold: -0.14053   Mu*_xs: -1.55237   Cv*/N_xs:  1.70847         E(kJ/mol): -1.691     P(bar):    0.071     
Step:  3679999    NAcc:  1839999    fAcc:  0.500      Maxd:  0.44099    E*/N:  -1.67585   P*:     0.09963    P*cold: -0.14037   Mu*_xs: -1.55220   Cv*/N_xs:  1.69397         E(kJ/mol): -1.671     P(bar):    0.076     
Step:  3699999    NAcc:  1850002    fAcc:  0.500      Maxd:  1.21937    E*/N:  -1.73151   P*:     0.09994    P*cold: -0.14006   Mu*_xs: -1.55146   Cv*/N_xs:  1.68860         E(kJ/mol): -1.727     P(bar):    0.098     
Step:  3719999    NAcc:  1860000    fAcc:  0.500      Maxd:  20.30394   E*/N:  -1.61034   P*:     0.09978    P*cold: -0.14022   Mu*_xs: -1.55158   Cv*/N_xs:  1.67669         E(kJ/mol): -1.606     P(bar):    0.105     
Step:  3739999    NAcc:  1870004    fAcc:  0.500      Maxd:  2.60638    E*/N:  -1.67199   P*:     0.09980    P*cold: -0.14020   Mu*_xs: -1.55233   Cv*/N_xs:  1.66902         E(kJ/mol): -1.668     P(bar):    0.075     
Step:  3759999    NAcc:  1880001    fAcc:  0.500      Maxd:  1.19495    E*/N:  -1.78142   P*:     0.09972    P*cold: -0.14028   Mu*_xs: -1.55279   Cv*/N_xs:  1.66102         E(kJ/mol): -1.777     P(bar):    0.092     
Step:  3779999    NAcc:  1890002    fAcc:  0.500      Maxd:  1.74681    E*/N:  -1.67245   P*:     0.09978    P*cold: -0.14022   Mu*_xs: -1.55271   Cv*/N_xs:  1.66285         E(kJ/mol): -1.668     P(bar):    0.094     
Step:  3799999    NAcc:  1899999    fAcc:  0.500      Maxd:  0.99334    E*/N:  -1.70631   P*:     0.09981    P*cold: -0.14019   Mu*_xs: -1.55267   Cv*/N_xs:  1.65194         E(kJ/mol): -1.702     P(bar):    0.066     
Step:  3819999    NAcc:  1909997    fAcc:  0.500      Maxd:  0.66490    E*/N:  -1.60179   P*:     0.09965    P*cold: -0.14035   Mu*_xs: -1.55290   Cv*/N_xs:  1.64109         E(kJ/mol): -1.598     P(bar):    0.093     
Step:  3839999    NAcc:  1919999    fAcc:  0.500      Maxd:  0.37800    E*/N:  -1.57538   P*:     0.09961    P*cold: -0.14039   Mu*_xs: -1.55283   Cv*/N_xs:  1.64838         E(kJ/mol): -1.571     P(bar):    0.079     
Step:  3859999    NAcc:  1929997    fAcc:  0.500      Maxd:  5.18898    E*/N:  -1.71828   P*:     0.09981    P*cold: -0.14019   Mu*_xs: -1.55379   Cv*/N_xs:  1.63617         E(kJ/mol): -1.714     P(bar):    0.058     
Step:  3879999    NAcc:  1940001    fAcc:  0.500      Maxd:  0.59720    E*/N:  -1.65719   P*:     0.09971    P*cold: -0.14029   Mu*_xs: -1.55381   Cv*/N_xs:  1.62833         E(kJ/mol): -1.653     P(bar):    0.091     
Step:  3899999    NAcc:  1950001    fAcc:  0.500      Maxd:  0.84018    E*/N:  -1.63122   P*:     0.09986    P*cold: -0.14014   Mu*_xs: -1.55358   Cv*/N_xs:  1.61916         E(kJ/mol): -1.627     P(bar):    0.095     
Step:  3919999    NAcc:  1960001    fAcc:  0.500      Maxd:  1.94033    E*/N:  -1.67806   P*:     0.09991    P*cold: -0.14009   Mu*_xs: -1.55283   Cv*/N_xs:  1.60942         E(kJ/mol): -1.674     P(bar):    0.130     
Step:  3939999    NAcc:  1970000    fAcc:  0.500      Maxd:  0.41412    E*/N:  -1.60089   P*:     0.09997    P*cold: -0.14003   Mu*_xs: -1.55261   Cv*/N_xs:  1.59871         E(kJ/mol): -1.597     P(bar):    0.095     
Step:  3959999    NAcc:  1980002    fAcc:  0.500      Maxd:  2.09390    E*/N:  -1.68023   P*:     0.09990    P*cold: -0.14010   Mu*_xs: -1.55213   Cv*/N_xs:  1.59076         E(kJ/mol): -1.676     P(bar):    0.083     
Step:  3979999    NAcc:  1990002    fAcc:  0.500      Maxd:  3.18926    E*/N:  -1.70449   P*:     0.10023    P*cold: -0.13977   Mu*_xs: -1.55180   Cv*/N_xs:  1.58240         E(kJ/mol): -1.700     P(bar):    0.100     
Step:  3999999    NAcc:  2000002    fAcc:  0.500      Maxd:  1.19641    E*/N:  -1.73823   P*:     0.10022    P*cold: -0.13978   Mu*_xs: -1.55196   Cv*/N_xs:  1.57091         E(kJ/mol): -1.734     P(bar):    0.075     
Step:  4019999    NAcc:  2010000    fAcc:  0.500      Maxd:  20.37063   E*/N:  -1.75459   P*:     0.10018    P*cold: -0.13982   Mu*_xs: -1.55169   Cv*/N_xs:  1.60417         E(kJ/mol): -1.750     P(bar):    0.061     
Step:  4039999    NAcc:  2020002    fAcc:  0.500      Maxd:  2.68731    E*/N:  -1.78557   P*:     0.10020    P*cold: -0.13980   Mu*_xs: -1.55174   Cv*/N_xs:  1.64641         E(kJ/mol): -1.781     P(bar):    0.143     
Step:  4059999    NAcc:  2030002    fAcc:  0.500      Maxd:  1.29436    E*/N:  -1.68231   P*:     0.10022    P*cold: -0.13978   Mu*_xs: -1.55102   Cv*/N_xs:  1.65766         E(kJ/mol): -1.678     P(bar):    0.072     
Step:  4079999    NAcc:  2039999    fAcc:  0.500      Maxd:  0.63019    E*/N:  -1.64019   P*:     0.10031    P*cold: -0.13969   Mu*_xs: -1.55057   Cv*/N_xs:  1.66592         E(kJ/mol): -1.636     P(bar):    0.174     
Step:  4099999    NAcc:  2049999    fAcc:  0.500      Maxd:  0.45920    E*/N:  -1.65998   P*:     0.10040    P*cold: -0.13960   Mu*_xs: -1.55071   Cv*/N_xs:  1.65307         E(kJ/mol): -1.656     P(bar):    0.064     
Step:  4119999    NAcc:  2059999    fAcc:  0.500      Maxd:  0.43307    E*/N:  -1.66172   P*:     0.10021    P*cold: -0.13979   Mu*_xs: -1.55008   Cv*/N_xs:  1.64134         E(kJ/mol): -1.657     P(bar):    0.066     
Step:  4139999    NAcc:  2069995    fAcc:  0.500      Maxd:  1.32695    E*/N:  -1.62940   P*:     0.10003    P*cold: -0.13997   Mu*_xs: -1.54994   Cv*/N_xs:  1.62858         E(kJ/mol): -1.625     P(bar):    0.050     
Step:  4159999    NAcc:  2079998    fAcc:  0.500      Maxd:  1.19210    E*/N:  -1.57560   P*:     0.10001    P*cold: -0.13999   Mu*_xs: -1.55019   Cv*/N_xs:  1.63108         E(kJ/mol): -1.571     P(bar):    0.085     
Step:  4179999    NAcc:  2090001    fAcc:  0.500      Maxd:  27.44038   E*/N:  -1.59533   P*:     0.10007    P*cold: -0.13993   Mu*_xs: -1.55023   Cv*/N_xs:  1.64284         E(kJ/mol): -1.591     P(bar):    0.084     
Step:  4199999    NAcc:  2099998    fAcc:  0.500      Maxd:  0.40692    E*/N:  -1.69445   P*:     0.10012    P*cold: -0.13988   Mu*_xs: -1.54985   Cv*/N_xs:  1.63258         E(kJ/mol): -1.690     P(bar):    0.105     
Step:  4219999    NAcc:  2110001    fAcc:  0.500      Maxd:  1.19037    E*/N:  -1.63254   P*:     0.10002    P*cold: -0.13998   Mu*_xs: -1.54985   Cv*/N_xs:  1.62122         E(kJ/mol): -1.628     P(bar):    0.127     
Step:  4239999    NAcc:  2119998    fAcc:  0.500      Maxd:  0.66782    E*/N:  -1.59879   P*:     0.10001    P*cold: -0.13999   Mu*_xs: -1.54974   Cv*/N_xs:  1.62502         E(kJ/mol): -1.595     P(bar):    0.101     
Step:  4259999    NAcc:  2129999    fAcc:  0.500      Maxd:  0.42560    E*/N:  -1.48412   P*:     0.10007    P*cold: -0.13993   Mu*_xs: -1.54979   Cv*/N_xs:  1.65608         E(kJ/mol): -1.480     P(bar):    0.101     
Step:  4279999    NAcc:  2140001    fAcc:  0.500      Maxd:  5.41403    E*/N:  -1.66012   P*:     0.10021    P*cold: -0.13979   Mu*_xs: -1.54967   Cv*/N_xs:  1.69458         E(kJ/mol): -1.656     P(bar):    0.078     
Step:  4299999    NAcc:  2150001    fAcc:  0.500      Maxd:  0.91176    E*/N:  -1.54393   P*:     0.10028    P*cold: -0.13972   Mu*_xs: -1.54957   Cv*/N_xs:  1.71873         E(kJ/mol): -1.540     P(bar):    0.115     
Step:  4319999    NAcc:  2160004    fAcc:  0.500      Maxd:  1.95078    E*/N:  -1.59779   P*:     0.10045    P*cold: -0.13955   Mu*_xs: -1.54970   Cv*/N_xs:  1.73193         E(kJ/mol): -1.594     P(bar):    0.117     
Step:  4339999    NAcc:  2170001    fAcc:  0.500      Maxd:  5.61456    E*/N:  -1.55109   P*:     0.10048    P*cold: -0.13952   Mu*_xs: -1.54985   Cv*/N_xs:  1.74026         E(kJ/mol): -1.547     P(bar):    0.109     
Step:  4359999    NAcc:  2180000    fAcc:  0.500      Maxd:  0.92053    E*/N:  -1.52249   P*:     0.10063    P*cold: -0.13937   Mu*_xs: -1.54965   Cv*/N_xs:  1.76926         E(kJ/mol): -1.519     P(bar):    0.078     
Step:  4379999    NAcc:  2190004    fAcc:  0.500      Maxd:  1.68123    E*/N:  -1.58111   P*:     0.10062    P*cold: -0.13938   Mu*_xs: -1.54947   Cv*/N_xs:  1.78239         E(kJ/mol): -1.577     P(bar):    0.083     
Step:  4399999    NAcc:  2199997    fAcc:  0.500      Maxd:  0.56986    E*/N:  -1.61465   P*:     0.10057    P*cold: -0.13943   Mu*_xs: -1.54949   Cv*/N_xs:  1.78979         E(kJ/mol): -1.610     P(bar):    0.064     
Step:  4419999    NAcc:  2209999    fAcc:  0.500      Maxd:  3.10929    E*/N:  -1.55440   P*:     0.10056    P*cold: -0.13944   Mu*_xs: -1.54986   Cv*/N_xs:  1.78973         E(kJ/mol): -1.550     P(bar):    0.144     
Step:  4439999    NAcc:  2219998    fAcc:  0.500      Maxd:  1.19450    E*/N:  -1.62787   P*:     0.10058    P*cold: -0.13942   Mu*_xs: -1.54947   Cv*/N_xs:  1.78057         E(kJ/mol): -1.624     P(bar):    0.054     
Step:  4459999    NAcc:  2229998    fAcc:  0.500      Maxd:  0.41964    E*/N:  -1.57661   P*:     0.10056    P*cold: -0.13944   Mu*_xs: -1.55004   Cv*/N_xs:  1.77968         E(kJ/mol): -1.572     P(bar):    0.058     
Step:  4479999    NAcc:  2240003    fAcc:  0.500      Maxd:  5.51356    E*/N:  -1.68716   P*:     0.10065    P*cold: -0.13935   Mu*_xs: -1.55017   Cv*/N_xs:  1.77067         E(kJ/mol): -1.683     P(bar):    0.084     
Step:  4499999    NAcc:  2250002    fAcc:  0.500      Maxd:  7.28794    E*/N:  -1.61368   P*:     0.10053    P*cold: -0.13947   Mu*_xs: -1.54998   Cv*/N_xs:  1.76007         E(kJ/mol): -1.609     P(bar):    0.072     
Step:  4519999    NAcc:  2260000    fAcc:  0.500      Maxd:  2.32734    E*/N:  -1.64656   P*:     0.10057    P*cold: -0.13943   Mu*_xs: -1.54970   Cv*/N_xs:  1.75306         E(kJ/mol): -1.642     P(bar):    0.104     
Step:  4539999    NAcc:  2269997    fAcc:  0.500      Maxd:  1.10620    E*/N:  -1.70728   P*:     0.10053    P*cold: -0.13947   Mu*_xs: -1.54982   Cv*/N_xs:  1.74274         E(kJ/mol): -1.703     P(bar):    0.080     
Step:  4559999    NAcc:  2279998    fAcc:  0.500      Maxd:  0.43433    E*/N:  -1.70355   P*:     0.10054    P*cold: -0.13946   Mu*_xs: -1.55023   Cv*/N_xs:  1.73773         E(kJ/mol): -1.699     P(bar):    0.077     
Step:  4579999    NAcc:  2290001    fAcc:  0.500      Maxd:  3.44258    E*/N:  -1.77029   P*:     0.10048    P*cold: -0.13952   Mu*_xs: -1.55033   Cv*/N_xs:  1.77327         E(kJ/mol): -1.766     P(bar):    0.096     
Step:  4599999    NAcc:  2300000    fAcc:  0.500      Maxd:  0.38380    E*/N:  -1.71787   P*:     0.10052    P*cold: -0.13948   Mu*_xs: -1.54979   Cv*/N_xs:  1.79295         E(kJ/mol): -1.713     P(bar):    0.083     
Step:  4619999    NAcc:  2310003    fAcc:  0.500      Maxd:  2.77215    E*/N:  -1.80238   P*:     0.10049    P*cold: -0.13951   Mu*_xs: -1.54971   Cv*/N_xs:  1.81973         E(kJ/mol): -1.798     P(bar):    0.090     
Step:  4639999    NAcc:  2320000    fAcc:  0.500      Maxd:  0.38305    E*/N:  -1.71377   P*:     0.10054    P*cold: -0.13946   Mu*_xs: -1.54976   Cv*/N_xs:  1.82821         E(kJ/mol): -1.709     P(bar):    0.044     
Step:  4659999    NAcc:  2330001    fAcc:  0.500      Maxd:  0.60273    E*/N:  -1.71031   P*:     0.10038    P*cold: -0.13962   Mu*_xs: -1.54991   Cv*/N_xs:  1.83683         E(kJ/mol): -1.706     P(bar):    0.085     
Step:  4679999    NAcc:  2340001    fAcc:  0.500      Maxd:  2.66008    E*/N:  -1.77105   P*:     0.10049    P*cold: -0.13951   Mu*_xs: -1.55062   Cv*/N_xs:  1.83820         E(kJ/mol): -1.766     P(bar):    0.071     
Step:  4699999    NAcc:  2349998    fAcc:  0.500      Maxd:  0.77663    E*/N:  -1.69289   P*:     0.10055    P*cold: -0.13945   Mu*_xs: -1.55086   Cv*/N_xs:  1.83763         E(kJ/mol): -1.688     P(bar):    0.080     
Step:  4719999    NAcc:  2360004    fAcc:  0.500      Maxd:  2.48003    E*/N:  -1.67484   P*:     0.10046    P*cold: -0.13954   Mu*_xs: -1.55142   Cv*/N_xs:  1.82965         E(kJ/mol): -1.670     P(bar):    0.078     
Step:  4739999    NAcc:  2370002    fAcc:  0.500      Maxd:  4.13169    E*/N:  -1.72568   P*:     0.10040    P*cold: -0.13960   Mu*_xs: -1.55106   Cv*/N_xs:  1.83068         E(kJ/mol): -1.721     P(bar):    0.080     
Step:  4759999    NAcc:  2380000    fAcc:  0.500      Maxd:  0.42890    E*/N:  -1.59739   P*:     0.10044    P*cold: -0.13956   Mu*_xs: -1.55138   Cv*/N_xs:  1.82111         E(kJ/mol): -1.593     P(bar):    0.149     
Step:  4779999    NAcc:  2390000    fAcc:  0.500      Maxd:  0.43780    E*/N:  -1.68949   P*:     0.10050    P*cold: -0.13950   Mu*_xs: -1.55144   Cv*/N_xs:  1.81331         E(kJ/mol): -1.685     P(bar):    0.058     
Step:  4799999    NAcc:  2400000    fAcc:  0.500      Maxd:  0.43968    E*/N:  -1.71732   P*:     0.10042    P*cold: -0.13958   Mu*_xs: -1.55121   Cv*/N_xs:  1.80428         E(kJ/mol): -1.713     P(bar):    0.064     
Step:  4819999    NAcc:  2410000    fAcc:  0.500      Maxd:  0.81009    E*/N:  -1.68086   P*:     0.10043    P*cold: -0.13957   Mu*_xs: -1.55150   Cv*/N_xs:  1.80473         E(kJ/mol): -1.676     P(bar):    0.106     
Step:  4839999    NAcc:  2420002    fAcc:  0.500      Maxd:  1.22095    E*/N:  -1.74889   P*:     0.10053    P*cold: -0.13947   Mu*_xs: -1.55155   Cv*/N_xs:  1.81160         E(kJ/mol): -1.744     P(bar):    0.062     
Step:  4859999    NAcc:  2430002    fAcc:  0.500      Maxd:  7.22851    E*/N:  -1.69039   P*:     0.10047    P*cold: -0.13953   Mu*_xs: -1.55192   Cv*/N_xs:  1.80893         E(kJ/mol): -1.686     P(bar):    0.055     
Step:  4879999    NAcc:  2439999    fAcc:  0.500      Maxd:  1.12301    E*/N:  -1.78355   P*:     0.10061    P*cold: -0.13939   Mu*_xs: -1.55214   Cv*/N_xs:  1.83181         E(kJ/mol): -1.779     P(bar):    0.083     
Step:  4899999    NAcc:  2450000    fAcc:  0.500      Maxd:  1.48926    E*/N:  -1.84395   P*:     0.10059    P*cold: -0.13941   Mu*_xs: -1.55223   Cv*/N_xs:  1.89834         E(kJ/mol): -1.839     P(bar):    0.058     
Step:  4919999    NAcc:  2460002    fAcc:  0.500      Maxd:  2.92851    E*/N:  -1.68798   P*:     0.10064    P*cold: -0.13936   Mu*_xs: -1.55211   Cv*/N_xs:  1.93064         E(kJ/mol): -1.684     P(bar):    0.126     
Step:  4939999    NAcc:  2469999    fAcc:  0.500      Maxd:  2.70302    E*/N:  -1.76536   P*:     0.10060    P*cold: -0.13940   Mu*_xs: -1.55257   Cv*/N_xs:  1.93680         E(kJ/mol): -1.761     P(bar):    0.041     
Step:  4959999    NAcc:  2479998    fAcc:  0.500      Maxd:  1.36778    E*/N:  -1.76007   P*:     0.10049    P*cold: -0.13951   Mu*_xs: -1.55242   Cv*/N_xs:  1.96512         E(kJ/mol): -1.755     P(bar):    0.070     
Step:  4979999    NAcc:  2489995    fAcc:  0.500      Maxd:  0.46758    E*/N:  -1.70053   P*:     0.10048    P*cold: -0.13952   Mu*_xs: -1.55299   Cv*/N_xs:  1.98074         E(kJ/mol): -1.696     P(bar):    0.106     
Step:  4999999    NAcc:  2500002    fAcc:  0.500      Maxd:  3.58559    E*/N:  -1.69434   P*:     0.10049    P*cold: -0.13951   Mu*_xs: -1.55325   Cv*/N_xs:  1.98875         E(kJ/mol): -1.690     P(bar):    0.111     
# Computed average properties: 
 # E*/N:  -1.66427  
 # P*:     0.10049   
 # Cv*/N_xs:   1.98875        
 # Mu*_xs:  -1.55325  
