# Number of atoms:       500
# Atom type:             Ar
# Molar Mass (g/mol):    39.948
# Density (g/cm^3):      1.18184
# LJ sigma (Angstrom):   3.4
# LJ epsilon/kB (K):     120
# LJ cutoff (Angstrom):  13.6
# LJ cutoff (sigma):     4
# Temperature (K):       144
# Number MC steps:       5e+06
# Output frequency:      20000
# Num. den. (atoms/Ang): 0.0178099
# Box length (x):        30.3927
# Box length (y):        30.3927
# Box length (z):        30.3927
# Init. spacing (Ang):   3.37697
# reduc. density (rho*): 0.7
# reduc. temp (T*):      1.2
Step:  19999      NAcc:  9035       fAcc:  0.452      Maxd:  0.27375    E*/N:  -4.09481   P*:     nan        P*cold: nan        Mu*_xs: -0.00000   Cv*/N_xs:  0.00000         E(kJ/mol): -4.084     P(bar):    4.204     
Step:  39999      NAcc:  20000      fAcc:  0.500      Maxd:  0.85941    E*/N:  -4.60338   P*:     nan        P*cold: nan        Mu*_xs: -0.00000   Cv*/N_xs:  0.00000         E(kJ/mol): -4.591     P(bar):    1.806     
Step:  59999      NAcc:  30001      fAcc:  0.500      Maxd:  0.44758    E*/N:  -4.75702   P*:     nan        P*cold: nan        Mu*_xs: -0.00000   Cv*/N_xs:  0.00000         E(kJ/mol): -4.745     P(bar):    1.054     
Step:  79999      NAcc:  39999      fAcc:  0.500      Maxd:  0.29409    E*/N:  -4.79003   P*:     nan        P*cold: nan        Mu*_xs: -0.00000   Cv*/N_xs:  0.00000         E(kJ/mol): -4.777     P(bar):    0.713     
Step:  99999      NAcc:  50001      fAcc:  0.500      Maxd:  3.12695    E*/N:  -4.77683   P*:     nan        P*cold: nan        Mu*_xs: -0.00000   Cv*/N_xs:  0.00000         E(kJ/mol): -4.764     P(bar):    0.492     
Step:  119999     NAcc:  59999      fAcc:  0.500      Maxd:  0.29587    E*/N:  -4.74380   P*:     nan        P*cold: nan        Mu*_xs: -0.00000   Cv*/N_xs:  0.00000         E(kJ/mol): -4.731     P(bar):    0.559     
Step:  139999     NAcc:  69999      fAcc:  0.500      Maxd:  0.37244    E*/N:  -4.67526   P*:     nan        P*cold: nan        Mu*_xs: -0.00000   Cv*/N_xs:  0.00000         E(kJ/mol): -4.663     P(bar):    0.755     
Step:  159999     NAcc:  79999      fAcc:  0.500      Maxd:  1.02571    E*/N:  -4.74411   P*:     nan        P*cold: nan        Mu*_xs: -0.00000   Cv*/N_xs:  0.00000         E(kJ/mol): -4.732     P(bar):    0.564     
Step:  179999     NAcc:  90001      fAcc:  0.500      Maxd:  0.41149    E*/N:  -4.67920   P*:     nan        P*cold: nan        Mu*_xs: -0.00000   Cv*/N_xs:  0.00000         E(kJ/mol): -4.667     P(bar):    0.751     
Step:  199999     NAcc:  100002     fAcc:  0.500      Maxd:  0.80451    E*/N:  -4.71922   P*:     nan        P*cold: nan        Mu*_xs: -0.00000   Cv*/N_xs:  0.00000         E(kJ/mol): -4.707     P(bar):    0.600     
Step:  219999     NAcc:  110000     fAcc:  0.500      Maxd:  0.53207    E*/N:  -4.71427   P*:     nan        P*cold: nan        Mu*_xs: -0.00000   Cv*/N_xs:  0.00000         E(kJ/mol): -4.702     P(bar):    0.510     
Step:  239999     NAcc:  120000     fAcc:  0.500      Maxd:  0.50292    E*/N:  -4.67143   P*:     nan        P*cold: nan        Mu*_xs: -0.00000   Cv*/N_xs:  0.00000         E(kJ/mol): -4.659     P(bar):    0.770     
Step:  259999     NAcc:  130000     fAcc:  0.500      Maxd:  0.24695    E*/N:  -4.64608   P*:     nan        P*cold: nan        Mu*_xs: -0.00000   Cv*/N_xs:  0.00000         E(kJ/mol): -4.634     P(bar):    0.731     
Step:  279999     NAcc:  139999     fAcc:  0.500      Maxd:  0.27934    E*/N:  -4.64508   P*:     nan        P*cold: nan        Mu*_xs: -0.00000   Cv*/N_xs:  0.00000         E(kJ/mol): -4.633     P(bar):    0.760     
Step:  299999     NAcc:  149999     fAcc:  0.500      Maxd:  0.27656    E*/N:  -4.66675   P*:     nan        P*cold: nan        Mu*_xs: -0.00000   Cv*/N_xs:  0.00000         E(kJ/mol): -4.655     P(bar):    0.665     
Step:  319999     NAcc:  159997     fAcc:  0.500      Maxd:  0.27080    E*/N:  -4.67915   P*:     nan        P*cold: nan        Mu*_xs: -0.00000   Cv*/N_xs:  0.00000         E(kJ/mol): -4.667     P(bar):    0.539     
Step:  339999     NAcc:  170002     fAcc:  0.500      Maxd:  1.18799    E*/N:  -4.62006   P*:     nan        P*cold: nan        Mu*_xs: -0.00000   Cv*/N_xs:  0.00000         E(kJ/mol): -4.608     P(bar):    0.846     
Step:  359999     NAcc:  179999     fAcc:  0.500      Maxd:  0.69009    E*/N:  -4.66224   P*:     nan        P*cold: nan        Mu*_xs: -0.00000   Cv*/N_xs:  0.00000         E(kJ/mol): -4.650     P(bar):    0.747     
Step:  379999     NAcc:  190002     fAcc:  0.500      Maxd:  0.77884    E*/N:  -4.75919   P*:     nan        P*cold: nan        Mu*_xs: -0.00000   Cv*/N_xs:  0.00000         E(kJ/mol): -4.747     P(bar):    0.422     
Step:  399999     NAcc:  200001     fAcc:  0.500      Maxd:  0.59219    E*/N:  -4.69221   P*:     nan        P*cold: nan        Mu*_xs: -0.00000   Cv*/N_xs:  0.00000         E(kJ/mol): -4.680     P(bar):    0.680     
Step:  419999     NAcc:  209999     fAcc:  0.500      Maxd:  0.27964    E*/N:  -4.70554   P*:     nan        P*cold: nan        Mu*_xs: -0.00000   Cv*/N_xs:  0.00000         E(kJ/mol): -4.693     P(bar):    0.553     
Step:  439999     NAcc:  219999     fAcc:  0.500      Maxd:  0.26209    E*/N:  -4.63899   P*:     nan        P*cold: nan        Mu*_xs: -0.00000   Cv*/N_xs:  0.00000         E(kJ/mol): -4.627     P(bar):    0.773     
Step:  459999     NAcc:  229998     fAcc:  0.500      Maxd:  0.27110    E*/N:  -4.68730   P*:     nan        P*cold: nan        Mu*_xs: -0.00000   Cv*/N_xs:  0.00000         E(kJ/mol): -4.675     P(bar):    0.682     
Step:  479999     NAcc:  240001     fAcc:  0.500      Maxd:  0.79266    E*/N:  -4.69051   P*:     nan        P*cold: nan        Mu*_xs: -0.00000   Cv*/N_xs:  0.00000         E(kJ/mol): -4.678     P(bar):    0.596     
Step:  499999     NAcc:  250001     fAcc:  0.500      Maxd:  0.42659    E*/N:  -4.73138   P*:     nan        P*cold: nan        Mu*_xs: -0.00000   Cv*/N_xs:  0.00000         E(kJ/mol): -4.719     P(bar):    0.418     
Step:  519999     NAcc:  259996     fAcc:  0.500      Maxd:  0.36846    E*/N:  -4.61591   P*:     nan        P*cold: nan        Mu*_xs: -0.00000   Cv*/N_xs:  0.00000         E(kJ/mol): -4.604     P(bar):    0.761     
Step:  539999     NAcc:  269999     fAcc:  0.500      Maxd:  0.25112    E*/N:  -4.64163   P*:     nan        P*cold: nan        Mu*_xs: -0.00000   Cv*/N_xs:  0.00000         E(kJ/mol): -4.629     P(bar):    0.652     
Step:  559999     NAcc:  279997     fAcc:  0.500      Maxd:  0.37097    E*/N:  -4.67186   P*:     nan        P*cold: nan        Mu*_xs: -0.00000   Cv*/N_xs:  0.00000         E(kJ/mol): -4.660     P(bar):    0.580     
Step:  579999     NAcc:  290002     fAcc:  0.500      Maxd:  1.09010    E*/N:  -4.68228   P*:     nan        P*cold: nan        Mu*_xs: -0.00000   Cv*/N_xs:  0.00000         E(kJ/mol): -4.670     P(bar):    0.600     
Step:  599999     NAcc:  299998     fAcc:  0.500      Maxd:  0.27689    E*/N:  -4.67857   P*:     nan        P*cold: nan        Mu*_xs: -0.00000   Cv*/N_xs:  0.00000         E(kJ/mol): -4.666     P(bar):    0.679     
Step:  619999     NAcc:  310002     fAcc:  0.500      Maxd:  0.79453    E*/N:  -4.70680   P*:     nan        P*cold: nan        Mu*_xs: -0.00000   Cv*/N_xs:  0.00000         E(kJ/mol): -4.694     P(bar):    0.420     
Step:  639999     NAcc:  320001     fAcc:  0.500      Maxd:  0.52389    E*/N:  -4.70671   P*:     nan        P*cold: nan        Mu*_xs: -0.00000   Cv*/N_xs:  0.00000         E(kJ/mol): -4.694     P(bar):    0.508     
Step:  659999     NAcc:  330001     fAcc:  0.500      Maxd:  1.46646    E*/N:  -4.66813   P*:     nan        P*cold: nan        Mu*_xs: -0.00000   Cv*/N_xs:  0.00000         E(kJ/mol): -4.656     P(bar):    0.754     
Step:  679999     NAcc:  340000     fAcc:  0.500      Maxd:  0.28996    E*/N:  -4.67630   P*:     nan        P*cold: nan        Mu*_xs: -0.00000   Cv*/N_xs:  0.00000         E(kJ/mol): -4.664     P(bar):    0.789     
Step:  699999     NAcc:  350000     fAcc:  0.500      Maxd:  0.25558    E*/N:  -4.70713   P*:     nan        P*cold: nan        Mu*_xs: -0.00000   Cv*/N_xs:  0.00000         E(kJ/mol): -4.695     P(bar):    0.539     
Step:  719999     NAcc:  359999     fAcc:  0.500      Maxd:  0.46925    E*/N:  -4.69137   P*:     nan        P*cold: nan        Mu*_xs: -0.00000   Cv*/N_xs:  0.00000         E(kJ/mol): -4.679     P(bar):    0.538     
Step:  739999     NAcc:  370000     fAcc:  0.500      Maxd:  0.27081    E*/N:  -4.65846   P*:     nan        P*cold: nan        Mu*_xs: -0.00000   Cv*/N_xs:  0.00000         E(kJ/mol): -4.646     P(bar):    0.633     
Step:  759999     NAcc:  379997     fAcc:  0.500      Maxd:  0.45207    E*/N:  -4.63356   P*:     nan        P*cold: nan        Mu*_xs: -0.00000   Cv*/N_xs:  0.00000         E(kJ/mol): -4.621     P(bar):    0.763     
Step:  779999     NAcc:  390000     fAcc:  0.500      Maxd:  0.25966    E*/N:  -4.73931   P*:     nan        P*cold: nan        Mu*_xs: -0.00000   Cv*/N_xs:  0.00000         E(kJ/mol): -4.727     P(bar):    0.453     
Step:  799999     NAcc:  400000     fAcc:  0.500      Maxd:  0.26552    E*/N:  -4.62440   P*:     nan        P*cold: nan        Mu*_xs: -0.00000   Cv*/N_xs:  0.00000         E(kJ/mol): -4.612     P(bar):    0.877     
Step:  819999     NAcc:  409999     fAcc:  0.500      Maxd:  0.24984    E*/N:  -4.74603   P*:     nan        P*cold: nan        Mu*_xs: -0.00000   Cv*/N_xs:  0.00000         E(kJ/mol): -4.734     P(bar):    0.303     
Step:  839999     NAcc:  420001     fAcc:  0.500      Maxd:  0.70481    E*/N:  -4.68075   P*:     nan        P*cold: nan        Mu*_xs: -0.00000   Cv*/N_xs:  0.00000         E(kJ/mol): -4.668     P(bar):    0.563     
Step:  859999     NAcc:  430001     fAcc:  0.500      Maxd:  1.10848    E*/N:  -4.63613   P*:     nan        P*cold: nan        Mu*_xs: -0.00000   Cv*/N_xs:  0.00000         E(kJ/mol): -4.624     P(bar):    0.686     
Step:  879999     NAcc:  440002     fAcc:  0.500      Maxd:  0.51063    E*/N:  -4.75017   P*:     nan        P*cold: nan        Mu*_xs: -0.00000   Cv*/N_xs:  0.00000         E(kJ/mol): -4.738     P(bar):    0.296     
Step:  899999     NAcc:  449997     fAcc:  0.500      Maxd:  0.29632    E*/N:  -4.71942   P*:     nan        P*cold: nan        Mu*_xs: -0.00000   Cv*/N_xs:  0.00000         E(kJ/mol): -4.707     P(bar):    0.546     
Step:  919999     NAcc:  459996     fAcc:  0.500      Maxd:  0.26667    E*/N:  -4.68087   P*:     nan        P*cold: nan        Mu*_xs: -0.00000   Cv*/N_xs:  0.00000         E(kJ/mol): -4.669     P(bar):    0.615     
Step:  939999     NAcc:  470002     fAcc:  0.500      Maxd:  0.55645    E*/N:  -4.61292   P*:     nan        P*cold: nan        Mu*_xs: -0.00000   Cv*/N_xs:  0.00000         E(kJ/mol): -4.601     P(bar):    0.820     
Step:  959999     NAcc:  480000     fAcc:  0.500      Maxd:  0.27814    E*/N:  -4.65934   P*:     nan        P*cold: nan        Mu*_xs: -0.00000   Cv*/N_xs:  0.00000         E(kJ/mol): -4.647     P(bar):    0.591     
Step:  979999     NAcc:  489997     fAcc:  0.500      Maxd:  0.38048    E*/N:  -4.67656   P*:     nan        P*cold: nan        Mu*_xs: -0.00000   Cv*/N_xs:  0.00000         E(kJ/mol): -4.664     P(bar):    0.522     
Step:  999999     NAcc:  500000     fAcc:  0.500      Maxd:  1.02552    E*/N:  -4.66552   P*:     nan        P*cold: nan        Mu*_xs: -0.00000   Cv*/N_xs:  0.00000         E(kJ/mol): -4.653     P(bar):    0.626     
Step:  1019999    NAcc:  509999     fAcc:  0.500      Maxd:  0.43668    E*/N:  -4.61058   P*:     nan        P*cold: nan        Mu*_xs: -0.00000   Cv*/N_xs:  0.00000         E(kJ/mol): -4.599     P(bar):    0.699     
Step:  1039999    NAcc:  519999     fAcc:  0.500      Maxd:  0.28272    E*/N:  -4.61099   P*:     nan        P*cold: nan        Mu*_xs: -0.00000   Cv*/N_xs:  0.00000         E(kJ/mol): -4.599     P(bar):    0.716     
Step:  1059999    NAcc:  529999     fAcc:  0.500      Maxd:  0.33673    E*/N:  -4.67806   P*:     nan        P*cold: nan        Mu*_xs: -0.00000   Cv*/N_xs:  0.00000         E(kJ/mol): -4.666     P(bar):    0.570     
Step:  1079999    NAcc:  540001     fAcc:  0.500      Maxd:  0.52365    E*/N:  -4.62230   P*:     nan        P*cold: nan        Mu*_xs: -0.00000   Cv*/N_xs:  0.00000         E(kJ/mol): -4.610     P(bar):    0.790     
Step:  1099999    NAcc:  550000     fAcc:  0.500      Maxd:  0.29927    E*/N:  -4.66024   P*:     nan        P*cold: nan        Mu*_xs: -0.00000   Cv*/N_xs:  0.00000         E(kJ/mol): -4.648     P(bar):    0.747     
Step:  1119999    NAcc:  560000     fAcc:  0.500      Maxd:  0.24827    E*/N:  -4.66573   P*:     nan        P*cold: nan        Mu*_xs: -0.00000   Cv*/N_xs:  0.00000         E(kJ/mol): -4.654     P(bar):    0.559     
Step:  1139999    NAcc:  569999     fAcc:  0.500      Maxd:  0.28154    E*/N:  -4.64632   P*:     nan        P*cold: nan        Mu*_xs: -0.00000   Cv*/N_xs:  0.00000         E(kJ/mol): -4.634     P(bar):    0.634     
Step:  1159999    NAcc:  580000     fAcc:  0.500      Maxd:  0.49635    E*/N:  -4.65594   P*:     nan        P*cold: nan        Mu*_xs: -0.00000   Cv*/N_xs:  0.00000         E(kJ/mol): -4.644     P(bar):    0.473     
Step:  1179999    NAcc:  590000     fAcc:  0.500      Maxd:  0.50907    E*/N:  -4.62324   P*:     nan        P*cold: nan        Mu*_xs: -0.00000   Cv*/N_xs:  0.00000         E(kJ/mol): -4.611     P(bar):    0.675     
Step:  1199999    NAcc:  600002     fAcc:  0.500      Maxd:  0.85686    E*/N:  -4.64620   P*:     nan        P*cold: nan        Mu*_xs: -0.00000   Cv*/N_xs:  0.00000         E(kJ/mol): -4.634     P(bar):    0.736     
Step:  1219999    NAcc:  610000     fAcc:  0.500      Maxd:  0.52977    E*/N:  -4.61858   P*:     nan        P*cold: nan        Mu*_xs: -0.00000   Cv*/N_xs:  0.00000         E(kJ/mol): -4.606     P(bar):    0.800     
Step:  1239999    NAcc:  620001     fAcc:  0.500      Maxd:  0.57672    E*/N:  -4.64241   P*:     nan        P*cold: nan        Mu*_xs: -0.00000   Cv*/N_xs:  0.00000         E(kJ/mol): -4.630     P(bar):    0.670     
Step:  1259999    NAcc:  630000     fAcc:  0.500      Maxd:  0.24496    E*/N:  -4.69231   P*:     nan        P*cold: nan        Mu*_xs: -0.00000   Cv*/N_xs:  0.00000         E(kJ/mol): -4.680     P(bar):    0.629     
Step:  1279999    NAcc:  640001     fAcc:  0.500      Maxd:  0.84328    E*/N:  -4.72473   P*:     nan        P*cold: nan        Mu*_xs: -0.00000   Cv*/N_xs:  0.00000         E(kJ/mol): -4.712     P(bar):    0.439     
Step:  1299999    NAcc:  649999     fAcc:  0.500      Maxd:  0.29596    E*/N:  -4.64346   P*:     nan        P*cold: nan        Mu*_xs: -0.00000   Cv*/N_xs:  0.00000         E(kJ/mol): -4.631     P(bar):    0.846     
Step:  1319999    NAcc:  659998     fAcc:  0.500      Maxd:  0.26574    E*/N:  -4.71383   P*:     nan        P*cold: nan        Mu*_xs: -0.00000   Cv*/N_xs:  0.00000         E(kJ/mol): -4.701     P(bar):    0.616     
Step:  1339999    NAcc:  670000     fAcc:  0.500      Maxd:  0.28792    E*/N:  -4.66088   P*:     nan        P*cold: nan        Mu*_xs: -0.00000   Cv*/N_xs:  0.00000         E(kJ/mol): -4.649     P(bar):    0.745     
Step:  1359999    NAcc:  680000     fAcc:  0.500      Maxd:  0.30181    E*/N:  -4.63752   P*:     nan        P*cold: nan        Mu*_xs: -0.00000   Cv*/N_xs:  0.00000         E(kJ/mol): -4.625     P(bar):    0.769     
Step:  1379999    NAcc:  690001     fAcc:  0.500      Maxd:  0.75591    E*/N:  -4.65212   P*:     nan        P*cold: nan        Mu*_xs: -0.00000   Cv*/N_xs:  0.00000         E(kJ/mol): -4.640     P(bar):    0.769     
Step:  1399999    NAcc:  700000     fAcc:  0.500      Maxd:  0.26463    E*/N:  -4.69269   P*:     nan        P*cold: nan        Mu*_xs: -0.00000   Cv*/N_xs:  0.00000         E(kJ/mol): -4.680     P(bar):    0.543     
Step:  1419999    NAcc:  710000     fAcc:  0.500      Maxd:  0.26397    E*/N:  -4.66554   P*:     nan        P*cold: nan        Mu*_xs: -0.00000   Cv*/N_xs:  0.00000         E(kJ/mol): -4.653     P(bar):    0.657     
Step:  1439999    NAcc:  720000     fAcc:  0.500      Maxd:  0.29859    E*/N:  -4.57223   P*:     nan        P*cold: nan        Mu*_xs: -0.00000   Cv*/N_xs:  0.00000         E(kJ/mol): -4.560     P(bar):    0.967     
Step:  1459999    NAcc:  730000     fAcc:  0.500      Maxd:  0.24703    E*/N:  -4.62830   P*:     nan        P*cold: nan        Mu*_xs: -0.00000   Cv*/N_xs:  0.00000         E(kJ/mol): -4.616     P(bar):    0.784     
Step:  1479999    NAcc:  739996     fAcc:  0.500      Maxd:  0.28637    E*/N:  -4.69392   P*:     nan        P*cold: nan        Mu*_xs: -0.00000   Cv*/N_xs:  0.00000         E(kJ/mol): -4.682     P(bar):    0.533     
Step:  1499999    NAcc:  750002     fAcc:  0.500      Maxd:  0.73047    E*/N:  -4.70904   P*:     nan        P*cold: nan        Mu*_xs: -0.00000   Cv*/N_xs:  0.00000         E(kJ/mol): -4.697     P(bar):    0.480     
Step:  1519999    NAcc:  760001     fAcc:  0.500      Maxd:  0.79720    E*/N:  -4.66140   P*:     nan        P*cold: nan        Mu*_xs: -0.00000   Cv*/N_xs:  0.00000         E(kJ/mol): -4.649     P(bar):    0.597     
Step:  1539999    NAcc:  769999     fAcc:  0.500      Maxd:  0.50248    E*/N:  -4.74443   P*:     nan        P*cold: nan        Mu*_xs: -0.00000   Cv*/N_xs:  0.00000         E(kJ/mol): -4.732     P(bar):    0.332     
Step:  1559999    NAcc:  780001     fAcc:  0.500      Maxd:  0.37987    E*/N:  -4.72955   P*:     nan        P*cold: nan        Mu*_xs: -0.00000   Cv*/N_xs:  0.00000         E(kJ/mol): -4.717     P(bar):    0.422     
Step:  1579999    NAcc:  789999     fAcc:  0.500      Maxd:  0.77830    E*/N:  -4.60039   P*:     nan        P*cold: nan        Mu*_xs: -0.00000   Cv*/N_xs:  0.00000         E(kJ/mol): -4.588     P(bar):    0.807     
Step:  1599999    NAcc:  799999     fAcc:  0.500      Maxd:  0.30231    E*/N:  -4.67118   P*:     nan        P*cold: nan        Mu*_xs: -0.00000   Cv*/N_xs:  0.00000         E(kJ/mol): -4.659     P(bar):    0.609     
Step:  1619999    NAcc:  809998     fAcc:  0.500      Maxd:  0.27050    E*/N:  -4.66921   P*:     nan        P*cold: nan        Mu*_xs: -0.00000   Cv*/N_xs:  0.00000         E(kJ/mol): -4.657     P(bar):    0.580     
Step:  1639999    NAcc:  820000     fAcc:  0.500      Maxd:  0.24992    E*/N:  -4.61710   P*:     nan        P*cold: nan        Mu*_xs: -0.00000   Cv*/N_xs:  0.00000         E(kJ/mol): -4.605     P(bar):    0.815     
Step:  1659999    NAcc:  830001     fAcc:  0.500      Maxd:  0.52150    E*/N:  -4.65518   P*:     nan        P*cold: nan        Mu*_xs: -0.00000   Cv*/N_xs:  0.00000         E(kJ/mol): -4.643     P(bar):    0.667     
Step:  1679999    NAcc:  840000     fAcc:  0.500      Maxd:  0.38798    E*/N:  -4.69817   P*:     nan        P*cold: nan        Mu*_xs: -0.00000   Cv*/N_xs:  0.00000         E(kJ/mol): -4.686     P(bar):    0.499     
Step:  1699999    NAcc:  850000     fAcc:  0.500      Maxd:  0.25461    E*/N:  -4.61104   P*:     nan        P*cold: nan        Mu*_xs: -0.00000   Cv*/N_xs:  0.00000         E(kJ/mol): -4.599     P(bar):    0.992     
Step:  1719999    NAcc:  860000     fAcc:  0.500      Maxd:  0.26041    E*/N:  -4.75776   P*:     nan        P*cold: nan        Mu*_xs: -0.00000   Cv*/N_xs:  0.00000         E(kJ/mol): -4.745     P(bar):    0.349     
Step:  1739999    NAcc:  870000     fAcc:  0.500      Maxd:  0.26357    E*/N:  -4.60841   P*:     nan        P*cold: nan        Mu*_xs: -0.00000   Cv*/N_xs:  0.00000         E(kJ/mol): -4.596     P(bar):    0.827     
Step:  1759999    NAcc:  880000     fAcc:  0.500      Maxd:  0.28081    E*/N:  -4.67237   P*:     nan        P*cold: nan        Mu*_xs: -0.00000   Cv*/N_xs:  0.00000         E(kJ/mol): -4.660     P(bar):    0.629     
Step:  1779999    NAcc:  890000     fAcc:  0.500      Maxd:  0.41577    E*/N:  -4.62587   P*:     nan        P*cold: nan        Mu*_xs: -0.00000   Cv*/N_xs:  0.00000         E(kJ/mol): -4.614     P(bar):    0.734     
Step:  1799999    NAcc:  900000     fAcc:  0.500      Maxd:  0.25848    E*/N:  -4.70647   P*:     nan        P*cold: nan        Mu*_xs: -0.00000   Cv*/N_xs:  0.00000         E(kJ/mol): -4.694     P(bar):    0.603     
Step:  1819999    NAcc:  909999     fAcc:  0.500      Maxd:  0.29636    E*/N:  -4.67988   P*:     nan        P*cold: nan        Mu*_xs: -0.00000   Cv*/N_xs:  0.00000         E(kJ/mol): -4.668     P(bar):    0.758     
Step:  1839999    NAcc:  919999     fAcc:  0.500      Maxd:  0.26691    E*/N:  -4.70529   P*:     nan        P*cold: nan        Mu*_xs: -0.00000   Cv*/N_xs:  0.00000         E(kJ/mol): -4.693     P(bar):    0.548     
Step:  1859999    NAcc:  930000     fAcc:  0.500      Maxd:  0.29312    E*/N:  -4.67044   P*:     nan        P*cold: nan        Mu*_xs: -0.00000   Cv*/N_xs:  0.00000         E(kJ/mol): -4.658     P(bar):    0.600     
Step:  1879999    NAcc:  940000     fAcc:  0.500      Maxd:  0.26671    E*/N:  -4.63681   P*:     nan        P*cold: nan        Mu*_xs: -0.00000   Cv*/N_xs:  0.00000         E(kJ/mol): -4.625     P(bar):    0.692     
Step:  1899999    NAcc:  949999     fAcc:  0.500      Maxd:  0.30071    E*/N:  -4.72919   P*:     nan        P*cold: nan        Mu*_xs: -0.00000   Cv*/N_xs:  0.00000         E(kJ/mol): -4.717     P(bar):    0.371     
Step:  1919999    NAcc:  959999     fAcc:  0.500      Maxd:  0.26913    E*/N:  -4.66514   P*:     nan        P*cold: nan        Mu*_xs: -0.00000   Cv*/N_xs:  0.00000         E(kJ/mol): -4.653     P(bar):    0.723     
Step:  1939999    NAcc:  970000     fAcc:  0.500      Maxd:  4.49262    E*/N:  -4.63382   P*:     nan        P*cold: nan        Mu*_xs: -0.00000   Cv*/N_xs:  0.00000         E(kJ/mol): -4.622     P(bar):    0.753     
Step:  1959999    NAcc:  980001     fAcc:  0.500      Maxd:  0.37253    E*/N:  -4.66619   P*:     nan        P*cold: nan        Mu*_xs: -0.00000   Cv*/N_xs:  0.00000         E(kJ/mol): -4.654     P(bar):    0.702     
Step:  1979999    NAcc:  990000     fAcc:  0.500      Maxd:  0.36781    E*/N:  -4.64787   P*:     nan        P*cold: nan        Mu*_xs: -0.00000   Cv*/N_xs:  0.00000         E(kJ/mol): -4.636     P(bar):    0.744     
Step:  1999999    NAcc:  1000000    fAcc:  0.500      Maxd:  0.25086    E*/N:  -4.71010   P*:     nan        P*cold: nan        Mu*_xs: -0.00000   Cv*/N_xs:  0.00000         E(kJ/mol): -4.698     P(bar):    0.532     
Step:  2019999    NAcc:  1009999    fAcc:  0.500      Maxd:  0.24762    E*/N:  -4.61935   P*:     0.60667    P*cold: -0.23333   Mu*_xs: -2.08034   Cv*/N_xs:  0.39414         E(kJ/mol): -4.607     P(bar):    0.813     
Step:  2039999    NAcc:  1020000    fAcc:  0.500      Maxd:  1.19832    E*/N:  -4.68831   P*:     0.75057    P*cold: -0.08943   Mu*_xs: -1.78276   Cv*/N_xs:  0.69568         E(kJ/mol): -4.676     P(bar):    0.765     
Step:  2059999    NAcc:  1030000    fAcc:  0.500      Maxd:  0.27317    E*/N:  -4.60004   P*:     0.80996    P*cold: -0.03004   Mu*_xs: -2.04081   Cv*/N_xs:  0.75003         E(kJ/mol): -4.588     P(bar):    0.759     
Step:  2079999    NAcc:  1040000    fAcc:  0.500      Maxd:  1.12253    E*/N:  -4.63068   P*:     0.80227    P*cold: -0.03773   Mu*_xs: -2.04721   Cv*/N_xs:  0.70965         E(kJ/mol): -4.619     P(bar):    0.766     
Step:  2099999    NAcc:  1050000    fAcc:  0.500      Maxd:  0.24406    E*/N:  -4.62632   P*:     0.81368    P*cold: -0.02632   Mu*_xs: -2.05904   Cv*/N_xs:  0.75879         E(kJ/mol): -4.614     P(bar):    0.794     
Step:  2119999    NAcc:  1059998    fAcc:  0.500      Maxd:  0.28974    E*/N:  -4.68088   P*:     0.79283    P*cold: -0.04717   Mu*_xs: -2.11506   Cv*/N_xs:  0.74667         E(kJ/mol): -4.669     P(bar):    0.554     
Step:  2139999    NAcc:  1069999    fAcc:  0.500      Maxd:  0.27766    E*/N:  -4.65131   P*:     0.77826    P*cold: -0.06174   Mu*_xs: -2.14562   Cv*/N_xs:  0.71066         E(kJ/mol): -4.639     P(bar):    0.597     
Step:  2159999    NAcc:  1080001    fAcc:  0.500      Maxd:  0.37286    E*/N:  -4.68525   P*:     0.78170    P*cold: -0.05830   Mu*_xs: -2.08756   Cv*/N_xs:  0.68287         E(kJ/mol): -4.673     P(bar):    0.724     
Step:  2179999    NAcc:  1090001    fAcc:  0.500      Maxd:  0.44542    E*/N:  -4.70604   P*:     0.79729    P*cold: -0.04271   Mu*_xs: -2.06694   Cv*/N_xs:  0.64830         E(kJ/mol): -4.694     P(bar):    0.578     
Step:  2199999    NAcc:  1100001    fAcc:  0.500      Maxd:  0.56141    E*/N:  -4.70618   P*:     0.78753    P*cold: -0.05247   Mu*_xs: -2.04949   Cv*/N_xs:  0.63025         E(kJ/mol): -4.694     P(bar):    0.524     
Step:  2219999    NAcc:  1110000    fAcc:  0.500      Maxd:  0.56778    E*/N:  -4.74811   P*:     0.78356    P*cold: -0.05644   Mu*_xs: -2.02311   Cv*/N_xs:  0.65654         E(kJ/mol): -4.736     P(bar):    0.279     
Step:  2239999    NAcc:  1120001    fAcc:  0.500      Maxd:  0.43759    E*/N:  -4.64367   P*:     0.77913    P*cold: -0.06087   Mu*_xs: -2.03305   Cv*/N_xs:  0.66311         E(kJ/mol): -4.632     P(bar):    0.851     
Step:  2259999    NAcc:  1130000    fAcc:  0.500      Maxd:  0.56256    E*/N:  -4.60945   P*:     0.78094    P*cold: -0.05906   Mu*_xs: -2.01683   Cv*/N_xs:  0.67814         E(kJ/mol): -4.597     P(bar):    0.834     
Step:  2279999    NAcc:  1140001    fAcc:  0.500      Maxd:  0.59146    E*/N:  -4.63006   P*:     0.78657    P*cold: -0.05343   Mu*_xs: -2.02449   Cv*/N_xs:  0.68470         E(kJ/mol): -4.618     P(bar):    0.767     
Step:  2299999    NAcc:  1150000    fAcc:  0.500      Maxd:  0.28254    E*/N:  -4.69774   P*:     0.78974    P*cold: -0.05026   Mu*_xs: -2.00931   Cv*/N_xs:  0.67324         E(kJ/mol): -4.685     P(bar):    0.521     
Step:  2319999    NAcc:  1159999    fAcc:  0.500      Maxd:  0.28732    E*/N:  -4.64999   P*:     0.78650    P*cold: -0.05350   Mu*_xs: -2.01022   Cv*/N_xs:  0.66367         E(kJ/mol): -4.638     P(bar):    0.736     
Step:  2339999    NAcc:  1169997    fAcc:  0.500      Maxd:  0.30375    E*/N:  -4.72525   P*:     0.78974    P*cold: -0.05026   Mu*_xs: -2.03062   Cv*/N_xs:  0.64732         E(kJ/mol): -4.713     P(bar):    0.570     
Step:  2359999    NAcc:  1179998    fAcc:  0.500      Maxd:  0.28177    E*/N:  -4.71884   P*:     0.78594    P*cold: -0.05406   Mu*_xs: -2.05757   Cv*/N_xs:  0.67595         E(kJ/mol): -4.706     P(bar):    0.530     
Step:  2379999    NAcc:  1190000    fAcc:  0.500      Maxd:  0.27966    E*/N:  -4.71590   P*:     0.78388    P*cold: -0.05612   Mu*_xs: -2.08533   Cv*/N_xs:  0.68515         E(kJ/mol): -4.704     P(bar):    0.591     
Step:  2399999    NAcc:  1200001    fAcc:  0.500      Maxd:  0.37442    E*/N:  -4.68451   P*:     0.78127    P*cold: -0.05873   Mu*_xs: -2.08971   Cv*/N_xs:  0.73421         E(kJ/mol): -4.672     P(bar):    0.654     
Step:  2419999    NAcc:  1209999    fAcc:  0.500      Maxd:  0.29249    E*/N:  -4.73178   P*:     0.77370    P*cold: -0.06630   Mu*_xs: -2.08155   Cv*/N_xs:  0.75852         E(kJ/mol): -4.719     P(bar):    0.469     
Step:  2439999    NAcc:  1219999    fAcc:  0.500      Maxd:  0.67161    E*/N:  -4.72681   P*:     0.78037    P*cold: -0.05963   Mu*_xs: -2.09928   Cv*/N_xs:  0.77790         E(kJ/mol): -4.714     P(bar):    0.478     
Step:  2459999    NAcc:  1230000    fAcc:  0.500      Maxd:  0.39633    E*/N:  -4.72922   P*:     0.77604    P*cold: -0.06396   Mu*_xs: -2.11008   Cv*/N_xs:  0.76767         E(kJ/mol): -4.717     P(bar):    0.528     
Step:  2479999    NAcc:  1240000    fAcc:  0.500      Maxd:  0.24578    E*/N:  -4.59487   P*:     0.78001    P*cold: -0.05999   Mu*_xs: -2.10654   Cv*/N_xs:  0.80267         E(kJ/mol): -4.583     P(bar):    0.909     
Step:  2499999    NAcc:  1249999    fAcc:  0.500      Maxd:  0.30091    E*/N:  -4.61380   P*:     0.78486    P*cold: -0.05514   Mu*_xs: -2.08640   Cv*/N_xs:  0.82944         E(kJ/mol): -4.602     P(bar):    0.818     
Step:  2519999    NAcc:  1260002    fAcc:  0.500      Maxd:  0.57736    E*/N:  -4.68521   P*:     0.78346    P*cold: -0.05654   Mu*_xs: -2.07855   Cv*/N_xs:  0.81175         E(kJ/mol): -4.673     P(bar):    0.598     
Step:  2539999    NAcc:  1270001    fAcc:  0.500      Maxd:  0.42017    E*/N:  -4.66930   P*:     0.78399    P*cold: -0.05601   Mu*_xs: -2.07859   Cv*/N_xs:  0.79191         E(kJ/mol): -4.657     P(bar):    0.613     
Step:  2559999    NAcc:  1280000    fAcc:  0.500      Maxd:  0.25278    E*/N:  -4.61834   P*:     0.78560    P*cold: -0.05440   Mu*_xs: -2.07631   Cv*/N_xs:  0.78927         E(kJ/mol): -4.606     P(bar):    0.831     
Step:  2579999    NAcc:  1290001    fAcc:  0.500      Maxd:  0.72699    E*/N:  -4.63790   P*:     0.78183    P*cold: -0.05817   Mu*_xs: -2.08614   Cv*/N_xs:  0.78373         E(kJ/mol): -4.626     P(bar):    0.720     
Step:  2599999    NAcc:  1300000    fAcc:  0.500      Maxd:  0.30040    E*/N:  -4.65837   P*:     0.78416    P*cold: -0.05584   Mu*_xs: -2.09624   Cv*/N_xs:  0.78339         E(kJ/mol): -4.646     P(bar):    0.742     
Step:  2619999    NAcc:  1309999    fAcc:  0.500      Maxd:  0.25817    E*/N:  -4.65837   P*:     0.78543    P*cold: -0.05457   Mu*_xs: -2.08664   Cv*/N_xs:  0.76894         E(kJ/mol): -4.646     P(bar):    0.690     
Step:  2639999    NAcc:  1319999    fAcc:  0.500      Maxd:  0.61195    E*/N:  -4.73139   P*:     0.78342    P*cold: -0.05658   Mu*_xs: -2.09724   Cv*/N_xs:  0.75969         E(kJ/mol): -4.719     P(bar):    0.425     
Step:  2659999    NAcc:  1330001    fAcc:  0.500      Maxd:  1.54347    E*/N:  -4.66798   P*:     0.78170    P*cold: -0.05830   Mu*_xs: -2.12089   Cv*/N_xs:  0.75137         E(kJ/mol): -4.656     P(bar):    0.666     
Step:  2679999    NAcc:  1339999    fAcc:  0.500      Maxd:  0.28653    E*/N:  -4.63492   P*:     0.78163    P*cold: -0.05837   Mu*_xs: -2.12221   Cv*/N_xs:  0.73965         E(kJ/mol): -4.623     P(bar):    0.754     
Step:  2699999    NAcc:  1350000    fAcc:  0.500      Maxd:  0.29646    E*/N:  -4.64384   P*:     0.78123    P*cold: -0.05877   Mu*_xs: -2.11713   Cv*/N_xs:  0.72668         E(kJ/mol): -4.632     P(bar):    0.722     
Step:  2719999    NAcc:  1359999    fAcc:  0.500      Maxd:  0.27563    E*/N:  -4.67527   P*:     0.78193    P*cold: -0.05807   Mu*_xs: -2.11246   Cv*/N_xs:  0.72637         E(kJ/mol): -4.663     P(bar):    0.659     
Step:  2739999    NAcc:  1369999    fAcc:  0.500      Maxd:  0.28432    E*/N:  -4.63651   P*:     0.78260    P*cold: -0.05740   Mu*_xs: -2.11522   Cv*/N_xs:  0.71887         E(kJ/mol): -4.624     P(bar):    0.824     
Step:  2759999    NAcc:  1379997    fAcc:  0.500      Maxd:  0.29625    E*/N:  -4.63692   P*:     0.78232    P*cold: -0.05768   Mu*_xs: -2.11673   Cv*/N_xs:  0.71049         E(kJ/mol): -4.625     P(bar):    0.779     
Step:  2779999    NAcc:  1389999    fAcc:  0.500      Maxd:  0.73994    E*/N:  -4.71478   P*:     0.78571    P*cold: -0.05429   Mu*_xs: -2.10583   Cv*/N_xs:  0.71864         E(kJ/mol): -4.702     P(bar):    0.496     
Step:  2799999    NAcc:  1399998    fAcc:  0.500      Maxd:  0.57833    E*/N:  -4.64437   P*:     0.78542    P*cold: -0.05458   Mu*_xs: -2.12004   Cv*/N_xs:  0.70679         E(kJ/mol): -4.632     P(bar):    0.826     
Step:  2819999    NAcc:  1410000    fAcc:  0.500      Maxd:  0.28285    E*/N:  -4.66513   P*:     0.78579    P*cold: -0.05421   Mu*_xs: -2.11093   Cv*/N_xs:  0.70195         E(kJ/mol): -4.653     P(bar):    0.755     
Step:  2839999    NAcc:  1420000    fAcc:  0.500      Maxd:  0.65174    E*/N:  -4.65534   P*:     0.78787    P*cold: -0.05213   Mu*_xs: -2.10806   Cv*/N_xs:  0.70272         E(kJ/mol): -4.643     P(bar):    0.705     
Step:  2859999    NAcc:  1429998    fAcc:  0.500      Maxd:  0.26769    E*/N:  -4.71039   P*:     0.78447    P*cold: -0.05553   Mu*_xs: -2.11010   Cv*/N_xs:  0.72195         E(kJ/mol): -4.698     P(bar):    0.482     
Step:  2879999    NAcc:  1440001    fAcc:  0.500      Maxd:  1.00847    E*/N:  -4.69228   P*:     0.78328    P*cold: -0.05672   Mu*_xs: -2.11461   Cv*/N_xs:  0.71756         E(kJ/mol): -4.680     P(bar):    0.585     
Step:  2899999    NAcc:  1450002    fAcc:  0.500      Maxd:  1.62545    E*/N:  -4.69735   P*:     0.78629    P*cold: -0.05371   Mu*_xs: -2.11311   Cv*/N_xs:  0.71057         E(kJ/mol): -4.685     P(bar):    0.633     
Step:  2919999    NAcc:  1460002    fAcc:  0.500      Maxd:  1.65796    E*/N:  -4.59842   P*:     0.78768    P*cold: -0.05232   Mu*_xs: -2.11840   Cv*/N_xs:  0.70981         E(kJ/mol): -4.586     P(bar):    0.895     
Step:  2939999    NAcc:  1469996    fAcc:  0.500      Maxd:  0.34260    E*/N:  -4.62649   P*:     0.79197    P*cold: -0.04803   Mu*_xs: -2.12191   Cv*/N_xs:  0.71523         E(kJ/mol): -4.614     P(bar):    0.854     
Step:  2959999    NAcc:  1479996    fAcc:  0.500      Maxd:  0.39498    E*/N:  -4.64569   P*:     0.79311    P*cold: -0.04689   Mu*_xs: -2.12186   Cv*/N_xs:  0.70785         E(kJ/mol): -4.634     P(bar):    0.794     
Step:  2979999    NAcc:  1490000    fAcc:  0.500      Maxd:  0.24426    E*/N:  -4.58610   P*:     0.79549    P*cold: -0.04451   Mu*_xs: -2.12822   Cv*/N_xs:  0.70753         E(kJ/mol): -4.574     P(bar):    0.966     
Step:  2999999    NAcc:  1499999    fAcc:  0.500      Maxd:  0.28645    E*/N:  -4.65207   P*:     0.79578    P*cold: -0.04422   Mu*_xs: -2.13337   Cv*/N_xs:  0.70275         E(kJ/mol): -4.640     P(bar):    0.712     
Step:  3019999    NAcc:  1509997    fAcc:  0.500      Maxd:  0.29630    E*/N:  -4.68615   P*:     0.79566    P*cold: -0.04434   Mu*_xs: -2.13294   Cv*/N_xs:  0.69870         E(kJ/mol): -4.674     P(bar):    0.719     
Step:  3039999    NAcc:  1520000    fAcc:  0.500      Maxd:  0.28007    E*/N:  -4.68107   P*:     0.79686    P*cold: -0.04314   Mu*_xs: -2.12200   Cv*/N_xs:  0.69895         E(kJ/mol): -4.669     P(bar):    0.665     
Step:  3059999    NAcc:  1530000    fAcc:  0.500      Maxd:  0.27076    E*/N:  -4.72745   P*:     0.79804    P*cold: -0.04196   Mu*_xs: -2.12406   Cv*/N_xs:  0.70677         E(kJ/mol): -4.715     P(bar):    0.615     
Step:  3079999    NAcc:  1540000    fAcc:  0.500      Maxd:  0.29498    E*/N:  -4.67917   P*:     0.79765    P*cold: -0.04235   Mu*_xs: -2.12058   Cv*/N_xs:  0.70500         E(kJ/mol): -4.667     P(bar):    0.657     
Step:  3099999    NAcc:  1549999    fAcc:  0.500      Maxd:  0.27875    E*/N:  -4.73358   P*:     0.79932    P*cold: -0.04068   Mu*_xs: -2.12063   Cv*/N_xs:  0.69846         E(kJ/mol): -4.721     P(bar):    0.514     
Step:  3119999    NAcc:  1559997    fAcc:  0.500      Maxd:  0.29395    E*/N:  -4.65573   P*:     0.79848    P*cold: -0.04152   Mu*_xs: -2.11470   Cv*/N_xs:  0.69773         E(kJ/mol): -4.644     P(bar):    0.777     
Step:  3139999    NAcc:  1570000    fAcc:  0.500      Maxd:  1.60709    E*/N:  -4.78168   P*:     0.79750    P*cold: -0.04250   Mu*_xs: -2.10302   Cv*/N_xs:  0.70740         E(kJ/mol): -4.769     P(bar):    0.319     
Step:  3159999    NAcc:  1580000    fAcc:  0.500      Maxd:  0.28597    E*/N:  -4.59988   P*:     0.79932    P*cold: -0.04068   Mu*_xs: -2.10167   Cv*/N_xs:  0.72214         E(kJ/mol): -4.588     P(bar):    0.909     
Step:  3179999    NAcc:  1589998    fAcc:  0.500      Maxd:  0.28249    E*/N:  -4.65264   P*:     0.80100    P*cold: -0.03900   Mu*_xs: -2.09936   Cv*/N_xs:  0.72112         E(kJ/mol): -4.640     P(bar):    0.679     
Step:  3199999    NAcc:  1600000    fAcc:  0.500      Maxd:  0.26198    E*/N:  -4.73766   P*:     0.80296    P*cold: -0.03704   Mu*_xs: -2.10463   Cv*/N_xs:  0.72984         E(kJ/mol): -4.725     P(bar):    0.501     
Step:  3219999    NAcc:  1610001    fAcc:  0.500      Maxd:  0.67652    E*/N:  -4.67167   P*:     0.80366    P*cold: -0.03634   Mu*_xs: -2.10512   Cv*/N_xs:  0.72374         E(kJ/mol): -4.659     P(bar):    0.702     
Step:  3239999    NAcc:  1619999    fAcc:  0.500      Maxd:  0.29280    E*/N:  -4.70089   P*:     0.80323    P*cold: -0.03677   Mu*_xs: -2.09874   Cv*/N_xs:  0.71942         E(kJ/mol): -4.689     P(bar):    0.552     
Step:  3259999    NAcc:  1630000    fAcc:  0.500      Maxd:  0.24419    E*/N:  -4.59503   P*:     0.79993    P*cold: -0.04007   Mu*_xs: -2.10083   Cv*/N_xs:  0.74089         E(kJ/mol): -4.583     P(bar):    0.893     
Step:  3279999    NAcc:  1639999    fAcc:  0.500      Maxd:  0.24982    E*/N:  -4.69043   P*:     0.80155    P*cold: -0.03845   Mu*_xs: -2.10302   Cv*/N_xs:  0.74277         E(kJ/mol): -4.678     P(bar):    0.625     
Step:  3299999    NAcc:  1649999    fAcc:  0.500      Maxd:  0.24334    E*/N:  -4.61920   P*:     0.80138    P*cold: -0.03862   Mu*_xs: -2.09750   Cv*/N_xs:  0.74080         E(kJ/mol): -4.607     P(bar):    0.904     
Step:  3319999    NAcc:  1660000    fAcc:  0.500      Maxd:  0.47958    E*/N:  -4.66994   P*:     0.80218    P*cold: -0.03782   Mu*_xs: -2.09756   Cv*/N_xs:  0.73831         E(kJ/mol): -4.658     P(bar):    0.605     
Step:  3339999    NAcc:  1670002    fAcc:  0.500      Maxd:  0.77455    E*/N:  -4.67322   P*:     0.80167    P*cold: -0.03833   Mu*_xs: -2.09873   Cv*/N_xs:  0.73728         E(kJ/mol): -4.661     P(bar):    0.618     
Step:  3359999    NAcc:  1679998    fAcc:  0.500      Maxd:  0.26906    E*/N:  -4.68685   P*:     0.80267    P*cold: -0.03733   Mu*_xs: -2.10416   Cv*/N_xs:  0.74104         E(kJ/mol): -4.675     P(bar):    0.617     
Step:  3379999    NAcc:  1690000    fAcc:  0.500      Maxd:  0.75314    E*/N:  -4.63286   P*:     0.80081    P*cold: -0.03919   Mu*_xs: -2.09756   Cv*/N_xs:  0.75257         E(kJ/mol): -4.621     P(bar):    0.784     
Step:  3399999    NAcc:  1700000    fAcc:  0.500      Maxd:  0.28381    E*/N:  -4.60804   P*:     0.79901    P*cold: -0.04099   Mu*_xs: -2.09587   Cv*/N_xs:  0.75337         E(kJ/mol): -4.596     P(bar):    0.832     
Step:  3419999    NAcc:  1710000    fAcc:  0.500      Maxd:  0.26900    E*/N:  -4.61987   P*:     0.79767    P*cold: -0.04233   Mu*_xs: -2.10159   Cv*/N_xs:  0.75399         E(kJ/mol): -4.608     P(bar):    0.826     
Step:  3439999    NAcc:  1720001    fAcc:  0.500      Maxd:  1.24225    E*/N:  -4.59973   P*:     0.79673    P*cold: -0.04327   Mu*_xs: -2.09815   Cv*/N_xs:  0.75249         E(kJ/mol): -4.588     P(bar):    0.792     
Step:  3459999    NAcc:  1730001    fAcc:  0.500      Maxd:  0.61459    E*/N:  -4.63230   P*:     0.79674    P*cold: -0.04326   Mu*_xs: -2.08837   Cv*/N_xs:  0.74836         E(kJ/mol): -4.620     P(bar):    0.775     
Step:  3479999    NAcc:  1740003    fAcc:  0.500      Maxd:  1.29307    E*/N:  -4.67990   P*:     0.79639    P*cold: -0.04361   Mu*_xs: -2.08699   Cv*/N_xs:  0.74905         E(kJ/mol): -4.668     P(bar):    0.592     
Step:  3499999    NAcc:  1750000    fAcc:  0.500      Maxd:  0.25218    E*/N:  -4.67059   P*:     0.79348    P*cold: -0.04652   Mu*_xs: -2.08380   Cv*/N_xs:  0.75687         E(kJ/mol): -4.658     P(bar):    0.665     
Step:  3519999    NAcc:  1760000    fAcc:  0.500      Maxd:  0.29699    E*/N:  -4.68036   P*:     0.79207    P*cold: -0.04793   Mu*_xs: -2.08331   Cv*/N_xs:  0.75317         E(kJ/mol): -4.668     P(bar):    0.591     
Step:  3539999    NAcc:  1770001    fAcc:  0.500      Maxd:  0.65106    E*/N:  -4.62211   P*:     0.79327    P*cold: -0.04673   Mu*_xs: -2.08247   Cv*/N_xs:  0.75072         E(kJ/mol): -4.610     P(bar):    0.852     
Step:  3559999    NAcc:  1780000    fAcc:  0.500      Maxd:  0.48717    E*/N:  -4.63550   P*:     0.79512    P*cold: -0.04488   Mu*_xs: -2.08308   Cv*/N_xs:  0.74686         E(kJ/mol): -4.623     P(bar):    0.804     
Step:  3579999    NAcc:  1789999    fAcc:  0.500      Maxd:  0.25454    E*/N:  -4.63834   P*:     0.79682    P*cold: -0.04318   Mu*_xs: -2.08116   Cv*/N_xs:  0.74603         E(kJ/mol): -4.626     P(bar):    0.783     
Step:  3599999    NAcc:  1799999    fAcc:  0.500      Maxd:  0.26769    E*/N:  -4.64860   P*:     0.79902    P*cold: -0.04098   Mu*_xs: -2.08405   Cv*/N_xs:  0.75246         E(kJ/mol): -4.636     P(bar):    0.822     
Step:  3619999    NAcc:  1809999    fAcc:  0.500      Maxd:  0.29880    E*/N:  -4.64420   P*:     0.80029    P*cold: -0.03971   Mu*_xs: -2.08690   Cv*/N_xs:  0.74745         E(kJ/mol): -4.632     P(bar):    0.828     
Step:  3639999    NAcc:  1820000    fAcc:  0.500      Maxd:  0.50458    E*/N:  -4.64319   P*:     0.80258    P*cold: -0.03742   Mu*_xs: -2.08992   Cv*/N_xs:  0.75139         E(kJ/mol): -4.631     P(bar):    0.705     
Step:  3659999    NAcc:  1830000    fAcc:  0.500      Maxd:  0.75726    E*/N:  -4.66920   P*:     0.80357    P*cold: -0.03643   Mu*_xs: -2.08586   Cv*/N_xs:  0.74808         E(kJ/mol): -4.657     P(bar):    0.645     
Step:  3679999    NAcc:  1840001    fAcc:  0.500      Maxd:  0.53652    E*/N:  -4.68492   P*:     0.80343    P*cold: -0.03657   Mu*_xs: -2.08951   Cv*/N_xs:  0.74590         E(kJ/mol): -4.673     P(bar):    0.576     
Step:  3699999    NAcc:  1850000    fAcc:  0.500      Maxd:  1.19815    E*/N:  -4.65422   P*:     0.80382    P*cold: -0.03618   Mu*_xs: -2.09261   Cv*/N_xs:  0.74061         E(kJ/mol): -4.642     P(bar):    0.763     
Step:  3719999    NAcc:  1859997    fAcc:  0.500      Maxd:  0.35904    E*/N:  -4.66049   P*:     0.80271    P*cold: -0.03729   Mu*_xs: -2.08925   Cv*/N_xs:  0.74327         E(kJ/mol): -4.648     P(bar):    0.547     
Step:  3739999    NAcc:  1869999    fAcc:  0.500      Maxd:  0.25649    E*/N:  -4.67111   P*:     0.80036    P*cold: -0.03964   Mu*_xs: -2.09310   Cv*/N_xs:  0.74152         E(kJ/mol): -4.659     P(bar):    0.571     
Step:  3759999    NAcc:  1880001    fAcc:  0.500      Maxd:  0.58117    E*/N:  -4.60834   P*:     0.80163    P*cold: -0.03837   Mu*_xs: -2.09305   Cv*/N_xs:  0.74715         E(kJ/mol): -4.596     P(bar):    0.869     
Step:  3779999    NAcc:  1889998    fAcc:  0.500      Maxd:  0.30359    E*/N:  -4.69910   P*:     0.79949    P*cold: -0.04051   Mu*_xs: -2.09196   Cv*/N_xs:  0.74907         E(kJ/mol): -4.687     P(bar):    0.479     
Step:  3799999    NAcc:  1900001    fAcc:  0.500      Maxd:  2.49526    E*/N:  -4.69081   P*:     0.79815    P*cold: -0.04185   Mu*_xs: -2.08947   Cv*/N_xs:  0.74507         E(kJ/mol): -4.679     P(bar):    0.543     
Step:  3819999    NAcc:  1909999    fAcc:  0.500      Maxd:  0.27867    E*/N:  -4.59640   P*:     0.79819    P*cold: -0.04181   Mu*_xs: -2.09037   Cv*/N_xs:  0.74622         E(kJ/mol): -4.584     P(bar):    1.011     
Step:  3839999    NAcc:  1919999    fAcc:  0.500      Maxd:  0.28575    E*/N:  -4.64128   P*:     0.79647    P*cold: -0.04353   Mu*_xs: -2.08951   Cv*/N_xs:  0.75806         E(kJ/mol): -4.629     P(bar):    0.714     
Step:  3859999    NAcc:  1930000    fAcc:  0.500      Maxd:  0.28219    E*/N:  -4.66462   P*:     0.79646    P*cold: -0.04354   Mu*_xs: -2.09013   Cv*/N_xs:  0.75611         E(kJ/mol): -4.652     P(bar):    0.676     
Step:  3879999    NAcc:  1940000    fAcc:  0.500      Maxd:  0.29662    E*/N:  -4.66170   P*:     0.79691    P*cold: -0.04309   Mu*_xs: -2.09110   Cv*/N_xs:  0.75222         E(kJ/mol): -4.649     P(bar):    0.780     
Step:  3899999    NAcc:  1950001    fAcc:  0.500      Maxd:  0.76846    E*/N:  -4.66896   P*:     0.79827    P*cold: -0.04173   Mu*_xs: -2.09152   Cv*/N_xs:  0.75273         E(kJ/mol): -4.657     P(bar):    0.711     
Step:  3919999    NAcc:  1960001    fAcc:  0.500      Maxd:  0.56729    E*/N:  -4.58024   P*:     0.80067    P*cold: -0.03933   Mu*_xs: -2.08942   Cv*/N_xs:  0.76461         E(kJ/mol): -4.568     P(bar):    0.925     
Step:  3939999    NAcc:  1969998    fAcc:  0.500      Maxd:  0.27982    E*/N:  -4.66932   P*:     0.80014    P*cold: -0.03986   Mu*_xs: -2.09213   Cv*/N_xs:  0.76766         E(kJ/mol): -4.657     P(bar):    0.633     
Step:  3959999    NAcc:  1979998    fAcc:  0.500      Maxd:  0.28944    E*/N:  -4.69758   P*:     0.79944    P*cold: -0.04056   Mu*_xs: -2.08936   Cv*/N_xs:  0.76539         E(kJ/mol): -4.685     P(bar):    0.702     
Step:  3979999    NAcc:  1990001    fAcc:  0.500      Maxd:  0.77643    E*/N:  -4.72437   P*:     0.80008    P*cold: -0.03992   Mu*_xs: -2.09469   Cv*/N_xs:  0.76293         E(kJ/mol): -4.712     P(bar):    0.536     
Step:  3999999    NAcc:  2000001    fAcc:  0.500      Maxd:  2.65284    E*/N:  -4.64040   P*:     0.80227    P*cold: -0.03773   Mu*_xs: -2.09700   Cv*/N_xs:  0.76733         E(kJ/mol): -4.628     P(bar):    0.818     
Step:  4019999    NAcc:  2009999    fAcc:  0.500      Maxd:  0.25233    E*/N:  -4.66109   P*:     0.80228    P*cold: -0.03772   Mu*_xs: -2.09927   Cv*/N_xs:  0.76328         E(kJ/mol): -4.649     P(bar):    0.643     
Step:  4039999    NAcc:  2020000    fAcc:  0.500      Maxd:  0.46561    E*/N:  -4.73772   P*:     0.80114    P*cold: -0.03886   Mu*_xs: -2.09729   Cv*/N_xs:  0.76292         E(kJ/mol): -4.725     P(bar):    0.429     
Step:  4059999    NAcc:  2029998    fAcc:  0.500      Maxd:  0.25610    E*/N:  -4.67328   P*:     0.80195    P*cold: -0.03805   Mu*_xs: -2.09795   Cv*/N_xs:  0.76048         E(kJ/mol): -4.661     P(bar):    0.639     
Step:  4079999    NAcc:  2040000    fAcc:  0.500      Maxd:  0.98629    E*/N:  -4.70425   P*:     0.80073    P*cold: -0.03927   Mu*_xs: -2.09698   Cv*/N_xs:  0.76189         E(kJ/mol): -4.692     P(bar):    0.499     
Step:  4099999    NAcc:  2050000    fAcc:  0.500      Maxd:  0.30297    E*/N:  -4.70448   P*:     0.80019    P*cold: -0.03981   Mu*_xs: -2.10537   Cv*/N_xs:  0.75942         E(kJ/mol): -4.692     P(bar):    0.564     
Step:  4119999    NAcc:  2060000    fAcc:  0.500      Maxd:  0.28097    E*/N:  -4.65464   P*:     0.79959    P*cold: -0.04041   Mu*_xs: -2.10879   Cv*/N_xs:  0.75695         E(kJ/mol): -4.642     P(bar):    0.659     
Step:  4139999    NAcc:  2069999    fAcc:  0.500      Maxd:  0.27880    E*/N:  -4.67007   P*:     0.79946    P*cold: -0.04054   Mu*_xs: -2.10716   Cv*/N_xs:  0.75375         E(kJ/mol): -4.658     P(bar):    0.632     
Step:  4159999    NAcc:  2079999    fAcc:  0.500      Maxd:  0.37242    E*/N:  -4.62789   P*:     0.80021    P*cold: -0.03979   Mu*_xs: -2.10978   Cv*/N_xs:  0.75054         E(kJ/mol): -4.616     P(bar):    0.801     
Step:  4179999    NAcc:  2090000    fAcc:  0.500      Maxd:  0.28169    E*/N:  -4.65639   P*:     0.80205    P*cold: -0.03795   Mu*_xs: -2.11277   Cv*/N_xs:  0.75285         E(kJ/mol): -4.644     P(bar):    0.739     
Step:  4199999    NAcc:  2099999    fAcc:  0.500      Maxd:  0.28282    E*/N:  -4.66768   P*:     0.80343    P*cold: -0.03657   Mu*_xs: -2.10908   Cv*/N_xs:  0.75502         E(kJ/mol): -4.655     P(bar):    0.622     
Step:  4219999    NAcc:  2110001    fAcc:  0.500      Maxd:  0.53819    E*/N:  -4.66351   P*:     0.80266    P*cold: -0.03734   Mu*_xs: -2.10933   Cv*/N_xs:  0.75824         E(kJ/mol): -4.651     P(bar):    0.625     
Step:  4239999    NAcc:  2119997    fAcc:  0.500      Maxd:  0.25677    E*/N:  -4.69360   P*:     0.80189    P*cold: -0.03811   Mu*_xs: -2.10979   Cv*/N_xs:  0.75597         E(kJ/mol): -4.681     P(bar):    0.670     
Step:  4259999    NAcc:  2129999    fAcc:  0.500      Maxd:  0.25994    E*/N:  -4.71581   P*:     0.80206    P*cold: -0.03794   Mu*_xs: -2.11265   Cv*/N_xs:  0.76066         E(kJ/mol): -4.703     P(bar):    0.646     
Step:  4279999    NAcc:  2140000    fAcc:  0.500      Maxd:  0.40892    E*/N:  -4.60101   P*:     0.80328    P*cold: -0.03672   Mu*_xs: -2.12058   Cv*/N_xs:  0.75707         E(kJ/mol): -4.589     P(bar):    0.994     
Step:  4299999    NAcc:  2150002    fAcc:  0.500      Maxd:  1.51907    E*/N:  -4.63997   P*:     0.80417    P*cold: -0.03583   Mu*_xs: -2.12137   Cv*/N_xs:  0.75623         E(kJ/mol): -4.628     P(bar):    0.837     
Step:  4319999    NAcc:  2159998    fAcc:  0.500      Maxd:  0.40536    E*/N:  -4.60967   P*:     0.80503    P*cold: -0.03497   Mu*_xs: -2.12153   Cv*/N_xs:  0.75392         E(kJ/mol): -4.598     P(bar):    0.828     
Step:  4339999    NAcc:  2170000    fAcc:  0.500      Maxd:  0.67145    E*/N:  -4.63895   P*:     0.80613    P*cold: -0.03387   Mu*_xs: -2.12147   Cv*/N_xs:  0.75701         E(kJ/mol): -4.627     P(bar):    0.774     
Step:  4359999    NAcc:  2180000    fAcc:  0.500      Maxd:  0.54068    E*/N:  -4.71974   P*:     0.80733    P*cold: -0.03267   Mu*_xs: -2.12230   Cv*/N_xs:  0.76287         E(kJ/mol): -4.707     P(bar):    0.434     
Step:  4379999    NAcc:  2190002    fAcc:  0.500      Maxd:  0.79633    E*/N:  -4.62681   P*:     0.80732    P*cold: -0.03268   Mu*_xs: -2.11893   Cv*/N_xs:  0.76063         E(kJ/mol): -4.615     P(bar):    0.772     
Step:  4399999    NAcc:  2200000    fAcc:  0.500      Maxd:  0.28194    E*/N:  -4.66368   P*:     0.80838    P*cold: -0.03162   Mu*_xs: -2.11803   Cv*/N_xs:  0.76161         E(kJ/mol): -4.651     P(bar):    0.666     
Step:  4419999    NAcc:  2210000    fAcc:  0.500      Maxd:  0.27774    E*/N:  -4.63347   P*:     0.80748    P*cold: -0.03252   Mu*_xs: -2.12079   Cv*/N_xs:  0.76068         E(kJ/mol): -4.621     P(bar):    0.767     
Step:  4439999    NAcc:  2220000    fAcc:  0.500      Maxd:  0.27587    E*/N:  -4.64515   P*:     0.80867    P*cold: -0.03133   Mu*_xs: -2.12055   Cv*/N_xs:  0.76234         E(kJ/mol): -4.633     P(bar):    0.634     
Step:  4459999    NAcc:  2229998    fAcc:  0.500      Maxd:  0.26798    E*/N:  -4.67796   P*:     0.80879    P*cold: -0.03121   Mu*_xs: -2.12016   Cv*/N_xs:  0.75952         E(kJ/mol): -4.666     P(bar):    0.567     
Step:  4479999    NAcc:  2240000    fAcc:  0.500      Maxd:  0.27054    E*/N:  -4.57617   P*:     0.80885    P*cold: -0.03115   Mu*_xs: -2.11802   Cv*/N_xs:  0.76125         E(kJ/mol): -4.564     P(bar):    0.863     
Step:  4499999    NAcc:  2250000    fAcc:  0.500      Maxd:  0.24623    E*/N:  -4.67497   P*:     0.80871    P*cold: -0.03129   Mu*_xs: -2.11967   Cv*/N_xs:  0.75944         E(kJ/mol): -4.663     P(bar):    0.535     
Step:  4519999    NAcc:  2259999    fAcc:  0.500      Maxd:  0.31458    E*/N:  -4.67214   P*:     0.80649    P*cold: -0.03351   Mu*_xs: -2.12077   Cv*/N_xs:  0.76366         E(kJ/mol): -4.660     P(bar):    0.601     
Step:  4539999    NAcc:  2270001    fAcc:  0.500      Maxd:  0.84111    E*/N:  -4.65734   P*:     0.80684    P*cold: -0.03316   Mu*_xs: -2.12006   Cv*/N_xs:  0.76256         E(kJ/mol): -4.645     P(bar):    0.606     
Step:  4559999    NAcc:  2280000    fAcc:  0.500      Maxd:  0.75260    E*/N:  -4.69613   P*:     0.80463    P*cold: -0.03537   Mu*_xs: -2.11955   Cv*/N_xs:  0.76231         E(kJ/mol): -4.684     P(bar):    0.502     
Step:  4579999    NAcc:  2290000    fAcc:  0.500      Maxd:  0.27673    E*/N:  -4.70092   P*:     0.80305    P*cold: -0.03695   Mu*_xs: -2.11635   Cv*/N_xs:  0.77092         E(kJ/mol): -4.689     P(bar):    0.482     
Step:  4599999    NAcc:  2299998    fAcc:  0.500      Maxd:  0.24496    E*/N:  -4.70361   P*:     0.80245    P*cold: -0.03755   Mu*_xs: -2.11432   Cv*/N_xs:  0.76701         E(kJ/mol): -4.691     P(bar):    0.517     
Step:  4619999    NAcc:  2310001    fAcc:  0.500      Maxd:  0.74794    E*/N:  -4.67826   P*:     0.80146    P*cold: -0.03854   Mu*_xs: -2.11069   Cv*/N_xs:  0.76419         E(kJ/mol): -4.666     P(bar):    0.576     
Step:  4639999    NAcc:  2320000    fAcc:  0.500      Maxd:  0.24923    E*/N:  -4.68776   P*:     0.80118    P*cold: -0.03882   Mu*_xs: -2.11073   Cv*/N_xs:  0.76418         E(kJ/mol): -4.675     P(bar):    0.632     
Step:  4659999    NAcc:  2330000    fAcc:  0.500      Maxd:  0.35082    E*/N:  -4.64727   P*:     0.80125    P*cold: -0.03875   Mu*_xs: -2.11018   Cv*/N_xs:  0.75997         E(kJ/mol): -4.635     P(bar):    0.715     
Step:  4679999    NAcc:  2340001    fAcc:  0.500      Maxd:  0.40913    E*/N:  -4.62152   P*:     0.80161    P*cold: -0.03839   Mu*_xs: -2.11255   Cv*/N_xs:  0.75659         E(kJ/mol): -4.609     P(bar):    0.893     
Step:  4699999    NAcc:  2350001    fAcc:  0.500      Maxd:  0.67499    E*/N:  -4.69464   P*:     0.80048    P*cold: -0.03952   Mu*_xs: -2.11187   Cv*/N_xs:  0.75945         E(kJ/mol): -4.682     P(bar):    0.584     
Step:  4719999    NAcc:  2359999    fAcc:  0.500      Maxd:  0.34969    E*/N:  -4.69463   P*:     0.80006    P*cold: -0.03994   Mu*_xs: -2.11251   Cv*/N_xs:  0.75871         E(kJ/mol): -4.682     P(bar):    0.568     
Step:  4739999    NAcc:  2370000    fAcc:  0.500      Maxd:  0.26958    E*/N:  -4.65090   P*:     0.79991    P*cold: -0.04009   Mu*_xs: -2.11024   Cv*/N_xs:  0.75720         E(kJ/mol): -4.639     P(bar):    0.755     
Step:  4759999    NAcc:  2380000    fAcc:  0.500      Maxd:  0.28428    E*/N:  -4.65475   P*:     0.80017    P*cold: -0.03983   Mu*_xs: -2.10840   Cv*/N_xs:  0.75334         E(kJ/mol): -4.643     P(bar):    0.721     
Step:  4779999    NAcc:  2390000    fAcc:  0.500      Maxd:  0.26154    E*/N:  -4.69620   P*:     0.79923    P*cold: -0.04077   Mu*_xs: -2.10567   Cv*/N_xs:  0.75164         E(kJ/mol): -4.684     P(bar):    0.564     
Step:  4799999    NAcc:  2399997    fAcc:  0.500      Maxd:  0.82148    E*/N:  -4.68961   P*:     0.79917    P*cold: -0.04083   Mu*_xs: -2.10534   Cv*/N_xs:  0.75124         E(kJ/mol): -4.677     P(bar):    0.658     
Step:  4819999    NAcc:  2410002    fAcc:  0.500      Maxd:  0.90668    E*/N:  -4.68244   P*:     0.79869    P*cold: -0.04131   Mu*_xs: -2.10511   Cv*/N_xs:  0.75120         E(kJ/mol): -4.670     P(bar):    0.649     
Step:  4839999    NAcc:  2420001    fAcc:  0.500      Maxd:  0.54698    E*/N:  -4.65379   P*:     0.79841    P*cold: -0.04159   Mu*_xs: -2.10349   Cv*/N_xs:  0.74956         E(kJ/mol): -4.642     P(bar):    0.601     
Step:  4859999    NAcc:  2430000    fAcc:  0.500      Maxd:  0.26050    E*/N:  -4.62266   P*:     0.79859    P*cold: -0.04141   Mu*_xs: -2.09926   Cv*/N_xs:  0.75080         E(kJ/mol): -4.611     P(bar):    0.766     
Step:  4879999    NAcc:  2439999    fAcc:  0.500      Maxd:  0.30849    E*/N:  -4.70128   P*:     0.79811    P*cold: -0.04189   Mu*_xs: -2.10043   Cv*/N_xs:  0.74737         E(kJ/mol): -4.689     P(bar):    0.556     
Step:  4899999    NAcc:  2450000    fAcc:  0.500      Maxd:  0.29637    E*/N:  -4.66318   P*:     0.79707    P*cold: -0.04293   Mu*_xs: -2.10001   Cv*/N_xs:  0.74754         E(kJ/mol): -4.651     P(bar):    0.582     
Step:  4919999    NAcc:  2459999    fAcc:  0.500      Maxd:  0.29899    E*/N:  -4.75358   P*:     0.79625    P*cold: -0.04375   Mu*_xs: -2.10018   Cv*/N_xs:  0.74855         E(kJ/mol): -4.741     P(bar):    0.310     
Step:  4939999    NAcc:  2469999    fAcc:  0.500      Maxd:  0.48433    E*/N:  -4.67415   P*:     0.79491    P*cold: -0.04509   Mu*_xs: -2.09826   Cv*/N_xs:  0.75213         E(kJ/mol): -4.662     P(bar):    0.595     
Step:  4959999    NAcc:  2479998    fAcc:  0.500      Maxd:  0.30216    E*/N:  -4.64156   P*:     0.79563    P*cold: -0.04437   Mu*_xs: -2.09733   Cv*/N_xs:  0.75191         E(kJ/mol): -4.629     P(bar):    0.796     
Step:  4979999    NAcc:  2490001    fAcc:  0.500      Maxd:  0.73420    E*/N:  -4.64071   P*:     0.79568    P*cold: -0.04432   Mu*_xs: -2.09840   Cv*/N_xs:  0.75123         E(kJ/mol): -4.629     P(bar):    0.772     
Step:  4999999    NAcc:  2499999    fAcc:  0.500      Maxd:  0.26361    E*/N:  -4.62037   P*:     0.79640    P*cold: -0.04360   Mu*_xs: -2.09873   Cv*/N_xs:  0.75178         E(kJ/mol): -4.608     P(bar):    0.859     
# Computed average properties: 
 # E*/N:  -4.66593  
 # P*:     0.79640   
 # Cv*/N_xs:   0.75178        
 # Mu*_xs:  -2.09873  
