# Number of atoms:       500
# Atom type:             Ar
# Molar Mass (g/mol):    39.948
# Density (g/cm^3):      0.168835
# LJ sigma (Angstrom):   3.4
# LJ epsilon/kB (K):     120
# LJ cutoff (Angstrom):  13.6
# LJ cutoff (sigma):     4
# Temperature (K):       144
# Number MC steps:       5e+06
# Output frequency:      20000
# Num. den. (atoms/Ang): 0.00254427
# Box length (x):        58.1392
# Box length (y):        58.1392
# Box length (z):        58.1392
# Init. spacing (Ang):   6.45991
# reduc. density (rho*): 0.1
# reduc. temp (T*):      1.2
Step:  19999      NAcc:  10004      fAcc:  0.500      Maxd:  32.77501   E*/N:  -0.86715   P*:     nan        P*cold: nan        Mu*_xs: -0.00000   Cv*/N_xs:  0.00000         E(kJ/mol): -0.865     P(bar):    0.069     
Step:  39999      NAcc:  20002      fAcc:  0.500      Maxd:  1.18747    E*/N:  -0.82565   P*:     nan        P*cold: nan        Mu*_xs: -0.00000   Cv*/N_xs:  0.00000         E(kJ/mol): -0.823     P(bar):    0.055     
Step:  59999      NAcc:  29997      fAcc:  0.500      Maxd:  5.10342    E*/N:  -0.93629   P*:     nan        P*cold: nan        Mu*_xs: -0.00000   Cv*/N_xs:  0.00000         E(kJ/mol): -0.934     P(bar):    0.051     
Step:  79999      NAcc:  39998      fAcc:  0.500      Maxd:  1.04146    E*/N:  -0.83433   P*:     nan        P*cold: nan        Mu*_xs: -0.00000   Cv*/N_xs:  0.00000         E(kJ/mol): -0.832     P(bar):    0.072     
Step:  99999      NAcc:  49999      fAcc:  0.500      Maxd:  0.69344    E*/N:  -0.84504   P*:     nan        P*cold: nan        Mu*_xs: -0.00000   Cv*/N_xs:  0.00000         E(kJ/mol): -0.843     P(bar):    0.071     
Step:  119999     NAcc:  60002      fAcc:  0.500      Maxd:  3.44269    E*/N:  -0.83506   P*:     nan        P*cold: nan        Mu*_xs: -0.00000   Cv*/N_xs:  0.00000         E(kJ/mol): -0.833     P(bar):    0.060     
Step:  139999     NAcc:  70001      fAcc:  0.500      Maxd:  1.60628    E*/N:  -0.83262   P*:     nan        P*cold: nan        Mu*_xs: -0.00000   Cv*/N_xs:  0.00000         E(kJ/mol): -0.830     P(bar):    0.052     
Step:  159999     NAcc:  80000      fAcc:  0.500      Maxd:  24.01556   E*/N:  -0.81429   P*:     nan        P*cold: nan        Mu*_xs: -0.00000   Cv*/N_xs:  0.00000         E(kJ/mol): -0.812     P(bar):    0.070     
Step:  179999     NAcc:  89998      fAcc:  0.500      Maxd:  1.06526    E*/N:  -0.86375   P*:     nan        P*cold: nan        Mu*_xs: -0.00000   Cv*/N_xs:  0.00000         E(kJ/mol): -0.861     P(bar):    0.053     
Step:  199999     NAcc:  100002     fAcc:  0.500      Maxd:  1.00539    E*/N:  -0.86945   P*:     nan        P*cold: nan        Mu*_xs: -0.00000   Cv*/N_xs:  0.00000         E(kJ/mol): -0.867     P(bar):    0.057     
Step:  219999     NAcc:  109999     fAcc:  0.500      Maxd:  9.00482    E*/N:  -0.87380   P*:     nan        P*cold: nan        Mu*_xs: -0.00000   Cv*/N_xs:  0.00000         E(kJ/mol): -0.872     P(bar):    0.070     
Step:  239999     NAcc:  119999     fAcc:  0.500      Maxd:  10.89833   E*/N:  -0.83119   P*:     nan        P*cold: nan        Mu*_xs: -0.00000   Cv*/N_xs:  0.00000         E(kJ/mol): -0.829     P(bar):    0.061     
Step:  259999     NAcc:  130001     fAcc:  0.500      Maxd:  7.77588    E*/N:  -0.85606   P*:     nan        P*cold: nan        Mu*_xs: -0.00000   Cv*/N_xs:  0.00000         E(kJ/mol): -0.854     P(bar):    0.072     
Step:  279999     NAcc:  140004     fAcc:  0.500      Maxd:  31.14758   E*/N:  -0.81032   P*:     nan        P*cold: nan        Mu*_xs: -0.00000   Cv*/N_xs:  0.00000         E(kJ/mol): -0.808     P(bar):    0.076     
Step:  299999     NAcc:  150002     fAcc:  0.500      Maxd:  33.59518   E*/N:  -0.79288   P*:     nan        P*cold: nan        Mu*_xs: -0.00000   Cv*/N_xs:  0.00000         E(kJ/mol): -0.791     P(bar):    0.078     
Step:  319999     NAcc:  160003     fAcc:  0.500      Maxd:  32.02637   E*/N:  -0.74694   P*:     nan        P*cold: nan        Mu*_xs: -0.00000   Cv*/N_xs:  0.00000         E(kJ/mol): -0.745     P(bar):    0.073     
Step:  339999     NAcc:  170002     fAcc:  0.500      Maxd:  31.02413   E*/N:  -0.78991   P*:     nan        P*cold: nan        Mu*_xs: -0.00000   Cv*/N_xs:  0.00000         E(kJ/mol): -0.788     P(bar):    0.073     
Step:  359999     NAcc:  180002     fAcc:  0.500      Maxd:  32.38202   E*/N:  -0.83249   P*:     nan        P*cold: nan        Mu*_xs: -0.00000   Cv*/N_xs:  0.00000         E(kJ/mol): -0.830     P(bar):    0.072     
Step:  379999     NAcc:  190000     fAcc:  0.500      Maxd:  6.34228    E*/N:  -0.80724   P*:     nan        P*cold: nan        Mu*_xs: -0.00000   Cv*/N_xs:  0.00000         E(kJ/mol): -0.805     P(bar):    0.075     
Step:  399999     NAcc:  200000     fAcc:  0.500      Maxd:  2.46597    E*/N:  -0.82728   P*:     nan        P*cold: nan        Mu*_xs: -0.00000   Cv*/N_xs:  0.00000         E(kJ/mol): -0.825     P(bar):    0.064     
Step:  419999     NAcc:  210002     fAcc:  0.500      Maxd:  31.61381   E*/N:  -0.79853   P*:     nan        P*cold: nan        Mu*_xs: -0.00000   Cv*/N_xs:  0.00000         E(kJ/mol): -0.796     P(bar):    0.072     
Step:  439999     NAcc:  220000     fAcc:  0.500      Maxd:  27.76779   E*/N:  -0.75117   P*:     nan        P*cold: nan        Mu*_xs: -0.00000   Cv*/N_xs:  0.00000         E(kJ/mol): -0.749     P(bar):    0.067     
Step:  459999     NAcc:  230003     fAcc:  0.500      Maxd:  30.80946   E*/N:  -0.83615   P*:     nan        P*cold: nan        Mu*_xs: -0.00000   Cv*/N_xs:  0.00000         E(kJ/mol): -0.834     P(bar):    0.042     
Step:  479999     NAcc:  240001     fAcc:  0.500      Maxd:  0.99704    E*/N:  -0.87500   P*:     nan        P*cold: nan        Mu*_xs: -0.00000   Cv*/N_xs:  0.00000         E(kJ/mol): -0.873     P(bar):    0.068     
Step:  499999     NAcc:  250000     fAcc:  0.500      Maxd:  0.57743    E*/N:  -0.82764   P*:     nan        P*cold: nan        Mu*_xs: -0.00000   Cv*/N_xs:  0.00000         E(kJ/mol): -0.825     P(bar):    0.075     
Step:  519999     NAcc:  260002     fAcc:  0.500      Maxd:  13.53678   E*/N:  -0.82945   P*:     nan        P*cold: nan        Mu*_xs: -0.00000   Cv*/N_xs:  0.00000         E(kJ/mol): -0.827     P(bar):    0.057     
Step:  539999     NAcc:  269999     fAcc:  0.500      Maxd:  0.55241    E*/N:  -0.85392   P*:     nan        P*cold: nan        Mu*_xs: -0.00000   Cv*/N_xs:  0.00000         E(kJ/mol): -0.852     P(bar):    0.063     
Step:  559999     NAcc:  279999     fAcc:  0.500      Maxd:  10.34195   E*/N:  -0.85250   P*:     nan        P*cold: nan        Mu*_xs: -0.00000   Cv*/N_xs:  0.00000         E(kJ/mol): -0.850     P(bar):    0.074     
Step:  579999     NAcc:  290002     fAcc:  0.500      Maxd:  31.60108   E*/N:  -0.84652   P*:     nan        P*cold: nan        Mu*_xs: -0.00000   Cv*/N_xs:  0.00000         E(kJ/mol): -0.844     P(bar):    0.070     
Step:  599999     NAcc:  300001     fAcc:  0.500      Maxd:  5.29787    E*/N:  -0.83295   P*:     nan        P*cold: nan        Mu*_xs: -0.00000   Cv*/N_xs:  0.00000         E(kJ/mol): -0.831     P(bar):    0.071     
Step:  619999     NAcc:  310000     fAcc:  0.500      Maxd:  0.55786    E*/N:  -0.90882   P*:     nan        P*cold: nan        Mu*_xs: -0.00000   Cv*/N_xs:  0.00000         E(kJ/mol): -0.906     P(bar):    0.072     
Step:  639999     NAcc:  320004     fAcc:  0.500      Maxd:  21.25367   E*/N:  -0.77992   P*:     nan        P*cold: nan        Mu*_xs: -0.00000   Cv*/N_xs:  0.00000         E(kJ/mol): -0.778     P(bar):    0.069     
Step:  659999     NAcc:  330004     fAcc:  0.500      Maxd:  23.98686   E*/N:  -0.91240   P*:     nan        P*cold: nan        Mu*_xs: -0.00000   Cv*/N_xs:  0.00000         E(kJ/mol): -0.910     P(bar):    0.066     
Step:  679999     NAcc:  340007     fAcc:  0.500      Maxd:  31.33511   E*/N:  -0.81128   P*:     nan        P*cold: nan        Mu*_xs: -0.00000   Cv*/N_xs:  0.00000         E(kJ/mol): -0.809     P(bar):    0.076     
Step:  699999     NAcc:  349999     fAcc:  0.500      Maxd:  16.80039   E*/N:  -0.79581   P*:     nan        P*cold: nan        Mu*_xs: -0.00000   Cv*/N_xs:  0.00000         E(kJ/mol): -0.794     P(bar):    0.050     
Step:  719999     NAcc:  360004     fAcc:  0.500      Maxd:  29.08967   E*/N:  -0.77720   P*:     nan        P*cold: nan        Mu*_xs: -0.00000   Cv*/N_xs:  0.00000         E(kJ/mol): -0.775     P(bar):    0.069     
Step:  739999     NAcc:  370002     fAcc:  0.500      Maxd:  32.50324   E*/N:  -0.84503   P*:     nan        P*cold: nan        Mu*_xs: -0.00000   Cv*/N_xs:  0.00000         E(kJ/mol): -0.843     P(bar):    0.061     
Step:  759999     NAcc:  380002     fAcc:  0.500      Maxd:  33.67186   E*/N:  -0.78222   P*:     nan        P*cold: nan        Mu*_xs: -0.00000   Cv*/N_xs:  0.00000         E(kJ/mol): -0.780     P(bar):    0.087     
Step:  779999     NAcc:  390002     fAcc:  0.500      Maxd:  4.16822    E*/N:  -0.78589   P*:     nan        P*cold: nan        Mu*_xs: -0.00000   Cv*/N_xs:  0.00000         E(kJ/mol): -0.784     P(bar):    0.058     
Step:  799999     NAcc:  400000     fAcc:  0.500      Maxd:  0.75087    E*/N:  -0.83789   P*:     nan        P*cold: nan        Mu*_xs: -0.00000   Cv*/N_xs:  0.00000         E(kJ/mol): -0.836     P(bar):    0.071     
Step:  819999     NAcc:  409998     fAcc:  0.500      Maxd:  2.16867    E*/N:  -0.87739   P*:     nan        P*cold: nan        Mu*_xs: -0.00000   Cv*/N_xs:  0.00000         E(kJ/mol): -0.875     P(bar):    0.075     
Step:  839999     NAcc:  420004     fAcc:  0.500      Maxd:  30.89401   E*/N:  -0.89654   P*:     nan        P*cold: nan        Mu*_xs: -0.00000   Cv*/N_xs:  0.00000         E(kJ/mol): -0.894     P(bar):    0.060     
Step:  859999     NAcc:  430002     fAcc:  0.500      Maxd:  11.19855   E*/N:  -0.76746   P*:     nan        P*cold: nan        Mu*_xs: -0.00000   Cv*/N_xs:  0.00000         E(kJ/mol): -0.765     P(bar):    0.060     
Step:  879999     NAcc:  439999     fAcc:  0.500      Maxd:  17.82527   E*/N:  -0.87926   P*:     nan        P*cold: nan        Mu*_xs: -0.00000   Cv*/N_xs:  0.00000         E(kJ/mol): -0.877     P(bar):    0.062     
Step:  899999     NAcc:  449999     fAcc:  0.500      Maxd:  5.71804    E*/N:  -0.85632   P*:     nan        P*cold: nan        Mu*_xs: -0.00000   Cv*/N_xs:  0.00000         E(kJ/mol): -0.854     P(bar):    0.058     
Step:  919999     NAcc:  460000     fAcc:  0.500      Maxd:  0.53137    E*/N:  -0.79006   P*:     nan        P*cold: nan        Mu*_xs: -0.00000   Cv*/N_xs:  0.00000         E(kJ/mol): -0.788     P(bar):    0.055     
Step:  939999     NAcc:  470007     fAcc:  0.500      Maxd:  31.91840   E*/N:  -0.86638   P*:     nan        P*cold: nan        Mu*_xs: -0.00000   Cv*/N_xs:  0.00000         E(kJ/mol): -0.864     P(bar):    0.066     
Step:  959999     NAcc:  480003     fAcc:  0.500      Maxd:  29.59369   E*/N:  -0.82662   P*:     nan        P*cold: nan        Mu*_xs: -0.00000   Cv*/N_xs:  0.00000         E(kJ/mol): -0.824     P(bar):    0.067     
Step:  979999     NAcc:  490002     fAcc:  0.500      Maxd:  0.97098    E*/N:  -0.85038   P*:     nan        P*cold: nan        Mu*_xs: -0.00000   Cv*/N_xs:  0.00000         E(kJ/mol): -0.848     P(bar):    0.079     
Step:  999999     NAcc:  500005     fAcc:  0.500      Maxd:  31.06779   E*/N:  -0.75540   P*:     nan        P*cold: nan        Mu*_xs: -0.00000   Cv*/N_xs:  0.00000         E(kJ/mol): -0.753     P(bar):    0.087     
Step:  1019999    NAcc:  509999     fAcc:  0.500      Maxd:  16.85850   E*/N:  -0.83296   P*:     nan        P*cold: nan        Mu*_xs: -0.00000   Cv*/N_xs:  0.00000         E(kJ/mol): -0.831     P(bar):    0.081     
Step:  1039999    NAcc:  520000     fAcc:  0.500      Maxd:  14.66365   E*/N:  -0.78148   P*:     nan        P*cold: nan        Mu*_xs: -0.00000   Cv*/N_xs:  0.00000         E(kJ/mol): -0.779     P(bar):    0.081     
Step:  1059999    NAcc:  529999     fAcc:  0.500      Maxd:  0.96183    E*/N:  -0.86674   P*:     nan        P*cold: nan        Mu*_xs: -0.00000   Cv*/N_xs:  0.00000         E(kJ/mol): -0.864     P(bar):    0.062     
Step:  1079999    NAcc:  540001     fAcc:  0.500      Maxd:  30.11177   E*/N:  -0.86652   P*:     nan        P*cold: nan        Mu*_xs: -0.00000   Cv*/N_xs:  0.00000         E(kJ/mol): -0.864     P(bar):    0.065     
Step:  1099999    NAcc:  550003     fAcc:  0.500      Maxd:  30.64466   E*/N:  -0.86285   P*:     nan        P*cold: nan        Mu*_xs: -0.00000   Cv*/N_xs:  0.00000         E(kJ/mol): -0.861     P(bar):    0.092     
Step:  1119999    NAcc:  560000     fAcc:  0.500      Maxd:  4.37119    E*/N:  -0.81920   P*:     nan        P*cold: nan        Mu*_xs: -0.00000   Cv*/N_xs:  0.00000         E(kJ/mol): -0.817     P(bar):    0.072     
Step:  1139999    NAcc:  570001     fAcc:  0.500      Maxd:  29.96986   E*/N:  -0.83083   P*:     nan        P*cold: nan        Mu*_xs: -0.00000   Cv*/N_xs:  0.00000         E(kJ/mol): -0.829     P(bar):    0.078     
Step:  1159999    NAcc:  580002     fAcc:  0.500      Maxd:  31.43870   E*/N:  -0.83852   P*:     nan        P*cold: nan        Mu*_xs: -0.00000   Cv*/N_xs:  0.00000         E(kJ/mol): -0.836     P(bar):    0.075     
Step:  1179999    NAcc:  590001     fAcc:  0.500      Maxd:  32.39826   E*/N:  -0.85148   P*:     nan        P*cold: nan        Mu*_xs: -0.00000   Cv*/N_xs:  0.00000         E(kJ/mol): -0.849     P(bar):    0.057     
Step:  1199999    NAcc:  599999     fAcc:  0.500      Maxd:  5.68338    E*/N:  -0.85970   P*:     nan        P*cold: nan        Mu*_xs: -0.00000   Cv*/N_xs:  0.00000         E(kJ/mol): -0.857     P(bar):    0.059     
Step:  1219999    NAcc:  610003     fAcc:  0.500      Maxd:  3.44846    E*/N:  -0.82954   P*:     nan        P*cold: nan        Mu*_xs: -0.00000   Cv*/N_xs:  0.00000         E(kJ/mol): -0.827     P(bar):    0.071     
Step:  1239999    NAcc:  620001     fAcc:  0.500      Maxd:  6.83562    E*/N:  -0.78972   P*:     nan        P*cold: nan        Mu*_xs: -0.00000   Cv*/N_xs:  0.00000         E(kJ/mol): -0.788     P(bar):    0.066     
Step:  1259999    NAcc:  629998     fAcc:  0.500      Maxd:  2.92754    E*/N:  -0.79568   P*:     nan        P*cold: nan        Mu*_xs: -0.00000   Cv*/N_xs:  0.00000         E(kJ/mol): -0.794     P(bar):    0.059     
Step:  1279999    NAcc:  640000     fAcc:  0.500      Maxd:  17.60777   E*/N:  -0.86072   P*:     nan        P*cold: nan        Mu*_xs: -0.00000   Cv*/N_xs:  0.00000         E(kJ/mol): -0.858     P(bar):    0.059     
Step:  1299999    NAcc:  649999     fAcc:  0.500      Maxd:  9.32530    E*/N:  -0.87124   P*:     nan        P*cold: nan        Mu*_xs: -0.00000   Cv*/N_xs:  0.00000         E(kJ/mol): -0.869     P(bar):    0.062     
Step:  1319999    NAcc:  659999     fAcc:  0.500      Maxd:  0.70836    E*/N:  -0.78967   P*:     nan        P*cold: nan        Mu*_xs: -0.00000   Cv*/N_xs:  0.00000         E(kJ/mol): -0.788     P(bar):    0.068     
Step:  1339999    NAcc:  670000     fAcc:  0.500      Maxd:  16.42005   E*/N:  -0.86190   P*:     nan        P*cold: nan        Mu*_xs: -0.00000   Cv*/N_xs:  0.00000         E(kJ/mol): -0.860     P(bar):    0.068     
Step:  1359999    NAcc:  680005     fAcc:  0.500      Maxd:  30.91157   E*/N:  -0.83156   P*:     nan        P*cold: nan        Mu*_xs: -0.00000   Cv*/N_xs:  0.00000         E(kJ/mol): -0.829     P(bar):    0.076     
Step:  1379999    NAcc:  689999     fAcc:  0.500      Maxd:  2.69214    E*/N:  -0.85076   P*:     nan        P*cold: nan        Mu*_xs: -0.00000   Cv*/N_xs:  0.00000         E(kJ/mol): -0.849     P(bar):    0.070     
Step:  1399999    NAcc:  700000     fAcc:  0.500      Maxd:  0.54486    E*/N:  -0.81432   P*:     nan        P*cold: nan        Mu*_xs: -0.00000   Cv*/N_xs:  0.00000         E(kJ/mol): -0.812     P(bar):    0.064     
Step:  1419999    NAcc:  709999     fAcc:  0.500      Maxd:  0.59867    E*/N:  -0.84434   P*:     nan        P*cold: nan        Mu*_xs: -0.00000   Cv*/N_xs:  0.00000         E(kJ/mol): -0.842     P(bar):    0.061     
Step:  1439999    NAcc:  720001     fAcc:  0.500      Maxd:  24.36157   E*/N:  -0.75934   P*:     nan        P*cold: nan        Mu*_xs: -0.00000   Cv*/N_xs:  0.00000         E(kJ/mol): -0.757     P(bar):    0.068     
Step:  1459999    NAcc:  730001     fAcc:  0.500      Maxd:  29.38840   E*/N:  -0.85443   P*:     nan        P*cold: nan        Mu*_xs: -0.00000   Cv*/N_xs:  0.00000         E(kJ/mol): -0.852     P(bar):    0.072     
Step:  1479999    NAcc:  740000     fAcc:  0.500      Maxd:  9.57959    E*/N:  -0.82521   P*:     nan        P*cold: nan        Mu*_xs: -0.00000   Cv*/N_xs:  0.00000         E(kJ/mol): -0.823     P(bar):    0.057     
Step:  1499999    NAcc:  750002     fAcc:  0.500      Maxd:  1.35758    E*/N:  -0.78901   P*:     nan        P*cold: nan        Mu*_xs: -0.00000   Cv*/N_xs:  0.00000         E(kJ/mol): -0.787     P(bar):    0.049     
Step:  1519999    NAcc:  760000     fAcc:  0.500      Maxd:  8.29710    E*/N:  -0.82950   P*:     nan        P*cold: nan        Mu*_xs: -0.00000   Cv*/N_xs:  0.00000         E(kJ/mol): -0.827     P(bar):    0.076     
Step:  1539999    NAcc:  770003     fAcc:  0.500      Maxd:  26.30352   E*/N:  -0.84594   P*:     nan        P*cold: nan        Mu*_xs: -0.00000   Cv*/N_xs:  0.00000         E(kJ/mol): -0.844     P(bar):    0.068     
Step:  1559999    NAcc:  780004     fAcc:  0.500      Maxd:  14.86795   E*/N:  -0.80147   P*:     nan        P*cold: nan        Mu*_xs: -0.00000   Cv*/N_xs:  0.00000         E(kJ/mol): -0.799     P(bar):    0.054     
Step:  1579999    NAcc:  790003     fAcc:  0.500      Maxd:  32.11517   E*/N:  -0.77227   P*:     nan        P*cold: nan        Mu*_xs: -0.00000   Cv*/N_xs:  0.00000         E(kJ/mol): -0.770     P(bar):    0.068     
Step:  1599999    NAcc:  800002     fAcc:  0.500      Maxd:  1.45701    E*/N:  -0.85555   P*:     nan        P*cold: nan        Mu*_xs: -0.00000   Cv*/N_xs:  0.00000         E(kJ/mol): -0.853     P(bar):    0.065     
Step:  1619999    NAcc:  809999     fAcc:  0.500      Maxd:  11.83238   E*/N:  -0.83198   P*:     nan        P*cold: nan        Mu*_xs: -0.00000   Cv*/N_xs:  0.00000         E(kJ/mol): -0.830     P(bar):    0.060     
Step:  1639999    NAcc:  820001     fAcc:  0.500      Maxd:  33.37079   E*/N:  -0.78389   P*:     nan        P*cold: nan        Mu*_xs: -0.00000   Cv*/N_xs:  0.00000         E(kJ/mol): -0.782     P(bar):    0.074     
Step:  1659999    NAcc:  830003     fAcc:  0.500      Maxd:  25.86765   E*/N:  -0.77044   P*:     nan        P*cold: nan        Mu*_xs: -0.00000   Cv*/N_xs:  0.00000         E(kJ/mol): -0.768     P(bar):    0.073     
Step:  1679999    NAcc:  840002     fAcc:  0.500      Maxd:  30.93288   E*/N:  -0.82698   P*:     nan        P*cold: nan        Mu*_xs: -0.00000   Cv*/N_xs:  0.00000         E(kJ/mol): -0.825     P(bar):    0.079     
Step:  1699999    NAcc:  850002     fAcc:  0.500      Maxd:  34.19253   E*/N:  -0.80702   P*:     nan        P*cold: nan        Mu*_xs: -0.00000   Cv*/N_xs:  0.00000         E(kJ/mol): -0.805     P(bar):    0.062     
Step:  1719999    NAcc:  860002     fAcc:  0.500      Maxd:  1.41574    E*/N:  -0.82198   P*:     nan        P*cold: nan        Mu*_xs: -0.00000   Cv*/N_xs:  0.00000         E(kJ/mol): -0.820     P(bar):    0.071     
Step:  1739999    NAcc:  870003     fAcc:  0.500      Maxd:  30.95725   E*/N:  -0.83780   P*:     nan        P*cold: nan        Mu*_xs: -0.00000   Cv*/N_xs:  0.00000         E(kJ/mol): -0.836     P(bar):    0.077     
Step:  1759999    NAcc:  880004     fAcc:  0.500      Maxd:  13.93233   E*/N:  -0.86826   P*:     nan        P*cold: nan        Mu*_xs: -0.00000   Cv*/N_xs:  0.00000         E(kJ/mol): -0.866     P(bar):    0.064     
Step:  1779999    NAcc:  889999     fAcc:  0.500      Maxd:  3.64227    E*/N:  -0.76475   P*:     nan        P*cold: nan        Mu*_xs: -0.00000   Cv*/N_xs:  0.00000         E(kJ/mol): -0.763     P(bar):    0.064     
Step:  1799999    NAcc:  900003     fAcc:  0.500      Maxd:  31.82315   E*/N:  -0.82663   P*:     nan        P*cold: nan        Mu*_xs: -0.00000   Cv*/N_xs:  0.00000         E(kJ/mol): -0.824     P(bar):    0.077     
Step:  1819999    NAcc:  910000     fAcc:  0.500      Maxd:  1.03087    E*/N:  -0.84604   P*:     nan        P*cold: nan        Mu*_xs: -0.00000   Cv*/N_xs:  0.00000         E(kJ/mol): -0.844     P(bar):    0.071     
Step:  1839999    NAcc:  919999     fAcc:  0.500      Maxd:  10.19565   E*/N:  -0.83382   P*:     nan        P*cold: nan        Mu*_xs: -0.00000   Cv*/N_xs:  0.00000         E(kJ/mol): -0.832     P(bar):    0.052     
Step:  1859999    NAcc:  930003     fAcc:  0.500      Maxd:  32.66407   E*/N:  -0.85652   P*:     nan        P*cold: nan        Mu*_xs: -0.00000   Cv*/N_xs:  0.00000         E(kJ/mol): -0.854     P(bar):    0.069     
Step:  1879999    NAcc:  940002     fAcc:  0.500      Maxd:  30.89024   E*/N:  -0.89978   P*:     nan        P*cold: nan        Mu*_xs: -0.00000   Cv*/N_xs:  0.00000         E(kJ/mol): -0.897     P(bar):    0.066     
Step:  1899999    NAcc:  950002     fAcc:  0.500      Maxd:  30.49861   E*/N:  -0.87071   P*:     nan        P*cold: nan        Mu*_xs: -0.00000   Cv*/N_xs:  0.00000         E(kJ/mol): -0.868     P(bar):    0.064     
Step:  1919999    NAcc:  960006     fAcc:  0.500      Maxd:  29.66283   E*/N:  -0.85040   P*:     nan        P*cold: nan        Mu*_xs: -0.00000   Cv*/N_xs:  0.00000         E(kJ/mol): -0.848     P(bar):    0.057     
Step:  1939999    NAcc:  970003     fAcc:  0.500      Maxd:  1.85943    E*/N:  -0.79580   P*:     nan        P*cold: nan        Mu*_xs: -0.00000   Cv*/N_xs:  0.00000         E(kJ/mol): -0.794     P(bar):    0.056     
Step:  1959999    NAcc:  980006     fAcc:  0.500      Maxd:  34.78545   E*/N:  -0.85215   P*:     nan        P*cold: nan        Mu*_xs: -0.00000   Cv*/N_xs:  0.00000         E(kJ/mol): -0.850     P(bar):    0.057     
Step:  1979999    NAcc:  990000     fAcc:  0.500      Maxd:  0.56976    E*/N:  -0.80750   P*:     nan        P*cold: nan        Mu*_xs: -0.00000   Cv*/N_xs:  0.00000         E(kJ/mol): -0.805     P(bar):    0.089     
Step:  1999999    NAcc:  999999     fAcc:  0.500      Maxd:  6.21947    E*/N:  -0.91216   P*:     nan        P*cold: nan        Mu*_xs: -0.00000   Cv*/N_xs:  0.00000         E(kJ/mol): -0.910     P(bar):    0.061     
Step:  2019999    NAcc:  1010003    fAcc:  0.500      Maxd:  29.34685   E*/N:  -0.87323   P*:     0.08105    P*cold: -0.03895   Mu*_xs: -0.83515   Cv*/N_xs:  0.51340         E(kJ/mol): -0.871     P(bar):    0.063     
Step:  2039999    NAcc:  1020002    fAcc:  0.500      Maxd:  30.23499   E*/N:  -0.78111   P*:     0.08002    P*cold: -0.03998   Mu*_xs: -0.83864   Cv*/N_xs:  0.72974         E(kJ/mol): -0.779     P(bar):    0.066     
Step:  2059999    NAcc:  1030001    fAcc:  0.500      Maxd:  32.35057   E*/N:  -0.79500   P*:     0.07802    P*cold: -0.04198   Mu*_xs: -0.84416   Cv*/N_xs:  0.75479         E(kJ/mol): -0.793     P(bar):    0.065     
Step:  2079999    NAcc:  1039999    fAcc:  0.500      Maxd:  2.27268    E*/N:  -0.88913   P*:     0.07871    P*cold: -0.04129   Mu*_xs: -0.84319   Cv*/N_xs:  0.64793         E(kJ/mol): -0.887     P(bar):    0.072     
Step:  2099999    NAcc:  1050005    fAcc:  0.500      Maxd:  32.69340   E*/N:  -0.82748   P*:     0.07986    P*cold: -0.04014   Mu*_xs: -0.84425   Cv*/N_xs:  0.82402         E(kJ/mol): -0.825     P(bar):    0.054     
Step:  2119999    NAcc:  1060002    fAcc:  0.500      Maxd:  29.77054   E*/N:  -0.78865   P*:     0.08028    P*cold: -0.03972   Mu*_xs: -0.84573   Cv*/N_xs:  0.87762         E(kJ/mol): -0.787     P(bar):    0.058     
Step:  2139999    NAcc:  1070001    fAcc:  0.500      Maxd:  29.36364   E*/N:  -0.81647   P*:     0.08022    P*cold: -0.03978   Mu*_xs: -0.84211   Cv*/N_xs:  0.78336         E(kJ/mol): -0.814     P(bar):    0.074     
Step:  2159999    NAcc:  1080007    fAcc:  0.500      Maxd:  29.70423   E*/N:  -0.79827   P*:     0.08049    P*cold: -0.03951   Mu*_xs: -0.84640   Cv*/N_xs:  0.72914         E(kJ/mol): -0.796     P(bar):    0.066     
Step:  2179999    NAcc:  1090004    fAcc:  0.500      Maxd:  20.79417   E*/N:  -0.75853   P*:     0.08043    P*cold: -0.03957   Mu*_xs: -0.84612   Cv*/N_xs:  0.73831         E(kJ/mol): -0.757     P(bar):    0.065     
Step:  2199999    NAcc:  1100000    fAcc:  0.500      Maxd:  23.98517   E*/N:  -0.77704   P*:     0.08034    P*cold: -0.03966   Mu*_xs: -0.84465   Cv*/N_xs:  0.71270         E(kJ/mol): -0.775     P(bar):    0.067     
Step:  2219999    NAcc:  1110007    fAcc:  0.500      Maxd:  32.04715   E*/N:  -0.76828   P*:     0.08032    P*cold: -0.03968   Mu*_xs: -0.84427   Cv*/N_xs:  0.70386         E(kJ/mol): -0.766     P(bar):    0.085     
Step:  2239999    NAcc:  1120000    fAcc:  0.500      Maxd:  2.58773    E*/N:  -0.81699   P*:     0.08054    P*cold: -0.03946   Mu*_xs: -0.84384   Cv*/N_xs:  0.68207         E(kJ/mol): -0.815     P(bar):    0.058     
Step:  2259999    NAcc:  1129998    fAcc:  0.500      Maxd:  2.87047    E*/N:  -0.85287   P*:     0.08029    P*cold: -0.03971   Mu*_xs: -0.84301   Cv*/N_xs:  0.65740         E(kJ/mol): -0.851     P(bar):    0.058     
Step:  2279999    NAcc:  1140005    fAcc:  0.500      Maxd:  30.69712   E*/N:  -0.88480   P*:     0.08032    P*cold: -0.03968   Mu*_xs: -0.84348   Cv*/N_xs:  0.67086         E(kJ/mol): -0.882     P(bar):    0.077     
Step:  2299999    NAcc:  1150002    fAcc:  0.500      Maxd:  31.79290   E*/N:  -0.76715   P*:     0.08004    P*cold: -0.03996   Mu*_xs: -0.84466   Cv*/N_xs:  0.65584         E(kJ/mol): -0.765     P(bar):    0.083     
Step:  2319999    NAcc:  1160003    fAcc:  0.500      Maxd:  4.19516    E*/N:  -0.83342   P*:     0.08032    P*cold: -0.03968   Mu*_xs: -0.84513   Cv*/N_xs:  0.66193         E(kJ/mol): -0.831     P(bar):    0.051     
Step:  2339999    NAcc:  1170001    fAcc:  0.500      Maxd:  16.24171   E*/N:  -0.84214   P*:     0.08036    P*cold: -0.03964   Mu*_xs: -0.84428   Cv*/N_xs:  0.67475         E(kJ/mol): -0.840     P(bar):    0.085     
Step:  2359999    NAcc:  1180000    fAcc:  0.500      Maxd:  3.70892    E*/N:  -0.84775   P*:     0.08046    P*cold: -0.03954   Mu*_xs: -0.84357   Cv*/N_xs:  0.66520         E(kJ/mol): -0.846     P(bar):    0.062     
Step:  2379999    NAcc:  1190002    fAcc:  0.500      Maxd:  1.93985    E*/N:  -0.81607   P*:     0.08053    P*cold: -0.03947   Mu*_xs: -0.84342   Cv*/N_xs:  0.65548         E(kJ/mol): -0.814     P(bar):    0.064     
Step:  2399999    NAcc:  1200000    fAcc:  0.500      Maxd:  25.45503   E*/N:  -0.78059   P*:     0.08074    P*cold: -0.03926   Mu*_xs: -0.84279   Cv*/N_xs:  0.63901         E(kJ/mol): -0.779     P(bar):    0.078     
Step:  2419999    NAcc:  1210001    fAcc:  0.500      Maxd:  6.36128    E*/N:  -0.77272   P*:     0.08075    P*cold: -0.03925   Mu*_xs: -0.84392   Cv*/N_xs:  0.62220         E(kJ/mol): -0.771     P(bar):    0.057     
Step:  2439999    NAcc:  1219999    fAcc:  0.500      Maxd:  0.57551    E*/N:  -0.81984   P*:     0.08072    P*cold: -0.03928   Mu*_xs: -0.84420   Cv*/N_xs:  0.60442         E(kJ/mol): -0.818     P(bar):    0.058     
Step:  2459999    NAcc:  1230001    fAcc:  0.500      Maxd:  1.56092    E*/N:  -0.82606   P*:     0.08078    P*cold: -0.03922   Mu*_xs: -0.84419   Cv*/N_xs:  0.59990         E(kJ/mol): -0.824     P(bar):    0.063     
Step:  2479999    NAcc:  1240002    fAcc:  0.500      Maxd:  30.12205   E*/N:  -0.85171   P*:     0.08085    P*cold: -0.03915   Mu*_xs: -0.84534   Cv*/N_xs:  0.62061         E(kJ/mol): -0.849     P(bar):    0.069     
Step:  2499999    NAcc:  1250001    fAcc:  0.500      Maxd:  0.68650    E*/N:  -0.88706   P*:     0.08080    P*cold: -0.03920   Mu*_xs: -0.84458   Cv*/N_xs:  0.63265         E(kJ/mol): -0.885     P(bar):    0.059     
Step:  2519999    NAcc:  1259999    fAcc:  0.500      Maxd:  0.54879    E*/N:  -0.78600   P*:     0.08080    P*cold: -0.03920   Mu*_xs: -0.84427   Cv*/N_xs:  0.63400         E(kJ/mol): -0.784     P(bar):    0.068     
Step:  2539999    NAcc:  1269999    fAcc:  0.500      Maxd:  1.63257    E*/N:  -0.89091   P*:     0.08051    P*cold: -0.03949   Mu*_xs: -0.84422   Cv*/N_xs:  0.64180         E(kJ/mol): -0.889     P(bar):    0.050     
Step:  2559999    NAcc:  1280001    fAcc:  0.500      Maxd:  2.52802    E*/N:  -0.84251   P*:     0.08040    P*cold: -0.03960   Mu*_xs: -0.84448   Cv*/N_xs:  0.64043         E(kJ/mol): -0.840     P(bar):    0.070     
Step:  2579999    NAcc:  1290000    fAcc:  0.500      Maxd:  1.48403    E*/N:  -0.87875   P*:     0.08050    P*cold: -0.03950   Mu*_xs: -0.84428   Cv*/N_xs:  0.63534         E(kJ/mol): -0.876     P(bar):    0.075     
Step:  2599999    NAcc:  1300001    fAcc:  0.500      Maxd:  31.57661   E*/N:  -0.78996   P*:     0.08045    P*cold: -0.03955   Mu*_xs: -0.84397   Cv*/N_xs:  0.64347         E(kJ/mol): -0.788     P(bar):    0.083     
Step:  2619999    NAcc:  1309996    fAcc:  0.500      Maxd:  1.11436    E*/N:  -0.79524   P*:     0.08049    P*cold: -0.03951   Mu*_xs: -0.84436   Cv*/N_xs:  0.63581         E(kJ/mol): -0.793     P(bar):    0.068     
Step:  2639999    NAcc:  1320006    fAcc:  0.500      Maxd:  33.87969   E*/N:  -0.82041   P*:     0.08044    P*cold: -0.03956   Mu*_xs: -0.84457   Cv*/N_xs:  0.62779         E(kJ/mol): -0.818     P(bar):    0.067     
Step:  2659999    NAcc:  1330003    fAcc:  0.500      Maxd:  30.46689   E*/N:  -0.80376   P*:     0.08047    P*cold: -0.03953   Mu*_xs: -0.84469   Cv*/N_xs:  0.61737         E(kJ/mol): -0.802     P(bar):    0.074     
Step:  2679999    NAcc:  1339998    fAcc:  0.500      Maxd:  0.71447    E*/N:  -0.81881   P*:     0.08044    P*cold: -0.03956   Mu*_xs: -0.84517   Cv*/N_xs:  0.61208         E(kJ/mol): -0.817     P(bar):    0.065     
Step:  2699999    NAcc:  1350011    fAcc:  0.500      Maxd:  30.46764   E*/N:  -0.80449   P*:     0.08031    P*cold: -0.03969   Mu*_xs: -0.84526   Cv*/N_xs:  0.60334         E(kJ/mol): -0.802     P(bar):    0.073     
Step:  2719999    NAcc:  1360003    fAcc:  0.500      Maxd:  29.34466   E*/N:  -0.78738   P*:     0.08031    P*cold: -0.03969   Mu*_xs: -0.84490   Cv*/N_xs:  0.60907         E(kJ/mol): -0.785     P(bar):    0.044     
Step:  2739999    NAcc:  1370001    fAcc:  0.500      Maxd:  3.22757    E*/N:  -0.84018   P*:     0.08022    P*cold: -0.03978   Mu*_xs: -0.84455   Cv*/N_xs:  0.60183         E(kJ/mol): -0.838     P(bar):    0.065     
Step:  2759999    NAcc:  1380001    fAcc:  0.500      Maxd:  2.46148    E*/N:  -0.84880   P*:     0.08014    P*cold: -0.03986   Mu*_xs: -0.84490   Cv*/N_xs:  0.60175         E(kJ/mol): -0.847     P(bar):    0.063     
Step:  2779999    NAcc:  1390001    fAcc:  0.500      Maxd:  31.50898   E*/N:  -0.79409   P*:     0.08017    P*cold: -0.03983   Mu*_xs: -0.84501   Cv*/N_xs:  0.60495         E(kJ/mol): -0.792     P(bar):    0.068     
Step:  2799999    NAcc:  1400005    fAcc:  0.500      Maxd:  32.50321   E*/N:  -0.77739   P*:     0.08017    P*cold: -0.03983   Mu*_xs: -0.84426   Cv*/N_xs:  0.60106         E(kJ/mol): -0.775     P(bar):    0.073     
Step:  2819999    NAcc:  1410001    fAcc:  0.500      Maxd:  19.72663   E*/N:  -0.81609   P*:     0.08014    P*cold: -0.03986   Mu*_xs: -0.84398   Cv*/N_xs:  0.59824         E(kJ/mol): -0.814     P(bar):    0.074     
Step:  2839999    NAcc:  1420004    fAcc:  0.500      Maxd:  34.75176   E*/N:  -0.76121   P*:     0.08010    P*cold: -0.03990   Mu*_xs: -0.84391   Cv*/N_xs:  0.59850         E(kJ/mol): -0.759     P(bar):    0.079     
Step:  2859999    NAcc:  1430001    fAcc:  0.500      Maxd:  32.18034   E*/N:  -0.79660   P*:     0.08022    P*cold: -0.03978   Mu*_xs: -0.84415   Cv*/N_xs:  0.59589         E(kJ/mol): -0.795     P(bar):    0.069     
Step:  2879999    NAcc:  1440001    fAcc:  0.500      Maxd:  0.71402    E*/N:  -0.80055   P*:     0.08023    P*cold: -0.03977   Mu*_xs: -0.84444   Cv*/N_xs:  0.59378         E(kJ/mol): -0.798     P(bar):    0.076     
Step:  2899999    NAcc:  1450001    fAcc:  0.500      Maxd:  33.12141   E*/N:  -0.84266   P*:     0.08032    P*cold: -0.03968   Mu*_xs: -0.84426   Cv*/N_xs:  0.59597         E(kJ/mol): -0.840     P(bar):    0.063     
Step:  2919999    NAcc:  1460001    fAcc:  0.500      Maxd:  8.84067    E*/N:  -0.88328   P*:     0.08034    P*cold: -0.03966   Mu*_xs: -0.84442   Cv*/N_xs:  0.58759         E(kJ/mol): -0.881     P(bar):    0.053     
Step:  2939999    NAcc:  1470004    fAcc:  0.500      Maxd:  30.54077   E*/N:  -0.76419   P*:     0.08028    P*cold: -0.03972   Mu*_xs: -0.84421   Cv*/N_xs:  0.59099         E(kJ/mol): -0.762     P(bar):    0.058     
Step:  2959999    NAcc:  1480003    fAcc:  0.500      Maxd:  9.87576    E*/N:  -0.86199   P*:     0.08028    P*cold: -0.03972   Mu*_xs: -0.84475   Cv*/N_xs:  0.58600         E(kJ/mol): -0.860     P(bar):    0.071     
Step:  2979999    NAcc:  1490003    fAcc:  0.500      Maxd:  29.45967   E*/N:  -0.76826   P*:     0.08032    P*cold: -0.03968   Mu*_xs: -0.84473   Cv*/N_xs:  0.58296         E(kJ/mol): -0.766     P(bar):    0.092     
Step:  2999999    NAcc:  1500005    fAcc:  0.500      Maxd:  29.68221   E*/N:  -0.84212   P*:     0.08025    P*cold: -0.03975   Mu*_xs: -0.84474   Cv*/N_xs:  0.59088         E(kJ/mol): -0.840     P(bar):    0.076     
Step:  3019999    NAcc:  1509999    fAcc:  0.500      Maxd:  2.74866    E*/N:  -0.82557   P*:     0.08029    P*cold: -0.03971   Mu*_xs: -0.84496   Cv*/N_xs:  0.58673         E(kJ/mol): -0.823     P(bar):    0.067     
Step:  3039999    NAcc:  1519999    fAcc:  0.500      Maxd:  15.85469   E*/N:  -0.83962   P*:     0.08023    P*cold: -0.03977   Mu*_xs: -0.84499   Cv*/N_xs:  0.58632         E(kJ/mol): -0.837     P(bar):    0.068     
Step:  3059999    NAcc:  1529999    fAcc:  0.500      Maxd:  6.43588    E*/N:  -0.80769   P*:     0.08019    P*cold: -0.03981   Mu*_xs: -0.84459   Cv*/N_xs:  0.58027         E(kJ/mol): -0.806     P(bar):    0.073     
Step:  3079999    NAcc:  1539999    fAcc:  0.500      Maxd:  16.57374   E*/N:  -0.80559   P*:     0.08015    P*cold: -0.03985   Mu*_xs: -0.84479   Cv*/N_xs:  0.57931         E(kJ/mol): -0.803     P(bar):    0.062     
Step:  3099999    NAcc:  1549999    fAcc:  0.500      Maxd:  2.56200    E*/N:  -0.80246   P*:     0.08020    P*cold: -0.03980   Mu*_xs: -0.84471   Cv*/N_xs:  0.57620         E(kJ/mol): -0.800     P(bar):    0.070     
Step:  3119999    NAcc:  1560005    fAcc:  0.500      Maxd:  18.62584   E*/N:  -0.76142   P*:     0.08016    P*cold: -0.03984   Mu*_xs: -0.84480   Cv*/N_xs:  0.57411         E(kJ/mol): -0.759     P(bar):    0.071     
Step:  3139999    NAcc:  1570001    fAcc:  0.500      Maxd:  2.12705    E*/N:  -0.84906   P*:     0.08018    P*cold: -0.03982   Mu*_xs: -0.84486   Cv*/N_xs:  0.57560         E(kJ/mol): -0.847     P(bar):    0.059     
Step:  3159999    NAcc:  1580003    fAcc:  0.500      Maxd:  33.14326   E*/N:  -0.83202   P*:     0.08020    P*cold: -0.03980   Mu*_xs: -0.84520   Cv*/N_xs:  0.57285         E(kJ/mol): -0.830     P(bar):    0.075     
Step:  3179999    NAcc:  1589998    fAcc:  0.500      Maxd:  11.40121   E*/N:  -0.88377   P*:     0.08023    P*cold: -0.03977   Mu*_xs: -0.84531   Cv*/N_xs:  0.57317         E(kJ/mol): -0.881     P(bar):    0.070     
Step:  3199999    NAcc:  1600005    fAcc:  0.500      Maxd:  33.57854   E*/N:  -0.77632   P*:     0.08027    P*cold: -0.03973   Mu*_xs: -0.84542   Cv*/N_xs:  0.58148         E(kJ/mol): -0.774     P(bar):    0.059     
Step:  3219999    NAcc:  1610000    fAcc:  0.500      Maxd:  0.57940    E*/N:  -0.90400   P*:     0.08028    P*cold: -0.03972   Mu*_xs: -0.84542   Cv*/N_xs:  0.58342         E(kJ/mol): -0.902     P(bar):    0.059     
Step:  3239999    NAcc:  1620000    fAcc:  0.500      Maxd:  23.63651   E*/N:  -0.83767   P*:     0.08030    P*cold: -0.03970   Mu*_xs: -0.84542   Cv*/N_xs:  0.58124         E(kJ/mol): -0.835     P(bar):    0.062     
Step:  3259999    NAcc:  1630001    fAcc:  0.500      Maxd:  15.32201   E*/N:  -0.87838   P*:     0.08027    P*cold: -0.03973   Mu*_xs: -0.84547   Cv*/N_xs:  0.58914         E(kJ/mol): -0.876     P(bar):    0.063     
Step:  3279999    NAcc:  1640010    fAcc:  0.500      Maxd:  33.72348   E*/N:  -0.74854   P*:     0.08026    P*cold: -0.03974   Mu*_xs: -0.84577   Cv*/N_xs:  0.59217         E(kJ/mol): -0.747     P(bar):    0.070     
Step:  3299999    NAcc:  1650006    fAcc:  0.500      Maxd:  33.89324   E*/N:  -0.81650   P*:     0.08029    P*cold: -0.03971   Mu*_xs: -0.84575   Cv*/N_xs:  0.59328         E(kJ/mol): -0.814     P(bar):    0.073     
Step:  3319999    NAcc:  1660000    fAcc:  0.500      Maxd:  0.76820    E*/N:  -0.90277   P*:     0.08026    P*cold: -0.03974   Mu*_xs: -0.84588   Cv*/N_xs:  0.58892         E(kJ/mol): -0.900     P(bar):    0.072     
Step:  3339999    NAcc:  1670003    fAcc:  0.500      Maxd:  32.98128   E*/N:  -0.77882   P*:     0.08024    P*cold: -0.03976   Mu*_xs: -0.84592   Cv*/N_xs:  0.59048         E(kJ/mol): -0.777     P(bar):    0.072     
Step:  3359999    NAcc:  1680005    fAcc:  0.500      Maxd:  34.21000   E*/N:  -0.81458   P*:     0.08026    P*cold: -0.03974   Mu*_xs: -0.84582   Cv*/N_xs:  0.59079         E(kJ/mol): -0.812     P(bar):    0.059     
Step:  3379999    NAcc:  1690002    fAcc:  0.500      Maxd:  34.49432   E*/N:  -0.74964   P*:     0.08028    P*cold: -0.03972   Mu*_xs: -0.84573   Cv*/N_xs:  0.59206         E(kJ/mol): -0.748     P(bar):    0.058     
Step:  3399999    NAcc:  1699999    fAcc:  0.500      Maxd:  9.74815    E*/N:  -0.80985   P*:     0.08030    P*cold: -0.03970   Mu*_xs: -0.84536   Cv*/N_xs:  0.59527         E(kJ/mol): -0.808     P(bar):    0.082     
Step:  3419999    NAcc:  1710001    fAcc:  0.500      Maxd:  32.76059   E*/N:  -0.83001   P*:     0.08031    P*cold: -0.03969   Mu*_xs: -0.84521   Cv*/N_xs:  0.59500         E(kJ/mol): -0.828     P(bar):    0.068     
Step:  3439999    NAcc:  1720001    fAcc:  0.500      Maxd:  5.14216    E*/N:  -0.83549   P*:     0.08036    P*cold: -0.03964   Mu*_xs: -0.84521   Cv*/N_xs:  0.59510         E(kJ/mol): -0.833     P(bar):    0.078     
Step:  3459999    NAcc:  1730000    fAcc:  0.500      Maxd:  0.53727    E*/N:  -0.85214   P*:     0.08038    P*cold: -0.03962   Mu*_xs: -0.84510   Cv*/N_xs:  0.59232         E(kJ/mol): -0.850     P(bar):    0.061     
Step:  3479999    NAcc:  1739999    fAcc:  0.500      Maxd:  2.71794    E*/N:  -0.78903   P*:     0.08037    P*cold: -0.03963   Mu*_xs: -0.84512   Cv*/N_xs:  0.60818         E(kJ/mol): -0.787     P(bar):    0.067     
Step:  3499999    NAcc:  1750003    fAcc:  0.500      Maxd:  30.65847   E*/N:  -0.85493   P*:     0.08044    P*cold: -0.03956   Mu*_xs: -0.84515   Cv*/N_xs:  0.60832         E(kJ/mol): -0.853     P(bar):    0.065     
Step:  3519999    NAcc:  1760004    fAcc:  0.500      Maxd:  34.02530   E*/N:  -0.84124   P*:     0.08039    P*cold: -0.03961   Mu*_xs: -0.84477   Cv*/N_xs:  0.60739         E(kJ/mol): -0.839     P(bar):    0.060     
Step:  3539999    NAcc:  1770000    fAcc:  0.500      Maxd:  4.19934    E*/N:  -0.84586   P*:     0.08036    P*cold: -0.03964   Mu*_xs: -0.84502   Cv*/N_xs:  0.61369         E(kJ/mol): -0.844     P(bar):    0.058     
Step:  3559999    NAcc:  1780000    fAcc:  0.500      Maxd:  23.32936   E*/N:  -0.79384   P*:     0.08031    P*cold: -0.03969   Mu*_xs: -0.84497   Cv*/N_xs:  0.61267         E(kJ/mol): -0.792     P(bar):    0.053     
Step:  3579999    NAcc:  1790002    fAcc:  0.500      Maxd:  29.39671   E*/N:  -0.83333   P*:     0.08033    P*cold: -0.03967   Mu*_xs: -0.84502   Cv*/N_xs:  0.60974         E(kJ/mol): -0.831     P(bar):    0.063     
Step:  3599999    NAcc:  1800000    fAcc:  0.500      Maxd:  21.77177   E*/N:  -0.78726   P*:     0.08038    P*cold: -0.03962   Mu*_xs: -0.84526   Cv*/N_xs:  0.60795         E(kJ/mol): -0.785     P(bar):    0.082     
Step:  3619999    NAcc:  1810001    fAcc:  0.500      Maxd:  31.52494   E*/N:  -0.81222   P*:     0.08038    P*cold: -0.03962   Mu*_xs: -0.84517   Cv*/N_xs:  0.60514         E(kJ/mol): -0.810     P(bar):    0.076     
Step:  3639999    NAcc:  1820000    fAcc:  0.500      Maxd:  3.95757    E*/N:  -0.85365   P*:     0.08035    P*cold: -0.03965   Mu*_xs: -0.84542   Cv*/N_xs:  0.60253         E(kJ/mol): -0.851     P(bar):    0.065     
Step:  3659999    NAcc:  1830001    fAcc:  0.500      Maxd:  29.70901   E*/N:  -0.89262   P*:     0.08038    P*cold: -0.03962   Mu*_xs: -0.84541   Cv*/N_xs:  0.62916         E(kJ/mol): -0.890     P(bar):    0.062     
Step:  3679999    NAcc:  1840006    fAcc:  0.500      Maxd:  31.10267   E*/N:  -0.81356   P*:     0.08032    P*cold: -0.03968   Mu*_xs: -0.84508   Cv*/N_xs:  0.63006         E(kJ/mol): -0.811     P(bar):    0.081     
Step:  3699999    NAcc:  1850003    fAcc:  0.500      Maxd:  34.30286   E*/N:  -0.86776   P*:     0.08033    P*cold: -0.03967   Mu*_xs: -0.84506   Cv*/N_xs:  0.62475         E(kJ/mol): -0.865     P(bar):    0.058     
Step:  3719999    NAcc:  1860001    fAcc:  0.500      Maxd:  30.88606   E*/N:  -0.79928   P*:     0.08037    P*cold: -0.03963   Mu*_xs: -0.84506   Cv*/N_xs:  0.62109         E(kJ/mol): -0.797     P(bar):    0.071     
Step:  3739999    NAcc:  1870000    fAcc:  0.500      Maxd:  1.14569    E*/N:  -0.89275   P*:     0.08039    P*cold: -0.03961   Mu*_xs: -0.84509   Cv*/N_xs:  0.62450         E(kJ/mol): -0.890     P(bar):    0.061     
Step:  3759999    NAcc:  1880002    fAcc:  0.500      Maxd:  11.82999   E*/N:  -0.88015   P*:     0.08036    P*cold: -0.03964   Mu*_xs: -0.84514   Cv*/N_xs:  0.62337         E(kJ/mol): -0.878     P(bar):    0.074     
Step:  3779999    NAcc:  1890002    fAcc:  0.500      Maxd:  6.05097    E*/N:  -0.81173   P*:     0.08043    P*cold: -0.03957   Mu*_xs: -0.84508   Cv*/N_xs:  0.62067         E(kJ/mol): -0.810     P(bar):    0.069     
Step:  3799999    NAcc:  1900004    fAcc:  0.500      Maxd:  34.73725   E*/N:  -0.79561   P*:     0.08038    P*cold: -0.03962   Mu*_xs: -0.84517   Cv*/N_xs:  0.61949         E(kJ/mol): -0.794     P(bar):    0.083     
Step:  3819999    NAcc:  1909998    fAcc:  0.500      Maxd:  2.95494    E*/N:  -0.79418   P*:     0.08039    P*cold: -0.03961   Mu*_xs: -0.84501   Cv*/N_xs:  0.62048         E(kJ/mol): -0.792     P(bar):    0.064     
Step:  3839999    NAcc:  1920006    fAcc:  0.500      Maxd:  29.20326   E*/N:  -0.94189   P*:     0.08036    P*cold: -0.03964   Mu*_xs: -0.84487   Cv*/N_xs:  0.61996         E(kJ/mol): -0.939     P(bar):    0.062     
Step:  3859999    NAcc:  1930000    fAcc:  0.500      Maxd:  0.65596    E*/N:  -0.81612   P*:     0.08033    P*cold: -0.03967   Mu*_xs: -0.84474   Cv*/N_xs:  0.62665         E(kJ/mol): -0.814     P(bar):    0.064     
Step:  3879999    NAcc:  1940001    fAcc:  0.500      Maxd:  0.76081    E*/N:  -0.85113   P*:     0.08032    P*cold: -0.03968   Mu*_xs: -0.84453   Cv*/N_xs:  0.62765         E(kJ/mol): -0.849     P(bar):    0.058     
Step:  3899999    NAcc:  1950001    fAcc:  0.500      Maxd:  3.77050    E*/N:  -0.83197   P*:     0.08030    P*cold: -0.03970   Mu*_xs: -0.84444   Cv*/N_xs:  0.62885         E(kJ/mol): -0.830     P(bar):    0.070     
Step:  3919999    NAcc:  1959998    fAcc:  0.500      Maxd:  10.00857   E*/N:  -0.84317   P*:     0.08031    P*cold: -0.03969   Mu*_xs: -0.84435   Cv*/N_xs:  0.63293         E(kJ/mol): -0.841     P(bar):    0.072     
Step:  3939999    NAcc:  1970001    fAcc:  0.500      Maxd:  33.97446   E*/N:  -0.78288   P*:     0.08027    P*cold: -0.03973   Mu*_xs: -0.84444   Cv*/N_xs:  0.62878         E(kJ/mol): -0.781     P(bar):    0.068     
Step:  3959999    NAcc:  1980004    fAcc:  0.500      Maxd:  4.62212    E*/N:  -0.87873   P*:     0.08024    P*cold: -0.03976   Mu*_xs: -0.84464   Cv*/N_xs:  0.62664         E(kJ/mol): -0.876     P(bar):    0.068     
Step:  3979999    NAcc:  1990003    fAcc:  0.500      Maxd:  31.50827   E*/N:  -0.81113   P*:     0.08025    P*cold: -0.03975   Mu*_xs: -0.84465   Cv*/N_xs:  0.62461         E(kJ/mol): -0.809     P(bar):    0.067     
Step:  3999999    NAcc:  2000001    fAcc:  0.500      Maxd:  21.61412   E*/N:  -0.74490   P*:     0.08026    P*cold: -0.03974   Mu*_xs: -0.84451   Cv*/N_xs:  0.62926         E(kJ/mol): -0.743     P(bar):    0.078     
Step:  4019999    NAcc:  2009999    fAcc:  0.500      Maxd:  16.04798   E*/N:  -0.76581   P*:     0.08026    P*cold: -0.03974   Mu*_xs: -0.84450   Cv*/N_xs:  0.62983         E(kJ/mol): -0.764     P(bar):    0.080     
Step:  4039999    NAcc:  2020002    fAcc:  0.500      Maxd:  29.37550   E*/N:  -0.85814   P*:     0.08025    P*cold: -0.03975   Mu*_xs: -0.84430   Cv*/N_xs:  0.62539         E(kJ/mol): -0.856     P(bar):    0.071     
Step:  4059999    NAcc:  2030003    fAcc:  0.500      Maxd:  30.67659   E*/N:  -0.83637   P*:     0.08026    P*cold: -0.03974   Mu*_xs: -0.84439   Cv*/N_xs:  0.62202         E(kJ/mol): -0.834     P(bar):    0.069     
Step:  4079999    NAcc:  2039999    fAcc:  0.500      Maxd:  1.86278    E*/N:  -0.79305   P*:     0.08026    P*cold: -0.03974   Mu*_xs: -0.84433   Cv*/N_xs:  0.62137         E(kJ/mol): -0.791     P(bar):    0.084     
Step:  4099999    NAcc:  2050000    fAcc:  0.500      Maxd:  0.48249    E*/N:  -0.87830   P*:     0.08030    P*cold: -0.03970   Mu*_xs: -0.84425   Cv*/N_xs:  0.62250         E(kJ/mol): -0.876     P(bar):    0.064     
Step:  4119999    NAcc:  2060001    fAcc:  0.500      Maxd:  7.01243    E*/N:  -0.79676   P*:     0.08031    P*cold: -0.03969   Mu*_xs: -0.84422   Cv*/N_xs:  0.62040         E(kJ/mol): -0.795     P(bar):    0.098     
Step:  4139999    NAcc:  2070002    fAcc:  0.500      Maxd:  34.73571   E*/N:  -0.83879   P*:     0.08031    P*cold: -0.03969   Mu*_xs: -0.84417   Cv*/N_xs:  0.61889         E(kJ/mol): -0.837     P(bar):    0.066     
Step:  4159999    NAcc:  2080006    fAcc:  0.500      Maxd:  31.90074   E*/N:  -0.83524   P*:     0.08032    P*cold: -0.03968   Mu*_xs: -0.84432   Cv*/N_xs:  0.62066         E(kJ/mol): -0.833     P(bar):    0.095     
Step:  4179999    NAcc:  2090003    fAcc:  0.500      Maxd:  33.76726   E*/N:  -0.86700   P*:     0.08029    P*cold: -0.03971   Mu*_xs: -0.84451   Cv*/N_xs:  0.62361         E(kJ/mol): -0.865     P(bar):    0.056     
Step:  4199999    NAcc:  2100000    fAcc:  0.500      Maxd:  0.77189    E*/N:  -0.76953   P*:     0.08028    P*cold: -0.03972   Mu*_xs: -0.84470   Cv*/N_xs:  0.62063         E(kJ/mol): -0.768     P(bar):    0.078     
Step:  4219999    NAcc:  2110001    fAcc:  0.500      Maxd:  2.90356    E*/N:  -0.81229   P*:     0.08031    P*cold: -0.03969   Mu*_xs: -0.84482   Cv*/N_xs:  0.62299         E(kJ/mol): -0.810     P(bar):    0.060     
Step:  4239999    NAcc:  2119998    fAcc:  0.500      Maxd:  9.82174    E*/N:  -0.82182   P*:     0.08031    P*cold: -0.03969   Mu*_xs: -0.84457   Cv*/N_xs:  0.61983         E(kJ/mol): -0.820     P(bar):    0.081     
Step:  4259999    NAcc:  2130001    fAcc:  0.500      Maxd:  0.76557    E*/N:  -0.93291   P*:     0.08030    P*cold: -0.03970   Mu*_xs: -0.84432   Cv*/N_xs:  0.61911         E(kJ/mol): -0.930     P(bar):    0.062     
Step:  4279999    NAcc:  2140010    fAcc:  0.500      Maxd:  33.69323   E*/N:  -0.76474   P*:     0.08036    P*cold: -0.03964   Mu*_xs: -0.84437   Cv*/N_xs:  0.62669         E(kJ/mol): -0.763     P(bar):    0.072     
Step:  4299999    NAcc:  2150001    fAcc:  0.500      Maxd:  34.24656   E*/N:  -0.82498   P*:     0.08035    P*cold: -0.03965   Mu*_xs: -0.84456   Cv*/N_xs:  0.63022         E(kJ/mol): -0.823     P(bar):    0.072     
Step:  4319999    NAcc:  2160006    fAcc:  0.500      Maxd:  33.02561   E*/N:  -0.80724   P*:     0.08032    P*cold: -0.03968   Mu*_xs: -0.84435   Cv*/N_xs:  0.63079         E(kJ/mol): -0.805     P(bar):    0.061     
Step:  4339999    NAcc:  2170001    fAcc:  0.500      Maxd:  1.16229    E*/N:  -0.82456   P*:     0.08028    P*cold: -0.03972   Mu*_xs: -0.84448   Cv*/N_xs:  0.63491         E(kJ/mol): -0.822     P(bar):    0.057     
Step:  4359999    NAcc:  2180006    fAcc:  0.500      Maxd:  32.96849   E*/N:  -0.80198   P*:     0.08026    P*cold: -0.03974   Mu*_xs: -0.84447   Cv*/N_xs:  0.63165         E(kJ/mol): -0.800     P(bar):    0.057     
Step:  4379999    NAcc:  2190003    fAcc:  0.500      Maxd:  34.16245   E*/N:  -0.78032   P*:     0.08025    P*cold: -0.03975   Mu*_xs: -0.84451   Cv*/N_xs:  0.62982         E(kJ/mol): -0.778     P(bar):    0.074     
Step:  4399999    NAcc:  2200001    fAcc:  0.500      Maxd:  3.35615    E*/N:  -0.81267   P*:     0.08027    P*cold: -0.03973   Mu*_xs: -0.84451   Cv*/N_xs:  0.63387         E(kJ/mol): -0.811     P(bar):    0.063     
Step:  4419999    NAcc:  2209994    fAcc:  0.500      Maxd:  1.12652    E*/N:  -0.80438   P*:     0.08023    P*cold: -0.03977   Mu*_xs: -0.84444   Cv*/N_xs:  0.63163         E(kJ/mol): -0.802     P(bar):    0.057     
Step:  4439999    NAcc:  2220001    fAcc:  0.500      Maxd:  0.80256    E*/N:  -0.80590   P*:     0.08023    P*cold: -0.03977   Mu*_xs: -0.84429   Cv*/N_xs:  0.62949         E(kJ/mol): -0.804     P(bar):    0.063     
Step:  4459999    NAcc:  2230002    fAcc:  0.500      Maxd:  32.84673   E*/N:  -0.85090   P*:     0.08026    P*cold: -0.03974   Mu*_xs: -0.84434   Cv*/N_xs:  0.63184         E(kJ/mol): -0.849     P(bar):    0.066     
Step:  4479999    NAcc:  2240001    fAcc:  0.500      Maxd:  31.58069   E*/N:  -0.82059   P*:     0.08028    P*cold: -0.03972   Mu*_xs: -0.84441   Cv*/N_xs:  0.62963         E(kJ/mol): -0.818     P(bar):    0.077     
Step:  4499999    NAcc:  2249999    fAcc:  0.500      Maxd:  2.30988    E*/N:  -0.87329   P*:     0.08022    P*cold: -0.03978   Mu*_xs: -0.84429   Cv*/N_xs:  0.62858         E(kJ/mol): -0.871     P(bar):    0.054     
Step:  4519999    NAcc:  2259999    fAcc:  0.500      Maxd:  6.37254    E*/N:  -0.78678   P*:     0.08021    P*cold: -0.03979   Mu*_xs: -0.84428   Cv*/N_xs:  0.62762         E(kJ/mol): -0.785     P(bar):    0.052     
Step:  4539999    NAcc:  2270001    fAcc:  0.500      Maxd:  3.54744    E*/N:  -0.81901   P*:     0.08021    P*cold: -0.03979   Mu*_xs: -0.84423   Cv*/N_xs:  0.62797         E(kJ/mol): -0.817     P(bar):    0.059     
Step:  4559999    NAcc:  2280000    fAcc:  0.500      Maxd:  24.05552   E*/N:  -0.81268   P*:     0.08022    P*cold: -0.03978   Mu*_xs: -0.84422   Cv*/N_xs:  0.63078         E(kJ/mol): -0.811     P(bar):    0.078     
Step:  4579999    NAcc:  2289998    fAcc:  0.500      Maxd:  2.39002    E*/N:  -0.77601   P*:     0.08022    P*cold: -0.03978   Mu*_xs: -0.84405   Cv*/N_xs:  0.63207         E(kJ/mol): -0.774     P(bar):    0.072     
Step:  4599999    NAcc:  2300002    fAcc:  0.500      Maxd:  13.91439   E*/N:  -0.78550   P*:     0.08022    P*cold: -0.03978   Mu*_xs: -0.84426   Cv*/N_xs:  0.63313         E(kJ/mol): -0.783     P(bar):    0.079     
Step:  4619999    NAcc:  2310001    fAcc:  0.500      Maxd:  21.54638   E*/N:  -0.83041   P*:     0.08024    P*cold: -0.03976   Mu*_xs: -0.84410   Cv*/N_xs:  0.63209         E(kJ/mol): -0.828     P(bar):    0.070     
Step:  4639999    NAcc:  2320004    fAcc:  0.500      Maxd:  31.59174   E*/N:  -0.86199   P*:     0.08023    P*cold: -0.03977   Mu*_xs: -0.84403   Cv*/N_xs:  0.63480         E(kJ/mol): -0.860     P(bar):    0.080     
Step:  4659999    NAcc:  2330007    fAcc:  0.500      Maxd:  29.48953   E*/N:  -0.81169   P*:     0.08026    P*cold: -0.03974   Mu*_xs: -0.84392   Cv*/N_xs:  0.63349         E(kJ/mol): -0.810     P(bar):    0.070     
Step:  4679999    NAcc:  2340001    fAcc:  0.500      Maxd:  32.49113   E*/N:  -0.82282   P*:     0.08030    P*cold: -0.03970   Mu*_xs: -0.84376   Cv*/N_xs:  0.63326         E(kJ/mol): -0.821     P(bar):    0.068     
Step:  4699999    NAcc:  2350000    fAcc:  0.500      Maxd:  17.09604   E*/N:  -0.83853   P*:     0.08032    P*cold: -0.03968   Mu*_xs: -0.84390   Cv*/N_xs:  0.63229         E(kJ/mol): -0.836     P(bar):    0.084     
Step:  4719999    NAcc:  2360003    fAcc:  0.500      Maxd:  33.04172   E*/N:  -0.78209   P*:     0.08034    P*cold: -0.03966   Mu*_xs: -0.84404   Cv*/N_xs:  0.63019         E(kJ/mol): -0.780     P(bar):    0.072     
Step:  4739999    NAcc:  2370001    fAcc:  0.500      Maxd:  3.03306    E*/N:  -0.85964   P*:     0.08037    P*cold: -0.03963   Mu*_xs: -0.84407   Cv*/N_xs:  0.63842         E(kJ/mol): -0.857     P(bar):    0.071     
Step:  4759999    NAcc:  2380002    fAcc:  0.500      Maxd:  29.35132   E*/N:  -0.84369   P*:     0.08035    P*cold: -0.03965   Mu*_xs: -0.84401   Cv*/N_xs:  0.63655         E(kJ/mol): -0.841     P(bar):    0.050     
Step:  4779999    NAcc:  2390000    fAcc:  0.500      Maxd:  26.07278   E*/N:  -0.89875   P*:     0.08038    P*cold: -0.03962   Mu*_xs: -0.84399   Cv*/N_xs:  0.64261         E(kJ/mol): -0.896     P(bar):    0.056     
Step:  4799999    NAcc:  2399999    fAcc:  0.500      Maxd:  0.57360    E*/N:  -0.83958   P*:     0.08039    P*cold: -0.03961   Mu*_xs: -0.84398   Cv*/N_xs:  0.64230         E(kJ/mol): -0.837     P(bar):    0.061     
Step:  4819999    NAcc:  2409997    fAcc:  0.500      Maxd:  0.69700    E*/N:  -0.86442   P*:     0.08036    P*cold: -0.03964   Mu*_xs: -0.84373   Cv*/N_xs:  0.64363         E(kJ/mol): -0.862     P(bar):    0.053     
Step:  4839999    NAcc:  2420001    fAcc:  0.500      Maxd:  34.30065   E*/N:  -0.82809   P*:     0.08034    P*cold: -0.03966   Mu*_xs: -0.84387   Cv*/N_xs:  0.64144         E(kJ/mol): -0.826     P(bar):    0.056     
Step:  4859999    NAcc:  2430002    fAcc:  0.500      Maxd:  31.57233   E*/N:  -0.80804   P*:     0.08034    P*cold: -0.03966   Mu*_xs: -0.84389   Cv*/N_xs:  0.64124         E(kJ/mol): -0.806     P(bar):    0.080     
Step:  4879999    NAcc:  2440003    fAcc:  0.500      Maxd:  34.69898   E*/N:  -0.84742   P*:     0.08035    P*cold: -0.03965   Mu*_xs: -0.84386   Cv*/N_xs:  0.63934         E(kJ/mol): -0.845     P(bar):    0.063     
Step:  4899999    NAcc:  2450002    fAcc:  0.500      Maxd:  33.04553   E*/N:  -0.81783   P*:     0.08037    P*cold: -0.03963   Mu*_xs: -0.84394   Cv*/N_xs:  0.63663         E(kJ/mol): -0.816     P(bar):    0.083     
Step:  4919999    NAcc:  2460000    fAcc:  0.500      Maxd:  25.37288   E*/N:  -0.79398   P*:     0.08038    P*cold: -0.03962   Mu*_xs: -0.84394   Cv*/N_xs:  0.63707         E(kJ/mol): -0.792     P(bar):    0.077     
Step:  4939999    NAcc:  2470005    fAcc:  0.500      Maxd:  32.03583   E*/N:  -0.83196   P*:     0.08040    P*cold: -0.03960   Mu*_xs: -0.84404   Cv*/N_xs:  0.63750         E(kJ/mol): -0.830     P(bar):    0.056     
Step:  4959999    NAcc:  2480000    fAcc:  0.500      Maxd:  1.28814    E*/N:  -0.76952   P*:     0.08041    P*cold: -0.03959   Mu*_xs: -0.84409   Cv*/N_xs:  0.63656         E(kJ/mol): -0.768     P(bar):    0.058     
Step:  4979999    NAcc:  2490002    fAcc:  0.500      Maxd:  9.28774    E*/N:  -0.83937   P*:     0.08041    P*cold: -0.03959   Mu*_xs: -0.84404   Cv*/N_xs:  0.63490         E(kJ/mol): -0.837     P(bar):    0.068     
Step:  4999999    NAcc:  2500005    fAcc:  0.500      Maxd:  31.69379   E*/N:  -0.78905   P*:     0.08043    P*cold: -0.03957   Mu*_xs: -0.84414   Cv*/N_xs:  0.63793         E(kJ/mol): -0.787     P(bar):    0.070     
# Computed average properties: 
 # E*/N:  -0.82597  
 # P*:     0.08043   
 # Cv*/N_xs:   0.63793        
 # Mu*_xs:  -0.84414  
