# Number of atoms:       500
# Atom type:             Ar
# Molar Mass (g/mol):    39.948
# Density (g/cm^3):      1.35068
# LJ sigma (Angstrom):   3.4
# LJ epsilon/kB (K):     120
# LJ cutoff (Angstrom):  13.6
# LJ cutoff (sigma):     4
# Temperature (K):       144
# Number MC steps:       5e+06
# Output frequency:      20000
# Num. den. (atoms/Ang): 0.0203542
# Box length (x):        29.0696
# Box length (y):        29.0696
# Box length (z):        29.0696
# Init. spacing (Ang):   3.22995
# reduc. density (rho*): 0.8
# reduc. temp (T*):      1.2
Step:  19999      NAcc:  7432       fAcc:  0.372      Maxd:  0.26184    E*/N:  -3.69687   P*:     nan        P*cold: nan        Mu*_xs: -0.00000   Cv*/N_xs:  0.00000         E(kJ/mol): -3.687     P(bar):    8.959     
Step:  39999      NAcc:  18256      fAcc:  0.456      Maxd:  0.26184    E*/N:  -4.98288   P*:     nan        P*cold: nan        Mu*_xs: -0.00000   Cv*/N_xs:  0.00000         E(kJ/mol): -4.970     P(bar):    3.598     
Step:  59999      NAcc:  29991      fAcc:  0.500      Maxd:  0.26184    E*/N:  -5.14818   P*:     nan        P*cold: nan        Mu*_xs: -0.00000   Cv*/N_xs:  0.00000         E(kJ/mol): -5.135     P(bar):    2.603     
Step:  79999      NAcc:  39994      fAcc:  0.500      Maxd:  0.25800    E*/N:  -5.19052   P*:     nan        P*cold: nan        Mu*_xs: -0.00000   Cv*/N_xs:  0.00000         E(kJ/mol): -5.177     P(bar):    2.332     
Step:  99999      NAcc:  49998      fAcc:  0.500      Maxd:  0.24460    E*/N:  -5.26141   P*:     nan        P*cold: nan        Mu*_xs: -0.00000   Cv*/N_xs:  0.00000         E(kJ/mol): -5.248     P(bar):    1.922     
Step:  119999     NAcc:  59993      fAcc:  0.500      Maxd:  0.27571    E*/N:  -5.20346   P*:     nan        P*cold: nan        Mu*_xs: -0.00000   Cv*/N_xs:  0.00000         E(kJ/mol): -5.190     P(bar):    2.258     
Step:  139999     NAcc:  69999      fAcc:  0.500      Maxd:  0.41057    E*/N:  -5.17924   P*:     nan        P*cold: nan        Mu*_xs: -0.00000   Cv*/N_xs:  0.00000         E(kJ/mol): -5.166     P(bar):    2.175     
Step:  159999     NAcc:  79999      fAcc:  0.500      Maxd:  0.28605    E*/N:  -5.28647   P*:     nan        P*cold: nan        Mu*_xs: -0.00000   Cv*/N_xs:  0.00000         E(kJ/mol): -5.273     P(bar):    1.820     
Step:  179999     NAcc:  90000      fAcc:  0.500      Maxd:  0.25006    E*/N:  -5.19105   P*:     nan        P*cold: nan        Mu*_xs: -0.00000   Cv*/N_xs:  0.00000         E(kJ/mol): -5.177     P(bar):    2.096     
Step:  199999     NAcc:  100000     fAcc:  0.500      Maxd:  0.35312    E*/N:  -5.33728   P*:     nan        P*cold: nan        Mu*_xs: -0.00000   Cv*/N_xs:  0.00000         E(kJ/mol): -5.323     P(bar):    1.518     
Step:  219999     NAcc:  110001     fAcc:  0.500      Maxd:  0.40997    E*/N:  -5.26845   P*:     nan        P*cold: nan        Mu*_xs: -0.00000   Cv*/N_xs:  0.00000         E(kJ/mol): -5.255     P(bar):    1.708     
Step:  239999     NAcc:  120001     fAcc:  0.500      Maxd:  0.75629    E*/N:  -5.32325   P*:     nan        P*cold: nan        Mu*_xs: -0.00000   Cv*/N_xs:  0.00000         E(kJ/mol): -5.309     P(bar):    1.456     
Step:  259999     NAcc:  130000     fAcc:  0.500      Maxd:  0.24182    E*/N:  -5.32438   P*:     nan        P*cold: nan        Mu*_xs: -0.00000   Cv*/N_xs:  0.00000         E(kJ/mol): -5.310     P(bar):    1.517     
Step:  279999     NAcc:  139997     fAcc:  0.500      Maxd:  0.23590    E*/N:  -5.21150   P*:     nan        P*cold: nan        Mu*_xs: -0.00000   Cv*/N_xs:  0.00000         E(kJ/mol): -5.198     P(bar):    1.906     
Step:  299999     NAcc:  149995     fAcc:  0.500      Maxd:  0.26305    E*/N:  -5.21541   P*:     nan        P*cold: nan        Mu*_xs: -0.00000   Cv*/N_xs:  0.00000         E(kJ/mol): -5.202     P(bar):    1.930     
Step:  319999     NAcc:  160000     fAcc:  0.500      Maxd:  0.56338    E*/N:  -5.24829   P*:     nan        P*cold: nan        Mu*_xs: -0.00000   Cv*/N_xs:  0.00000         E(kJ/mol): -5.235     P(bar):    1.891     
Step:  339999     NAcc:  170000     fAcc:  0.500      Maxd:  0.34441    E*/N:  -5.19165   P*:     nan        P*cold: nan        Mu*_xs: -0.00000   Cv*/N_xs:  0.00000         E(kJ/mol): -5.178     P(bar):    2.062     
Step:  359999     NAcc:  180000     fAcc:  0.500      Maxd:  0.23420    E*/N:  -5.23731   P*:     nan        P*cold: nan        Mu*_xs: -0.00000   Cv*/N_xs:  0.00000         E(kJ/mol): -5.224     P(bar):    1.935     
Step:  379999     NAcc:  190000     fAcc:  0.500      Maxd:  0.25210    E*/N:  -5.22864   P*:     nan        P*cold: nan        Mu*_xs: -0.00000   Cv*/N_xs:  0.00000         E(kJ/mol): -5.215     P(bar):    1.870     
Step:  399999     NAcc:  200000     fAcc:  0.500      Maxd:  0.28889    E*/N:  -5.29915   P*:     nan        P*cold: nan        Mu*_xs: -0.00000   Cv*/N_xs:  0.00000         E(kJ/mol): -5.285     P(bar):    1.651     
Step:  419999     NAcc:  209997     fAcc:  0.500      Maxd:  0.27748    E*/N:  -5.24474   P*:     nan        P*cold: nan        Mu*_xs: -0.00000   Cv*/N_xs:  0.00000         E(kJ/mol): -5.231     P(bar):    1.865     
Step:  439999     NAcc:  219999     fAcc:  0.500      Maxd:  0.30192    E*/N:  -5.27964   P*:     nan        P*cold: nan        Mu*_xs: -0.00000   Cv*/N_xs:  0.00000         E(kJ/mol): -5.266     P(bar):    1.766     
Step:  459999     NAcc:  230000     fAcc:  0.500      Maxd:  0.83294    E*/N:  -5.30553   P*:     nan        P*cold: nan        Mu*_xs: -0.00000   Cv*/N_xs:  0.00000         E(kJ/mol): -5.292     P(bar):    1.589     
Step:  479999     NAcc:  240001     fAcc:  0.500      Maxd:  0.38572    E*/N:  -5.20123   P*:     nan        P*cold: nan        Mu*_xs: -0.00000   Cv*/N_xs:  0.00000         E(kJ/mol): -5.188     P(bar):    1.956     
Step:  499999     NAcc:  249999     fAcc:  0.500      Maxd:  0.24885    E*/N:  -5.29975   P*:     nan        P*cold: nan        Mu*_xs: -0.00000   Cv*/N_xs:  0.00000         E(kJ/mol): -5.286     P(bar):    1.597     
Step:  519999     NAcc:  259996     fAcc:  0.500      Maxd:  0.27043    E*/N:  -5.24593   P*:     nan        P*cold: nan        Mu*_xs: -0.00000   Cv*/N_xs:  0.00000         E(kJ/mol): -5.232     P(bar):    1.825     
Step:  539999     NAcc:  270001     fAcc:  0.500      Maxd:  0.70926    E*/N:  -5.25557   P*:     nan        P*cold: nan        Mu*_xs: -0.00000   Cv*/N_xs:  0.00000         E(kJ/mol): -5.242     P(bar):    1.827     
Step:  559999     NAcc:  280000     fAcc:  0.500      Maxd:  0.26841    E*/N:  -5.32324   P*:     nan        P*cold: nan        Mu*_xs: -0.00000   Cv*/N_xs:  0.00000         E(kJ/mol): -5.309     P(bar):    1.542     
Step:  579999     NAcc:  289999     fAcc:  0.500      Maxd:  0.26053    E*/N:  -5.29470   P*:     nan        P*cold: nan        Mu*_xs: -0.00000   Cv*/N_xs:  0.00000         E(kJ/mol): -5.281     P(bar):    1.673     
Step:  599999     NAcc:  299998     fAcc:  0.500      Maxd:  0.28590    E*/N:  -5.13012   P*:     nan        P*cold: nan        Mu*_xs: -0.00000   Cv*/N_xs:  0.00000         E(kJ/mol): -5.117     P(bar):    2.188     
Step:  619999     NAcc:  309995     fAcc:  0.500      Maxd:  0.27612    E*/N:  -5.19692   P*:     nan        P*cold: nan        Mu*_xs: -0.00000   Cv*/N_xs:  0.00000         E(kJ/mol): -5.183     P(bar):    1.980     
Step:  639999     NAcc:  320000     fAcc:  0.500      Maxd:  0.27392    E*/N:  -5.19502   P*:     nan        P*cold: nan        Mu*_xs: -0.00000   Cv*/N_xs:  0.00000         E(kJ/mol): -5.181     P(bar):    2.062     
Step:  659999     NAcc:  330000     fAcc:  0.500      Maxd:  0.28995    E*/N:  -5.24839   P*:     nan        P*cold: nan        Mu*_xs: -0.00000   Cv*/N_xs:  0.00000         E(kJ/mol): -5.235     P(bar):    1.717     
Step:  679999     NAcc:  339998     fAcc:  0.500      Maxd:  0.25429    E*/N:  -5.31179   P*:     nan        P*cold: nan        Mu*_xs: -0.00000   Cv*/N_xs:  0.00000         E(kJ/mol): -5.298     P(bar):    1.523     
Step:  699999     NAcc:  350000     fAcc:  0.500      Maxd:  0.43135    E*/N:  -5.27325   P*:     nan        P*cold: nan        Mu*_xs: -0.00000   Cv*/N_xs:  0.00000         E(kJ/mol): -5.259     P(bar):    1.692     
Step:  719999     NAcc:  360001     fAcc:  0.500      Maxd:  0.57519    E*/N:  -5.19564   P*:     nan        P*cold: nan        Mu*_xs: -0.00000   Cv*/N_xs:  0.00000         E(kJ/mol): -5.182     P(bar):    1.904     
Step:  739999     NAcc:  369997     fAcc:  0.500      Maxd:  0.24285    E*/N:  -5.21532   P*:     nan        P*cold: nan        Mu*_xs: -0.00000   Cv*/N_xs:  0.00000         E(kJ/mol): -5.202     P(bar):    1.864     
Step:  759999     NAcc:  379999     fAcc:  0.500      Maxd:  0.33952    E*/N:  -5.33120   P*:     nan        P*cold: nan        Mu*_xs: -0.00000   Cv*/N_xs:  0.00000         E(kJ/mol): -5.317     P(bar):    1.449     
Step:  779999     NAcc:  390000     fAcc:  0.500      Maxd:  0.25991    E*/N:  -5.26438   P*:     nan        P*cold: nan        Mu*_xs: -0.00000   Cv*/N_xs:  0.00000         E(kJ/mol): -5.251     P(bar):    1.782     
Step:  799999     NAcc:  400000     fAcc:  0.500      Maxd:  0.25177    E*/N:  -5.21319   P*:     nan        P*cold: nan        Mu*_xs: -0.00000   Cv*/N_xs:  0.00000         E(kJ/mol): -5.200     P(bar):    1.908     
Step:  819999     NAcc:  409999     fAcc:  0.500      Maxd:  0.71812    E*/N:  -5.30907   P*:     nan        P*cold: nan        Mu*_xs: -0.00000   Cv*/N_xs:  0.00000         E(kJ/mol): -5.295     P(bar):    1.613     
Step:  839999     NAcc:  419999     fAcc:  0.500      Maxd:  0.28817    E*/N:  -5.25282   P*:     nan        P*cold: nan        Mu*_xs: -0.00000   Cv*/N_xs:  0.00000         E(kJ/mol): -5.239     P(bar):    1.943     
Step:  859999     NAcc:  429999     fAcc:  0.500      Maxd:  0.28387    E*/N:  -5.27906   P*:     nan        P*cold: nan        Mu*_xs: -0.00000   Cv*/N_xs:  0.00000         E(kJ/mol): -5.265     P(bar):    1.762     
Step:  879999     NAcc:  439996     fAcc:  0.500      Maxd:  0.28480    E*/N:  -5.24966   P*:     nan        P*cold: nan        Mu*_xs: -0.00000   Cv*/N_xs:  0.00000         E(kJ/mol): -5.236     P(bar):    1.893     
Step:  899999     NAcc:  449999     fAcc:  0.500      Maxd:  0.24208    E*/N:  -5.25815   P*:     nan        P*cold: nan        Mu*_xs: -0.00000   Cv*/N_xs:  0.00000         E(kJ/mol): -5.244     P(bar):    1.812     
Step:  919999     NAcc:  459997     fAcc:  0.500      Maxd:  0.27902    E*/N:  -5.29494   P*:     nan        P*cold: nan        Mu*_xs: -0.00000   Cv*/N_xs:  0.00000         E(kJ/mol): -5.281     P(bar):    1.693     
Step:  939999     NAcc:  469999     fAcc:  0.500      Maxd:  0.27700    E*/N:  -5.15618   P*:     nan        P*cold: nan        Mu*_xs: -0.00000   Cv*/N_xs:  0.00000         E(kJ/mol): -5.143     P(bar):    2.279     
Step:  959999     NAcc:  479996     fAcc:  0.500      Maxd:  0.26840    E*/N:  -5.24868   P*:     nan        P*cold: nan        Mu*_xs: -0.00000   Cv*/N_xs:  0.00000         E(kJ/mol): -5.235     P(bar):    1.892     
Step:  979999     NAcc:  489999     fAcc:  0.500      Maxd:  0.24736    E*/N:  -5.21435   P*:     nan        P*cold: nan        Mu*_xs: -0.00000   Cv*/N_xs:  0.00000         E(kJ/mol): -5.201     P(bar):    2.021     
Step:  999999     NAcc:  500001     fAcc:  0.500      Maxd:  0.48470    E*/N:  -5.28543   P*:     nan        P*cold: nan        Mu*_xs: -0.00000   Cv*/N_xs:  0.00000         E(kJ/mol): -5.272     P(bar):    1.655     
Step:  1019999    NAcc:  510000     fAcc:  0.500      Maxd:  0.24662    E*/N:  -5.23827   P*:     nan        P*cold: nan        Mu*_xs: -0.00000   Cv*/N_xs:  0.00000         E(kJ/mol): -5.225     P(bar):    1.802     
Step:  1039999    NAcc:  519999     fAcc:  0.500      Maxd:  0.92885    E*/N:  -5.31744   P*:     nan        P*cold: nan        Mu*_xs: -0.00000   Cv*/N_xs:  0.00000         E(kJ/mol): -5.304     P(bar):    1.634     
Step:  1059999    NAcc:  529999     fAcc:  0.500      Maxd:  1.51144    E*/N:  -5.25153   P*:     nan        P*cold: nan        Mu*_xs: -0.00000   Cv*/N_xs:  0.00000         E(kJ/mol): -5.238     P(bar):    1.843     
Step:  1079999    NAcc:  540001     fAcc:  0.500      Maxd:  0.51051    E*/N:  -5.23777   P*:     nan        P*cold: nan        Mu*_xs: -0.00000   Cv*/N_xs:  0.00000         E(kJ/mol): -5.224     P(bar):    1.899     
Step:  1099999    NAcc:  549997     fAcc:  0.500      Maxd:  0.23903    E*/N:  -5.20740   P*:     nan        P*cold: nan        Mu*_xs: -0.00000   Cv*/N_xs:  0.00000         E(kJ/mol): -5.194     P(bar):    2.004     
Step:  1119999    NAcc:  560000     fAcc:  0.500      Maxd:  2.43680    E*/N:  -5.17223   P*:     nan        P*cold: nan        Mu*_xs: -0.00000   Cv*/N_xs:  0.00000         E(kJ/mol): -5.159     P(bar):    2.125     
Step:  1139999    NAcc:  570000     fAcc:  0.500      Maxd:  0.36071    E*/N:  -5.30610   P*:     nan        P*cold: nan        Mu*_xs: -0.00000   Cv*/N_xs:  0.00000         E(kJ/mol): -5.292     P(bar):    1.516     
Step:  1159999    NAcc:  579999     fAcc:  0.500      Maxd:  0.24862    E*/N:  -5.26778   P*:     nan        P*cold: nan        Mu*_xs: -0.00000   Cv*/N_xs:  0.00000         E(kJ/mol): -5.254     P(bar):    1.770     
Step:  1179999    NAcc:  589998     fAcc:  0.500      Maxd:  0.27263    E*/N:  -5.27134   P*:     nan        P*cold: nan        Mu*_xs: -0.00000   Cv*/N_xs:  0.00000         E(kJ/mol): -5.258     P(bar):    1.736     
Step:  1199999    NAcc:  600000     fAcc:  0.500      Maxd:  0.28428    E*/N:  -5.16932   P*:     nan        P*cold: nan        Mu*_xs: -0.00000   Cv*/N_xs:  0.00000         E(kJ/mol): -5.156     P(bar):    2.247     
Step:  1219999    NAcc:  610001     fAcc:  0.500      Maxd:  0.37211    E*/N:  -5.17759   P*:     nan        P*cold: nan        Mu*_xs: -0.00000   Cv*/N_xs:  0.00000         E(kJ/mol): -5.164     P(bar):    2.090     
Step:  1239999    NAcc:  619998     fAcc:  0.500      Maxd:  0.24212    E*/N:  -5.25714   P*:     nan        P*cold: nan        Mu*_xs: -0.00000   Cv*/N_xs:  0.00000         E(kJ/mol): -5.243     P(bar):    1.761     
Step:  1259999    NAcc:  630000     fAcc:  0.500      Maxd:  0.24696    E*/N:  -5.20037   P*:     nan        P*cold: nan        Mu*_xs: -0.00000   Cv*/N_xs:  0.00000         E(kJ/mol): -5.187     P(bar):    1.912     
Step:  1279999    NAcc:  639996     fAcc:  0.500      Maxd:  0.27518    E*/N:  -5.23090   P*:     nan        P*cold: nan        Mu*_xs: -0.00000   Cv*/N_xs:  0.00000         E(kJ/mol): -5.217     P(bar):    1.886     
Step:  1299999    NAcc:  650000     fAcc:  0.500      Maxd:  0.25978    E*/N:  -5.22127   P*:     nan        P*cold: nan        Mu*_xs: -0.00000   Cv*/N_xs:  0.00000         E(kJ/mol): -5.208     P(bar):    1.905     
Step:  1319999    NAcc:  660000     fAcc:  0.500      Maxd:  0.24939    E*/N:  -5.36278   P*:     nan        P*cold: nan        Mu*_xs: -0.00000   Cv*/N_xs:  0.00000         E(kJ/mol): -5.349     P(bar):    1.360     
Step:  1339999    NAcc:  670001     fAcc:  0.500      Maxd:  0.57020    E*/N:  -5.34625   P*:     nan        P*cold: nan        Mu*_xs: -0.00000   Cv*/N_xs:  0.00000         E(kJ/mol): -5.332     P(bar):    1.428     
Step:  1359999    NAcc:  679997     fAcc:  0.500      Maxd:  0.27416    E*/N:  -5.24485   P*:     nan        P*cold: nan        Mu*_xs: -0.00000   Cv*/N_xs:  0.00000         E(kJ/mol): -5.231     P(bar):    1.854     
Step:  1379999    NAcc:  690000     fAcc:  0.500      Maxd:  0.23591    E*/N:  -5.31510   P*:     nan        P*cold: nan        Mu*_xs: -0.00000   Cv*/N_xs:  0.00000         E(kJ/mol): -5.301     P(bar):    1.647     
Step:  1399999    NAcc:  700001     fAcc:  0.500      Maxd:  0.72976    E*/N:  -5.28518   P*:     nan        P*cold: nan        Mu*_xs: -0.00000   Cv*/N_xs:  0.00000         E(kJ/mol): -5.271     P(bar):    1.732     
Step:  1419999    NAcc:  710000     fAcc:  0.500      Maxd:  0.28652    E*/N:  -5.26995   P*:     nan        P*cold: nan        Mu*_xs: -0.00000   Cv*/N_xs:  0.00000         E(kJ/mol): -5.256     P(bar):    1.817     
Step:  1439999    NAcc:  720002     fAcc:  0.500      Maxd:  0.86029    E*/N:  -5.29588   P*:     nan        P*cold: nan        Mu*_xs: -0.00000   Cv*/N_xs:  0.00000         E(kJ/mol): -5.282     P(bar):    1.744     
Step:  1459999    NAcc:  730001     fAcc:  0.500      Maxd:  1.09632    E*/N:  -5.23360   P*:     nan        P*cold: nan        Mu*_xs: -0.00000   Cv*/N_xs:  0.00000         E(kJ/mol): -5.220     P(bar):    1.856     
Step:  1479999    NAcc:  740000     fAcc:  0.500      Maxd:  0.69067    E*/N:  -5.27615   P*:     nan        P*cold: nan        Mu*_xs: -0.00000   Cv*/N_xs:  0.00000         E(kJ/mol): -5.262     P(bar):    1.613     
Step:  1499999    NAcc:  750001     fAcc:  0.500      Maxd:  0.40758    E*/N:  -5.25956   P*:     nan        P*cold: nan        Mu*_xs: -0.00000   Cv*/N_xs:  0.00000         E(kJ/mol): -5.246     P(bar):    1.717     
Step:  1519999    NAcc:  760000     fAcc:  0.500      Maxd:  0.27604    E*/N:  -5.24650   P*:     nan        P*cold: nan        Mu*_xs: -0.00000   Cv*/N_xs:  0.00000         E(kJ/mol): -5.233     P(bar):    1.803     
Step:  1539999    NAcc:  769998     fAcc:  0.500      Maxd:  0.26654    E*/N:  -5.25522   P*:     nan        P*cold: nan        Mu*_xs: -0.00000   Cv*/N_xs:  0.00000         E(kJ/mol): -5.241     P(bar):    1.857     
Step:  1559999    NAcc:  779999     fAcc:  0.500      Maxd:  0.27981    E*/N:  -5.25450   P*:     nan        P*cold: nan        Mu*_xs: -0.00000   Cv*/N_xs:  0.00000         E(kJ/mol): -5.241     P(bar):    1.899     
Step:  1579999    NAcc:  789999     fAcc:  0.500      Maxd:  0.25454    E*/N:  -5.20942   P*:     nan        P*cold: nan        Mu*_xs: -0.00000   Cv*/N_xs:  0.00000         E(kJ/mol): -5.196     P(bar):    2.063     
Step:  1599999    NAcc:  799996     fAcc:  0.500      Maxd:  0.28157    E*/N:  -5.21727   P*:     nan        P*cold: nan        Mu*_xs: -0.00000   Cv*/N_xs:  0.00000         E(kJ/mol): -5.204     P(bar):    1.988     
Step:  1619999    NAcc:  809999     fAcc:  0.500      Maxd:  0.25201    E*/N:  -5.28813   P*:     nan        P*cold: nan        Mu*_xs: -0.00000   Cv*/N_xs:  0.00000         E(kJ/mol): -5.274     P(bar):    1.643     
Step:  1639999    NAcc:  820001     fAcc:  0.500      Maxd:  0.57647    E*/N:  -5.20029   P*:     nan        P*cold: nan        Mu*_xs: -0.00000   Cv*/N_xs:  0.00000         E(kJ/mol): -5.187     P(bar):    1.979     
Step:  1659999    NAcc:  830000     fAcc:  0.500      Maxd:  0.35623    E*/N:  -5.23131   P*:     nan        P*cold: nan        Mu*_xs: -0.00000   Cv*/N_xs:  0.00000         E(kJ/mol): -5.218     P(bar):    1.745     
Step:  1679999    NAcc:  840001     fAcc:  0.500      Maxd:  1.02091    E*/N:  -5.26426   P*:     nan        P*cold: nan        Mu*_xs: -0.00000   Cv*/N_xs:  0.00000         E(kJ/mol): -5.250     P(bar):    1.719     
Step:  1699999    NAcc:  849999     fAcc:  0.500      Maxd:  0.40701    E*/N:  -5.32269   P*:     nan        P*cold: nan        Mu*_xs: -0.00000   Cv*/N_xs:  0.00000         E(kJ/mol): -5.309     P(bar):    1.550     
Step:  1719999    NAcc:  859997     fAcc:  0.500      Maxd:  0.28722    E*/N:  -5.29051   P*:     nan        P*cold: nan        Mu*_xs: -0.00000   Cv*/N_xs:  0.00000         E(kJ/mol): -5.277     P(bar):    1.634     
Step:  1739999    NAcc:  869998     fAcc:  0.500      Maxd:  0.26837    E*/N:  -5.15847   P*:     nan        P*cold: nan        Mu*_xs: -0.00000   Cv*/N_xs:  0.00000         E(kJ/mol): -5.145     P(bar):    2.131     
Step:  1759999    NAcc:  880000     fAcc:  0.500      Maxd:  0.39845    E*/N:  -5.27682   P*:     nan        P*cold: nan        Mu*_xs: -0.00000   Cv*/N_xs:  0.00000         E(kJ/mol): -5.263     P(bar):    1.733     
Step:  1779999    NAcc:  889998     fAcc:  0.500      Maxd:  0.28794    E*/N:  -5.21694   P*:     nan        P*cold: nan        Mu*_xs: -0.00000   Cv*/N_xs:  0.00000         E(kJ/mol): -5.203     P(bar):    1.868     
Step:  1799999    NAcc:  899999     fAcc:  0.500      Maxd:  0.27733    E*/N:  -5.25822   P*:     nan        P*cold: nan        Mu*_xs: -0.00000   Cv*/N_xs:  0.00000         E(kJ/mol): -5.244     P(bar):    1.813     
Step:  1819999    NAcc:  909999     fAcc:  0.500      Maxd:  0.28529    E*/N:  -5.20121   P*:     nan        P*cold: nan        Mu*_xs: -0.00000   Cv*/N_xs:  0.00000         E(kJ/mol): -5.188     P(bar):    2.009     
Step:  1839999    NAcc:  920000     fAcc:  0.500      Maxd:  0.28774    E*/N:  -5.28269   P*:     nan        P*cold: nan        Mu*_xs: -0.00000   Cv*/N_xs:  0.00000         E(kJ/mol): -5.269     P(bar):    1.742     
Step:  1859999    NAcc:  929999     fAcc:  0.500      Maxd:  0.25862    E*/N:  -5.23887   P*:     nan        P*cold: nan        Mu*_xs: -0.00000   Cv*/N_xs:  0.00000         E(kJ/mol): -5.225     P(bar):    1.817     
Step:  1879999    NAcc:  940000     fAcc:  0.500      Maxd:  0.26512    E*/N:  -5.17269   P*:     nan        P*cold: nan        Mu*_xs: -0.00000   Cv*/N_xs:  0.00000         E(kJ/mol): -5.159     P(bar):    1.976     
Step:  1899999    NAcc:  950000     fAcc:  0.500      Maxd:  0.32670    E*/N:  -5.34758   P*:     nan        P*cold: nan        Mu*_xs: -0.00000   Cv*/N_xs:  0.00000         E(kJ/mol): -5.334     P(bar):    1.449     
Step:  1919999    NAcc:  959999     fAcc:  0.500      Maxd:  0.72868    E*/N:  -5.34655   P*:     nan        P*cold: nan        Mu*_xs: -0.00000   Cv*/N_xs:  0.00000         E(kJ/mol): -5.333     P(bar):    1.462     
Step:  1939999    NAcc:  970000     fAcc:  0.500      Maxd:  0.27431    E*/N:  -5.30952   P*:     nan        P*cold: nan        Mu*_xs: -0.00000   Cv*/N_xs:  0.00000         E(kJ/mol): -5.296     P(bar):    1.708     
Step:  1959999    NAcc:  979999     fAcc:  0.500      Maxd:  0.57368    E*/N:  -5.28524   P*:     nan        P*cold: nan        Mu*_xs: -0.00000   Cv*/N_xs:  0.00000         E(kJ/mol): -5.271     P(bar):    1.639     
Step:  1979999    NAcc:  989999     fAcc:  0.500      Maxd:  0.26262    E*/N:  -5.28894   P*:     nan        P*cold: nan        Mu*_xs: -0.00000   Cv*/N_xs:  0.00000         E(kJ/mol): -5.275     P(bar):    1.725     
Step:  1999999    NAcc:  999999     fAcc:  0.500      Maxd:  0.27591    E*/N:  -5.23769   P*:     nan        P*cold: nan        Mu*_xs: -0.00000   Cv*/N_xs:  0.00000         E(kJ/mol): -5.224     P(bar):    1.800     
Step:  2019999    NAcc:  1009999    fAcc:  0.500      Maxd:  0.27357    E*/N:  -5.25506   P*:     2.05072    P*cold: 1.09072    Mu*_xs: 1.64033    Cv*/N_xs:  0.35588         E(kJ/mol): -5.241     P(bar):    1.788     
Step:  2039999    NAcc:  1020000    fAcc:  0.500      Maxd:  0.28741    E*/N:  -5.29854   P*:     2.11552    P*cold: 1.15552    Mu*_xs: 0.10201    Cv*/N_xs:  0.57147         E(kJ/mol): -5.285     P(bar):    1.597     
Step:  2059999    NAcc:  1029999    fAcc:  0.500      Maxd:  0.25435    E*/N:  -5.19818   P*:     2.10682    P*cold: 1.14682    Mu*_xs: -1.06960   Cv*/N_xs:  0.56022         E(kJ/mol): -5.185     P(bar):    1.990     
Step:  2079999    NAcc:  1040000    fAcc:  0.500      Maxd:  0.24356    E*/N:  -5.23719   P*:     2.07980    P*cold: 1.11980    Mu*_xs: -0.98305   Cv*/N_xs:  0.57761         E(kJ/mol): -5.223     P(bar):    1.813     
Step:  2099999    NAcc:  1049997    fAcc:  0.500      Maxd:  0.26054    E*/N:  -5.25468   P*:     2.07628    P*cold: 1.11628    Mu*_xs: -0.84564   Cv*/N_xs:  0.59200         E(kJ/mol): -5.241     P(bar):    1.744     
Step:  2119999    NAcc:  1060000    fAcc:  0.500      Maxd:  0.25429    E*/N:  -5.21008   P*:     2.07335    P*cold: 1.11335    Mu*_xs: -0.71274   Cv*/N_xs:  0.56918         E(kJ/mol): -5.196     P(bar):    1.932     
Step:  2139999    NAcc:  1069999    fAcc:  0.500      Maxd:  0.27311    E*/N:  -5.17897   P*:     2.06321    P*cold: 1.10321    Mu*_xs: -0.63883   Cv*/N_xs:  0.54540         E(kJ/mol): -5.165     P(bar):    2.086     
Step:  2159999    NAcc:  1079999    fAcc:  0.500      Maxd:  0.24364    E*/N:  -5.26323   P*:     2.07875    P*cold: 1.11875    Mu*_xs: -0.53516   Cv*/N_xs:  0.59265         E(kJ/mol): -5.249     P(bar):    1.781     
Step:  2179999    NAcc:  1090000    fAcc:  0.500      Maxd:  0.24370    E*/N:  -5.25198   P*:     2.09331    P*cold: 1.13331    Mu*_xs: -0.56530   Cv*/N_xs:  0.60517         E(kJ/mol): -5.238     P(bar):    1.832     
Step:  2199999    NAcc:  1100000    fAcc:  0.500      Maxd:  0.25603    E*/N:  -5.35377   P*:     2.08692    P*cold: 1.12692    Mu*_xs: -0.59471   Cv*/N_xs:  0.60665         E(kJ/mol): -5.340     P(bar):    1.431     
Step:  2219999    NAcc:  1110000    fAcc:  0.500      Maxd:  0.24901    E*/N:  -5.25561   P*:     2.08029    P*cold: 1.12029    Mu*_xs: -0.59139   Cv*/N_xs:  0.61772         E(kJ/mol): -5.242     P(bar):    1.819     
Step:  2239999    NAcc:  1119998    fAcc:  0.500      Maxd:  0.28686    E*/N:  -5.21050   P*:     2.08282    P*cold: 1.12282    Mu*_xs: -0.55008   Cv*/N_xs:  0.60206         E(kJ/mol): -5.197     P(bar):    1.993     
Step:  2259999    NAcc:  1129996    fAcc:  0.500      Maxd:  0.28301    E*/N:  -5.21517   P*:     2.09076    P*cold: 1.13076    Mu*_xs: -0.61428   Cv*/N_xs:  0.59716         E(kJ/mol): -5.202     P(bar):    1.949     
Step:  2279999    NAcc:  1140001    fAcc:  0.500      Maxd:  0.49970    E*/N:  -5.31345   P*:     2.09075    P*cold: 1.13075    Mu*_xs: -0.73747   Cv*/N_xs:  0.70641         E(kJ/mol): -5.300     P(bar):    1.585     
Step:  2299999    NAcc:  1149999    fAcc:  0.500      Maxd:  0.25966    E*/N:  -5.19118   P*:     2.09148    P*cold: 1.13148    Mu*_xs: -0.68752   Cv*/N_xs:  0.70977         E(kJ/mol): -5.178     P(bar):    2.068     
Step:  2319999    NAcc:  1159998    fAcc:  0.500      Maxd:  0.36503    E*/N:  -5.28563   P*:     2.10002    P*cold: 1.14002    Mu*_xs: -0.65661   Cv*/N_xs:  0.70676         E(kJ/mol): -5.272     P(bar):    1.700     
Step:  2339999    NAcc:  1170000    fAcc:  0.500      Maxd:  0.26044    E*/N:  -5.26417   P*:     2.08824    P*cold: 1.12824    Mu*_xs: -0.68378   Cv*/N_xs:  0.75353         E(kJ/mol): -5.250     P(bar):    1.710     
Step:  2359999    NAcc:  1179997    fAcc:  0.500      Maxd:  0.27089    E*/N:  -5.21881   P*:     2.09765    P*cold: 1.13765    Mu*_xs: -0.71743   Cv*/N_xs:  0.77899         E(kJ/mol): -5.205     P(bar):    1.952     
Step:  2379999    NAcc:  1190000    fAcc:  0.500      Maxd:  0.30818    E*/N:  -5.24009   P*:     2.11292    P*cold: 1.15292    Mu*_xs: -0.72571   Cv*/N_xs:  0.79393         E(kJ/mol): -5.226     P(bar):    1.997     
Step:  2399999    NAcc:  1200000    fAcc:  0.500      Maxd:  1.10263    E*/N:  -5.18691   P*:     2.12444    P*cold: 1.16444    Mu*_xs: -0.72892   Cv*/N_xs:  0.80702         E(kJ/mol): -5.173     P(bar):    2.116     
Step:  2419999    NAcc:  1209996    fAcc:  0.500      Maxd:  0.26440    E*/N:  -5.25333   P*:     2.12407    P*cold: 1.16407    Mu*_xs: -0.78119   Cv*/N_xs:  0.79320         E(kJ/mol): -5.240     P(bar):    1.842     
Step:  2439999    NAcc:  1220001    fAcc:  0.500      Maxd:  0.33601    E*/N:  -5.26741   P*:     2.12412    P*cold: 1.16412    Mu*_xs: -0.75476   Cv*/N_xs:  0.77302         E(kJ/mol): -5.254     P(bar):    1.704     
Step:  2459999    NAcc:  1229998    fAcc:  0.500      Maxd:  0.23293    E*/N:  -5.20416   P*:     2.12687    P*cold: 1.16687    Mu*_xs: -0.70636   Cv*/N_xs:  0.79105         E(kJ/mol): -5.191     P(bar):    2.045     
Step:  2479999    NAcc:  1239999    fAcc:  0.500      Maxd:  0.28899    E*/N:  -5.20506   P*:     2.13002    P*cold: 1.17002    Mu*_xs: -0.68792   Cv*/N_xs:  0.77625         E(kJ/mol): -5.191     P(bar):    1.994     
Step:  2499999    NAcc:  1249998    fAcc:  0.500      Maxd:  0.25073    E*/N:  -5.29516   P*:     2.12811    P*cold: 1.16811    Mu*_xs: -0.67894   Cv*/N_xs:  0.76729         E(kJ/mol): -5.281     P(bar):    1.641     
Step:  2519999    NAcc:  1259997    fAcc:  0.500      Maxd:  0.53740    E*/N:  -5.24185   P*:     2.12633    P*cold: 1.16633    Mu*_xs: -0.65410   Cv*/N_xs:  0.76379         E(kJ/mol): -5.228     P(bar):    1.813     
Step:  2539999    NAcc:  1269998    fAcc:  0.500      Maxd:  0.27166    E*/N:  -5.31760   P*:     2.12592    P*cold: 1.16592    Mu*_xs: -0.66112   Cv*/N_xs:  0.77030         E(kJ/mol): -5.304     P(bar):    1.567     
Step:  2559999    NAcc:  1280000    fAcc:  0.500      Maxd:  0.76043    E*/N:  -5.20545   P*:     2.12973    P*cold: 1.16973    Mu*_xs: -0.66736   Cv*/N_xs:  0.76461         E(kJ/mol): -5.192     P(bar):    2.022     
Step:  2579999    NAcc:  1289998    fAcc:  0.500      Maxd:  0.28857    E*/N:  -5.18711   P*:     2.13618    P*cold: 1.17618    Mu*_xs: -0.64851   Cv*/N_xs:  0.77939         E(kJ/mol): -5.174     P(bar):    2.069     
Step:  2599999    NAcc:  1300001    fAcc:  0.500      Maxd:  0.58902    E*/N:  -5.21382   P*:     2.13672    P*cold: 1.17672    Mu*_xs: -0.63271   Cv*/N_xs:  0.77496         E(kJ/mol): -5.200     P(bar):    1.959     
Step:  2619999    NAcc:  1309999    fAcc:  0.500      Maxd:  0.25769    E*/N:  -5.21598   P*:     2.14410    P*cold: 1.18410    Mu*_xs: -0.63352   Cv*/N_xs:  0.79352         E(kJ/mol): -5.202     P(bar):    2.010     
Step:  2639999    NAcc:  1319999    fAcc:  0.500      Maxd:  0.28901    E*/N:  -5.31865   P*:     2.14654    P*cold: 1.18654    Mu*_xs: -0.60896   Cv*/N_xs:  0.79808         E(kJ/mol): -5.305     P(bar):    1.593     
Step:  2659999    NAcc:  1330000    fAcc:  0.500      Maxd:  0.24006    E*/N:  -5.28848   P*:     2.14164    P*cold: 1.18164    Mu*_xs: -0.63199   Cv*/N_xs:  0.81925         E(kJ/mol): -5.275     P(bar):    1.714     
Step:  2679999    NAcc:  1340001    fAcc:  0.500      Maxd:  0.33757    E*/N:  -5.31411   P*:     2.14211    P*cold: 1.18211    Mu*_xs: -0.64354   Cv*/N_xs:  0.81146         E(kJ/mol): -5.300     P(bar):    1.694     
Step:  2699999    NAcc:  1349999    fAcc:  0.500      Maxd:  0.24499    E*/N:  -5.34762   P*:     2.14800    P*cold: 1.18800    Mu*_xs: -0.65617   Cv*/N_xs:  0.84647         E(kJ/mol): -5.334     P(bar):    1.479     
Step:  2719999    NAcc:  1359996    fAcc:  0.500      Maxd:  0.26898    E*/N:  -5.21088   P*:     2.14503    P*cold: 1.18503    Mu*_xs: -0.62854   Cv*/N_xs:  0.84175         E(kJ/mol): -5.197     P(bar):    1.828     
Step:  2739999    NAcc:  1369999    fAcc:  0.500      Maxd:  0.25835    E*/N:  -5.31253   P*:     2.14295    P*cold: 1.18295    Mu*_xs: -0.62057   Cv*/N_xs:  0.85184         E(kJ/mol): -5.299     P(bar):    1.493     
Step:  2759999    NAcc:  1379999    fAcc:  0.500      Maxd:  1.01256    E*/N:  -5.24273   P*:     2.13871    P*cold: 1.17871    Mu*_xs: -0.59383   Cv*/N_xs:  0.84647         E(kJ/mol): -5.229     P(bar):    1.769     
Step:  2779999    NAcc:  1389998    fAcc:  0.500      Maxd:  0.26551    E*/N:  -5.30682   P*:     2.13682    P*cold: 1.17682    Mu*_xs: -0.56869   Cv*/N_xs:  0.85971         E(kJ/mol): -5.293     P(bar):    1.585     
Step:  2799999    NAcc:  1399997    fAcc:  0.500      Maxd:  0.28580    E*/N:  -5.30293   P*:     2.13651    P*cold: 1.17651    Mu*_xs: -0.58602   Cv*/N_xs:  0.84772         E(kJ/mol): -5.289     P(bar):    1.550     
Step:  2819999    NAcc:  1410000    fAcc:  0.500      Maxd:  0.31003    E*/N:  -5.28626   P*:     2.13219    P*cold: 1.17219    Mu*_xs: -0.56335   Cv*/N_xs:  0.84456         E(kJ/mol): -5.272     P(bar):    1.702     
Step:  2839999    NAcc:  1420001    fAcc:  0.500      Maxd:  0.79900    E*/N:  -5.29515   P*:     2.12846    P*cold: 1.16846    Mu*_xs: -0.54686   Cv*/N_xs:  0.84720         E(kJ/mol): -5.281     P(bar):    1.632     
Step:  2859999    NAcc:  1430001    fAcc:  0.500      Maxd:  0.37495    E*/N:  -5.31571   P*:     2.12691    P*cold: 1.16691    Mu*_xs: -0.52655   Cv*/N_xs:  0.85157         E(kJ/mol): -5.302     P(bar):    1.590     
Step:  2879999    NAcc:  1440000    fAcc:  0.500      Maxd:  0.28254    E*/N:  -5.33374   P*:     2.12515    P*cold: 1.16515    Mu*_xs: -0.54088   Cv*/N_xs:  0.85141         E(kJ/mol): -5.320     P(bar):    1.510     
Step:  2899999    NAcc:  1450000    fAcc:  0.500      Maxd:  0.28818    E*/N:  -5.29323   P*:     2.12332    P*cold: 1.16332    Mu*_xs: -0.57882   Cv*/N_xs:  0.84442         E(kJ/mol): -5.279     P(bar):    1.595     
Step:  2919999    NAcc:  1460000    fAcc:  0.500      Maxd:  0.66988    E*/N:  -5.29057   P*:     2.12101    P*cold: 1.16101    Mu*_xs: -0.59600   Cv*/N_xs:  0.84285         E(kJ/mol): -5.277     P(bar):    1.673     
Step:  2939999    NAcc:  1469996    fAcc:  0.500      Maxd:  0.27652    E*/N:  -5.31447   P*:     2.11698    P*cold: 1.15698    Mu*_xs: -0.57732   Cv*/N_xs:  0.85541         E(kJ/mol): -5.301     P(bar):    1.553     
Step:  2959999    NAcc:  1480000    fAcc:  0.500      Maxd:  0.24718    E*/N:  -5.25088   P*:     2.11437    P*cold: 1.15437    Mu*_xs: -0.55368   Cv*/N_xs:  0.84993         E(kJ/mol): -5.237     P(bar):    1.704     
Step:  2979999    NAcc:  1490000    fAcc:  0.500      Maxd:  0.23276    E*/N:  -5.32564   P*:     2.11465    P*cold: 1.15465    Mu*_xs: -0.54887   Cv*/N_xs:  0.85184         E(kJ/mol): -5.312     P(bar):    1.499     
Step:  2999999    NAcc:  1499998    fAcc:  0.500      Maxd:  0.25383    E*/N:  -5.25066   P*:     2.11035    P*cold: 1.15035    Mu*_xs: -0.54290   Cv*/N_xs:  0.87945         E(kJ/mol): -5.237     P(bar):    1.902     
Step:  3019999    NAcc:  1509996    fAcc:  0.500      Maxd:  0.26795    E*/N:  -5.23125   P*:     2.11193    P*cold: 1.15193    Mu*_xs: -0.52215   Cv*/N_xs:  0.87368         E(kJ/mol): -5.218     P(bar):    1.894     
Step:  3039999    NAcc:  1519999    fAcc:  0.500      Maxd:  0.24824    E*/N:  -5.15469   P*:     2.11638    P*cold: 1.15638    Mu*_xs: -0.51630   Cv*/N_xs:  0.88750         E(kJ/mol): -5.141     P(bar):    2.239     
Step:  3059999    NAcc:  1529998    fAcc:  0.500      Maxd:  0.28214    E*/N:  -5.20328   P*:     2.11752    P*cold: 1.15752    Mu*_xs: -0.52723   Cv*/N_xs:  0.88193         E(kJ/mol): -5.190     P(bar):    1.985     
Step:  3079999    NAcc:  1539999    fAcc:  0.500      Maxd:  0.28555    E*/N:  -5.27722   P*:     2.11742    P*cold: 1.15742    Mu*_xs: -0.51794   Cv*/N_xs:  0.87258         E(kJ/mol): -5.263     P(bar):    1.658     
Step:  3099999    NAcc:  1549999    fAcc:  0.500      Maxd:  0.25711    E*/N:  -5.19212   P*:     2.11783    P*cold: 1.15783    Mu*_xs: -0.52618   Cv*/N_xs:  0.86521         E(kJ/mol): -5.179     P(bar):    2.034     
Step:  3119999    NAcc:  1560000    fAcc:  0.500      Maxd:  0.27989    E*/N:  -5.31322   P*:     2.11966    P*cold: 1.15966    Mu*_xs: -0.53613   Cv*/N_xs:  0.86712         E(kJ/mol): -5.299     P(bar):    1.556     
Step:  3139999    NAcc:  1570000    fAcc:  0.500      Maxd:  0.25641    E*/N:  -5.28512   P*:     2.11819    P*cold: 1.15819    Mu*_xs: -0.53399   Cv*/N_xs:  0.86167         E(kJ/mol): -5.271     P(bar):    1.691     
Step:  3159999    NAcc:  1579998    fAcc:  0.500      Maxd:  0.26643    E*/N:  -5.19601   P*:     2.11943    P*cold: 1.15943    Mu*_xs: -0.53866   Cv*/N_xs:  0.86372         E(kJ/mol): -5.182     P(bar):    2.057     
Step:  3179999    NAcc:  1589999    fAcc:  0.500      Maxd:  0.42419    E*/N:  -5.25472   P*:     2.11924    P*cold: 1.15924    Mu*_xs: -0.52472   Cv*/N_xs:  0.85773         E(kJ/mol): -5.241     P(bar):    1.782     
Step:  3199999    NAcc:  1599999    fAcc:  0.500      Maxd:  0.27449    E*/N:  -5.25615   P*:     2.11688    P*cold: 1.15688    Mu*_xs: -0.52402   Cv*/N_xs:  0.86408         E(kJ/mol): -5.242     P(bar):    1.753     
Step:  3219999    NAcc:  1610001    fAcc:  0.500      Maxd:  0.78902    E*/N:  -5.20648   P*:     2.11942    P*cold: 1.15942    Mu*_xs: -0.51412   Cv*/N_xs:  0.87372         E(kJ/mol): -5.193     P(bar):    1.978     
Step:  3239999    NAcc:  1619999    fAcc:  0.500      Maxd:  0.24347    E*/N:  -5.31973   P*:     2.12018    P*cold: 1.16018    Mu*_xs: -0.52997   Cv*/N_xs:  0.87382         E(kJ/mol): -5.306     P(bar):    1.613     
Step:  3259999    NAcc:  1630000    fAcc:  0.500      Maxd:  0.24008    E*/N:  -5.30953   P*:     2.11731    P*cold: 1.15731    Mu*_xs: -0.55297   Cv*/N_xs:  0.87939         E(kJ/mol): -5.296     P(bar):    1.605     
Step:  3279999    NAcc:  1640001    fAcc:  0.500      Maxd:  0.40288    E*/N:  -5.22367   P*:     2.11879    P*cold: 1.15879    Mu*_xs: -0.61145   Cv*/N_xs:  0.87414         E(kJ/mol): -5.210     P(bar):    2.039     
Step:  3299999    NAcc:  1650000    fAcc:  0.500      Maxd:  0.28659    E*/N:  -5.25626   P*:     2.11998    P*cold: 1.15998    Mu*_xs: -0.63226   Cv*/N_xs:  0.87057         E(kJ/mol): -5.242     P(bar):    1.822     
Step:  3319999    NAcc:  1660000    fAcc:  0.500      Maxd:  0.73287    E*/N:  -5.29098   P*:     2.11884    P*cold: 1.15884    Mu*_xs: -0.62449   Cv*/N_xs:  0.87101         E(kJ/mol): -5.277     P(bar):    1.617     
Step:  3339999    NAcc:  1670001    fAcc:  0.500      Maxd:  0.33853    E*/N:  -5.31637   P*:     2.12281    P*cold: 1.16281    Mu*_xs: -0.63575   Cv*/N_xs:  0.89193         E(kJ/mol): -5.302     P(bar):    1.547     
Step:  3359999    NAcc:  1679999    fAcc:  0.500      Maxd:  0.27015    E*/N:  -5.28376   P*:     2.12331    P*cold: 1.16331    Mu*_xs: -0.63348   Cv*/N_xs:  0.89137         E(kJ/mol): -5.270     P(bar):    1.686     
Step:  3379999    NAcc:  1690001    fAcc:  0.500      Maxd:  1.48399    E*/N:  -5.23842   P*:     2.12401    P*cold: 1.16401    Mu*_xs: -0.62323   Cv*/N_xs:  0.89607         E(kJ/mol): -5.225     P(bar):    1.821     
Step:  3399999    NAcc:  1699997    fAcc:  0.500      Maxd:  0.42328    E*/N:  -5.25490   P*:     2.12351    P*cold: 1.16351    Mu*_xs: -0.61458   Cv*/N_xs:  0.90558         E(kJ/mol): -5.241     P(bar):    1.770     
Step:  3419999    NAcc:  1709998    fAcc:  0.500      Maxd:  0.27090    E*/N:  -5.23228   P*:     2.12297    P*cold: 1.16297    Mu*_xs: -0.61673   Cv*/N_xs:  0.90550         E(kJ/mol): -5.219     P(bar):    1.919     
Step:  3439999    NAcc:  1720002    fAcc:  0.500      Maxd:  0.75018    E*/N:  -5.15410   P*:     2.12774    P*cold: 1.16774    Mu*_xs: -0.61841   Cv*/N_xs:  0.92707         E(kJ/mol): -5.141     P(bar):    2.248     
Step:  3459999    NAcc:  1730001    fAcc:  0.500      Maxd:  0.49900    E*/N:  -5.21027   P*:     2.12856    P*cold: 1.16856    Mu*_xs: -0.63892   Cv*/N_xs:  0.92284         E(kJ/mol): -5.197     P(bar):    1.962     
Step:  3479999    NAcc:  1740001    fAcc:  0.500      Maxd:  0.36598    E*/N:  -5.26188   P*:     2.12589    P*cold: 1.16589    Mu*_xs: -0.63112   Cv*/N_xs:  0.92512         E(kJ/mol): -5.248     P(bar):    1.795     
Step:  3499999    NAcc:  1750001    fAcc:  0.500      Maxd:  0.57674    E*/N:  -5.28723   P*:     2.12276    P*cold: 1.16276    Mu*_xs: -0.62194   Cv*/N_xs:  0.93858         E(kJ/mol): -5.273     P(bar):    1.648     
Step:  3519999    NAcc:  1760000    fAcc:  0.500      Maxd:  0.28426    E*/N:  -5.25414   P*:     2.12280    P*cold: 1.16280    Mu*_xs: -0.61553   Cv*/N_xs:  0.93463         E(kJ/mol): -5.240     P(bar):    1.719     
Step:  3539999    NAcc:  1770002    fAcc:  0.500      Maxd:  0.48717    E*/N:  -5.31580   P*:     2.12421    P*cold: 1.16421    Mu*_xs: -0.61330   Cv*/N_xs:  0.93457         E(kJ/mol): -5.302     P(bar):    1.646     
Step:  3559999    NAcc:  1779997    fAcc:  0.500      Maxd:  0.27365    E*/N:  -5.35228   P*:     2.12344    P*cold: 1.16344    Mu*_xs: -0.60257   Cv*/N_xs:  0.93170         E(kJ/mol): -5.338     P(bar):    1.434     
Step:  3579999    NAcc:  1790001    fAcc:  0.500      Maxd:  0.35721    E*/N:  -5.25503   P*:     2.12030    P*cold: 1.16030    Mu*_xs: -0.59659   Cv*/N_xs:  0.94884         E(kJ/mol): -5.241     P(bar):    1.770     
Step:  3599999    NAcc:  1799998    fAcc:  0.500      Maxd:  0.25283    E*/N:  -5.22976   P*:     2.11997    P*cold: 1.15997    Mu*_xs: -0.59381   Cv*/N_xs:  0.94121         E(kJ/mol): -5.216     P(bar):    1.957     
Step:  3619999    NAcc:  1809999    fAcc:  0.500      Maxd:  0.49062    E*/N:  -5.24969   P*:     2.12021    P*cold: 1.16021    Mu*_xs: -0.60774   Cv*/N_xs:  0.94008         E(kJ/mol): -5.236     P(bar):    1.944     
Step:  3639999    NAcc:  1819998    fAcc:  0.500      Maxd:  0.25208    E*/N:  -5.35952   P*:     2.12028    P*cold: 1.16028    Mu*_xs: -0.61882   Cv*/N_xs:  0.94601         E(kJ/mol): -5.345     P(bar):    1.467     
Step:  3659999    NAcc:  1830000    fAcc:  0.500      Maxd:  0.38762    E*/N:  -5.23931   P*:     2.12029    P*cold: 1.16029    Mu*_xs: -0.62146   Cv*/N_xs:  0.94149         E(kJ/mol): -5.226     P(bar):    1.885     
Step:  3679999    NAcc:  1840000    fAcc:  0.500      Maxd:  0.34123    E*/N:  -5.28458   P*:     2.12155    P*cold: 1.16155    Mu*_xs: -0.62079   Cv*/N_xs:  0.93997         E(kJ/mol): -5.271     P(bar):    1.683     
Step:  3699999    NAcc:  1850000    fAcc:  0.500      Maxd:  0.24604    E*/N:  -5.25851   P*:     2.12002    P*cold: 1.16002    Mu*_xs: -0.62172   Cv*/N_xs:  0.93784         E(kJ/mol): -5.245     P(bar):    1.800     
Step:  3719999    NAcc:  1860001    fAcc:  0.500      Maxd:  0.38676    E*/N:  -5.34501   P*:     2.11988    P*cold: 1.15988    Mu*_xs: -0.62140   Cv*/N_xs:  0.93346         E(kJ/mol): -5.331     P(bar):    1.498     
Step:  3739999    NAcc:  1870000    fAcc:  0.500      Maxd:  0.27880    E*/N:  -5.28725   P*:     2.11959    P*cold: 1.15959    Mu*_xs: -0.60979   Cv*/N_xs:  0.92800         E(kJ/mol): -5.273     P(bar):    1.671     
Step:  3759999    NAcc:  1879999    fAcc:  0.500      Maxd:  0.23996    E*/N:  -5.20104   P*:     2.11818    P*cold: 1.15818    Mu*_xs: -0.60186   Cv*/N_xs:  0.92487         E(kJ/mol): -5.187     P(bar):    1.981     
Step:  3779999    NAcc:  1889999    fAcc:  0.500      Maxd:  0.23894    E*/N:  -5.19344   P*:     2.12059    P*cold: 1.16059    Mu*_xs: -0.64354   Cv*/N_xs:  0.93275         E(kJ/mol): -5.180     P(bar):    1.969     
Step:  3799999    NAcc:  1900000    fAcc:  0.500      Maxd:  0.28919    E*/N:  -5.28434   P*:     2.12109    P*cold: 1.16109    Mu*_xs: -0.64036   Cv*/N_xs:  0.93401         E(kJ/mol): -5.270     P(bar):    1.660     
Step:  3819999    NAcc:  1909999    fAcc:  0.500      Maxd:  0.25733    E*/N:  -5.23723   P*:     2.12088    P*cold: 1.16088    Mu*_xs: -0.65004   Cv*/N_xs:  0.93394         E(kJ/mol): -5.224     P(bar):    1.828     
Step:  3839999    NAcc:  1919999    fAcc:  0.500      Maxd:  0.64938    E*/N:  -5.20943   P*:     2.12106    P*cold: 1.16106    Mu*_xs: -0.65382   Cv*/N_xs:  0.92935         E(kJ/mol): -5.196     P(bar):    1.935     
Step:  3859999    NAcc:  1930001    fAcc:  0.500      Maxd:  0.40129    E*/N:  -5.25923   P*:     2.12304    P*cold: 1.16304    Mu*_xs: -0.64454   Cv*/N_xs:  0.93057         E(kJ/mol): -5.245     P(bar):    1.839     
Step:  3879999    NAcc:  1939999    fAcc:  0.500      Maxd:  0.23794    E*/N:  -5.30453   P*:     2.12261    P*cold: 1.16261    Mu*_xs: -0.64194   Cv*/N_xs:  0.92594         E(kJ/mol): -5.291     P(bar):    1.636     
Step:  3899999    NAcc:  1950000    fAcc:  0.500      Maxd:  0.23800    E*/N:  -5.19379   P*:     2.12397    P*cold: 1.16397    Mu*_xs: -0.65320   Cv*/N_xs:  0.92376         E(kJ/mol): -5.180     P(bar):    2.013     
Step:  3919999    NAcc:  1960001    fAcc:  0.500      Maxd:  0.39611    E*/N:  -5.23387   P*:     2.12390    P*cold: 1.16390    Mu*_xs: -0.65132   Cv*/N_xs:  0.92003         E(kJ/mol): -5.220     P(bar):    1.930     
Step:  3939999    NAcc:  1970001    fAcc:  0.500      Maxd:  0.41750    E*/N:  -5.21468   P*:     2.12662    P*cold: 1.16662    Mu*_xs: -0.66511   Cv*/N_xs:  0.92414         E(kJ/mol): -5.201     P(bar):    2.013     
Step:  3959999    NAcc:  1979999    fAcc:  0.500      Maxd:  0.26243    E*/N:  -5.26625   P*:     2.12786    P*cold: 1.16786    Mu*_xs: -0.65681   Cv*/N_xs:  0.93002         E(kJ/mol): -5.252     P(bar):    1.724     
Step:  3979999    NAcc:  1989998    fAcc:  0.500      Maxd:  0.26335    E*/N:  -5.25585   P*:     2.12847    P*cold: 1.16847    Mu*_xs: -0.65411   Cv*/N_xs:  0.92772         E(kJ/mol): -5.242     P(bar):    1.807     
Step:  3999999    NAcc:  2000000    fAcc:  0.500      Maxd:  0.25219    E*/N:  -5.19647   P*:     2.13058    P*cold: 1.17058    Mu*_xs: -0.65857   Cv*/N_xs:  0.93806         E(kJ/mol): -5.183     P(bar):    1.971     
Step:  4019999    NAcc:  2010001    fAcc:  0.500      Maxd:  0.53300    E*/N:  -5.25902   P*:     2.13082    P*cold: 1.17082    Mu*_xs: -0.65789   Cv*/N_xs:  0.93763         E(kJ/mol): -5.245     P(bar):    1.732     
Step:  4039999    NAcc:  2020000    fAcc:  0.500      Maxd:  0.29939    E*/N:  -5.29739   P*:     2.12885    P*cold: 1.16885    Mu*_xs: -0.67362   Cv*/N_xs:  0.93743         E(kJ/mol): -5.284     P(bar):    1.612     
Step:  4059999    NAcc:  2030001    fAcc:  0.500      Maxd:  0.40053    E*/N:  -5.25703   P*:     2.12666    P*cold: 1.16666    Mu*_xs: -0.66772   Cv*/N_xs:  0.94397         E(kJ/mol): -5.243     P(bar):    1.778     
Step:  4079999    NAcc:  2040001    fAcc:  0.500      Maxd:  1.21317    E*/N:  -5.24207   P*:     2.12739    P*cold: 1.16739    Mu*_xs: -0.66254   Cv*/N_xs:  0.94190         E(kJ/mol): -5.228     P(bar):    1.888     
Step:  4099999    NAcc:  2050000    fAcc:  0.500      Maxd:  0.28923    E*/N:  -5.29981   P*:     2.12645    P*cold: 1.16645    Mu*_xs: -0.67641   Cv*/N_xs:  0.93831         E(kJ/mol): -5.286     P(bar):    1.604     
Step:  4119999    NAcc:  2060000    fAcc:  0.500      Maxd:  0.23278    E*/N:  -5.19276   P*:     2.12500    P*cold: 1.16500    Mu*_xs: -0.68251   Cv*/N_xs:  0.94024         E(kJ/mol): -5.179     P(bar):    2.062     
Step:  4139999    NAcc:  2070000    fAcc:  0.500      Maxd:  0.23977    E*/N:  -5.26079   P*:     2.12500    P*cold: 1.16500    Mu*_xs: -0.68902   Cv*/N_xs:  0.93875         E(kJ/mol): -5.247     P(bar):    1.750     
Step:  4159999    NAcc:  2079998    fAcc:  0.500      Maxd:  0.25802    E*/N:  -5.23767   P*:     2.12717    P*cold: 1.16717    Mu*_xs: -0.68195   Cv*/N_xs:  0.94625         E(kJ/mol): -5.224     P(bar):    1.897     
Step:  4179999    NAcc:  2089998    fAcc:  0.500      Maxd:  0.27040    E*/N:  -5.22971   P*:     2.12843    P*cold: 1.16843    Mu*_xs: -0.68388   Cv*/N_xs:  0.94363         E(kJ/mol): -5.216     P(bar):    1.908     
Step:  4199999    NAcc:  2099999    fAcc:  0.500      Maxd:  0.75048    E*/N:  -5.22247   P*:     2.12993    P*cold: 1.16993    Mu*_xs: -0.67874   Cv*/N_xs:  0.94251         E(kJ/mol): -5.209     P(bar):    1.928     
Step:  4219999    NAcc:  2110001    fAcc:  0.500      Maxd:  0.35341    E*/N:  -5.25176   P*:     2.13115    P*cold: 1.17115    Mu*_xs: -0.67824   Cv*/N_xs:  0.94695         E(kJ/mol): -5.238     P(bar):    1.898     
Step:  4239999    NAcc:  2119998    fAcc:  0.500      Maxd:  0.26644    E*/N:  -5.30775   P*:     2.13078    P*cold: 1.17078    Mu*_xs: -0.67808   Cv*/N_xs:  0.94356         E(kJ/mol): -5.294     P(bar):    1.670     
Step:  4259999    NAcc:  2130000    fAcc:  0.500      Maxd:  0.79520    E*/N:  -5.22724   P*:     2.12880    P*cold: 1.16880    Mu*_xs: -0.67389   Cv*/N_xs:  0.95037         E(kJ/mol): -5.214     P(bar):    1.905     
Step:  4279999    NAcc:  2140001    fAcc:  0.500      Maxd:  0.47162    E*/N:  -5.21805   P*:     2.12828    P*cold: 1.16828    Mu*_xs: -0.66781   Cv*/N_xs:  0.94537         E(kJ/mol): -5.204     P(bar):    1.942     
Step:  4299999    NAcc:  2149998    fAcc:  0.500      Maxd:  0.25280    E*/N:  -5.26968   P*:     2.12719    P*cold: 1.16719    Mu*_xs: -0.67522   Cv*/N_xs:  0.94811         E(kJ/mol): -5.256     P(bar):    1.766     
Step:  4319999    NAcc:  2160000    fAcc:  0.500      Maxd:  0.70180    E*/N:  -5.32205   P*:     2.12704    P*cold: 1.16704    Mu*_xs: -0.66978   Cv*/N_xs:  0.94616         E(kJ/mol): -5.308     P(bar):    1.564     
Step:  4339999    NAcc:  2170002    fAcc:  0.500      Maxd:  0.69464    E*/N:  -5.17493   P*:     2.12648    P*cold: 1.16648    Mu*_xs: -0.66609   Cv*/N_xs:  0.95092         E(kJ/mol): -5.161     P(bar):    2.108     
Step:  4359999    NAcc:  2180000    fAcc:  0.500      Maxd:  0.99032    E*/N:  -5.24322   P*:     2.12756    P*cold: 1.16756    Mu*_xs: -0.66138   Cv*/N_xs:  0.94949         E(kJ/mol): -5.229     P(bar):    1.912     
Step:  4379999    NAcc:  2189999    fAcc:  0.500      Maxd:  0.27425    E*/N:  -5.15241   P*:     2.12807    P*cold: 1.16807    Mu*_xs: -0.65465   Cv*/N_xs:  0.94577         E(kJ/mol): -5.139     P(bar):    2.242     
Step:  4399999    NAcc:  2200001    fAcc:  0.500      Maxd:  0.75281    E*/N:  -5.28024   P*:     2.13006    P*cold: 1.17006    Mu*_xs: -0.66086   Cv*/N_xs:  0.94862         E(kJ/mol): -5.266     P(bar):    1.733     
Step:  4419999    NAcc:  2209998    fAcc:  0.500      Maxd:  0.25916    E*/N:  -5.29353   P*:     2.13194    P*cold: 1.17194    Mu*_xs: -0.66176   Cv*/N_xs:  0.95272         E(kJ/mol): -5.280     P(bar):    1.607     
Step:  4439999    NAcc:  2219999    fAcc:  0.500      Maxd:  0.26263    E*/N:  -5.28150   P*:     2.13138    P*cold: 1.17138    Mu*_xs: -0.65774   Cv*/N_xs:  0.94810         E(kJ/mol): -5.268     P(bar):    1.678     
Step:  4459999    NAcc:  2230000    fAcc:  0.500      Maxd:  0.27598    E*/N:  -5.27319   P*:     2.13085    P*cold: 1.17085    Mu*_xs: -0.66153   Cv*/N_xs:  0.94671         E(kJ/mol): -5.259     P(bar):    1.736     
Step:  4479999    NAcc:  2240001    fAcc:  0.500      Maxd:  0.41731    E*/N:  -5.34706   P*:     2.12880    P*cold: 1.16880    Mu*_xs: -0.65745   Cv*/N_xs:  0.95230         E(kJ/mol): -5.333     P(bar):    1.452     
Step:  4499999    NAcc:  2249996    fAcc:  0.500      Maxd:  0.23500    E*/N:  -5.23794   P*:     2.12860    P*cold: 1.16860    Mu*_xs: -0.65989   Cv*/N_xs:  0.95044         E(kJ/mol): -5.224     P(bar):    1.823     
Step:  4519999    NAcc:  2260000    fAcc:  0.500      Maxd:  0.27283    E*/N:  -5.21179   P*:     2.12748    P*cold: 1.16748    Mu*_xs: -0.66702   Cv*/N_xs:  0.95091         E(kJ/mol): -5.198     P(bar):    2.020     
Step:  4539999    NAcc:  2270000    fAcc:  0.500      Maxd:  0.24006    E*/N:  -5.33008   P*:     2.12761    P*cold: 1.16761    Mu*_xs: -0.66412   Cv*/N_xs:  0.94751         E(kJ/mol): -5.316     P(bar):    1.475     
Step:  4559999    NAcc:  2279997    fAcc:  0.500      Maxd:  0.24863    E*/N:  -5.25289   P*:     2.12761    P*cold: 1.16761    Mu*_xs: -0.67082   Cv*/N_xs:  0.94463         E(kJ/mol): -5.239     P(bar):    1.846     
Step:  4579999    NAcc:  2290000    fAcc:  0.500      Maxd:  0.70542    E*/N:  -5.24236   P*:     2.12790    P*cold: 1.16790    Mu*_xs: -0.66539   Cv*/N_xs:  0.94111         E(kJ/mol): -5.229     P(bar):    1.864     
Step:  4599999    NAcc:  2300000    fAcc:  0.500      Maxd:  0.28981    E*/N:  -5.30022   P*:     2.12787    P*cold: 1.16787    Mu*_xs: -0.65793   Cv*/N_xs:  0.93856         E(kJ/mol): -5.286     P(bar):    1.627     
Step:  4619999    NAcc:  2309997    fAcc:  0.500      Maxd:  0.28815    E*/N:  -5.22237   P*:     2.12850    P*cold: 1.16850    Mu*_xs: -0.66098   Cv*/N_xs:  0.93721         E(kJ/mol): -5.209     P(bar):    1.926     
Step:  4639999    NAcc:  2319999    fAcc:  0.500      Maxd:  0.24758    E*/N:  -5.25907   P*:     2.13121    P*cold: 1.17121    Mu*_xs: -0.65841   Cv*/N_xs:  0.95244         E(kJ/mol): -5.245     P(bar):    1.823     
Step:  4659999    NAcc:  2329999    fAcc:  0.500      Maxd:  0.27691    E*/N:  -5.26746   P*:     2.13187    P*cold: 1.17187    Mu*_xs: -0.65404   Cv*/N_xs:  0.94991         E(kJ/mol): -5.254     P(bar):    1.759     
Step:  4679999    NAcc:  2339999    fAcc:  0.500      Maxd:  0.28543    E*/N:  -5.20466   P*:     2.13297    P*cold: 1.17297    Mu*_xs: -0.65119   Cv*/N_xs:  0.94947         E(kJ/mol): -5.191     P(bar):    1.972     
Step:  4699999    NAcc:  2350000    fAcc:  0.500      Maxd:  0.67895    E*/N:  -5.27500   P*:     2.13298    P*cold: 1.17298    Mu*_xs: -0.64628   Cv*/N_xs:  0.94719         E(kJ/mol): -5.261     P(bar):    1.694     
Step:  4719999    NAcc:  2359999    fAcc:  0.500      Maxd:  0.50360    E*/N:  -5.19936   P*:     2.13293    P*cold: 1.17293    Mu*_xs: -0.64125   Cv*/N_xs:  0.94478         E(kJ/mol): -5.186     P(bar):    1.921     
Step:  4739999    NAcc:  2369998    fAcc:  0.500      Maxd:  0.28387    E*/N:  -5.27844   P*:     2.13243    P*cold: 1.17243    Mu*_xs: -0.63792   Cv*/N_xs:  0.94324         E(kJ/mol): -5.265     P(bar):    1.687     
Step:  4759999    NAcc:  2379998    fAcc:  0.500      Maxd:  0.25053    E*/N:  -5.25190   P*:     2.13227    P*cold: 1.17227    Mu*_xs: -0.63025   Cv*/N_xs:  0.94177         E(kJ/mol): -5.238     P(bar):    1.776     
Step:  4779999    NAcc:  2389997    fAcc:  0.500      Maxd:  0.28631    E*/N:  -5.21800   P*:     2.13240    P*cold: 1.17240    Mu*_xs: -0.62391   Cv*/N_xs:  0.93737         E(kJ/mol): -5.204     P(bar):    1.927     
Step:  4799999    NAcc:  2400000    fAcc:  0.500      Maxd:  0.30919    E*/N:  -5.23782   P*:     2.13283    P*cold: 1.17283    Mu*_xs: -0.64633   Cv*/N_xs:  0.93370         E(kJ/mol): -5.224     P(bar):    1.845     
Step:  4819999    NAcc:  2410000    fAcc:  0.500      Maxd:  0.32991    E*/N:  -5.15914   P*:     2.13367    P*cold: 1.17367    Mu*_xs: -0.64590   Cv*/N_xs:  0.93310         E(kJ/mol): -5.146     P(bar):    2.181     
Step:  4839999    NAcc:  2420001    fAcc:  0.500      Maxd:  0.53016    E*/N:  -5.22417   P*:     2.13419    P*cold: 1.17419    Mu*_xs: -0.64807   Cv*/N_xs:  0.93217         E(kJ/mol): -5.210     P(bar):    1.922     
Step:  4859999    NAcc:  2430001    fAcc:  0.500      Maxd:  0.34392    E*/N:  -5.33934   P*:     2.13322    P*cold: 1.17322    Mu*_xs: -0.65175   Cv*/N_xs:  0.93142         E(kJ/mol): -5.325     P(bar):    1.440     
Step:  4879999    NAcc:  2440000    fAcc:  0.500      Maxd:  0.24252    E*/N:  -5.29634   P*:     2.13237    P*cold: 1.17237    Mu*_xs: -0.65958   Cv*/N_xs:  0.93241         E(kJ/mol): -5.282     P(bar):    1.615     
Step:  4899999    NAcc:  2450000    fAcc:  0.500      Maxd:  0.26693    E*/N:  -5.26902   P*:     2.13093    P*cold: 1.17093    Mu*_xs: -0.66710   Cv*/N_xs:  0.93367         E(kJ/mol): -5.255     P(bar):    1.689     
Step:  4919999    NAcc:  2459999    fAcc:  0.500      Maxd:  0.42065    E*/N:  -5.24475   P*:     2.13055    P*cold: 1.17055    Mu*_xs: -0.67663   Cv*/N_xs:  0.93072         E(kJ/mol): -5.231     P(bar):    1.845     
Step:  4939999    NAcc:  2470000    fAcc:  0.500      Maxd:  0.24811    E*/N:  -5.14607   P*:     2.13150    P*cold: 1.17150    Mu*_xs: -0.66957   Cv*/N_xs:  0.92990         E(kJ/mol): -5.133     P(bar):    2.244     
Step:  4959999    NAcc:  2479997    fAcc:  0.500      Maxd:  0.28893    E*/N:  -5.24647   P*:     2.13428    P*cold: 1.17428    Mu*_xs: -0.66422   Cv*/N_xs:  0.94581         E(kJ/mol): -5.233     P(bar):    1.887     
Step:  4979999    NAcc:  2489999    fAcc:  0.500      Maxd:  0.24756    E*/N:  -5.23755   P*:     2.13504    P*cold: 1.17504    Mu*_xs: -0.66391   Cv*/N_xs:  0.94327         E(kJ/mol): -5.224     P(bar):    1.912     
Step:  4999999    NAcc:  2499999    fAcc:  0.500      Maxd:  0.68709    E*/N:  -5.34265   P*:     2.13388    P*cold: 1.17388    Mu*_xs: -0.66460   Cv*/N_xs:  0.94974         E(kJ/mol): -5.329     P(bar):    1.465     
# Computed average properties: 
 # E*/N:  -5.25624  
 # P*:     2.13388   
 # Cv*/N_xs:   0.94974        
 # Mu*_xs:  -0.66460  
