# Number of atoms:       500
# Atom type:             Ar
# Molar Mass (g/mol):    39.948
# Density (g/cm^3):      0.337669
# LJ sigma (Angstrom):   3.4
# LJ epsilon/kB (K):     120
# LJ cutoff (Angstrom):  13.6
# LJ cutoff (sigma):     4
# Temperature (K):       144
# Number MC steps:       5e+06
# Output frequency:      20000
# Num. den. (atoms/Ang): 0.00508854
# Box length (x):        46.1451
# Box length (y):        46.1451
# Box length (z):        46.1451
# Init. spacing (Ang):   5.12723
# reduc. density (rho*): 0.2
# reduc. temp (T*):      1.2
Step:  19999      NAcc:  10001      fAcc:  0.500      Maxd:  15.82747   E*/N:  -1.54160   P*:     nan        P*cold: nan        Mu*_xs: -0.00000   Cv*/N_xs:  0.00000         E(kJ/mol): -1.538     P(bar):    0.059     
Step:  39999      NAcc:  20002      fAcc:  0.500      Maxd:  3.31434    E*/N:  -1.59549   P*:     nan        P*cold: nan        Mu*_xs: -0.00000   Cv*/N_xs:  0.00000         E(kJ/mol): -1.591     P(bar):    0.079     
Step:  59999      NAcc:  30001      fAcc:  0.500      Maxd:  5.17097    E*/N:  -1.66660   P*:     nan        P*cold: nan        Mu*_xs: -0.00000   Cv*/N_xs:  0.00000         E(kJ/mol): -1.662     P(bar):    0.066     
Step:  79999      NAcc:  40000      fAcc:  0.500      Maxd:  0.44120    E*/N:  -1.65847   P*:     nan        P*cold: nan        Mu*_xs: -0.00000   Cv*/N_xs:  0.00000         E(kJ/mol): -1.654     P(bar):    0.089     
Step:  99999      NAcc:  50000      fAcc:  0.500      Maxd:  0.51895    E*/N:  -1.71997   P*:     nan        P*cold: nan        Mu*_xs: -0.00000   Cv*/N_xs:  0.00000         E(kJ/mol): -1.715     P(bar):    0.085     
Step:  119999     NAcc:  60001      fAcc:  0.500      Maxd:  1.95013    E*/N:  -1.64497   P*:     nan        P*cold: nan        Mu*_xs: -0.00000   Cv*/N_xs:  0.00000         E(kJ/mol): -1.641     P(bar):    0.049     
Step:  139999     NAcc:  70002      fAcc:  0.500      Maxd:  2.34430    E*/N:  -1.55383   P*:     nan        P*cold: nan        Mu*_xs: -0.00000   Cv*/N_xs:  0.00000         E(kJ/mol): -1.550     P(bar):    0.084     
Step:  159999     NAcc:  80002      fAcc:  0.500      Maxd:  11.81784   E*/N:  -1.51257   P*:     nan        P*cold: nan        Mu*_xs: -0.00000   Cv*/N_xs:  0.00000         E(kJ/mol): -1.509     P(bar):    0.102     
Step:  179999     NAcc:  90000      fAcc:  0.500      Maxd:  1.67730    E*/N:  -1.53391   P*:     nan        P*cold: nan        Mu*_xs: -0.00000   Cv*/N_xs:  0.00000         E(kJ/mol): -1.530     P(bar):    0.028     
Step:  199999     NAcc:  100000     fAcc:  0.500      Maxd:  5.31076    E*/N:  -1.61223   P*:     nan        P*cold: nan        Mu*_xs: -0.00000   Cv*/N_xs:  0.00000         E(kJ/mol): -1.608     P(bar):    0.046     
Step:  219999     NAcc:  110002     fAcc:  0.500      Maxd:  3.95303    E*/N:  -1.66950   P*:     nan        P*cold: nan        Mu*_xs: -0.00000   Cv*/N_xs:  0.00000         E(kJ/mol): -1.665     P(bar):    0.102     
Step:  239999     NAcc:  120002     fAcc:  0.500      Maxd:  1.12585    E*/N:  -1.56696   P*:     nan        P*cold: nan        Mu*_xs: -0.00000   Cv*/N_xs:  0.00000         E(kJ/mol): -1.563     P(bar):    0.097     
Step:  259999     NAcc:  130000     fAcc:  0.500      Maxd:  0.38362    E*/N:  -1.51392   P*:     nan        P*cold: nan        Mu*_xs: -0.00000   Cv*/N_xs:  0.00000         E(kJ/mol): -1.510     P(bar):    0.109     
Step:  279999     NAcc:  140000     fAcc:  0.500      Maxd:  18.96897   E*/N:  -1.58564   P*:     nan        P*cold: nan        Mu*_xs: -0.00000   Cv*/N_xs:  0.00000         E(kJ/mol): -1.581     P(bar):    0.052     
Step:  299999     NAcc:  150000     fAcc:  0.500      Maxd:  2.31779    E*/N:  -1.60142   P*:     nan        P*cold: nan        Mu*_xs: -0.00000   Cv*/N_xs:  0.00000         E(kJ/mol): -1.597     P(bar):    0.065     
Step:  319999     NAcc:  160002     fAcc:  0.500      Maxd:  2.38556    E*/N:  -1.58292   P*:     nan        P*cold: nan        Mu*_xs: -0.00000   Cv*/N_xs:  0.00000         E(kJ/mol): -1.579     P(bar):    0.082     
Step:  339999     NAcc:  169998     fAcc:  0.500      Maxd:  0.40844    E*/N:  -1.53711   P*:     nan        P*cold: nan        Mu*_xs: -0.00000   Cv*/N_xs:  0.00000         E(kJ/mol): -1.533     P(bar):    0.095     
Step:  359999     NAcc:  179995     fAcc:  0.500      Maxd:  0.95323    E*/N:  -1.49933   P*:     nan        P*cold: nan        Mu*_xs: -0.00000   Cv*/N_xs:  0.00000         E(kJ/mol): -1.495     P(bar):    0.103     
Step:  379999     NAcc:  189997     fAcc:  0.500      Maxd:  1.06164    E*/N:  -1.59797   P*:     nan        P*cold: nan        Mu*_xs: -0.00000   Cv*/N_xs:  0.00000         E(kJ/mol): -1.594     P(bar):    0.088     
Step:  399999     NAcc:  200002     fAcc:  0.500      Maxd:  0.91514    E*/N:  -1.62692   P*:     nan        P*cold: nan        Mu*_xs: -0.00000   Cv*/N_xs:  0.00000         E(kJ/mol): -1.623     P(bar):    0.051     
Step:  419999     NAcc:  209996     fAcc:  0.500      Maxd:  0.43020    E*/N:  -1.58147   P*:     nan        P*cold: nan        Mu*_xs: -0.00000   Cv*/N_xs:  0.00000         E(kJ/mol): -1.577     P(bar):    0.100     
Step:  439999     NAcc:  220001     fAcc:  0.500      Maxd:  0.56411    E*/N:  -1.60987   P*:     nan        P*cold: nan        Mu*_xs: -0.00000   Cv*/N_xs:  0.00000         E(kJ/mol): -1.606     P(bar):    0.116     
Step:  459999     NAcc:  229999     fAcc:  0.500      Maxd:  3.84647    E*/N:  -1.60585   P*:     nan        P*cold: nan        Mu*_xs: -0.00000   Cv*/N_xs:  0.00000         E(kJ/mol): -1.602     P(bar):    0.110     
Step:  479999     NAcc:  240003     fAcc:  0.500      Maxd:  1.90348    E*/N:  -1.62919   P*:     nan        P*cold: nan        Mu*_xs: -0.00000   Cv*/N_xs:  0.00000         E(kJ/mol): -1.625     P(bar):    0.075     
Step:  499999     NAcc:  250003     fAcc:  0.500      Maxd:  1.64122    E*/N:  -1.52159   P*:     nan        P*cold: nan        Mu*_xs: -0.00000   Cv*/N_xs:  0.00000         E(kJ/mol): -1.518     P(bar):    0.121     
Step:  519999     NAcc:  259998     fAcc:  0.500      Maxd:  0.52674    E*/N:  -1.47874   P*:     nan        P*cold: nan        Mu*_xs: -0.00000   Cv*/N_xs:  0.00000         E(kJ/mol): -1.475     P(bar):    0.069     
Step:  539999     NAcc:  270000     fAcc:  0.500      Maxd:  0.96202    E*/N:  -1.54909   P*:     nan        P*cold: nan        Mu*_xs: -0.00000   Cv*/N_xs:  0.00000         E(kJ/mol): -1.545     P(bar):    0.078     
Step:  559999     NAcc:  279995     fAcc:  0.500      Maxd:  0.53809    E*/N:  -1.52637   P*:     nan        P*cold: nan        Mu*_xs: -0.00000   Cv*/N_xs:  0.00000         E(kJ/mol): -1.522     P(bar):    0.086     
Step:  579999     NAcc:  290002     fAcc:  0.500      Maxd:  2.55434    E*/N:  -1.67308   P*:     nan        P*cold: nan        Mu*_xs: -0.00000   Cv*/N_xs:  0.00000         E(kJ/mol): -1.669     P(bar):    0.030     
Step:  599999     NAcc:  299999     fAcc:  0.500      Maxd:  0.47347    E*/N:  -1.50906   P*:     nan        P*cold: nan        Mu*_xs: -0.00000   Cv*/N_xs:  0.00000         E(kJ/mol): -1.505     P(bar):    0.121     
Step:  619999     NAcc:  309999     fAcc:  0.500      Maxd:  5.19961    E*/N:  -1.54254   P*:     nan        P*cold: nan        Mu*_xs: -0.00000   Cv*/N_xs:  0.00000         E(kJ/mol): -1.538     P(bar):    0.081     
Step:  639999     NAcc:  319999     fAcc:  0.500      Maxd:  0.75821    E*/N:  -1.61653   P*:     nan        P*cold: nan        Mu*_xs: -0.00000   Cv*/N_xs:  0.00000         E(kJ/mol): -1.612     P(bar):    0.045     
Step:  659999     NAcc:  329998     fAcc:  0.500      Maxd:  0.44778    E*/N:  -1.68759   P*:     nan        P*cold: nan        Mu*_xs: -0.00000   Cv*/N_xs:  0.00000         E(kJ/mol): -1.683     P(bar):    0.078     
Step:  679999     NAcc:  339998     fAcc:  0.500      Maxd:  0.42591    E*/N:  -1.63385   P*:     nan        P*cold: nan        Mu*_xs: -0.00000   Cv*/N_xs:  0.00000         E(kJ/mol): -1.630     P(bar):    0.068     
Step:  699999     NAcc:  349999     fAcc:  0.500      Maxd:  3.18688    E*/N:  -1.72468   P*:     nan        P*cold: nan        Mu*_xs: -0.00000   Cv*/N_xs:  0.00000         E(kJ/mol): -1.720     P(bar):    0.046     
Step:  719999     NAcc:  359997     fAcc:  0.500      Maxd:  0.38120    E*/N:  -1.72859   P*:     nan        P*cold: nan        Mu*_xs: -0.00000   Cv*/N_xs:  0.00000         E(kJ/mol): -1.724     P(bar):    0.105     
Step:  739999     NAcc:  370000     fAcc:  0.500      Maxd:  0.39769    E*/N:  -1.70578   P*:     nan        P*cold: nan        Mu*_xs: -0.00000   Cv*/N_xs:  0.00000         E(kJ/mol): -1.701     P(bar):    0.083     
Step:  759999     NAcc:  380002     fAcc:  0.500      Maxd:  0.90133    E*/N:  -1.71858   P*:     nan        P*cold: nan        Mu*_xs: -0.00000   Cv*/N_xs:  0.00000         E(kJ/mol): -1.714     P(bar):    0.044     
Step:  779999     NAcc:  389996     fAcc:  0.500      Maxd:  0.61676    E*/N:  -1.62646   P*:     nan        P*cold: nan        Mu*_xs: -0.00000   Cv*/N_xs:  0.00000         E(kJ/mol): -1.622     P(bar):    0.075     
Step:  799999     NAcc:  400002     fAcc:  0.500      Maxd:  3.58350    E*/N:  -1.59564   P*:     nan        P*cold: nan        Mu*_xs: -0.00000   Cv*/N_xs:  0.00000         E(kJ/mol): -1.591     P(bar):    0.096     
Step:  819999     NAcc:  410002     fAcc:  0.500      Maxd:  3.75821    E*/N:  -1.60374   P*:     nan        P*cold: nan        Mu*_xs: -0.00000   Cv*/N_xs:  0.00000         E(kJ/mol): -1.600     P(bar):    0.089     
Step:  839999     NAcc:  419999     fAcc:  0.500      Maxd:  4.66502    E*/N:  -1.56793   P*:     nan        P*cold: nan        Mu*_xs: -0.00000   Cv*/N_xs:  0.00000         E(kJ/mol): -1.564     P(bar):    0.041     
Step:  859999     NAcc:  430001     fAcc:  0.500      Maxd:  9.79056    E*/N:  -1.56668   P*:     nan        P*cold: nan        Mu*_xs: -0.00000   Cv*/N_xs:  0.00000         E(kJ/mol): -1.563     P(bar):    0.127     
Step:  879999     NAcc:  440002     fAcc:  0.500      Maxd:  2.42050    E*/N:  -1.61880   P*:     nan        P*cold: nan        Mu*_xs: -0.00000   Cv*/N_xs:  0.00000         E(kJ/mol): -1.615     P(bar):    0.071     
Step:  899999     NAcc:  450002     fAcc:  0.500      Maxd:  16.33169   E*/N:  -1.68554   P*:     nan        P*cold: nan        Mu*_xs: -0.00000   Cv*/N_xs:  0.00000         E(kJ/mol): -1.681     P(bar):    0.094     
Step:  919999     NAcc:  459997     fAcc:  0.500      Maxd:  1.65963    E*/N:  -1.66730   P*:     nan        P*cold: nan        Mu*_xs: -0.00000   Cv*/N_xs:  0.00000         E(kJ/mol): -1.663     P(bar):    0.074     
Step:  939999     NAcc:  470001     fAcc:  0.500      Maxd:  3.37320    E*/N:  -1.71485   P*:     nan        P*cold: nan        Mu*_xs: -0.00000   Cv*/N_xs:  0.00000         E(kJ/mol): -1.710     P(bar):    0.090     
Step:  959999     NAcc:  480001     fAcc:  0.500      Maxd:  3.62556    E*/N:  -1.67741   P*:     nan        P*cold: nan        Mu*_xs: -0.00000   Cv*/N_xs:  0.00000         E(kJ/mol): -1.673     P(bar):    0.110     
Step:  979999     NAcc:  489999     fAcc:  0.500      Maxd:  1.46327    E*/N:  -1.64922   P*:     nan        P*cold: nan        Mu*_xs: -0.00000   Cv*/N_xs:  0.00000         E(kJ/mol): -1.645     P(bar):    0.066     
Step:  999999     NAcc:  499999     fAcc:  0.500      Maxd:  0.45595    E*/N:  -1.67335   P*:     nan        P*cold: nan        Mu*_xs: -0.00000   Cv*/N_xs:  0.00000         E(kJ/mol): -1.669     P(bar):    0.056     
Step:  1019999    NAcc:  509998     fAcc:  0.500      Maxd:  3.30157    E*/N:  -1.57010   P*:     nan        P*cold: nan        Mu*_xs: -0.00000   Cv*/N_xs:  0.00000         E(kJ/mol): -1.566     P(bar):    0.135     
Step:  1039999    NAcc:  519998     fAcc:  0.500      Maxd:  0.69692    E*/N:  -1.59170   P*:     nan        P*cold: nan        Mu*_xs: -0.00000   Cv*/N_xs:  0.00000         E(kJ/mol): -1.588     P(bar):    0.072     
Step:  1059999    NAcc:  530000     fAcc:  0.500      Maxd:  1.63508    E*/N:  -1.58515   P*:     nan        P*cold: nan        Mu*_xs: -0.00000   Cv*/N_xs:  0.00000         E(kJ/mol): -1.581     P(bar):    0.129     
Step:  1079999    NAcc:  540000     fAcc:  0.500      Maxd:  3.59521    E*/N:  -1.65882   P*:     nan        P*cold: nan        Mu*_xs: -0.00000   Cv*/N_xs:  0.00000         E(kJ/mol): -1.654     P(bar):    0.079     
Step:  1099999    NAcc:  550000     fAcc:  0.500      Maxd:  2.42038    E*/N:  -1.61720   P*:     nan        P*cold: nan        Mu*_xs: -0.00000   Cv*/N_xs:  0.00000         E(kJ/mol): -1.613     P(bar):    0.091     
Step:  1119999    NAcc:  559998     fAcc:  0.500      Maxd:  3.95530    E*/N:  -1.70241   P*:     nan        P*cold: nan        Mu*_xs: -0.00000   Cv*/N_xs:  0.00000         E(kJ/mol): -1.698     P(bar):    0.082     
Step:  1139999    NAcc:  570002     fAcc:  0.500      Maxd:  1.29740    E*/N:  -1.61373   P*:     nan        P*cold: nan        Mu*_xs: -0.00000   Cv*/N_xs:  0.00000         E(kJ/mol): -1.609     P(bar):    0.061     
Step:  1159999    NAcc:  579999     fAcc:  0.500      Maxd:  8.74948    E*/N:  -1.75036   P*:     nan        P*cold: nan        Mu*_xs: -0.00000   Cv*/N_xs:  0.00000         E(kJ/mol): -1.746     P(bar):    0.072     
Step:  1179999    NAcc:  589999     fAcc:  0.500      Maxd:  8.76280    E*/N:  -1.70452   P*:     nan        P*cold: nan        Mu*_xs: -0.00000   Cv*/N_xs:  0.00000         E(kJ/mol): -1.700     P(bar):    0.099     
Step:  1199999    NAcc:  599999     fAcc:  0.500      Maxd:  0.41986    E*/N:  -1.71364   P*:     nan        P*cold: nan        Mu*_xs: -0.00000   Cv*/N_xs:  0.00000         E(kJ/mol): -1.709     P(bar):    0.106     
Step:  1219999    NAcc:  609999     fAcc:  0.500      Maxd:  4.19441    E*/N:  -1.68619   P*:     nan        P*cold: nan        Mu*_xs: -0.00000   Cv*/N_xs:  0.00000         E(kJ/mol): -1.682     P(bar):    0.054     
Step:  1239999    NAcc:  619997     fAcc:  0.500      Maxd:  2.18611    E*/N:  -1.67216   P*:     nan        P*cold: nan        Mu*_xs: -0.00000   Cv*/N_xs:  0.00000         E(kJ/mol): -1.668     P(bar):    0.127     
Step:  1259999    NAcc:  630002     fAcc:  0.500      Maxd:  1.68993    E*/N:  -1.58504   P*:     nan        P*cold: nan        Mu*_xs: -0.00000   Cv*/N_xs:  0.00000         E(kJ/mol): -1.581     P(bar):    0.087     
Step:  1279999    NAcc:  639998     fAcc:  0.500      Maxd:  0.83628    E*/N:  -1.61999   P*:     nan        P*cold: nan        Mu*_xs: -0.00000   Cv*/N_xs:  0.00000         E(kJ/mol): -1.616     P(bar):    0.082     
Step:  1299999    NAcc:  650000     fAcc:  0.500      Maxd:  0.78456    E*/N:  -1.55079   P*:     nan        P*cold: nan        Mu*_xs: -0.00000   Cv*/N_xs:  0.00000         E(kJ/mol): -1.547     P(bar):    0.115     
Step:  1319999    NAcc:  659999     fAcc:  0.500      Maxd:  14.01983   E*/N:  -1.61014   P*:     nan        P*cold: nan        Mu*_xs: -0.00000   Cv*/N_xs:  0.00000         E(kJ/mol): -1.606     P(bar):    0.116     
Step:  1339999    NAcc:  670003     fAcc:  0.500      Maxd:  15.82680   E*/N:  -1.58284   P*:     nan        P*cold: nan        Mu*_xs: -0.00000   Cv*/N_xs:  0.00000         E(kJ/mol): -1.579     P(bar):    0.063     
Step:  1359999    NAcc:  679999     fAcc:  0.500      Maxd:  3.15623    E*/N:  -1.59409   P*:     nan        P*cold: nan        Mu*_xs: -0.00000   Cv*/N_xs:  0.00000         E(kJ/mol): -1.590     P(bar):    0.090     
Step:  1379999    NAcc:  690001     fAcc:  0.500      Maxd:  0.62097    E*/N:  -1.59415   P*:     nan        P*cold: nan        Mu*_xs: -0.00000   Cv*/N_xs:  0.00000         E(kJ/mol): -1.590     P(bar):    0.122     
Step:  1399999    NAcc:  699997     fAcc:  0.500      Maxd:  1.61646    E*/N:  -1.63235   P*:     nan        P*cold: nan        Mu*_xs: -0.00000   Cv*/N_xs:  0.00000         E(kJ/mol): -1.628     P(bar):    0.063     
Step:  1419999    NAcc:  710000     fAcc:  0.500      Maxd:  2.14847    E*/N:  -1.52146   P*:     nan        P*cold: nan        Mu*_xs: -0.00000   Cv*/N_xs:  0.00000         E(kJ/mol): -1.517     P(bar):    0.072     
Step:  1439999    NAcc:  720003     fAcc:  0.500      Maxd:  7.77016    E*/N:  -1.55108   P*:     nan        P*cold: nan        Mu*_xs: -0.00000   Cv*/N_xs:  0.00000         E(kJ/mol): -1.547     P(bar):    0.089     
Step:  1459999    NAcc:  730000     fAcc:  0.500      Maxd:  2.28051    E*/N:  -1.55589   P*:     nan        P*cold: nan        Mu*_xs: -0.00000   Cv*/N_xs:  0.00000         E(kJ/mol): -1.552     P(bar):    0.063     
Step:  1479999    NAcc:  740000     fAcc:  0.500      Maxd:  1.11617    E*/N:  -1.55954   P*:     nan        P*cold: nan        Mu*_xs: -0.00000   Cv*/N_xs:  0.00000         E(kJ/mol): -1.555     P(bar):    0.146     
Step:  1499999    NAcc:  750002     fAcc:  0.500      Maxd:  2.58417    E*/N:  -1.53395   P*:     nan        P*cold: nan        Mu*_xs: -0.00000   Cv*/N_xs:  0.00000         E(kJ/mol): -1.530     P(bar):    0.059     
Step:  1519999    NAcc:  760001     fAcc:  0.500      Maxd:  5.01203    E*/N:  -1.61921   P*:     nan        P*cold: nan        Mu*_xs: -0.00000   Cv*/N_xs:  0.00000         E(kJ/mol): -1.615     P(bar):    0.060     
Step:  1539999    NAcc:  770000     fAcc:  0.500      Maxd:  0.36917    E*/N:  -1.56736   P*:     nan        P*cold: nan        Mu*_xs: -0.00000   Cv*/N_xs:  0.00000         E(kJ/mol): -1.563     P(bar):    0.141     
Step:  1559999    NAcc:  780001     fAcc:  0.500      Maxd:  10.45075   E*/N:  -1.55309   P*:     nan        P*cold: nan        Mu*_xs: -0.00000   Cv*/N_xs:  0.00000         E(kJ/mol): -1.549     P(bar):    0.043     
Step:  1579999    NAcc:  790002     fAcc:  0.500      Maxd:  3.93918    E*/N:  -1.59293   P*:     nan        P*cold: nan        Mu*_xs: -0.00000   Cv*/N_xs:  0.00000         E(kJ/mol): -1.589     P(bar):    0.114     
Step:  1599999    NAcc:  800001     fAcc:  0.500      Maxd:  27.30732   E*/N:  -1.61520   P*:     nan        P*cold: nan        Mu*_xs: -0.00000   Cv*/N_xs:  0.00000         E(kJ/mol): -1.611     P(bar):    0.076     
Step:  1619999    NAcc:  810000     fAcc:  0.500      Maxd:  1.55367    E*/N:  -1.65529   P*:     nan        P*cold: nan        Mu*_xs: -0.00000   Cv*/N_xs:  0.00000         E(kJ/mol): -1.651     P(bar):    0.075     
Step:  1639999    NAcc:  819999     fAcc:  0.500      Maxd:  4.12207    E*/N:  -1.62021   P*:     nan        P*cold: nan        Mu*_xs: -0.00000   Cv*/N_xs:  0.00000         E(kJ/mol): -1.616     P(bar):    0.095     
Step:  1659999    NAcc:  830001     fAcc:  0.500      Maxd:  11.44928   E*/N:  -1.55459   P*:     nan        P*cold: nan        Mu*_xs: -0.00000   Cv*/N_xs:  0.00000         E(kJ/mol): -1.551     P(bar):    0.112     
Step:  1679999    NAcc:  840000     fAcc:  0.500      Maxd:  0.44495    E*/N:  -1.59840   P*:     nan        P*cold: nan        Mu*_xs: -0.00000   Cv*/N_xs:  0.00000         E(kJ/mol): -1.594     P(bar):    0.070     
Step:  1699999    NAcc:  850001     fAcc:  0.500      Maxd:  0.53597    E*/N:  -1.59079   P*:     nan        P*cold: nan        Mu*_xs: -0.00000   Cv*/N_xs:  0.00000         E(kJ/mol): -1.587     P(bar):    0.103     
Step:  1719999    NAcc:  859997     fAcc:  0.500      Maxd:  0.41338    E*/N:  -1.58146   P*:     nan        P*cold: nan        Mu*_xs: -0.00000   Cv*/N_xs:  0.00000         E(kJ/mol): -1.577     P(bar):    0.067     
Step:  1739999    NAcc:  869999     fAcc:  0.500      Maxd:  0.45649    E*/N:  -1.66710   P*:     nan        P*cold: nan        Mu*_xs: -0.00000   Cv*/N_xs:  0.00000         E(kJ/mol): -1.663     P(bar):    0.066     
Step:  1759999    NAcc:  880001     fAcc:  0.500      Maxd:  0.56834    E*/N:  -1.60177   P*:     nan        P*cold: nan        Mu*_xs: -0.00000   Cv*/N_xs:  0.00000         E(kJ/mol): -1.598     P(bar):    0.079     
Step:  1779999    NAcc:  890000     fAcc:  0.500      Maxd:  19.67781   E*/N:  -1.62423   P*:     nan        P*cold: nan        Mu*_xs: -0.00000   Cv*/N_xs:  0.00000         E(kJ/mol): -1.620     P(bar):    0.069     
Step:  1799999    NAcc:  899996     fAcc:  0.500      Maxd:  0.38503    E*/N:  -1.54109   P*:     nan        P*cold: nan        Mu*_xs: -0.00000   Cv*/N_xs:  0.00000         E(kJ/mol): -1.537     P(bar):    0.093     
Step:  1819999    NAcc:  909997     fAcc:  0.500      Maxd:  1.17328    E*/N:  -1.59877   P*:     nan        P*cold: nan        Mu*_xs: -0.00000   Cv*/N_xs:  0.00000         E(kJ/mol): -1.595     P(bar):    0.080     
Step:  1839999    NAcc:  920002     fAcc:  0.500      Maxd:  2.22154    E*/N:  -1.67464   P*:     nan        P*cold: nan        Mu*_xs: -0.00000   Cv*/N_xs:  0.00000         E(kJ/mol): -1.670     P(bar):    0.111     
Step:  1859999    NAcc:  930000     fAcc:  0.500      Maxd:  5.49074    E*/N:  -1.62865   P*:     nan        P*cold: nan        Mu*_xs: -0.00000   Cv*/N_xs:  0.00000         E(kJ/mol): -1.624     P(bar):    0.076     
Step:  1879999    NAcc:  940001     fAcc:  0.500      Maxd:  10.03316   E*/N:  -1.79888   P*:     nan        P*cold: nan        Mu*_xs: -0.00000   Cv*/N_xs:  0.00000         E(kJ/mol): -1.794     P(bar):    0.098     
Step:  1899999    NAcc:  950002     fAcc:  0.500      Maxd:  6.84651    E*/N:  -1.70542   P*:     nan        P*cold: nan        Mu*_xs: -0.00000   Cv*/N_xs:  0.00000         E(kJ/mol): -1.701     P(bar):    0.102     
Step:  1919999    NAcc:  959995     fAcc:  0.500      Maxd:  0.43198    E*/N:  -1.75882   P*:     nan        P*cold: nan        Mu*_xs: -0.00000   Cv*/N_xs:  0.00000         E(kJ/mol): -1.754     P(bar):    0.082     
Step:  1939999    NAcc:  970001     fAcc:  0.500      Maxd:  3.39495    E*/N:  -1.69159   P*:     nan        P*cold: nan        Mu*_xs: -0.00000   Cv*/N_xs:  0.00000         E(kJ/mol): -1.687     P(bar):    0.064     
Step:  1959999    NAcc:  980000     fAcc:  0.500      Maxd:  4.16897    E*/N:  -1.66067   P*:     nan        P*cold: nan        Mu*_xs: -0.00000   Cv*/N_xs:  0.00000         E(kJ/mol): -1.656     P(bar):    0.072     
Step:  1979999    NAcc:  990000     fAcc:  0.500      Maxd:  2.46950    E*/N:  -1.67300   P*:     nan        P*cold: nan        Mu*_xs: -0.00000   Cv*/N_xs:  0.00000         E(kJ/mol): -1.669     P(bar):    0.063     
Step:  1999999    NAcc:  999998     fAcc:  0.500      Maxd:  1.38578    E*/N:  -1.66634   P*:     nan        P*cold: nan        Mu*_xs: -0.00000   Cv*/N_xs:  0.00000         E(kJ/mol): -1.662     P(bar):    0.162     
Step:  2019999    NAcc:  1009999    fAcc:  0.500      Maxd:  0.41923    E*/N:  -1.66131   P*:     0.11762    P*cold: -0.12238   Mu*_xs: -1.58448   Cv*/N_xs:  0.24763         E(kJ/mol): -1.657     P(bar):    0.106     
Step:  2039999    NAcc:  1020001    fAcc:  0.500      Maxd:  1.20388    E*/N:  -1.64761   P*:     0.10646    P*cold: -0.13354   Mu*_xs: -1.59650   Cv*/N_xs:  0.73763         E(kJ/mol): -1.643     P(bar):    0.118     
Step:  2059999    NAcc:  1030000    fAcc:  0.500      Maxd:  0.45038    E*/N:  -1.65618   P*:     0.11169    P*cold: -0.12831   Mu*_xs: -1.58110   Cv*/N_xs:  0.70290         E(kJ/mol): -1.652     P(bar):    0.109     
Step:  2079999    NAcc:  1040002    fAcc:  0.500      Maxd:  2.49771    E*/N:  -1.70732   P*:     0.11528    P*cold: -0.12472   Mu*_xs: -1.57022   Cv*/N_xs:  0.62318         E(kJ/mol): -1.703     P(bar):    0.081     
Step:  2099999    NAcc:  1050000    fAcc:  0.500      Maxd:  11.83292   E*/N:  -1.65082   P*:     0.11041    P*cold: -0.12959   Mu*_xs: -1.58908   Cv*/N_xs:  0.61986         E(kJ/mol): -1.646     P(bar):    0.063     
Step:  2119999    NAcc:  1060002    fAcc:  0.500      Maxd:  0.85772    E*/N:  -1.69146   P*:     0.10970    P*cold: -0.13030   Mu*_xs: -1.58724   Cv*/N_xs:  0.59512         E(kJ/mol): -1.687     P(bar):    0.063     
Step:  2139999    NAcc:  1069998    fAcc:  0.500      Maxd:  0.51628    E*/N:  -1.76460   P*:     0.10957    P*cold: -0.13043   Mu*_xs: -1.58184   Cv*/N_xs:  0.61454         E(kJ/mol): -1.760     P(bar):    0.069     
Step:  2159999    NAcc:  1080001    fAcc:  0.500      Maxd:  2.58962    E*/N:  -1.60612   P*:     0.11015    P*cold: -0.12985   Mu*_xs: -1.57886   Cv*/N_xs:  0.61401         E(kJ/mol): -1.602     P(bar):    0.103     
Step:  2179999    NAcc:  1090001    fAcc:  0.500      Maxd:  0.63511    E*/N:  -1.66682   P*:     0.10983    P*cold: -0.13017   Mu*_xs: -1.58018   Cv*/N_xs:  0.57780         E(kJ/mol): -1.662     P(bar):    0.093     
Step:  2199999    NAcc:  1100002    fAcc:  0.500      Maxd:  0.88906    E*/N:  -1.61408   P*:     0.10800    P*cold: -0.13200   Mu*_xs: -1.57257   Cv*/N_xs:  0.56903         E(kJ/mol): -1.610     P(bar):    0.134     
Step:  2219999    NAcc:  1110001    fAcc:  0.500      Maxd:  0.98992    E*/N:  -1.76539   P*:     0.10682    P*cold: -0.13318   Mu*_xs: -1.57307   Cv*/N_xs:  0.59668         E(kJ/mol): -1.761     P(bar):    0.101     
Step:  2239999    NAcc:  1120000    fAcc:  0.500      Maxd:  20.49605   E*/N:  -1.83279   P*:     0.10629    P*cold: -0.13371   Mu*_xs: -1.57162   Cv*/N_xs:  0.96015         E(kJ/mol): -1.828     P(bar):    0.060     
Step:  2259999    NAcc:  1129998    fAcc:  0.500      Maxd:  0.45238    E*/N:  -1.63533   P*:     0.10519    P*cold: -0.13481   Mu*_xs: -1.57081   Cv*/N_xs:  1.23220         E(kJ/mol): -1.631     P(bar):    0.090     
Step:  2279999    NAcc:  1139998    fAcc:  0.500      Maxd:  2.07296    E*/N:  -1.72519   P*:     0.10468    P*cold: -0.13532   Mu*_xs: -1.57009   Cv*/N_xs:  1.17167         E(kJ/mol): -1.721     P(bar):    0.070     
Step:  2299999    NAcc:  1149998    fAcc:  0.500      Maxd:  7.62584    E*/N:  -1.67613   P*:     0.10346    P*cold: -0.13654   Mu*_xs: -1.56740   Cv*/N_xs:  1.11258         E(kJ/mol): -1.672     P(bar):    0.077     
Step:  2319999    NAcc:  1160003    fAcc:  0.500      Maxd:  1.96437    E*/N:  -1.70181   P*:     0.10356    P*cold: -0.13644   Mu*_xs: -1.56620   Cv*/N_xs:  1.10868         E(kJ/mol): -1.697     P(bar):    0.095     
Step:  2339999    NAcc:  1170002    fAcc:  0.500      Maxd:  3.52354    E*/N:  -1.71531   P*:     0.10367    P*cold: -0.13633   Mu*_xs: -1.56484   Cv*/N_xs:  1.07002         E(kJ/mol): -1.711     P(bar):    0.038     
Step:  2359999    NAcc:  1179997    fAcc:  0.500      Maxd:  0.81151    E*/N:  -1.64736   P*:     0.10324    P*cold: -0.13676   Mu*_xs: -1.56382   Cv*/N_xs:  1.05208         E(kJ/mol): -1.643     P(bar):    0.072     
Step:  2379999    NAcc:  1190000    fAcc:  0.500      Maxd:  1.23232    E*/N:  -1.63677   P*:     0.10289    P*cold: -0.13711   Mu*_xs: -1.56370   Cv*/N_xs:  1.07390         E(kJ/mol): -1.632     P(bar):    0.098     
Step:  2399999    NAcc:  1200002    fAcc:  0.500      Maxd:  26.07697   E*/N:  -1.68031   P*:     0.10262    P*cold: -0.13738   Mu*_xs: -1.56179   Cv*/N_xs:  1.03495         E(kJ/mol): -1.676     P(bar):    0.088     
Step:  2419999    NAcc:  1209998    fAcc:  0.500      Maxd:  0.43839    E*/N:  -1.63048   P*:     0.10251    P*cold: -0.13749   Mu*_xs: -1.56323   Cv*/N_xs:  1.01826         E(kJ/mol): -1.626     P(bar):    0.079     
Step:  2439999    NAcc:  1219999    fAcc:  0.500      Maxd:  1.10463    E*/N:  -1.55201   P*:     0.10306    P*cold: -0.13694   Mu*_xs: -1.56550   Cv*/N_xs:  1.20855         E(kJ/mol): -1.548     P(bar):    0.060     
Step:  2459999    NAcc:  1229996    fAcc:  0.500      Maxd:  0.72964    E*/N:  -1.62457   P*:     0.10197    P*cold: -0.13803   Mu*_xs: -1.56604   Cv*/N_xs:  1.22991         E(kJ/mol): -1.620     P(bar):    0.084     
Step:  2479999    NAcc:  1240000    fAcc:  0.500      Maxd:  0.60531    E*/N:  -1.63609   P*:     0.10123    P*cold: -0.13877   Mu*_xs: -1.56645   Cv*/N_xs:  1.21882         E(kJ/mol): -1.632     P(bar):    0.097     
Step:  2499999    NAcc:  1250002    fAcc:  0.500      Maxd:  3.30273    E*/N:  -1.61829   P*:     0.10121    P*cold: -0.13879   Mu*_xs: -1.56455   Cv*/N_xs:  1.22681         E(kJ/mol): -1.614     P(bar):    0.060     
Step:  2519999    NAcc:  1260000    fAcc:  0.500      Maxd:  1.66081    E*/N:  -1.65102   P*:     0.10102    P*cold: -0.13898   Mu*_xs: -1.56337   Cv*/N_xs:  1.22788         E(kJ/mol): -1.647     P(bar):    0.069     
Step:  2539999    NAcc:  1269999    fAcc:  0.500      Maxd:  0.45284    E*/N:  -1.70334   P*:     0.10012    P*cold: -0.13988   Mu*_xs: -1.56179   Cv*/N_xs:  1.21392         E(kJ/mol): -1.699     P(bar):    0.059     
Step:  2559999    NAcc:  1280000    fAcc:  0.500      Maxd:  0.39795    E*/N:  -1.51095   P*:     0.09952    P*cold: -0.14048   Mu*_xs: -1.56223   Cv*/N_xs:  1.25186         E(kJ/mol): -1.507     P(bar):    0.057     
Step:  2579999    NAcc:  1289999    fAcc:  0.500      Maxd:  2.23700    E*/N:  -1.63764   P*:     0.09905    P*cold: -0.14095   Mu*_xs: -1.56248   Cv*/N_xs:  1.28836         E(kJ/mol): -1.633     P(bar):    0.049     
Step:  2599999    NAcc:  1300003    fAcc:  0.500      Maxd:  3.44325    E*/N:  -1.61686   P*:     0.09845    P*cold: -0.14155   Mu*_xs: -1.56159   Cv*/N_xs:  1.28206         E(kJ/mol): -1.613     P(bar):    0.060     
Step:  2619999    NAcc:  1309998    fAcc:  0.500      Maxd:  0.45915    E*/N:  -1.63531   P*:     0.09854    P*cold: -0.14146   Mu*_xs: -1.56121   Cv*/N_xs:  1.24744         E(kJ/mol): -1.631     P(bar):    0.105     
Step:  2639999    NAcc:  1320004    fAcc:  0.500      Maxd:  3.57698    E*/N:  -1.71538   P*:     0.09847    P*cold: -0.14153   Mu*_xs: -1.56077   Cv*/N_xs:  1.22722         E(kJ/mol): -1.711     P(bar):    0.099     
Step:  2659999    NAcc:  1329999    fAcc:  0.500      Maxd:  2.16604    E*/N:  -1.66820   P*:     0.09855    P*cold: -0.14145   Mu*_xs: -1.56003   Cv*/N_xs:  1.28180         E(kJ/mol): -1.664     P(bar):    0.068     
Step:  2679999    NAcc:  1340002    fAcc:  0.500      Maxd:  1.31527    E*/N:  -1.72031   P*:     0.09908    P*cold: -0.14092   Mu*_xs: -1.56009   Cv*/N_xs:  1.25382         E(kJ/mol): -1.716     P(bar):    0.061     
Step:  2699999    NAcc:  1350001    fAcc:  0.500      Maxd:  1.53816    E*/N:  -1.68888   P*:     0.09943    P*cold: -0.14057   Mu*_xs: -1.56039   Cv*/N_xs:  1.22670         E(kJ/mol): -1.684     P(bar):    0.095     
Step:  2719999    NAcc:  1360001    fAcc:  0.500      Maxd:  4.96255    E*/N:  -1.59350   P*:     0.09879    P*cold: -0.14121   Mu*_xs: -1.56002   Cv*/N_xs:  1.22259         E(kJ/mol): -1.589     P(bar):    0.046     
Step:  2739999    NAcc:  1370001    fAcc:  0.500      Maxd:  4.04032    E*/N:  -1.67761   P*:     0.09879    P*cold: -0.14121   Mu*_xs: -1.55918   Cv*/N_xs:  1.23229         E(kJ/mol): -1.673     P(bar):    0.072     
Step:  2759999    NAcc:  1379999    fAcc:  0.500      Maxd:  0.39932    E*/N:  -1.69513   P*:     0.09862    P*cold: -0.14138   Mu*_xs: -1.56070   Cv*/N_xs:  1.21154         E(kJ/mol): -1.691     P(bar):    0.100     
Step:  2779999    NAcc:  1390000    fAcc:  0.500      Maxd:  0.66861    E*/N:  -1.68004   P*:     0.09875    P*cold: -0.14125   Mu*_xs: -1.56050   Cv*/N_xs:  1.20441         E(kJ/mol): -1.676     P(bar):    0.103     
Step:  2799999    NAcc:  1399999    fAcc:  0.500      Maxd:  3.53919    E*/N:  -1.67877   P*:     0.09821    P*cold: -0.14179   Mu*_xs: -1.56077   Cv*/N_xs:  1.20003         E(kJ/mol): -1.674     P(bar):    0.099     
Step:  2819999    NAcc:  1410002    fAcc:  0.500      Maxd:  0.77860    E*/N:  -1.67434   P*:     0.09772    P*cold: -0.14228   Mu*_xs: -1.56151   Cv*/N_xs:  1.17840         E(kJ/mol): -1.670     P(bar):    0.078     
Step:  2839999    NAcc:  1420003    fAcc:  0.500      Maxd:  3.76045    E*/N:  -1.67091   P*:     0.09760    P*cold: -0.14240   Mu*_xs: -1.56061   Cv*/N_xs:  1.15773         E(kJ/mol): -1.667     P(bar):    0.055     
Step:  2859999    NAcc:  1429998    fAcc:  0.500      Maxd:  0.40207    E*/N:  -1.68806   P*:     0.09732    P*cold: -0.14268   Mu*_xs: -1.56035   Cv*/N_xs:  1.15388         E(kJ/mol): -1.684     P(bar):    0.091     
Step:  2879999    NAcc:  1439998    fAcc:  0.500      Maxd:  0.61578    E*/N:  -1.63682   P*:     0.09771    P*cold: -0.14229   Mu*_xs: -1.55983   Cv*/N_xs:  1.13934         E(kJ/mol): -1.633     P(bar):    0.104     
Step:  2899999    NAcc:  1449998    fAcc:  0.500      Maxd:  5.63534    E*/N:  -1.70808   P*:     0.09781    P*cold: -0.14219   Mu*_xs: -1.56001   Cv*/N_xs:  1.12418         E(kJ/mol): -1.704     P(bar):    0.058     
Step:  2919999    NAcc:  1460001    fAcc:  0.500      Maxd:  0.90154    E*/N:  -1.65061   P*:     0.09808    P*cold: -0.14192   Mu*_xs: -1.56031   Cv*/N_xs:  1.10602         E(kJ/mol): -1.646     P(bar):    0.096     
Step:  2939999    NAcc:  1469998    fAcc:  0.500      Maxd:  0.49475    E*/N:  -1.62154   P*:     0.09840    P*cold: -0.14160   Mu*_xs: -1.55977   Cv*/N_xs:  1.09159         E(kJ/mol): -1.617     P(bar):    0.094     
Step:  2959999    NAcc:  1480001    fAcc:  0.500      Maxd:  0.55406    E*/N:  -1.58405   P*:     0.09797    P*cold: -0.14203   Mu*_xs: -1.56012   Cv*/N_xs:  1.08069         E(kJ/mol): -1.580     P(bar):    0.116     
Step:  2979999    NAcc:  1489998    fAcc:  0.500      Maxd:  1.29666    E*/N:  -1.67871   P*:     0.09789    P*cold: -0.14211   Mu*_xs: -1.56025   Cv*/N_xs:  1.06989         E(kJ/mol): -1.674     P(bar):    0.076     
Step:  2999999    NAcc:  1500001    fAcc:  0.500      Maxd:  1.13635    E*/N:  -1.68838   P*:     0.09803    P*cold: -0.14197   Mu*_xs: -1.55948   Cv*/N_xs:  1.05623         E(kJ/mol): -1.684     P(bar):    0.134     
Step:  3019999    NAcc:  1510001    fAcc:  0.500      Maxd:  0.57458    E*/N:  -1.64534   P*:     0.09810    P*cold: -0.14190   Mu*_xs: -1.55912   Cv*/N_xs:  1.04443         E(kJ/mol): -1.641     P(bar):    0.087     
Step:  3039999    NAcc:  1519998    fAcc:  0.500      Maxd:  0.45658    E*/N:  -1.67426   P*:     0.09818    P*cold: -0.14182   Mu*_xs: -1.55920   Cv*/N_xs:  1.04400         E(kJ/mol): -1.670     P(bar):    0.084     
Step:  3059999    NAcc:  1529999    fAcc:  0.500      Maxd:  2.41866    E*/N:  -1.63663   P*:     0.09825    P*cold: -0.14175   Mu*_xs: -1.55839   Cv*/N_xs:  1.03108         E(kJ/mol): -1.632     P(bar):    0.094     
Step:  3079999    NAcc:  1540001    fAcc:  0.500      Maxd:  16.62871   E*/N:  -1.57952   P*:     0.09821    P*cold: -0.14179   Mu*_xs: -1.55783   Cv*/N_xs:  1.01787         E(kJ/mol): -1.575     P(bar):    0.118     
Step:  3099999    NAcc:  1549999    fAcc:  0.500      Maxd:  3.27079    E*/N:  -1.63873   P*:     0.09839    P*cold: -0.14161   Mu*_xs: -1.55793   Cv*/N_xs:  1.01409         E(kJ/mol): -1.634     P(bar):    0.064     
Step:  3119999    NAcc:  1560003    fAcc:  0.500      Maxd:  27.27691   E*/N:  -1.54117   P*:     0.09845    P*cold: -0.14155   Mu*_xs: -1.55782   Cv*/N_xs:  1.06396         E(kJ/mol): -1.537     P(bar):    0.084     
Step:  3139999    NAcc:  1570004    fAcc:  0.500      Maxd:  4.99939    E*/N:  -1.65104   P*:     0.09847    P*cold: -0.14153   Mu*_xs: -1.55774   Cv*/N_xs:  1.09494         E(kJ/mol): -1.647     P(bar):    0.051     
Step:  3159999    NAcc:  1579997    fAcc:  0.500      Maxd:  1.97476    E*/N:  -1.67824   P*:     0.09843    P*cold: -0.14157   Mu*_xs: -1.55841   Cv*/N_xs:  1.08064         E(kJ/mol): -1.674     P(bar):    0.088     
Step:  3179999    NAcc:  1589996    fAcc:  0.500      Maxd:  0.72484    E*/N:  -1.74188   P*:     0.09817    P*cold: -0.14183   Mu*_xs: -1.55889   Cv*/N_xs:  1.09026         E(kJ/mol): -1.737     P(bar):    0.060     
Step:  3199999    NAcc:  1599999    fAcc:  0.500      Maxd:  3.08876    E*/N:  -1.78752   P*:     0.09818    P*cold: -0.14182   Mu*_xs: -1.55829   Cv*/N_xs:  1.10636         E(kJ/mol): -1.783     P(bar):    0.076     
Step:  3219999    NAcc:  1610000    fAcc:  0.500      Maxd:  19.79274   E*/N:  -1.70910   P*:     0.09822    P*cold: -0.14178   Mu*_xs: -1.55754   Cv*/N_xs:  1.12851         E(kJ/mol): -1.705     P(bar):    0.115     
Step:  3239999    NAcc:  1619999    fAcc:  0.500      Maxd:  0.81665    E*/N:  -1.67768   P*:     0.09817    P*cold: -0.14183   Mu*_xs: -1.55722   Cv*/N_xs:  1.11786         E(kJ/mol): -1.673     P(bar):    0.070     
Step:  3259999    NAcc:  1630000    fAcc:  0.500      Maxd:  0.70431    E*/N:  -1.67107   P*:     0.09833    P*cold: -0.14167   Mu*_xs: -1.55613   Cv*/N_xs:  1.10989         E(kJ/mol): -1.667     P(bar):    0.103     
Step:  3279999    NAcc:  1639998    fAcc:  0.500      Maxd:  0.39523    E*/N:  -1.61992   P*:     0.09857    P*cold: -0.14143   Mu*_xs: -1.55530   Cv*/N_xs:  1.11804         E(kJ/mol): -1.616     P(bar):    0.140     
Step:  3299999    NAcc:  1650000    fAcc:  0.500      Maxd:  0.44007    E*/N:  -1.68704   P*:     0.09894    P*cold: -0.14106   Mu*_xs: -1.55469   Cv*/N_xs:  1.11143         E(kJ/mol): -1.683     P(bar):    0.110     
Step:  3319999    NAcc:  1659998    fAcc:  0.500      Maxd:  2.96183    E*/N:  -1.73647   P*:     0.09902    P*cold: -0.14098   Mu*_xs: -1.55423   Cv*/N_xs:  1.10486         E(kJ/mol): -1.732     P(bar):    0.094     
Step:  3339999    NAcc:  1670000    fAcc:  0.500      Maxd:  0.77566    E*/N:  -1.64930   P*:     0.09938    P*cold: -0.14062   Mu*_xs: -1.55419   Cv*/N_xs:  1.11401         E(kJ/mol): -1.645     P(bar):    0.120     
Step:  3359999    NAcc:  1680002    fAcc:  0.500      Maxd:  1.61046    E*/N:  -1.65159   P*:     0.09940    P*cold: -0.14060   Mu*_xs: -1.55458   Cv*/N_xs:  1.11614         E(kJ/mol): -1.647     P(bar):    0.047     
Step:  3379999    NAcc:  1690002    fAcc:  0.500      Maxd:  4.03561    E*/N:  -1.64924   P*:     0.09938    P*cold: -0.14062   Mu*_xs: -1.55507   Cv*/N_xs:  1.10686         E(kJ/mol): -1.645     P(bar):    0.104     
Step:  3399999    NAcc:  1699999    fAcc:  0.500      Maxd:  13.12810   E*/N:  -1.61143   P*:     0.09953    P*cold: -0.14047   Mu*_xs: -1.55556   Cv*/N_xs:  1.10297         E(kJ/mol): -1.607     P(bar):    0.105     
Step:  3419999    NAcc:  1709998    fAcc:  0.500      Maxd:  0.46133    E*/N:  -1.63669   P*:     0.09960    P*cold: -0.14040   Mu*_xs: -1.55603   Cv*/N_xs:  1.10036         E(kJ/mol): -1.632     P(bar):    0.115     
Step:  3439999    NAcc:  1720000    fAcc:  0.500      Maxd:  3.87828    E*/N:  -1.65221   P*:     0.09933    P*cold: -0.14067   Mu*_xs: -1.55610   Cv*/N_xs:  1.08819         E(kJ/mol): -1.648     P(bar):    0.048     
Step:  3459999    NAcc:  1730001    fAcc:  0.500      Maxd:  2.02793    E*/N:  -1.74623   P*:     0.09931    P*cold: -0.14069   Mu*_xs: -1.55627   Cv*/N_xs:  1.08696         E(kJ/mol): -1.742     P(bar):    0.071     
Step:  3479999    NAcc:  1740000    fAcc:  0.500      Maxd:  1.48176    E*/N:  -1.62972   P*:     0.09958    P*cold: -0.14042   Mu*_xs: -1.55686   Cv*/N_xs:  1.08099         E(kJ/mol): -1.625     P(bar):    0.128     
Step:  3499999    NAcc:  1750000    fAcc:  0.500      Maxd:  0.42212    E*/N:  -1.58577   P*:     0.09962    P*cold: -0.14038   Mu*_xs: -1.55688   Cv*/N_xs:  1.08196         E(kJ/mol): -1.582     P(bar):    0.088     
Step:  3519999    NAcc:  1760000    fAcc:  0.500      Maxd:  1.75473    E*/N:  -1.67183   P*:     0.09962    P*cold: -0.14038   Mu*_xs: -1.55685   Cv*/N_xs:  1.08153         E(kJ/mol): -1.667     P(bar):    0.057     
Step:  3539999    NAcc:  1770001    fAcc:  0.500      Maxd:  0.71176    E*/N:  -1.65023   P*:     0.09969    P*cold: -0.14031   Mu*_xs: -1.55680   Cv*/N_xs:  1.07442         E(kJ/mol): -1.646     P(bar):    0.050     
Step:  3559999    NAcc:  1779999    fAcc:  0.500      Maxd:  2.03218    E*/N:  -1.62565   P*:     0.09960    P*cold: -0.14040   Mu*_xs: -1.55717   Cv*/N_xs:  1.06789         E(kJ/mol): -1.621     P(bar):    0.121     
Step:  3579999    NAcc:  1789999    fAcc:  0.500      Maxd:  11.99825   E*/N:  -1.67564   P*:     0.09976    P*cold: -0.14024   Mu*_xs: -1.55710   Cv*/N_xs:  1.05748         E(kJ/mol): -1.671     P(bar):    0.049     
Step:  3599999    NAcc:  1800001    fAcc:  0.500      Maxd:  4.97650    E*/N:  -1.74996   P*:     0.09994    P*cold: -0.14006   Mu*_xs: -1.55690   Cv*/N_xs:  1.06461         E(kJ/mol): -1.745     P(bar):    0.086     
Step:  3619999    NAcc:  1809999    fAcc:  0.500      Maxd:  1.00645    E*/N:  -1.62105   P*:     0.10007    P*cold: -0.13993   Mu*_xs: -1.55658   Cv*/N_xs:  1.05900         E(kJ/mol): -1.617     P(bar):    0.105     
Step:  3639999    NAcc:  1819999    fAcc:  0.500      Maxd:  2.64892    E*/N:  -1.68018   P*:     0.10008    P*cold: -0.13992   Mu*_xs: -1.55739   Cv*/N_xs:  1.05537         E(kJ/mol): -1.676     P(bar):    0.056     
Step:  3659999    NAcc:  1830000    fAcc:  0.500      Maxd:  1.59884    E*/N:  -1.76527   P*:     0.10014    P*cold: -0.13986   Mu*_xs: -1.55727   Cv*/N_xs:  1.04849         E(kJ/mol): -1.761     P(bar):    0.030     
Step:  3679999    NAcc:  1840001    fAcc:  0.500      Maxd:  3.79457    E*/N:  -1.67242   P*:     0.10015    P*cold: -0.13985   Mu*_xs: -1.55709   Cv*/N_xs:  1.06210         E(kJ/mol): -1.668     P(bar):    0.119     
Step:  3699999    NAcc:  1850000    fAcc:  0.500      Maxd:  0.43323    E*/N:  -1.75033   P*:     0.10035    P*cold: -0.13965   Mu*_xs: -1.55732   Cv*/N_xs:  1.07153         E(kJ/mol): -1.746     P(bar):    0.089     
Step:  3719999    NAcc:  1860005    fAcc:  0.500      Maxd:  6.77765    E*/N:  -1.70592   P*:     0.10048    P*cold: -0.13952   Mu*_xs: -1.55737   Cv*/N_xs:  1.06395         E(kJ/mol): -1.701     P(bar):    0.057     
Step:  3739999    NAcc:  1869995    fAcc:  0.500      Maxd:  0.84894    E*/N:  -1.67971   P*:     0.10045    P*cold: -0.13955   Mu*_xs: -1.55723   Cv*/N_xs:  1.06256         E(kJ/mol): -1.675     P(bar):    0.110     
Step:  3759999    NAcc:  1880000    fAcc:  0.500      Maxd:  0.79424    E*/N:  -1.77647   P*:     0.10034    P*cold: -0.13966   Mu*_xs: -1.55764   Cv*/N_xs:  1.06033         E(kJ/mol): -1.772     P(bar):    0.078     
Step:  3779999    NAcc:  1890002    fAcc:  0.500      Maxd:  1.86995    E*/N:  -1.65153   P*:     0.10043    P*cold: -0.13957   Mu*_xs: -1.55726   Cv*/N_xs:  1.05927         E(kJ/mol): -1.647     P(bar):    0.103     
Step:  3799999    NAcc:  1900001    fAcc:  0.500      Maxd:  1.53547    E*/N:  -1.58871   P*:     0.10066    P*cold: -0.13934   Mu*_xs: -1.55694   Cv*/N_xs:  1.05675         E(kJ/mol): -1.585     P(bar):    0.125     
Step:  3819999    NAcc:  1909997    fAcc:  0.500      Maxd:  0.38594    E*/N:  -1.63486   P*:     0.10074    P*cold: -0.13926   Mu*_xs: -1.55691   Cv*/N_xs:  1.05954         E(kJ/mol): -1.631     P(bar):    0.097     
Step:  3839999    NAcc:  1920001    fAcc:  0.500      Maxd:  0.63069    E*/N:  -1.54544   P*:     0.10090    P*cold: -0.13910   Mu*_xs: -1.55715   Cv*/N_xs:  1.09879         E(kJ/mol): -1.541     P(bar):    0.097     
Step:  3859999    NAcc:  1929999    fAcc:  0.500      Maxd:  6.62910    E*/N:  -1.58128   P*:     0.10068    P*cold: -0.13932   Mu*_xs: -1.55692   Cv*/N_xs:  1.10857         E(kJ/mol): -1.577     P(bar):    0.094     
Step:  3879999    NAcc:  1940000    fAcc:  0.500      Maxd:  1.02654    E*/N:  -1.55843   P*:     0.10069    P*cold: -0.13931   Mu*_xs: -1.55701   Cv*/N_xs:  1.13105         E(kJ/mol): -1.554     P(bar):    0.065     
Step:  3899999    NAcc:  1950002    fAcc:  0.500      Maxd:  2.01911    E*/N:  -1.77429   P*:     0.10078    P*cold: -0.13922   Mu*_xs: -1.55732   Cv*/N_xs:  1.13101         E(kJ/mol): -1.770     P(bar):    0.077     
Step:  3919999    NAcc:  1959998    fAcc:  0.500      Maxd:  1.29485    E*/N:  -1.78485   P*:     0.10091    P*cold: -0.13909   Mu*_xs: -1.55725   Cv*/N_xs:  1.15215         E(kJ/mol): -1.780     P(bar):    0.101     
Step:  3939999    NAcc:  1969998    fAcc:  0.500      Maxd:  1.78287    E*/N:  -1.73155   P*:     0.10093    P*cold: -0.13907   Mu*_xs: -1.55749   Cv*/N_xs:  1.16612         E(kJ/mol): -1.727     P(bar):    0.078     
Step:  3959999    NAcc:  1980003    fAcc:  0.500      Maxd:  1.70945    E*/N:  -1.73680   P*:     0.10103    P*cold: -0.13897   Mu*_xs: -1.55751   Cv*/N_xs:  1.16028         E(kJ/mol): -1.732     P(bar):    0.091     
Step:  3979999    NAcc:  1990003    fAcc:  0.500      Maxd:  1.14165    E*/N:  -1.67166   P*:     0.10109    P*cold: -0.13891   Mu*_xs: -1.55693   Cv*/N_xs:  1.15778         E(kJ/mol): -1.667     P(bar):    0.096     
Step:  3999999    NAcc:  2000003    fAcc:  0.500      Maxd:  1.36077    E*/N:  -1.61095   P*:     0.10099    P*cold: -0.13901   Mu*_xs: -1.55687   Cv*/N_xs:  1.15117         E(kJ/mol): -1.607     P(bar):    0.079     
Step:  4019999    NAcc:  2010001    fAcc:  0.500      Maxd:  0.62732    E*/N:  -1.51041   P*:     0.10096    P*cold: -0.13904   Mu*_xs: -1.55692   Cv*/N_xs:  1.19205         E(kJ/mol): -1.506     P(bar):    0.095     
Step:  4039999    NAcc:  2019998    fAcc:  0.500      Maxd:  5.36158    E*/N:  -1.60291   P*:     0.10100    P*cold: -0.13900   Mu*_xs: -1.55655   Cv*/N_xs:  1.21167         E(kJ/mol): -1.599     P(bar):    0.057     
Step:  4059999    NAcc:  2030001    fAcc:  0.500      Maxd:  2.45137    E*/N:  -1.70556   P*:     0.10108    P*cold: -0.13892   Mu*_xs: -1.55677   Cv*/N_xs:  1.21104         E(kJ/mol): -1.701     P(bar):    0.091     
Step:  4079999    NAcc:  2040001    fAcc:  0.500      Maxd:  1.76135    E*/N:  -1.69761   P*:     0.10117    P*cold: -0.13883   Mu*_xs: -1.55647   Cv*/N_xs:  1.20370         E(kJ/mol): -1.693     P(bar):    0.060     
Step:  4099999    NAcc:  2050001    fAcc:  0.500      Maxd:  0.77737    E*/N:  -1.67908   P*:     0.10109    P*cold: -0.13891   Mu*_xs: -1.55643   Cv*/N_xs:  1.19677         E(kJ/mol): -1.675     P(bar):    0.051     
Step:  4119999    NAcc:  2060002    fAcc:  0.500      Maxd:  13.11701   E*/N:  -1.62784   P*:     0.10102    P*cold: -0.13898   Mu*_xs: -1.55675   Cv*/N_xs:  1.19079         E(kJ/mol): -1.624     P(bar):    0.052     
Step:  4139999    NAcc:  2070000    fAcc:  0.500      Maxd:  1.88657    E*/N:  -1.66420   P*:     0.10082    P*cold: -0.13918   Mu*_xs: -1.55729   Cv*/N_xs:  1.18337         E(kJ/mol): -1.660     P(bar):    0.080     
Step:  4159999    NAcc:  2080000    fAcc:  0.500      Maxd:  10.29357   E*/N:  -1.66165   P*:     0.10078    P*cold: -0.13922   Mu*_xs: -1.55706   Cv*/N_xs:  1.18164         E(kJ/mol): -1.657     P(bar):    0.094     
Step:  4179999    NAcc:  2090001    fAcc:  0.500      Maxd:  25.10608   E*/N:  -1.62490   P*:     0.10068    P*cold: -0.13932   Mu*_xs: -1.55706   Cv*/N_xs:  1.17837         E(kJ/mol): -1.621     P(bar):    0.096     
Step:  4199999    NAcc:  2100001    fAcc:  0.500      Maxd:  0.82209    E*/N:  -1.57262   P*:     0.10071    P*cold: -0.13929   Mu*_xs: -1.55681   Cv*/N_xs:  1.22213         E(kJ/mol): -1.569     P(bar):    0.098     
Step:  4219999    NAcc:  2110001    fAcc:  0.500      Maxd:  0.74617    E*/N:  -1.63951   P*:     0.10078    P*cold: -0.13922   Mu*_xs: -1.55659   Cv*/N_xs:  1.22835         E(kJ/mol): -1.635     P(bar):    0.109     
Step:  4239999    NAcc:  2120000    fAcc:  0.500      Maxd:  3.27502    E*/N:  -1.64037   P*:     0.10076    P*cold: -0.13924   Mu*_xs: -1.55654   Cv*/N_xs:  1.22202         E(kJ/mol): -1.636     P(bar):    0.095     
Step:  4259999    NAcc:  2129996    fAcc:  0.500      Maxd:  0.44378    E*/N:  -1.64898   P*:     0.10086    P*cold: -0.13914   Mu*_xs: -1.55656   Cv*/N_xs:  1.23219         E(kJ/mol): -1.645     P(bar):    0.060     
Step:  4279999    NAcc:  2140000    fAcc:  0.500      Maxd:  5.67363    E*/N:  -1.62284   P*:     0.10087    P*cold: -0.13913   Mu*_xs: -1.55645   Cv*/N_xs:  1.23530         E(kJ/mol): -1.619     P(bar):    0.070     
Step:  4299999    NAcc:  2150000    fAcc:  0.500      Maxd:  3.35994    E*/N:  -1.67613   P*:     0.10080    P*cold: -0.13920   Mu*_xs: -1.55657   Cv*/N_xs:  1.22982         E(kJ/mol): -1.672     P(bar):    0.110     
Step:  4319999    NAcc:  2160001    fAcc:  0.500      Maxd:  2.30488    E*/N:  -1.59757   P*:     0.10076    P*cold: -0.13924   Mu*_xs: -1.55671   Cv*/N_xs:  1.23200         E(kJ/mol): -1.593     P(bar):    0.108     
Step:  4339999    NAcc:  2170000    fAcc:  0.500      Maxd:  10.19776   E*/N:  -1.58747   P*:     0.10068    P*cold: -0.13932   Mu*_xs: -1.55665   Cv*/N_xs:  1.23946         E(kJ/mol): -1.583     P(bar):    0.069     
Step:  4359999    NAcc:  2179999    fAcc:  0.500      Maxd:  1.86393    E*/N:  -1.59420   P*:     0.10066    P*cold: -0.13934   Mu*_xs: -1.55661   Cv*/N_xs:  1.23810         E(kJ/mol): -1.590     P(bar):    0.052     
Step:  4379999    NAcc:  2190002    fAcc:  0.500      Maxd:  15.72053   E*/N:  -1.56235   P*:     0.10062    P*cold: -0.13938   Mu*_xs: -1.55662   Cv*/N_xs:  1.27219         E(kJ/mol): -1.558     P(bar):    0.142     
Step:  4399999    NAcc:  2200000    fAcc:  0.500      Maxd:  2.32359    E*/N:  -1.67568   P*:     0.10060    P*cold: -0.13940   Mu*_xs: -1.55684   Cv*/N_xs:  1.26537         E(kJ/mol): -1.671     P(bar):    0.056     
Step:  4419999    NAcc:  2209998    fAcc:  0.500      Maxd:  0.85481    E*/N:  -1.65981   P*:     0.10054    P*cold: -0.13946   Mu*_xs: -1.55686   Cv*/N_xs:  1.26154         E(kJ/mol): -1.655     P(bar):    0.088     
Step:  4439999    NAcc:  2220001    fAcc:  0.500      Maxd:  0.89648    E*/N:  -1.72521   P*:     0.10053    P*cold: -0.13947   Mu*_xs: -1.55662   Cv*/N_xs:  1.26562         E(kJ/mol): -1.721     P(bar):    0.087     
Step:  4459999    NAcc:  2230002    fAcc:  0.500      Maxd:  1.70169    E*/N:  -1.80490   P*:     0.10040    P*cold: -0.13960   Mu*_xs: -1.55716   Cv*/N_xs:  1.30606         E(kJ/mol): -1.800     P(bar):    0.110     
Step:  4479999    NAcc:  2240003    fAcc:  0.500      Maxd:  20.94847   E*/N:  -1.74367   P*:     0.10049    P*cold: -0.13951   Mu*_xs: -1.55748   Cv*/N_xs:  1.30297         E(kJ/mol): -1.739     P(bar):    0.057     
Step:  4499999    NAcc:  2249999    fAcc:  0.500      Maxd:  1.98760    E*/N:  -1.63212   P*:     0.10054    P*cold: -0.13946   Mu*_xs: -1.55744   Cv*/N_xs:  1.30360         E(kJ/mol): -1.628     P(bar):    0.127     
Step:  4519999    NAcc:  2259999    fAcc:  0.500      Maxd:  0.41757    E*/N:  -1.69459   P*:     0.10053    P*cold: -0.13947   Mu*_xs: -1.55795   Cv*/N_xs:  1.29898         E(kJ/mol): -1.690     P(bar):    0.083     
Step:  4539999    NAcc:  2270001    fAcc:  0.500      Maxd:  0.56709    E*/N:  -1.64562   P*:     0.10055    P*cold: -0.13945   Mu*_xs: -1.55782   Cv*/N_xs:  1.29458         E(kJ/mol): -1.641     P(bar):    0.072     
Step:  4559999    NAcc:  2279999    fAcc:  0.500      Maxd:  0.83127    E*/N:  -1.68483   P*:     0.10040    P*cold: -0.13960   Mu*_xs: -1.55769   Cv*/N_xs:  1.29055         E(kJ/mol): -1.680     P(bar):    0.022     
Step:  4579999    NAcc:  2290001    fAcc:  0.500      Maxd:  0.71298    E*/N:  -1.60196   P*:     0.10036    P*cold: -0.13964   Mu*_xs: -1.55757   Cv*/N_xs:  1.28284         E(kJ/mol): -1.598     P(bar):    0.077     
Step:  4599999    NAcc:  2300003    fAcc:  0.500      Maxd:  1.12752    E*/N:  -1.62887   P*:     0.10031    P*cold: -0.13969   Mu*_xs: -1.55748   Cv*/N_xs:  1.30779         E(kJ/mol): -1.625     P(bar):    0.094     
Step:  4619999    NAcc:  2310001    fAcc:  0.500      Maxd:  0.56869    E*/N:  -1.61530   P*:     0.10058    P*cold: -0.13942   Mu*_xs: -1.55732   Cv*/N_xs:  1.30629         E(kJ/mol): -1.611     P(bar):    0.090     
Step:  4639999    NAcc:  2320000    fAcc:  0.500      Maxd:  2.04032    E*/N:  -1.64205   P*:     0.10053    P*cold: -0.13947   Mu*_xs: -1.55743   Cv*/N_xs:  1.30920         E(kJ/mol): -1.638     P(bar):    0.056     
Step:  4659999    NAcc:  2330001    fAcc:  0.500      Maxd:  3.65703    E*/N:  -1.60665   P*:     0.10038    P*cold: -0.13962   Mu*_xs: -1.55762   Cv*/N_xs:  1.30373         E(kJ/mol): -1.602     P(bar):    0.107     
Step:  4679999    NAcc:  2339999    fAcc:  0.500      Maxd:  12.83768   E*/N:  -1.56535   P*:     0.10034    P*cold: -0.13966   Mu*_xs: -1.55787   Cv*/N_xs:  1.30840         E(kJ/mol): -1.561     P(bar):    0.119     
Step:  4699999    NAcc:  2350001    fAcc:  0.500      Maxd:  1.29675    E*/N:  -1.67458   P*:     0.10042    P*cold: -0.13958   Mu*_xs: -1.55816   Cv*/N_xs:  1.30315         E(kJ/mol): -1.670     P(bar):    0.049     
Step:  4719999    NAcc:  2360000    fAcc:  0.500      Maxd:  0.39864    E*/N:  -1.58481   P*:     0.10054    P*cold: -0.13946   Mu*_xs: -1.55786   Cv*/N_xs:  1.31371         E(kJ/mol): -1.581     P(bar):    0.046     
Step:  4739999    NAcc:  2370003    fAcc:  0.500      Maxd:  1.68811    E*/N:  -1.65631   P*:     0.10043    P*cold: -0.13957   Mu*_xs: -1.55770   Cv*/N_xs:  1.32293         E(kJ/mol): -1.652     P(bar):    0.063     
Step:  4759999    NAcc:  2379997    fAcc:  0.500      Maxd:  0.55110    E*/N:  -1.57132   P*:     0.10042    P*cold: -0.13958   Mu*_xs: -1.55770   Cv*/N_xs:  1.32318         E(kJ/mol): -1.567     P(bar):    0.087     
Step:  4779999    NAcc:  2389998    fAcc:  0.500      Maxd:  1.63861    E*/N:  -1.61883   P*:     0.10043    P*cold: -0.13957   Mu*_xs: -1.55749   Cv*/N_xs:  1.35381         E(kJ/mol): -1.615     P(bar):    0.036     
Step:  4799999    NAcc:  2400001    fAcc:  0.500      Maxd:  0.59471    E*/N:  -1.65619   P*:     0.10038    P*cold: -0.13962   Mu*_xs: -1.55756   Cv*/N_xs:  1.35684         E(kJ/mol): -1.652     P(bar):    0.125     
Step:  4819999    NAcc:  2410001    fAcc:  0.500      Maxd:  2.51277    E*/N:  -1.54257   P*:     0.10035    P*cold: -0.13965   Mu*_xs: -1.55715   Cv*/N_xs:  1.36045         E(kJ/mol): -1.539     P(bar):    0.055     
Step:  4839999    NAcc:  2420001    fAcc:  0.500      Maxd:  0.87288    E*/N:  -1.60259   P*:     0.10047    P*cold: -0.13953   Mu*_xs: -1.55731   Cv*/N_xs:  1.36816         E(kJ/mol): -1.598     P(bar):    0.140     
Step:  4859999    NAcc:  2430001    fAcc:  0.500      Maxd:  1.89349    E*/N:  -1.63005   P*:     0.10057    P*cold: -0.13943   Mu*_xs: -1.55736   Cv*/N_xs:  1.36065         E(kJ/mol): -1.626     P(bar):    0.107     
Step:  4879999    NAcc:  2440000    fAcc:  0.500      Maxd:  0.44559    E*/N:  -1.56425   P*:     0.10062    P*cold: -0.13938   Mu*_xs: -1.55750   Cv*/N_xs:  1.36769         E(kJ/mol): -1.560     P(bar):    0.086     
Step:  4899999    NAcc:  2450002    fAcc:  0.500      Maxd:  2.51863    E*/N:  -1.59253   P*:     0.10066    P*cold: -0.13934   Mu*_xs: -1.55756   Cv*/N_xs:  1.36441         E(kJ/mol): -1.588     P(bar):    0.127     
Step:  4919999    NAcc:  2460000    fAcc:  0.500      Maxd:  20.50524   E*/N:  -1.66520   P*:     0.10067    P*cold: -0.13933   Mu*_xs: -1.55735   Cv*/N_xs:  1.36877         E(kJ/mol): -1.661     P(bar):    0.068     
Step:  4939999    NAcc:  2469998    fAcc:  0.500      Maxd:  0.41815    E*/N:  -1.72610   P*:     0.10072    P*cold: -0.13928   Mu*_xs: -1.55726   Cv*/N_xs:  1.36288         E(kJ/mol): -1.722     P(bar):    0.069     
Step:  4959999    NAcc:  2480001    fAcc:  0.500      Maxd:  5.75446    E*/N:  -1.62656   P*:     0.10065    P*cold: -0.13935   Mu*_xs: -1.55742   Cv*/N_xs:  1.35892         E(kJ/mol): -1.622     P(bar):    0.111     
Step:  4979999    NAcc:  2490001    fAcc:  0.500      Maxd:  3.91500    E*/N:  -1.63521   P*:     0.10053    P*cold: -0.13947   Mu*_xs: -1.55728   Cv*/N_xs:  1.35287         E(kJ/mol): -1.631     P(bar):    0.097     
Step:  4999999    NAcc:  2500002    fAcc:  0.500      Maxd:  1.17434    E*/N:  -1.63968   P*:     0.10053    P*cold: -0.13947   Mu*_xs: -1.55714   Cv*/N_xs:  1.34922         E(kJ/mol): -1.635     P(bar):    0.093     
# Computed average properties: 
 # E*/N:  -1.64939  
 # P*:     0.10053   
 # Cv*/N_xs:   1.34922        
 # Mu*_xs:  -1.55714  
