# Number of atoms:       500
# Atom type:             Ar
# Molar Mass (g/mol):    39.948
# Density (g/cm^3):      0.506504
# LJ sigma (Angstrom):   3.4
# LJ epsilon/kB (K):     120
# LJ cutoff (Angstrom):  13.6
# LJ cutoff (sigma):     4
# Temperature (K):       144
# Number MC steps:       5e+06
# Output frequency:      20000
# Num. den. (atoms/Ang): 0.00763281
# Box length (x):        40.3115
# Box length (y):        40.3115
# Box length (z):        40.3115
# Init. spacing (Ang):   4.47905
# reduc. density (rho*): 0.3
# reduc. temp (T*):      1.2
Step:  19999      NAcc:  10000      fAcc:  0.500      Maxd:  2.99635    E*/N:  -2.22455   P*:     nan        P*cold: nan        Mu*_xs: -0.00000   Cv*/N_xs:  0.00000         E(kJ/mol): -2.219     P(bar):    0.100     
Step:  39999      NAcc:  19997      fAcc:  0.500      Maxd:  0.34227    E*/N:  -2.24531   P*:     nan        P*cold: nan        Mu*_xs: -0.00000   Cv*/N_xs:  0.00000         E(kJ/mol): -2.239     P(bar):    0.109     
Step:  59999      NAcc:  29999      fAcc:  0.500      Maxd:  0.51174    E*/N:  -2.30599   P*:     nan        P*cold: nan        Mu*_xs: -0.00000   Cv*/N_xs:  0.00000         E(kJ/mol): -2.300     P(bar):    0.000     
Step:  79999      NAcc:  40001      fAcc:  0.500      Maxd:  0.64629    E*/N:  -2.26075   P*:     nan        P*cold: nan        Mu*_xs: -0.00000   Cv*/N_xs:  0.00000         E(kJ/mol): -2.255     P(bar):    0.021     
Step:  99999      NAcc:  49999      fAcc:  0.500      Maxd:  0.33981    E*/N:  -2.28460   P*:     nan        P*cold: nan        Mu*_xs: -0.00000   Cv*/N_xs:  0.00000         E(kJ/mol): -2.279     P(bar):    0.057     
Step:  119999     NAcc:  60000      fAcc:  0.500      Maxd:  0.52791    E*/N:  -2.33827   P*:     nan        P*cold: nan        Mu*_xs: -0.00000   Cv*/N_xs:  0.00000         E(kJ/mol): -2.332     P(bar):    0.108     
Step:  139999     NAcc:  70001      fAcc:  0.500      Maxd:  0.54978    E*/N:  -2.30822   P*:     nan        P*cold: nan        Mu*_xs: -0.00000   Cv*/N_xs:  0.00000         E(kJ/mol): -2.302     P(bar):    0.115     
Step:  159999     NAcc:  79997      fAcc:  0.500      Maxd:  1.51258    E*/N:  -2.30254   P*:     nan        P*cold: nan        Mu*_xs: -0.00000   Cv*/N_xs:  0.00000         E(kJ/mol): -2.297     P(bar):    0.163     
Step:  179999     NAcc:  90001      fAcc:  0.500      Maxd:  0.73883    E*/N:  -2.27608   P*:     nan        P*cold: nan        Mu*_xs: -0.00000   Cv*/N_xs:  0.00000         E(kJ/mol): -2.270     P(bar):    0.122     
Step:  199999     NAcc:  100000     fAcc:  0.500      Maxd:  0.37801    E*/N:  -2.31298   P*:     nan        P*cold: nan        Mu*_xs: -0.00000   Cv*/N_xs:  0.00000         E(kJ/mol): -2.307     P(bar):    0.013     
Step:  219999     NAcc:  110002     fAcc:  0.500      Maxd:  1.06263    E*/N:  -2.29286   P*:     nan        P*cold: nan        Mu*_xs: -0.00000   Cv*/N_xs:  0.00000         E(kJ/mol): -2.287     P(bar):    0.110     
Step:  239999     NAcc:  119999     fAcc:  0.500      Maxd:  5.27558    E*/N:  -2.29089   P*:     nan        P*cold: nan        Mu*_xs: -0.00000   Cv*/N_xs:  0.00000         E(kJ/mol): -2.285     P(bar):    0.030     
Step:  259999     NAcc:  130002     fAcc:  0.500      Maxd:  15.32119   E*/N:  -2.27519   P*:     nan        P*cold: nan        Mu*_xs: -0.00000   Cv*/N_xs:  0.00000         E(kJ/mol): -2.269     P(bar):    0.123     
Step:  279999     NAcc:  140001     fAcc:  0.500      Maxd:  0.49137    E*/N:  -2.28960   P*:     nan        P*cold: nan        Mu*_xs: -0.00000   Cv*/N_xs:  0.00000         E(kJ/mol): -2.284     P(bar):    0.170     
Step:  299999     NAcc:  150002     fAcc:  0.500      Maxd:  1.56518    E*/N:  -2.26340   P*:     nan        P*cold: nan        Mu*_xs: -0.00000   Cv*/N_xs:  0.00000         E(kJ/mol): -2.257     P(bar):    -0.002    
Step:  319999     NAcc:  159998     fAcc:  0.500      Maxd:  0.72627    E*/N:  -2.16722   P*:     nan        P*cold: nan        Mu*_xs: -0.00000   Cv*/N_xs:  0.00000         E(kJ/mol): -2.162     P(bar):    0.092     
Step:  339999     NAcc:  170002     fAcc:  0.500      Maxd:  1.00326    E*/N:  -2.26223   P*:     nan        P*cold: nan        Mu*_xs: -0.00000   Cv*/N_xs:  0.00000         E(kJ/mol): -2.256     P(bar):    0.041     
Step:  359999     NAcc:  180001     fAcc:  0.500      Maxd:  1.44725    E*/N:  -2.19310   P*:     nan        P*cold: nan        Mu*_xs: -0.00000   Cv*/N_xs:  0.00000         E(kJ/mol): -2.187     P(bar):    0.030     
Step:  379999     NAcc:  190001     fAcc:  0.500      Maxd:  4.21254    E*/N:  -2.17361   P*:     nan        P*cold: nan        Mu*_xs: -0.00000   Cv*/N_xs:  0.00000         E(kJ/mol): -2.168     P(bar):    0.073     
Step:  399999     NAcc:  200000     fAcc:  0.500      Maxd:  0.37057    E*/N:  -2.26528   P*:     nan        P*cold: nan        Mu*_xs: -0.00000   Cv*/N_xs:  0.00000         E(kJ/mol): -2.259     P(bar):    0.148     
Step:  419999     NAcc:  210000     fAcc:  0.500      Maxd:  0.40301    E*/N:  -2.31192   P*:     nan        P*cold: nan        Mu*_xs: -0.00000   Cv*/N_xs:  0.00000         E(kJ/mol): -2.306     P(bar):    0.036     
Step:  439999     NAcc:  219999     fAcc:  0.500      Maxd:  0.54172    E*/N:  -2.30541   P*:     nan        P*cold: nan        Mu*_xs: -0.00000   Cv*/N_xs:  0.00000         E(kJ/mol): -2.299     P(bar):    0.009     
Step:  459999     NAcc:  230000     fAcc:  0.500      Maxd:  0.36598    E*/N:  -2.26542   P*:     nan        P*cold: nan        Mu*_xs: -0.00000   Cv*/N_xs:  0.00000         E(kJ/mol): -2.259     P(bar):    0.108     
Step:  479999     NAcc:  240001     fAcc:  0.500      Maxd:  3.21694    E*/N:  -2.23687   P*:     nan        P*cold: nan        Mu*_xs: -0.00000   Cv*/N_xs:  0.00000         E(kJ/mol): -2.231     P(bar):    0.041     
Step:  499999     NAcc:  250000     fAcc:  0.500      Maxd:  1.39058    E*/N:  -2.16665   P*:     nan        P*cold: nan        Mu*_xs: -0.00000   Cv*/N_xs:  0.00000         E(kJ/mol): -2.161     P(bar):    0.087     
Step:  519999     NAcc:  259999     fAcc:  0.500      Maxd:  0.33934    E*/N:  -2.22925   P*:     nan        P*cold: nan        Mu*_xs: -0.00000   Cv*/N_xs:  0.00000         E(kJ/mol): -2.223     P(bar):    0.091     
Step:  539999     NAcc:  270002     fAcc:  0.500      Maxd:  1.10196    E*/N:  -2.18628   P*:     nan        P*cold: nan        Mu*_xs: -0.00000   Cv*/N_xs:  0.00000         E(kJ/mol): -2.181     P(bar):    0.082     
Step:  559999     NAcc:  279998     fAcc:  0.500      Maxd:  0.38299    E*/N:  -2.15482   P*:     nan        P*cold: nan        Mu*_xs: -0.00000   Cv*/N_xs:  0.00000         E(kJ/mol): -2.149     P(bar):    0.103     
Step:  579999     NAcc:  290000     fAcc:  0.500      Maxd:  0.36255    E*/N:  -2.28137   P*:     nan        P*cold: nan        Mu*_xs: -0.00000   Cv*/N_xs:  0.00000         E(kJ/mol): -2.275     P(bar):    0.070     
Step:  599999     NAcc:  300002     fAcc:  0.500      Maxd:  3.11033    E*/N:  -2.21736   P*:     nan        P*cold: nan        Mu*_xs: -0.00000   Cv*/N_xs:  0.00000         E(kJ/mol): -2.212     P(bar):    0.162     
Step:  619999     NAcc:  310001     fAcc:  0.500      Maxd:  1.48318    E*/N:  -2.38307   P*:     nan        P*cold: nan        Mu*_xs: -0.00000   Cv*/N_xs:  0.00000         E(kJ/mol): -2.377     P(bar):    0.022     
Step:  639999     NAcc:  319999     fAcc:  0.500      Maxd:  0.54755    E*/N:  -2.26435   P*:     nan        P*cold: nan        Mu*_xs: -0.00000   Cv*/N_xs:  0.00000         E(kJ/mol): -2.258     P(bar):    0.110     
Step:  659999     NAcc:  330001     fAcc:  0.500      Maxd:  0.67848    E*/N:  -2.31857   P*:     nan        P*cold: nan        Mu*_xs: -0.00000   Cv*/N_xs:  0.00000         E(kJ/mol): -2.312     P(bar):    0.007     
Step:  679999     NAcc:  339996     fAcc:  0.500      Maxd:  1.55088    E*/N:  -2.22661   P*:     nan        P*cold: nan        Mu*_xs: -0.00000   Cv*/N_xs:  0.00000         E(kJ/mol): -2.221     P(bar):    0.066     
Step:  699999     NAcc:  350000     fAcc:  0.500      Maxd:  0.92420    E*/N:  -2.32507   P*:     nan        P*cold: nan        Mu*_xs: -0.00000   Cv*/N_xs:  0.00000         E(kJ/mol): -2.319     P(bar):    0.023     
Step:  719999     NAcc:  359999     fAcc:  0.500      Maxd:  0.80167    E*/N:  -2.26146   P*:     nan        P*cold: nan        Mu*_xs: -0.00000   Cv*/N_xs:  0.00000         E(kJ/mol): -2.256     P(bar):    0.088     
Step:  739999     NAcc:  370000     fAcc:  0.500      Maxd:  0.33729    E*/N:  -2.26773   P*:     nan        P*cold: nan        Mu*_xs: -0.00000   Cv*/N_xs:  0.00000         E(kJ/mol): -2.262     P(bar):    0.029     
Step:  759999     NAcc:  379998     fAcc:  0.500      Maxd:  0.39573    E*/N:  -2.27450   P*:     nan        P*cold: nan        Mu*_xs: -0.00000   Cv*/N_xs:  0.00000         E(kJ/mol): -2.269     P(bar):    0.076     
Step:  779999     NAcc:  390000     fAcc:  0.500      Maxd:  0.48256    E*/N:  -2.29860   P*:     nan        P*cold: nan        Mu*_xs: -0.00000   Cv*/N_xs:  0.00000         E(kJ/mol): -2.293     P(bar):    0.056     
Step:  799999     NAcc:  399999     fAcc:  0.500      Maxd:  1.30261    E*/N:  -2.27042   P*:     nan        P*cold: nan        Mu*_xs: -0.00000   Cv*/N_xs:  0.00000         E(kJ/mol): -2.264     P(bar):    0.100     
Step:  819999     NAcc:  410001     fAcc:  0.500      Maxd:  5.75465    E*/N:  -2.26641   P*:     nan        P*cold: nan        Mu*_xs: -0.00000   Cv*/N_xs:  0.00000         E(kJ/mol): -2.260     P(bar):    0.115     
Step:  839999     NAcc:  420003     fAcc:  0.500      Maxd:  1.00496    E*/N:  -2.28310   P*:     nan        P*cold: nan        Mu*_xs: -0.00000   Cv*/N_xs:  0.00000         E(kJ/mol): -2.277     P(bar):    0.071     
Step:  859999     NAcc:  430002     fAcc:  0.500      Maxd:  3.30791    E*/N:  -2.23731   P*:     nan        P*cold: nan        Mu*_xs: -0.00000   Cv*/N_xs:  0.00000         E(kJ/mol): -2.231     P(bar):    0.139     
Step:  879999     NAcc:  440002     fAcc:  0.500      Maxd:  1.70774    E*/N:  -2.40128   P*:     nan        P*cold: nan        Mu*_xs: -0.00000   Cv*/N_xs:  0.00000         E(kJ/mol): -2.395     P(bar):    0.126     
Step:  899999     NAcc:  449997     fAcc:  0.500      Maxd:  0.50348    E*/N:  -2.48705   P*:     nan        P*cold: nan        Mu*_xs: -0.00000   Cv*/N_xs:  0.00000         E(kJ/mol): -2.481     P(bar):    0.039     
Step:  919999     NAcc:  460000     fAcc:  0.500      Maxd:  0.36723    E*/N:  -2.41571   P*:     nan        P*cold: nan        Mu*_xs: -0.00000   Cv*/N_xs:  0.00000         E(kJ/mol): -2.409     P(bar):    -0.003    
Step:  939999     NAcc:  470001     fAcc:  0.500      Maxd:  0.49948    E*/N:  -2.34645   P*:     nan        P*cold: nan        Mu*_xs: -0.00000   Cv*/N_xs:  0.00000         E(kJ/mol): -2.340     P(bar):    0.081     
Step:  959999     NAcc:  479998     fAcc:  0.500      Maxd:  2.36686    E*/N:  -2.22864   P*:     nan        P*cold: nan        Mu*_xs: -0.00000   Cv*/N_xs:  0.00000         E(kJ/mol): -2.223     P(bar):    0.200     
Step:  979999     NAcc:  490003     fAcc:  0.500      Maxd:  1.15034    E*/N:  -2.30453   P*:     nan        P*cold: nan        Mu*_xs: -0.00000   Cv*/N_xs:  0.00000         E(kJ/mol): -2.298     P(bar):    0.031     
Step:  999999     NAcc:  500001     fAcc:  0.500      Maxd:  2.44344    E*/N:  -2.35494   P*:     nan        P*cold: nan        Mu*_xs: -0.00000   Cv*/N_xs:  0.00000         E(kJ/mol): -2.349     P(bar):    0.038     
Step:  1019999    NAcc:  509998     fAcc:  0.500      Maxd:  0.41211    E*/N:  -2.38008   P*:     nan        P*cold: nan        Mu*_xs: -0.00000   Cv*/N_xs:  0.00000         E(kJ/mol): -2.374     P(bar):    0.114     
Step:  1039999    NAcc:  520000     fAcc:  0.500      Maxd:  2.16675    E*/N:  -2.38490   P*:     nan        P*cold: nan        Mu*_xs: -0.00000   Cv*/N_xs:  0.00000         E(kJ/mol): -2.379     P(bar):    0.085     
Step:  1059999    NAcc:  530001     fAcc:  0.500      Maxd:  1.16784    E*/N:  -2.31647   P*:     nan        P*cold: nan        Mu*_xs: -0.00000   Cv*/N_xs:  0.00000         E(kJ/mol): -2.310     P(bar):    0.111     
Step:  1079999    NAcc:  540000     fAcc:  0.500      Maxd:  0.39219    E*/N:  -2.36471   P*:     nan        P*cold: nan        Mu*_xs: -0.00000   Cv*/N_xs:  0.00000         E(kJ/mol): -2.359     P(bar):    0.106     
Step:  1099999    NAcc:  550002     fAcc:  0.500      Maxd:  1.48716    E*/N:  -2.36877   P*:     nan        P*cold: nan        Mu*_xs: -0.00000   Cv*/N_xs:  0.00000         E(kJ/mol): -2.363     P(bar):    0.061     
Step:  1119999    NAcc:  560000     fAcc:  0.500      Maxd:  0.65209    E*/N:  -2.44855   P*:     nan        P*cold: nan        Mu*_xs: -0.00000   Cv*/N_xs:  0.00000         E(kJ/mol): -2.442     P(bar):    0.116     
Step:  1139999    NAcc:  569997     fAcc:  0.500      Maxd:  0.38782    E*/N:  -2.44958   P*:     nan        P*cold: nan        Mu*_xs: -0.00000   Cv*/N_xs:  0.00000         E(kJ/mol): -2.443     P(bar):    -0.021    
Step:  1159999    NAcc:  580000     fAcc:  0.500      Maxd:  0.64497    E*/N:  -2.31819   P*:     nan        P*cold: nan        Mu*_xs: -0.00000   Cv*/N_xs:  0.00000         E(kJ/mol): -2.312     P(bar):    0.234     
Step:  1179999    NAcc:  590001     fAcc:  0.500      Maxd:  0.47672    E*/N:  -2.25317   P*:     nan        P*cold: nan        Mu*_xs: -0.00000   Cv*/N_xs:  0.00000         E(kJ/mol): -2.247     P(bar):    0.043     
Step:  1199999    NAcc:  599999     fAcc:  0.500      Maxd:  0.73048    E*/N:  -2.28348   P*:     nan        P*cold: nan        Mu*_xs: -0.00000   Cv*/N_xs:  0.00000         E(kJ/mol): -2.278     P(bar):    0.035     
Step:  1219999    NAcc:  610002     fAcc:  0.500      Maxd:  0.68000    E*/N:  -2.25264   P*:     nan        P*cold: nan        Mu*_xs: -0.00000   Cv*/N_xs:  0.00000         E(kJ/mol): -2.247     P(bar):    0.077     
Step:  1239999    NAcc:  619999     fAcc:  0.500      Maxd:  1.66353    E*/N:  -2.26230   P*:     nan        P*cold: nan        Mu*_xs: -0.00000   Cv*/N_xs:  0.00000         E(kJ/mol): -2.256     P(bar):    0.058     
Step:  1259999    NAcc:  630000     fAcc:  0.500      Maxd:  0.93140    E*/N:  -2.26585   P*:     nan        P*cold: nan        Mu*_xs: -0.00000   Cv*/N_xs:  0.00000         E(kJ/mol): -2.260     P(bar):    0.133     
Step:  1279999    NAcc:  639998     fAcc:  0.500      Maxd:  1.64865    E*/N:  -2.29979   P*:     nan        P*cold: nan        Mu*_xs: -0.00000   Cv*/N_xs:  0.00000         E(kJ/mol): -2.294     P(bar):    0.158     
Step:  1299999    NAcc:  650000     fAcc:  0.500      Maxd:  0.37498    E*/N:  -2.26902   P*:     nan        P*cold: nan        Mu*_xs: -0.00000   Cv*/N_xs:  0.00000         E(kJ/mol): -2.263     P(bar):    0.054     
Step:  1319999    NAcc:  659999     fAcc:  0.500      Maxd:  1.29216    E*/N:  -2.34828   P*:     nan        P*cold: nan        Mu*_xs: -0.00000   Cv*/N_xs:  0.00000         E(kJ/mol): -2.342     P(bar):    0.047     
Step:  1339999    NAcc:  670002     fAcc:  0.500      Maxd:  0.82679    E*/N:  -2.33135   P*:     nan        P*cold: nan        Mu*_xs: -0.00000   Cv*/N_xs:  0.00000         E(kJ/mol): -2.325     P(bar):    0.061     
Step:  1359999    NAcc:  680000     fAcc:  0.500      Maxd:  0.54653    E*/N:  -2.25791   P*:     nan        P*cold: nan        Mu*_xs: -0.00000   Cv*/N_xs:  0.00000         E(kJ/mol): -2.252     P(bar):    0.112     
Step:  1379999    NAcc:  690000     fAcc:  0.500      Maxd:  0.39102    E*/N:  -2.34371   P*:     nan        P*cold: nan        Mu*_xs: -0.00000   Cv*/N_xs:  0.00000         E(kJ/mol): -2.338     P(bar):    -0.005    
Step:  1399999    NAcc:  699998     fAcc:  0.500      Maxd:  0.38878    E*/N:  -2.32376   P*:     nan        P*cold: nan        Mu*_xs: -0.00000   Cv*/N_xs:  0.00000         E(kJ/mol): -2.318     P(bar):    0.075     
Step:  1419999    NAcc:  709999     fAcc:  0.500      Maxd:  0.81045    E*/N:  -2.26579   P*:     nan        P*cold: nan        Mu*_xs: -0.00000   Cv*/N_xs:  0.00000         E(kJ/mol): -2.260     P(bar):    0.123     
Step:  1439999    NAcc:  720002     fAcc:  0.500      Maxd:  1.52304    E*/N:  -2.29028   P*:     nan        P*cold: nan        Mu*_xs: -0.00000   Cv*/N_xs:  0.00000         E(kJ/mol): -2.284     P(bar):    0.072     
Step:  1459999    NAcc:  730001     fAcc:  0.500      Maxd:  0.82522    E*/N:  -2.25236   P*:     nan        P*cold: nan        Mu*_xs: -0.00000   Cv*/N_xs:  0.00000         E(kJ/mol): -2.246     P(bar):    0.188     
Step:  1479999    NAcc:  740001     fAcc:  0.500      Maxd:  10.41646   E*/N:  -2.19427   P*:     nan        P*cold: nan        Mu*_xs: -0.00000   Cv*/N_xs:  0.00000         E(kJ/mol): -2.189     P(bar):    0.083     
Step:  1499999    NAcc:  749999     fAcc:  0.500      Maxd:  2.56365    E*/N:  -2.16428   P*:     nan        P*cold: nan        Mu*_xs: -0.00000   Cv*/N_xs:  0.00000         E(kJ/mol): -2.159     P(bar):    0.051     
Step:  1519999    NAcc:  760002     fAcc:  0.500      Maxd:  2.93568    E*/N:  -2.17642   P*:     nan        P*cold: nan        Mu*_xs: -0.00000   Cv*/N_xs:  0.00000         E(kJ/mol): -2.171     P(bar):    0.106     
Step:  1539999    NAcc:  769996     fAcc:  0.500      Maxd:  0.35602    E*/N:  -2.13220   P*:     nan        P*cold: nan        Mu*_xs: -0.00000   Cv*/N_xs:  0.00000         E(kJ/mol): -2.127     P(bar):    0.067     
Step:  1559999    NAcc:  779999     fAcc:  0.500      Maxd:  0.39334    E*/N:  -2.23901   P*:     nan        P*cold: nan        Mu*_xs: -0.00000   Cv*/N_xs:  0.00000         E(kJ/mol): -2.233     P(bar):    0.085     
Step:  1579999    NAcc:  790003     fAcc:  0.500      Maxd:  0.96515    E*/N:  -2.24682   P*:     nan        P*cold: nan        Mu*_xs: -0.00000   Cv*/N_xs:  0.00000         E(kJ/mol): -2.241     P(bar):    0.142     
Step:  1599999    NAcc:  800000     fAcc:  0.500      Maxd:  1.57801    E*/N:  -2.29308   P*:     nan        P*cold: nan        Mu*_xs: -0.00000   Cv*/N_xs:  0.00000         E(kJ/mol): -2.287     P(bar):    0.019     
Step:  1619999    NAcc:  810002     fAcc:  0.500      Maxd:  5.90034    E*/N:  -2.23313   P*:     nan        P*cold: nan        Mu*_xs: -0.00000   Cv*/N_xs:  0.00000         E(kJ/mol): -2.227     P(bar):    0.054     
Step:  1639999    NAcc:  820001     fAcc:  0.500      Maxd:  1.10913    E*/N:  -2.29254   P*:     nan        P*cold: nan        Mu*_xs: -0.00000   Cv*/N_xs:  0.00000         E(kJ/mol): -2.287     P(bar):    0.053     
Step:  1659999    NAcc:  830001     fAcc:  0.500      Maxd:  1.55807    E*/N:  -2.35016   P*:     nan        P*cold: nan        Mu*_xs: -0.00000   Cv*/N_xs:  0.00000         E(kJ/mol): -2.344     P(bar):    0.093     
Step:  1679999    NAcc:  840000     fAcc:  0.500      Maxd:  0.98083    E*/N:  -2.31136   P*:     nan        P*cold: nan        Mu*_xs: -0.00000   Cv*/N_xs:  0.00000         E(kJ/mol): -2.305     P(bar):    0.114     
Step:  1699999    NAcc:  849999     fAcc:  0.500      Maxd:  1.29033    E*/N:  -2.24879   P*:     nan        P*cold: nan        Mu*_xs: -0.00000   Cv*/N_xs:  0.00000         E(kJ/mol): -2.243     P(bar):    0.087     
Step:  1719999    NAcc:  860000     fAcc:  0.500      Maxd:  3.23584    E*/N:  -2.30606   P*:     nan        P*cold: nan        Mu*_xs: -0.00000   Cv*/N_xs:  0.00000         E(kJ/mol): -2.300     P(bar):    0.056     
Step:  1739999    NAcc:  869998     fAcc:  0.500      Maxd:  2.22810    E*/N:  -2.25718   P*:     nan        P*cold: nan        Mu*_xs: -0.00000   Cv*/N_xs:  0.00000         E(kJ/mol): -2.251     P(bar):    0.106     
Step:  1759999    NAcc:  880002     fAcc:  0.500      Maxd:  3.12916    E*/N:  -2.18398   P*:     nan        P*cold: nan        Mu*_xs: -0.00000   Cv*/N_xs:  0.00000         E(kJ/mol): -2.178     P(bar):    0.092     
Step:  1779999    NAcc:  889999     fAcc:  0.500      Maxd:  1.52847    E*/N:  -2.27911   P*:     nan        P*cold: nan        Mu*_xs: -0.00000   Cv*/N_xs:  0.00000         E(kJ/mol): -2.273     P(bar):    0.098     
Step:  1799999    NAcc:  899998     fAcc:  0.500      Maxd:  0.47938    E*/N:  -2.26445   P*:     nan        P*cold: nan        Mu*_xs: -0.00000   Cv*/N_xs:  0.00000         E(kJ/mol): -2.259     P(bar):    0.147     
Step:  1819999    NAcc:  909999     fAcc:  0.500      Maxd:  1.08731    E*/N:  -2.28637   P*:     nan        P*cold: nan        Mu*_xs: -0.00000   Cv*/N_xs:  0.00000         E(kJ/mol): -2.280     P(bar):    0.087     
Step:  1839999    NAcc:  920004     fAcc:  0.500      Maxd:  2.03211    E*/N:  -2.34340   P*:     nan        P*cold: nan        Mu*_xs: -0.00000   Cv*/N_xs:  0.00000         E(kJ/mol): -2.337     P(bar):    0.020     
Step:  1859999    NAcc:  930001     fAcc:  0.500      Maxd:  1.36875    E*/N:  -2.39704   P*:     nan        P*cold: nan        Mu*_xs: -0.00000   Cv*/N_xs:  0.00000         E(kJ/mol): -2.391     P(bar):    0.053     
Step:  1879999    NAcc:  940001     fAcc:  0.500      Maxd:  1.97152    E*/N:  -2.38329   P*:     nan        P*cold: nan        Mu*_xs: -0.00000   Cv*/N_xs:  0.00000         E(kJ/mol): -2.377     P(bar):    0.063     
Step:  1899999    NAcc:  949999     fAcc:  0.500      Maxd:  2.48304    E*/N:  -2.32785   P*:     nan        P*cold: nan        Mu*_xs: -0.00000   Cv*/N_xs:  0.00000         E(kJ/mol): -2.322     P(bar):    0.001     
Step:  1919999    NAcc:  960001     fAcc:  0.500      Maxd:  6.39757    E*/N:  -2.16584   P*:     nan        P*cold: nan        Mu*_xs: -0.00000   Cv*/N_xs:  0.00000         E(kJ/mol): -2.160     P(bar):    0.125     
Step:  1939999    NAcc:  969998     fAcc:  0.500      Maxd:  3.72842    E*/N:  -2.19999   P*:     nan        P*cold: nan        Mu*_xs: -0.00000   Cv*/N_xs:  0.00000         E(kJ/mol): -2.194     P(bar):    0.074     
Step:  1959999    NAcc:  979999     fAcc:  0.500      Maxd:  0.37576    E*/N:  -2.23285   P*:     nan        P*cold: nan        Mu*_xs: -0.00000   Cv*/N_xs:  0.00000         E(kJ/mol): -2.227     P(bar):    0.135     
Step:  1979999    NAcc:  989998     fAcc:  0.500      Maxd:  1.11868    E*/N:  -2.34282   P*:     nan        P*cold: nan        Mu*_xs: -0.00000   Cv*/N_xs:  0.00000         E(kJ/mol): -2.337     P(bar):    0.075     
Step:  1999999    NAcc:  1000001    fAcc:  0.500      Maxd:  2.78996    E*/N:  -2.35737   P*:     nan        P*cold: nan        Mu*_xs: -0.00000   Cv*/N_xs:  0.00000         E(kJ/mol): -2.351     P(bar):    0.070     
Step:  2019999    NAcc:  1010001    fAcc:  0.500      Maxd:  0.50905    E*/N:  -2.31434   P*:     0.11437    P*cold: -0.24563   Mu*_xs: -2.12218   Cv*/N_xs:  0.22700         E(kJ/mol): -2.308     P(bar):    0.093     
Step:  2039999    NAcc:  1020002    fAcc:  0.500      Maxd:  0.74080    E*/N:  -2.36724   P*:     0.10539    P*cold: -0.25461   Mu*_xs: -2.11009   Cv*/N_xs:  0.40674         E(kJ/mol): -2.361     P(bar):    0.063     
Step:  2059999    NAcc:  1030000    fAcc:  0.500      Maxd:  1.94049    E*/N:  -2.28836   P*:     0.10018    P*cold: -0.25982   Mu*_xs: -2.12790   Cv*/N_xs:  0.34395         E(kJ/mol): -2.282     P(bar):    0.080     
Step:  2079999    NAcc:  1040003    fAcc:  0.500      Maxd:  1.20125    E*/N:  -2.34651   P*:     0.09086    P*cold: -0.26914   Mu*_xs: -2.11827   Cv*/N_xs:  0.30715         E(kJ/mol): -2.340     P(bar):    0.079     
Step:  2099999    NAcc:  1049997    fAcc:  0.500      Maxd:  0.95025    E*/N:  -2.33703   P*:     0.08430    P*cold: -0.27570   Mu*_xs: -2.11295   Cv*/N_xs:  0.49866         E(kJ/mol): -2.331     P(bar):    0.064     
Step:  2119999    NAcc:  1059999    fAcc:  0.500      Maxd:  0.49713    E*/N:  -2.31145   P*:     0.08575    P*cold: -0.27425   Mu*_xs: -2.10052   Cv*/N_xs:  0.48295         E(kJ/mol): -2.305     P(bar):    0.103     
Step:  2139999    NAcc:  1069999    fAcc:  0.500      Maxd:  0.32428    E*/N:  -2.32396   P*:     0.09238    P*cold: -0.26762   Mu*_xs: -2.09946   Cv*/N_xs:  0.47364         E(kJ/mol): -2.318     P(bar):    0.035     
Step:  2159999    NAcc:  1079998    fAcc:  0.500      Maxd:  0.40404    E*/N:  -2.32329   P*:     0.09048    P*cold: -0.26952   Mu*_xs: -2.09669   Cv*/N_xs:  0.52531         E(kJ/mol): -2.317     P(bar):    0.053     
Step:  2179999    NAcc:  1090000    fAcc:  0.500      Maxd:  0.39732    E*/N:  -2.32098   P*:     0.09274    P*cold: -0.26726   Mu*_xs: -2.09486   Cv*/N_xs:  0.56867         E(kJ/mol): -2.315     P(bar):    0.036     
Step:  2199999    NAcc:  1100000    fAcc:  0.500      Maxd:  0.35910    E*/N:  -2.31496   P*:     0.09595    P*cold: -0.26405   Mu*_xs: -2.09597   Cv*/N_xs:  0.64490         E(kJ/mol): -2.309     P(bar):    0.093     
Step:  2219999    NAcc:  1109999    fAcc:  0.500      Maxd:  4.10067    E*/N:  -2.35923   P*:     0.09495    P*cold: -0.26505   Mu*_xs: -2.09028   Cv*/N_xs:  0.63370         E(kJ/mol): -2.353     P(bar):    0.010     
Step:  2239999    NAcc:  1120001    fAcc:  0.500      Maxd:  2.02572    E*/N:  -2.37589   P*:     0.09539    P*cold: -0.26461   Mu*_xs: -2.08620   Cv*/N_xs:  0.64843         E(kJ/mol): -2.370     P(bar):    0.114     
Step:  2259999    NAcc:  1130000    fAcc:  0.500      Maxd:  1.25087    E*/N:  -2.31659   P*:     0.09402    P*cold: -0.26598   Mu*_xs: -2.08430   Cv*/N_xs:  0.68532         E(kJ/mol): -2.311     P(bar):    0.100     
Step:  2279999    NAcc:  1139998    fAcc:  0.500      Maxd:  0.53653    E*/N:  -2.43069   P*:     0.09419    P*cold: -0.26581   Mu*_xs: -2.08569   Cv*/N_xs:  0.70139         E(kJ/mol): -2.424     P(bar):    0.064     
Step:  2299999    NAcc:  1149997    fAcc:  0.500      Maxd:  0.69670    E*/N:  -2.30985   P*:     0.09589    P*cold: -0.26411   Mu*_xs: -2.08691   Cv*/N_xs:  0.74135         E(kJ/mol): -2.304     P(bar):    0.109     
Step:  2319999    NAcc:  1160000    fAcc:  0.500      Maxd:  1.07695    E*/N:  -2.38044   P*:     0.09735    P*cold: -0.26265   Mu*_xs: -2.08655   Cv*/N_xs:  0.73575         E(kJ/mol): -2.374     P(bar):    0.066     
Step:  2339999    NAcc:  1170002    fAcc:  0.500      Maxd:  1.09409    E*/N:  -2.31971   P*:     0.09657    P*cold: -0.26343   Mu*_xs: -2.08356   Cv*/N_xs:  0.72031         E(kJ/mol): -2.314     P(bar):    0.152     
Step:  2359999    NAcc:  1180000    fAcc:  0.500      Maxd:  0.39520    E*/N:  -2.29711   P*:     0.09760    P*cold: -0.26240   Mu*_xs: -2.08265   Cv*/N_xs:  0.72089         E(kJ/mol): -2.291     P(bar):    0.087     
Step:  2379999    NAcc:  1189998    fAcc:  0.500      Maxd:  0.75678    E*/N:  -2.26667   P*:     0.09659    P*cold: -0.26341   Mu*_xs: -2.08739   Cv*/N_xs:  0.79975         E(kJ/mol): -2.261     P(bar):    0.061     
Step:  2399999    NAcc:  1200000    fAcc:  0.500      Maxd:  1.37628    E*/N:  -2.29404   P*:     0.09438    P*cold: -0.26562   Mu*_xs: -2.09091   Cv*/N_xs:  0.82942         E(kJ/mol): -2.288     P(bar):    0.021     
Step:  2419999    NAcc:  1209999    fAcc:  0.500      Maxd:  0.57890    E*/N:  -2.28336   P*:     0.09286    P*cold: -0.26714   Mu*_xs: -2.09167   Cv*/N_xs:  0.85687         E(kJ/mol): -2.277     P(bar):    0.117     
Step:  2439999    NAcc:  1219996    fAcc:  0.500      Maxd:  0.81566    E*/N:  -2.21839   P*:     0.09326    P*cold: -0.26674   Mu*_xs: -2.09313   Cv*/N_xs:  0.88161         E(kJ/mol): -2.213     P(bar):    0.086     
Step:  2459999    NAcc:  1230001    fAcc:  0.500      Maxd:  0.52177    E*/N:  -2.25402   P*:     0.09402    P*cold: -0.26598   Mu*_xs: -2.09398   Cv*/N_xs:  0.94975         E(kJ/mol): -2.248     P(bar):    0.046     
Step:  2479999    NAcc:  1240000    fAcc:  0.500      Maxd:  0.68060    E*/N:  -2.30337   P*:     0.09395    P*cold: -0.26605   Mu*_xs: -2.09593   Cv*/N_xs:  1.01728         E(kJ/mol): -2.297     P(bar):    0.025     
Step:  2499999    NAcc:  1250001    fAcc:  0.500      Maxd:  0.52114    E*/N:  -2.33256   P*:     0.09379    P*cold: -0.26621   Mu*_xs: -2.09461   Cv*/N_xs:  0.99261         E(kJ/mol): -2.326     P(bar):    0.101     
Step:  2519999    NAcc:  1260001    fAcc:  0.500      Maxd:  0.68954    E*/N:  -2.24541   P*:     0.09469    P*cold: -0.26531   Mu*_xs: -2.09647   Cv*/N_xs:  0.97380         E(kJ/mol): -2.240     P(bar):    0.107     
Step:  2539999    NAcc:  1270000    fAcc:  0.500      Maxd:  0.32692    E*/N:  -2.24266   P*:     0.09411    P*cold: -0.26589   Mu*_xs: -2.09751   Cv*/N_xs:  1.03223         E(kJ/mol): -2.237     P(bar):    0.107     
Step:  2559999    NAcc:  1280000    fAcc:  0.500      Maxd:  0.68133    E*/N:  -2.25576   P*:     0.09383    P*cold: -0.26617   Mu*_xs: -2.10007   Cv*/N_xs:  1.11985         E(kJ/mol): -2.250     P(bar):    0.061     
Step:  2579999    NAcc:  1289999    fAcc:  0.500      Maxd:  0.86068    E*/N:  -2.26320   P*:     0.09440    P*cold: -0.26560   Mu*_xs: -2.09989   Cv*/N_xs:  1.09195         E(kJ/mol): -2.257     P(bar):    0.204     
Step:  2599999    NAcc:  1299999    fAcc:  0.500      Maxd:  0.46797    E*/N:  -2.23638   P*:     0.09576    P*cold: -0.26424   Mu*_xs: -2.09907   Cv*/N_xs:  1.09662         E(kJ/mol): -2.231     P(bar):    0.091     
Step:  2619999    NAcc:  1310000    fAcc:  0.500      Maxd:  0.65378    E*/N:  -2.34592   P*:     0.09647    P*cold: -0.26353   Mu*_xs: -2.09689   Cv*/N_xs:  1.07978         E(kJ/mol): -2.340     P(bar):    0.173     
Step:  2639999    NAcc:  1320001    fAcc:  0.500      Maxd:  0.51433    E*/N:  -2.22177   P*:     0.09581    P*cold: -0.26419   Mu*_xs: -2.09539   Cv*/N_xs:  1.06768         E(kJ/mol): -2.216     P(bar):    0.112     
Step:  2659999    NAcc:  1330001    fAcc:  0.500      Maxd:  0.80325    E*/N:  -2.17103   P*:     0.09527    P*cold: -0.26473   Mu*_xs: -2.09774   Cv*/N_xs:  1.13746         E(kJ/mol): -2.165     P(bar):    0.115     
Step:  2679999    NAcc:  1340001    fAcc:  0.500      Maxd:  0.68912    E*/N:  -2.17665   P*:     0.09429    P*cold: -0.26571   Mu*_xs: -2.09786   Cv*/N_xs:  1.33557         E(kJ/mol): -2.171     P(bar):    0.082     
Step:  2699999    NAcc:  1350002    fAcc:  0.500      Maxd:  1.07032    E*/N:  -2.21521   P*:     0.09575    P*cold: -0.26425   Mu*_xs: -2.09808   Cv*/N_xs:  1.51609         E(kJ/mol): -2.209     P(bar):    0.131     
Step:  2719999    NAcc:  1360000    fAcc:  0.500      Maxd:  2.36167    E*/N:  -2.17175   P*:     0.09492    P*cold: -0.26508   Mu*_xs: -2.09716   Cv*/N_xs:  1.52993         E(kJ/mol): -2.166     P(bar):    0.105     
Step:  2739999    NAcc:  1370001    fAcc:  0.500      Maxd:  0.68212    E*/N:  -2.21543   P*:     0.09434    P*cold: -0.26566   Mu*_xs: -2.09731   Cv*/N_xs:  1.58445         E(kJ/mol): -2.210     P(bar):    0.031     
Step:  2759999    NAcc:  1380000    fAcc:  0.500      Maxd:  0.34335    E*/N:  -2.25041   P*:     0.09470    P*cold: -0.26530   Mu*_xs: -2.09757   Cv*/N_xs:  1.63402         E(kJ/mol): -2.245     P(bar):    0.079     
Step:  2779999    NAcc:  1390001    fAcc:  0.500      Maxd:  13.55500   E*/N:  -2.26644   P*:     0.09427    P*cold: -0.26573   Mu*_xs: -2.09703   Cv*/N_xs:  1.62497         E(kJ/mol): -2.260     P(bar):    0.063     
Step:  2799999    NAcc:  1399999    fAcc:  0.500      Maxd:  0.38116    E*/N:  -2.22695   P*:     0.09351    P*cold: -0.26649   Mu*_xs: -2.09709   Cv*/N_xs:  1.59240         E(kJ/mol): -2.221     P(bar):    0.104     
Step:  2819999    NAcc:  1410002    fAcc:  0.500      Maxd:  1.66045    E*/N:  -2.22998   P*:     0.09256    P*cold: -0.26744   Mu*_xs: -2.09755   Cv*/N_xs:  1.57426         E(kJ/mol): -2.224     P(bar):    0.114     
Step:  2839999    NAcc:  1420000    fAcc:  0.500      Maxd:  0.38899    E*/N:  -2.17850   P*:     0.09257    P*cold: -0.26743   Mu*_xs: -2.09739   Cv*/N_xs:  1.63169         E(kJ/mol): -2.173     P(bar):    0.078     
Step:  2859999    NAcc:  1430002    fAcc:  0.500      Maxd:  4.66200    E*/N:  -2.16009   P*:     0.09314    P*cold: -0.26686   Mu*_xs: -2.09815   Cv*/N_xs:  1.68905         E(kJ/mol): -2.154     P(bar):    0.142     
Step:  2879999    NAcc:  1439999    fAcc:  0.500      Maxd:  0.87592    E*/N:  -2.23492   P*:     0.09301    P*cold: -0.26699   Mu*_xs: -2.09925   Cv*/N_xs:  1.73171         E(kJ/mol): -2.229     P(bar):    0.097     
Step:  2899999    NAcc:  1449999    fAcc:  0.500      Maxd:  2.68588    E*/N:  -2.28613   P*:     0.09298    P*cold: -0.26702   Mu*_xs: -2.09894   Cv*/N_xs:  1.72966         E(kJ/mol): -2.280     P(bar):    0.068     
Step:  2919999    NAcc:  1460001    fAcc:  0.500      Maxd:  0.72304    E*/N:  -2.25011   P*:     0.09277    P*cold: -0.26723   Mu*_xs: -2.09954   Cv*/N_xs:  1.69904         E(kJ/mol): -2.244     P(bar):    0.077     
Step:  2939999    NAcc:  1470001    fAcc:  0.500      Maxd:  6.33956    E*/N:  -2.36703   P*:     0.09327    P*cold: -0.26673   Mu*_xs: -2.09917   Cv*/N_xs:  1.68701         E(kJ/mol): -2.361     P(bar):    0.099     
Step:  2959999    NAcc:  1479998    fAcc:  0.500      Maxd:  1.06629    E*/N:  -2.34154   P*:     0.09347    P*cold: -0.26653   Mu*_xs: -2.09834   Cv*/N_xs:  1.72902         E(kJ/mol): -2.335     P(bar):    0.183     
Step:  2979999    NAcc:  1490000    fAcc:  0.500      Maxd:  1.86253    E*/N:  -2.37434   P*:     0.09441    P*cold: -0.26559   Mu*_xs: -2.09713   Cv*/N_xs:  1.73566         E(kJ/mol): -2.368     P(bar):    0.050     
Step:  2999999    NAcc:  1500001    fAcc:  0.500      Maxd:  3.19201    E*/N:  -2.37098   P*:     0.09410    P*cold: -0.26590   Mu*_xs: -2.09734   Cv*/N_xs:  1.72412         E(kJ/mol): -2.365     P(bar):    0.070     
Step:  3019999    NAcc:  1509999    fAcc:  0.500      Maxd:  3.48101    E*/N:  -2.30653   P*:     0.09412    P*cold: -0.26588   Mu*_xs: -2.09881   Cv*/N_xs:  1.70541         E(kJ/mol): -2.300     P(bar):    0.057     
Step:  3039999    NAcc:  1520001    fAcc:  0.500      Maxd:  0.49418    E*/N:  -2.20510   P*:     0.09404    P*cold: -0.26596   Mu*_xs: -2.09958   Cv*/N_xs:  1.69142         E(kJ/mol): -2.199     P(bar):    0.096     
Step:  3059999    NAcc:  1530000    fAcc:  0.500      Maxd:  0.69005    E*/N:  -2.26884   P*:     0.09375    P*cold: -0.26625   Mu*_xs: -2.09957   Cv*/N_xs:  1.66992         E(kJ/mol): -2.263     P(bar):    0.062     
Step:  3079999    NAcc:  1540000    fAcc:  0.500      Maxd:  1.03172    E*/N:  -2.25074   P*:     0.09372    P*cold: -0.26628   Mu*_xs: -2.09843   Cv*/N_xs:  1.64193         E(kJ/mol): -2.245     P(bar):    0.101     
Step:  3099999    NAcc:  1549998    fAcc:  0.500      Maxd:  1.36136    E*/N:  -2.31759   P*:     0.09414    P*cold: -0.26586   Mu*_xs: -2.09715   Cv*/N_xs:  1.62213         E(kJ/mol): -2.312     P(bar):    0.139     
Step:  3119999    NAcc:  1559999    fAcc:  0.500      Maxd:  0.91719    E*/N:  -2.37293   P*:     0.09435    P*cold: -0.26565   Mu*_xs: -2.09735   Cv*/N_xs:  1.62192         E(kJ/mol): -2.367     P(bar):    0.067     
Step:  3139999    NAcc:  1570002    fAcc:  0.500      Maxd:  1.05055    E*/N:  -2.34154   P*:     0.09455    P*cold: -0.26545   Mu*_xs: -2.09639   Cv*/N_xs:  1.63773         E(kJ/mol): -2.335     P(bar):    0.111     
Step:  3159999    NAcc:  1579997    fAcc:  0.500      Maxd:  0.37767    E*/N:  -2.32202   P*:     0.09519    P*cold: -0.26481   Mu*_xs: -2.09561   Cv*/N_xs:  1.62978         E(kJ/mol): -2.316     P(bar):    0.053     
Step:  3179999    NAcc:  1589996    fAcc:  0.500      Maxd:  0.44090    E*/N:  -2.29303   P*:     0.09452    P*cold: -0.26548   Mu*_xs: -2.09477   Cv*/N_xs:  1.63310         E(kJ/mol): -2.287     P(bar):    0.067     
Step:  3199999    NAcc:  1599999    fAcc:  0.500      Maxd:  0.39205    E*/N:  -2.41059   P*:     0.09407    P*cold: -0.26593   Mu*_xs: -2.09570   Cv*/N_xs:  1.62852         E(kJ/mol): -2.404     P(bar):    -0.002    
Step:  3219999    NAcc:  1610000    fAcc:  0.500      Maxd:  0.67527    E*/N:  -2.33394   P*:     0.09331    P*cold: -0.26669   Mu*_xs: -2.09600   Cv*/N_xs:  1.61434         E(kJ/mol): -2.328     P(bar):    0.017     
Step:  3239999    NAcc:  1619996    fAcc:  0.500      Maxd:  0.37912    E*/N:  -2.29640   P*:     0.09355    P*cold: -0.26645   Mu*_xs: -2.09618   Cv*/N_xs:  1.59518         E(kJ/mol): -2.290     P(bar):    0.151     
Step:  3259999    NAcc:  1630000    fAcc:  0.500      Maxd:  0.37413    E*/N:  -2.37127   P*:     0.09345    P*cold: -0.26655   Mu*_xs: -2.09687   Cv*/N_xs:  1.59244         E(kJ/mol): -2.365     P(bar):    0.002     
Step:  3279999    NAcc:  1639998    fAcc:  0.500      Maxd:  0.47642    E*/N:  -2.31878   P*:     0.09373    P*cold: -0.26627   Mu*_xs: -2.09613   Cv*/N_xs:  1.60608         E(kJ/mol): -2.313     P(bar):    0.069     
Step:  3299999    NAcc:  1650000    fAcc:  0.500      Maxd:  0.38527    E*/N:  -2.36274   P*:     0.09373    P*cold: -0.26627   Mu*_xs: -2.09562   Cv*/N_xs:  1.65520         E(kJ/mol): -2.357     P(bar):    0.095     
Step:  3319999    NAcc:  1659999    fAcc:  0.500      Maxd:  0.45841    E*/N:  -2.32864   P*:     0.09374    P*cold: -0.26626   Mu*_xs: -2.09659   Cv*/N_xs:  1.68194         E(kJ/mol): -2.323     P(bar):    0.125     
Step:  3339999    NAcc:  1670001    fAcc:  0.500      Maxd:  2.60673    E*/N:  -2.36699   P*:     0.09357    P*cold: -0.26643   Mu*_xs: -2.09723   Cv*/N_xs:  1.66677         E(kJ/mol): -2.361     P(bar):    0.002     
Step:  3359999    NAcc:  1679998    fAcc:  0.500      Maxd:  0.39556    E*/N:  -2.39990   P*:     0.09431    P*cold: -0.26569   Mu*_xs: -2.09720   Cv*/N_xs:  1.67647         E(kJ/mol): -2.394     P(bar):    0.102     
Step:  3379999    NAcc:  1690000    fAcc:  0.500      Maxd:  0.50547    E*/N:  -2.28436   P*:     0.09479    P*cold: -0.26521   Mu*_xs: -2.09599   Cv*/N_xs:  1.67124         E(kJ/mol): -2.278     P(bar):    0.141     
Step:  3399999    NAcc:  1699997    fAcc:  0.500      Maxd:  1.04240    E*/N:  -2.31596   P*:     0.09496    P*cold: -0.26504   Mu*_xs: -2.09536   Cv*/N_xs:  1.66289         E(kJ/mol): -2.310     P(bar):    0.144     
Step:  3419999    NAcc:  1709999    fAcc:  0.500      Maxd:  1.05688    E*/N:  -2.35582   P*:     0.09527    P*cold: -0.26473   Mu*_xs: -2.09693   Cv*/N_xs:  1.64800         E(kJ/mol): -2.350     P(bar):    0.115     
Step:  3439999    NAcc:  1720001    fAcc:  0.500      Maxd:  0.67862    E*/N:  -2.42975   P*:     0.09596    P*cold: -0.26404   Mu*_xs: -2.09727   Cv*/N_xs:  1.68208         E(kJ/mol): -2.423     P(bar):    0.085     
Step:  3459999    NAcc:  1729998    fAcc:  0.500      Maxd:  0.60192    E*/N:  -2.42989   P*:     0.09622    P*cold: -0.26378   Mu*_xs: -2.09732   Cv*/N_xs:  1.74008         E(kJ/mol): -2.424     P(bar):    0.081     
Step:  3479999    NAcc:  1740000    fAcc:  0.500      Maxd:  0.77731    E*/N:  -2.41411   P*:     0.09664    P*cold: -0.26336   Mu*_xs: -2.09930   Cv*/N_xs:  1.78050         E(kJ/mol): -2.408     P(bar):    0.113     
Step:  3499999    NAcc:  1749999    fAcc:  0.500      Maxd:  1.22067    E*/N:  -2.33385   P*:     0.09625    P*cold: -0.26375   Mu*_xs: -2.09870   Cv*/N_xs:  1.80742         E(kJ/mol): -2.328     P(bar):    0.064     
Step:  3519999    NAcc:  1760000    fAcc:  0.500      Maxd:  0.43631    E*/N:  -2.32912   P*:     0.09632    P*cold: -0.26368   Mu*_xs: -2.09908   Cv*/N_xs:  1.79118         E(kJ/mol): -2.323     P(bar):    0.151     
Step:  3539999    NAcc:  1770000    fAcc:  0.500      Maxd:  0.32607    E*/N:  -2.35600   P*:     0.09615    P*cold: -0.26385   Mu*_xs: -2.09894   Cv*/N_xs:  1.82153         E(kJ/mol): -2.350     P(bar):    0.164     
Step:  3559999    NAcc:  1779999    fAcc:  0.500      Maxd:  2.38842    E*/N:  -2.32799   P*:     0.09614    P*cold: -0.26386   Mu*_xs: -2.09897   Cv*/N_xs:  1.81375         E(kJ/mol): -2.322     P(bar):    0.146     
Step:  3579999    NAcc:  1789999    fAcc:  0.500      Maxd:  0.47038    E*/N:  -2.36661   P*:     0.09647    P*cold: -0.26353   Mu*_xs: -2.09899   Cv*/N_xs:  1.80141         E(kJ/mol): -2.360     P(bar):    0.058     
Step:  3599999    NAcc:  1799998    fAcc:  0.500      Maxd:  0.37943    E*/N:  -2.34214   P*:     0.09648    P*cold: -0.26352   Mu*_xs: -2.09888   Cv*/N_xs:  1.81751         E(kJ/mol): -2.336     P(bar):    0.113     
Step:  3619999    NAcc:  1810000    fAcc:  0.500      Maxd:  0.40073    E*/N:  -2.40892   P*:     0.09658    P*cold: -0.26342   Mu*_xs: -2.09902   Cv*/N_xs:  1.83624         E(kJ/mol): -2.403     P(bar):    0.066     
Step:  3639999    NAcc:  1820000    fAcc:  0.500      Maxd:  0.39427    E*/N:  -2.32984   P*:     0.09649    P*cold: -0.26351   Mu*_xs: -2.09934   Cv*/N_xs:  1.84187         E(kJ/mol): -2.324     P(bar):    0.080     
Step:  3659999    NAcc:  1830000    fAcc:  0.500      Maxd:  0.33647    E*/N:  -2.32533   P*:     0.09589    P*cold: -0.26411   Mu*_xs: -2.09952   Cv*/N_xs:  1.83202         E(kJ/mol): -2.319     P(bar):    0.050     
Step:  3679999    NAcc:  1840000    fAcc:  0.500      Maxd:  0.37908    E*/N:  -2.31348   P*:     0.09576    P*cold: -0.26424   Mu*_xs: -2.09942   Cv*/N_xs:  1.81712         E(kJ/mol): -2.307     P(bar):    0.070     
Step:  3699999    NAcc:  1850000    fAcc:  0.500      Maxd:  2.80749    E*/N:  -2.35867   P*:     0.09549    P*cold: -0.26451   Mu*_xs: -2.09854   Cv*/N_xs:  1.81869         E(kJ/mol): -2.352     P(bar):    0.063     
Step:  3719999    NAcc:  1860000    fAcc:  0.500      Maxd:  0.34167    E*/N:  -2.38416   P*:     0.09547    P*cold: -0.26453   Mu*_xs: -2.09918   Cv*/N_xs:  1.82850         E(kJ/mol): -2.378     P(bar):    0.033     
Step:  3739999    NAcc:  1870002    fAcc:  0.500      Maxd:  1.98122    E*/N:  -2.41236   P*:     0.09536    P*cold: -0.26464   Mu*_xs: -2.09815   Cv*/N_xs:  1.84841         E(kJ/mol): -2.406     P(bar):    0.126     
Step:  3759999    NAcc:  1880002    fAcc:  0.500      Maxd:  1.13712    E*/N:  -2.45522   P*:     0.09558    P*cold: -0.26442   Mu*_xs: -2.09799   Cv*/N_xs:  1.93103         E(kJ/mol): -2.449     P(bar):    0.081     
Step:  3779999    NAcc:  1890002    fAcc:  0.500      Maxd:  1.58622    E*/N:  -2.44336   P*:     0.09559    P*cold: -0.26441   Mu*_xs: -2.09817   Cv*/N_xs:  2.11199         E(kJ/mol): -2.437     P(bar):    0.117     
Step:  3799999    NAcc:  1900001    fAcc:  0.500      Maxd:  6.65188    E*/N:  -2.43885   P*:     0.09577    P*cold: -0.26423   Mu*_xs: -2.09851   Cv*/N_xs:  2.13485         E(kJ/mol): -2.432     P(bar):    -0.035    
Step:  3819999    NAcc:  1909999    fAcc:  0.500      Maxd:  0.38496    E*/N:  -2.38570   P*:     0.09559    P*cold: -0.26441   Mu*_xs: -2.09871   Cv*/N_xs:  2.12310         E(kJ/mol): -2.379     P(bar):    0.107     
Step:  3839999    NAcc:  1919998    fAcc:  0.500      Maxd:  0.36170    E*/N:  -2.46571   P*:     0.09572    P*cold: -0.26428   Mu*_xs: -2.09860   Cv*/N_xs:  2.16571         E(kJ/mol): -2.459     P(bar):    0.078     
Step:  3859999    NAcc:  1929998    fAcc:  0.500      Maxd:  0.34446    E*/N:  -2.49989   P*:     0.09600    P*cold: -0.26400   Mu*_xs: -2.09729   Cv*/N_xs:  2.21924         E(kJ/mol): -2.493     P(bar):    0.065     
Step:  3879999    NAcc:  1940001    fAcc:  0.500      Maxd:  1.71099    E*/N:  -2.37168   P*:     0.09615    P*cold: -0.26385   Mu*_xs: -2.09717   Cv*/N_xs:  2.26366         E(kJ/mol): -2.365     P(bar):    0.066     
Step:  3899999    NAcc:  1950000    fAcc:  0.500      Maxd:  0.34258    E*/N:  -2.32508   P*:     0.09625    P*cold: -0.26375   Mu*_xs: -2.09678   Cv*/N_xs:  2.24976         E(kJ/mol): -2.319     P(bar):    0.124     
Step:  3919999    NAcc:  1960000    fAcc:  0.500      Maxd:  18.86565   E*/N:  -2.38052   P*:     0.09636    P*cold: -0.26364   Mu*_xs: -2.09640   Cv*/N_xs:  2.24213         E(kJ/mol): -2.374     P(bar):    0.116     
Step:  3939999    NAcc:  1970000    fAcc:  0.500      Maxd:  1.85154    E*/N:  -2.35064   P*:     0.09666    P*cold: -0.26334   Mu*_xs: -2.09531   Cv*/N_xs:  2.24156         E(kJ/mol): -2.344     P(bar):    0.159     
Step:  3959999    NAcc:  1980000    fAcc:  0.500      Maxd:  0.38617    E*/N:  -2.47268   P*:     0.09674    P*cold: -0.26326   Mu*_xs: -2.09427   Cv*/N_xs:  2.28917         E(kJ/mol): -2.466     P(bar):    0.089     
Step:  3979999    NAcc:  1990000    fAcc:  0.500      Maxd:  3.41484    E*/N:  -2.40746   P*:     0.09716    P*cold: -0.26284   Mu*_xs: -2.09422   Cv*/N_xs:  2.31783         E(kJ/mol): -2.401     P(bar):    0.157     
Step:  3999999    NAcc:  1999999    fAcc:  0.500      Maxd:  1.51394    E*/N:  -2.53858   P*:     0.09710    P*cold: -0.26290   Mu*_xs: -2.09414   Cv*/N_xs:  2.42909         E(kJ/mol): -2.532     P(bar):    0.054     
Step:  4019999    NAcc:  2009998    fAcc:  0.500      Maxd:  0.36815    E*/N:  -2.52162   P*:     0.09734    P*cold: -0.26266   Mu*_xs: -2.09365   Cv*/N_xs:  2.56088         E(kJ/mol): -2.515     P(bar):    0.139     
Step:  4039999    NAcc:  2020003    fAcc:  0.500      Maxd:  0.96798    E*/N:  -2.55273   P*:     0.09759    P*cold: -0.26241   Mu*_xs: -2.09314   Cv*/N_xs:  2.71672         E(kJ/mol): -2.546     P(bar):    0.133     
Step:  4059999    NAcc:  2030000    fAcc:  0.500      Maxd:  8.30840    E*/N:  -2.45784   P*:     0.09753    P*cold: -0.26247   Mu*_xs: -2.09250   Cv*/N_xs:  2.83304         E(kJ/mol): -2.451     P(bar):    0.070     
Step:  4079999    NAcc:  2040001    fAcc:  0.500      Maxd:  1.65481    E*/N:  -2.40942   P*:     0.09757    P*cold: -0.26243   Mu*_xs: -2.09260   Cv*/N_xs:  2.87737         E(kJ/mol): -2.403     P(bar):    0.104     
Step:  4099999    NAcc:  2050000    fAcc:  0.500      Maxd:  1.95375    E*/N:  -2.41167   P*:     0.09767    P*cold: -0.26233   Mu*_xs: -2.09253   Cv*/N_xs:  2.87888         E(kJ/mol): -2.405     P(bar):    0.088     
Step:  4119999    NAcc:  2060000    fAcc:  0.500      Maxd:  0.38574    E*/N:  -2.29148   P*:     0.09799    P*cold: -0.26201   Mu*_xs: -2.09262   Cv*/N_xs:  2.86124         E(kJ/mol): -2.285     P(bar):    0.164     
Step:  4139999    NAcc:  2070003    fAcc:  0.500      Maxd:  1.12081    E*/N:  -2.33091   P*:     0.09787    P*cold: -0.26213   Mu*_xs: -2.09263   Cv*/N_xs:  2.84230         E(kJ/mol): -2.325     P(bar):    0.074     
Step:  4159999    NAcc:  2079998    fAcc:  0.500      Maxd:  0.83281    E*/N:  -2.33779   P*:     0.09758    P*cold: -0.26242   Mu*_xs: -2.09292   Cv*/N_xs:  2.81726         E(kJ/mol): -2.332     P(bar):    0.128     
Step:  4179999    NAcc:  2090001    fAcc:  0.500      Maxd:  0.83491    E*/N:  -2.28883   P*:     0.09759    P*cold: -0.26241   Mu*_xs: -2.09260   Cv*/N_xs:  2.80026         E(kJ/mol): -2.283     P(bar):    0.100     
Step:  4199999    NAcc:  2100001    fAcc:  0.500      Maxd:  0.51144    E*/N:  -2.31637   P*:     0.09773    P*cold: -0.26227   Mu*_xs: -2.09271   Cv*/N_xs:  2.77859         E(kJ/mol): -2.310     P(bar):    0.075     
Step:  4219999    NAcc:  2109998    fAcc:  0.500      Maxd:  0.75026    E*/N:  -2.25586   P*:     0.09746    P*cold: -0.26254   Mu*_xs: -2.09244   Cv*/N_xs:  2.76206         E(kJ/mol): -2.250     P(bar):    0.154     
Step:  4239999    NAcc:  2120001    fAcc:  0.500      Maxd:  3.17157    E*/N:  -2.22330   P*:     0.09739    P*cold: -0.26261   Mu*_xs: -2.09259   Cv*/N_xs:  2.74893         E(kJ/mol): -2.217     P(bar):    0.207     
Step:  4259999    NAcc:  2129997    fAcc:  0.500      Maxd:  0.90487    E*/N:  -2.31823   P*:     0.09775    P*cold: -0.26225   Mu*_xs: -2.09278   Cv*/N_xs:  2.73070         E(kJ/mol): -2.312     P(bar):    0.089     
Step:  4279999    NAcc:  2139999    fAcc:  0.500      Maxd:  0.41977    E*/N:  -2.21532   P*:     0.09796    P*cold: -0.26204   Mu*_xs: -2.09253   Cv*/N_xs:  2.73640         E(kJ/mol): -2.210     P(bar):    0.091     
Step:  4299999    NAcc:  2150000    fAcc:  0.500      Maxd:  0.39847    E*/N:  -2.34007   P*:     0.09790    P*cold: -0.26210   Mu*_xs: -2.09250   Cv*/N_xs:  2.73331         E(kJ/mol): -2.334     P(bar):    0.010     
Step:  4319999    NAcc:  2159998    fAcc:  0.500      Maxd:  0.37420    E*/N:  -2.26322   P*:     0.09810    P*cold: -0.26190   Mu*_xs: -2.09247   Cv*/N_xs:  2.72793         E(kJ/mol): -2.257     P(bar):    0.062     
Step:  4339999    NAcc:  2170002    fAcc:  0.500      Maxd:  2.27785    E*/N:  -2.24134   P*:     0.09808    P*cold: -0.26192   Mu*_xs: -2.09286   Cv*/N_xs:  2.72333         E(kJ/mol): -2.235     P(bar):    0.038     
Step:  4359999    NAcc:  2180000    fAcc:  0.500      Maxd:  0.63699    E*/N:  -2.25481   P*:     0.09799    P*cold: -0.26201   Mu*_xs: -2.09278   Cv*/N_xs:  2.72689         E(kJ/mol): -2.249     P(bar):    0.039     
Step:  4379999    NAcc:  2190000    fAcc:  0.500      Maxd:  5.55162    E*/N:  -2.21287   P*:     0.09805    P*cold: -0.26195   Mu*_xs: -2.09306   Cv*/N_xs:  2.74577         E(kJ/mol): -2.207     P(bar):    0.109     
Step:  4399999    NAcc:  2199999    fAcc:  0.500      Maxd:  0.38218    E*/N:  -2.25844   P*:     0.09774    P*cold: -0.26226   Mu*_xs: -2.09327   Cv*/N_xs:  2.73837         E(kJ/mol): -2.253     P(bar):    0.093     
Step:  4419999    NAcc:  2209999    fAcc:  0.500      Maxd:  0.39474    E*/N:  -2.29163   P*:     0.09762    P*cold: -0.26238   Mu*_xs: -2.09363   Cv*/N_xs:  2.72073         E(kJ/mol): -2.286     P(bar):    0.033     
Step:  4439999    NAcc:  2220002    fAcc:  0.500      Maxd:  5.96566    E*/N:  -2.28760   P*:     0.09801    P*cold: -0.26199   Mu*_xs: -2.09345   Cv*/N_xs:  2.71198         E(kJ/mol): -2.282     P(bar):    0.085     
Step:  4459999    NAcc:  2229999    fAcc:  0.500      Maxd:  0.40304    E*/N:  -2.24980   P*:     0.09814    P*cold: -0.26186   Mu*_xs: -2.09291   Cv*/N_xs:  2.70480         E(kJ/mol): -2.244     P(bar):    0.106     
Step:  4479999    NAcc:  2239998    fAcc:  0.500      Maxd:  1.28062    E*/N:  -2.27972   P*:     0.09828    P*cold: -0.26172   Mu*_xs: -2.09303   Cv*/N_xs:  2.68955         E(kJ/mol): -2.274     P(bar):    0.130     
Step:  4499999    NAcc:  2250001    fAcc:  0.500      Maxd:  0.55357    E*/N:  -2.30198   P*:     0.09813    P*cold: -0.26187   Mu*_xs: -2.09304   Cv*/N_xs:  2.67505         E(kJ/mol): -2.296     P(bar):    0.078     
Step:  4519999    NAcc:  2260001    fAcc:  0.500      Maxd:  12.58061   E*/N:  -2.23250   P*:     0.09791    P*cold: -0.26209   Mu*_xs: -2.09280   Cv*/N_xs:  2.66191         E(kJ/mol): -2.227     P(bar):    0.101     
Step:  4539999    NAcc:  2270000    fAcc:  0.500      Maxd:  0.50980    E*/N:  -2.28138   P*:     0.09790    P*cold: -0.26210   Mu*_xs: -2.09297   Cv*/N_xs:  2.66422         E(kJ/mol): -2.275     P(bar):    0.085     
Step:  4559999    NAcc:  2280001    fAcc:  0.500      Maxd:  0.51366    E*/N:  -2.32574   P*:     0.09783    P*cold: -0.26217   Mu*_xs: -2.09315   Cv*/N_xs:  2.65313         E(kJ/mol): -2.320     P(bar):    0.048     
Step:  4579999    NAcc:  2290001    fAcc:  0.500      Maxd:  0.55416    E*/N:  -2.31649   P*:     0.09766    P*cold: -0.26234   Mu*_xs: -2.09348   Cv*/N_xs:  2.63567         E(kJ/mol): -2.310     P(bar):    0.025     
Step:  4599999    NAcc:  2300002    fAcc:  0.500      Maxd:  0.78277    E*/N:  -2.31163   P*:     0.09771    P*cold: -0.26229   Mu*_xs: -2.09293   Cv*/N_xs:  2.61975         E(kJ/mol): -2.306     P(bar):    0.129     
Step:  4619999    NAcc:  2310000    fAcc:  0.500      Maxd:  0.73897    E*/N:  -2.20901   P*:     0.09768    P*cold: -0.26232   Mu*_xs: -2.09329   Cv*/N_xs:  2.62824         E(kJ/mol): -2.203     P(bar):    0.092     
Step:  4639999    NAcc:  2320003    fAcc:  0.500      Maxd:  1.14458    E*/N:  -2.30136   P*:     0.09751    P*cold: -0.26249   Mu*_xs: -2.09361   Cv*/N_xs:  2.62084         E(kJ/mol): -2.295     P(bar):    0.097     
Step:  4659999    NAcc:  2330000    fAcc:  0.500      Maxd:  0.57326    E*/N:  -2.23978   P*:     0.09775    P*cold: -0.26225   Mu*_xs: -2.09405   Cv*/N_xs:  2.63717         E(kJ/mol): -2.234     P(bar):    0.038     
Step:  4679999    NAcc:  2340001    fAcc:  0.500      Maxd:  1.37182    E*/N:  -2.28558   P*:     0.09772    P*cold: -0.26228   Mu*_xs: -2.09458   Cv*/N_xs:  2.66776         E(kJ/mol): -2.280     P(bar):    0.050     
Step:  4699999    NAcc:  2350001    fAcc:  0.500      Maxd:  0.70574    E*/N:  -2.27586   P*:     0.09743    P*cold: -0.26257   Mu*_xs: -2.09448   Cv*/N_xs:  2.65126         E(kJ/mol): -2.270     P(bar):    0.124     
Step:  4719999    NAcc:  2360001    fAcc:  0.500      Maxd:  0.57043    E*/N:  -2.23287   P*:     0.09711    P*cold: -0.26289   Mu*_xs: -2.09476   Cv*/N_xs:  2.64756         E(kJ/mol): -2.227     P(bar):    0.084     
Step:  4739999    NAcc:  2370001    fAcc:  0.500      Maxd:  0.52126    E*/N:  -2.26926   P*:     0.09733    P*cold: -0.26267   Mu*_xs: -2.09485   Cv*/N_xs:  2.64407         E(kJ/mol): -2.263     P(bar):    0.052     
Step:  4759999    NAcc:  2379999    fAcc:  0.500      Maxd:  0.39793    E*/N:  -2.25143   P*:     0.09710    P*cold: -0.26290   Mu*_xs: -2.09467   Cv*/N_xs:  2.64941         E(kJ/mol): -2.246     P(bar):    0.032     
Step:  4779999    NAcc:  2390002    fAcc:  0.500      Maxd:  0.68730    E*/N:  -2.24384   P*:     0.09705    P*cold: -0.26295   Mu*_xs: -2.09475   Cv*/N_xs:  2.64478         E(kJ/mol): -2.238     P(bar):    0.071     
Step:  4799999    NAcc:  2399997    fAcc:  0.500      Maxd:  0.38675    E*/N:  -2.24227   P*:     0.09684    P*cold: -0.26316   Mu*_xs: -2.09513   Cv*/N_xs:  2.66334         E(kJ/mol): -2.236     P(bar):    0.068     
Step:  4819999    NAcc:  2410000    fAcc:  0.500      Maxd:  2.47826    E*/N:  -2.26902   P*:     0.09675    P*cold: -0.26325   Mu*_xs: -2.09556   Cv*/N_xs:  2.66349         E(kJ/mol): -2.263     P(bar):    0.077     
Step:  4839999    NAcc:  2420001    fAcc:  0.500      Maxd:  2.12614    E*/N:  -2.22592   P*:     0.09650    P*cold: -0.26350   Mu*_xs: -2.09515   Cv*/N_xs:  2.65888         E(kJ/mol): -2.220     P(bar):    0.067     
Step:  4859999    NAcc:  2430000    fAcc:  0.500      Maxd:  0.32417    E*/N:  -2.33175   P*:     0.09638    P*cold: -0.26362   Mu*_xs: -2.09479   Cv*/N_xs:  2.64509         E(kJ/mol): -2.326     P(bar):    0.017     
Step:  4879999    NAcc:  2440000    fAcc:  0.500      Maxd:  0.37429    E*/N:  -2.27401   P*:     0.09622    P*cold: -0.26378   Mu*_xs: -2.09453   Cv*/N_xs:  2.63064         E(kJ/mol): -2.268     P(bar):    0.085     
Step:  4899999    NAcc:  2450000    fAcc:  0.500      Maxd:  0.35026    E*/N:  -2.24243   P*:     0.09618    P*cold: -0.26382   Mu*_xs: -2.09456   Cv*/N_xs:  2.63411         E(kJ/mol): -2.237     P(bar):    0.024     
Step:  4919999    NAcc:  2460000    fAcc:  0.500      Maxd:  0.38293    E*/N:  -2.27895   P*:     0.09610    P*cold: -0.26390   Mu*_xs: -2.09542   Cv*/N_xs:  2.62479         E(kJ/mol): -2.273     P(bar):    0.112     
Step:  4939999    NAcc:  2470002    fAcc:  0.500      Maxd:  1.55479    E*/N:  -2.21294   P*:     0.09613    P*cold: -0.26387   Mu*_xs: -2.09505   Cv*/N_xs:  2.61835         E(kJ/mol): -2.207     P(bar):    0.104     
Step:  4959999    NAcc:  2480001    fAcc:  0.500      Maxd:  2.20776    E*/N:  -2.37522   P*:     0.09598    P*cold: -0.26402   Mu*_xs: -2.09517   Cv*/N_xs:  2.60773         E(kJ/mol): -2.369     P(bar):    -0.043    
Step:  4979999    NAcc:  2490001    fAcc:  0.500      Maxd:  3.78178    E*/N:  -2.32831   P*:     0.09591    P*cold: -0.26409   Mu*_xs: -2.09465   Cv*/N_xs:  2.59253         E(kJ/mol): -2.322     P(bar):    0.011     
Step:  4999999    NAcc:  2500000    fAcc:  0.500      Maxd:  0.37924    E*/N:  -2.35334   P*:     0.09569    P*cold: -0.26431   Mu*_xs: -2.09424   Cv*/N_xs:  2.58095         E(kJ/mol): -2.347     P(bar):    0.101     
# Computed average properties: 
 # E*/N:  -2.31676  
 # P*:     0.09569   
 # Cv*/N_xs:   2.58095        
 # Mu*_xs:  -2.09424  
