# Number of atoms:       500
# Atom type:             Ar
# Molar Mass (g/mol):    39.948
# Density (g/cm^3):      0.337669
# LJ sigma (Angstrom):   3.4
# LJ epsilon/kB (K):     120
# LJ cutoff (Angstrom):  13.6
# LJ cutoff (sigma):     4
# Temperature (K):       144
# Number MC steps:       5e+06
# Output frequency:      20000
# Num. den. (atoms/Ang): 0.00508854
# Box length (x):        46.1451
# Box length (y):        46.1451
# Box length (z):        46.1451
# Init. spacing (Ang):   5.12723
# reduc. density (rho*): 0.2
# reduc. temp (T*):      1.2
Step:  19999      NAcc:  10001      fAcc:  0.500      Maxd:  10.34753   E*/N:  -1.51658   P*:     nan        P*cold: nan        Mu*_xs: -0.00000   Cv*/N_xs:  0.00000         E(kJ/mol): -1.513     P(bar):    0.122     
Step:  39999      NAcc:  20003      fAcc:  0.500      Maxd:  27.13887   E*/N:  -1.52391   P*:     nan        P*cold: nan        Mu*_xs: -0.00000   Cv*/N_xs:  0.00000         E(kJ/mol): -1.520     P(bar):    0.093     
Step:  59999      NAcc:  30001      fAcc:  0.500      Maxd:  0.53409    E*/N:  -1.58957   P*:     nan        P*cold: nan        Mu*_xs: -0.00000   Cv*/N_xs:  0.00000         E(kJ/mol): -1.585     P(bar):    0.115     
Step:  79999      NAcc:  39998      fAcc:  0.500      Maxd:  0.54957    E*/N:  -1.62821   P*:     nan        P*cold: nan        Mu*_xs: -0.00000   Cv*/N_xs:  0.00000         E(kJ/mol): -1.624     P(bar):    0.075     
Step:  99999      NAcc:  50001      fAcc:  0.500      Maxd:  0.82996    E*/N:  -1.61064   P*:     nan        P*cold: nan        Mu*_xs: -0.00000   Cv*/N_xs:  0.00000         E(kJ/mol): -1.606     P(bar):    0.062     
Step:  119999     NAcc:  60000      fAcc:  0.500      Maxd:  1.00852    E*/N:  -1.60144   P*:     nan        P*cold: nan        Mu*_xs: -0.00000   Cv*/N_xs:  0.00000         E(kJ/mol): -1.597     P(bar):    0.119     
Step:  139999     NAcc:  70002      fAcc:  0.500      Maxd:  2.69794    E*/N:  -1.66659   P*:     nan        P*cold: nan        Mu*_xs: -0.00000   Cv*/N_xs:  0.00000         E(kJ/mol): -1.662     P(bar):    0.095     
Step:  159999     NAcc:  79999      fAcc:  0.500      Maxd:  0.43639    E*/N:  -1.62253   P*:     nan        P*cold: nan        Mu*_xs: -0.00000   Cv*/N_xs:  0.00000         E(kJ/mol): -1.618     P(bar):    0.114     
Step:  179999     NAcc:  89999      fAcc:  0.500      Maxd:  0.37121    E*/N:  -1.57289   P*:     nan        P*cold: nan        Mu*_xs: -0.00000   Cv*/N_xs:  0.00000         E(kJ/mol): -1.569     P(bar):    0.114     
Step:  199999     NAcc:  100000     fAcc:  0.500      Maxd:  2.91590    E*/N:  -1.58248   P*:     nan        P*cold: nan        Mu*_xs: -0.00000   Cv*/N_xs:  0.00000         E(kJ/mol): -1.578     P(bar):    0.075     
Step:  219999     NAcc:  109999     fAcc:  0.500      Maxd:  0.74886    E*/N:  -1.57945   P*:     nan        P*cold: nan        Mu*_xs: -0.00000   Cv*/N_xs:  0.00000         E(kJ/mol): -1.575     P(bar):    0.063     
Step:  239999     NAcc:  120000     fAcc:  0.500      Maxd:  0.52358    E*/N:  -1.64114   P*:     nan        P*cold: nan        Mu*_xs: -0.00000   Cv*/N_xs:  0.00000         E(kJ/mol): -1.637     P(bar):    0.116     
Step:  259999     NAcc:  130001     fAcc:  0.500      Maxd:  3.12476    E*/N:  -1.62504   P*:     nan        P*cold: nan        Mu*_xs: -0.00000   Cv*/N_xs:  0.00000         E(kJ/mol): -1.621     P(bar):    0.068     
Step:  279999     NAcc:  140001     fAcc:  0.500      Maxd:  0.89733    E*/N:  -1.70991   P*:     nan        P*cold: nan        Mu*_xs: -0.00000   Cv*/N_xs:  0.00000         E(kJ/mol): -1.705     P(bar):    0.089     
Step:  299999     NAcc:  150000     fAcc:  0.500      Maxd:  1.62172    E*/N:  -1.57308   P*:     nan        P*cold: nan        Mu*_xs: -0.00000   Cv*/N_xs:  0.00000         E(kJ/mol): -1.569     P(bar):    0.092     
Step:  319999     NAcc:  160000     fAcc:  0.500      Maxd:  1.05945    E*/N:  -1.56489   P*:     nan        P*cold: nan        Mu*_xs: -0.00000   Cv*/N_xs:  0.00000         E(kJ/mol): -1.561     P(bar):    0.096     
Step:  339999     NAcc:  169999     fAcc:  0.500      Maxd:  0.42760    E*/N:  -1.59351   P*:     nan        P*cold: nan        Mu*_xs: -0.00000   Cv*/N_xs:  0.00000         E(kJ/mol): -1.589     P(bar):    0.121     
Step:  359999     NAcc:  180000     fAcc:  0.500      Maxd:  0.41122    E*/N:  -1.67687   P*:     nan        P*cold: nan        Mu*_xs: -0.00000   Cv*/N_xs:  0.00000         E(kJ/mol): -1.672     P(bar):    0.056     
Step:  379999     NAcc:  189999     fAcc:  0.500      Maxd:  2.81238    E*/N:  -1.63435   P*:     nan        P*cold: nan        Mu*_xs: -0.00000   Cv*/N_xs:  0.00000         E(kJ/mol): -1.630     P(bar):    0.089     
Step:  399999     NAcc:  199999     fAcc:  0.500      Maxd:  2.15778    E*/N:  -1.77347   P*:     nan        P*cold: nan        Mu*_xs: -0.00000   Cv*/N_xs:  0.00000         E(kJ/mol): -1.769     P(bar):    0.071     
Step:  419999     NAcc:  209999     fAcc:  0.500      Maxd:  13.86169   E*/N:  -1.85341   P*:     nan        P*cold: nan        Mu*_xs: -0.00000   Cv*/N_xs:  0.00000         E(kJ/mol): -1.849     P(bar):    0.082     
Step:  439999     NAcc:  220001     fAcc:  0.500      Maxd:  2.47343    E*/N:  -1.71198   P*:     nan        P*cold: nan        Mu*_xs: -0.00000   Cv*/N_xs:  0.00000         E(kJ/mol): -1.707     P(bar):    0.070     
Step:  459999     NAcc:  230001     fAcc:  0.500      Maxd:  0.53388    E*/N:  -1.74123   P*:     nan        P*cold: nan        Mu*_xs: -0.00000   Cv*/N_xs:  0.00000         E(kJ/mol): -1.737     P(bar):    0.045     
Step:  479999     NAcc:  240001     fAcc:  0.500      Maxd:  2.67120    E*/N:  -1.70244   P*:     nan        P*cold: nan        Mu*_xs: -0.00000   Cv*/N_xs:  0.00000         E(kJ/mol): -1.698     P(bar):    0.118     
Step:  499999     NAcc:  250000     fAcc:  0.500      Maxd:  1.79292    E*/N:  -1.66903   P*:     nan        P*cold: nan        Mu*_xs: -0.00000   Cv*/N_xs:  0.00000         E(kJ/mol): -1.665     P(bar):    0.101     
Step:  519999     NAcc:  259999     fAcc:  0.500      Maxd:  12.53209   E*/N:  -1.63752   P*:     nan        P*cold: nan        Mu*_xs: -0.00000   Cv*/N_xs:  0.00000         E(kJ/mol): -1.633     P(bar):    0.068     
Step:  539999     NAcc:  270000     fAcc:  0.500      Maxd:  0.39493    E*/N:  -1.63151   P*:     nan        P*cold: nan        Mu*_xs: -0.00000   Cv*/N_xs:  0.00000         E(kJ/mol): -1.627     P(bar):    0.091     
Step:  559999     NAcc:  280000     fAcc:  0.500      Maxd:  0.45179    E*/N:  -1.66484   P*:     nan        P*cold: nan        Mu*_xs: -0.00000   Cv*/N_xs:  0.00000         E(kJ/mol): -1.660     P(bar):    0.042     
Step:  579999     NAcc:  290001     fAcc:  0.500      Maxd:  0.59227    E*/N:  -1.66020   P*:     nan        P*cold: nan        Mu*_xs: -0.00000   Cv*/N_xs:  0.00000         E(kJ/mol): -1.656     P(bar):    0.112     
Step:  599999     NAcc:  300004     fAcc:  0.500      Maxd:  11.51864   E*/N:  -1.52822   P*:     nan        P*cold: nan        Mu*_xs: -0.00000   Cv*/N_xs:  0.00000         E(kJ/mol): -1.524     P(bar):    0.125     
Step:  619999     NAcc:  310000     fAcc:  0.500      Maxd:  3.91604    E*/N:  -1.71599   P*:     nan        P*cold: nan        Mu*_xs: -0.00000   Cv*/N_xs:  0.00000         E(kJ/mol): -1.711     P(bar):    0.088     
Step:  639999     NAcc:  320000     fAcc:  0.500      Maxd:  0.90712    E*/N:  -1.67978   P*:     nan        P*cold: nan        Mu*_xs: -0.00000   Cv*/N_xs:  0.00000         E(kJ/mol): -1.675     P(bar):    0.053     
Step:  659999     NAcc:  330000     fAcc:  0.500      Maxd:  0.70741    E*/N:  -1.70963   P*:     nan        P*cold: nan        Mu*_xs: -0.00000   Cv*/N_xs:  0.00000         E(kJ/mol): -1.705     P(bar):    0.068     
Step:  679999     NAcc:  339997     fAcc:  0.500      Maxd:  0.45230    E*/N:  -1.74843   P*:     nan        P*cold: nan        Mu*_xs: -0.00000   Cv*/N_xs:  0.00000         E(kJ/mol): -1.744     P(bar):    0.113     
Step:  699999     NAcc:  349996     fAcc:  0.500      Maxd:  1.46363    E*/N:  -1.73525   P*:     nan        P*cold: nan        Mu*_xs: -0.00000   Cv*/N_xs:  0.00000         E(kJ/mol): -1.731     P(bar):    0.078     
Step:  719999     NAcc:  360000     fAcc:  0.500      Maxd:  0.45254    E*/N:  -1.74729   P*:     nan        P*cold: nan        Mu*_xs: -0.00000   Cv*/N_xs:  0.00000         E(kJ/mol): -1.743     P(bar):    0.097     
Step:  739999     NAcc:  369998     fAcc:  0.500      Maxd:  0.80950    E*/N:  -1.70552   P*:     nan        P*cold: nan        Mu*_xs: -0.00000   Cv*/N_xs:  0.00000         E(kJ/mol): -1.701     P(bar):    0.128     
Step:  759999     NAcc:  380001     fAcc:  0.500      Maxd:  1.25320    E*/N:  -1.67417   P*:     nan        P*cold: nan        Mu*_xs: -0.00000   Cv*/N_xs:  0.00000         E(kJ/mol): -1.670     P(bar):    0.075     
Step:  779999     NAcc:  390002     fAcc:  0.500      Maxd:  2.69546    E*/N:  -1.59107   P*:     nan        P*cold: nan        Mu*_xs: -0.00000   Cv*/N_xs:  0.00000         E(kJ/mol): -1.587     P(bar):    0.067     
Step:  799999     NAcc:  400002     fAcc:  0.500      Maxd:  0.84942    E*/N:  -1.62995   P*:     nan        P*cold: nan        Mu*_xs: -0.00000   Cv*/N_xs:  0.00000         E(kJ/mol): -1.626     P(bar):    0.079     
Step:  819999     NAcc:  410000     fAcc:  0.500      Maxd:  0.62205    E*/N:  -1.58832   P*:     nan        P*cold: nan        Mu*_xs: -0.00000   Cv*/N_xs:  0.00000         E(kJ/mol): -1.584     P(bar):    0.097     
Step:  839999     NAcc:  420001     fAcc:  0.500      Maxd:  2.84473    E*/N:  -1.71843   P*:     nan        P*cold: nan        Mu*_xs: -0.00000   Cv*/N_xs:  0.00000         E(kJ/mol): -1.714     P(bar):    0.094     
Step:  859999     NAcc:  430003     fAcc:  0.500      Maxd:  26.10550   E*/N:  -1.63668   P*:     nan        P*cold: nan        Mu*_xs: -0.00000   Cv*/N_xs:  0.00000         E(kJ/mol): -1.632     P(bar):    0.087     
Step:  879999     NAcc:  439999     fAcc:  0.500      Maxd:  0.42121    E*/N:  -1.65187   P*:     nan        P*cold: nan        Mu*_xs: -0.00000   Cv*/N_xs:  0.00000         E(kJ/mol): -1.648     P(bar):    0.065     
Step:  899999     NAcc:  450000     fAcc:  0.500      Maxd:  1.28386    E*/N:  -1.68072   P*:     nan        P*cold: nan        Mu*_xs: -0.00000   Cv*/N_xs:  0.00000         E(kJ/mol): -1.676     P(bar):    0.114     
Step:  919999     NAcc:  460002     fAcc:  0.500      Maxd:  2.76209    E*/N:  -1.66946   P*:     nan        P*cold: nan        Mu*_xs: -0.00000   Cv*/N_xs:  0.00000         E(kJ/mol): -1.665     P(bar):    0.059     
Step:  939999     NAcc:  469998     fAcc:  0.500      Maxd:  1.28455    E*/N:  -1.54668   P*:     nan        P*cold: nan        Mu*_xs: -0.00000   Cv*/N_xs:  0.00000         E(kJ/mol): -1.543     P(bar):    0.090     
Step:  959999     NAcc:  480000     fAcc:  0.500      Maxd:  0.90308    E*/N:  -1.64875   P*:     nan        P*cold: nan        Mu*_xs: -0.00000   Cv*/N_xs:  0.00000         E(kJ/mol): -1.644     P(bar):    0.091     
Step:  979999     NAcc:  490005     fAcc:  0.500      Maxd:  22.31432   E*/N:  -1.81338   P*:     nan        P*cold: nan        Mu*_xs: -0.00000   Cv*/N_xs:  0.00000         E(kJ/mol): -1.809     P(bar):    0.096     
Step:  999999     NAcc:  499998     fAcc:  0.500      Maxd:  2.40083    E*/N:  -1.77250   P*:     nan        P*cold: nan        Mu*_xs: -0.00000   Cv*/N_xs:  0.00000         E(kJ/mol): -1.768     P(bar):    0.071     
Step:  1019999    NAcc:  509999     fAcc:  0.500      Maxd:  0.91772    E*/N:  -1.72810   P*:     nan        P*cold: nan        Mu*_xs: -0.00000   Cv*/N_xs:  0.00000         E(kJ/mol): -1.724     P(bar):    0.101     
Step:  1039999    NAcc:  519999     fAcc:  0.500      Maxd:  1.03678    E*/N:  -1.79956   P*:     nan        P*cold: nan        Mu*_xs: -0.00000   Cv*/N_xs:  0.00000         E(kJ/mol): -1.795     P(bar):    0.092     
Step:  1059999    NAcc:  530001     fAcc:  0.500      Maxd:  0.91385    E*/N:  -1.69286   P*:     nan        P*cold: nan        Mu*_xs: -0.00000   Cv*/N_xs:  0.00000         E(kJ/mol): -1.688     P(bar):    0.109     
Step:  1079999    NAcc:  539995     fAcc:  0.500      Maxd:  0.93799    E*/N:  -1.81405   P*:     nan        P*cold: nan        Mu*_xs: -0.00000   Cv*/N_xs:  0.00000         E(kJ/mol): -1.809     P(bar):    0.047     
Step:  1099999    NAcc:  549998     fAcc:  0.500      Maxd:  0.50950    E*/N:  -1.72651   P*:     nan        P*cold: nan        Mu*_xs: -0.00000   Cv*/N_xs:  0.00000         E(kJ/mol): -1.722     P(bar):    0.033     
Step:  1119999    NAcc:  560000     fAcc:  0.500      Maxd:  0.71483    E*/N:  -1.76290   P*:     nan        P*cold: nan        Mu*_xs: -0.00000   Cv*/N_xs:  0.00000         E(kJ/mol): -1.758     P(bar):    0.078     
Step:  1139999    NAcc:  569999     fAcc:  0.500      Maxd:  2.48993    E*/N:  -1.70712   P*:     nan        P*cold: nan        Mu*_xs: -0.00000   Cv*/N_xs:  0.00000         E(kJ/mol): -1.703     P(bar):    0.075     
Step:  1159999    NAcc:  580001     fAcc:  0.500      Maxd:  0.55509    E*/N:  -1.69837   P*:     nan        P*cold: nan        Mu*_xs: -0.00000   Cv*/N_xs:  0.00000         E(kJ/mol): -1.694     P(bar):    0.097     
Step:  1179999    NAcc:  589999     fAcc:  0.500      Maxd:  3.24141    E*/N:  -1.58017   P*:     nan        P*cold: nan        Mu*_xs: -0.00000   Cv*/N_xs:  0.00000         E(kJ/mol): -1.576     P(bar):    0.069     
Step:  1199999    NAcc:  600000     fAcc:  0.500      Maxd:  0.39925    E*/N:  -1.48441   P*:     nan        P*cold: nan        Mu*_xs: -0.00000   Cv*/N_xs:  0.00000         E(kJ/mol): -1.481     P(bar):    0.126     
Step:  1219999    NAcc:  610002     fAcc:  0.500      Maxd:  0.92713    E*/N:  -1.52541   P*:     nan        P*cold: nan        Mu*_xs: -0.00000   Cv*/N_xs:  0.00000         E(kJ/mol): -1.521     P(bar):    0.074     
Step:  1239999    NAcc:  620000     fAcc:  0.500      Maxd:  0.40268    E*/N:  -1.50625   P*:     nan        P*cold: nan        Mu*_xs: -0.00000   Cv*/N_xs:  0.00000         E(kJ/mol): -1.502     P(bar):    0.085     
Step:  1259999    NAcc:  630002     fAcc:  0.500      Maxd:  0.78335    E*/N:  -1.57297   P*:     nan        P*cold: nan        Mu*_xs: -0.00000   Cv*/N_xs:  0.00000         E(kJ/mol): -1.569     P(bar):    0.097     
Step:  1279999    NAcc:  640001     fAcc:  0.500      Maxd:  1.90486    E*/N:  -1.53789   P*:     nan        P*cold: nan        Mu*_xs: -0.00000   Cv*/N_xs:  0.00000         E(kJ/mol): -1.534     P(bar):    0.081     
Step:  1299999    NAcc:  650001     fAcc:  0.500      Maxd:  0.63175    E*/N:  -1.62894   P*:     nan        P*cold: nan        Mu*_xs: -0.00000   Cv*/N_xs:  0.00000         E(kJ/mol): -1.625     P(bar):    0.068     
Step:  1319999    NAcc:  660000     fAcc:  0.500      Maxd:  0.74905    E*/N:  -1.64942   P*:     nan        P*cold: nan        Mu*_xs: -0.00000   Cv*/N_xs:  0.00000         E(kJ/mol): -1.645     P(bar):    0.111     
Step:  1339999    NAcc:  670001     fAcc:  0.500      Maxd:  0.78596    E*/N:  -1.66969   P*:     nan        P*cold: nan        Mu*_xs: -0.00000   Cv*/N_xs:  0.00000         E(kJ/mol): -1.665     P(bar):    0.068     
Step:  1359999    NAcc:  680000     fAcc:  0.500      Maxd:  1.01093    E*/N:  -1.72741   P*:     nan        P*cold: nan        Mu*_xs: -0.00000   Cv*/N_xs:  0.00000         E(kJ/mol): -1.723     P(bar):    0.008     
Step:  1379999    NAcc:  690000     fAcc:  0.500      Maxd:  8.87925    E*/N:  -1.63457   P*:     nan        P*cold: nan        Mu*_xs: -0.00000   Cv*/N_xs:  0.00000         E(kJ/mol): -1.630     P(bar):    0.079     
Step:  1399999    NAcc:  700000     fAcc:  0.500      Maxd:  0.42194    E*/N:  -1.61243   P*:     nan        P*cold: nan        Mu*_xs: -0.00000   Cv*/N_xs:  0.00000         E(kJ/mol): -1.608     P(bar):    0.103     
Step:  1419999    NAcc:  710000     fAcc:  0.500      Maxd:  0.50167    E*/N:  -1.74440   P*:     nan        P*cold: nan        Mu*_xs: -0.00000   Cv*/N_xs:  0.00000         E(kJ/mol): -1.740     P(bar):    0.097     
Step:  1439999    NAcc:  720002     fAcc:  0.500      Maxd:  3.25683    E*/N:  -1.61847   P*:     nan        P*cold: nan        Mu*_xs: -0.00000   Cv*/N_xs:  0.00000         E(kJ/mol): -1.614     P(bar):    0.037     
Step:  1459999    NAcc:  730001     fAcc:  0.500      Maxd:  3.13131    E*/N:  -1.53236   P*:     nan        P*cold: nan        Mu*_xs: -0.00000   Cv*/N_xs:  0.00000         E(kJ/mol): -1.528     P(bar):    0.087     
Step:  1479999    NAcc:  739998     fAcc:  0.500      Maxd:  1.84418    E*/N:  -1.61530   P*:     nan        P*cold: nan        Mu*_xs: -0.00000   Cv*/N_xs:  0.00000         E(kJ/mol): -1.611     P(bar):    0.044     
Step:  1499999    NAcc:  750001     fAcc:  0.500      Maxd:  17.24458   E*/N:  -1.50528   P*:     nan        P*cold: nan        Mu*_xs: -0.00000   Cv*/N_xs:  0.00000         E(kJ/mol): -1.501     P(bar):    0.094     
Step:  1519999    NAcc:  760001     fAcc:  0.500      Maxd:  2.13097    E*/N:  -1.66433   P*:     nan        P*cold: nan        Mu*_xs: -0.00000   Cv*/N_xs:  0.00000         E(kJ/mol): -1.660     P(bar):    0.063     
Step:  1539999    NAcc:  770001     fAcc:  0.500      Maxd:  5.38427    E*/N:  -1.59654   P*:     nan        P*cold: nan        Mu*_xs: -0.00000   Cv*/N_xs:  0.00000         E(kJ/mol): -1.592     P(bar):    0.070     
Step:  1559999    NAcc:  779998     fAcc:  0.500      Maxd:  1.05906    E*/N:  -1.68121   P*:     nan        P*cold: nan        Mu*_xs: -0.00000   Cv*/N_xs:  0.00000         E(kJ/mol): -1.677     P(bar):    0.050     
Step:  1579999    NAcc:  790000     fAcc:  0.500      Maxd:  0.40483    E*/N:  -1.64675   P*:     nan        P*cold: nan        Mu*_xs: -0.00000   Cv*/N_xs:  0.00000         E(kJ/mol): -1.642     P(bar):    0.078     
Step:  1599999    NAcc:  800001     fAcc:  0.500      Maxd:  0.64746    E*/N:  -1.61245   P*:     nan        P*cold: nan        Mu*_xs: -0.00000   Cv*/N_xs:  0.00000         E(kJ/mol): -1.608     P(bar):    0.105     
Step:  1619999    NAcc:  810000     fAcc:  0.500      Maxd:  15.35825   E*/N:  -1.65372   P*:     nan        P*cold: nan        Mu*_xs: -0.00000   Cv*/N_xs:  0.00000         E(kJ/mol): -1.649     P(bar):    0.081     
Step:  1639999    NAcc:  820000     fAcc:  0.500      Maxd:  5.06683    E*/N:  -1.64691   P*:     nan        P*cold: nan        Mu*_xs: -0.00000   Cv*/N_xs:  0.00000         E(kJ/mol): -1.643     P(bar):    0.109     
Step:  1659999    NAcc:  830001     fAcc:  0.500      Maxd:  0.59123    E*/N:  -1.71079   P*:     nan        P*cold: nan        Mu*_xs: -0.00000   Cv*/N_xs:  0.00000         E(kJ/mol): -1.706     P(bar):    0.068     
Step:  1679999    NAcc:  840002     fAcc:  0.500      Maxd:  1.14068    E*/N:  -1.63258   P*:     nan        P*cold: nan        Mu*_xs: -0.00000   Cv*/N_xs:  0.00000         E(kJ/mol): -1.628     P(bar):    0.061     
Step:  1699999    NAcc:  850001     fAcc:  0.500      Maxd:  0.79773    E*/N:  -1.62217   P*:     nan        P*cold: nan        Mu*_xs: -0.00000   Cv*/N_xs:  0.00000         E(kJ/mol): -1.618     P(bar):    0.120     
Step:  1719999    NAcc:  860001     fAcc:  0.500      Maxd:  25.11867   E*/N:  -1.69007   P*:     nan        P*cold: nan        Mu*_xs: -0.00000   Cv*/N_xs:  0.00000         E(kJ/mol): -1.686     P(bar):    0.101     
Step:  1739999    NAcc:  869998     fAcc:  0.500      Maxd:  0.71237    E*/N:  -1.63764   P*:     nan        P*cold: nan        Mu*_xs: -0.00000   Cv*/N_xs:  0.00000         E(kJ/mol): -1.633     P(bar):    0.069     
Step:  1759999    NAcc:  879998     fAcc:  0.500      Maxd:  0.38889    E*/N:  -1.66629   P*:     nan        P*cold: nan        Mu*_xs: -0.00000   Cv*/N_xs:  0.00000         E(kJ/mol): -1.662     P(bar):    0.092     
Step:  1779999    NAcc:  890001     fAcc:  0.500      Maxd:  1.23783    E*/N:  -1.74068   P*:     nan        P*cold: nan        Mu*_xs: -0.00000   Cv*/N_xs:  0.00000         E(kJ/mol): -1.736     P(bar):    0.051     
Step:  1799999    NAcc:  900002     fAcc:  0.500      Maxd:  4.79471    E*/N:  -1.71098   P*:     nan        P*cold: nan        Mu*_xs: -0.00000   Cv*/N_xs:  0.00000         E(kJ/mol): -1.706     P(bar):    0.050     
Step:  1819999    NAcc:  910001     fAcc:  0.500      Maxd:  0.95379    E*/N:  -1.59603   P*:     nan        P*cold: nan        Mu*_xs: -0.00000   Cv*/N_xs:  0.00000         E(kJ/mol): -1.592     P(bar):    0.091     
Step:  1839999    NAcc:  919998     fAcc:  0.500      Maxd:  4.16327    E*/N:  -1.57691   P*:     nan        P*cold: nan        Mu*_xs: -0.00000   Cv*/N_xs:  0.00000         E(kJ/mol): -1.573     P(bar):    0.110     
Step:  1859999    NAcc:  930002     fAcc:  0.500      Maxd:  0.80810    E*/N:  -1.61252   P*:     nan        P*cold: nan        Mu*_xs: -0.00000   Cv*/N_xs:  0.00000         E(kJ/mol): -1.608     P(bar):    0.062     
Step:  1879999    NAcc:  940000     fAcc:  0.500      Maxd:  7.51860    E*/N:  -1.57816   P*:     nan        P*cold: nan        Mu*_xs: -0.00000   Cv*/N_xs:  0.00000         E(kJ/mol): -1.574     P(bar):    0.112     
Step:  1899999    NAcc:  950000     fAcc:  0.500      Maxd:  1.14205    E*/N:  -1.65643   P*:     nan        P*cold: nan        Mu*_xs: -0.00000   Cv*/N_xs:  0.00000         E(kJ/mol): -1.652     P(bar):    0.031     
Step:  1919999    NAcc:  960001     fAcc:  0.500      Maxd:  2.67405    E*/N:  -1.65297   P*:     nan        P*cold: nan        Mu*_xs: -0.00000   Cv*/N_xs:  0.00000         E(kJ/mol): -1.649     P(bar):    0.118     
Step:  1939999    NAcc:  969998     fAcc:  0.500      Maxd:  0.38595    E*/N:  -1.70085   P*:     nan        P*cold: nan        Mu*_xs: -0.00000   Cv*/N_xs:  0.00000         E(kJ/mol): -1.696     P(bar):    0.070     
Step:  1959999    NAcc:  979999     fAcc:  0.500      Maxd:  1.74128    E*/N:  -1.74616   P*:     nan        P*cold: nan        Mu*_xs: -0.00000   Cv*/N_xs:  0.00000         E(kJ/mol): -1.742     P(bar):    0.090     
Step:  1979999    NAcc:  989996     fAcc:  0.500      Maxd:  0.44374    E*/N:  -1.61695   P*:     nan        P*cold: nan        Mu*_xs: -0.00000   Cv*/N_xs:  0.00000         E(kJ/mol): -1.613     P(bar):    0.107     
Step:  1999999    NAcc:  1000002    fAcc:  0.500      Maxd:  1.19004    E*/N:  -1.88047   P*:     nan        P*cold: nan        Mu*_xs: -0.00000   Cv*/N_xs:  0.00000         E(kJ/mol): -1.876     P(bar):    0.033     
Step:  2019999    NAcc:  1010000    fAcc:  0.500      Maxd:  19.34479   E*/N:  -1.77566   P*:     0.09612    P*cold: -0.14388   Mu*_xs: -1.58181   Cv*/N_xs:  1.36525         E(kJ/mol): -1.771     P(bar):    0.050     
Step:  2039999    NAcc:  1019999    fAcc:  0.500      Maxd:  0.59515    E*/N:  -1.70038   P*:     0.08904    P*cold: -0.15096   Mu*_xs: -1.54201   Cv*/N_xs:  1.40266         E(kJ/mol): -1.696     P(bar):    0.090     
Step:  2059999    NAcc:  1030003    fAcc:  0.500      Maxd:  1.84932    E*/N:  -1.64118   P*:     0.09250    P*cold: -0.14750   Mu*_xs: -1.55576   Cv*/N_xs:  1.28547         E(kJ/mol): -1.637     P(bar):    0.117     
Step:  2079999    NAcc:  1040002    fAcc:  0.500      Maxd:  1.31816    E*/N:  -1.71277   P*:     0.09604    P*cold: -0.14396   Mu*_xs: -1.54625   Cv*/N_xs:  1.05837         E(kJ/mol): -1.708     P(bar):    0.075     
Step:  2099999    NAcc:  1049998    fAcc:  0.500      Maxd:  0.40199    E*/N:  -1.80642   P*:     0.09511    P*cold: -0.14489   Mu*_xs: -1.54194   Cv*/N_xs:  0.96797         E(kJ/mol): -1.802     P(bar):    0.057     
Step:  2119999    NAcc:  1059998    fAcc:  0.500      Maxd:  8.50636    E*/N:  -1.73104   P*:     0.09443    P*cold: -0.14557   Mu*_xs: -1.54552   Cv*/N_xs:  1.04676         E(kJ/mol): -1.727     P(bar):    0.034     
Step:  2139999    NAcc:  1070001    fAcc:  0.500      Maxd:  1.43325    E*/N:  -1.64535   P*:     0.09633    P*cold: -0.14367   Mu*_xs: -1.54429   Cv*/N_xs:  1.25804         E(kJ/mol): -1.641     P(bar):    0.087     
Step:  2159999    NAcc:  1079998    fAcc:  0.500      Maxd:  0.44038    E*/N:  -1.59817   P*:     0.09503    P*cold: -0.14497   Mu*_xs: -1.54031   Cv*/N_xs:  1.53396         E(kJ/mol): -1.594     P(bar):    0.101     
Step:  2179999    NAcc:  1090000    fAcc:  0.500      Maxd:  8.26532    E*/N:  -1.60445   P*:     0.09457    P*cold: -0.14543   Mu*_xs: -1.54186   Cv*/N_xs:  1.58779         E(kJ/mol): -1.600     P(bar):    0.110     
Step:  2199999    NAcc:  1100002    fAcc:  0.500      Maxd:  2.43863    E*/N:  -1.58180   P*:     0.09545    P*cold: -0.14455   Mu*_xs: -1.54153   Cv*/N_xs:  1.72247         E(kJ/mol): -1.578     P(bar):    0.049     
Step:  2219999    NAcc:  1110001    fAcc:  0.500      Maxd:  0.91689    E*/N:  -1.60050   P*:     0.09743    P*cold: -0.14257   Mu*_xs: -1.54557   Cv*/N_xs:  1.83915         E(kJ/mol): -1.596     P(bar):    0.091     
Step:  2239999    NAcc:  1120001    fAcc:  0.500      Maxd:  20.53188   E*/N:  -1.74362   P*:     0.09931    P*cold: -0.14069   Mu*_xs: -1.54929   Cv*/N_xs:  1.75090         E(kJ/mol): -1.739     P(bar):    0.057     
Step:  2259999    NAcc:  1129995    fAcc:  0.500      Maxd:  0.40630    E*/N:  -1.74432   P*:     0.09897    P*cold: -0.14103   Mu*_xs: -1.55242   Cv*/N_xs:  1.69508         E(kJ/mol): -1.740     P(bar):    0.099     
Step:  2279999    NAcc:  1140000    fAcc:  0.500      Maxd:  2.67559    E*/N:  -1.61084   P*:     0.09771    P*cold: -0.14229   Mu*_xs: -1.55129   Cv*/N_xs:  1.73895         E(kJ/mol): -1.607     P(bar):    0.137     
Step:  2299999    NAcc:  1149999    fAcc:  0.500      Maxd:  0.83163    E*/N:  -1.77799   P*:     0.09768    P*cold: -0.14232   Mu*_xs: -1.55272   Cv*/N_xs:  1.73945         E(kJ/mol): -1.773     P(bar):    0.120     
Step:  2319999    NAcc:  1159998    fAcc:  0.500      Maxd:  1.11200    E*/N:  -1.72024   P*:     0.09948    P*cold: -0.14052   Mu*_xs: -1.55411   Cv*/N_xs:  1.84730         E(kJ/mol): -1.716     P(bar):    0.090     
Step:  2339999    NAcc:  1169999    fAcc:  0.500      Maxd:  0.42389    E*/N:  -1.63671   P*:     0.09893    P*cold: -0.14107   Mu*_xs: -1.55293   Cv*/N_xs:  1.76454         E(kJ/mol): -1.632     P(bar):    0.074     
Step:  2359999    NAcc:  1180002    fAcc:  0.500      Maxd:  1.23044    E*/N:  -1.69307   P*:     0.09882    P*cold: -0.14118   Mu*_xs: -1.55256   Cv*/N_xs:  1.69632         E(kJ/mol): -1.689     P(bar):    0.065     
Step:  2379999    NAcc:  1190000    fAcc:  0.500      Maxd:  2.29272    E*/N:  -1.70167   P*:     0.09989    P*cold: -0.14011   Mu*_xs: -1.55457   Cv*/N_xs:  1.62264         E(kJ/mol): -1.697     P(bar):    0.078     
Step:  2399999    NAcc:  1200000    fAcc:  0.500      Maxd:  1.68449    E*/N:  -1.72552   P*:     0.10092    P*cold: -0.13908   Mu*_xs: -1.55518   Cv*/N_xs:  1.62049         E(kJ/mol): -1.721     P(bar):    0.093     
Step:  2419999    NAcc:  1209999    fAcc:  0.500      Maxd:  1.18129    E*/N:  -1.71267   P*:     0.10012    P*cold: -0.13988   Mu*_xs: -1.55531   Cv*/N_xs:  1.62371         E(kJ/mol): -1.708     P(bar):    0.051     
Step:  2439999    NAcc:  1219999    fAcc:  0.500      Maxd:  0.39404    E*/N:  -1.66668   P*:     0.09978    P*cold: -0.14022   Mu*_xs: -1.55427   Cv*/N_xs:  1.57764         E(kJ/mol): -1.662     P(bar):    0.100     
Step:  2459999    NAcc:  1229999    fAcc:  0.500      Maxd:  0.38401    E*/N:  -1.68986   P*:     0.09979    P*cold: -0.14021   Mu*_xs: -1.55291   Cv*/N_xs:  1.52649         E(kJ/mol): -1.685     P(bar):    0.062     
Step:  2479999    NAcc:  1240002    fAcc:  0.500      Maxd:  0.76578    E*/N:  -1.66255   P*:     0.09920    P*cold: -0.14080   Mu*_xs: -1.55407   Cv*/N_xs:  1.48713         E(kJ/mol): -1.658     P(bar):    0.099     
Step:  2499999    NAcc:  1249999    fAcc:  0.500      Maxd:  8.97781    E*/N:  -1.68903   P*:     0.09933    P*cold: -0.14067   Mu*_xs: -1.55500   Cv*/N_xs:  1.47143         E(kJ/mol): -1.685     P(bar):    0.047     
Step:  2519999    NAcc:  1260002    fAcc:  0.500      Maxd:  5.69005    E*/N:  -1.65442   P*:     0.09943    P*cold: -0.14057   Mu*_xs: -1.55409   Cv*/N_xs:  1.44517         E(kJ/mol): -1.650     P(bar):    0.097     
Step:  2539999    NAcc:  1270001    fAcc:  0.500      Maxd:  1.59041    E*/N:  -1.58938   P*:     0.09895    P*cold: -0.14105   Mu*_xs: -1.55420   Cv*/N_xs:  1.46772         E(kJ/mol): -1.585     P(bar):    0.078     
Step:  2559999    NAcc:  1279999    fAcc:  0.500      Maxd:  8.98955    E*/N:  -1.55079   P*:     0.09863    P*cold: -0.14137   Mu*_xs: -1.55397   Cv*/N_xs:  1.69980         E(kJ/mol): -1.547     P(bar):    0.095     
Step:  2579999    NAcc:  1290000    fAcc:  0.500      Maxd:  0.37493    E*/N:  -1.58785   P*:     0.09823    P*cold: -0.14177   Mu*_xs: -1.55390   Cv*/N_xs:  1.80470         E(kJ/mol): -1.584     P(bar):    0.084     
Step:  2599999    NAcc:  1299999    fAcc:  0.500      Maxd:  0.92923    E*/N:  -1.61752   P*:     0.09842    P*cold: -0.14158   Mu*_xs: -1.55415   Cv*/N_xs:  1.81174         E(kJ/mol): -1.613     P(bar):    0.115     
Step:  2619999    NAcc:  1309999    fAcc:  0.500      Maxd:  1.01819    E*/N:  -1.73655   P*:     0.09882    P*cold: -0.14118   Mu*_xs: -1.55458   Cv*/N_xs:  1.79608         E(kJ/mol): -1.732     P(bar):    0.043     
Step:  2639999    NAcc:  1320001    fAcc:  0.500      Maxd:  0.99502    E*/N:  -1.76037   P*:     0.09832    P*cold: -0.14168   Mu*_xs: -1.55392   Cv*/N_xs:  1.78608         E(kJ/mol): -1.756     P(bar):    0.062     
Step:  2659999    NAcc:  1330002    fAcc:  0.500      Maxd:  3.55202    E*/N:  -1.68471   P*:     0.09839    P*cold: -0.14161   Mu*_xs: -1.55471   Cv*/N_xs:  1.75042         E(kJ/mol): -1.680     P(bar):    0.084     
Step:  2679999    NAcc:  1340000    fAcc:  0.500      Maxd:  0.55295    E*/N:  -1.61908   P*:     0.09889    P*cold: -0.14111   Mu*_xs: -1.55572   Cv*/N_xs:  1.77583         E(kJ/mol): -1.615     P(bar):    0.054     
Step:  2699999    NAcc:  1349997    fAcc:  0.500      Maxd:  3.36341    E*/N:  -1.58082   P*:     0.09874    P*cold: -0.14126   Mu*_xs: -1.55530   Cv*/N_xs:  1.79674         E(kJ/mol): -1.577     P(bar):    0.078     
Step:  2719999    NAcc:  1360002    fAcc:  0.500      Maxd:  4.75924    E*/N:  -1.64412   P*:     0.09869    P*cold: -0.14131   Mu*_xs: -1.55531   Cv*/N_xs:  1.79981         E(kJ/mol): -1.640     P(bar):    0.090     
Step:  2739999    NAcc:  1370003    fAcc:  0.500      Maxd:  2.45331    E*/N:  -1.57297   P*:     0.09862    P*cold: -0.14138   Mu*_xs: -1.55491   Cv*/N_xs:  1.83415         E(kJ/mol): -1.569     P(bar):    0.098     
Step:  2759999    NAcc:  1379998    fAcc:  0.500      Maxd:  0.45589    E*/N:  -1.69355   P*:     0.09892    P*cold: -0.14108   Mu*_xs: -1.55464   Cv*/N_xs:  1.89611         E(kJ/mol): -1.689     P(bar):    0.063     
Step:  2779999    NAcc:  1389998    fAcc:  0.500      Maxd:  0.37754    E*/N:  -1.69732   P*:     0.09871    P*cold: -0.14129   Mu*_xs: -1.55357   Cv*/N_xs:  1.86644         E(kJ/mol): -1.693     P(bar):    0.041     
Step:  2799999    NAcc:  1399999    fAcc:  0.500      Maxd:  1.54330    E*/N:  -1.64349   P*:     0.09863    P*cold: -0.14137   Mu*_xs: -1.55214   Cv*/N_xs:  1.82258         E(kJ/mol): -1.639     P(bar):    0.084     
Step:  2819999    NAcc:  1410000    fAcc:  0.500      Maxd:  3.75189    E*/N:  -1.64192   P*:     0.09837    P*cold: -0.14163   Mu*_xs: -1.55242   Cv*/N_xs:  1.78264         E(kJ/mol): -1.638     P(bar):    0.071     
Step:  2839999    NAcc:  1420000    fAcc:  0.500      Maxd:  0.86216    E*/N:  -1.64220   P*:     0.09848    P*cold: -0.14152   Mu*_xs: -1.55197   Cv*/N_xs:  1.74911         E(kJ/mol): -1.638     P(bar):    0.134     
Step:  2859999    NAcc:  1429997    fAcc:  0.500      Maxd:  2.07404    E*/N:  -1.54213   P*:     0.09863    P*cold: -0.14137   Mu*_xs: -1.55249   Cv*/N_xs:  1.81096         E(kJ/mol): -1.538     P(bar):    0.053     
Step:  2879999    NAcc:  1440000    fAcc:  0.500      Maxd:  2.43831    E*/N:  -1.62027   P*:     0.09841    P*cold: -0.14159   Mu*_xs: -1.55201   Cv*/N_xs:  1.90171         E(kJ/mol): -1.616     P(bar):    0.028     
Step:  2899999    NAcc:  1449999    fAcc:  0.500      Maxd:  2.55015    E*/N:  -1.59244   P*:     0.09809    P*cold: -0.14191   Mu*_xs: -1.55318   Cv*/N_xs:  1.94049         E(kJ/mol): -1.588     P(bar):    0.085     
Step:  2919999    NAcc:  1460000    fAcc:  0.500      Maxd:  0.94333    E*/N:  -1.70539   P*:     0.09829    P*cold: -0.14171   Mu*_xs: -1.55413   Cv*/N_xs:  1.91152         E(kJ/mol): -1.701     P(bar):    0.092     
Step:  2939999    NAcc:  1469998    fAcc:  0.500      Maxd:  0.45311    E*/N:  -1.68810   P*:     0.09897    P*cold: -0.14103   Mu*_xs: -1.55427   Cv*/N_xs:  1.89812         E(kJ/mol): -1.684     P(bar):    0.117     
Step:  2959999    NAcc:  1480001    fAcc:  0.500      Maxd:  11.46854   E*/N:  -1.71579   P*:     0.09877    P*cold: -0.14123   Mu*_xs: -1.55557   Cv*/N_xs:  1.87130         E(kJ/mol): -1.711     P(bar):    0.076     
Step:  2979999    NAcc:  1490001    fAcc:  0.500      Maxd:  1.15180    E*/N:  -1.73712   P*:     0.09828    P*cold: -0.14172   Mu*_xs: -1.55515   Cv*/N_xs:  1.87027         E(kJ/mol): -1.733     P(bar):    0.093     
Step:  2999999    NAcc:  1499997    fAcc:  0.500      Maxd:  0.38943    E*/N:  -1.73383   P*:     0.09818    P*cold: -0.14182   Mu*_xs: -1.55518   Cv*/N_xs:  1.85729         E(kJ/mol): -1.729     P(bar):    0.081     
Step:  3019999    NAcc:  1509995    fAcc:  0.500      Maxd:  0.83761    E*/N:  -1.63952   P*:     0.09809    P*cold: -0.14191   Mu*_xs: -1.55417   Cv*/N_xs:  1.84089         E(kJ/mol): -1.635     P(bar):    0.079     
Step:  3039999    NAcc:  1520003    fAcc:  0.500      Maxd:  2.45706    E*/N:  -1.57576   P*:     0.09817    P*cold: -0.14183   Mu*_xs: -1.55504   Cv*/N_xs:  1.85060         E(kJ/mol): -1.572     P(bar):    0.091     
Step:  3059999    NAcc:  1530001    fAcc:  0.500      Maxd:  5.56878    E*/N:  -1.72585   P*:     0.09853    P*cold: -0.14147   Mu*_xs: -1.55484   Cv*/N_xs:  1.83541         E(kJ/mol): -1.721     P(bar):    0.089     
Step:  3079999    NAcc:  1540000    fAcc:  0.500      Maxd:  0.42974    E*/N:  -1.77728   P*:     0.09831    P*cold: -0.14169   Mu*_xs: -1.55571   Cv*/N_xs:  1.83552         E(kJ/mol): -1.773     P(bar):    0.050     
Step:  3099999    NAcc:  1550001    fAcc:  0.500      Maxd:  7.47438    E*/N:  -1.69951   P*:     0.09840    P*cold: -0.14160   Mu*_xs: -1.55567   Cv*/N_xs:  1.81563         E(kJ/mol): -1.695     P(bar):    0.030     
Step:  3119999    NAcc:  1559999    fAcc:  0.500      Maxd:  0.82830    E*/N:  -1.68828   P*:     0.09851    P*cold: -0.14149   Mu*_xs: -1.55647   Cv*/N_xs:  1.80291         E(kJ/mol): -1.684     P(bar):    0.070     
Step:  3139999    NAcc:  1569997    fAcc:  0.500      Maxd:  2.13252    E*/N:  -1.63786   P*:     0.09850    P*cold: -0.14150   Mu*_xs: -1.55574   Cv*/N_xs:  1.79516         E(kJ/mol): -1.634     P(bar):    0.044     
Step:  3159999    NAcc:  1579999    fAcc:  0.500      Maxd:  0.39085    E*/N:  -1.64362   P*:     0.09830    P*cold: -0.14170   Mu*_xs: -1.55500   Cv*/N_xs:  1.77296         E(kJ/mol): -1.639     P(bar):    0.065     
Step:  3179999    NAcc:  1590000    fAcc:  0.500      Maxd:  0.39997    E*/N:  -1.63121   P*:     0.09822    P*cold: -0.14178   Mu*_xs: -1.55487   Cv*/N_xs:  1.76107         E(kJ/mol): -1.627     P(bar):    0.075     
Step:  3199999    NAcc:  1599999    fAcc:  0.500      Maxd:  1.39286    E*/N:  -1.63016   P*:     0.09825    P*cold: -0.14175   Mu*_xs: -1.55522   Cv*/N_xs:  1.73785         E(kJ/mol): -1.626     P(bar):    0.082     
Step:  3219999    NAcc:  1610002    fAcc:  0.500      Maxd:  2.81544    E*/N:  -1.63513   P*:     0.09838    P*cold: -0.14162   Mu*_xs: -1.55520   Cv*/N_xs:  1.71778         E(kJ/mol): -1.631     P(bar):    0.134     
Step:  3239999    NAcc:  1620001    fAcc:  0.500      Maxd:  1.95814    E*/N:  -1.64645   P*:     0.09841    P*cold: -0.14159   Mu*_xs: -1.55499   Cv*/N_xs:  1.69315         E(kJ/mol): -1.642     P(bar):    0.068     
Step:  3259999    NAcc:  1629997    fAcc:  0.500      Maxd:  2.24680    E*/N:  -1.70875   P*:     0.09842    P*cold: -0.14158   Mu*_xs: -1.55504   Cv*/N_xs:  1.67420         E(kJ/mol): -1.704     P(bar):    0.057     
Step:  3279999    NAcc:  1640002    fAcc:  0.500      Maxd:  1.66403    E*/N:  -1.70352   P*:     0.09859    P*cold: -0.14141   Mu*_xs: -1.55475   Cv*/N_xs:  1.65286         E(kJ/mol): -1.699     P(bar):    0.090     
Step:  3299999    NAcc:  1649999    fAcc:  0.500      Maxd:  13.07758   E*/N:  -1.69217   P*:     0.09875    P*cold: -0.14125   Mu*_xs: -1.55420   Cv*/N_xs:  1.63416         E(kJ/mol): -1.688     P(bar):    0.098     
Step:  3319999    NAcc:  1659998    fAcc:  0.500      Maxd:  0.39673    E*/N:  -1.70020   P*:     0.09889    P*cold: -0.14111   Mu*_xs: -1.55423   Cv*/N_xs:  1.61406         E(kJ/mol): -1.696     P(bar):    0.098     
Step:  3339999    NAcc:  1670001    fAcc:  0.500      Maxd:  3.54268    E*/N:  -1.65176   P*:     0.09884    P*cold: -0.14116   Mu*_xs: -1.55440   Cv*/N_xs:  1.59608         E(kJ/mol): -1.647     P(bar):    0.083     
Step:  3359999    NAcc:  1680000    fAcc:  0.500      Maxd:  5.32210    E*/N:  -1.59803   P*:     0.09880    P*cold: -0.14120   Mu*_xs: -1.55389   Cv*/N_xs:  1.58415         E(kJ/mol): -1.594     P(bar):    0.083     
Step:  3379999    NAcc:  1690004    fAcc:  0.500      Maxd:  3.98236    E*/N:  -1.55437   P*:     0.09866    P*cold: -0.14134   Mu*_xs: -1.55324   Cv*/N_xs:  1.63028         E(kJ/mol): -1.550     P(bar):    0.076     
Step:  3399999    NAcc:  1699999    fAcc:  0.500      Maxd:  0.56820    E*/N:  -1.68928   P*:     0.09891    P*cold: -0.14109   Mu*_xs: -1.55255   Cv*/N_xs:  1.62453         E(kJ/mol): -1.685     P(bar):    0.053     
Step:  3419999    NAcc:  1710000    fAcc:  0.500      Maxd:  0.86738    E*/N:  -1.61975   P*:     0.09888    P*cold: -0.14112   Mu*_xs: -1.55188   Cv*/N_xs:  1.60581         E(kJ/mol): -1.616     P(bar):    0.107     
Step:  3439999    NAcc:  1719998    fAcc:  0.500      Maxd:  2.30705    E*/N:  -1.60204   P*:     0.09903    P*cold: -0.14097   Mu*_xs: -1.55179   Cv*/N_xs:  1.59478         E(kJ/mol): -1.598     P(bar):    0.080     
Step:  3459999    NAcc:  1729998    fAcc:  0.500      Maxd:  1.03803    E*/N:  -1.60004   P*:     0.09929    P*cold: -0.14071   Mu*_xs: -1.55156   Cv*/N_xs:  1.59615         E(kJ/mol): -1.596     P(bar):    0.115     
Step:  3479999    NAcc:  1740000    fAcc:  0.500      Maxd:  2.30021    E*/N:  -1.63076   P*:     0.09928    P*cold: -0.14072   Mu*_xs: -1.55181   Cv*/N_xs:  1.60859         E(kJ/mol): -1.626     P(bar):    0.095     
Step:  3499999    NAcc:  1749999    fAcc:  0.500      Maxd:  1.39989    E*/N:  -1.60004   P*:     0.09920    P*cold: -0.14080   Mu*_xs: -1.55155   Cv*/N_xs:  1.60482         E(kJ/mol): -1.596     P(bar):    0.070     
Step:  3519999    NAcc:  1760000    fAcc:  0.500      Maxd:  2.71714    E*/N:  -1.67100   P*:     0.09935    P*cold: -0.14065   Mu*_xs: -1.55105   Cv*/N_xs:  1.59711         E(kJ/mol): -1.667     P(bar):    0.146     
Step:  3539999    NAcc:  1769998    fAcc:  0.500      Maxd:  1.36360    E*/N:  -1.69150   P*:     0.09922    P*cold: -0.14078   Mu*_xs: -1.55105   Cv*/N_xs:  1.59770         E(kJ/mol): -1.687     P(bar):    0.088     
Step:  3559999    NAcc:  1780000    fAcc:  0.500      Maxd:  4.82654    E*/N:  -1.66140   P*:     0.09912    P*cold: -0.14088   Mu*_xs: -1.55118   Cv*/N_xs:  1.58006         E(kJ/mol): -1.657     P(bar):    0.114     
Step:  3579999    NAcc:  1789999    fAcc:  0.500      Maxd:  1.76186    E*/N:  -1.67592   P*:     0.09916    P*cold: -0.14084   Mu*_xs: -1.55173   Cv*/N_xs:  1.56329         E(kJ/mol): -1.672     P(bar):    0.041     
Step:  3599999    NAcc:  1800000    fAcc:  0.500      Maxd:  0.42619    E*/N:  -1.80223   P*:     0.09922    P*cold: -0.14078   Mu*_xs: -1.55131   Cv*/N_xs:  1.55301         E(kJ/mol): -1.798     P(bar):    0.075     
Step:  3619999    NAcc:  1810000    fAcc:  0.500      Maxd:  2.20296    E*/N:  -1.72522   P*:     0.09911    P*cold: -0.14089   Mu*_xs: -1.55121   Cv*/N_xs:  1.56687         E(kJ/mol): -1.721     P(bar):    0.066     
Step:  3639999    NAcc:  1820001    fAcc:  0.500      Maxd:  0.61067    E*/N:  -1.70213   P*:     0.09923    P*cold: -0.14077   Mu*_xs: -1.55100   Cv*/N_xs:  1.55467         E(kJ/mol): -1.698     P(bar):    0.107     
Step:  3659999    NAcc:  1830000    fAcc:  0.500      Maxd:  0.56365    E*/N:  -1.62395   P*:     0.09923    P*cold: -0.14077   Mu*_xs: -1.55090   Cv*/N_xs:  1.54298         E(kJ/mol): -1.620     P(bar):    0.112     
Step:  3679999    NAcc:  1840001    fAcc:  0.500      Maxd:  1.55814    E*/N:  -1.66070   P*:     0.09927    P*cold: -0.14073   Mu*_xs: -1.55133   Cv*/N_xs:  1.53007         E(kJ/mol): -1.656     P(bar):    0.130     
Step:  3699999    NAcc:  1850000    fAcc:  0.500      Maxd:  1.03152    E*/N:  -1.61231   P*:     0.09950    P*cold: -0.14050   Mu*_xs: -1.55199   Cv*/N_xs:  1.52248         E(kJ/mol): -1.608     P(bar):    0.116     
Step:  3719999    NAcc:  1860001    fAcc:  0.500      Maxd:  1.21269    E*/N:  -1.60847   P*:     0.09940    P*cold: -0.14060   Mu*_xs: -1.55265   Cv*/N_xs:  1.52016         E(kJ/mol): -1.604     P(bar):    0.067     
Step:  3739999    NAcc:  1869999    fAcc:  0.500      Maxd:  4.36390    E*/N:  -1.71632   P*:     0.09942    P*cold: -0.14058   Mu*_xs: -1.55299   Cv*/N_xs:  1.51138         E(kJ/mol): -1.712     P(bar):    0.099     
Step:  3759999    NAcc:  1880000    fAcc:  0.500      Maxd:  0.77246    E*/N:  -1.71767   P*:     0.09965    P*cold: -0.14035   Mu*_xs: -1.55284   Cv*/N_xs:  1.50664         E(kJ/mol): -1.713     P(bar):    0.078     
Step:  3779999    NAcc:  1890000    fAcc:  0.500      Maxd:  14.78042   E*/N:  -1.64728   P*:     0.09978    P*cold: -0.14022   Mu*_xs: -1.55225   Cv*/N_xs:  1.51420         E(kJ/mol): -1.643     P(bar):    0.079     
Step:  3799999    NAcc:  1899999    fAcc:  0.500      Maxd:  0.45678    E*/N:  -1.62122   P*:     0.09972    P*cold: -0.14028   Mu*_xs: -1.55215   Cv*/N_xs:  1.53505         E(kJ/mol): -1.617     P(bar):    0.046     
Step:  3819999    NAcc:  1910002    fAcc:  0.500      Maxd:  3.53006    E*/N:  -1.58035   P*:     0.09966    P*cold: -0.14034   Mu*_xs: -1.55219   Cv*/N_xs:  1.56929         E(kJ/mol): -1.576     P(bar):    0.102     
Step:  3839999    NAcc:  1920003    fAcc:  0.500      Maxd:  20.60833   E*/N:  -1.53753   P*:     0.09957    P*cold: -0.14043   Mu*_xs: -1.55224   Cv*/N_xs:  1.58787         E(kJ/mol): -1.534     P(bar):    0.032     
Step:  3859999    NAcc:  1930002    fAcc:  0.500      Maxd:  4.02020    E*/N:  -1.49274   P*:     0.09950    P*cold: -0.14050   Mu*_xs: -1.55236   Cv*/N_xs:  1.63594         E(kJ/mol): -1.489     P(bar):    0.078     
Step:  3879999    NAcc:  1940000    fAcc:  0.500      Maxd:  1.95733    E*/N:  -1.49635   P*:     0.09949    P*cold: -0.14051   Mu*_xs: -1.55225   Cv*/N_xs:  1.69523         E(kJ/mol): -1.492     P(bar):    0.079     
Step:  3899999    NAcc:  1950002    fAcc:  0.500      Maxd:  1.97064    E*/N:  -1.55287   P*:     0.09939    P*cold: -0.14061   Mu*_xs: -1.55245   Cv*/N_xs:  1.74201         E(kJ/mol): -1.549     P(bar):    0.087     
Step:  3919999    NAcc:  1960001    fAcc:  0.500      Maxd:  1.12034    E*/N:  -1.44823   P*:     0.09935    P*cold: -0.14065   Mu*_xs: -1.55290   Cv*/N_xs:  1.79502         E(kJ/mol): -1.444     P(bar):    0.105     
Step:  3939999    NAcc:  1970001    fAcc:  0.500      Maxd:  0.81574    E*/N:  -1.47510   P*:     0.09941    P*cold: -0.14059   Mu*_xs: -1.55301   Cv*/N_xs:  1.91551         E(kJ/mol): -1.471     P(bar):    0.111     
Step:  3959999    NAcc:  1980001    fAcc:  0.500      Maxd:  14.33803   E*/N:  -1.52536   P*:     0.09947    P*cold: -0.14053   Mu*_xs: -1.55294   Cv*/N_xs:  1.98895         E(kJ/mol): -1.521     P(bar):    0.070     
Step:  3979999    NAcc:  1990000    fAcc:  0.500      Maxd:  0.59665    E*/N:  -1.52861   P*:     0.09960    P*cold: -0.14040   Mu*_xs: -1.55268   Cv*/N_xs:  2.04882         E(kJ/mol): -1.525     P(bar):    0.111     
Step:  3999999    NAcc:  2000001    fAcc:  0.500      Maxd:  1.30503    E*/N:  -1.54536   P*:     0.09964    P*cold: -0.14036   Mu*_xs: -1.55301   Cv*/N_xs:  2.06390         E(kJ/mol): -1.541     P(bar):    0.102     
Step:  4019999    NAcc:  2010000    fAcc:  0.500      Maxd:  0.37996    E*/N:  -1.55350   P*:     0.09976    P*cold: -0.14024   Mu*_xs: -1.55315   Cv*/N_xs:  2.10381         E(kJ/mol): -1.549     P(bar):    0.097     
Step:  4039999    NAcc:  2020001    fAcc:  0.500      Maxd:  4.77933    E*/N:  -1.50115   P*:     0.09982    P*cold: -0.14018   Mu*_xs: -1.55268   Cv*/N_xs:  2.14112         E(kJ/mol): -1.497     P(bar):    0.065     
Step:  4059999    NAcc:  2030001    fAcc:  0.500      Maxd:  2.33218    E*/N:  -1.52031   P*:     0.09986    P*cold: -0.14014   Mu*_xs: -1.55270   Cv*/N_xs:  2.21726         E(kJ/mol): -1.516     P(bar):    0.067     
Step:  4079999    NAcc:  2040000    fAcc:  0.500      Maxd:  0.43566    E*/N:  -1.59408   P*:     0.09994    P*cold: -0.14006   Mu*_xs: -1.55245   Cv*/N_xs:  2.24515         E(kJ/mol): -1.590     P(bar):    0.078     
Step:  4099999    NAcc:  2050002    fAcc:  0.500      Maxd:  0.82925    E*/N:  -1.61584   P*:     0.10010    P*cold: -0.13990   Mu*_xs: -1.55195   Cv*/N_xs:  2.24263         E(kJ/mol): -1.612     P(bar):    0.109     
Step:  4119999    NAcc:  2059999    fAcc:  0.500      Maxd:  4.92181    E*/N:  -1.58758   P*:     0.10016    P*cold: -0.13984   Mu*_xs: -1.55254   Cv*/N_xs:  2.22775         E(kJ/mol): -1.583     P(bar):    0.084     
Step:  4139999    NAcc:  2069999    fAcc:  0.500      Maxd:  0.40639    E*/N:  -1.66092   P*:     0.10028    P*cold: -0.13972   Mu*_xs: -1.55252   Cv*/N_xs:  2.22926         E(kJ/mol): -1.657     P(bar):    0.074     
Step:  4159999    NAcc:  2080003    fAcc:  0.500      Maxd:  2.34117    E*/N:  -1.63790   P*:     0.10026    P*cold: -0.13974   Mu*_xs: -1.55231   Cv*/N_xs:  2.22834         E(kJ/mol): -1.634     P(bar):    0.085     
Step:  4179999    NAcc:  2090005    fAcc:  0.500      Maxd:  5.07733    E*/N:  -1.61547   P*:     0.10015    P*cold: -0.13985   Mu*_xs: -1.55245   Cv*/N_xs:  2.21631         E(kJ/mol): -1.611     P(bar):    0.092     
Step:  4199999    NAcc:  2100002    fAcc:  0.500      Maxd:  1.91427    E*/N:  -1.59090   P*:     0.10027    P*cold: -0.13973   Mu*_xs: -1.55242   Cv*/N_xs:  2.21067         E(kJ/mol): -1.587     P(bar):    0.078     
Step:  4219999    NAcc:  2110002    fAcc:  0.500      Maxd:  7.37046    E*/N:  -1.63289   P*:     0.10022    P*cold: -0.13978   Mu*_xs: -1.55256   Cv*/N_xs:  2.19797         E(kJ/mol): -1.629     P(bar):    0.050     
Step:  4239999    NAcc:  2119997    fAcc:  0.500      Maxd:  0.63774    E*/N:  -1.63508   P*:     0.10031    P*cold: -0.13969   Mu*_xs: -1.55208   Cv*/N_xs:  2.18185         E(kJ/mol): -1.631     P(bar):    0.097     
Step:  4259999    NAcc:  2130000    fAcc:  0.500      Maxd:  9.86537    E*/N:  -1.59524   P*:     0.10036    P*cold: -0.13964   Mu*_xs: -1.55215   Cv*/N_xs:  2.16588         E(kJ/mol): -1.591     P(bar):    0.043     
Step:  4279999    NAcc:  2140003    fAcc:  0.500      Maxd:  1.89913    E*/N:  -1.58621   P*:     0.10040    P*cold: -0.13960   Mu*_xs: -1.55230   Cv*/N_xs:  2.15918         E(kJ/mol): -1.582     P(bar):    0.112     
Step:  4299999    NAcc:  2150002    fAcc:  0.500      Maxd:  3.98672    E*/N:  -1.57377   P*:     0.10037    P*cold: -0.13963   Mu*_xs: -1.55269   Cv*/N_xs:  2.15539         E(kJ/mol): -1.570     P(bar):    0.083     
Step:  4319999    NAcc:  2160003    fAcc:  0.500      Maxd:  1.26930    E*/N:  -1.64713   P*:     0.10040    P*cold: -0.13960   Mu*_xs: -1.55298   Cv*/N_xs:  2.14314         E(kJ/mol): -1.643     P(bar):    0.122     
Step:  4339999    NAcc:  2169999    fAcc:  0.500      Maxd:  0.37040    E*/N:  -1.65848   P*:     0.10029    P*cold: -0.13971   Mu*_xs: -1.55253   Cv*/N_xs:  2.15637         E(kJ/mol): -1.654     P(bar):    0.125     
Step:  4359999    NAcc:  2180002    fAcc:  0.500      Maxd:  3.91570    E*/N:  -1.56850   P*:     0.10029    P*cold: -0.13971   Mu*_xs: -1.55272   Cv*/N_xs:  2.14618         E(kJ/mol): -1.564     P(bar):    0.071     
Step:  4379999    NAcc:  2189998    fAcc:  0.500      Maxd:  0.76616    E*/N:  -1.61147   P*:     0.10015    P*cold: -0.13985   Mu*_xs: -1.55256   Cv*/N_xs:  2.13105         E(kJ/mol): -1.607     P(bar):    0.117     
Step:  4399999    NAcc:  2200003    fAcc:  0.500      Maxd:  2.44538    E*/N:  -1.60551   P*:     0.10017    P*cold: -0.13983   Mu*_xs: -1.55225   Cv*/N_xs:  2.13331         E(kJ/mol): -1.601     P(bar):    0.071     
Step:  4419999    NAcc:  2210000    fAcc:  0.500      Maxd:  0.45305    E*/N:  -1.65434   P*:     0.10012    P*cold: -0.13988   Mu*_xs: -1.55310   Cv*/N_xs:  2.11753         E(kJ/mol): -1.650     P(bar):    0.065     
Step:  4439999    NAcc:  2220000    fAcc:  0.500      Maxd:  10.48613   E*/N:  -1.57504   P*:     0.09998    P*cold: -0.14002   Mu*_xs: -1.55321   Cv*/N_xs:  2.10251         E(kJ/mol): -1.571     P(bar):    0.073     
Step:  4459999    NAcc:  2230002    fAcc:  0.500      Maxd:  2.72357    E*/N:  -1.57968   P*:     0.09983    P*cold: -0.14017   Mu*_xs: -1.55285   Cv*/N_xs:  2.09544         E(kJ/mol): -1.576     P(bar):    0.057     
Step:  4479999    NAcc:  2240000    fAcc:  0.500      Maxd:  0.68063    E*/N:  -1.54324   P*:     0.09988    P*cold: -0.14012   Mu*_xs: -1.55264   Cv*/N_xs:  2.09438         E(kJ/mol): -1.539     P(bar):    0.109     
Step:  4499999    NAcc:  2250000    fAcc:  0.500      Maxd:  2.20253    E*/N:  -1.62218   P*:     0.09994    P*cold: -0.14006   Mu*_xs: -1.55293   Cv*/N_xs:  2.09373         E(kJ/mol): -1.618     P(bar):    0.099     
Step:  4519999    NAcc:  2260001    fAcc:  0.500      Maxd:  0.61547    E*/N:  -1.61142   P*:     0.09981    P*cold: -0.14019   Mu*_xs: -1.55287   Cv*/N_xs:  2.08616         E(kJ/mol): -1.607     P(bar):    0.081     
Step:  4539999    NAcc:  2270002    fAcc:  0.500      Maxd:  7.55203    E*/N:  -1.53666   P*:     0.09974    P*cold: -0.14026   Mu*_xs: -1.55295   Cv*/N_xs:  2.07608         E(kJ/mol): -1.533     P(bar):    0.077     
Step:  4559999    NAcc:  2279998    fAcc:  0.500      Maxd:  0.73196    E*/N:  -1.60831   P*:     0.09974    P*cold: -0.14026   Mu*_xs: -1.55306   Cv*/N_xs:  2.07165         E(kJ/mol): -1.604     P(bar):    0.072     
Step:  4579999    NAcc:  2290002    fAcc:  0.500      Maxd:  1.00506    E*/N:  -1.60809   P*:     0.09978    P*cold: -0.14022   Mu*_xs: -1.55299   Cv*/N_xs:  2.05939         E(kJ/mol): -1.604     P(bar):    0.097     
Step:  4599999    NAcc:  2300001    fAcc:  0.500      Maxd:  25.38122   E*/N:  -1.60124   P*:     0.09988    P*cold: -0.14012   Mu*_xs: -1.55310   Cv*/N_xs:  2.05238         E(kJ/mol): -1.597     P(bar):    0.152     
Step:  4619999    NAcc:  2310002    fAcc:  0.500      Maxd:  1.18426    E*/N:  -1.79479   P*:     0.09985    P*cold: -0.14015   Mu*_xs: -1.55291   Cv*/N_xs:  2.05576         E(kJ/mol): -1.790     P(bar):    0.062     
Step:  4639999    NAcc:  2319999    fAcc:  0.500      Maxd:  0.56120    E*/N:  -1.59994   P*:     0.09998    P*cold: -0.14002   Mu*_xs: -1.55295   Cv*/N_xs:  2.06135         E(kJ/mol): -1.596     P(bar):    0.107     
Step:  4659999    NAcc:  2330000    fAcc:  0.500      Maxd:  1.29962    E*/N:  -1.65622   P*:     0.09989    P*cold: -0.14011   Mu*_xs: -1.55363   Cv*/N_xs:  2.04730         E(kJ/mol): -1.652     P(bar):    0.070     
Step:  4679999    NAcc:  2339998    fAcc:  0.500      Maxd:  4.65103    E*/N:  -1.65267   P*:     0.09984    P*cold: -0.14016   Mu*_xs: -1.55379   Cv*/N_xs:  2.03644         E(kJ/mol): -1.648     P(bar):    0.081     
Step:  4699999    NAcc:  2350002    fAcc:  0.500      Maxd:  5.65167    E*/N:  -1.68536   P*:     0.10000    P*cold: -0.14000   Mu*_xs: -1.55411   Cv*/N_xs:  2.02895         E(kJ/mol): -1.681     P(bar):    0.111     
Step:  4719999    NAcc:  2360002    fAcc:  0.500      Maxd:  1.70038    E*/N:  -1.67078   P*:     0.10001    P*cold: -0.13999   Mu*_xs: -1.55390   Cv*/N_xs:  2.02519         E(kJ/mol): -1.666     P(bar):    0.103     
Step:  4739999    NAcc:  2370003    fAcc:  0.500      Maxd:  1.85247    E*/N:  -1.62226   P*:     0.09994    P*cold: -0.14006   Mu*_xs: -1.55371   Cv*/N_xs:  2.01528         E(kJ/mol): -1.618     P(bar):    0.081     
Step:  4759999    NAcc:  2380000    fAcc:  0.500      Maxd:  4.06199    E*/N:  -1.69698   P*:     0.09994    P*cold: -0.14006   Mu*_xs: -1.55414   Cv*/N_xs:  2.00490         E(kJ/mol): -1.693     P(bar):    0.119     
Step:  4779999    NAcc:  2390000    fAcc:  0.500      Maxd:  2.15831    E*/N:  -1.75697   P*:     0.09988    P*cold: -0.14012   Mu*_xs: -1.55393   Cv*/N_xs:  2.00773         E(kJ/mol): -1.752     P(bar):    0.039     
Step:  4799999    NAcc:  2399999    fAcc:  0.500      Maxd:  0.41093    E*/N:  -1.74221   P*:     0.09983    P*cold: -0.14017   Mu*_xs: -1.55391   Cv*/N_xs:  2.01975         E(kJ/mol): -1.738     P(bar):    0.088     
Step:  4819999    NAcc:  2409999    fAcc:  0.500      Maxd:  0.39827    E*/N:  -1.76415   P*:     0.09977    P*cold: -0.14023   Mu*_xs: -1.55433   Cv*/N_xs:  2.03951         E(kJ/mol): -1.760     P(bar):    0.077     
Step:  4839999    NAcc:  2420001    fAcc:  0.500      Maxd:  4.53212    E*/N:  -1.74581   P*:     0.09966    P*cold: -0.14034   Mu*_xs: -1.55424   Cv*/N_xs:  2.04655         E(kJ/mol): -1.741     P(bar):    0.084     
Step:  4859999    NAcc:  2430001    fAcc:  0.500      Maxd:  6.36335    E*/N:  -1.61135   P*:     0.09960    P*cold: -0.14040   Mu*_xs: -1.55453   Cv*/N_xs:  2.04331         E(kJ/mol): -1.607     P(bar):    0.080     
Step:  4879999    NAcc:  2440001    fAcc:  0.500      Maxd:  3.53969    E*/N:  -1.65575   P*:     0.09949    P*cold: -0.14051   Mu*_xs: -1.55501   Cv*/N_xs:  2.03658         E(kJ/mol): -1.651     P(bar):    0.085     
Step:  4899999    NAcc:  2450002    fAcc:  0.500      Maxd:  26.20207   E*/N:  -1.73120   P*:     0.09942    P*cold: -0.14058   Mu*_xs: -1.55454   Cv*/N_xs:  2.02704         E(kJ/mol): -1.727     P(bar):    0.061     
Step:  4919999    NAcc:  2459998    fAcc:  0.500      Maxd:  4.96380    E*/N:  -1.64373   P*:     0.09951    P*cold: -0.14049   Mu*_xs: -1.55431   Cv*/N_xs:  2.02312         E(kJ/mol): -1.639     P(bar):    0.086     
Step:  4939999    NAcc:  2470000    fAcc:  0.500      Maxd:  0.91779    E*/N:  -1.60354   P*:     0.09944    P*cold: -0.14056   Mu*_xs: -1.55407   Cv*/N_xs:  2.01137         E(kJ/mol): -1.599     P(bar):    0.099     
Step:  4959999    NAcc:  2480001    fAcc:  0.500      Maxd:  5.31658    E*/N:  -1.56828   P*:     0.09940    P*cold: -0.14060   Mu*_xs: -1.55426   Cv*/N_xs:  2.01200         E(kJ/mol): -1.564     P(bar):    0.044     
Step:  4979999    NAcc:  2490002    fAcc:  0.500      Maxd:  1.63398    E*/N:  -1.65287   P*:     0.09948    P*cold: -0.14052   Mu*_xs: -1.55444   Cv*/N_xs:  2.01496         E(kJ/mol): -1.649     P(bar):    0.101     
Step:  4999999    NAcc:  2500001    fAcc:  0.500      Maxd:  4.96665    E*/N:  -1.68497   P*:     0.09956    P*cold: -0.14044   Mu*_xs: -1.55439   Cv*/N_xs:  2.00887         E(kJ/mol): -1.681     P(bar):    0.074     
# Computed average properties: 
 # E*/N:  -1.64321  
 # P*:     0.09956   
 # Cv*/N_xs:   2.00887        
 # Mu*_xs:  -1.55439  
