# Number of atoms:       500
# Atom type:             Ar
# Molar Mass (g/mol):    39.948
# Density (g/cm^3):      0.506504
# LJ sigma (Angstrom):   3.4
# LJ epsilon/kB (K):     120
# LJ cutoff (Angstrom):  13.6
# LJ cutoff (sigma):     4
# Temperature (K):       144
# Number MC steps:       5e+06
# Output frequency:      20000
# Num. den. (atoms/Ang): 0.00763281
# Box length (x):        40.3115
# Box length (y):        40.3115
# Box length (z):        40.3115
# Init. spacing (Ang):   4.47905
# reduc. density (rho*): 0.3
# reduc. temp (T*):      1.2
Step:  19999      NAcc:  10000      fAcc:  0.500      Maxd:  3.62546    E*/N:  -2.29735   P*:     nan        P*cold: nan        Mu*_xs: -0.00000   Cv*/N_xs:  0.00000         E(kJ/mol): -2.291     P(bar):    0.053     
Step:  39999      NAcc:  20001      fAcc:  0.500      Maxd:  1.92203    E*/N:  -2.31849   P*:     nan        P*cold: nan        Mu*_xs: -0.00000   Cv*/N_xs:  0.00000         E(kJ/mol): -2.312     P(bar):    0.032     
Step:  59999      NAcc:  30001      fAcc:  0.500      Maxd:  10.01977   E*/N:  -2.34407   P*:     nan        P*cold: nan        Mu*_xs: -0.00000   Cv*/N_xs:  0.00000         E(kJ/mol): -2.338     P(bar):    0.081     
Step:  79999      NAcc:  40000      fAcc:  0.500      Maxd:  0.93369    E*/N:  -2.30837   P*:     nan        P*cold: nan        Mu*_xs: -0.00000   Cv*/N_xs:  0.00000         E(kJ/mol): -2.302     P(bar):    0.114     
Step:  99999      NAcc:  50001      fAcc:  0.500      Maxd:  5.01721    E*/N:  -2.39701   P*:     nan        P*cold: nan        Mu*_xs: -0.00000   Cv*/N_xs:  0.00000         E(kJ/mol): -2.391     P(bar):    0.073     
Step:  119999     NAcc:  60000      fAcc:  0.500      Maxd:  0.45007    E*/N:  -2.36643   P*:     nan        P*cold: nan        Mu*_xs: -0.00000   Cv*/N_xs:  0.00000         E(kJ/mol): -2.360     P(bar):    0.083     
Step:  139999     NAcc:  69999      fAcc:  0.500      Maxd:  0.66238    E*/N:  -2.36318   P*:     nan        P*cold: nan        Mu*_xs: -0.00000   Cv*/N_xs:  0.00000         E(kJ/mol): -2.357     P(bar):    0.141     
Step:  159999     NAcc:  79998      fAcc:  0.500      Maxd:  0.37124    E*/N:  -2.35777   P*:     nan        P*cold: nan        Mu*_xs: -0.00000   Cv*/N_xs:  0.00000         E(kJ/mol): -2.352     P(bar):    0.030     
Step:  179999     NAcc:  90000      fAcc:  0.500      Maxd:  0.81057    E*/N:  -2.34415   P*:     nan        P*cold: nan        Mu*_xs: -0.00000   Cv*/N_xs:  0.00000         E(kJ/mol): -2.338     P(bar):    0.116     
Step:  199999     NAcc:  99997      fAcc:  0.500      Maxd:  0.77835    E*/N:  -2.37926   P*:     nan        P*cold: nan        Mu*_xs: -0.00000   Cv*/N_xs:  0.00000         E(kJ/mol): -2.373     P(bar):    0.130     
Step:  219999     NAcc:  109998     fAcc:  0.500      Maxd:  1.14267    E*/N:  -2.44050   P*:     nan        P*cold: nan        Mu*_xs: -0.00000   Cv*/N_xs:  0.00000         E(kJ/mol): -2.434     P(bar):    0.071     
Step:  239999     NAcc:  119994     fAcc:  0.500      Maxd:  0.75364    E*/N:  -2.42703   P*:     nan        P*cold: nan        Mu*_xs: -0.00000   Cv*/N_xs:  0.00000         E(kJ/mol): -2.421     P(bar):    0.117     
Step:  259999     NAcc:  130002     fAcc:  0.500      Maxd:  1.20351    E*/N:  -2.34624   P*:     nan        P*cold: nan        Mu*_xs: -0.00000   Cv*/N_xs:  0.00000         E(kJ/mol): -2.340     P(bar):    0.003     
Step:  279999     NAcc:  139999     fAcc:  0.500      Maxd:  0.37025    E*/N:  -2.31665   P*:     nan        P*cold: nan        Mu*_xs: -0.00000   Cv*/N_xs:  0.00000         E(kJ/mol): -2.311     P(bar):    0.072     
Step:  299999     NAcc:  150001     fAcc:  0.500      Maxd:  0.63805    E*/N:  -2.27216   P*:     nan        P*cold: nan        Mu*_xs: -0.00000   Cv*/N_xs:  0.00000         E(kJ/mol): -2.266     P(bar):    0.167     
Step:  319999     NAcc:  159999     fAcc:  0.500      Maxd:  0.35519    E*/N:  -2.25017   P*:     nan        P*cold: nan        Mu*_xs: -0.00000   Cv*/N_xs:  0.00000         E(kJ/mol): -2.244     P(bar):    0.169     
Step:  339999     NAcc:  169997     fAcc:  0.500      Maxd:  0.33247    E*/N:  -2.27597   P*:     nan        P*cold: nan        Mu*_xs: -0.00000   Cv*/N_xs:  0.00000         E(kJ/mol): -2.270     P(bar):    0.038     
Step:  359999     NAcc:  180002     fAcc:  0.500      Maxd:  1.05612    E*/N:  -2.29560   P*:     nan        P*cold: nan        Mu*_xs: -0.00000   Cv*/N_xs:  0.00000         E(kJ/mol): -2.290     P(bar):    0.110     
Step:  379999     NAcc:  189999     fAcc:  0.500      Maxd:  0.32851    E*/N:  -2.24439   P*:     nan        P*cold: nan        Mu*_xs: -0.00000   Cv*/N_xs:  0.00000         E(kJ/mol): -2.239     P(bar):    0.153     
Step:  399999     NAcc:  199998     fAcc:  0.500      Maxd:  0.39412    E*/N:  -2.25266   P*:     nan        P*cold: nan        Mu*_xs: -0.00000   Cv*/N_xs:  0.00000         E(kJ/mol): -2.247     P(bar):    0.079     
Step:  419999     NAcc:  209997     fAcc:  0.500      Maxd:  0.40575    E*/N:  -2.21768   P*:     nan        P*cold: nan        Mu*_xs: -0.00000   Cv*/N_xs:  0.00000         E(kJ/mol): -2.212     P(bar):    0.090     
Step:  439999     NAcc:  220002     fAcc:  0.500      Maxd:  0.71247    E*/N:  -2.19889   P*:     nan        P*cold: nan        Mu*_xs: -0.00000   Cv*/N_xs:  0.00000         E(kJ/mol): -2.193     P(bar):    0.104     
Step:  459999     NAcc:  230003     fAcc:  0.500      Maxd:  1.42471    E*/N:  -2.23943   P*:     nan        P*cold: nan        Mu*_xs: -0.00000   Cv*/N_xs:  0.00000         E(kJ/mol): -2.234     P(bar):    0.117     
Step:  479999     NAcc:  240001     fAcc:  0.500      Maxd:  0.68297    E*/N:  -2.27442   P*:     nan        P*cold: nan        Mu*_xs: -0.00000   Cv*/N_xs:  0.00000         E(kJ/mol): -2.268     P(bar):    0.062     
Step:  499999     NAcc:  249997     fAcc:  0.500      Maxd:  0.36017    E*/N:  -2.28430   P*:     nan        P*cold: nan        Mu*_xs: -0.00000   Cv*/N_xs:  0.00000         E(kJ/mol): -2.278     P(bar):    0.037     
Step:  519999     NAcc:  260001     fAcc:  0.500      Maxd:  0.48840    E*/N:  -2.32170   P*:     nan        P*cold: nan        Mu*_xs: -0.00000   Cv*/N_xs:  0.00000         E(kJ/mol): -2.316     P(bar):    0.095     
Step:  539999     NAcc:  270000     fAcc:  0.500      Maxd:  0.34639    E*/N:  -2.30890   P*:     nan        P*cold: nan        Mu*_xs: -0.00000   Cv*/N_xs:  0.00000         E(kJ/mol): -2.303     P(bar):    0.127     
Step:  559999     NAcc:  280001     fAcc:  0.500      Maxd:  0.51235    E*/N:  -2.36773   P*:     nan        P*cold: nan        Mu*_xs: -0.00000   Cv*/N_xs:  0.00000         E(kJ/mol): -2.362     P(bar):    0.091     
Step:  579999     NAcc:  290001     fAcc:  0.500      Maxd:  0.84485    E*/N:  -2.28539   P*:     nan        P*cold: nan        Mu*_xs: -0.00000   Cv*/N_xs:  0.00000         E(kJ/mol): -2.279     P(bar):    0.132     
Step:  599999     NAcc:  300000     fAcc:  0.500      Maxd:  0.39966    E*/N:  -2.31803   P*:     nan        P*cold: nan        Mu*_xs: -0.00000   Cv*/N_xs:  0.00000         E(kJ/mol): -2.312     P(bar):    0.037     
Step:  619999     NAcc:  310001     fAcc:  0.500      Maxd:  1.73188    E*/N:  -2.32614   P*:     nan        P*cold: nan        Mu*_xs: -0.00000   Cv*/N_xs:  0.00000         E(kJ/mol): -2.320     P(bar):    0.146     
Step:  639999     NAcc:  320002     fAcc:  0.500      Maxd:  1.53998    E*/N:  -2.34715   P*:     nan        P*cold: nan        Mu*_xs: -0.00000   Cv*/N_xs:  0.00000         E(kJ/mol): -2.341     P(bar):    0.103     
Step:  659999     NAcc:  330001     fAcc:  0.500      Maxd:  0.46998    E*/N:  -2.39419   P*:     nan        P*cold: nan        Mu*_xs: -0.00000   Cv*/N_xs:  0.00000         E(kJ/mol): -2.388     P(bar):    0.104     
Step:  679999     NAcc:  340000     fAcc:  0.500      Maxd:  2.48407    E*/N:  -2.27654   P*:     nan        P*cold: nan        Mu*_xs: -0.00000   Cv*/N_xs:  0.00000         E(kJ/mol): -2.271     P(bar):    0.106     
Step:  699999     NAcc:  350000     fAcc:  0.500      Maxd:  1.55518    E*/N:  -2.28203   P*:     nan        P*cold: nan        Mu*_xs: -0.00000   Cv*/N_xs:  0.00000         E(kJ/mol): -2.276     P(bar):    0.021     
Step:  719999     NAcc:  360000     fAcc:  0.500      Maxd:  0.34136    E*/N:  -2.34057   P*:     nan        P*cold: nan        Mu*_xs: -0.00000   Cv*/N_xs:  0.00000         E(kJ/mol): -2.334     P(bar):    0.060     
Step:  739999     NAcc:  370001     fAcc:  0.500      Maxd:  0.98321    E*/N:  -2.31804   P*:     nan        P*cold: nan        Mu*_xs: -0.00000   Cv*/N_xs:  0.00000         E(kJ/mol): -2.312     P(bar):    0.089     
Step:  759999     NAcc:  380003     fAcc:  0.500      Maxd:  3.09831    E*/N:  -2.33370   P*:     nan        P*cold: nan        Mu*_xs: -0.00000   Cv*/N_xs:  0.00000         E(kJ/mol): -2.328     P(bar):    0.021     
Step:  779999     NAcc:  389997     fAcc:  0.500      Maxd:  2.52506    E*/N:  -2.39381   P*:     nan        P*cold: nan        Mu*_xs: -0.00000   Cv*/N_xs:  0.00000         E(kJ/mol): -2.388     P(bar):    0.065     
Step:  799999     NAcc:  400002     fAcc:  0.500      Maxd:  1.52561    E*/N:  -2.25966   P*:     nan        P*cold: nan        Mu*_xs: -0.00000   Cv*/N_xs:  0.00000         E(kJ/mol): -2.254     P(bar):    0.072     
Step:  819999     NAcc:  409999     fAcc:  0.500      Maxd:  2.59893    E*/N:  -2.37874   P*:     nan        P*cold: nan        Mu*_xs: -0.00000   Cv*/N_xs:  0.00000         E(kJ/mol): -2.373     P(bar):    0.091     
Step:  839999     NAcc:  420002     fAcc:  0.500      Maxd:  1.47162    E*/N:  -2.37404   P*:     nan        P*cold: nan        Mu*_xs: -0.00000   Cv*/N_xs:  0.00000         E(kJ/mol): -2.368     P(bar):    0.064     
Step:  859999     NAcc:  430002     fAcc:  0.500      Maxd:  1.40115    E*/N:  -2.33836   P*:     nan        P*cold: nan        Mu*_xs: -0.00000   Cv*/N_xs:  0.00000         E(kJ/mol): -2.332     P(bar):    0.125     
Step:  879999     NAcc:  439999     fAcc:  0.500      Maxd:  0.64335    E*/N:  -2.33964   P*:     nan        P*cold: nan        Mu*_xs: -0.00000   Cv*/N_xs:  0.00000         E(kJ/mol): -2.334     P(bar):    0.067     
Step:  899999     NAcc:  450000     fAcc:  0.500      Maxd:  0.37419    E*/N:  -2.33855   P*:     nan        P*cold: nan        Mu*_xs: -0.00000   Cv*/N_xs:  0.00000         E(kJ/mol): -2.332     P(bar):    0.091     
Step:  919999     NAcc:  459999     fAcc:  0.500      Maxd:  6.27136    E*/N:  -2.32347   P*:     nan        P*cold: nan        Mu*_xs: -0.00000   Cv*/N_xs:  0.00000         E(kJ/mol): -2.317     P(bar):    0.124     
Step:  939999     NAcc:  470000     fAcc:  0.500      Maxd:  1.66224    E*/N:  -2.34952   P*:     nan        P*cold: nan        Mu*_xs: -0.00000   Cv*/N_xs:  0.00000         E(kJ/mol): -2.343     P(bar):    0.093     
Step:  959999     NAcc:  479999     fAcc:  0.500      Maxd:  0.36023    E*/N:  -2.33355   P*:     nan        P*cold: nan        Mu*_xs: -0.00000   Cv*/N_xs:  0.00000         E(kJ/mol): -2.327     P(bar):    0.107     
Step:  979999     NAcc:  490001     fAcc:  0.500      Maxd:  0.83275    E*/N:  -2.33320   P*:     nan        P*cold: nan        Mu*_xs: -0.00000   Cv*/N_xs:  0.00000         E(kJ/mol): -2.327     P(bar):    0.191     
Step:  999999     NAcc:  500000     fAcc:  0.500      Maxd:  0.38458    E*/N:  -2.39230   P*:     nan        P*cold: nan        Mu*_xs: -0.00000   Cv*/N_xs:  0.00000         E(kJ/mol): -2.386     P(bar):    0.134     
Step:  1019999    NAcc:  509998     fAcc:  0.500      Maxd:  1.58313    E*/N:  -2.39073   P*:     nan        P*cold: nan        Mu*_xs: -0.00000   Cv*/N_xs:  0.00000         E(kJ/mol): -2.384     P(bar):    0.136     
Step:  1039999    NAcc:  520000     fAcc:  0.500      Maxd:  1.14809    E*/N:  -2.42040   P*:     nan        P*cold: nan        Mu*_xs: -0.00000   Cv*/N_xs:  0.00000         E(kJ/mol): -2.414     P(bar):    0.142     
Step:  1059999    NAcc:  530001     fAcc:  0.500      Maxd:  19.78434   E*/N:  -2.47482   P*:     nan        P*cold: nan        Mu*_xs: -0.00000   Cv*/N_xs:  0.00000         E(kJ/mol): -2.468     P(bar):    0.098     
Step:  1079999    NAcc:  540000     fAcc:  0.500      Maxd:  0.33319    E*/N:  -2.54510   P*:     nan        P*cold: nan        Mu*_xs: -0.00000   Cv*/N_xs:  0.00000         E(kJ/mol): -2.538     P(bar):    0.134     
Step:  1099999    NAcc:  549998     fAcc:  0.500      Maxd:  1.48083    E*/N:  -2.50137   P*:     nan        P*cold: nan        Mu*_xs: -0.00000   Cv*/N_xs:  0.00000         E(kJ/mol): -2.495     P(bar):    0.046     
Step:  1119999    NAcc:  560000     fAcc:  0.500      Maxd:  2.02014    E*/N:  -2.52304   P*:     nan        P*cold: nan        Mu*_xs: -0.00000   Cv*/N_xs:  0.00000         E(kJ/mol): -2.516     P(bar):    0.050     
Step:  1139999    NAcc:  570001     fAcc:  0.500      Maxd:  0.95635    E*/N:  -2.54684   P*:     nan        P*cold: nan        Mu*_xs: -0.00000   Cv*/N_xs:  0.00000         E(kJ/mol): -2.540     P(bar):    0.008     
Step:  1159999    NAcc:  579998     fAcc:  0.500      Maxd:  0.36611    E*/N:  -2.42305   P*:     nan        P*cold: nan        Mu*_xs: -0.00000   Cv*/N_xs:  0.00000         E(kJ/mol): -2.417     P(bar):    0.077     
Step:  1179999    NAcc:  590001     fAcc:  0.500      Maxd:  1.04086    E*/N:  -2.43225   P*:     nan        P*cold: nan        Mu*_xs: -0.00000   Cv*/N_xs:  0.00000         E(kJ/mol): -2.426     P(bar):    0.050     
Step:  1199999    NAcc:  600001     fAcc:  0.500      Maxd:  2.14114    E*/N:  -2.45936   P*:     nan        P*cold: nan        Mu*_xs: -0.00000   Cv*/N_xs:  0.00000         E(kJ/mol): -2.453     P(bar):    0.107     
Step:  1219999    NAcc:  610000     fAcc:  0.500      Maxd:  1.81951    E*/N:  -2.48189   P*:     nan        P*cold: nan        Mu*_xs: -0.00000   Cv*/N_xs:  0.00000         E(kJ/mol): -2.475     P(bar):    0.116     
Step:  1239999    NAcc:  620000     fAcc:  0.500      Maxd:  6.66838    E*/N:  -2.58342   P*:     nan        P*cold: nan        Mu*_xs: -0.00000   Cv*/N_xs:  0.00000         E(kJ/mol): -2.577     P(bar):    0.105     
Step:  1259999    NAcc:  629999     fAcc:  0.500      Maxd:  0.38961    E*/N:  -2.61642   P*:     nan        P*cold: nan        Mu*_xs: -0.00000   Cv*/N_xs:  0.00000         E(kJ/mol): -2.610     P(bar):    0.132     
Step:  1279999    NAcc:  639999     fAcc:  0.500      Maxd:  2.45505    E*/N:  -2.61260   P*:     nan        P*cold: nan        Mu*_xs: -0.00000   Cv*/N_xs:  0.00000         E(kJ/mol): -2.606     P(bar):    0.098     
Step:  1299999    NAcc:  650001     fAcc:  0.500      Maxd:  1.03733    E*/N:  -2.46711   P*:     nan        P*cold: nan        Mu*_xs: -0.00000   Cv*/N_xs:  0.00000         E(kJ/mol): -2.461     P(bar):    0.170     
Step:  1319999    NAcc:  660000     fAcc:  0.500      Maxd:  3.74784    E*/N:  -2.48198   P*:     nan        P*cold: nan        Mu*_xs: -0.00000   Cv*/N_xs:  0.00000         E(kJ/mol): -2.475     P(bar):    0.081     
Step:  1339999    NAcc:  670000     fAcc:  0.500      Maxd:  3.06513    E*/N:  -2.42861   P*:     nan        P*cold: nan        Mu*_xs: -0.00000   Cv*/N_xs:  0.00000         E(kJ/mol): -2.422     P(bar):    0.024     
Step:  1359999    NAcc:  679999     fAcc:  0.500      Maxd:  0.50317    E*/N:  -2.41788   P*:     nan        P*cold: nan        Mu*_xs: -0.00000   Cv*/N_xs:  0.00000         E(kJ/mol): -2.412     P(bar):    0.090     
Step:  1379999    NAcc:  690002     fAcc:  0.500      Maxd:  0.75875    E*/N:  -2.38411   P*:     nan        P*cold: nan        Mu*_xs: -0.00000   Cv*/N_xs:  0.00000         E(kJ/mol): -2.378     P(bar):    0.105     
Step:  1399999    NAcc:  700002     fAcc:  0.500      Maxd:  0.74241    E*/N:  -2.41086   P*:     nan        P*cold: nan        Mu*_xs: -0.00000   Cv*/N_xs:  0.00000         E(kJ/mol): -2.405     P(bar):    0.110     
Step:  1419999    NAcc:  710001     fAcc:  0.500      Maxd:  0.51005    E*/N:  -2.49534   P*:     nan        P*cold: nan        Mu*_xs: -0.00000   Cv*/N_xs:  0.00000         E(kJ/mol): -2.489     P(bar):    0.169     
Step:  1439999    NAcc:  719999     fAcc:  0.500      Maxd:  2.17129    E*/N:  -2.53193   P*:     nan        P*cold: nan        Mu*_xs: -0.00000   Cv*/N_xs:  0.00000         E(kJ/mol): -2.525     P(bar):    0.093     
Step:  1459999    NAcc:  730003     fAcc:  0.500      Maxd:  1.67721    E*/N:  -2.44308   P*:     nan        P*cold: nan        Mu*_xs: -0.00000   Cv*/N_xs:  0.00000         E(kJ/mol): -2.437     P(bar):    0.114     
Step:  1479999    NAcc:  740000     fAcc:  0.500      Maxd:  2.89754    E*/N:  -2.39611   P*:     nan        P*cold: nan        Mu*_xs: -0.00000   Cv*/N_xs:  0.00000         E(kJ/mol): -2.390     P(bar):    0.014     
Step:  1499999    NAcc:  750001     fAcc:  0.500      Maxd:  0.67389    E*/N:  -2.39018   P*:     nan        P*cold: nan        Mu*_xs: -0.00000   Cv*/N_xs:  0.00000         E(kJ/mol): -2.384     P(bar):    0.053     
Step:  1519999    NAcc:  760002     fAcc:  0.500      Maxd:  3.07561    E*/N:  -2.35557   P*:     nan        P*cold: nan        Mu*_xs: -0.00000   Cv*/N_xs:  0.00000         E(kJ/mol): -2.349     P(bar):    0.116     
Step:  1539999    NAcc:  770000     fAcc:  0.500      Maxd:  0.47413    E*/N:  -2.40609   P*:     nan        P*cold: nan        Mu*_xs: -0.00000   Cv*/N_xs:  0.00000         E(kJ/mol): -2.400     P(bar):    0.019     
Step:  1559999    NAcc:  780001     fAcc:  0.500      Maxd:  3.37097    E*/N:  -2.41160   P*:     nan        P*cold: nan        Mu*_xs: -0.00000   Cv*/N_xs:  0.00000         E(kJ/mol): -2.405     P(bar):    0.122     
Step:  1579999    NAcc:  790001     fAcc:  0.500      Maxd:  0.51953    E*/N:  -2.37213   P*:     nan        P*cold: nan        Mu*_xs: -0.00000   Cv*/N_xs:  0.00000         E(kJ/mol): -2.366     P(bar):    0.081     
Step:  1599999    NAcc:  800000     fAcc:  0.500      Maxd:  0.37152    E*/N:  -2.32617   P*:     nan        P*cold: nan        Mu*_xs: -0.00000   Cv*/N_xs:  0.00000         E(kJ/mol): -2.320     P(bar):    0.112     
Step:  1619999    NAcc:  809997     fAcc:  0.500      Maxd:  0.33679    E*/N:  -2.31888   P*:     nan        P*cold: nan        Mu*_xs: -0.00000   Cv*/N_xs:  0.00000         E(kJ/mol): -2.313     P(bar):    0.002     
Step:  1639999    NAcc:  820001     fAcc:  0.500      Maxd:  1.05308    E*/N:  -2.27143   P*:     nan        P*cold: nan        Mu*_xs: -0.00000   Cv*/N_xs:  0.00000         E(kJ/mol): -2.265     P(bar):    0.191     
Step:  1659999    NAcc:  830001     fAcc:  0.500      Maxd:  7.07344    E*/N:  -2.34226   P*:     nan        P*cold: nan        Mu*_xs: -0.00000   Cv*/N_xs:  0.00000         E(kJ/mol): -2.336     P(bar):    0.093     
Step:  1679999    NAcc:  840001     fAcc:  0.500      Maxd:  2.04506    E*/N:  -2.37798   P*:     nan        P*cold: nan        Mu*_xs: -0.00000   Cv*/N_xs:  0.00000         E(kJ/mol): -2.372     P(bar):    0.074     
Step:  1699999    NAcc:  850002     fAcc:  0.500      Maxd:  13.55192   E*/N:  -2.25603   P*:     nan        P*cold: nan        Mu*_xs: -0.00000   Cv*/N_xs:  0.00000         E(kJ/mol): -2.250     P(bar):    0.191     
Step:  1719999    NAcc:  860001     fAcc:  0.500      Maxd:  0.47551    E*/N:  -2.31310   P*:     nan        P*cold: nan        Mu*_xs: -0.00000   Cv*/N_xs:  0.00000         E(kJ/mol): -2.307     P(bar):    0.051     
Step:  1739999    NAcc:  869999     fAcc:  0.500      Maxd:  0.37110    E*/N:  -2.33821   P*:     nan        P*cold: nan        Mu*_xs: -0.00000   Cv*/N_xs:  0.00000         E(kJ/mol): -2.332     P(bar):    0.128     
Step:  1759999    NAcc:  879998     fAcc:  0.500      Maxd:  3.31796    E*/N:  -2.35056   P*:     nan        P*cold: nan        Mu*_xs: -0.00000   Cv*/N_xs:  0.00000         E(kJ/mol): -2.344     P(bar):    0.021     
Step:  1779999    NAcc:  890000     fAcc:  0.500      Maxd:  0.39917    E*/N:  -2.28557   P*:     nan        P*cold: nan        Mu*_xs: -0.00000   Cv*/N_xs:  0.00000         E(kJ/mol): -2.280     P(bar):    0.113     
Step:  1799999    NAcc:  900000     fAcc:  0.500      Maxd:  0.55293    E*/N:  -2.35904   P*:     nan        P*cold: nan        Mu*_xs: -0.00000   Cv*/N_xs:  0.00000         E(kJ/mol): -2.353     P(bar):    0.111     
Step:  1819999    NAcc:  910000     fAcc:  0.500      Maxd:  0.74194    E*/N:  -2.30505   P*:     nan        P*cold: nan        Mu*_xs: -0.00000   Cv*/N_xs:  0.00000         E(kJ/mol): -2.299     P(bar):    0.088     
Step:  1839999    NAcc:  919999     fAcc:  0.500      Maxd:  0.67240    E*/N:  -2.33496   P*:     nan        P*cold: nan        Mu*_xs: -0.00000   Cv*/N_xs:  0.00000         E(kJ/mol): -2.329     P(bar):    0.089     
Step:  1859999    NAcc:  930000     fAcc:  0.500      Maxd:  1.37973    E*/N:  -2.42639   P*:     nan        P*cold: nan        Mu*_xs: -0.00000   Cv*/N_xs:  0.00000         E(kJ/mol): -2.420     P(bar):    0.103     
Step:  1879999    NAcc:  939998     fAcc:  0.500      Maxd:  1.25796    E*/N:  -2.35725   P*:     nan        P*cold: nan        Mu*_xs: -0.00000   Cv*/N_xs:  0.00000         E(kJ/mol): -2.351     P(bar):    0.141     
Step:  1899999    NAcc:  950000     fAcc:  0.500      Maxd:  0.40222    E*/N:  -2.35162   P*:     nan        P*cold: nan        Mu*_xs: -0.00000   Cv*/N_xs:  0.00000         E(kJ/mol): -2.345     P(bar):    0.113     
Step:  1919999    NAcc:  959996     fAcc:  0.500      Maxd:  2.09159    E*/N:  -2.39537   P*:     nan        P*cold: nan        Mu*_xs: -0.00000   Cv*/N_xs:  0.00000         E(kJ/mol): -2.389     P(bar):    0.064     
Step:  1939999    NAcc:  969999     fAcc:  0.500      Maxd:  0.35561    E*/N:  -2.36778   P*:     nan        P*cold: nan        Mu*_xs: -0.00000   Cv*/N_xs:  0.00000         E(kJ/mol): -2.362     P(bar):    0.080     
Step:  1959999    NAcc:  980000     fAcc:  0.500      Maxd:  2.90386    E*/N:  -2.25129   P*:     nan        P*cold: nan        Mu*_xs: -0.00000   Cv*/N_xs:  0.00000         E(kJ/mol): -2.245     P(bar):    0.106     
Step:  1979999    NAcc:  990002     fAcc:  0.500      Maxd:  0.76086    E*/N:  -2.34609   P*:     nan        P*cold: nan        Mu*_xs: -0.00000   Cv*/N_xs:  0.00000         E(kJ/mol): -2.340     P(bar):    0.057     
Step:  1999999    NAcc:  1000003    fAcc:  0.500      Maxd:  1.03149    E*/N:  -2.25094   P*:     nan        P*cold: nan        Mu*_xs: -0.00000   Cv*/N_xs:  0.00000         E(kJ/mol): -2.245     P(bar):    0.189     
Step:  2019999    NAcc:  1010001    fAcc:  0.500      Maxd:  2.38990    E*/N:  -2.24667   P*:     0.07888    P*cold: -0.28112   Mu*_xs: -2.11483   Cv*/N_xs:  0.24181         E(kJ/mol): -2.241     P(bar):    0.018     
Step:  2039999    NAcc:  1020000    fAcc:  0.500      Maxd:  0.33031    E*/N:  -2.35680   P*:     0.07069    P*cold: -0.28931   Mu*_xs: -2.14394   Cv*/N_xs:  0.47680         E(kJ/mol): -2.351     P(bar):    0.013     
Step:  2059999    NAcc:  1030001    fAcc:  0.500      Maxd:  2.47341    E*/N:  -2.42676   P*:     0.07180    P*cold: -0.28820   Mu*_xs: -2.14321   Cv*/N_xs:  1.04365         E(kJ/mol): -2.420     P(bar):    0.088     
Step:  2079999    NAcc:  1040000    fAcc:  0.500      Maxd:  1.30832    E*/N:  -2.31875   P*:     0.08829    P*cold: -0.27171   Mu*_xs: -2.12782   Cv*/N_xs:  1.25451         E(kJ/mol): -2.313     P(bar):    0.139     
Step:  2099999    NAcc:  1050001    fAcc:  0.500      Maxd:  3.03281    E*/N:  -2.38645   P*:     0.09644    P*cold: -0.26356   Mu*_xs: -2.12683   Cv*/N_xs:  1.15132         E(kJ/mol): -2.380     P(bar):    0.093     
Step:  2119999    NAcc:  1060000    fAcc:  0.500      Maxd:  0.35133    E*/N:  -2.38245   P*:     0.09637    P*cold: -0.26363   Mu*_xs: -2.12106   Cv*/N_xs:  1.11001         E(kJ/mol): -2.376     P(bar):    0.134     
Step:  2139999    NAcc:  1070004    fAcc:  0.500      Maxd:  2.95717    E*/N:  -2.36590   P*:     0.09721    P*cold: -0.26279   Mu*_xs: -2.11277   Cv*/N_xs:  1.00686         E(kJ/mol): -2.360     P(bar):    0.034     
Step:  2159999    NAcc:  1079999    fAcc:  0.500      Maxd:  0.49713    E*/N:  -2.33865   P*:     0.09354    P*cold: -0.26646   Mu*_xs: -2.10670   Cv*/N_xs:  0.94132         E(kJ/mol): -2.333     P(bar):    0.087     
Step:  2179999    NAcc:  1089996    fAcc:  0.500      Maxd:  0.32591    E*/N:  -2.37489   P*:     0.09534    P*cold: -0.26466   Mu*_xs: -2.10257   Cv*/N_xs:  0.87103         E(kJ/mol): -2.369     P(bar):    0.076     
Step:  2199999    NAcc:  1100003    fAcc:  0.500      Maxd:  0.98891    E*/N:  -2.35745   P*:     0.09422    P*cold: -0.26578   Mu*_xs: -2.09872   Cv*/N_xs:  0.84852         E(kJ/mol): -2.351     P(bar):    0.088     
Step:  2219999    NAcc:  1110001    fAcc:  0.500      Maxd:  1.07872    E*/N:  -2.33262   P*:     0.09305    P*cold: -0.26695   Mu*_xs: -2.09952   Cv*/N_xs:  0.81509         E(kJ/mol): -2.327     P(bar):    0.023     
Step:  2239999    NAcc:  1120001    fAcc:  0.500      Maxd:  7.54755    E*/N:  -2.45137   P*:     0.09321    P*cold: -0.26679   Mu*_xs: -2.09790   Cv*/N_xs:  0.83958         E(kJ/mol): -2.445     P(bar):    0.122     
Step:  2259999    NAcc:  1130001    fAcc:  0.500      Maxd:  0.57837    E*/N:  -2.37524   P*:     0.09511    P*cold: -0.26489   Mu*_xs: -2.09288   Cv*/N_xs:  0.96583         E(kJ/mol): -2.369     P(bar):    0.139     
Step:  2279999    NAcc:  1139998    fAcc:  0.500      Maxd:  1.09621    E*/N:  -2.43602   P*:     0.09389    P*cold: -0.26611   Mu*_xs: -2.09372   Cv*/N_xs:  1.22022         E(kJ/mol): -2.430     P(bar):    0.049     
Step:  2299999    NAcc:  1150002    fAcc:  0.500      Maxd:  0.72263    E*/N:  -2.42698   P*:     0.09039    P*cold: -0.26961   Mu*_xs: -2.09415   Cv*/N_xs:  1.22866         E(kJ/mol): -2.421     P(bar):    -0.009    
Step:  2319999    NAcc:  1159999    fAcc:  0.500      Maxd:  0.66448    E*/N:  -2.32948   P*:     0.09290    P*cold: -0.26710   Mu*_xs: -2.09823   Cv*/N_xs:  1.22126         E(kJ/mol): -2.323     P(bar):    0.084     
Step:  2339999    NAcc:  1169999    fAcc:  0.500      Maxd:  0.54631    E*/N:  -2.34086   P*:     0.09414    P*cold: -0.26586   Mu*_xs: -2.10041   Cv*/N_xs:  1.18287         E(kJ/mol): -2.335     P(bar):    0.094     
Step:  2359999    NAcc:  1179999    fAcc:  0.500      Maxd:  1.19581    E*/N:  -2.39270   P*:     0.09206    P*cold: -0.26794   Mu*_xs: -2.09561   Cv*/N_xs:  1.23974         E(kJ/mol): -2.386     P(bar):    0.134     
Step:  2379999    NAcc:  1189999    fAcc:  0.500      Maxd:  0.32744    E*/N:  -2.40548   P*:     0.09444    P*cold: -0.26556   Mu*_xs: -2.08736   Cv*/N_xs:  1.19995         E(kJ/mol): -2.399     P(bar):    0.084     
Step:  2399999    NAcc:  1200001    fAcc:  0.500      Maxd:  0.51190    E*/N:  -2.45704   P*:     0.09758    P*cold: -0.26242   Mu*_xs: -2.08790   Cv*/N_xs:  1.22548         E(kJ/mol): -2.451     P(bar):    0.083     
Step:  2419999    NAcc:  1210002    fAcc:  0.500      Maxd:  1.64040    E*/N:  -2.34364   P*:     0.09821    P*cold: -0.26179   Mu*_xs: -2.08363   Cv*/N_xs:  1.24395         E(kJ/mol): -2.338     P(bar):    0.130     
Step:  2439999    NAcc:  1219999    fAcc:  0.500      Maxd:  0.35257    E*/N:  -2.46255   P*:     0.09752    P*cold: -0.26248   Mu*_xs: -2.08117   Cv*/N_xs:  1.35211         E(kJ/mol): -2.456     P(bar):    0.061     
Step:  2459999    NAcc:  1229995    fAcc:  0.500      Maxd:  1.84907    E*/N:  -2.39378   P*:     0.09811    P*cold: -0.26189   Mu*_xs: -2.08226   Cv*/N_xs:  1.30933         E(kJ/mol): -2.388     P(bar):    0.059     
Step:  2479999    NAcc:  1240002    fAcc:  0.500      Maxd:  5.00760    E*/N:  -2.42638   P*:     0.09911    P*cold: -0.26089   Mu*_xs: -2.08167   Cv*/N_xs:  1.31759         E(kJ/mol): -2.420     P(bar):    0.129     
Step:  2499999    NAcc:  1250001    fAcc:  0.500      Maxd:  0.70611    E*/N:  -2.45351   P*:     0.10034    P*cold: -0.25966   Mu*_xs: -2.08128   Cv*/N_xs:  1.39079         E(kJ/mol): -2.447     P(bar):    0.134     
Step:  2519999    NAcc:  1260001    fAcc:  0.500      Maxd:  2.42289    E*/N:  -2.47615   P*:     0.10040    P*cold: -0.25960   Mu*_xs: -2.07491   Cv*/N_xs:  1.54817         E(kJ/mol): -2.470     P(bar):    0.043     
Step:  2539999    NAcc:  1269999    fAcc:  0.500      Maxd:  1.17110    E*/N:  -2.38120   P*:     0.09905    P*cold: -0.26095   Mu*_xs: -2.07175   Cv*/N_xs:  1.53827         E(kJ/mol): -2.375     P(bar):    0.041     
Step:  2559999    NAcc:  1280000    fAcc:  0.500      Maxd:  0.33681    E*/N:  -2.32736   P*:     0.09953    P*cold: -0.26047   Mu*_xs: -2.07202   Cv*/N_xs:  1.50157         E(kJ/mol): -2.321     P(bar):    0.088     
Step:  2579999    NAcc:  1290001    fAcc:  0.500      Maxd:  2.04514    E*/N:  -2.35723   P*:     0.09970    P*cold: -0.26030   Mu*_xs: -2.07230   Cv*/N_xs:  1.55212         E(kJ/mol): -2.351     P(bar):    0.017     
Step:  2599999    NAcc:  1299998    fAcc:  0.500      Maxd:  0.59114    E*/N:  -2.29904   P*:     0.09943    P*cold: -0.26057   Mu*_xs: -2.07396   Cv*/N_xs:  1.61112         E(kJ/mol): -2.293     P(bar):    0.036     
Step:  2619999    NAcc:  1309997    fAcc:  0.500      Maxd:  0.40268    E*/N:  -2.31388   P*:     0.09924    P*cold: -0.26076   Mu*_xs: -2.07561   Cv*/N_xs:  1.58944         E(kJ/mol): -2.308     P(bar):    0.092     
Step:  2639999    NAcc:  1320001    fAcc:  0.500      Maxd:  0.79045    E*/N:  -2.24789   P*:     0.09941    P*cold: -0.26059   Mu*_xs: -2.07633   Cv*/N_xs:  1.64375         E(kJ/mol): -2.242     P(bar):    0.054     
Step:  2659999    NAcc:  1330003    fAcc:  0.500      Maxd:  4.72214    E*/N:  -2.28312   P*:     0.10001    P*cold: -0.25999   Mu*_xs: -2.07869   Cv*/N_xs:  1.73751         E(kJ/mol): -2.277     P(bar):    0.037     
Step:  2679999    NAcc:  1340000    fAcc:  0.500      Maxd:  3.18064    E*/N:  -2.31725   P*:     0.09886    P*cold: -0.26114   Mu*_xs: -2.08028   Cv*/N_xs:  1.76305         E(kJ/mol): -2.311     P(bar):    -0.005    
Step:  2699999    NAcc:  1350001    fAcc:  0.500      Maxd:  0.53779    E*/N:  -2.26130   P*:     0.09900    P*cold: -0.26100   Mu*_xs: -2.08021   Cv*/N_xs:  1.74681         E(kJ/mol): -2.255     P(bar):    0.149     
Step:  2719999    NAcc:  1359995    fAcc:  0.500      Maxd:  0.37714    E*/N:  -2.24907   P*:     0.09820    P*cold: -0.26180   Mu*_xs: -2.08113   Cv*/N_xs:  1.81464         E(kJ/mol): -2.243     P(bar):    0.032     
Step:  2739999    NAcc:  1370002    fAcc:  0.500      Maxd:  0.98740    E*/N:  -2.29127   P*:     0.09755    P*cold: -0.26245   Mu*_xs: -2.07996   Cv*/N_xs:  1.81190         E(kJ/mol): -2.285     P(bar):    0.095     
Step:  2759999    NAcc:  1379997    fAcc:  0.500      Maxd:  0.36847    E*/N:  -2.25732   P*:     0.09742    P*cold: -0.26258   Mu*_xs: -2.08094   Cv*/N_xs:  1.84891         E(kJ/mol): -2.251     P(bar):    0.037     
Step:  2779999    NAcc:  1390002    fAcc:  0.500      Maxd:  2.23793    E*/N:  -2.38229   P*:     0.09684    P*cold: -0.26316   Mu*_xs: -2.08064   Cv*/N_xs:  1.87581         E(kJ/mol): -2.376     P(bar):    0.021     
Step:  2799999    NAcc:  1400000    fAcc:  0.500      Maxd:  0.37538    E*/N:  -2.37993   P*:     0.09730    P*cold: -0.26270   Mu*_xs: -2.07927   Cv*/N_xs:  1.83887         E(kJ/mol): -2.374     P(bar):    0.035     
Step:  2819999    NAcc:  1410001    fAcc:  0.500      Maxd:  1.06719    E*/N:  -2.37467   P*:     0.09791    P*cold: -0.26209   Mu*_xs: -2.07674   Cv*/N_xs:  1.80203         E(kJ/mol): -2.368     P(bar):    0.080     
Step:  2839999    NAcc:  1420001    fAcc:  0.500      Maxd:  4.72763    E*/N:  -2.30463   P*:     0.09823    P*cold: -0.26177   Mu*_xs: -2.07568   Cv*/N_xs:  1.77509         E(kJ/mol): -2.299     P(bar):    0.105     
Step:  2859999    NAcc:  1430000    fAcc:  0.500      Maxd:  0.32562    E*/N:  -2.27869   P*:     0.09797    P*cold: -0.26203   Mu*_xs: -2.07565   Cv*/N_xs:  1.78608         E(kJ/mol): -2.273     P(bar):    0.137     
Step:  2879999    NAcc:  1439999    fAcc:  0.500      Maxd:  0.42955    E*/N:  -2.30900   P*:     0.09777    P*cold: -0.26223   Mu*_xs: -2.07579   Cv*/N_xs:  1.82888         E(kJ/mol): -2.303     P(bar):    -0.021    
Step:  2899999    NAcc:  1450000    fAcc:  0.500      Maxd:  4.39668    E*/N:  -2.28082   P*:     0.09712    P*cold: -0.26288   Mu*_xs: -2.07606   Cv*/N_xs:  1.84208         E(kJ/mol): -2.275     P(bar):    0.124     
Step:  2919999    NAcc:  1459999    fAcc:  0.500      Maxd:  1.99516    E*/N:  -2.26804   P*:     0.09646    P*cold: -0.26354   Mu*_xs: -2.07801   Cv*/N_xs:  1.90585         E(kJ/mol): -2.262     P(bar):    0.012     
Step:  2939999    NAcc:  1470000    fAcc:  0.500      Maxd:  0.64452    E*/N:  -2.20948   P*:     0.09578    P*cold: -0.26422   Mu*_xs: -2.07810   Cv*/N_xs:  1.98258         E(kJ/mol): -2.204     P(bar):    0.073     
Step:  2959999    NAcc:  1479998    fAcc:  0.500      Maxd:  0.37169    E*/N:  -2.16043   P*:     0.09537    P*cold: -0.26463   Mu*_xs: -2.07871   Cv*/N_xs:  2.19654         E(kJ/mol): -2.155     P(bar):    0.076     
Step:  2979999    NAcc:  1490001    fAcc:  0.500      Maxd:  0.46672    E*/N:  -2.17956   P*:     0.09470    P*cold: -0.26530   Mu*_xs: -2.07870   Cv*/N_xs:  2.36904         E(kJ/mol): -2.174     P(bar):    0.078     
Step:  2999999    NAcc:  1500000    fAcc:  0.500      Maxd:  0.45770    E*/N:  -2.25709   P*:     0.09420    P*cold: -0.26580   Mu*_xs: -2.07893   Cv*/N_xs:  2.45009         E(kJ/mol): -2.251     P(bar):    0.084     
Step:  3019999    NAcc:  1509999    fAcc:  0.500      Maxd:  3.63869    E*/N:  -2.26192   P*:     0.09520    P*cold: -0.26480   Mu*_xs: -2.07817   Cv*/N_xs:  2.50827         E(kJ/mol): -2.256     P(bar):    0.112     
Step:  3039999    NAcc:  1520000    fAcc:  0.500      Maxd:  1.33927    E*/N:  -2.25854   P*:     0.09540    P*cold: -0.26460   Mu*_xs: -2.07901   Cv*/N_xs:  2.50008         E(kJ/mol): -2.253     P(bar):    0.084     
Step:  3059999    NAcc:  1530003    fAcc:  0.500      Maxd:  1.61968    E*/N:  -2.29000   P*:     0.09491    P*cold: -0.26509   Mu*_xs: -2.07793   Cv*/N_xs:  2.48306         E(kJ/mol): -2.284     P(bar):    0.045     
Step:  3079999    NAcc:  1540000    fAcc:  0.500      Maxd:  0.46292    E*/N:  -2.23937   P*:     0.09513    P*cold: -0.26487   Mu*_xs: -2.07863   Cv*/N_xs:  2.50809         E(kJ/mol): -2.234     P(bar):    0.026     
Step:  3099999    NAcc:  1549999    fAcc:  0.500      Maxd:  5.41350    E*/N:  -2.17619   P*:     0.09549    P*cold: -0.26451   Mu*_xs: -2.07933   Cv*/N_xs:  2.53841         E(kJ/mol): -2.170     P(bar):    0.191     
Step:  3119999    NAcc:  1560001    fAcc:  0.500      Maxd:  0.76930    E*/N:  -2.28563   P*:     0.09608    P*cold: -0.26392   Mu*_xs: -2.07980   Cv*/N_xs:  2.54181         E(kJ/mol): -2.280     P(bar):    0.086     
Step:  3139999    NAcc:  1570001    fAcc:  0.500      Maxd:  0.55331    E*/N:  -2.16704   P*:     0.09644    P*cold: -0.26356   Mu*_xs: -2.07909   Cv*/N_xs:  2.55534         E(kJ/mol): -2.161     P(bar):    0.122     
Step:  3159999    NAcc:  1580000    fAcc:  0.500      Maxd:  0.63186    E*/N:  -2.27658   P*:     0.09664    P*cold: -0.26336   Mu*_xs: -2.07968   Cv*/N_xs:  2.58550         E(kJ/mol): -2.271     P(bar):    0.066     
Step:  3179999    NAcc:  1589993    fAcc:  0.500      Maxd:  0.35078    E*/N:  -2.25839   P*:     0.09621    P*cold: -0.26379   Mu*_xs: -2.08037   Cv*/N_xs:  2.57223         E(kJ/mol): -2.252     P(bar):    0.026     
Step:  3199999    NAcc:  1599999    fAcc:  0.500      Maxd:  0.36421    E*/N:  -2.15474   P*:     0.09577    P*cold: -0.26423   Mu*_xs: -2.08081   Cv*/N_xs:  2.66430         E(kJ/mol): -2.149     P(bar):    0.059     
Step:  3219999    NAcc:  1610000    fAcc:  0.500      Maxd:  5.74516    E*/N:  -2.19832   P*:     0.09550    P*cold: -0.26450   Mu*_xs: -2.08272   Cv*/N_xs:  2.73308         E(kJ/mol): -2.193     P(bar):    0.079     
Step:  3239999    NAcc:  1620000    fAcc:  0.500      Maxd:  0.59029    E*/N:  -2.22529   P*:     0.09556    P*cold: -0.26444   Mu*_xs: -2.08329   Cv*/N_xs:  2.73539         E(kJ/mol): -2.219     P(bar):    0.126     
Step:  3259999    NAcc:  1629996    fAcc:  0.500      Maxd:  2.02395    E*/N:  -2.32388   P*:     0.09577    P*cold: -0.26423   Mu*_xs: -2.08303   Cv*/N_xs:  2.71029         E(kJ/mol): -2.318     P(bar):    0.052     
Step:  3279999    NAcc:  1640001    fAcc:  0.500      Maxd:  0.46544    E*/N:  -2.27979   P*:     0.09557    P*cold: -0.26443   Mu*_xs: -2.08261   Cv*/N_xs:  2.67496         E(kJ/mol): -2.274     P(bar):    0.104     
Step:  3299999    NAcc:  1650001    fAcc:  0.500      Maxd:  0.96951    E*/N:  -2.29531   P*:     0.09513    P*cold: -0.26487   Mu*_xs: -2.08137   Cv*/N_xs:  2.64881         E(kJ/mol): -2.289     P(bar):    0.072     
Step:  3319999    NAcc:  1660004    fAcc:  0.500      Maxd:  1.63883    E*/N:  -2.37327   P*:     0.09454    P*cold: -0.26546   Mu*_xs: -2.08092   Cv*/N_xs:  2.62463         E(kJ/mol): -2.367     P(bar):    0.000     
Step:  3339999    NAcc:  1669998    fAcc:  0.500      Maxd:  0.68934    E*/N:  -2.36090   P*:     0.09454    P*cold: -0.26546   Mu*_xs: -2.08092   Cv*/N_xs:  2.59142         E(kJ/mol): -2.355     P(bar):    0.028     
Step:  3359999    NAcc:  1680001    fAcc:  0.500      Maxd:  1.97456    E*/N:  -2.25366   P*:     0.09404    P*cold: -0.26596   Mu*_xs: -2.08162   Cv*/N_xs:  2.55595         E(kJ/mol): -2.248     P(bar):    0.049     
Step:  3379999    NAcc:  1689998    fAcc:  0.500      Maxd:  2.42050    E*/N:  -2.29831   P*:     0.09400    P*cold: -0.26600   Mu*_xs: -2.08201   Cv*/N_xs:  2.52775         E(kJ/mol): -2.292     P(bar):    0.165     
Step:  3399999    NAcc:  1699997    fAcc:  0.500      Maxd:  0.73889    E*/N:  -2.36854   P*:     0.09422    P*cold: -0.26578   Mu*_xs: -2.08158   Cv*/N_xs:  2.51074         E(kJ/mol): -2.362     P(bar):    0.096     
Step:  3419999    NAcc:  1710002    fAcc:  0.500      Maxd:  2.06004    E*/N:  -2.31400   P*:     0.09388    P*cold: -0.26612   Mu*_xs: -2.08197   Cv*/N_xs:  2.47983         E(kJ/mol): -2.308     P(bar):    0.096     
Step:  3439999    NAcc:  1720000    fAcc:  0.500      Maxd:  0.38531    E*/N:  -2.32677   P*:     0.09369    P*cold: -0.26631   Mu*_xs: -2.08277   Cv*/N_xs:  2.45512         E(kJ/mol): -2.321     P(bar):    0.161     
Step:  3459999    NAcc:  1729997    fAcc:  0.500      Maxd:  0.66566    E*/N:  -2.32472   P*:     0.09354    P*cold: -0.26646   Mu*_xs: -2.08356   Cv*/N_xs:  2.42373         E(kJ/mol): -2.319     P(bar):    0.039     
Step:  3479999    NAcc:  1740001    fAcc:  0.500      Maxd:  2.14491    E*/N:  -2.29329   P*:     0.09381    P*cold: -0.26619   Mu*_xs: -2.08398   Cv*/N_xs:  2.39680         E(kJ/mol): -2.287     P(bar):    0.097     
Step:  3499999    NAcc:  1749999    fAcc:  0.500      Maxd:  0.37364    E*/N:  -2.31874   P*:     0.09333    P*cold: -0.26667   Mu*_xs: -2.08330   Cv*/N_xs:  2.37690         E(kJ/mol): -2.313     P(bar):    0.062     
Step:  3519999    NAcc:  1760002    fAcc:  0.500      Maxd:  1.68659    E*/N:  -2.24763   P*:     0.09352    P*cold: -0.26648   Mu*_xs: -2.08296   Cv*/N_xs:  2.37232         E(kJ/mol): -2.242     P(bar):    0.132     
Step:  3539999    NAcc:  1770002    fAcc:  0.500      Maxd:  2.40815    E*/N:  -2.23228   P*:     0.09373    P*cold: -0.26627   Mu*_xs: -2.08322   Cv*/N_xs:  2.37116         E(kJ/mol): -2.226     P(bar):    0.068     
Step:  3559999    NAcc:  1779997    fAcc:  0.500      Maxd:  0.49663    E*/N:  -2.21078   P*:     0.09355    P*cold: -0.26645   Mu*_xs: -2.08311   Cv*/N_xs:  2.38241         E(kJ/mol): -2.205     P(bar):    0.121     
Step:  3579999    NAcc:  1790000    fAcc:  0.500      Maxd:  0.35046    E*/N:  -2.25451   P*:     0.09367    P*cold: -0.26633   Mu*_xs: -2.08407   Cv*/N_xs:  2.38583         E(kJ/mol): -2.249     P(bar):    0.126     
Step:  3599999    NAcc:  1800001    fAcc:  0.500      Maxd:  3.12245    E*/N:  -2.24717   P*:     0.09309    P*cold: -0.26691   Mu*_xs: -2.08384   Cv*/N_xs:  2.36890         E(kJ/mol): -2.241     P(bar):    0.044     
Step:  3619999    NAcc:  1810002    fAcc:  0.500      Maxd:  1.13099    E*/N:  -2.19949   P*:     0.09340    P*cold: -0.26660   Mu*_xs: -2.08413   Cv*/N_xs:  2.36726         E(kJ/mol): -2.194     P(bar):    0.184     
Step:  3639999    NAcc:  1820001    fAcc:  0.500      Maxd:  14.63445   E*/N:  -2.30440   P*:     0.09311    P*cold: -0.26689   Mu*_xs: -2.08390   Cv*/N_xs:  2.34408         E(kJ/mol): -2.298     P(bar):    0.086     
Step:  3659999    NAcc:  1829999    fAcc:  0.500      Maxd:  0.34216    E*/N:  -2.27302   P*:     0.09290    P*cold: -0.26710   Mu*_xs: -2.08404   Cv*/N_xs:  2.32002         E(kJ/mol): -2.267     P(bar):    0.039     
Step:  3679999    NAcc:  1840001    fAcc:  0.500      Maxd:  0.74447    E*/N:  -2.30151   P*:     0.09269    P*cold: -0.26731   Mu*_xs: -2.08451   Cv*/N_xs:  2.30190         E(kJ/mol): -2.295     P(bar):    0.033     
Step:  3699999    NAcc:  1849997    fAcc:  0.500      Maxd:  0.35491    E*/N:  -2.35220   P*:     0.09264    P*cold: -0.26736   Mu*_xs: -2.08458   Cv*/N_xs:  2.28256         E(kJ/mol): -2.346     P(bar):    0.047     
Step:  3719999    NAcc:  1860000    fAcc:  0.500      Maxd:  8.73239    E*/N:  -2.31118   P*:     0.09228    P*cold: -0.26772   Mu*_xs: -2.08569   Cv*/N_xs:  2.26802         E(kJ/mol): -2.305     P(bar):    0.016     
Step:  3739999    NAcc:  1869999    fAcc:  0.500      Maxd:  0.36935    E*/N:  -2.27881   P*:     0.09171    P*cold: -0.26829   Mu*_xs: -2.08649   Cv*/N_xs:  2.26165         E(kJ/mol): -2.273     P(bar):    0.048     
Step:  3759999    NAcc:  1880001    fAcc:  0.500      Maxd:  2.38820    E*/N:  -2.30022   P*:     0.09185    P*cold: -0.26815   Mu*_xs: -2.08643   Cv*/N_xs:  2.24614         E(kJ/mol): -2.294     P(bar):    0.006     
Step:  3779999    NAcc:  1890002    fAcc:  0.500      Maxd:  1.97332    E*/N:  -2.15858   P*:     0.09189    P*cold: -0.26811   Mu*_xs: -2.08662   Cv*/N_xs:  2.24077         E(kJ/mol): -2.153     P(bar):    0.151     
Step:  3799999    NAcc:  1899999    fAcc:  0.500      Maxd:  0.35610    E*/N:  -2.28891   P*:     0.09198    P*cold: -0.26802   Mu*_xs: -2.08702   Cv*/N_xs:  2.22960         E(kJ/mol): -2.283     P(bar):    0.060     
Step:  3819999    NAcc:  1909999    fAcc:  0.500      Maxd:  0.37675    E*/N:  -2.26623   P*:     0.09212    P*cold: -0.26788   Mu*_xs: -2.08728   Cv*/N_xs:  2.21430         E(kJ/mol): -2.260     P(bar):    0.073     
Step:  3839999    NAcc:  1919999    fAcc:  0.500      Maxd:  0.40984    E*/N:  -2.38084   P*:     0.09276    P*cold: -0.26724   Mu*_xs: -2.08801   Cv*/N_xs:  2.20309         E(kJ/mol): -2.375     P(bar):    0.087     
Step:  3859999    NAcc:  1930000    fAcc:  0.500      Maxd:  0.33326    E*/N:  -2.34567   P*:     0.09285    P*cold: -0.26715   Mu*_xs: -2.08749   Cv*/N_xs:  2.18387         E(kJ/mol): -2.340     P(bar):    0.093     
Step:  3879999    NAcc:  1940000    fAcc:  0.500      Maxd:  1.45284    E*/N:  -2.31784   P*:     0.09298    P*cold: -0.26702   Mu*_xs: -2.08699   Cv*/N_xs:  2.16524         E(kJ/mol): -2.312     P(bar):    0.090     
Step:  3899999    NAcc:  1950001    fAcc:  0.500      Maxd:  0.76848    E*/N:  -2.38744   P*:     0.09304    P*cold: -0.26696   Mu*_xs: -2.08606   Cv*/N_xs:  2.15761         E(kJ/mol): -2.381     P(bar):    0.061     
Step:  3919999    NAcc:  1960002    fAcc:  0.500      Maxd:  1.71918    E*/N:  -2.30308   P*:     0.09310    P*cold: -0.26690   Mu*_xs: -2.08603   Cv*/N_xs:  2.14427         E(kJ/mol): -2.297     P(bar):    0.091     
Step:  3939999    NAcc:  1969998    fAcc:  0.500      Maxd:  0.81326    E*/N:  -2.24485   P*:     0.09271    P*cold: -0.26729   Mu*_xs: -2.08577   Cv*/N_xs:  2.12944         E(kJ/mol): -2.239     P(bar):    0.122     
Step:  3959999    NAcc:  1980002    fAcc:  0.500      Maxd:  0.73116    E*/N:  -2.29173   P*:     0.09303    P*cold: -0.26697   Mu*_xs: -2.08546   Cv*/N_xs:  2.11879         E(kJ/mol): -2.286     P(bar):    0.168     
Step:  3979999    NAcc:  1990002    fAcc:  0.500      Maxd:  3.39261    E*/N:  -2.27439   P*:     0.09332    P*cold: -0.26668   Mu*_xs: -2.08548   Cv*/N_xs:  2.10457         E(kJ/mol): -2.268     P(bar):    0.111     
Step:  3999999    NAcc:  2000000    fAcc:  0.500      Maxd:  9.00780    E*/N:  -2.35769   P*:     0.09312    P*cold: -0.26688   Mu*_xs: -2.08525   Cv*/N_xs:  2.09328         E(kJ/mol): -2.352     P(bar):    0.020     
Step:  4019999    NAcc:  2010001    fAcc:  0.500      Maxd:  5.59301    E*/N:  -2.29029   P*:     0.09320    P*cold: -0.26680   Mu*_xs: -2.08592   Cv*/N_xs:  2.07568         E(kJ/mol): -2.284     P(bar):    0.116     
Step:  4039999    NAcc:  2020003    fAcc:  0.500      Maxd:  0.97992    E*/N:  -2.33050   P*:     0.09322    P*cold: -0.26678   Mu*_xs: -2.08530   Cv*/N_xs:  2.05683         E(kJ/mol): -2.324     P(bar):    0.061     
Step:  4059999    NAcc:  2030000    fAcc:  0.500      Maxd:  0.41570    E*/N:  -2.43749   P*:     0.09374    P*cold: -0.26626   Mu*_xs: -2.08604   Cv*/N_xs:  2.04807         E(kJ/mol): -2.431     P(bar):    0.078     
Step:  4079999    NAcc:  2040000    fAcc:  0.500      Maxd:  0.61166    E*/N:  -2.37409   P*:     0.09350    P*cold: -0.26650   Mu*_xs: -2.08613   Cv*/N_xs:  2.06599         E(kJ/mol): -2.368     P(bar):    0.006     
Step:  4099999    NAcc:  2050001    fAcc:  0.500      Maxd:  1.08866    E*/N:  -2.31783   P*:     0.09332    P*cold: -0.26668   Mu*_xs: -2.08623   Cv*/N_xs:  2.06029         E(kJ/mol): -2.312     P(bar):    0.096     
Step:  4119999    NAcc:  2059999    fAcc:  0.500      Maxd:  0.34042    E*/N:  -2.35010   P*:     0.09339    P*cold: -0.26661   Mu*_xs: -2.08606   Cv*/N_xs:  2.04904         E(kJ/mol): -2.344     P(bar):    0.067     
Step:  4139999    NAcc:  2070001    fAcc:  0.500      Maxd:  0.54377    E*/N:  -2.39224   P*:     0.09334    P*cold: -0.26666   Mu*_xs: -2.08562   Cv*/N_xs:  2.04609         E(kJ/mol): -2.386     P(bar):    0.029     
Step:  4159999    NAcc:  2080002    fAcc:  0.500      Maxd:  1.55836    E*/N:  -2.31964   P*:     0.09302    P*cold: -0.26698   Mu*_xs: -2.08482   Cv*/N_xs:  2.04078         E(kJ/mol): -2.314     P(bar):    0.061     
Step:  4179999    NAcc:  2089999    fAcc:  0.500      Maxd:  6.13845    E*/N:  -2.39165   P*:     0.09280    P*cold: -0.26720   Mu*_xs: -2.08499   Cv*/N_xs:  2.03780         E(kJ/mol): -2.385     P(bar):    0.010     
Step:  4199999    NAcc:  2100000    fAcc:  0.500      Maxd:  1.91993    E*/N:  -2.38721   P*:     0.09250    P*cold: -0.26750   Mu*_xs: -2.08475   Cv*/N_xs:  2.03142         E(kJ/mol): -2.381     P(bar):    -0.007    
Step:  4219999    NAcc:  2110000    fAcc:  0.500      Maxd:  0.90550    E*/N:  -2.41900   P*:     0.09219    P*cold: -0.26781   Mu*_xs: -2.08472   Cv*/N_xs:  2.02865         E(kJ/mol): -2.413     P(bar):    0.057     
Step:  4239999    NAcc:  2120002    fAcc:  0.500      Maxd:  1.01532    E*/N:  -2.29721   P*:     0.09241    P*cold: -0.26759   Mu*_xs: -2.08427   Cv*/N_xs:  2.03416         E(kJ/mol): -2.291     P(bar):    0.195     
Step:  4259999    NAcc:  2130002    fAcc:  0.500      Maxd:  3.30786    E*/N:  -2.30004   P*:     0.09252    P*cold: -0.26748   Mu*_xs: -2.08401   Cv*/N_xs:  2.03289         E(kJ/mol): -2.294     P(bar):    0.147     
Step:  4279999    NAcc:  2140000    fAcc:  0.500      Maxd:  1.87258    E*/N:  -2.34566   P*:     0.09220    P*cold: -0.26780   Mu*_xs: -2.08409   Cv*/N_xs:  2.02970         E(kJ/mol): -2.340     P(bar):    0.044     
Step:  4299999    NAcc:  2150000    fAcc:  0.500      Maxd:  0.66565    E*/N:  -2.31455   P*:     0.09212    P*cold: -0.26788   Mu*_xs: -2.08429   Cv*/N_xs:  2.01729         E(kJ/mol): -2.308     P(bar):    0.140     
Step:  4319999    NAcc:  2160000    fAcc:  0.500      Maxd:  0.39135    E*/N:  -2.26636   P*:     0.09220    P*cold: -0.26780   Mu*_xs: -2.08438   Cv*/N_xs:  2.00908         E(kJ/mol): -2.260     P(bar):    0.065     
Step:  4339999    NAcc:  2170000    fAcc:  0.500      Maxd:  0.38581    E*/N:  -2.27220   P*:     0.09221    P*cold: -0.26779   Mu*_xs: -2.08387   Cv*/N_xs:  1.99571         E(kJ/mol): -2.266     P(bar):    0.130     
Step:  4359999    NAcc:  2180002    fAcc:  0.500      Maxd:  1.52811    E*/N:  -2.27365   P*:     0.09232    P*cold: -0.26768   Mu*_xs: -2.08442   Cv*/N_xs:  1.98139         E(kJ/mol): -2.268     P(bar):    0.072     
Step:  4379999    NAcc:  2189998    fAcc:  0.500      Maxd:  0.35132    E*/N:  -2.27563   P*:     0.09213    P*cold: -0.26787   Mu*_xs: -2.08444   Cv*/N_xs:  1.96818         E(kJ/mol): -2.270     P(bar):    0.091     
Step:  4399999    NAcc:  2199998    fAcc:  0.500      Maxd:  1.39956    E*/N:  -2.35802   P*:     0.09213    P*cold: -0.26787   Mu*_xs: -2.08392   Cv*/N_xs:  1.95373         E(kJ/mol): -2.352     P(bar):    0.035     
Step:  4419999    NAcc:  2209999    fAcc:  0.500      Maxd:  0.36287    E*/N:  -2.35360   P*:     0.09232    P*cold: -0.26768   Mu*_xs: -2.08393   Cv*/N_xs:  1.94056         E(kJ/mol): -2.347     P(bar):    0.025     
Step:  4439999    NAcc:  2219999    fAcc:  0.500      Maxd:  0.36773    E*/N:  -2.32314   P*:     0.09199    P*cold: -0.26801   Mu*_xs: -2.08427   Cv*/N_xs:  1.93034         E(kJ/mol): -2.317     P(bar):    0.036     
Step:  4459999    NAcc:  2230001    fAcc:  0.500      Maxd:  1.66407    E*/N:  -2.29818   P*:     0.09176    P*cold: -0.26824   Mu*_xs: -2.08467   Cv*/N_xs:  1.92196         E(kJ/mol): -2.292     P(bar):    0.065     
Step:  4479999    NAcc:  2240000    fAcc:  0.500      Maxd:  0.37350    E*/N:  -2.28180   P*:     0.09164    P*cold: -0.26836   Mu*_xs: -2.08534   Cv*/N_xs:  1.91129         E(kJ/mol): -2.276     P(bar):    0.070     
Step:  4499999    NAcc:  2250002    fAcc:  0.500      Maxd:  0.97835    E*/N:  -2.31494   P*:     0.09183    P*cold: -0.26817   Mu*_xs: -2.08557   Cv*/N_xs:  1.90239         E(kJ/mol): -2.309     P(bar):    0.027     
Step:  4519999    NAcc:  2260000    fAcc:  0.500      Maxd:  0.34293    E*/N:  -2.28188   P*:     0.09191    P*cold: -0.26809   Mu*_xs: -2.08558   Cv*/N_xs:  1.89474         E(kJ/mol): -2.276     P(bar):    0.053     
Step:  4539999    NAcc:  2270000    fAcc:  0.500      Maxd:  0.32464    E*/N:  -2.28848   P*:     0.09188    P*cold: -0.26812   Mu*_xs: -2.08543   Cv*/N_xs:  1.88407         E(kJ/mol): -2.282     P(bar):    0.169     
Step:  4559999    NAcc:  2280000    fAcc:  0.500      Maxd:  1.02892    E*/N:  -2.34056   P*:     0.09207    P*cold: -0.26793   Mu*_xs: -2.08570   Cv*/N_xs:  1.87113         E(kJ/mol): -2.334     P(bar):    0.070     
Step:  4579999    NAcc:  2289999    fAcc:  0.500      Maxd:  0.41903    E*/N:  -2.20971   P*:     0.09199    P*cold: -0.26801   Mu*_xs: -2.08583   Cv*/N_xs:  1.86141         E(kJ/mol): -2.204     P(bar):    0.109     
Step:  4599999    NAcc:  2299998    fAcc:  0.500      Maxd:  0.34056    E*/N:  -2.24715   P*:     0.09236    P*cold: -0.26764   Mu*_xs: -2.08667   Cv*/N_xs:  1.87055         E(kJ/mol): -2.241     P(bar):    0.114     
Step:  4619999    NAcc:  2310001    fAcc:  0.500      Maxd:  0.56610    E*/N:  -2.24512   P*:     0.09224    P*cold: -0.26776   Mu*_xs: -2.08600   Cv*/N_xs:  1.86554         E(kJ/mol): -2.239     P(bar):    0.136     
Step:  4639999    NAcc:  2320000    fAcc:  0.500      Maxd:  0.33836    E*/N:  -2.19111   P*:     0.09231    P*cold: -0.26769   Mu*_xs: -2.08604   Cv*/N_xs:  1.86377         E(kJ/mol): -2.185     P(bar):    0.147     
Step:  4659999    NAcc:  2330001    fAcc:  0.500      Maxd:  4.97476    E*/N:  -2.27359   P*:     0.09271    P*cold: -0.26729   Mu*_xs: -2.08632   Cv*/N_xs:  1.88549         E(kJ/mol): -2.268     P(bar):    0.136     
Step:  4679999    NAcc:  2340000    fAcc:  0.500      Maxd:  0.36087    E*/N:  -2.21577   P*:     0.09290    P*cold: -0.26710   Mu*_xs: -2.08642   Cv*/N_xs:  1.87676         E(kJ/mol): -2.210     P(bar):    0.109     
Step:  4699999    NAcc:  2349999    fAcc:  0.500      Maxd:  4.18647    E*/N:  -2.25799   P*:     0.09279    P*cold: -0.26721   Mu*_xs: -2.08622   Cv*/N_xs:  1.88083         E(kJ/mol): -2.252     P(bar):    0.001     
Step:  4719999    NAcc:  2360002    fAcc:  0.500      Maxd:  9.01354    E*/N:  -2.29261   P*:     0.09271    P*cold: -0.26729   Mu*_xs: -2.08640   Cv*/N_xs:  1.89042         E(kJ/mol): -2.287     P(bar):    0.026     
Step:  4739999    NAcc:  2370002    fAcc:  0.500      Maxd:  1.14839    E*/N:  -2.32004   P*:     0.09271    P*cold: -0.26729   Mu*_xs: -2.08596   Cv*/N_xs:  1.87933         E(kJ/mol): -2.314     P(bar):    0.125     
Step:  4759999    NAcc:  2380000    fAcc:  0.500      Maxd:  1.01579    E*/N:  -2.23780   P*:     0.09281    P*cold: -0.26719   Mu*_xs: -2.08610   Cv*/N_xs:  1.87129         E(kJ/mol): -2.232     P(bar):    0.087     
Step:  4779999    NAcc:  2389999    fAcc:  0.500      Maxd:  0.33453    E*/N:  -2.25720   P*:     0.09277    P*cold: -0.26723   Mu*_xs: -2.08636   Cv*/N_xs:  1.86273         E(kJ/mol): -2.251     P(bar):    0.133     
Step:  4799999    NAcc:  2399998    fAcc:  0.500      Maxd:  0.42143    E*/N:  -2.32491   P*:     0.09301    P*cold: -0.26699   Mu*_xs: -2.08667   Cv*/N_xs:  1.85622         E(kJ/mol): -2.319     P(bar):    0.031     
Step:  4819999    NAcc:  2410000    fAcc:  0.500      Maxd:  0.38385    E*/N:  -2.20607   P*:     0.09284    P*cold: -0.26716   Mu*_xs: -2.08635   Cv*/N_xs:  1.86164         E(kJ/mol): -2.200     P(bar):    0.092     
Step:  4839999    NAcc:  2419998    fAcc:  0.500      Maxd:  4.31041    E*/N:  -2.26066   P*:     0.09274    P*cold: -0.26726   Mu*_xs: -2.08612   Cv*/N_xs:  1.86403         E(kJ/mol): -2.255     P(bar):    0.108     
Step:  4859999    NAcc:  2430002    fAcc:  0.500      Maxd:  0.76338    E*/N:  -2.34249   P*:     0.09284    P*cold: -0.26716   Mu*_xs: -2.08634   Cv*/N_xs:  1.85629         E(kJ/mol): -2.336     P(bar):    0.083     
Step:  4879999    NAcc:  2440003    fAcc:  0.500      Maxd:  1.14853    E*/N:  -2.31749   P*:     0.09323    P*cold: -0.26677   Mu*_xs: -2.08672   Cv*/N_xs:  1.85492         E(kJ/mol): -2.311     P(bar):    0.187     
Step:  4899999    NAcc:  2449998    fAcc:  0.500      Maxd:  1.20634    E*/N:  -2.25242   P*:     0.09357    P*cold: -0.26643   Mu*_xs: -2.08635   Cv*/N_xs:  1.84502         E(kJ/mol): -2.247     P(bar):    0.157     
Step:  4919999    NAcc:  2460002    fAcc:  0.500      Maxd:  2.31001    E*/N:  -2.22129   P*:     0.09351    P*cold: -0.26649   Mu*_xs: -2.08665   Cv*/N_xs:  1.85362         E(kJ/mol): -2.215     P(bar):    0.112     
Step:  4939999    NAcc:  2470000    fAcc:  0.500      Maxd:  0.37281    E*/N:  -2.22428   P*:     0.09334    P*cold: -0.26666   Mu*_xs: -2.08735   Cv*/N_xs:  1.84975         E(kJ/mol): -2.218     P(bar):    0.078     
Step:  4959999    NAcc:  2480001    fAcc:  0.500      Maxd:  2.00228    E*/N:  -2.25303   P*:     0.09320    P*cold: -0.26680   Mu*_xs: -2.08768   Cv*/N_xs:  1.84989         E(kJ/mol): -2.247     P(bar):    0.058     
Step:  4979999    NAcc:  2490000    fAcc:  0.500      Maxd:  0.77832    E*/N:  -2.19021   P*:     0.09314    P*cold: -0.26686   Mu*_xs: -2.08776   Cv*/N_xs:  1.85419         E(kJ/mol): -2.184     P(bar):    0.095     
Step:  4999999    NAcc:  2500000    fAcc:  0.500      Maxd:  6.10305    E*/N:  -2.19520   P*:     0.09304    P*cold: -0.26696   Mu*_xs: -2.08803   Cv*/N_xs:  1.87693         E(kJ/mol): -2.189     P(bar):    0.082     
# Computed average properties: 
 # E*/N:  -2.31044  
 # P*:     0.09304   
 # Cv*/N_xs:   1.87693        
 # Mu*_xs:  -2.08803  
