# Number of atoms:       500
# Atom type:             Ar
# Molar Mass (g/mol):    39.948
# Density (g/cm^3):      0.675339
# LJ sigma (Angstrom):   3.4
# LJ epsilon/kB (K):     120
# LJ cutoff (Angstrom):  13.6
# LJ cutoff (sigma):     4
# Temperature (K):       144
# Number MC steps:       5e+06
# Output frequency:      20000
# Num. den. (atoms/Ang): 0.0101771
# Box length (x):        36.6254
# Box length (y):        36.6254
# Box length (z):        36.6254
# Init. spacing (Ang):   4.06949
# reduc. density (rho*): 0.4
# reduc. temp (T*):      1.2
Step:  19999      NAcc:  9997       fAcc:  0.500      Maxd:  0.31797    E*/N:  -2.97254   P*:     nan        P*cold: nan        Mu*_xs: -0.00000   Cv*/N_xs:  0.00000         E(kJ/mol): -2.965     P(bar):    0.101     
Step:  39999      NAcc:  19999      fAcc:  0.500      Maxd:  0.31647    E*/N:  -2.86773   P*:     nan        P*cold: nan        Mu*_xs: -0.00000   Cv*/N_xs:  0.00000         E(kJ/mol): -2.860     P(bar):    0.124     
Step:  59999      NAcc:  29998      fAcc:  0.500      Maxd:  0.98264    E*/N:  -2.87077   P*:     nan        P*cold: nan        Mu*_xs: -0.00000   Cv*/N_xs:  0.00000         E(kJ/mol): -2.863     P(bar):    0.132     
Step:  79999      NAcc:  39999      fAcc:  0.500      Maxd:  1.36251    E*/N:  -2.92736   P*:     nan        P*cold: nan        Mu*_xs: -0.00000   Cv*/N_xs:  0.00000         E(kJ/mol): -2.920     P(bar):    0.129     
Step:  99999      NAcc:  49998      fAcc:  0.500      Maxd:  0.30367    E*/N:  -2.85490   P*:     nan        P*cold: nan        Mu*_xs: -0.00000   Cv*/N_xs:  0.00000         E(kJ/mol): -2.847     P(bar):    0.189     
Step:  119999     NAcc:  60001      fAcc:  0.500      Maxd:  3.89119    E*/N:  -2.97098   P*:     nan        P*cold: nan        Mu*_xs: -0.00000   Cv*/N_xs:  0.00000         E(kJ/mol): -2.963     P(bar):    0.152     
Step:  139999     NAcc:  69999      fAcc:  0.500      Maxd:  1.17630    E*/N:  -2.91432   P*:     nan        P*cold: nan        Mu*_xs: -0.00000   Cv*/N_xs:  0.00000         E(kJ/mol): -2.907     P(bar):    0.063     
Step:  159999     NAcc:  79999      fAcc:  0.500      Maxd:  0.33134    E*/N:  -2.94586   P*:     nan        P*cold: nan        Mu*_xs: -0.00000   Cv*/N_xs:  0.00000         E(kJ/mol): -2.938     P(bar):    0.128     
Step:  179999     NAcc:  90000      fAcc:  0.500      Maxd:  0.35774    E*/N:  -2.91413   P*:     nan        P*cold: nan        Mu*_xs: -0.00000   Cv*/N_xs:  0.00000         E(kJ/mol): -2.906     P(bar):    0.181     
Step:  199999     NAcc:  100001     fAcc:  0.500      Maxd:  0.85287    E*/N:  -2.93817   P*:     nan        P*cold: nan        Mu*_xs: -0.00000   Cv*/N_xs:  0.00000         E(kJ/mol): -2.930     P(bar):    0.003     
Step:  219999     NAcc:  110000     fAcc:  0.500      Maxd:  0.34396    E*/N:  -2.90045   P*:     nan        P*cold: nan        Mu*_xs: -0.00000   Cv*/N_xs:  0.00000         E(kJ/mol): -2.893     P(bar):    0.185     
Step:  239999     NAcc:  120000     fAcc:  0.500      Maxd:  1.35725    E*/N:  -2.92673   P*:     nan        P*cold: nan        Mu*_xs: -0.00000   Cv*/N_xs:  0.00000         E(kJ/mol): -2.919     P(bar):    0.071     
Step:  259999     NAcc:  130000     fAcc:  0.500      Maxd:  0.51531    E*/N:  -2.87742   P*:     nan        P*cold: nan        Mu*_xs: -0.00000   Cv*/N_xs:  0.00000         E(kJ/mol): -2.870     P(bar):    -0.018    
Step:  279999     NAcc:  139999     fAcc:  0.500      Maxd:  3.60823    E*/N:  -2.87175   P*:     nan        P*cold: nan        Mu*_xs: -0.00000   Cv*/N_xs:  0.00000         E(kJ/mol): -2.864     P(bar):    0.037     
Step:  299999     NAcc:  150000     fAcc:  0.500      Maxd:  1.19906    E*/N:  -2.83870   P*:     nan        P*cold: nan        Mu*_xs: -0.00000   Cv*/N_xs:  0.00000         E(kJ/mol): -2.831     P(bar):    -0.033    
Step:  319999     NAcc:  160001     fAcc:  0.500      Maxd:  3.16775    E*/N:  -2.78789   P*:     nan        P*cold: nan        Mu*_xs: -0.00000   Cv*/N_xs:  0.00000         E(kJ/mol): -2.781     P(bar):    0.087     
Step:  339999     NAcc:  170000     fAcc:  0.500      Maxd:  0.91838    E*/N:  -2.78802   P*:     nan        P*cold: nan        Mu*_xs: -0.00000   Cv*/N_xs:  0.00000         E(kJ/mol): -2.781     P(bar):    0.048     
Step:  359999     NAcc:  180000     fAcc:  0.500      Maxd:  0.32475    E*/N:  -2.77768   P*:     nan        P*cold: nan        Mu*_xs: -0.00000   Cv*/N_xs:  0.00000         E(kJ/mol): -2.770     P(bar):    -0.005    
Step:  379999     NAcc:  190003     fAcc:  0.500      Maxd:  0.99330    E*/N:  -2.73740   P*:     nan        P*cold: nan        Mu*_xs: -0.00000   Cv*/N_xs:  0.00000         E(kJ/mol): -2.730     P(bar):    0.224     
Step:  399999     NAcc:  200000     fAcc:  0.500      Maxd:  1.59062    E*/N:  -2.84248   P*:     nan        P*cold: nan        Mu*_xs: -0.00000   Cv*/N_xs:  0.00000         E(kJ/mol): -2.835     P(bar):    0.018     
Step:  419999     NAcc:  210003     fAcc:  0.500      Maxd:  3.01477    E*/N:  -2.79894   P*:     nan        P*cold: nan        Mu*_xs: -0.00000   Cv*/N_xs:  0.00000         E(kJ/mol): -2.792     P(bar):    0.119     
Step:  439999     NAcc:  220000     fAcc:  0.500      Maxd:  0.33653    E*/N:  -2.81847   P*:     nan        P*cold: nan        Mu*_xs: -0.00000   Cv*/N_xs:  0.00000         E(kJ/mol): -2.811     P(bar):    0.034     
Step:  459999     NAcc:  230001     fAcc:  0.500      Maxd:  0.44316    E*/N:  -2.81803   P*:     nan        P*cold: nan        Mu*_xs: -0.00000   Cv*/N_xs:  0.00000         E(kJ/mol): -2.811     P(bar):    0.132     
Step:  479999     NAcc:  239998     fAcc:  0.500      Maxd:  0.30953    E*/N:  -2.80080   P*:     nan        P*cold: nan        Mu*_xs: -0.00000   Cv*/N_xs:  0.00000         E(kJ/mol): -2.793     P(bar):    0.119     
Step:  499999     NAcc:  249999     fAcc:  0.500      Maxd:  0.33883    E*/N:  -2.75944   P*:     nan        P*cold: nan        Mu*_xs: -0.00000   Cv*/N_xs:  0.00000         E(kJ/mol): -2.752     P(bar):    0.119     
Step:  519999     NAcc:  260001     fAcc:  0.500      Maxd:  2.08696    E*/N:  -2.87173   P*:     nan        P*cold: nan        Mu*_xs: -0.00000   Cv*/N_xs:  0.00000         E(kJ/mol): -2.864     P(bar):    -0.043    
Step:  539999     NAcc:  269998     fAcc:  0.500      Maxd:  2.21019    E*/N:  -2.74738   P*:     nan        P*cold: nan        Mu*_xs: -0.00000   Cv*/N_xs:  0.00000         E(kJ/mol): -2.740     P(bar):    0.107     
Step:  559999     NAcc:  279999     fAcc:  0.500      Maxd:  0.35411    E*/N:  -2.84195   P*:     nan        P*cold: nan        Mu*_xs: -0.00000   Cv*/N_xs:  0.00000         E(kJ/mol): -2.835     P(bar):    0.014     
Step:  579999     NAcc:  290001     fAcc:  0.500      Maxd:  2.71414    E*/N:  -2.85897   P*:     nan        P*cold: nan        Mu*_xs: -0.00000   Cv*/N_xs:  0.00000         E(kJ/mol): -2.851     P(bar):    0.046     
Step:  599999     NAcc:  300000     fAcc:  0.500      Maxd:  0.85402    E*/N:  -2.81713   P*:     nan        P*cold: nan        Mu*_xs: -0.00000   Cv*/N_xs:  0.00000         E(kJ/mol): -2.810     P(bar):    0.085     
Step:  619999     NAcc:  309998     fAcc:  0.500      Maxd:  1.57941    E*/N:  -2.81141   P*:     nan        P*cold: nan        Mu*_xs: -0.00000   Cv*/N_xs:  0.00000         E(kJ/mol): -2.804     P(bar):    0.015     
Step:  639999     NAcc:  320001     fAcc:  0.500      Maxd:  0.92671    E*/N:  -2.80732   P*:     nan        P*cold: nan        Mu*_xs: -0.00000   Cv*/N_xs:  0.00000         E(kJ/mol): -2.800     P(bar):    0.030     
Step:  659999     NAcc:  330002     fAcc:  0.500      Maxd:  0.64356    E*/N:  -2.76319   P*:     nan        P*cold: nan        Mu*_xs: -0.00000   Cv*/N_xs:  0.00000         E(kJ/mol): -2.756     P(bar):    0.117     
Step:  679999     NAcc:  339998     fAcc:  0.500      Maxd:  0.33584    E*/N:  -2.78461   P*:     nan        P*cold: nan        Mu*_xs: -0.00000   Cv*/N_xs:  0.00000         E(kJ/mol): -2.777     P(bar):    0.070     
Step:  699999     NAcc:  349999     fAcc:  0.500      Maxd:  0.32000    E*/N:  -2.86382   P*:     nan        P*cold: nan        Mu*_xs: -0.00000   Cv*/N_xs:  0.00000         E(kJ/mol): -2.856     P(bar):    0.006     
Step:  719999     NAcc:  360002     fAcc:  0.500      Maxd:  3.12237    E*/N:  -2.85840   P*:     nan        P*cold: nan        Mu*_xs: -0.00000   Cv*/N_xs:  0.00000         E(kJ/mol): -2.851     P(bar):    -0.067    
Step:  739999     NAcc:  370000     fAcc:  0.500      Maxd:  0.35800    E*/N:  -2.80908   P*:     nan        P*cold: nan        Mu*_xs: -0.00000   Cv*/N_xs:  0.00000         E(kJ/mol): -2.802     P(bar):    0.096     
Step:  759999     NAcc:  379995     fAcc:  0.500      Maxd:  0.76101    E*/N:  -2.84600   P*:     nan        P*cold: nan        Mu*_xs: -0.00000   Cv*/N_xs:  0.00000         E(kJ/mol): -2.839     P(bar):    0.069     
Step:  779999     NAcc:  389998     fAcc:  0.500      Maxd:  0.60562    E*/N:  -2.74397   P*:     nan        P*cold: nan        Mu*_xs: -0.00000   Cv*/N_xs:  0.00000         E(kJ/mol): -2.737     P(bar):    0.083     
Step:  799999     NAcc:  400000     fAcc:  0.500      Maxd:  0.99143    E*/N:  -2.78784   P*:     nan        P*cold: nan        Mu*_xs: -0.00000   Cv*/N_xs:  0.00000         E(kJ/mol): -2.781     P(bar):    0.065     
Step:  819999     NAcc:  410003     fAcc:  0.500      Maxd:  0.92384    E*/N:  -2.79719   P*:     nan        P*cold: nan        Mu*_xs: -0.00000   Cv*/N_xs:  0.00000         E(kJ/mol): -2.790     P(bar):    0.101     
Step:  839999     NAcc:  419999     fAcc:  0.500      Maxd:  0.34225    E*/N:  -2.78199   P*:     nan        P*cold: nan        Mu*_xs: -0.00000   Cv*/N_xs:  0.00000         E(kJ/mol): -2.775     P(bar):    0.105     
Step:  859999     NAcc:  430001     fAcc:  0.500      Maxd:  0.87325    E*/N:  -2.77255   P*:     nan        P*cold: nan        Mu*_xs: -0.00000   Cv*/N_xs:  0.00000         E(kJ/mol): -2.765     P(bar):    0.069     
Step:  879999     NAcc:  440001     fAcc:  0.500      Maxd:  2.23310    E*/N:  -2.83469   P*:     nan        P*cold: nan        Mu*_xs: -0.00000   Cv*/N_xs:  0.00000         E(kJ/mol): -2.827     P(bar):    -0.004    
Step:  899999     NAcc:  450001     fAcc:  0.500      Maxd:  0.51366    E*/N:  -2.84399   P*:     nan        P*cold: nan        Mu*_xs: -0.00000   Cv*/N_xs:  0.00000         E(kJ/mol): -2.837     P(bar):    -0.016    
Step:  919999     NAcc:  460000     fAcc:  0.500      Maxd:  1.11260    E*/N:  -2.87826   P*:     nan        P*cold: nan        Mu*_xs: -0.00000   Cv*/N_xs:  0.00000         E(kJ/mol): -2.871     P(bar):    -0.010    
Step:  939999     NAcc:  470000     fAcc:  0.500      Maxd:  0.77906    E*/N:  -2.76783   P*:     nan        P*cold: nan        Mu*_xs: -0.00000   Cv*/N_xs:  0.00000         E(kJ/mol): -2.761     P(bar):    0.117     
Step:  959999     NAcc:  479999     fAcc:  0.500      Maxd:  0.36258    E*/N:  -2.77361   P*:     nan        P*cold: nan        Mu*_xs: -0.00000   Cv*/N_xs:  0.00000         E(kJ/mol): -2.766     P(bar):    0.041     
Step:  979999     NAcc:  490003     fAcc:  0.500      Maxd:  1.31034    E*/N:  -2.80375   P*:     nan        P*cold: nan        Mu*_xs: -0.00000   Cv*/N_xs:  0.00000         E(kJ/mol): -2.796     P(bar):    0.055     
Step:  999999     NAcc:  499998     fAcc:  0.500      Maxd:  0.30983    E*/N:  -2.86045   P*:     nan        P*cold: nan        Mu*_xs: -0.00000   Cv*/N_xs:  0.00000         E(kJ/mol): -2.853     P(bar):    -0.069    
Step:  1019999    NAcc:  510001     fAcc:  0.500      Maxd:  1.63429    E*/N:  -2.86219   P*:     nan        P*cold: nan        Mu*_xs: -0.00000   Cv*/N_xs:  0.00000         E(kJ/mol): -2.855     P(bar):    0.004     
Step:  1039999    NAcc:  519999     fAcc:  0.500      Maxd:  0.35711    E*/N:  -2.83736   P*:     nan        P*cold: nan        Mu*_xs: -0.00000   Cv*/N_xs:  0.00000         E(kJ/mol): -2.830     P(bar):    0.115     
Step:  1059999    NAcc:  530002     fAcc:  0.500      Maxd:  1.35176    E*/N:  -2.84006   P*:     nan        P*cold: nan        Mu*_xs: -0.00000   Cv*/N_xs:  0.00000         E(kJ/mol): -2.833     P(bar):    0.042     
Step:  1079999    NAcc:  539995     fAcc:  0.500      Maxd:  0.45305    E*/N:  -2.79653   P*:     nan        P*cold: nan        Mu*_xs: -0.00000   Cv*/N_xs:  0.00000         E(kJ/mol): -2.789     P(bar):    0.148     
Step:  1099999    NAcc:  550001     fAcc:  0.500      Maxd:  0.72549    E*/N:  -2.90166   P*:     nan        P*cold: nan        Mu*_xs: -0.00000   Cv*/N_xs:  0.00000         E(kJ/mol): -2.894     P(bar):    -0.091    
Step:  1119999    NAcc:  559999     fAcc:  0.500      Maxd:  0.48379    E*/N:  -2.84610   P*:     nan        P*cold: nan        Mu*_xs: -0.00000   Cv*/N_xs:  0.00000         E(kJ/mol): -2.839     P(bar):    0.093     
Step:  1139999    NAcc:  570000     fAcc:  0.500      Maxd:  2.65161    E*/N:  -2.88732   P*:     nan        P*cold: nan        Mu*_xs: -0.00000   Cv*/N_xs:  0.00000         E(kJ/mol): -2.880     P(bar):    -0.041    
Step:  1159999    NAcc:  580000     fAcc:  0.500      Maxd:  0.69147    E*/N:  -2.90567   P*:     nan        P*cold: nan        Mu*_xs: -0.00000   Cv*/N_xs:  0.00000         E(kJ/mol): -2.898     P(bar):    0.041     
Step:  1179999    NAcc:  590000     fAcc:  0.500      Maxd:  0.61224    E*/N:  -2.85684   P*:     nan        P*cold: nan        Mu*_xs: -0.00000   Cv*/N_xs:  0.00000         E(kJ/mol): -2.849     P(bar):    0.095     
Step:  1199999    NAcc:  600001     fAcc:  0.500      Maxd:  0.51470    E*/N:  -2.88872   P*:     nan        P*cold: nan        Mu*_xs: -0.00000   Cv*/N_xs:  0.00000         E(kJ/mol): -2.881     P(bar):    0.008     
Step:  1219999    NAcc:  609997     fAcc:  0.500      Maxd:  0.38581    E*/N:  -2.85196   P*:     nan        P*cold: nan        Mu*_xs: -0.00000   Cv*/N_xs:  0.00000         E(kJ/mol): -2.844     P(bar):    0.115     
Step:  1239999    NAcc:  620002     fAcc:  0.500      Maxd:  0.64388    E*/N:  -2.90799   P*:     nan        P*cold: nan        Mu*_xs: -0.00000   Cv*/N_xs:  0.00000         E(kJ/mol): -2.900     P(bar):    0.025     
Step:  1259999    NAcc:  630003     fAcc:  0.500      Maxd:  1.33584    E*/N:  -2.83762   P*:     nan        P*cold: nan        Mu*_xs: -0.00000   Cv*/N_xs:  0.00000         E(kJ/mol): -2.830     P(bar):    -0.002    
Step:  1279999    NAcc:  640000     fAcc:  0.500      Maxd:  0.31752    E*/N:  -2.74680   P*:     nan        P*cold: nan        Mu*_xs: -0.00000   Cv*/N_xs:  0.00000         E(kJ/mol): -2.740     P(bar):    0.125     
Step:  1299999    NAcc:  650002     fAcc:  0.500      Maxd:  0.98049    E*/N:  -2.86561   P*:     nan        P*cold: nan        Mu*_xs: -0.00000   Cv*/N_xs:  0.00000         E(kJ/mol): -2.858     P(bar):    0.004     
Step:  1319999    NAcc:  660002     fAcc:  0.500      Maxd:  1.22257    E*/N:  -2.79205   P*:     nan        P*cold: nan        Mu*_xs: -0.00000   Cv*/N_xs:  0.00000         E(kJ/mol): -2.785     P(bar):    0.101     
Step:  1339999    NAcc:  670000     fAcc:  0.500      Maxd:  0.36434    E*/N:  -2.82696   P*:     nan        P*cold: nan        Mu*_xs: -0.00000   Cv*/N_xs:  0.00000         E(kJ/mol): -2.820     P(bar):    0.001     
Step:  1359999    NAcc:  680000     fAcc:  0.500      Maxd:  1.33495    E*/N:  -2.87405   P*:     nan        P*cold: nan        Mu*_xs: -0.00000   Cv*/N_xs:  0.00000         E(kJ/mol): -2.867     P(bar):    0.091     
Step:  1379999    NAcc:  690000     fAcc:  0.500      Maxd:  0.39151    E*/N:  -2.95222   P*:     nan        P*cold: nan        Mu*_xs: -0.00000   Cv*/N_xs:  0.00000         E(kJ/mol): -2.944     P(bar):    0.044     
Step:  1399999    NAcc:  699999     fAcc:  0.500      Maxd:  1.64468    E*/N:  -2.86723   P*:     nan        P*cold: nan        Mu*_xs: -0.00000   Cv*/N_xs:  0.00000         E(kJ/mol): -2.860     P(bar):    0.186     
Step:  1419999    NAcc:  710002     fAcc:  0.500      Maxd:  0.62476    E*/N:  -2.88324   P*:     nan        P*cold: nan        Mu*_xs: -0.00000   Cv*/N_xs:  0.00000         E(kJ/mol): -2.876     P(bar):    0.107     
Step:  1439999    NAcc:  720000     fAcc:  0.500      Maxd:  0.54862    E*/N:  -2.91624   P*:     nan        P*cold: nan        Mu*_xs: -0.00000   Cv*/N_xs:  0.00000         E(kJ/mol): -2.909     P(bar):    0.063     
Step:  1459999    NAcc:  730002     fAcc:  0.500      Maxd:  1.05503    E*/N:  -2.94309   P*:     nan        P*cold: nan        Mu*_xs: -0.00000   Cv*/N_xs:  0.00000         E(kJ/mol): -2.935     P(bar):    0.061     
Step:  1479999    NAcc:  740001     fAcc:  0.500      Maxd:  0.97062    E*/N:  -2.86185   P*:     nan        P*cold: nan        Mu*_xs: -0.00000   Cv*/N_xs:  0.00000         E(kJ/mol): -2.854     P(bar):    0.077     
Step:  1499999    NAcc:  749999     fAcc:  0.500      Maxd:  0.99227    E*/N:  -2.87552   P*:     nan        P*cold: nan        Mu*_xs: -0.00000   Cv*/N_xs:  0.00000         E(kJ/mol): -2.868     P(bar):    0.122     
Step:  1519999    NAcc:  760000     fAcc:  0.500      Maxd:  0.62481    E*/N:  -2.89902   P*:     nan        P*cold: nan        Mu*_xs: -0.00000   Cv*/N_xs:  0.00000         E(kJ/mol): -2.891     P(bar):    0.180     
Step:  1539999    NAcc:  770000     fAcc:  0.500      Maxd:  0.61705    E*/N:  -2.96128   P*:     nan        P*cold: nan        Mu*_xs: -0.00000   Cv*/N_xs:  0.00000         E(kJ/mol): -2.954     P(bar):    0.055     
Step:  1559999    NAcc:  779999     fAcc:  0.500      Maxd:  0.36532    E*/N:  -2.96404   P*:     nan        P*cold: nan        Mu*_xs: -0.00000   Cv*/N_xs:  0.00000         E(kJ/mol): -2.956     P(bar):    0.089     
Step:  1579999    NAcc:  789998     fAcc:  0.500      Maxd:  0.42234    E*/N:  -2.99503   P*:     nan        P*cold: nan        Mu*_xs: -0.00000   Cv*/N_xs:  0.00000         E(kJ/mol): -2.987     P(bar):    -0.009    
Step:  1599999    NAcc:  800000     fAcc:  0.500      Maxd:  2.07275    E*/N:  -3.01527   P*:     nan        P*cold: nan        Mu*_xs: -0.00000   Cv*/N_xs:  0.00000         E(kJ/mol): -3.007     P(bar):    -0.023    
Step:  1619999    NAcc:  810001     fAcc:  0.500      Maxd:  2.78406    E*/N:  -2.90403   P*:     nan        P*cold: nan        Mu*_xs: -0.00000   Cv*/N_xs:  0.00000         E(kJ/mol): -2.896     P(bar):    0.093     
Step:  1639999    NAcc:  820002     fAcc:  0.500      Maxd:  0.71268    E*/N:  -2.89923   P*:     nan        P*cold: nan        Mu*_xs: -0.00000   Cv*/N_xs:  0.00000         E(kJ/mol): -2.892     P(bar):    0.062     
Step:  1659999    NAcc:  830001     fAcc:  0.500      Maxd:  0.61742    E*/N:  -2.92677   P*:     nan        P*cold: nan        Mu*_xs: -0.00000   Cv*/N_xs:  0.00000         E(kJ/mol): -2.919     P(bar):    0.107     
Step:  1679999    NAcc:  840000     fAcc:  0.500      Maxd:  0.45306    E*/N:  -2.90858   P*:     nan        P*cold: nan        Mu*_xs: -0.00000   Cv*/N_xs:  0.00000         E(kJ/mol): -2.901     P(bar):    0.033     
Step:  1699999    NAcc:  850001     fAcc:  0.500      Maxd:  0.51106    E*/N:  -2.89858   P*:     nan        P*cold: nan        Mu*_xs: -0.00000   Cv*/N_xs:  0.00000         E(kJ/mol): -2.891     P(bar):    0.100     
Step:  1719999    NAcc:  859999     fAcc:  0.500      Maxd:  0.31693    E*/N:  -2.91224   P*:     nan        P*cold: nan        Mu*_xs: -0.00000   Cv*/N_xs:  0.00000         E(kJ/mol): -2.905     P(bar):    0.057     
Step:  1739999    NAcc:  870001     fAcc:  0.500      Maxd:  0.50776    E*/N:  -2.88470   P*:     nan        P*cold: nan        Mu*_xs: -0.00000   Cv*/N_xs:  0.00000         E(kJ/mol): -2.877     P(bar):    0.066     
Step:  1759999    NAcc:  880000     fAcc:  0.500      Maxd:  0.35958    E*/N:  -2.92610   P*:     nan        P*cold: nan        Mu*_xs: -0.00000   Cv*/N_xs:  0.00000         E(kJ/mol): -2.918     P(bar):    0.019     
Step:  1779999    NAcc:  890000     fAcc:  0.500      Maxd:  0.42241    E*/N:  -2.88095   P*:     nan        P*cold: nan        Mu*_xs: -0.00000   Cv*/N_xs:  0.00000         E(kJ/mol): -2.873     P(bar):    0.027     
Step:  1799999    NAcc:  899998     fAcc:  0.500      Maxd:  0.34624    E*/N:  -2.89812   P*:     nan        P*cold: nan        Mu*_xs: -0.00000   Cv*/N_xs:  0.00000         E(kJ/mol): -2.891     P(bar):    0.065     
Step:  1819999    NAcc:  909998     fAcc:  0.500      Maxd:  1.77720    E*/N:  -2.88627   P*:     nan        P*cold: nan        Mu*_xs: -0.00000   Cv*/N_xs:  0.00000         E(kJ/mol): -2.879     P(bar):    -0.037    
Step:  1839999    NAcc:  920001     fAcc:  0.500      Maxd:  0.45369    E*/N:  -2.86590   P*:     nan        P*cold: nan        Mu*_xs: -0.00000   Cv*/N_xs:  0.00000         E(kJ/mol): -2.858     P(bar):    -0.012    
Step:  1859999    NAcc:  930000     fAcc:  0.500      Maxd:  0.41603    E*/N:  -2.85680   P*:     nan        P*cold: nan        Mu*_xs: -0.00000   Cv*/N_xs:  0.00000         E(kJ/mol): -2.849     P(bar):    0.089     
Step:  1879999    NAcc:  940001     fAcc:  0.500      Maxd:  0.42649    E*/N:  -2.85395   P*:     nan        P*cold: nan        Mu*_xs: -0.00000   Cv*/N_xs:  0.00000         E(kJ/mol): -2.846     P(bar):    0.043     
Step:  1899999    NAcc:  950002     fAcc:  0.500      Maxd:  0.87754    E*/N:  -2.80439   P*:     nan        P*cold: nan        Mu*_xs: -0.00000   Cv*/N_xs:  0.00000         E(kJ/mol): -2.797     P(bar):    0.100     
Step:  1919999    NAcc:  960002     fAcc:  0.500      Maxd:  1.08519    E*/N:  -2.82824   P*:     nan        P*cold: nan        Mu*_xs: -0.00000   Cv*/N_xs:  0.00000         E(kJ/mol): -2.821     P(bar):    -0.070    
Step:  1939999    NAcc:  969999     fAcc:  0.500      Maxd:  0.47477    E*/N:  -2.74205   P*:     nan        P*cold: nan        Mu*_xs: -0.00000   Cv*/N_xs:  0.00000         E(kJ/mol): -2.735     P(bar):    0.144     
Step:  1959999    NAcc:  980001     fAcc:  0.500      Maxd:  3.77723    E*/N:  -2.79392   P*:     nan        P*cold: nan        Mu*_xs: -0.00000   Cv*/N_xs:  0.00000         E(kJ/mol): -2.787     P(bar):    0.070     
Step:  1979999    NAcc:  989999     fAcc:  0.500      Maxd:  0.32349    E*/N:  -2.75858   P*:     nan        P*cold: nan        Mu*_xs: -0.00000   Cv*/N_xs:  0.00000         E(kJ/mol): -2.751     P(bar):    0.064     
Step:  1999999    NAcc:  1000001    fAcc:  0.500      Maxd:  0.42355    E*/N:  -2.82867   P*:     nan        P*cold: nan        Mu*_xs: -0.00000   Cv*/N_xs:  0.00000         E(kJ/mol): -2.821     P(bar):    0.013     
Step:  2019999    NAcc:  1010000    fAcc:  0.500      Maxd:  0.35111    E*/N:  -2.78119   P*:     0.06775    P*cold: -0.41225   Mu*_xs: -2.46449   Cv*/N_xs:  0.20778         E(kJ/mol): -2.774     P(bar):    -0.007    
Step:  2039999    NAcc:  1020001    fAcc:  0.500      Maxd:  0.44354    E*/N:  -2.83832   P*:     0.04742    P*cold: -0.43258   Mu*_xs: -2.48310   Cv*/N_xs:  0.31265         E(kJ/mol): -2.831     P(bar):    0.034     
Step:  2059999    NAcc:  1030000    fAcc:  0.500      Maxd:  0.31734    E*/N:  -2.80242   P*:     0.05285    P*cold: -0.42715   Mu*_xs: -2.50526   Cv*/N_xs:  0.30129         E(kJ/mol): -2.795     P(bar):    0.052     
Step:  2079999    NAcc:  1040002    fAcc:  0.500      Maxd:  0.60812    E*/N:  -2.86210   P*:     0.04518    P*cold: -0.43482   Mu*_xs: -2.51389   Cv*/N_xs:  0.31742         E(kJ/mol): -2.855     P(bar):    0.043     
Step:  2099999    NAcc:  1049999    fAcc:  0.500      Maxd:  0.33802    E*/N:  -2.79892   P*:     0.04614    P*cold: -0.43386   Mu*_xs: -2.50226   Cv*/N_xs:  0.37326         E(kJ/mol): -2.792     P(bar):    0.048     
Step:  2119999    NAcc:  1059999    fAcc:  0.500      Maxd:  0.41467    E*/N:  -2.78744   P*:     0.05489    P*cold: -0.42511   Mu*_xs: -2.51678   Cv*/N_xs:  0.37207         E(kJ/mol): -2.780     P(bar):    0.090     
Step:  2139999    NAcc:  1070001    fAcc:  0.500      Maxd:  3.20146    E*/N:  -2.75722   P*:     0.06099    P*cold: -0.41901   Mu*_xs: -2.51594   Cv*/N_xs:  0.48413         E(kJ/mol): -2.750     P(bar):    0.120     
Step:  2159999    NAcc:  1079999    fAcc:  0.500      Maxd:  0.38757    E*/N:  -2.78466   P*:     0.05845    P*cold: -0.42155   Mu*_xs: -2.51955   Cv*/N_xs:  0.46847         E(kJ/mol): -2.777     P(bar):    0.021     
Step:  2179999    NAcc:  1089999    fAcc:  0.500      Maxd:  0.49926    E*/N:  -2.77197   P*:     0.05869    P*cold: -0.42131   Mu*_xs: -2.52356   Cv*/N_xs:  0.44343         E(kJ/mol): -2.765     P(bar):    0.134     
Step:  2199999    NAcc:  1100001    fAcc:  0.500      Maxd:  2.06139    E*/N:  -2.74344   P*:     0.05764    P*cold: -0.42236   Mu*_xs: -2.52440   Cv*/N_xs:  0.44149         E(kJ/mol): -2.736     P(bar):    0.122     
Step:  2219999    NAcc:  1109996    fAcc:  0.500      Maxd:  0.90162    E*/N:  -2.83201   P*:     0.06047    P*cold: -0.41953   Mu*_xs: -2.52523   Cv*/N_xs:  0.42651         E(kJ/mol): -2.825     P(bar):    -0.027    
Step:  2239999    NAcc:  1120001    fAcc:  0.500      Maxd:  0.99964    E*/N:  -2.80350   P*:     0.05739    P*cold: -0.42261   Mu*_xs: -2.52243   Cv*/N_xs:  0.43798         E(kJ/mol): -2.796     P(bar):    0.138     
Step:  2259999    NAcc:  1130002    fAcc:  0.500      Maxd:  2.06202    E*/N:  -2.79204   P*:     0.06111    P*cold: -0.41889   Mu*_xs: -2.52577   Cv*/N_xs:  0.43793         E(kJ/mol): -2.785     P(bar):    0.049     
Step:  2279999    NAcc:  1140003    fAcc:  0.500      Maxd:  1.41664    E*/N:  -2.85358   P*:     0.06166    P*cold: -0.41834   Mu*_xs: -2.52305   Cv*/N_xs:  0.42104         E(kJ/mol): -2.846     P(bar):    0.044     
Step:  2299999    NAcc:  1150002    fAcc:  0.500      Maxd:  0.90917    E*/N:  -2.85633   P*:     0.06659    P*cold: -0.41341   Mu*_xs: -2.52613   Cv*/N_xs:  0.42637         E(kJ/mol): -2.849     P(bar):    0.069     
Step:  2319999    NAcc:  1160001    fAcc:  0.500      Maxd:  2.22804    E*/N:  -2.87842   P*:     0.06970    P*cold: -0.41030   Mu*_xs: -2.52269   Cv*/N_xs:  0.47212         E(kJ/mol): -2.871     P(bar):    0.052     
Step:  2339999    NAcc:  1169996    fAcc:  0.500      Maxd:  0.35324    E*/N:  -2.85331   P*:     0.07339    P*cold: -0.40661   Mu*_xs: -2.51989   Cv*/N_xs:  0.47703         E(kJ/mol): -2.846     P(bar):    0.063     
Step:  2359999    NAcc:  1180000    fAcc:  0.500      Maxd:  0.41726    E*/N:  -2.77381   P*:     0.07405    P*cold: -0.40595   Mu*_xs: -2.51922   Cv*/N_xs:  0.47057         E(kJ/mol): -2.767     P(bar):    0.107     
Step:  2379999    NAcc:  1189999    fAcc:  0.500      Maxd:  1.30471    E*/N:  -2.78823   P*:     0.07496    P*cold: -0.40504   Mu*_xs: -2.52187   Cv*/N_xs:  0.47964         E(kJ/mol): -2.781     P(bar):    0.019     
Step:  2399999    NAcc:  1200001    fAcc:  0.500      Maxd:  2.11245    E*/N:  -2.77426   P*:     0.07273    P*cold: -0.40727   Mu*_xs: -2.52020   Cv*/N_xs:  0.48748         E(kJ/mol): -2.767     P(bar):    -0.045    
Step:  2419999    NAcc:  1209999    fAcc:  0.500      Maxd:  0.75129    E*/N:  -2.81515   P*:     0.07261    P*cold: -0.40739   Mu*_xs: -2.52325   Cv*/N_xs:  0.51426         E(kJ/mol): -2.808     P(bar):    -0.005    
Step:  2439999    NAcc:  1219999    fAcc:  0.500      Maxd:  0.44559    E*/N:  -2.83420   P*:     0.07095    P*cold: -0.40905   Mu*_xs: -2.52450   Cv*/N_xs:  0.50670         E(kJ/mol): -2.827     P(bar):    -0.062    
Step:  2459999    NAcc:  1230000    fAcc:  0.500      Maxd:  0.29885    E*/N:  -2.77641   P*:     0.07010    P*cold: -0.40990   Mu*_xs: -2.52223   Cv*/N_xs:  0.50010         E(kJ/mol): -2.769     P(bar):    0.039     
Step:  2479999    NAcc:  1240001    fAcc:  0.500      Maxd:  1.41370    E*/N:  -2.81874   P*:     0.06779    P*cold: -0.41221   Mu*_xs: -2.51858   Cv*/N_xs:  0.50845         E(kJ/mol): -2.811     P(bar):    0.042     
Step:  2499999    NAcc:  1250001    fAcc:  0.500      Maxd:  1.08683    E*/N:  -2.81715   P*:     0.06813    P*cold: -0.41187   Mu*_xs: -2.51721   Cv*/N_xs:  0.56456         E(kJ/mol): -2.810     P(bar):    0.092     
Step:  2519999    NAcc:  1259999    fAcc:  0.500      Maxd:  0.56291    E*/N:  -2.87517   P*:     0.06923    P*cold: -0.41077   Mu*_xs: -2.51288   Cv*/N_xs:  0.57448         E(kJ/mol): -2.868     P(bar):    0.118     
Step:  2539999    NAcc:  1269999    fAcc:  0.500      Maxd:  0.34241    E*/N:  -2.85467   P*:     0.07003    P*cold: -0.40997   Mu*_xs: -2.50907   Cv*/N_xs:  0.64039         E(kJ/mol): -2.847     P(bar):    0.100     
Step:  2559999    NAcc:  1280002    fAcc:  0.500      Maxd:  2.14472    E*/N:  -2.85307   P*:     0.07217    P*cold: -0.40783   Mu*_xs: -2.50782   Cv*/N_xs:  0.64581         E(kJ/mol): -2.846     P(bar):    0.053     
Step:  2579999    NAcc:  1290001    fAcc:  0.500      Maxd:  1.30820    E*/N:  -2.82160   P*:     0.07398    P*cold: -0.40602   Mu*_xs: -2.50927   Cv*/N_xs:  0.63089         E(kJ/mol): -2.814     P(bar):    0.046     
Step:  2599999    NAcc:  1299999    fAcc:  0.500      Maxd:  0.29458    E*/N:  -2.88310   P*:     0.07318    P*cold: -0.40682   Mu*_xs: -2.50964   Cv*/N_xs:  0.65162         E(kJ/mol): -2.876     P(bar):    0.022     
Step:  2619999    NAcc:  1310001    fAcc:  0.500      Maxd:  0.57579    E*/N:  -2.78102   P*:     0.07423    P*cold: -0.40577   Mu*_xs: -2.50822   Cv*/N_xs:  0.65066         E(kJ/mol): -2.774     P(bar):    0.066     
Step:  2639999    NAcc:  1319999    fAcc:  0.500      Maxd:  0.31829    E*/N:  -2.78241   P*:     0.07422    P*cold: -0.40578   Mu*_xs: -2.51075   Cv*/N_xs:  0.64476         E(kJ/mol): -2.775     P(bar):    0.218     
Step:  2659999    NAcc:  1330001    fAcc:  0.500      Maxd:  0.42603    E*/N:  -2.77494   P*:     0.07524    P*cold: -0.40476   Mu*_xs: -2.50991   Cv*/N_xs:  0.63719         E(kJ/mol): -2.768     P(bar):    0.085     
Step:  2679999    NAcc:  1340000    fAcc:  0.500      Maxd:  0.32288    E*/N:  -2.82013   P*:     0.07470    P*cold: -0.40530   Mu*_xs: -2.51009   Cv*/N_xs:  0.62165         E(kJ/mol): -2.813     P(bar):    0.071     
Step:  2699999    NAcc:  1350001    fAcc:  0.500      Maxd:  0.71691    E*/N:  -2.85608   P*:     0.07528    P*cold: -0.40472   Mu*_xs: -2.51121   Cv*/N_xs:  0.63134         E(kJ/mol): -2.849     P(bar):    0.075     
Step:  2719999    NAcc:  1360000    fAcc:  0.500      Maxd:  0.35933    E*/N:  -2.76749   P*:     0.07595    P*cold: -0.40405   Mu*_xs: -2.50928   Cv*/N_xs:  0.63498         E(kJ/mol): -2.760     P(bar):    0.206     
Step:  2739999    NAcc:  1370001    fAcc:  0.500      Maxd:  0.46045    E*/N:  -2.84573   P*:     0.07649    P*cold: -0.40351   Mu*_xs: -2.50801   Cv*/N_xs:  0.64693         E(kJ/mol): -2.838     P(bar):    0.118     
Step:  2759999    NAcc:  1379998    fAcc:  0.500      Maxd:  2.26944    E*/N:  -2.81272   P*:     0.07735    P*cold: -0.40265   Mu*_xs: -2.50866   Cv*/N_xs:  0.64601         E(kJ/mol): -2.805     P(bar):    0.077     
Step:  2779999    NAcc:  1390000    fAcc:  0.500      Maxd:  0.34933    E*/N:  -2.86703   P*:     0.07713    P*cold: -0.40287   Mu*_xs: -2.50851   Cv*/N_xs:  0.70398         E(kJ/mol): -2.860     P(bar):    0.182     
Step:  2799999    NAcc:  1400000    fAcc:  0.500      Maxd:  0.33654    E*/N:  -2.89283   P*:     0.07745    P*cold: -0.40255   Mu*_xs: -2.50681   Cv*/N_xs:  0.72022         E(kJ/mol): -2.885     P(bar):    -0.034    
Step:  2819999    NAcc:  1409999    fAcc:  0.500      Maxd:  0.53301    E*/N:  -2.81551   P*:     0.07671    P*cold: -0.40329   Mu*_xs: -2.50795   Cv*/N_xs:  0.72378         E(kJ/mol): -2.808     P(bar):    0.052     
Step:  2839999    NAcc:  1420000    fAcc:  0.500      Maxd:  0.34319    E*/N:  -2.83102   P*:     0.07851    P*cold: -0.40149   Mu*_xs: -2.50729   Cv*/N_xs:  0.72133         E(kJ/mol): -2.824     P(bar):    0.141     
Step:  2859999    NAcc:  1430000    fAcc:  0.500      Maxd:  0.45820    E*/N:  -2.81676   P*:     0.07786    P*cold: -0.40214   Mu*_xs: -2.50917   Cv*/N_xs:  0.73232         E(kJ/mol): -2.809     P(bar):    0.156     
Step:  2879999    NAcc:  1439999    fAcc:  0.500      Maxd:  1.06535    E*/N:  -2.84179   P*:     0.07722    P*cold: -0.40278   Mu*_xs: -2.50911   Cv*/N_xs:  0.72719         E(kJ/mol): -2.834     P(bar):    0.076     
Step:  2899999    NAcc:  1450001    fAcc:  0.500      Maxd:  0.44365    E*/N:  -2.78424   P*:     0.07701    P*cold: -0.40299   Mu*_xs: -2.50984   Cv*/N_xs:  0.72268         E(kJ/mol): -2.777     P(bar):    -0.007    
Step:  2919999    NAcc:  1460000    fAcc:  0.500      Maxd:  0.32628    E*/N:  -2.75481   P*:     0.07593    P*cold: -0.40407   Mu*_xs: -2.50868   Cv*/N_xs:  0.72140         E(kJ/mol): -2.748     P(bar):    0.126     
Step:  2939999    NAcc:  1469998    fAcc:  0.500      Maxd:  0.32198    E*/N:  -2.85296   P*:     0.07640    P*cold: -0.40360   Mu*_xs: -2.51073   Cv*/N_xs:  0.71603         E(kJ/mol): -2.845     P(bar):    0.109     
Step:  2959999    NAcc:  1480000    fAcc:  0.500      Maxd:  0.30260    E*/N:  -2.87215   P*:     0.07574    P*cold: -0.40426   Mu*_xs: -2.51220   Cv*/N_xs:  0.73134         E(kJ/mol): -2.865     P(bar):    0.070     
Step:  2979999    NAcc:  1490001    fAcc:  0.500      Maxd:  0.52618    E*/N:  -2.92842   P*:     0.07513    P*cold: -0.40487   Mu*_xs: -2.51289   Cv*/N_xs:  0.80325         E(kJ/mol): -2.921     P(bar):    0.038     
Step:  2999999    NAcc:  1500000    fAcc:  0.500      Maxd:  1.50081    E*/N:  -2.91816   P*:     0.07471    P*cold: -0.40529   Mu*_xs: -2.51176   Cv*/N_xs:  0.82989         E(kJ/mol): -2.911     P(bar):    -0.036    
Step:  3019999    NAcc:  1510000    fAcc:  0.500      Maxd:  0.65479    E*/N:  -2.88463   P*:     0.07428    P*cold: -0.40572   Mu*_xs: -2.51241   Cv*/N_xs:  0.84497         E(kJ/mol): -2.877     P(bar):    0.136     
Step:  3039999    NAcc:  1519999    fAcc:  0.500      Maxd:  2.43366    E*/N:  -2.91530   P*:     0.07414    P*cold: -0.40586   Mu*_xs: -2.51178   Cv*/N_xs:  0.89635         E(kJ/mol): -2.908     P(bar):    -0.007    
Step:  3059999    NAcc:  1530001    fAcc:  0.500      Maxd:  0.61123    E*/N:  -2.81925   P*:     0.07422    P*cold: -0.40578   Mu*_xs: -2.51191   Cv*/N_xs:  0.90037         E(kJ/mol): -2.812     P(bar):    0.031     
Step:  3079999    NAcc:  1540000    fAcc:  0.500      Maxd:  1.47668    E*/N:  -2.88070   P*:     0.07391    P*cold: -0.40609   Mu*_xs: -2.51337   Cv*/N_xs:  0.88953         E(kJ/mol): -2.873     P(bar):    0.006     
Step:  3099999    NAcc:  1549999    fAcc:  0.500      Maxd:  1.48524    E*/N:  -2.93215   P*:     0.07492    P*cold: -0.40508   Mu*_xs: -2.51174   Cv*/N_xs:  0.91199         E(kJ/mol): -2.924     P(bar):    0.127     
Step:  3119999    NAcc:  1559999    fAcc:  0.500      Maxd:  2.74059    E*/N:  -2.83804   P*:     0.07422    P*cold: -0.40578   Mu*_xs: -2.51173   Cv*/N_xs:  0.92349         E(kJ/mol): -2.831     P(bar):    0.068     
Step:  3139999    NAcc:  1570002    fAcc:  0.500      Maxd:  3.12418    E*/N:  -2.92091   P*:     0.07382    P*cold: -0.40618   Mu*_xs: -2.51087   Cv*/N_xs:  0.94268         E(kJ/mol): -2.913     P(bar):    0.040     
Step:  3159999    NAcc:  1580000    fAcc:  0.500      Maxd:  0.33748    E*/N:  -2.88170   P*:     0.07420    P*cold: -0.40580   Mu*_xs: -2.50909   Cv*/N_xs:  0.97005         E(kJ/mol): -2.874     P(bar):    0.161     
Step:  3179999    NAcc:  1589999    fAcc:  0.500      Maxd:  0.30632    E*/N:  -2.99995   P*:     0.07558    P*cold: -0.40442   Mu*_xs: -2.50845   Cv*/N_xs:  1.04734         E(kJ/mol): -2.992     P(bar):    0.040     
Step:  3199999    NAcc:  1599996    fAcc:  0.500      Maxd:  0.30663    E*/N:  -2.96048   P*:     0.07661    P*cold: -0.40339   Mu*_xs: -2.50700   Cv*/N_xs:  1.19612         E(kJ/mol): -2.953     P(bar):    0.112     
Step:  3219999    NAcc:  1610004    fAcc:  0.500      Maxd:  1.44756    E*/N:  -2.91977   P*:     0.07794    P*cold: -0.40206   Mu*_xs: -2.50658   Cv*/N_xs:  1.26549         E(kJ/mol): -2.912     P(bar):    0.148     
Step:  3239999    NAcc:  1619998    fAcc:  0.500      Maxd:  0.29408    E*/N:  -2.89204   P*:     0.07829    P*cold: -0.40171   Mu*_xs: -2.50610   Cv*/N_xs:  1.30578         E(kJ/mol): -2.884     P(bar):    0.106     
Step:  3259999    NAcc:  1629998    fAcc:  0.500      Maxd:  1.04901    E*/N:  -2.92957   P*:     0.07883    P*cold: -0.40117   Mu*_xs: -2.50595   Cv*/N_xs:  1.34045         E(kJ/mol): -2.922     P(bar):    0.172     
Step:  3279999    NAcc:  1639998    fAcc:  0.500      Maxd:  3.58329    E*/N:  -2.90690   P*:     0.07879    P*cold: -0.40121   Mu*_xs: -2.50445   Cv*/N_xs:  1.37240         E(kJ/mol): -2.899     P(bar):    0.052     
Step:  3299999    NAcc:  1650000    fAcc:  0.500      Maxd:  0.63317    E*/N:  -2.87462   P*:     0.07890    P*cold: -0.40110   Mu*_xs: -2.50287   Cv*/N_xs:  1.37742         E(kJ/mol): -2.867     P(bar):    0.114     
Step:  3319999    NAcc:  1660000    fAcc:  0.500      Maxd:  0.91224    E*/N:  -2.86092   P*:     0.07930    P*cold: -0.40070   Mu*_xs: -2.50346   Cv*/N_xs:  1.36371         E(kJ/mol): -2.853     P(bar):    0.030     
Step:  3339999    NAcc:  1670000    fAcc:  0.500      Maxd:  1.22469    E*/N:  -2.79826   P*:     0.07980    P*cold: -0.40020   Mu*_xs: -2.50406   Cv*/N_xs:  1.34851         E(kJ/mol): -2.791     P(bar):    0.022     
Step:  3359999    NAcc:  1679999    fAcc:  0.500      Maxd:  0.73828    E*/N:  -2.73434   P*:     0.07874    P*cold: -0.40126   Mu*_xs: -2.50400   Cv*/N_xs:  1.34069         E(kJ/mol): -2.727     P(bar):    0.113     
Step:  3379999    NAcc:  1689997    fAcc:  0.500      Maxd:  0.29663    E*/N:  -2.77502   P*:     0.07828    P*cold: -0.40172   Mu*_xs: -2.50398   Cv*/N_xs:  1.33516         E(kJ/mol): -2.768     P(bar):    0.118     
Step:  3399999    NAcc:  1699999    fAcc:  0.500      Maxd:  1.31768    E*/N:  -2.87671   P*:     0.07725    P*cold: -0.40275   Mu*_xs: -2.50318   Cv*/N_xs:  1.32766         E(kJ/mol): -2.869     P(bar):    0.090     
Step:  3419999    NAcc:  1710001    fAcc:  0.500      Maxd:  1.04863    E*/N:  -2.91042   P*:     0.07685    P*cold: -0.40315   Mu*_xs: -2.50351   Cv*/N_xs:  1.34971         E(kJ/mol): -2.903     P(bar):    0.185     
Step:  3439999    NAcc:  1719997    fAcc:  0.500      Maxd:  0.31613    E*/N:  -2.84183   P*:     0.07809    P*cold: -0.40191   Mu*_xs: -2.50188   Cv*/N_xs:  1.34271         E(kJ/mol): -2.834     P(bar):    0.096     
Step:  3459999    NAcc:  1729997    fAcc:  0.500      Maxd:  0.34604    E*/N:  -2.79632   P*:     0.07722    P*cold: -0.40278   Mu*_xs: -2.50202   Cv*/N_xs:  1.32961         E(kJ/mol): -2.789     P(bar):    0.116     
Step:  3479999    NAcc:  1740000    fAcc:  0.500      Maxd:  0.31645    E*/N:  -2.85223   P*:     0.07674    P*cold: -0.40326   Mu*_xs: -2.50276   Cv*/N_xs:  1.32493         E(kJ/mol): -2.845     P(bar):    -0.050    
Step:  3499999    NAcc:  1750000    fAcc:  0.500      Maxd:  8.65837    E*/N:  -2.79152   P*:     0.07624    P*cold: -0.40376   Mu*_xs: -2.50327   Cv*/N_xs:  1.31769         E(kJ/mol): -2.784     P(bar):    0.060     
Step:  3519999    NAcc:  1760001    fAcc:  0.500      Maxd:  0.72992    E*/N:  -2.82152   P*:     0.07566    P*cold: -0.40434   Mu*_xs: -2.50449   Cv*/N_xs:  1.30347         E(kJ/mol): -2.814     P(bar):    0.102     
Step:  3539999    NAcc:  1770001    fAcc:  0.500      Maxd:  1.97181    E*/N:  -2.87471   P*:     0.07492    P*cold: -0.40508   Mu*_xs: -2.50558   Cv*/N_xs:  1.29566         E(kJ/mol): -2.867     P(bar):    0.063     
Step:  3559999    NAcc:  1779999    fAcc:  0.500      Maxd:  5.03353    E*/N:  -2.80237   P*:     0.07546    P*cold: -0.40454   Mu*_xs: -2.50595   Cv*/N_xs:  1.28550         E(kJ/mol): -2.795     P(bar):    0.207     
Step:  3579999    NAcc:  1789999    fAcc:  0.500      Maxd:  0.76419    E*/N:  -2.93338   P*:     0.07563    P*cold: -0.40437   Mu*_xs: -2.50622   Cv*/N_xs:  1.27733         E(kJ/mol): -2.926     P(bar):    0.019     
Step:  3599999    NAcc:  1800004    fAcc:  0.500      Maxd:  1.73590    E*/N:  -2.87130   P*:     0.07614    P*cold: -0.40386   Mu*_xs: -2.50465   Cv*/N_xs:  1.28465         E(kJ/mol): -2.864     P(bar):    0.149     
Step:  3619999    NAcc:  1810001    fAcc:  0.500      Maxd:  0.49675    E*/N:  -2.89967   P*:     0.07584    P*cold: -0.40416   Mu*_xs: -2.50476   Cv*/N_xs:  1.30044         E(kJ/mol): -2.892     P(bar):    0.116     
Step:  3639999    NAcc:  1820001    fAcc:  0.500      Maxd:  0.72326    E*/N:  -2.88934   P*:     0.07570    P*cold: -0.40430   Mu*_xs: -2.50497   Cv*/N_xs:  1.30830         E(kJ/mol): -2.882     P(bar):    0.064     
Step:  3659999    NAcc:  1830004    fAcc:  0.500      Maxd:  1.86583    E*/N:  -2.97386   P*:     0.07558    P*cold: -0.40442   Mu*_xs: -2.50415   Cv*/N_xs:  1.32834         E(kJ/mol): -2.966     P(bar):    -0.047    
Step:  3679999    NAcc:  1840001    fAcc:  0.500      Maxd:  2.96623    E*/N:  -2.95648   P*:     0.07628    P*cold: -0.40372   Mu*_xs: -2.50347   Cv*/N_xs:  1.34548         E(kJ/mol): -2.949     P(bar):    0.044     
Step:  3699999    NAcc:  1850000    fAcc:  0.500      Maxd:  0.61726    E*/N:  -2.88985   P*:     0.07658    P*cold: -0.40342   Mu*_xs: -2.50270   Cv*/N_xs:  1.36171         E(kJ/mol): -2.882     P(bar):    0.027     
Step:  3719999    NAcc:  1859998    fAcc:  0.500      Maxd:  0.31188    E*/N:  -2.87417   P*:     0.07656    P*cold: -0.40344   Mu*_xs: -2.50153   Cv*/N_xs:  1.35003         E(kJ/mol): -2.867     P(bar):    0.006     
Step:  3739999    NAcc:  1870001    fAcc:  0.500      Maxd:  0.62303    E*/N:  -2.81705   P*:     0.07612    P*cold: -0.40388   Mu*_xs: -2.50086   Cv*/N_xs:  1.33778         E(kJ/mol): -2.810     P(bar):    0.069     
Step:  3759999    NAcc:  1880001    fAcc:  0.500      Maxd:  2.62977    E*/N:  -2.82214   P*:     0.07574    P*cold: -0.40426   Mu*_xs: -2.50228   Cv*/N_xs:  1.32813         E(kJ/mol): -2.815     P(bar):    0.014     
Step:  3779999    NAcc:  1889999    fAcc:  0.500      Maxd:  1.39906    E*/N:  -2.77763   P*:     0.07560    P*cold: -0.40440   Mu*_xs: -2.50260   Cv*/N_xs:  1.33155         E(kJ/mol): -2.770     P(bar):    0.052     
Step:  3799999    NAcc:  1899999    fAcc:  0.500      Maxd:  0.31512    E*/N:  -2.83857   P*:     0.07572    P*cold: -0.40428   Mu*_xs: -2.50303   Cv*/N_xs:  1.34923         E(kJ/mol): -2.831     P(bar):    0.015     
Step:  3819999    NAcc:  1910001    fAcc:  0.500      Maxd:  2.74911    E*/N:  -2.83021   P*:     0.07572    P*cold: -0.40428   Mu*_xs: -2.50326   Cv*/N_xs:  1.34246         E(kJ/mol): -2.823     P(bar):    0.030     
Step:  3839999    NAcc:  1920001    fAcc:  0.500      Maxd:  2.22425    E*/N:  -2.85271   P*:     0.07593    P*cold: -0.40407   Mu*_xs: -2.50354   Cv*/N_xs:  1.33046         E(kJ/mol): -2.845     P(bar):    0.023     
Step:  3859999    NAcc:  1929999    fAcc:  0.500      Maxd:  0.31301    E*/N:  -2.83685   P*:     0.07671    P*cold: -0.40329   Mu*_xs: -2.50281   Cv*/N_xs:  1.32257         E(kJ/mol): -2.829     P(bar):    0.030     
Step:  3879999    NAcc:  1940002    fAcc:  0.500      Maxd:  0.64566    E*/N:  -2.78116   P*:     0.07642    P*cold: -0.40358   Mu*_xs: -2.50274   Cv*/N_xs:  1.32457         E(kJ/mol): -2.774     P(bar):    0.047     
Step:  3899999    NAcc:  1949999    fAcc:  0.500      Maxd:  0.60664    E*/N:  -2.73025   P*:     0.07629    P*cold: -0.40371   Mu*_xs: -2.50331   Cv*/N_xs:  1.34374         E(kJ/mol): -2.723     P(bar):    0.224     
Step:  3919999    NAcc:  1960000    fAcc:  0.500      Maxd:  0.34827    E*/N:  -2.72477   P*:     0.07660    P*cold: -0.40340   Mu*_xs: -2.50345   Cv*/N_xs:  1.34457         E(kJ/mol): -2.718     P(bar):    0.158     
Step:  3939999    NAcc:  1970001    fAcc:  0.500      Maxd:  2.65201    E*/N:  -2.84848   P*:     0.07681    P*cold: -0.40319   Mu*_xs: -2.50308   Cv*/N_xs:  1.34561         E(kJ/mol): -2.841     P(bar):    0.036     
Step:  3959999    NAcc:  1980000    fAcc:  0.500      Maxd:  0.33628    E*/N:  -2.88277   P*:     0.07725    P*cold: -0.40275   Mu*_xs: -2.50351   Cv*/N_xs:  1.33595         E(kJ/mol): -2.875     P(bar):    -0.025    
Step:  3979999    NAcc:  1990003    fAcc:  0.500      Maxd:  2.87195    E*/N:  -2.81924   P*:     0.07709    P*cold: -0.40291   Mu*_xs: -2.50387   Cv*/N_xs:  1.32515         E(kJ/mol): -2.812     P(bar):    0.005     
Step:  3999999    NAcc:  1999998    fAcc:  0.500      Maxd:  1.32664    E*/N:  -2.83581   P*:     0.07659    P*cold: -0.40341   Mu*_xs: -2.50346   Cv*/N_xs:  1.31525         E(kJ/mol): -2.828     P(bar):    -0.017    
Step:  4019999    NAcc:  2009996    fAcc:  0.500      Maxd:  0.35749    E*/N:  -2.78760   P*:     0.07615    P*cold: -0.40385   Mu*_xs: -2.50284   Cv*/N_xs:  1.30622         E(kJ/mol): -2.780     P(bar):    0.100     
Step:  4039999    NAcc:  2019999    fAcc:  0.500      Maxd:  0.37044    E*/N:  -2.80023   P*:     0.07612    P*cold: -0.40388   Mu*_xs: -2.50324   Cv*/N_xs:  1.29973         E(kJ/mol): -2.793     P(bar):    0.069     
Step:  4059999    NAcc:  2030001    fAcc:  0.500      Maxd:  0.47958    E*/N:  -2.73601   P*:     0.07630    P*cold: -0.40370   Mu*_xs: -2.50435   Cv*/N_xs:  1.30574         E(kJ/mol): -2.729     P(bar):    0.089     
Step:  4079999    NAcc:  2040002    fAcc:  0.500      Maxd:  5.90973    E*/N:  -2.77699   P*:     0.07570    P*cold: -0.40430   Mu*_xs: -2.50481   Cv*/N_xs:  1.31012         E(kJ/mol): -2.770     P(bar):    0.013     
Step:  4099999    NAcc:  2050000    fAcc:  0.500      Maxd:  0.32677    E*/N:  -2.78178   P*:     0.07544    P*cold: -0.40456   Mu*_xs: -2.50550   Cv*/N_xs:  1.31723         E(kJ/mol): -2.774     P(bar):    0.052     
Step:  4119999    NAcc:  2060000    fAcc:  0.500      Maxd:  0.32768    E*/N:  -2.70631   P*:     0.07523    P*cold: -0.40477   Mu*_xs: -2.50598   Cv*/N_xs:  1.32206         E(kJ/mol): -2.699     P(bar):    0.207     
Step:  4139999    NAcc:  2070001    fAcc:  0.500      Maxd:  21.89948   E*/N:  -2.79984   P*:     0.07549    P*cold: -0.40451   Mu*_xs: -2.50589   Cv*/N_xs:  1.32158         E(kJ/mol): -2.793     P(bar):    0.101     
Step:  4159999    NAcc:  2080001    fAcc:  0.500      Maxd:  0.60875    E*/N:  -2.90456   P*:     0.07569    P*cold: -0.40431   Mu*_xs: -2.50607   Cv*/N_xs:  1.31523         E(kJ/mol): -2.897     P(bar):    0.046     
Step:  4179999    NAcc:  2090000    fAcc:  0.500      Maxd:  1.42038    E*/N:  -2.88538   P*:     0.07584    P*cold: -0.40416   Mu*_xs: -2.50608   Cv*/N_xs:  1.30699         E(kJ/mol): -2.878     P(bar):    0.043     
Step:  4199999    NAcc:  2100000    fAcc:  0.500      Maxd:  0.32607    E*/N:  -2.81195   P*:     0.07641    P*cold: -0.40359   Mu*_xs: -2.50612   Cv*/N_xs:  1.30004         E(kJ/mol): -2.805     P(bar):    0.071     
Step:  4219999    NAcc:  2109995    fAcc:  0.500      Maxd:  1.23796    E*/N:  -2.82560   P*:     0.07687    P*cold: -0.40313   Mu*_xs: -2.50549   Cv*/N_xs:  1.29190         E(kJ/mol): -2.818     P(bar):    0.114     
Step:  4239999    NAcc:  2120002    fAcc:  0.500      Maxd:  0.61385    E*/N:  -2.85925   P*:     0.07748    P*cold: -0.40252   Mu*_xs: -2.50508   Cv*/N_xs:  1.28494         E(kJ/mol): -2.852     P(bar):    0.137     
Step:  4259999    NAcc:  2130000    fAcc:  0.500      Maxd:  0.43579    E*/N:  -2.85347   P*:     0.07781    P*cold: -0.40219   Mu*_xs: -2.50478   Cv*/N_xs:  1.27583         E(kJ/mol): -2.846     P(bar):    0.060     
Step:  4279999    NAcc:  2139999    fAcc:  0.500      Maxd:  0.44195    E*/N:  -2.85304   P*:     0.07821    P*cold: -0.40179   Mu*_xs: -2.50428   Cv*/N_xs:  1.26747         E(kJ/mol): -2.846     P(bar):    0.071     
Step:  4299999    NAcc:  2150001    fAcc:  0.500      Maxd:  0.82474    E*/N:  -2.83462   P*:     0.07859    P*cold: -0.40141   Mu*_xs: -2.50383   Cv*/N_xs:  1.25890         E(kJ/mol): -2.827     P(bar):    0.056     
Step:  4319999    NAcc:  2160000    fAcc:  0.500      Maxd:  0.35207    E*/N:  -2.82598   P*:     0.07791    P*cold: -0.40209   Mu*_xs: -2.50398   Cv*/N_xs:  1.25215         E(kJ/mol): -2.819     P(bar):    0.036     
Step:  4339999    NAcc:  2170000    fAcc:  0.500      Maxd:  0.34449    E*/N:  -2.81561   P*:     0.07781    P*cold: -0.40219   Mu*_xs: -2.50411   Cv*/N_xs:  1.24418         E(kJ/mol): -2.808     P(bar):    0.017     
Step:  4359999    NAcc:  2179999    fAcc:  0.500      Maxd:  1.02634    E*/N:  -2.84183   P*:     0.07745    P*cold: -0.40255   Mu*_xs: -2.50392   Cv*/N_xs:  1.23687         E(kJ/mol): -2.834     P(bar):    0.051     
Step:  4379999    NAcc:  2190002    fAcc:  0.500      Maxd:  1.06405    E*/N:  -2.88262   P*:     0.07773    P*cold: -0.40227   Mu*_xs: -2.50332   Cv*/N_xs:  1.23128         E(kJ/mol): -2.875     P(bar):    0.159     
Step:  4399999    NAcc:  2199999    fAcc:  0.500      Maxd:  0.34124    E*/N:  -2.88842   P*:     0.07799    P*cold: -0.40201   Mu*_xs: -2.50257   Cv*/N_xs:  1.22577         E(kJ/mol): -2.881     P(bar):    0.104     
Step:  4419999    NAcc:  2210001    fAcc:  0.500      Maxd:  1.77717    E*/N:  -2.94682   P*:     0.07810    P*cold: -0.40190   Mu*_xs: -2.50270   Cv*/N_xs:  1.24665         E(kJ/mol): -2.939     P(bar):    0.137     
Step:  4439999    NAcc:  2219996    fAcc:  0.500      Maxd:  0.35798    E*/N:  -2.93292   P*:     0.07814    P*cold: -0.40186   Mu*_xs: -2.50161   Cv*/N_xs:  1.26270         E(kJ/mol): -2.925     P(bar):    0.028     
Step:  4459999    NAcc:  2230001    fAcc:  0.500      Maxd:  1.15436    E*/N:  -2.94834   P*:     0.07795    P*cold: -0.40205   Mu*_xs: -2.50100   Cv*/N_xs:  1.26658         E(kJ/mol): -2.941     P(bar):    -0.021    
Step:  4479999    NAcc:  2240000    fAcc:  0.500      Maxd:  0.34966    E*/N:  -2.87813   P*:     0.07780    P*cold: -0.40220   Mu*_xs: -2.50185   Cv*/N_xs:  1.26541         E(kJ/mol): -2.871     P(bar):    0.042     
Step:  4499999    NAcc:  2250001    fAcc:  0.500      Maxd:  2.04027    E*/N:  -2.84280   P*:     0.07768    P*cold: -0.40232   Mu*_xs: -2.50141   Cv*/N_xs:  1.25903         E(kJ/mol): -2.835     P(bar):    0.138     
Step:  4519999    NAcc:  2260001    fAcc:  0.500      Maxd:  1.18103    E*/N:  -2.80847   P*:     0.07783    P*cold: -0.40217   Mu*_xs: -2.50119   Cv*/N_xs:  1.25145         E(kJ/mol): -2.801     P(bar):    0.132     
Step:  4539999    NAcc:  2270001    fAcc:  0.500      Maxd:  1.86724    E*/N:  -2.86167   P*:     0.07806    P*cold: -0.40194   Mu*_xs: -2.50146   Cv*/N_xs:  1.24538         E(kJ/mol): -2.854     P(bar):    0.044     
Step:  4559999    NAcc:  2279999    fAcc:  0.500      Maxd:  0.30522    E*/N:  -2.84527   P*:     0.07881    P*cold: -0.40119   Mu*_xs: -2.50208   Cv*/N_xs:  1.23824         E(kJ/mol): -2.838     P(bar):    0.097     
Step:  4579999    NAcc:  2289999    fAcc:  0.500      Maxd:  0.34147    E*/N:  -2.79209   P*:     0.07919    P*cold: -0.40081   Mu*_xs: -2.50163   Cv*/N_xs:  1.23507         E(kJ/mol): -2.785     P(bar):    0.130     
Step:  4599999    NAcc:  2300000    fAcc:  0.500      Maxd:  0.67248    E*/N:  -2.74649   P*:     0.07914    P*cold: -0.40086   Mu*_xs: -2.50226   Cv*/N_xs:  1.24075         E(kJ/mol): -2.739     P(bar):    0.090     
Step:  4619999    NAcc:  2310003    fAcc:  0.500      Maxd:  2.06930    E*/N:  -2.82182   P*:     0.07911    P*cold: -0.40089   Mu*_xs: -2.50197   Cv*/N_xs:  1.23883         E(kJ/mol): -2.814     P(bar):    0.013     
Step:  4639999    NAcc:  2320000    fAcc:  0.500      Maxd:  0.32529    E*/N:  -2.84037   P*:     0.07925    P*cold: -0.40075   Mu*_xs: -2.50258   Cv*/N_xs:  1.23211         E(kJ/mol): -2.833     P(bar):    0.065     
Step:  4659999    NAcc:  2329999    fAcc:  0.500      Maxd:  2.46528    E*/N:  -2.83595   P*:     0.07944    P*cold: -0.40056   Mu*_xs: -2.50267   Cv*/N_xs:  1.22716         E(kJ/mol): -2.829     P(bar):    0.201     
Step:  4679999    NAcc:  2339999    fAcc:  0.500      Maxd:  1.10562    E*/N:  -2.84369   P*:     0.07956    P*cold: -0.40044   Mu*_xs: -2.50229   Cv*/N_xs:  1.22366         E(kJ/mol): -2.836     P(bar):    0.135     
Step:  4699999    NAcc:  2349999    fAcc:  0.500      Maxd:  0.80241    E*/N:  -2.91047   P*:     0.07981    P*cold: -0.40019   Mu*_xs: -2.50241   Cv*/N_xs:  1.21936         E(kJ/mol): -2.903     P(bar):    0.014     
Step:  4719999    NAcc:  2359999    fAcc:  0.500      Maxd:  0.33608    E*/N:  -2.81113   P*:     0.07988    P*cold: -0.40012   Mu*_xs: -2.50258   Cv*/N_xs:  1.21506         E(kJ/mol): -2.804     P(bar):    0.289     
Step:  4739999    NAcc:  2369997    fAcc:  0.500      Maxd:  0.65856    E*/N:  -2.89701   P*:     0.07992    P*cold: -0.40008   Mu*_xs: -2.50235   Cv*/N_xs:  1.22708         E(kJ/mol): -2.889     P(bar):    0.077     
Step:  4759999    NAcc:  2380000    fAcc:  0.500      Maxd:  0.84409    E*/N:  -2.97624   P*:     0.07961    P*cold: -0.40039   Mu*_xs: -2.50189   Cv*/N_xs:  1.24004         E(kJ/mol): -2.968     P(bar):    -0.033    
Step:  4779999    NAcc:  2390000    fAcc:  0.500      Maxd:  0.65595    E*/N:  -2.90127   P*:     0.07982    P*cold: -0.40018   Mu*_xs: -2.50173   Cv*/N_xs:  1.25625         E(kJ/mol): -2.894     P(bar):    0.154     
Step:  4799999    NAcc:  2400001    fAcc:  0.500      Maxd:  0.48666    E*/N:  -2.94188   P*:     0.08034    P*cold: -0.39966   Mu*_xs: -2.50094   Cv*/N_xs:  1.25850         E(kJ/mol): -2.934     P(bar):    0.025     
Step:  4819999    NAcc:  2410000    fAcc:  0.500      Maxd:  0.32291    E*/N:  -2.87583   P*:     0.08043    P*cold: -0.39957   Mu*_xs: -2.50098   Cv*/N_xs:  1.26326         E(kJ/mol): -2.868     P(bar):    0.127     
Step:  4839999    NAcc:  2420000    fAcc:  0.500      Maxd:  4.22876    E*/N:  -2.89482   P*:     0.08048    P*cold: -0.39952   Mu*_xs: -2.50021   Cv*/N_xs:  1.25846         E(kJ/mol): -2.887     P(bar):    -0.030    
Step:  4859999    NAcc:  2430001    fAcc:  0.500      Maxd:  0.47715    E*/N:  -2.81638   P*:     0.08034    P*cold: -0.39966   Mu*_xs: -2.50028   Cv*/N_xs:  1.25230         E(kJ/mol): -2.809     P(bar):    0.124     
Step:  4879999    NAcc:  2440000    fAcc:  0.500      Maxd:  0.44719    E*/N:  -2.81915   P*:     0.08032    P*cold: -0.39968   Mu*_xs: -2.50099   Cv*/N_xs:  1.24626         E(kJ/mol): -2.812     P(bar):    0.029     
Step:  4899999    NAcc:  2450001    fAcc:  0.500      Maxd:  0.66544    E*/N:  -2.86971   P*:     0.07998    P*cold: -0.40002   Mu*_xs: -2.50046   Cv*/N_xs:  1.24169         E(kJ/mol): -2.862     P(bar):    -0.014    
Step:  4919999    NAcc:  2459999    fAcc:  0.500      Maxd:  0.33162    E*/N:  -2.82696   P*:     0.08016    P*cold: -0.39984   Mu*_xs: -2.50040   Cv*/N_xs:  1.23643         E(kJ/mol): -2.820     P(bar):    0.253     
Step:  4939999    NAcc:  2469999    fAcc:  0.500      Maxd:  0.77550    E*/N:  -2.83856   P*:     0.08039    P*cold: -0.39961   Mu*_xs: -2.49997   Cv*/N_xs:  1.23219         E(kJ/mol): -2.831     P(bar):    0.096     
Step:  4959999    NAcc:  2479999    fAcc:  0.500      Maxd:  0.43344    E*/N:  -2.88920   P*:     0.08028    P*cold: -0.39972   Mu*_xs: -2.49888   Cv*/N_xs:  1.22708         E(kJ/mol): -2.882     P(bar):    0.006     
Step:  4979999    NAcc:  2490001    fAcc:  0.500      Maxd:  0.52616    E*/N:  -3.01283   P*:     0.07990    P*cold: -0.40010   Mu*_xs: -2.49819   Cv*/N_xs:  1.24019         E(kJ/mol): -3.005     P(bar):    0.003     
Step:  4999999    NAcc:  2500000    fAcc:  0.500      Maxd:  0.37702    E*/N:  -2.93658   P*:     0.08033    P*cold: -0.39967   Mu*_xs: -2.49719   Cv*/N_xs:  1.27638         E(kJ/mol): -2.929     P(bar):    0.189     
# Computed average properties: 
 # E*/N:  -2.84681  
 # P*:     0.08033   
 # Cv*/N_xs:   1.27638        
 # Mu*_xs:  -2.49719  
