# Number of atoms:       500
# Atom type:             Ar
# Molar Mass (g/mol):    39.948
# Density (g/cm^3):      0.337669
# LJ sigma (Angstrom):   3.4
# LJ epsilon/kB (K):     120
# LJ cutoff (Angstrom):  13.6
# LJ cutoff (sigma):     4
# Temperature (K):       144
# Number MC steps:       5e+06
# Output frequency:      20000
# Num. den. (atoms/Ang): 0.00508854
# Box length (x):        46.1451
# Box length (y):        46.1451
# Box length (z):        46.1451
# Init. spacing (Ang):   5.12723
# reduc. density (rho*): 0.2
# reduc. temp (T*):      1.2
Step:  19999      NAcc:  10001      fAcc:  0.500      Maxd:  1.96367    E*/N:  -1.59236   P*:     nan        P*cold: nan        Mu*_xs: -0.00000   Cv*/N_xs:  0.00000         E(kJ/mol): -1.588     P(bar):    0.091     
Step:  39999      NAcc:  19999      fAcc:  0.500      Maxd:  0.36996    E*/N:  -1.60978   P*:     nan        P*cold: nan        Mu*_xs: -0.00000   Cv*/N_xs:  0.00000         E(kJ/mol): -1.606     P(bar):    0.114     
Step:  59999      NAcc:  30002      fAcc:  0.500      Maxd:  1.54989    E*/N:  -1.62612   P*:     nan        P*cold: nan        Mu*_xs: -0.00000   Cv*/N_xs:  0.00000         E(kJ/mol): -1.622     P(bar):    0.140     
Step:  79999      NAcc:  40002      fAcc:  0.500      Maxd:  1.12596    E*/N:  -1.63678   P*:     nan        P*cold: nan        Mu*_xs: -0.00000   Cv*/N_xs:  0.00000         E(kJ/mol): -1.632     P(bar):    0.084     
Step:  99999      NAcc:  50000      fAcc:  0.500      Maxd:  10.58418   E*/N:  -1.59723   P*:     nan        P*cold: nan        Mu*_xs: -0.00000   Cv*/N_xs:  0.00000         E(kJ/mol): -1.593     P(bar):    0.062     
Step:  119999     NAcc:  59997      fAcc:  0.500      Maxd:  1.52686    E*/N:  -1.63763   P*:     nan        P*cold: nan        Mu*_xs: -0.00000   Cv*/N_xs:  0.00000         E(kJ/mol): -1.633     P(bar):    0.097     
Step:  139999     NAcc:  70001      fAcc:  0.500      Maxd:  4.25477    E*/N:  -1.64361   P*:     nan        P*cold: nan        Mu*_xs: -0.00000   Cv*/N_xs:  0.00000         E(kJ/mol): -1.639     P(bar):    0.054     
Step:  159999     NAcc:  80000      fAcc:  0.500      Maxd:  0.45005    E*/N:  -1.73512   P*:     nan        P*cold: nan        Mu*_xs: -0.00000   Cv*/N_xs:  0.00000         E(kJ/mol): -1.731     P(bar):    0.107     
Step:  179999     NAcc:  89998      fAcc:  0.500      Maxd:  1.87551    E*/N:  -1.62885   P*:     nan        P*cold: nan        Mu*_xs: -0.00000   Cv*/N_xs:  0.00000         E(kJ/mol): -1.625     P(bar):    0.123     
Step:  199999     NAcc:  99995      fAcc:  0.500      Maxd:  0.38428    E*/N:  -1.55733   P*:     nan        P*cold: nan        Mu*_xs: -0.00000   Cv*/N_xs:  0.00000         E(kJ/mol): -1.553     P(bar):    0.102     
Step:  219999     NAcc:  109997     fAcc:  0.500      Maxd:  0.46056    E*/N:  -1.51076   P*:     nan        P*cold: nan        Mu*_xs: -0.00000   Cv*/N_xs:  0.00000         E(kJ/mol): -1.507     P(bar):    0.063     
Step:  239999     NAcc:  120002     fAcc:  0.500      Maxd:  12.61389   E*/N:  -1.54180   P*:     nan        P*cold: nan        Mu*_xs: -0.00000   Cv*/N_xs:  0.00000         E(kJ/mol): -1.538     P(bar):    0.117     
Step:  259999     NAcc:  130002     fAcc:  0.500      Maxd:  1.60952    E*/N:  -1.59759   P*:     nan        P*cold: nan        Mu*_xs: -0.00000   Cv*/N_xs:  0.00000         E(kJ/mol): -1.593     P(bar):    0.107     
Step:  279999     NAcc:  140001     fAcc:  0.500      Maxd:  1.18847    E*/N:  -1.55540   P*:     nan        P*cold: nan        Mu*_xs: -0.00000   Cv*/N_xs:  0.00000         E(kJ/mol): -1.551     P(bar):    0.125     
Step:  299999     NAcc:  149999     fAcc:  0.500      Maxd:  2.03427    E*/N:  -1.55422   P*:     nan        P*cold: nan        Mu*_xs: -0.00000   Cv*/N_xs:  0.00000         E(kJ/mol): -1.550     P(bar):    0.110     
Step:  319999     NAcc:  160000     fAcc:  0.500      Maxd:  5.42563    E*/N:  -1.61338   P*:     nan        P*cold: nan        Mu*_xs: -0.00000   Cv*/N_xs:  0.00000         E(kJ/mol): -1.609     P(bar):    0.045     
Step:  339999     NAcc:  169999     fAcc:  0.500      Maxd:  0.47431    E*/N:  -1.68090   P*:     nan        P*cold: nan        Mu*_xs: -0.00000   Cv*/N_xs:  0.00000         E(kJ/mol): -1.676     P(bar):    0.032     
Step:  359999     NAcc:  180001     fAcc:  0.500      Maxd:  0.72225    E*/N:  -1.74540   P*:     nan        P*cold: nan        Mu*_xs: -0.00000   Cv*/N_xs:  0.00000         E(kJ/mol): -1.741     P(bar):    0.064     
Step:  379999     NAcc:  190001     fAcc:  0.500      Maxd:  0.78705    E*/N:  -1.68686   P*:     nan        P*cold: nan        Mu*_xs: -0.00000   Cv*/N_xs:  0.00000         E(kJ/mol): -1.682     P(bar):    0.079     
Step:  399999     NAcc:  199999     fAcc:  0.500      Maxd:  1.27239    E*/N:  -1.68538   P*:     nan        P*cold: nan        Mu*_xs: -0.00000   Cv*/N_xs:  0.00000         E(kJ/mol): -1.681     P(bar):    0.051     
Step:  419999     NAcc:  210001     fAcc:  0.500      Maxd:  1.19370    E*/N:  -1.69059   P*:     nan        P*cold: nan        Mu*_xs: -0.00000   Cv*/N_xs:  0.00000         E(kJ/mol): -1.686     P(bar):    0.130     
Step:  439999     NAcc:  220001     fAcc:  0.500      Maxd:  0.64823    E*/N:  -1.75947   P*:     nan        P*cold: nan        Mu*_xs: -0.00000   Cv*/N_xs:  0.00000         E(kJ/mol): -1.755     P(bar):    0.081     
Step:  459999     NAcc:  230002     fAcc:  0.500      Maxd:  5.66517    E*/N:  -1.64537   P*:     nan        P*cold: nan        Mu*_xs: -0.00000   Cv*/N_xs:  0.00000         E(kJ/mol): -1.641     P(bar):    0.064     
Step:  479999     NAcc:  239997     fAcc:  0.500      Maxd:  0.37750    E*/N:  -1.66538   P*:     nan        P*cold: nan        Mu*_xs: -0.00000   Cv*/N_xs:  0.00000         E(kJ/mol): -1.661     P(bar):    0.066     
Step:  499999     NAcc:  250000     fAcc:  0.500      Maxd:  1.65650    E*/N:  -1.63305   P*:     nan        P*cold: nan        Mu*_xs: -0.00000   Cv*/N_xs:  0.00000         E(kJ/mol): -1.629     P(bar):    0.037     
Step:  519999     NAcc:  260000     fAcc:  0.500      Maxd:  19.84800   E*/N:  -1.60413   P*:     nan        P*cold: nan        Mu*_xs: -0.00000   Cv*/N_xs:  0.00000         E(kJ/mol): -1.600     P(bar):    0.076     
Step:  539999     NAcc:  270001     fAcc:  0.500      Maxd:  2.07693    E*/N:  -1.67824   P*:     nan        P*cold: nan        Mu*_xs: -0.00000   Cv*/N_xs:  0.00000         E(kJ/mol): -1.674     P(bar):    0.146     
Step:  559999     NAcc:  280000     fAcc:  0.500      Maxd:  0.38286    E*/N:  -1.59638   P*:     nan        P*cold: nan        Mu*_xs: -0.00000   Cv*/N_xs:  0.00000         E(kJ/mol): -1.592     P(bar):    0.076     
Step:  579999     NAcc:  289999     fAcc:  0.500      Maxd:  1.78856    E*/N:  -1.61051   P*:     nan        P*cold: nan        Mu*_xs: -0.00000   Cv*/N_xs:  0.00000         E(kJ/mol): -1.606     P(bar):    0.082     
Step:  599999     NAcc:  300000     fAcc:  0.500      Maxd:  0.81775    E*/N:  -1.62347   P*:     nan        P*cold: nan        Mu*_xs: -0.00000   Cv*/N_xs:  0.00000         E(kJ/mol): -1.619     P(bar):    0.062     
Step:  619999     NAcc:  310002     fAcc:  0.500      Maxd:  2.42538    E*/N:  -1.67739   P*:     nan        P*cold: nan        Mu*_xs: -0.00000   Cv*/N_xs:  0.00000         E(kJ/mol): -1.673     P(bar):    0.052     
Step:  639999     NAcc:  320001     fAcc:  0.500      Maxd:  1.71884    E*/N:  -1.72730   P*:     nan        P*cold: nan        Mu*_xs: -0.00000   Cv*/N_xs:  0.00000         E(kJ/mol): -1.723     P(bar):    0.057     
Step:  659999     NAcc:  329998     fAcc:  0.500      Maxd:  0.65884    E*/N:  -1.62102   P*:     nan        P*cold: nan        Mu*_xs: -0.00000   Cv*/N_xs:  0.00000         E(kJ/mol): -1.617     P(bar):    0.105     
Step:  679999     NAcc:  340000     fAcc:  0.500      Maxd:  0.51084    E*/N:  -1.68834   P*:     nan        P*cold: nan        Mu*_xs: -0.00000   Cv*/N_xs:  0.00000         E(kJ/mol): -1.684     P(bar):    0.056     
Step:  699999     NAcc:  350000     fAcc:  0.500      Maxd:  0.84193    E*/N:  -1.67689   P*:     nan        P*cold: nan        Mu*_xs: -0.00000   Cv*/N_xs:  0.00000         E(kJ/mol): -1.673     P(bar):    0.038     
Step:  719999     NAcc:  360000     fAcc:  0.500      Maxd:  0.43509    E*/N:  -1.65854   P*:     nan        P*cold: nan        Mu*_xs: -0.00000   Cv*/N_xs:  0.00000         E(kJ/mol): -1.654     P(bar):    0.109     
Step:  739999     NAcc:  370002     fAcc:  0.500      Maxd:  0.90880    E*/N:  -1.61798   P*:     nan        P*cold: nan        Mu*_xs: -0.00000   Cv*/N_xs:  0.00000         E(kJ/mol): -1.614     P(bar):    0.094     
Step:  759999     NAcc:  380001     fAcc:  0.500      Maxd:  14.21053   E*/N:  -1.57814   P*:     nan        P*cold: nan        Mu*_xs: -0.00000   Cv*/N_xs:  0.00000         E(kJ/mol): -1.574     P(bar):    0.095     
Step:  779999     NAcc:  389998     fAcc:  0.500      Maxd:  2.61173    E*/N:  -1.56222   P*:     nan        P*cold: nan        Mu*_xs: -0.00000   Cv*/N_xs:  0.00000         E(kJ/mol): -1.558     P(bar):    0.092     
Step:  799999     NAcc:  400000     fAcc:  0.500      Maxd:  0.41678    E*/N:  -1.69086   P*:     nan        P*cold: nan        Mu*_xs: -0.00000   Cv*/N_xs:  0.00000         E(kJ/mol): -1.686     P(bar):    0.089     
Step:  819999     NAcc:  409998     fAcc:  0.500      Maxd:  2.75011    E*/N:  -1.59747   P*:     nan        P*cold: nan        Mu*_xs: -0.00000   Cv*/N_xs:  0.00000         E(kJ/mol): -1.593     P(bar):    0.141     
Step:  839999     NAcc:  419996     fAcc:  0.500      Maxd:  0.58387    E*/N:  -1.62183   P*:     nan        P*cold: nan        Mu*_xs: -0.00000   Cv*/N_xs:  0.00000         E(kJ/mol): -1.618     P(bar):    0.081     
Step:  859999     NAcc:  430000     fAcc:  0.500      Maxd:  0.47287    E*/N:  -1.56696   P*:     nan        P*cold: nan        Mu*_xs: -0.00000   Cv*/N_xs:  0.00000         E(kJ/mol): -1.563     P(bar):    0.065     
Step:  879999     NAcc:  439999     fAcc:  0.500      Maxd:  8.38054    E*/N:  -1.53157   P*:     nan        P*cold: nan        Mu*_xs: -0.00000   Cv*/N_xs:  0.00000         E(kJ/mol): -1.528     P(bar):    0.078     
Step:  899999     NAcc:  450002     fAcc:  0.500      Maxd:  5.68736    E*/N:  -1.64513   P*:     nan        P*cold: nan        Mu*_xs: -0.00000   Cv*/N_xs:  0.00000         E(kJ/mol): -1.641     P(bar):    0.067     
Step:  919999     NAcc:  460003     fAcc:  0.500      Maxd:  7.62003    E*/N:  -1.66104   P*:     nan        P*cold: nan        Mu*_xs: -0.00000   Cv*/N_xs:  0.00000         E(kJ/mol): -1.657     P(bar):    0.064     
Step:  939999     NAcc:  469997     fAcc:  0.500      Maxd:  0.58951    E*/N:  -1.69351   P*:     nan        P*cold: nan        Mu*_xs: -0.00000   Cv*/N_xs:  0.00000         E(kJ/mol): -1.689     P(bar):    0.094     
Step:  959999     NAcc:  480000     fAcc:  0.500      Maxd:  0.42357    E*/N:  -1.67675   P*:     nan        P*cold: nan        Mu*_xs: -0.00000   Cv*/N_xs:  0.00000         E(kJ/mol): -1.672     P(bar):    0.082     
Step:  979999     NAcc:  489998     fAcc:  0.500      Maxd:  0.49128    E*/N:  -1.59617   P*:     nan        P*cold: nan        Mu*_xs: -0.00000   Cv*/N_xs:  0.00000         E(kJ/mol): -1.592     P(bar):    0.095     
Step:  999999     NAcc:  500002     fAcc:  0.500      Maxd:  0.86395    E*/N:  -1.55162   P*:     nan        P*cold: nan        Mu*_xs: -0.00000   Cv*/N_xs:  0.00000         E(kJ/mol): -1.548     P(bar):    0.060     
Step:  1019999    NAcc:  509999     fAcc:  0.500      Maxd:  0.45164    E*/N:  -1.57385   P*:     nan        P*cold: nan        Mu*_xs: -0.00000   Cv*/N_xs:  0.00000         E(kJ/mol): -1.570     P(bar):    0.086     
Step:  1039999    NAcc:  520002     fAcc:  0.500      Maxd:  6.98481    E*/N:  -1.48994   P*:     nan        P*cold: nan        Mu*_xs: -0.00000   Cv*/N_xs:  0.00000         E(kJ/mol): -1.486     P(bar):    0.093     
Step:  1059999    NAcc:  530001     fAcc:  0.500      Maxd:  4.19379    E*/N:  -1.51715   P*:     nan        P*cold: nan        Mu*_xs: -0.00000   Cv*/N_xs:  0.00000         E(kJ/mol): -1.513     P(bar):    0.096     
Step:  1079999    NAcc:  540002     fAcc:  0.500      Maxd:  17.05337   E*/N:  -1.67919   P*:     nan        P*cold: nan        Mu*_xs: -0.00000   Cv*/N_xs:  0.00000         E(kJ/mol): -1.675     P(bar):    0.101     
Step:  1099999    NAcc:  550000     fAcc:  0.500      Maxd:  0.38556    E*/N:  -1.47973   P*:     nan        P*cold: nan        Mu*_xs: -0.00000   Cv*/N_xs:  0.00000         E(kJ/mol): -1.476     P(bar):    0.105     
Step:  1119999    NAcc:  559999     fAcc:  0.500      Maxd:  2.03529    E*/N:  -1.50031   P*:     nan        P*cold: nan        Mu*_xs: -0.00000   Cv*/N_xs:  0.00000         E(kJ/mol): -1.496     P(bar):    0.077     
Step:  1139999    NAcc:  570000     fAcc:  0.500      Maxd:  0.84608    E*/N:  -1.60561   P*:     nan        P*cold: nan        Mu*_xs: -0.00000   Cv*/N_xs:  0.00000         E(kJ/mol): -1.601     P(bar):    0.085     
Step:  1159999    NAcc:  579998     fAcc:  0.500      Maxd:  1.32004    E*/N:  -1.46584   P*:     nan        P*cold: nan        Mu*_xs: -0.00000   Cv*/N_xs:  0.00000         E(kJ/mol): -1.462     P(bar):    0.126     
Step:  1179999    NAcc:  590003     fAcc:  0.500      Maxd:  5.19837    E*/N:  -1.63831   P*:     nan        P*cold: nan        Mu*_xs: -0.00000   Cv*/N_xs:  0.00000         E(kJ/mol): -1.634     P(bar):    0.103     
Step:  1199999    NAcc:  599999     fAcc:  0.500      Maxd:  0.42123    E*/N:  -1.58280   P*:     nan        P*cold: nan        Mu*_xs: -0.00000   Cv*/N_xs:  0.00000         E(kJ/mol): -1.579     P(bar):    0.072     
Step:  1219999    NAcc:  609995     fAcc:  0.500      Maxd:  0.43106    E*/N:  -1.61645   P*:     nan        P*cold: nan        Mu*_xs: -0.00000   Cv*/N_xs:  0.00000         E(kJ/mol): -1.612     P(bar):    0.065     
Step:  1239999    NAcc:  620001     fAcc:  0.500      Maxd:  1.36861    E*/N:  -1.69173   P*:     nan        P*cold: nan        Mu*_xs: -0.00000   Cv*/N_xs:  0.00000         E(kJ/mol): -1.687     P(bar):    0.082     
Step:  1259999    NAcc:  629999     fAcc:  0.500      Maxd:  0.84893    E*/N:  -1.62406   P*:     nan        P*cold: nan        Mu*_xs: -0.00000   Cv*/N_xs:  0.00000         E(kJ/mol): -1.620     P(bar):    0.098     
Step:  1279999    NAcc:  640000     fAcc:  0.500      Maxd:  0.89996    E*/N:  -1.61486   P*:     nan        P*cold: nan        Mu*_xs: -0.00000   Cv*/N_xs:  0.00000         E(kJ/mol): -1.611     P(bar):    0.037     
Step:  1299999    NAcc:  650001     fAcc:  0.500      Maxd:  2.64789    E*/N:  -1.66913   P*:     nan        P*cold: nan        Mu*_xs: -0.00000   Cv*/N_xs:  0.00000         E(kJ/mol): -1.665     P(bar):    0.096     
Step:  1319999    NAcc:  660001     fAcc:  0.500      Maxd:  21.79107   E*/N:  -1.53697   P*:     nan        P*cold: nan        Mu*_xs: -0.00000   Cv*/N_xs:  0.00000         E(kJ/mol): -1.533     P(bar):    0.109     
Step:  1339999    NAcc:  670001     fAcc:  0.500      Maxd:  5.79899    E*/N:  -1.57325   P*:     nan        P*cold: nan        Mu*_xs: -0.00000   Cv*/N_xs:  0.00000         E(kJ/mol): -1.569     P(bar):    0.069     
Step:  1359999    NAcc:  680002     fAcc:  0.500      Maxd:  1.72948    E*/N:  -1.61946   P*:     nan        P*cold: nan        Mu*_xs: -0.00000   Cv*/N_xs:  0.00000         E(kJ/mol): -1.615     P(bar):    0.064     
Step:  1379999    NAcc:  689999     fAcc:  0.500      Maxd:  1.87382    E*/N:  -1.58535   P*:     nan        P*cold: nan        Mu*_xs: -0.00000   Cv*/N_xs:  0.00000         E(kJ/mol): -1.581     P(bar):    0.139     
Step:  1399999    NAcc:  699998     fAcc:  0.500      Maxd:  0.98202    E*/N:  -1.65916   P*:     nan        P*cold: nan        Mu*_xs: -0.00000   Cv*/N_xs:  0.00000         E(kJ/mol): -1.655     P(bar):    0.101     
Step:  1419999    NAcc:  710002     fAcc:  0.500      Maxd:  1.33398    E*/N:  -1.65942   P*:     nan        P*cold: nan        Mu*_xs: -0.00000   Cv*/N_xs:  0.00000         E(kJ/mol): -1.655     P(bar):    0.108     
Step:  1439999    NAcc:  720000     fAcc:  0.500      Maxd:  19.76055   E*/N:  -1.65325   P*:     nan        P*cold: nan        Mu*_xs: -0.00000   Cv*/N_xs:  0.00000         E(kJ/mol): -1.649     P(bar):    0.132     
Step:  1459999    NAcc:  730000     fAcc:  0.500      Maxd:  6.33093    E*/N:  -1.60834   P*:     nan        P*cold: nan        Mu*_xs: -0.00000   Cv*/N_xs:  0.00000         E(kJ/mol): -1.604     P(bar):    0.064     
Step:  1479999    NAcc:  739999     fAcc:  0.500      Maxd:  1.07826    E*/N:  -1.62586   P*:     nan        P*cold: nan        Mu*_xs: -0.00000   Cv*/N_xs:  0.00000         E(kJ/mol): -1.622     P(bar):    0.072     
Step:  1499999    NAcc:  749998     fAcc:  0.500      Maxd:  0.39026    E*/N:  -1.65733   P*:     nan        P*cold: nan        Mu*_xs: -0.00000   Cv*/N_xs:  0.00000         E(kJ/mol): -1.653     P(bar):    0.087     
Step:  1519999    NAcc:  760001     fAcc:  0.500      Maxd:  1.64440    E*/N:  -1.69111   P*:     nan        P*cold: nan        Mu*_xs: -0.00000   Cv*/N_xs:  0.00000         E(kJ/mol): -1.687     P(bar):    0.053     
Step:  1539999    NAcc:  770000     fAcc:  0.500      Maxd:  0.86417    E*/N:  -1.71954   P*:     nan        P*cold: nan        Mu*_xs: -0.00000   Cv*/N_xs:  0.00000         E(kJ/mol): -1.715     P(bar):    0.112     
Step:  1559999    NAcc:  780001     fAcc:  0.500      Maxd:  15.32673   E*/N:  -1.70718   P*:     nan        P*cold: nan        Mu*_xs: -0.00000   Cv*/N_xs:  0.00000         E(kJ/mol): -1.703     P(bar):    0.086     
Step:  1579999    NAcc:  790001     fAcc:  0.500      Maxd:  5.00352    E*/N:  -1.64789   P*:     nan        P*cold: nan        Mu*_xs: -0.00000   Cv*/N_xs:  0.00000         E(kJ/mol): -1.644     P(bar):    0.080     
Step:  1599999    NAcc:  799995     fAcc:  0.500      Maxd:  0.54117    E*/N:  -1.60269   P*:     nan        P*cold: nan        Mu*_xs: -0.00000   Cv*/N_xs:  0.00000         E(kJ/mol): -1.598     P(bar):    0.079     
Step:  1619999    NAcc:  810002     fAcc:  0.500      Maxd:  2.80501    E*/N:  -1.64903   P*:     nan        P*cold: nan        Mu*_xs: -0.00000   Cv*/N_xs:  0.00000         E(kJ/mol): -1.645     P(bar):    0.119     
Step:  1639999    NAcc:  819999     fAcc:  0.500      Maxd:  1.95627    E*/N:  -1.62672   P*:     nan        P*cold: nan        Mu*_xs: -0.00000   Cv*/N_xs:  0.00000         E(kJ/mol): -1.622     P(bar):    0.101     
Step:  1659999    NAcc:  830000     fAcc:  0.500      Maxd:  2.46815    E*/N:  -1.68714   P*:     nan        P*cold: nan        Mu*_xs: -0.00000   Cv*/N_xs:  0.00000         E(kJ/mol): -1.683     P(bar):    0.109     
Step:  1679999    NAcc:  840001     fAcc:  0.500      Maxd:  14.73370   E*/N:  -1.53484   P*:     nan        P*cold: nan        Mu*_xs: -0.00000   Cv*/N_xs:  0.00000         E(kJ/mol): -1.531     P(bar):    0.129     
Step:  1699999    NAcc:  850003     fAcc:  0.500      Maxd:  15.92345   E*/N:  -1.62006   P*:     nan        P*cold: nan        Mu*_xs: -0.00000   Cv*/N_xs:  0.00000         E(kJ/mol): -1.616     P(bar):    0.129     
Step:  1719999    NAcc:  860002     fAcc:  0.500      Maxd:  0.95394    E*/N:  -1.62905   P*:     nan        P*cold: nan        Mu*_xs: -0.00000   Cv*/N_xs:  0.00000         E(kJ/mol): -1.625     P(bar):    0.146     
Step:  1739999    NAcc:  870000     fAcc:  0.500      Maxd:  0.36952    E*/N:  -1.62223   P*:     nan        P*cold: nan        Mu*_xs: -0.00000   Cv*/N_xs:  0.00000         E(kJ/mol): -1.618     P(bar):    0.054     
Step:  1759999    NAcc:  879999     fAcc:  0.500      Maxd:  0.45150    E*/N:  -1.63249   P*:     nan        P*cold: nan        Mu*_xs: -0.00000   Cv*/N_xs:  0.00000         E(kJ/mol): -1.628     P(bar):    0.074     
Step:  1779999    NAcc:  890000     fAcc:  0.500      Maxd:  1.38723    E*/N:  -1.64000   P*:     nan        P*cold: nan        Mu*_xs: -0.00000   Cv*/N_xs:  0.00000         E(kJ/mol): -1.636     P(bar):    0.065     
Step:  1799999    NAcc:  900005     fAcc:  0.500      Maxd:  4.80314    E*/N:  -1.54088   P*:     nan        P*cold: nan        Mu*_xs: -0.00000   Cv*/N_xs:  0.00000         E(kJ/mol): -1.537     P(bar):    0.105     
Step:  1819999    NAcc:  910003     fAcc:  0.500      Maxd:  11.27450   E*/N:  -1.54826   P*:     nan        P*cold: nan        Mu*_xs: -0.00000   Cv*/N_xs:  0.00000         E(kJ/mol): -1.544     P(bar):    0.093     
Step:  1839999    NAcc:  919998     fAcc:  0.500      Maxd:  3.33647    E*/N:  -1.57858   P*:     nan        P*cold: nan        Mu*_xs: -0.00000   Cv*/N_xs:  0.00000         E(kJ/mol): -1.574     P(bar):    0.116     
Step:  1859999    NAcc:  930001     fAcc:  0.500      Maxd:  1.31725    E*/N:  -1.62765   P*:     nan        P*cold: nan        Mu*_xs: -0.00000   Cv*/N_xs:  0.00000         E(kJ/mol): -1.623     P(bar):    0.098     
Step:  1879999    NAcc:  939997     fAcc:  0.500      Maxd:  0.98837    E*/N:  -1.63402   P*:     nan        P*cold: nan        Mu*_xs: -0.00000   Cv*/N_xs:  0.00000         E(kJ/mol): -1.630     P(bar):    0.037     
Step:  1899999    NAcc:  950001     fAcc:  0.500      Maxd:  3.49839    E*/N:  -1.53242   P*:     nan        P*cold: nan        Mu*_xs: -0.00000   Cv*/N_xs:  0.00000         E(kJ/mol): -1.528     P(bar):    0.075     
Step:  1919999    NAcc:  960002     fAcc:  0.500      Maxd:  23.08422   E*/N:  -1.63194   P*:     nan        P*cold: nan        Mu*_xs: -0.00000   Cv*/N_xs:  0.00000         E(kJ/mol): -1.628     P(bar):    0.119     
Step:  1939999    NAcc:  970000     fAcc:  0.500      Maxd:  0.44584    E*/N:  -1.57536   P*:     nan        P*cold: nan        Mu*_xs: -0.00000   Cv*/N_xs:  0.00000         E(kJ/mol): -1.571     P(bar):    0.098     
Step:  1959999    NAcc:  979998     fAcc:  0.500      Maxd:  5.08613    E*/N:  -1.60937   P*:     nan        P*cold: nan        Mu*_xs: -0.00000   Cv*/N_xs:  0.00000         E(kJ/mol): -1.605     P(bar):    0.138     
Step:  1979999    NAcc:  990002     fAcc:  0.500      Maxd:  2.66485    E*/N:  -1.51562   P*:     nan        P*cold: nan        Mu*_xs: -0.00000   Cv*/N_xs:  0.00000         E(kJ/mol): -1.512     P(bar):    0.069     
Step:  1999999    NAcc:  999997     fAcc:  0.500      Maxd:  3.73037    E*/N:  -1.61001   P*:     nan        P*cold: nan        Mu*_xs: -0.00000   Cv*/N_xs:  0.00000         E(kJ/mol): -1.606     P(bar):    0.061     
Step:  2019999    NAcc:  1010000    fAcc:  0.500      Maxd:  1.69237    E*/N:  -1.65175   P*:     0.09299    P*cold: -0.14701   Mu*_xs: -1.60208   Cv*/N_xs:  0.49889         E(kJ/mol): -1.647     P(bar):    0.076     
Step:  2039999    NAcc:  1019999    fAcc:  0.500      Maxd:  0.91858    E*/N:  -1.65111   P*:     0.09101    P*cold: -0.14899   Mu*_xs: -1.58437   Cv*/N_xs:  0.65838         E(kJ/mol): -1.647     P(bar):    0.104     
Step:  2059999    NAcc:  1030000    fAcc:  0.500      Maxd:  3.71473    E*/N:  -1.56795   P*:     0.09094    P*cold: -0.14906   Mu*_xs: -1.57192   Cv*/N_xs:  0.70312         E(kJ/mol): -1.564     P(bar):    0.100     
Step:  2079999    NAcc:  1040002    fAcc:  0.500      Maxd:  0.78003    E*/N:  -1.64116   P*:     0.09464    P*cold: -0.14536   Mu*_xs: -1.56949   Cv*/N_xs:  0.82940         E(kJ/mol): -1.637     P(bar):    0.079     
Step:  2099999    NAcc:  1050001    fAcc:  0.500      Maxd:  11.81515   E*/N:  -1.69439   P*:     0.09615    P*cold: -0.14385   Mu*_xs: -1.56581   Cv*/N_xs:  0.81436         E(kJ/mol): -1.690     P(bar):    0.093     
Step:  2119999    NAcc:  1060002    fAcc:  0.500      Maxd:  1.09714    E*/N:  -1.66417   P*:     0.09506    P*cold: -0.14494   Mu*_xs: -1.56946   Cv*/N_xs:  0.72434         E(kJ/mol): -1.660     P(bar):    0.086     
Step:  2139999    NAcc:  1069997    fAcc:  0.500      Maxd:  0.61214    E*/N:  -1.63497   P*:     0.09337    P*cold: -0.14663   Mu*_xs: -1.56600   Cv*/N_xs:  0.83202         E(kJ/mol): -1.631     P(bar):    0.112     
Step:  2159999    NAcc:  1079999    fAcc:  0.500      Maxd:  2.06341    E*/N:  -1.56579   P*:     0.09564    P*cold: -0.14436   Mu*_xs: -1.56413   Cv*/N_xs:  0.91803         E(kJ/mol): -1.562     P(bar):    0.104     
Step:  2179999    NAcc:  1089999    fAcc:  0.500      Maxd:  0.73459    E*/N:  -1.62270   P*:     0.09358    P*cold: -0.14642   Mu*_xs: -1.56215   Cv*/N_xs:  0.88988         E(kJ/mol): -1.618     P(bar):    0.094     
Step:  2199999    NAcc:  1100002    fAcc:  0.500      Maxd:  12.74459   E*/N:  -1.60931   P*:     0.09462    P*cold: -0.14538   Mu*_xs: -1.56196   Cv*/N_xs:  0.85078         E(kJ/mol): -1.605     P(bar):    0.064     
Step:  2219999    NAcc:  1109997    fAcc:  0.500      Maxd:  0.45384    E*/N:  -1.61790   P*:     0.09334    P*cold: -0.14666   Mu*_xs: -1.55879   Cv*/N_xs:  0.84692         E(kJ/mol): -1.614     P(bar):    0.088     
Step:  2239999    NAcc:  1120003    fAcc:  0.500      Maxd:  2.67149    E*/N:  -1.62452   P*:     0.09280    P*cold: -0.14720   Mu*_xs: -1.55841   Cv*/N_xs:  0.79972         E(kJ/mol): -1.620     P(bar):    0.045     
Step:  2259999    NAcc:  1130001    fAcc:  0.500      Maxd:  0.63262    E*/N:  -1.54821   P*:     0.09316    P*cold: -0.14684   Mu*_xs: -1.55783   Cv*/N_xs:  0.89516         E(kJ/mol): -1.544     P(bar):    0.096     
Step:  2279999    NAcc:  1139999    fAcc:  0.500      Maxd:  0.69684    E*/N:  -1.63164   P*:     0.09345    P*cold: -0.14655   Mu*_xs: -1.55929   Cv*/N_xs:  1.17850         E(kJ/mol): -1.627     P(bar):    0.070     
Step:  2299999    NAcc:  1150000    fAcc:  0.500      Maxd:  19.14260   E*/N:  -1.62695   P*:     0.09316    P*cold: -0.14684   Mu*_xs: -1.55769   Cv*/N_xs:  1.12536         E(kJ/mol): -1.623     P(bar):    0.084     
Step:  2319999    NAcc:  1160000    fAcc:  0.500      Maxd:  1.84099    E*/N:  -1.58328   P*:     0.09381    P*cold: -0.14619   Mu*_xs: -1.55972   Cv*/N_xs:  1.09306         E(kJ/mol): -1.579     P(bar):    0.072     
Step:  2339999    NAcc:  1170000    fAcc:  0.500      Maxd:  0.44411    E*/N:  -1.64576   P*:     0.09443    P*cold: -0.14557   Mu*_xs: -1.56108   Cv*/N_xs:  1.05169         E(kJ/mol): -1.641     P(bar):    0.063     
Step:  2359999    NAcc:  1179999    fAcc:  0.500      Maxd:  0.38716    E*/N:  -1.69941   P*:     0.09357    P*cold: -0.14643   Mu*_xs: -1.56317   Cv*/N_xs:  1.01176         E(kJ/mol): -1.695     P(bar):    0.035     
Step:  2379999    NAcc:  1189994    fAcc:  0.500      Maxd:  0.44916    E*/N:  -1.71835   P*:     0.09413    P*cold: -0.14587   Mu*_xs: -1.56446   Cv*/N_xs:  1.13370         E(kJ/mol): -1.714     P(bar):    0.095     
Step:  2399999    NAcc:  1200001    fAcc:  0.500      Maxd:  0.67291    E*/N:  -1.81530   P*:     0.09499    P*cold: -0.14501   Mu*_xs: -1.56488   Cv*/N_xs:  1.38262         E(kJ/mol): -1.811     P(bar):    0.070     
Step:  2419999    NAcc:  1210001    fAcc:  0.500      Maxd:  0.57412    E*/N:  -1.77884   P*:     0.09485    P*cold: -0.14515   Mu*_xs: -1.56726   Cv*/N_xs:  1.93885         E(kJ/mol): -1.774     P(bar):    0.080     
Step:  2439999    NAcc:  1219999    fAcc:  0.500      Maxd:  0.40171    E*/N:  -1.75063   P*:     0.09542    P*cold: -0.14458   Mu*_xs: -1.56579   Cv*/N_xs:  2.25379         E(kJ/mol): -1.746     P(bar):    0.117     
Step:  2459999    NAcc:  1229999    fAcc:  0.500      Maxd:  0.61032    E*/N:  -1.70688   P*:     0.09553    P*cold: -0.14447   Mu*_xs: -1.56515   Cv*/N_xs:  2.38581         E(kJ/mol): -1.702     P(bar):    0.096     
Step:  2479999    NAcc:  1240001    fAcc:  0.500      Maxd:  0.91711    E*/N:  -1.75132   P*:     0.09553    P*cold: -0.14447   Mu*_xs: -1.56514   Cv*/N_xs:  2.42172         E(kJ/mol): -1.747     P(bar):    0.070     
Step:  2499999    NAcc:  1250002    fAcc:  0.500      Maxd:  5.18512    E*/N:  -1.75543   P*:     0.09568    P*cold: -0.14432   Mu*_xs: -1.56168   Cv*/N_xs:  2.44292         E(kJ/mol): -1.751     P(bar):    0.103     
Step:  2519999    NAcc:  1259998    fAcc:  0.500      Maxd:  2.83203    E*/N:  -1.73009   P*:     0.09627    P*cold: -0.14373   Mu*_xs: -1.55992   Cv*/N_xs:  2.54202         E(kJ/mol): -1.726     P(bar):    0.125     
Step:  2539999    NAcc:  1270000    fAcc:  0.500      Maxd:  3.35789    E*/N:  -1.73432   P*:     0.09706    P*cold: -0.14294   Mu*_xs: -1.55988   Cv*/N_xs:  2.48124         E(kJ/mol): -1.730     P(bar):    0.134     
Step:  2559999    NAcc:  1279999    fAcc:  0.500      Maxd:  0.36924    E*/N:  -1.80446   P*:     0.09798    P*cold: -0.14202   Mu*_xs: -1.55900   Cv*/N_xs:  2.57265         E(kJ/mol): -1.800     P(bar):    0.111     
Step:  2579999    NAcc:  1289998    fAcc:  0.500      Maxd:  0.38948    E*/N:  -1.68706   P*:     0.09850    P*cold: -0.14150   Mu*_xs: -1.55794   Cv*/N_xs:  2.63460         E(kJ/mol): -1.683     P(bar):    0.072     
Step:  2599999    NAcc:  1300001    fAcc:  0.500      Maxd:  3.96462    E*/N:  -1.71648   P*:     0.09894    P*cold: -0.14106   Mu*_xs: -1.55612   Cv*/N_xs:  2.58652         E(kJ/mol): -1.712     P(bar):    0.067     
Step:  2619999    NAcc:  1310002    fAcc:  0.500      Maxd:  1.68020    E*/N:  -1.65097   P*:     0.09850    P*cold: -0.14150   Mu*_xs: -1.55764   Cv*/N_xs:  2.51759         E(kJ/mol): -1.647     P(bar):    0.068     
Step:  2639999    NAcc:  1320003    fAcc:  0.500      Maxd:  3.39371    E*/N:  -1.66404   P*:     0.09835    P*cold: -0.14165   Mu*_xs: -1.55733   Cv*/N_xs:  2.46225         E(kJ/mol): -1.660     P(bar):    0.063     
Step:  2659999    NAcc:  1329998    fAcc:  0.500      Maxd:  4.59503    E*/N:  -1.61438   P*:     0.09815    P*cold: -0.14185   Mu*_xs: -1.55643   Cv*/N_xs:  2.40225         E(kJ/mol): -1.610     P(bar):    0.068     
Step:  2679999    NAcc:  1339999    fAcc:  0.500      Maxd:  0.38150    E*/N:  -1.58800   P*:     0.09801    P*cold: -0.14199   Mu*_xs: -1.55607   Cv*/N_xs:  2.35618         E(kJ/mol): -1.584     P(bar):    0.061     
Step:  2699999    NAcc:  1350000    fAcc:  0.500      Maxd:  1.15671    E*/N:  -1.55583   P*:     0.09862    P*cold: -0.14138   Mu*_xs: -1.55644   Cv*/N_xs:  2.33672         E(kJ/mol): -1.552     P(bar):    0.121     
Step:  2719999    NAcc:  1359999    fAcc:  0.500      Maxd:  5.17449    E*/N:  -1.59170   P*:     0.09866    P*cold: -0.14134   Mu*_xs: -1.55653   Cv*/N_xs:  2.34907         E(kJ/mol): -1.588     P(bar):    0.056     
Step:  2739999    NAcc:  1369996    fAcc:  0.500      Maxd:  0.42035    E*/N:  -1.58356   P*:     0.09855    P*cold: -0.14145   Mu*_xs: -1.55636   Cv*/N_xs:  2.35068         E(kJ/mol): -1.579     P(bar):    0.068     
Step:  2759999    NAcc:  1380002    fAcc:  0.500      Maxd:  0.84015    E*/N:  -1.61898   P*:     0.09855    P*cold: -0.14145   Mu*_xs: -1.55616   Cv*/N_xs:  2.39917         E(kJ/mol): -1.615     P(bar):    0.054     
Step:  2779999    NAcc:  1390000    fAcc:  0.500      Maxd:  2.63823    E*/N:  -1.62626   P*:     0.09822    P*cold: -0.14178   Mu*_xs: -1.55485   Cv*/N_xs:  2.35237         E(kJ/mol): -1.622     P(bar):    0.039     
Step:  2799999    NAcc:  1400000    fAcc:  0.500      Maxd:  0.44809    E*/N:  -1.49819   P*:     0.09794    P*cold: -0.14206   Mu*_xs: -1.55369   Cv*/N_xs:  2.41406         E(kJ/mol): -1.494     P(bar):    0.107     
Step:  2819999    NAcc:  1410001    fAcc:  0.500      Maxd:  3.62718    E*/N:  -1.58782   P*:     0.09802    P*cold: -0.14198   Mu*_xs: -1.55325   Cv*/N_xs:  2.41895         E(kJ/mol): -1.584     P(bar):    0.072     
Step:  2839999    NAcc:  1420003    fAcc:  0.500      Maxd:  1.69025    E*/N:  -1.55352   P*:     0.09805    P*cold: -0.14195   Mu*_xs: -1.55319   Cv*/N_xs:  2.49585         E(kJ/mol): -1.549     P(bar):    0.078     
Step:  2859999    NAcc:  1430002    fAcc:  0.500      Maxd:  2.47086    E*/N:  -1.54812   P*:     0.09833    P*cold: -0.14167   Mu*_xs: -1.55362   Cv*/N_xs:  2.48127         E(kJ/mol): -1.544     P(bar):    0.094     
Step:  2879999    NAcc:  1440001    fAcc:  0.500      Maxd:  0.55527    E*/N:  -1.54177   P*:     0.09790    P*cold: -0.14210   Mu*_xs: -1.55358   Cv*/N_xs:  2.53665         E(kJ/mol): -1.538     P(bar):    0.089     
Step:  2899999    NAcc:  1450000    fAcc:  0.500      Maxd:  2.42315    E*/N:  -1.51730   P*:     0.09748    P*cold: -0.14252   Mu*_xs: -1.55283   Cv*/N_xs:  2.59978         E(kJ/mol): -1.513     P(bar):    0.080     
Step:  2919999    NAcc:  1459998    fAcc:  0.500      Maxd:  1.16976    E*/N:  -1.57159   P*:     0.09749    P*cold: -0.14251   Mu*_xs: -1.55364   Cv*/N_xs:  2.64629         E(kJ/mol): -1.567     P(bar):    0.048     
Step:  2939999    NAcc:  1470001    fAcc:  0.500      Maxd:  0.61304    E*/N:  -1.63133   P*:     0.09779    P*cold: -0.14221   Mu*_xs: -1.55324   Cv*/N_xs:  2.63010         E(kJ/mol): -1.627     P(bar):    0.079     
Step:  2959999    NAcc:  1480000    fAcc:  0.500      Maxd:  3.53173    E*/N:  -1.60308   P*:     0.09798    P*cold: -0.14202   Mu*_xs: -1.55292   Cv*/N_xs:  2.59495         E(kJ/mol): -1.599     P(bar):    0.099     
Step:  2979999    NAcc:  1490000    fAcc:  0.500      Maxd:  1.75738    E*/N:  -1.58669   P*:     0.09809    P*cold: -0.14191   Mu*_xs: -1.55327   Cv*/N_xs:  2.55288         E(kJ/mol): -1.583     P(bar):    0.080     
Step:  2999999    NAcc:  1500000    fAcc:  0.500      Maxd:  1.09281    E*/N:  -1.59643   P*:     0.09828    P*cold: -0.14172   Mu*_xs: -1.55281   Cv*/N_xs:  2.51522         E(kJ/mol): -1.592     P(bar):    0.102     
Step:  3019999    NAcc:  1510000    fAcc:  0.500      Maxd:  0.66292    E*/N:  -1.56447   P*:     0.09818    P*cold: -0.14182   Mu*_xs: -1.55320   Cv*/N_xs:  2.53008         E(kJ/mol): -1.560     P(bar):    0.083     
Step:  3039999    NAcc:  1520000    fAcc:  0.500      Maxd:  0.41337    E*/N:  -1.59796   P*:     0.09815    P*cold: -0.14185   Mu*_xs: -1.55303   Cv*/N_xs:  2.56087         E(kJ/mol): -1.594     P(bar):    0.056     
Step:  3059999    NAcc:  1529998    fAcc:  0.500      Maxd:  3.05912    E*/N:  -1.66229   P*:     0.09812    P*cold: -0.14188   Mu*_xs: -1.55237   Cv*/N_xs:  2.54343         E(kJ/mol): -1.658     P(bar):    0.093     
Step:  3079999    NAcc:  1539999    fAcc:  0.500      Maxd:  6.65598    E*/N:  -1.62539   P*:     0.09840    P*cold: -0.14160   Mu*_xs: -1.55210   Cv*/N_xs:  2.50807         E(kJ/mol): -1.621     P(bar):    0.138     
Step:  3099999    NAcc:  1550000    fAcc:  0.500      Maxd:  0.43626    E*/N:  -1.58607   P*:     0.09861    P*cold: -0.14139   Mu*_xs: -1.55205   Cv*/N_xs:  2.47253         E(kJ/mol): -1.582     P(bar):    0.068     
Step:  3119999    NAcc:  1560002    fAcc:  0.500      Maxd:  2.72093    E*/N:  -1.59794   P*:     0.09841    P*cold: -0.14159   Mu*_xs: -1.55306   Cv*/N_xs:  2.45943         E(kJ/mol): -1.594     P(bar):    0.120     
Step:  3139999    NAcc:  1570001    fAcc:  0.500      Maxd:  3.32292    E*/N:  -1.66070   P*:     0.09845    P*cold: -0.14155   Mu*_xs: -1.55275   Cv*/N_xs:  2.42593         E(kJ/mol): -1.656     P(bar):    0.090     
Step:  3159999    NAcc:  1580000    fAcc:  0.500      Maxd:  0.43465    E*/N:  -1.63607   P*:     0.09864    P*cold: -0.14136   Mu*_xs: -1.55249   Cv*/N_xs:  2.39095         E(kJ/mol): -1.632     P(bar):    0.069     
Step:  3179999    NAcc:  1590001    fAcc:  0.500      Maxd:  1.25787    E*/N:  -1.66619   P*:     0.09833    P*cold: -0.14167   Mu*_xs: -1.55220   Cv*/N_xs:  2.35513         E(kJ/mol): -1.662     P(bar):    0.043     
Step:  3199999    NAcc:  1600000    fAcc:  0.500      Maxd:  1.47066    E*/N:  -1.67960   P*:     0.09836    P*cold: -0.14164   Mu*_xs: -1.55188   Cv*/N_xs:  2.32220         E(kJ/mol): -1.675     P(bar):    0.079     
Step:  3219999    NAcc:  1610003    fAcc:  0.500      Maxd:  26.72486   E*/N:  -1.66123   P*:     0.09834    P*cold: -0.14166   Mu*_xs: -1.55147   Cv*/N_xs:  2.29626         E(kJ/mol): -1.657     P(bar):    0.073     
Step:  3239999    NAcc:  1620000    fAcc:  0.500      Maxd:  1.30838    E*/N:  -1.64750   P*:     0.09828    P*cold: -0.14172   Mu*_xs: -1.55173   Cv*/N_xs:  2.26340         E(kJ/mol): -1.643     P(bar):    0.081     
Step:  3259999    NAcc:  1629998    fAcc:  0.500      Maxd:  2.12052    E*/N:  -1.53898   P*:     0.09859    P*cold: -0.14141   Mu*_xs: -1.55215   Cv*/N_xs:  2.29775         E(kJ/mol): -1.535     P(bar):    0.089     
Step:  3279999    NAcc:  1640001    fAcc:  0.500      Maxd:  2.29118    E*/N:  -1.55432   P*:     0.09876    P*cold: -0.14124   Mu*_xs: -1.55242   Cv*/N_xs:  2.30516         E(kJ/mol): -1.550     P(bar):    0.084     
Step:  3299999    NAcc:  1650000    fAcc:  0.500      Maxd:  0.39326    E*/N:  -1.51413   P*:     0.09879    P*cold: -0.14121   Mu*_xs: -1.55276   Cv*/N_xs:  2.37519         E(kJ/mol): -1.510     P(bar):    0.084     
Step:  3319999    NAcc:  1660001    fAcc:  0.500      Maxd:  3.05678    E*/N:  -1.61671   P*:     0.09865    P*cold: -0.14135   Mu*_xs: -1.55222   Cv*/N_xs:  2.34714         E(kJ/mol): -1.612     P(bar):    0.070     
Step:  3339999    NAcc:  1670000    fAcc:  0.500      Maxd:  0.40762    E*/N:  -1.63074   P*:     0.09878    P*cold: -0.14122   Mu*_xs: -1.55216   Cv*/N_xs:  2.31821         E(kJ/mol): -1.626     P(bar):    0.073     
Step:  3359999    NAcc:  1680002    fAcc:  0.500      Maxd:  3.81156    E*/N:  -1.61518   P*:     0.09875    P*cold: -0.14125   Mu*_xs: -1.55282   Cv*/N_xs:  2.31047         E(kJ/mol): -1.611     P(bar):    0.069     
Step:  3379999    NAcc:  1690003    fAcc:  0.500      Maxd:  3.46908    E*/N:  -1.55818   P*:     0.09853    P*cold: -0.14147   Mu*_xs: -1.55240   Cv*/N_xs:  2.28965         E(kJ/mol): -1.554     P(bar):    0.072     
Step:  3399999    NAcc:  1700001    fAcc:  0.500      Maxd:  3.45527    E*/N:  -1.58218   P*:     0.09835    P*cold: -0.14165   Mu*_xs: -1.55290   Cv*/N_xs:  2.29190         E(kJ/mol): -1.578     P(bar):    0.082     
Step:  3419999    NAcc:  1710002    fAcc:  0.500      Maxd:  1.22672    E*/N:  -1.63165   P*:     0.09839    P*cold: -0.14161   Mu*_xs: -1.55288   Cv*/N_xs:  2.30132         E(kJ/mol): -1.627     P(bar):    0.055     
Step:  3439999    NAcc:  1720001    fAcc:  0.500      Maxd:  5.69917    E*/N:  -1.66182   P*:     0.09855    P*cold: -0.14145   Mu*_xs: -1.55373   Cv*/N_xs:  2.29439         E(kJ/mol): -1.657     P(bar):    0.075     
Step:  3459999    NAcc:  1730001    fAcc:  0.500      Maxd:  1.61464    E*/N:  -1.65482   P*:     0.09872    P*cold: -0.14128   Mu*_xs: -1.55376   Cv*/N_xs:  2.27581         E(kJ/mol): -1.650     P(bar):    0.088     
Step:  3479999    NAcc:  1740000    fAcc:  0.500      Maxd:  0.63619    E*/N:  -1.80198   P*:     0.09899    P*cold: -0.14101   Mu*_xs: -1.55358   Cv*/N_xs:  2.26947         E(kJ/mol): -1.797     P(bar):    0.061     
Step:  3499999    NAcc:  1749998    fAcc:  0.500      Maxd:  0.61536    E*/N:  -1.74071   P*:     0.09894    P*cold: -0.14106   Mu*_xs: -1.55282   Cv*/N_xs:  2.37568         E(kJ/mol): -1.736     P(bar):    0.125     
Step:  3519999    NAcc:  1760002    fAcc:  0.500      Maxd:  0.80046    E*/N:  -1.67836   P*:     0.09922    P*cold: -0.14078   Mu*_xs: -1.55334   Cv*/N_xs:  2.36318         E(kJ/mol): -1.674     P(bar):    0.091     
Step:  3539999    NAcc:  1770002    fAcc:  0.500      Maxd:  0.86531    E*/N:  -1.69734   P*:     0.09918    P*cold: -0.14082   Mu*_xs: -1.55259   Cv*/N_xs:  2.34780         E(kJ/mol): -1.693     P(bar):    0.047     
Step:  3559999    NAcc:  1779997    fAcc:  0.500      Maxd:  0.38730    E*/N:  -1.70774   P*:     0.09905    P*cold: -0.14095   Mu*_xs: -1.55244   Cv*/N_xs:  2.37885         E(kJ/mol): -1.703     P(bar):    0.080     
Step:  3579999    NAcc:  1790000    fAcc:  0.500      Maxd:  0.95964    E*/N:  -1.75489   P*:     0.09885    P*cold: -0.14115   Mu*_xs: -1.55263   Cv*/N_xs:  2.41367         E(kJ/mol): -1.750     P(bar):    0.052     
Step:  3599999    NAcc:  1800001    fAcc:  0.500      Maxd:  4.91827    E*/N:  -1.53297   P*:     0.09888    P*cold: -0.14112   Mu*_xs: -1.55206   Cv*/N_xs:  2.41438         E(kJ/mol): -1.529     P(bar):    0.160     
Step:  3619999    NAcc:  1809999    fAcc:  0.500      Maxd:  0.39535    E*/N:  -1.56227   P*:     0.09900    P*cold: -0.14100   Mu*_xs: -1.55178   Cv*/N_xs:  2.40366         E(kJ/mol): -1.558     P(bar):    0.128     
Step:  3639999    NAcc:  1820001    fAcc:  0.500      Maxd:  4.81485    E*/N:  -1.61154   P*:     0.09918    P*cold: -0.14082   Mu*_xs: -1.55168   Cv*/N_xs:  2.39876         E(kJ/mol): -1.607     P(bar):    0.069     
Step:  3659999    NAcc:  1829997    fAcc:  0.500      Maxd:  0.43127    E*/N:  -1.53448   P*:     0.09924    P*cold: -0.14076   Mu*_xs: -1.55124   Cv*/N_xs:  2.42265         E(kJ/mol): -1.530     P(bar):    0.135     
Step:  3679999    NAcc:  1840000    fAcc:  0.500      Maxd:  12.14143   E*/N:  -1.55787   P*:     0.09933    P*cold: -0.14067   Mu*_xs: -1.55128   Cv*/N_xs:  2.44533         E(kJ/mol): -1.554     P(bar):    0.053     
Step:  3699999    NAcc:  1850002    fAcc:  0.500      Maxd:  0.88207    E*/N:  -1.54180   P*:     0.09927    P*cold: -0.14073   Mu*_xs: -1.55140   Cv*/N_xs:  2.46224         E(kJ/mol): -1.538     P(bar):    0.104     
Step:  3719999    NAcc:  1860000    fAcc:  0.500      Maxd:  0.38292    E*/N:  -1.57488   P*:     0.09923    P*cold: -0.14077   Mu*_xs: -1.55118   Cv*/N_xs:  2.44271         E(kJ/mol): -1.571     P(bar):    0.066     
Step:  3739999    NAcc:  1870000    fAcc:  0.500      Maxd:  0.38659    E*/N:  -1.66889   P*:     0.09923    P*cold: -0.14077   Mu*_xs: -1.55178   Cv*/N_xs:  2.42288         E(kJ/mol): -1.665     P(bar):    0.069     
Step:  3759999    NAcc:  1880001    fAcc:  0.500      Maxd:  0.77480    E*/N:  -1.65527   P*:     0.09919    P*cold: -0.14081   Mu*_xs: -1.55237   Cv*/N_xs:  2.40197         E(kJ/mol): -1.651     P(bar):    0.035     
Step:  3779999    NAcc:  1889998    fAcc:  0.500      Maxd:  2.23722    E*/N:  -1.64364   P*:     0.09901    P*cold: -0.14099   Mu*_xs: -1.55243   Cv*/N_xs:  2.37765         E(kJ/mol): -1.639     P(bar):    0.058     
Step:  3799999    NAcc:  1900001    fAcc:  0.500      Maxd:  2.18630    E*/N:  -1.64502   P*:     0.09909    P*cold: -0.14091   Mu*_xs: -1.55266   Cv*/N_xs:  2.35634         E(kJ/mol): -1.641     P(bar):    0.111     
Step:  3819999    NAcc:  1909999    fAcc:  0.500      Maxd:  0.38459    E*/N:  -1.60054   P*:     0.09913    P*cold: -0.14087   Mu*_xs: -1.55256   Cv*/N_xs:  2.33969         E(kJ/mol): -1.596     P(bar):    0.077     
Step:  3839999    NAcc:  1920000    fAcc:  0.500      Maxd:  1.55099    E*/N:  -1.63690   P*:     0.09916    P*cold: -0.14084   Mu*_xs: -1.55261   Cv*/N_xs:  2.32216         E(kJ/mol): -1.633     P(bar):    0.083     
Step:  3859999    NAcc:  1930002    fAcc:  0.500      Maxd:  2.66943    E*/N:  -1.58234   P*:     0.09916    P*cold: -0.14084   Mu*_xs: -1.55270   Cv*/N_xs:  2.30626         E(kJ/mol): -1.578     P(bar):    0.118     
Step:  3879999    NAcc:  1939999    fAcc:  0.500      Maxd:  2.13238    E*/N:  -1.59886   P*:     0.09921    P*cold: -0.14079   Mu*_xs: -1.55259   Cv*/N_xs:  2.28717         E(kJ/mol): -1.595     P(bar):    0.100     
Step:  3899999    NAcc:  1950002    fAcc:  0.500      Maxd:  2.78076    E*/N:  -1.50892   P*:     0.09930    P*cold: -0.14070   Mu*_xs: -1.55258   Cv*/N_xs:  2.29873         E(kJ/mol): -1.505     P(bar):    0.061     
Step:  3919999    NAcc:  1960000    fAcc:  0.500      Maxd:  3.96644    E*/N:  -1.57062   P*:     0.09934    P*cold: -0.14066   Mu*_xs: -1.55297   Cv*/N_xs:  2.31392         E(kJ/mol): -1.567     P(bar):    0.100     
Step:  3939999    NAcc:  1969997    fAcc:  0.500      Maxd:  1.69960    E*/N:  -1.58785   P*:     0.09947    P*cold: -0.14053   Mu*_xs: -1.55350   Cv*/N_xs:  2.30169         E(kJ/mol): -1.584     P(bar):    0.138     
Step:  3959999    NAcc:  1980006    fAcc:  0.500      Maxd:  7.06162    E*/N:  -1.61053   P*:     0.09946    P*cold: -0.14054   Mu*_xs: -1.55371   Cv*/N_xs:  2.28481         E(kJ/mol): -1.606     P(bar):    0.042     
Step:  3979999    NAcc:  1989997    fAcc:  0.500      Maxd:  0.99924    E*/N:  -1.50237   P*:     0.09955    P*cold: -0.14045   Mu*_xs: -1.55396   Cv*/N_xs:  2.27499         E(kJ/mol): -1.498     P(bar):    0.123     
Step:  3999999    NAcc:  2000001    fAcc:  0.500      Maxd:  0.53669    E*/N:  -1.69984   P*:     0.09952    P*cold: -0.14048   Mu*_xs: -1.55433   Cv*/N_xs:  2.25984         E(kJ/mol): -1.695     P(bar):    0.053     
Step:  4019999    NAcc:  2010001    fAcc:  0.500      Maxd:  26.69093   E*/N:  -1.80555   P*:     0.09958    P*cold: -0.14042   Mu*_xs: -1.55380   Cv*/N_xs:  2.25643         E(kJ/mol): -1.801     P(bar):    0.110     
Step:  4039999    NAcc:  2019998    fAcc:  0.500      Maxd:  2.06541    E*/N:  -1.78365   P*:     0.09943    P*cold: -0.14057   Mu*_xs: -1.55392   Cv*/N_xs:  2.36827         E(kJ/mol): -1.779     P(bar):    0.055     
Step:  4059999    NAcc:  2030001    fAcc:  0.500      Maxd:  4.46808    E*/N:  -1.73713   P*:     0.09952    P*cold: -0.14048   Mu*_xs: -1.55375   Cv*/N_xs:  2.36193         E(kJ/mol): -1.733     P(bar):    0.069     
Step:  4079999    NAcc:  2040002    fAcc:  0.500      Maxd:  1.13833    E*/N:  -1.73690   P*:     0.09943    P*cold: -0.14057   Mu*_xs: -1.55345   Cv*/N_xs:  2.36818         E(kJ/mol): -1.732     P(bar):    0.076     
Step:  4099999    NAcc:  2050002    fAcc:  0.500      Maxd:  0.81138    E*/N:  -1.79264   P*:     0.09932    P*cold: -0.14068   Mu*_xs: -1.55314   Cv*/N_xs:  2.40341         E(kJ/mol): -1.788     P(bar):    0.062     
Step:  4119999    NAcc:  2059999    fAcc:  0.500      Maxd:  0.38344    E*/N:  -1.78155   P*:     0.09920    P*cold: -0.14080   Mu*_xs: -1.55344   Cv*/N_xs:  2.46840         E(kJ/mol): -1.777     P(bar):    0.044     
Step:  4139999    NAcc:  2070000    fAcc:  0.500      Maxd:  0.37266    E*/N:  -1.73219   P*:     0.09917    P*cold: -0.14083   Mu*_xs: -1.55290   Cv*/N_xs:  2.48620         E(kJ/mol): -1.728     P(bar):    0.107     
Step:  4159999    NAcc:  2079999    fAcc:  0.500      Maxd:  12.97376   E*/N:  -1.64786   P*:     0.09910    P*cold: -0.14090   Mu*_xs: -1.55258   Cv*/N_xs:  2.49219         E(kJ/mol): -1.644     P(bar):    0.065     
Step:  4179999    NAcc:  2090001    fAcc:  0.500      Maxd:  0.94018    E*/N:  -1.58955   P*:     0.09905    P*cold: -0.14095   Mu*_xs: -1.55280   Cv*/N_xs:  2.47642         E(kJ/mol): -1.585     P(bar):    0.091     
Step:  4199999    NAcc:  2100001    fAcc:  0.500      Maxd:  3.72015    E*/N:  -1.65403   P*:     0.09917    P*cold: -0.14083   Mu*_xs: -1.55296   Cv*/N_xs:  2.47209         E(kJ/mol): -1.650     P(bar):    0.100     
Step:  4219999    NAcc:  2110001    fAcc:  0.500      Maxd:  14.09232   E*/N:  -1.63879   P*:     0.09917    P*cold: -0.14083   Mu*_xs: -1.55288   Cv*/N_xs:  2.45406         E(kJ/mol): -1.634     P(bar):    0.091     
Step:  4239999    NAcc:  2120000    fAcc:  0.500      Maxd:  0.79719    E*/N:  -1.70558   P*:     0.09925    P*cold: -0.14075   Mu*_xs: -1.55266   Cv*/N_xs:  2.43731         E(kJ/mol): -1.701     P(bar):    0.065     
Step:  4259999    NAcc:  2130000    fAcc:  0.500      Maxd:  2.25734    E*/N:  -1.68944   P*:     0.09928    P*cold: -0.14072   Mu*_xs: -1.55275   Cv*/N_xs:  2.43081         E(kJ/mol): -1.685     P(bar):    0.135     
Step:  4279999    NAcc:  2139996    fAcc:  0.500      Maxd:  0.39077    E*/N:  -1.63593   P*:     0.09925    P*cold: -0.14075   Mu*_xs: -1.55279   Cv*/N_xs:  2.41386         E(kJ/mol): -1.632     P(bar):    0.092     
Step:  4299999    NAcc:  2150001    fAcc:  0.500      Maxd:  0.78122    E*/N:  -1.71940   P*:     0.09927    P*cold: -0.14073   Mu*_xs: -1.55320   Cv*/N_xs:  2.39835         E(kJ/mol): -1.715     P(bar):    0.054     
Step:  4319999    NAcc:  2159999    fAcc:  0.500      Maxd:  0.41959    E*/N:  -1.67666   P*:     0.09913    P*cold: -0.14087   Mu*_xs: -1.55305   Cv*/N_xs:  2.38708         E(kJ/mol): -1.672     P(bar):    0.011     
Step:  4339999    NAcc:  2169995    fAcc:  0.500      Maxd:  2.12635    E*/N:  -1.58285   P*:     0.09882    P*cold: -0.14118   Mu*_xs: -1.55326   Cv*/N_xs:  2.37228         E(kJ/mol): -1.579     P(bar):    0.110     
Step:  4359999    NAcc:  2179999    fAcc:  0.500      Maxd:  0.45770    E*/N:  -1.60774   P*:     0.09889    P*cold: -0.14111   Mu*_xs: -1.55336   Cv*/N_xs:  2.35535         E(kJ/mol): -1.604     P(bar):    0.130     
Step:  4379999    NAcc:  2190000    fAcc:  0.500      Maxd:  0.40566    E*/N:  -1.69944   P*:     0.09899    P*cold: -0.14101   Mu*_xs: -1.55335   Cv*/N_xs:  2.34052         E(kJ/mol): -1.695     P(bar):    0.076     
Step:  4399999    NAcc:  2199998    fAcc:  0.500      Maxd:  2.49551    E*/N:  -1.71567   P*:     0.09904    P*cold: -0.14096   Mu*_xs: -1.55416   Cv*/N_xs:  2.34228         E(kJ/mol): -1.711     P(bar):    0.054     
Step:  4419999    NAcc:  2210001    fAcc:  0.500      Maxd:  2.12224    E*/N:  -1.73399   P*:     0.09900    P*cold: -0.14100   Mu*_xs: -1.55449   Cv*/N_xs:  2.34868         E(kJ/mol): -1.729     P(bar):    0.123     
Step:  4439999    NAcc:  2220000    fAcc:  0.500      Maxd:  1.64138    E*/N:  -1.68902   P*:     0.09895    P*cold: -0.14105   Mu*_xs: -1.55420   Cv*/N_xs:  2.35642         E(kJ/mol): -1.685     P(bar):    0.082     
Step:  4459999    NAcc:  2229999    fAcc:  0.500      Maxd:  3.67933    E*/N:  -1.72179   P*:     0.09889    P*cold: -0.14111   Mu*_xs: -1.55400   Cv*/N_xs:  2.36200         E(kJ/mol): -1.717     P(bar):    0.067     
Step:  4479999    NAcc:  2239999    fAcc:  0.500      Maxd:  0.44587    E*/N:  -1.69731   P*:     0.09878    P*cold: -0.14122   Mu*_xs: -1.55411   Cv*/N_xs:  2.35200         E(kJ/mol): -1.693     P(bar):    0.097     
Step:  4499999    NAcc:  2250001    fAcc:  0.500      Maxd:  0.61101    E*/N:  -1.72341   P*:     0.09887    P*cold: -0.14113   Mu*_xs: -1.55419   Cv*/N_xs:  2.34202         E(kJ/mol): -1.719     P(bar):    0.103     
Step:  4519999    NAcc:  2259999    fAcc:  0.500      Maxd:  0.44266    E*/N:  -1.74229   P*:     0.09868    P*cold: -0.14132   Mu*_xs: -1.55377   Cv*/N_xs:  2.35305         E(kJ/mol): -1.738     P(bar):    0.100     
Step:  4539999    NAcc:  2270000    fAcc:  0.500      Maxd:  0.66868    E*/N:  -1.66130   P*:     0.09868    P*cold: -0.14132   Mu*_xs: -1.55357   Cv*/N_xs:  2.34596         E(kJ/mol): -1.657     P(bar):    0.095     
Step:  4559999    NAcc:  2279998    fAcc:  0.500      Maxd:  1.70739    E*/N:  -1.79413   P*:     0.09874    P*cold: -0.14126   Mu*_xs: -1.55324   Cv*/N_xs:  2.33855         E(kJ/mol): -1.789     P(bar):    0.070     
Step:  4579999    NAcc:  2290002    fAcc:  0.500      Maxd:  4.91775    E*/N:  -1.69416   P*:     0.09874    P*cold: -0.14126   Mu*_xs: -1.55365   Cv*/N_xs:  2.35882         E(kJ/mol): -1.690     P(bar):    0.092     
Step:  4599999    NAcc:  2299998    fAcc:  0.500      Maxd:  2.07269    E*/N:  -1.66531   P*:     0.09885    P*cold: -0.14115   Mu*_xs: -1.55410   Cv*/N_xs:  2.35002         E(kJ/mol): -1.661     P(bar):    0.090     
Step:  4619999    NAcc:  2309999    fAcc:  0.500      Maxd:  2.00935    E*/N:  -1.60766   P*:     0.09886    P*cold: -0.14114   Mu*_xs: -1.55392   Cv*/N_xs:  2.33538         E(kJ/mol): -1.603     P(bar):    0.045     
Step:  4639999    NAcc:  2319999    fAcc:  0.500      Maxd:  0.41626    E*/N:  -1.65312   P*:     0.09887    P*cold: -0.14113   Mu*_xs: -1.55422   Cv*/N_xs:  2.32205         E(kJ/mol): -1.649     P(bar):    0.074     
Step:  4659999    NAcc:  2330002    fAcc:  0.500      Maxd:  1.12251    E*/N:  -1.66126   P*:     0.09887    P*cold: -0.14113   Mu*_xs: -1.55427   Cv*/N_xs:  2.30690         E(kJ/mol): -1.657     P(bar):    0.083     
Step:  4679999    NAcc:  2340001    fAcc:  0.500      Maxd:  5.89741    E*/N:  -1.69760   P*:     0.09896    P*cold: -0.14104   Mu*_xs: -1.55408   Cv*/N_xs:  2.29308         E(kJ/mol): -1.693     P(bar):    0.063     
Step:  4699999    NAcc:  2350001    fAcc:  0.500      Maxd:  6.90025    E*/N:  -1.70506   P*:     0.09894    P*cold: -0.14106   Mu*_xs: -1.55389   Cv*/N_xs:  2.28178         E(kJ/mol): -1.701     P(bar):    0.072     
Step:  4719999    NAcc:  2360000    fAcc:  0.500      Maxd:  0.98995    E*/N:  -1.60102   P*:     0.09890    P*cold: -0.14110   Mu*_xs: -1.55415   Cv*/N_xs:  2.27474         E(kJ/mol): -1.597     P(bar):    0.050     
Step:  4739999    NAcc:  2370002    fAcc:  0.500      Maxd:  2.30518    E*/N:  -1.70160   P*:     0.09888    P*cold: -0.14112   Mu*_xs: -1.55371   Cv*/N_xs:  2.28010         E(kJ/mol): -1.697     P(bar):    0.114     
Step:  4759999    NAcc:  2380001    fAcc:  0.500      Maxd:  1.26887    E*/N:  -1.72197   P*:     0.09889    P*cold: -0.14111   Mu*_xs: -1.55352   Cv*/N_xs:  2.27067         E(kJ/mol): -1.717     P(bar):    0.087     
Step:  4779999    NAcc:  2390000    fAcc:  0.500      Maxd:  13.30365   E*/N:  -1.65082   P*:     0.09900    P*cold: -0.14100   Mu*_xs: -1.55343   Cv*/N_xs:  2.26036         E(kJ/mol): -1.646     P(bar):    0.088     
Step:  4799999    NAcc:  2400001    fAcc:  0.500      Maxd:  3.49365    E*/N:  -1.70159   P*:     0.09895    P*cold: -0.14105   Mu*_xs: -1.55306   Cv*/N_xs:  2.24786         E(kJ/mol): -1.697     P(bar):    0.056     
Step:  4819999    NAcc:  2410001    fAcc:  0.500      Maxd:  2.52982    E*/N:  -1.47088   P*:     0.09890    P*cold: -0.14110   Mu*_xs: -1.55358   Cv*/N_xs:  2.23957         E(kJ/mol): -1.467     P(bar):    0.122     
Step:  4839999    NAcc:  2420001    fAcc:  0.500      Maxd:  1.46624    E*/N:  -1.70967   P*:     0.09895    P*cold: -0.14105   Mu*_xs: -1.55386   Cv*/N_xs:  2.24174         E(kJ/mol): -1.705     P(bar):    0.024     
Step:  4859999    NAcc:  2429999    fAcc:  0.500      Maxd:  0.43630    E*/N:  -1.72976   P*:     0.09892    P*cold: -0.14108   Mu*_xs: -1.55401   Cv*/N_xs:  2.23120         E(kJ/mol): -1.725     P(bar):    0.081     
Step:  4879999    NAcc:  2440001    fAcc:  0.500      Maxd:  8.30035    E*/N:  -1.52012   P*:     0.09892    P*cold: -0.14108   Mu*_xs: -1.55413   Cv*/N_xs:  2.22500         E(kJ/mol): -1.516     P(bar):    0.129     
Step:  4899999    NAcc:  2450000    fAcc:  0.500      Maxd:  0.39781    E*/N:  -1.61990   P*:     0.09895    P*cold: -0.14105   Mu*_xs: -1.55419   Cv*/N_xs:  2.22374         E(kJ/mol): -1.616     P(bar):    0.077     
Step:  4919999    NAcc:  2460003    fAcc:  0.500      Maxd:  6.91721    E*/N:  -1.55056   P*:     0.09888    P*cold: -0.14112   Mu*_xs: -1.55462   Cv*/N_xs:  2.22514         E(kJ/mol): -1.547     P(bar):    0.072     
Step:  4939999    NAcc:  2470001    fAcc:  0.500      Maxd:  24.75506   E*/N:  -1.59017   P*:     0.09885    P*cold: -0.14115   Mu*_xs: -1.55479   Cv*/N_xs:  2.25177         E(kJ/mol): -1.586     P(bar):    0.088     
Step:  4959999    NAcc:  2479999    fAcc:  0.500      Maxd:  2.17605    E*/N:  -1.62558   P*:     0.09896    P*cold: -0.14104   Mu*_xs: -1.55468   Cv*/N_xs:  2.25230         E(kJ/mol): -1.621     P(bar):    0.074     
Step:  4979999    NAcc:  2489998    fAcc:  0.500      Maxd:  7.80904    E*/N:  -1.65621   P*:     0.09903    P*cold: -0.14097   Mu*_xs: -1.55474   Cv*/N_xs:  2.24547         E(kJ/mol): -1.652     P(bar):    0.052     
Step:  4999999    NAcc:  2500000    fAcc:  0.500      Maxd:  2.02723    E*/N:  -1.62673   P*:     0.09894    P*cold: -0.14106   Mu*_xs: -1.55494   Cv*/N_xs:  2.23452         E(kJ/mol): -1.622     P(bar):    0.052     
# Computed average properties: 
 # E*/N:  -1.64855  
 # P*:     0.09894   
 # Cv*/N_xs:   2.23452        
 # Mu*_xs:  -1.55494  
