# Number of atoms:       500
# Atom type:             Ar
# Molar Mass (g/mol):    39.948
# Density (g/cm^3):      0.675339
# LJ sigma (Angstrom):   3.4
# LJ epsilon/kB (K):     120
# LJ cutoff (Angstrom):  13.6
# LJ cutoff (sigma):     4
# Temperature (K):       144
# Number MC steps:       5e+06
# Output frequency:      20000
# Num. den. (atoms/Ang): 0.0101771
# Box length (x):        36.6254
# Box length (y):        36.6254
# Box length (z):        36.6254
# Init. spacing (Ang):   4.06949
# reduc. density (rho*): 0.4
# reduc. temp (T*):      1.2
Step:  19999      NAcc:  9999       fAcc:  0.500      Maxd:  0.34416    E*/N:  -2.94713   P*:     nan        P*cold: nan        Mu*_xs: -0.00000   Cv*/N_xs:  0.00000         E(kJ/mol): -2.939     P(bar):    0.170     
Step:  39999      NAcc:  20000      fAcc:  0.500      Maxd:  0.64080    E*/N:  -2.85966   P*:     nan        P*cold: nan        Mu*_xs: -0.00000   Cv*/N_xs:  0.00000         E(kJ/mol): -2.852     P(bar):    0.156     
Step:  59999      NAcc:  30002      fAcc:  0.500      Maxd:  0.65149    E*/N:  -2.89304   P*:     nan        P*cold: nan        Mu*_xs: -0.00000   Cv*/N_xs:  0.00000         E(kJ/mol): -2.885     P(bar):    0.119     
Step:  79999      NAcc:  40000      fAcc:  0.500      Maxd:  0.35530    E*/N:  -2.78781   P*:     nan        P*cold: nan        Mu*_xs: -0.00000   Cv*/N_xs:  0.00000         E(kJ/mol): -2.781     P(bar):    0.179     
Step:  99999      NAcc:  50001      fAcc:  0.500      Maxd:  0.71549    E*/N:  -2.86001   P*:     nan        P*cold: nan        Mu*_xs: -0.00000   Cv*/N_xs:  0.00000         E(kJ/mol): -2.853     P(bar):    0.099     
Step:  119999     NAcc:  60000      fAcc:  0.500      Maxd:  2.63604    E*/N:  -2.84587   P*:     nan        P*cold: nan        Mu*_xs: -0.00000   Cv*/N_xs:  0.00000         E(kJ/mol): -2.838     P(bar):    0.163     
Step:  139999     NAcc:  69999      fAcc:  0.500      Maxd:  0.35782    E*/N:  -2.87584   P*:     nan        P*cold: nan        Mu*_xs: -0.00000   Cv*/N_xs:  0.00000         E(kJ/mol): -2.868     P(bar):    0.081     
Step:  159999     NAcc:  80002      fAcc:  0.500      Maxd:  0.95866    E*/N:  -2.86576   P*:     nan        P*cold: nan        Mu*_xs: -0.00000   Cv*/N_xs:  0.00000         E(kJ/mol): -2.858     P(bar):    0.094     
Step:  179999     NAcc:  90002      fAcc:  0.500      Maxd:  1.89316    E*/N:  -2.84630   P*:     nan        P*cold: nan        Mu*_xs: -0.00000   Cv*/N_xs:  0.00000         E(kJ/mol): -2.839     P(bar):    0.072     
Step:  199999     NAcc:  100000     fAcc:  0.500      Maxd:  0.32300    E*/N:  -2.93133   P*:     nan        P*cold: nan        Mu*_xs: -0.00000   Cv*/N_xs:  0.00000         E(kJ/mol): -2.924     P(bar):    0.074     
Step:  219999     NAcc:  110003     fAcc:  0.500      Maxd:  1.36336    E*/N:  -2.85879   P*:     nan        P*cold: nan        Mu*_xs: -0.00000   Cv*/N_xs:  0.00000         E(kJ/mol): -2.851     P(bar):    0.052     
Step:  239999     NAcc:  120001     fAcc:  0.500      Maxd:  2.05689    E*/N:  -2.85436   P*:     nan        P*cold: nan        Mu*_xs: -0.00000   Cv*/N_xs:  0.00000         E(kJ/mol): -2.847     P(bar):    0.012     
Step:  259999     NAcc:  129998     fAcc:  0.500      Maxd:  0.62821    E*/N:  -2.88347   P*:     nan        P*cold: nan        Mu*_xs: -0.00000   Cv*/N_xs:  0.00000         E(kJ/mol): -2.876     P(bar):    0.042     
Step:  279999     NAcc:  140000     fAcc:  0.500      Maxd:  0.34640    E*/N:  -2.88366   P*:     nan        P*cold: nan        Mu*_xs: -0.00000   Cv*/N_xs:  0.00000         E(kJ/mol): -2.876     P(bar):    0.198     
Step:  299999     NAcc:  150000     fAcc:  0.500      Maxd:  0.33472    E*/N:  -2.87562   P*:     nan        P*cold: nan        Mu*_xs: -0.00000   Cv*/N_xs:  0.00000         E(kJ/mol): -2.868     P(bar):    -0.010    
Step:  319999     NAcc:  160000     fAcc:  0.500      Maxd:  0.29868    E*/N:  -2.81532   P*:     nan        P*cold: nan        Mu*_xs: -0.00000   Cv*/N_xs:  0.00000         E(kJ/mol): -2.808     P(bar):    0.024     
Step:  339999     NAcc:  170002     fAcc:  0.500      Maxd:  0.95211    E*/N:  -2.87523   P*:     nan        P*cold: nan        Mu*_xs: -0.00000   Cv*/N_xs:  0.00000         E(kJ/mol): -2.868     P(bar):    0.008     
Step:  359999     NAcc:  180002     fAcc:  0.500      Maxd:  0.94499    E*/N:  -2.90763   P*:     nan        P*cold: nan        Mu*_xs: -0.00000   Cv*/N_xs:  0.00000         E(kJ/mol): -2.900     P(bar):    0.091     
Step:  379999     NAcc:  190000     fAcc:  0.500      Maxd:  0.38207    E*/N:  -2.86707   P*:     nan        P*cold: nan        Mu*_xs: -0.00000   Cv*/N_xs:  0.00000         E(kJ/mol): -2.860     P(bar):    -0.032    
Step:  399999     NAcc:  200000     fAcc:  0.500      Maxd:  0.31688    E*/N:  -2.86629   P*:     nan        P*cold: nan        Mu*_xs: -0.00000   Cv*/N_xs:  0.00000         E(kJ/mol): -2.859     P(bar):    0.066     
Step:  419999     NAcc:  210002     fAcc:  0.500      Maxd:  0.93633    E*/N:  -2.80924   P*:     nan        P*cold: nan        Mu*_xs: -0.00000   Cv*/N_xs:  0.00000         E(kJ/mol): -2.802     P(bar):    0.027     
Step:  439999     NAcc:  220000     fAcc:  0.500      Maxd:  0.64327    E*/N:  -2.80264   P*:     nan        P*cold: nan        Mu*_xs: -0.00000   Cv*/N_xs:  0.00000         E(kJ/mol): -2.795     P(bar):    0.101     
Step:  459999     NAcc:  230002     fAcc:  0.500      Maxd:  0.62471    E*/N:  -2.78634   P*:     nan        P*cold: nan        Mu*_xs: -0.00000   Cv*/N_xs:  0.00000         E(kJ/mol): -2.779     P(bar):    0.130     
Step:  479999     NAcc:  240000     fAcc:  0.500      Maxd:  0.35766    E*/N:  -2.81167   P*:     nan        P*cold: nan        Mu*_xs: -0.00000   Cv*/N_xs:  0.00000         E(kJ/mol): -2.804     P(bar):    0.048     
Step:  499999     NAcc:  249999     fAcc:  0.500      Maxd:  0.67855    E*/N:  -2.84749   P*:     nan        P*cold: nan        Mu*_xs: -0.00000   Cv*/N_xs:  0.00000         E(kJ/mol): -2.840     P(bar):    0.107     
Step:  519999     NAcc:  260000     fAcc:  0.500      Maxd:  0.59407    E*/N:  -2.81342   P*:     nan        P*cold: nan        Mu*_xs: -0.00000   Cv*/N_xs:  0.00000         E(kJ/mol): -2.806     P(bar):    0.098     
Step:  539999     NAcc:  270002     fAcc:  0.500      Maxd:  0.93854    E*/N:  -2.80170   P*:     nan        P*cold: nan        Mu*_xs: -0.00000   Cv*/N_xs:  0.00000         E(kJ/mol): -2.794     P(bar):    0.036     
Step:  559999     NAcc:  280001     fAcc:  0.500      Maxd:  0.68285    E*/N:  -2.83070   P*:     nan        P*cold: nan        Mu*_xs: -0.00000   Cv*/N_xs:  0.00000         E(kJ/mol): -2.823     P(bar):    -0.032    
Step:  579999     NAcc:  289997     fAcc:  0.500      Maxd:  0.36038    E*/N:  -2.86063   P*:     nan        P*cold: nan        Mu*_xs: -0.00000   Cv*/N_xs:  0.00000         E(kJ/mol): -2.853     P(bar):    -0.171    
Step:  599999     NAcc:  300001     fAcc:  0.500      Maxd:  0.64514    E*/N:  -2.83828   P*:     nan        P*cold: nan        Mu*_xs: -0.00000   Cv*/N_xs:  0.00000         E(kJ/mol): -2.831     P(bar):    0.048     
Step:  619999     NAcc:  309998     fAcc:  0.500      Maxd:  0.36439    E*/N:  -2.73876   P*:     nan        P*cold: nan        Mu*_xs: -0.00000   Cv*/N_xs:  0.00000         E(kJ/mol): -2.732     P(bar):    0.199     
Step:  639999     NAcc:  320000     fAcc:  0.500      Maxd:  0.34807    E*/N:  -2.85050   P*:     nan        P*cold: nan        Mu*_xs: -0.00000   Cv*/N_xs:  0.00000         E(kJ/mol): -2.843     P(bar):    0.052     
Step:  659999     NAcc:  329998     fAcc:  0.500      Maxd:  0.78790    E*/N:  -2.89837   P*:     nan        P*cold: nan        Mu*_xs: -0.00000   Cv*/N_xs:  0.00000         E(kJ/mol): -2.891     P(bar):    0.091     
Step:  679999     NAcc:  340001     fAcc:  0.500      Maxd:  0.51718    E*/N:  -2.91527   P*:     nan        P*cold: nan        Mu*_xs: -0.00000   Cv*/N_xs:  0.00000         E(kJ/mol): -2.908     P(bar):    -0.082    
Step:  699999     NAcc:  349999     fAcc:  0.500      Maxd:  0.81502    E*/N:  -2.82497   P*:     nan        P*cold: nan        Mu*_xs: -0.00000   Cv*/N_xs:  0.00000         E(kJ/mol): -2.818     P(bar):    -0.046    
Step:  719999     NAcc:  359996     fAcc:  0.500      Maxd:  0.37226    E*/N:  -2.84563   P*:     nan        P*cold: nan        Mu*_xs: -0.00000   Cv*/N_xs:  0.00000         E(kJ/mol): -2.838     P(bar):    0.015     
Step:  739999     NAcc:  370001     fAcc:  0.500      Maxd:  1.43223    E*/N:  -2.81512   P*:     nan        P*cold: nan        Mu*_xs: -0.00000   Cv*/N_xs:  0.00000         E(kJ/mol): -2.808     P(bar):    0.202     
Step:  759999     NAcc:  379998     fAcc:  0.500      Maxd:  0.41773    E*/N:  -2.93301   P*:     nan        P*cold: nan        Mu*_xs: -0.00000   Cv*/N_xs:  0.00000         E(kJ/mol): -2.925     P(bar):    0.015     
Step:  779999     NAcc:  390000     fAcc:  0.500      Maxd:  0.30075    E*/N:  -2.97874   P*:     nan        P*cold: nan        Mu*_xs: -0.00000   Cv*/N_xs:  0.00000         E(kJ/mol): -2.971     P(bar):    -0.090    
Step:  799999     NAcc:  399999     fAcc:  0.500      Maxd:  0.57981    E*/N:  -2.91942   P*:     nan        P*cold: nan        Mu*_xs: -0.00000   Cv*/N_xs:  0.00000         E(kJ/mol): -2.912     P(bar):    0.044     
Step:  819999     NAcc:  410001     fAcc:  0.500      Maxd:  1.07578    E*/N:  -2.89832   P*:     nan        P*cold: nan        Mu*_xs: -0.00000   Cv*/N_xs:  0.00000         E(kJ/mol): -2.891     P(bar):    0.088     
Step:  839999     NAcc:  420000     fAcc:  0.500      Maxd:  1.24305    E*/N:  -2.78869   P*:     nan        P*cold: nan        Mu*_xs: -0.00000   Cv*/N_xs:  0.00000         E(kJ/mol): -2.781     P(bar):    0.123     
Step:  859999     NAcc:  429998     fAcc:  0.500      Maxd:  0.35367    E*/N:  -2.76451   P*:     nan        P*cold: nan        Mu*_xs: -0.00000   Cv*/N_xs:  0.00000         E(kJ/mol): -2.757     P(bar):    0.242     
Step:  879999     NAcc:  440002     fAcc:  0.500      Maxd:  1.04503    E*/N:  -2.86690   P*:     nan        P*cold: nan        Mu*_xs: -0.00000   Cv*/N_xs:  0.00000         E(kJ/mol): -2.859     P(bar):    -0.016    
Step:  899999     NAcc:  449997     fAcc:  0.500      Maxd:  1.03412    E*/N:  -2.82095   P*:     nan        P*cold: nan        Mu*_xs: -0.00000   Cv*/N_xs:  0.00000         E(kJ/mol): -2.814     P(bar):    0.113     
Step:  919999     NAcc:  460001     fAcc:  0.500      Maxd:  5.00078    E*/N:  -2.78841   P*:     nan        P*cold: nan        Mu*_xs: -0.00000   Cv*/N_xs:  0.00000         E(kJ/mol): -2.781     P(bar):    0.046     
Step:  939999     NAcc:  469998     fAcc:  0.500      Maxd:  0.30427    E*/N:  -2.83251   P*:     nan        P*cold: nan        Mu*_xs: -0.00000   Cv*/N_xs:  0.00000         E(kJ/mol): -2.825     P(bar):    0.089     
Step:  959999     NAcc:  480000     fAcc:  0.500      Maxd:  0.33207    E*/N:  -2.85250   P*:     nan        P*cold: nan        Mu*_xs: -0.00000   Cv*/N_xs:  0.00000         E(kJ/mol): -2.845     P(bar):    -0.006    
Step:  979999     NAcc:  490002     fAcc:  0.500      Maxd:  2.78253    E*/N:  -2.89177   P*:     nan        P*cold: nan        Mu*_xs: -0.00000   Cv*/N_xs:  0.00000         E(kJ/mol): -2.884     P(bar):    0.047     
Step:  999999     NAcc:  499998     fAcc:  0.500      Maxd:  0.35283    E*/N:  -2.84845   P*:     nan        P*cold: nan        Mu*_xs: -0.00000   Cv*/N_xs:  0.00000         E(kJ/mol): -2.841     P(bar):    0.028     
Step:  1019999    NAcc:  509996     fAcc:  0.500      Maxd:  0.90499    E*/N:  -2.79521   P*:     nan        P*cold: nan        Mu*_xs: -0.00000   Cv*/N_xs:  0.00000         E(kJ/mol): -2.788     P(bar):    0.081     
Step:  1039999    NAcc:  520000     fAcc:  0.500      Maxd:  0.89329    E*/N:  -2.81857   P*:     nan        P*cold: nan        Mu*_xs: -0.00000   Cv*/N_xs:  0.00000         E(kJ/mol): -2.811     P(bar):    0.121     
Step:  1059999    NAcc:  530000     fAcc:  0.500      Maxd:  4.10155    E*/N:  -2.79912   P*:     nan        P*cold: nan        Mu*_xs: -0.00000   Cv*/N_xs:  0.00000         E(kJ/mol): -2.792     P(bar):    0.133     
Step:  1079999    NAcc:  539998     fAcc:  0.500      Maxd:  0.47811    E*/N:  -2.82648   P*:     nan        P*cold: nan        Mu*_xs: -0.00000   Cv*/N_xs:  0.00000         E(kJ/mol): -2.819     P(bar):    0.040     
Step:  1099999    NAcc:  550000     fAcc:  0.500      Maxd:  0.94441    E*/N:  -2.76521   P*:     nan        P*cold: nan        Mu*_xs: -0.00000   Cv*/N_xs:  0.00000         E(kJ/mol): -2.758     P(bar):    0.200     
Step:  1119999    NAcc:  559999     fAcc:  0.500      Maxd:  0.35767    E*/N:  -2.80049   P*:     nan        P*cold: nan        Mu*_xs: -0.00000   Cv*/N_xs:  0.00000         E(kJ/mol): -2.793     P(bar):    0.056     
Step:  1139999    NAcc:  570003     fAcc:  0.500      Maxd:  3.85868    E*/N:  -2.84151   P*:     nan        P*cold: nan        Mu*_xs: -0.00000   Cv*/N_xs:  0.00000         E(kJ/mol): -2.834     P(bar):    0.064     
Step:  1159999    NAcc:  580003     fAcc:  0.500      Maxd:  4.02154    E*/N:  -2.80163   P*:     nan        P*cold: nan        Mu*_xs: -0.00000   Cv*/N_xs:  0.00000         E(kJ/mol): -2.794     P(bar):    0.111     
Step:  1179999    NAcc:  589998     fAcc:  0.500      Maxd:  1.00148    E*/N:  -2.84703   P*:     nan        P*cold: nan        Mu*_xs: -0.00000   Cv*/N_xs:  0.00000         E(kJ/mol): -2.840     P(bar):    0.206     
Step:  1199999    NAcc:  599999     fAcc:  0.500      Maxd:  0.35618    E*/N:  -2.86491   P*:     nan        P*cold: nan        Mu*_xs: -0.00000   Cv*/N_xs:  0.00000         E(kJ/mol): -2.857     P(bar):    -0.021    
Step:  1219999    NAcc:  609999     fAcc:  0.500      Maxd:  0.35052    E*/N:  -2.78989   P*:     nan        P*cold: nan        Mu*_xs: -0.00000   Cv*/N_xs:  0.00000         E(kJ/mol): -2.783     P(bar):    0.126     
Step:  1239999    NAcc:  619997     fAcc:  0.500      Maxd:  0.99105    E*/N:  -2.79715   P*:     nan        P*cold: nan        Mu*_xs: -0.00000   Cv*/N_xs:  0.00000         E(kJ/mol): -2.790     P(bar):    0.054     
Step:  1259999    NAcc:  630000     fAcc:  0.500      Maxd:  0.61412    E*/N:  -2.78368   P*:     nan        P*cold: nan        Mu*_xs: -0.00000   Cv*/N_xs:  0.00000         E(kJ/mol): -2.776     P(bar):    0.060     
Step:  1279999    NAcc:  640002     fAcc:  0.500      Maxd:  0.70008    E*/N:  -2.80892   P*:     nan        P*cold: nan        Mu*_xs: -0.00000   Cv*/N_xs:  0.00000         E(kJ/mol): -2.802     P(bar):    0.161     
Step:  1299999    NAcc:  649997     fAcc:  0.500      Maxd:  1.17453    E*/N:  -2.81749   P*:     nan        P*cold: nan        Mu*_xs: -0.00000   Cv*/N_xs:  0.00000         E(kJ/mol): -2.810     P(bar):    0.026     
Step:  1319999    NAcc:  660000     fAcc:  0.500      Maxd:  2.04646    E*/N:  -2.77109   P*:     nan        P*cold: nan        Mu*_xs: -0.00000   Cv*/N_xs:  0.00000         E(kJ/mol): -2.764     P(bar):    0.035     
Step:  1339999    NAcc:  670001     fAcc:  0.500      Maxd:  2.77574    E*/N:  -2.72599   P*:     nan        P*cold: nan        Mu*_xs: -0.00000   Cv*/N_xs:  0.00000         E(kJ/mol): -2.719     P(bar):    -0.014    
Step:  1359999    NAcc:  679998     fAcc:  0.500      Maxd:  0.32074    E*/N:  -2.79909   P*:     nan        P*cold: nan        Mu*_xs: -0.00000   Cv*/N_xs:  0.00000         E(kJ/mol): -2.792     P(bar):    0.056     
Step:  1379999    NAcc:  690001     fAcc:  0.500      Maxd:  0.47489    E*/N:  -2.71766   P*:     nan        P*cold: nan        Mu*_xs: -0.00000   Cv*/N_xs:  0.00000         E(kJ/mol): -2.711     P(bar):    0.250     
Step:  1399999    NAcc:  700000     fAcc:  0.500      Maxd:  0.32099    E*/N:  -2.77580   P*:     nan        P*cold: nan        Mu*_xs: -0.00000   Cv*/N_xs:  0.00000         E(kJ/mol): -2.769     P(bar):    0.008     
Step:  1419999    NAcc:  709999     fAcc:  0.500      Maxd:  0.34182    E*/N:  -2.75833   P*:     nan        P*cold: nan        Mu*_xs: -0.00000   Cv*/N_xs:  0.00000         E(kJ/mol): -2.751     P(bar):    0.152     
Step:  1439999    NAcc:  720000     fAcc:  0.500      Maxd:  0.29370    E*/N:  -2.88066   P*:     nan        P*cold: nan        Mu*_xs: -0.00000   Cv*/N_xs:  0.00000         E(kJ/mol): -2.873     P(bar):    0.046     
Step:  1459999    NAcc:  730001     fAcc:  0.500      Maxd:  0.52615    E*/N:  -2.75372   P*:     nan        P*cold: nan        Mu*_xs: -0.00000   Cv*/N_xs:  0.00000         E(kJ/mol): -2.747     P(bar):    0.147     
Step:  1479999    NAcc:  740000     fAcc:  0.500      Maxd:  3.58493    E*/N:  -2.88765   P*:     nan        P*cold: nan        Mu*_xs: -0.00000   Cv*/N_xs:  0.00000         E(kJ/mol): -2.880     P(bar):    0.111     
Step:  1499999    NAcc:  750000     fAcc:  0.500      Maxd:  0.29496    E*/N:  -2.87739   P*:     nan        P*cold: nan        Mu*_xs: -0.00000   Cv*/N_xs:  0.00000         E(kJ/mol): -2.870     P(bar):    0.016     
Step:  1519999    NAcc:  760000     fAcc:  0.500      Maxd:  0.44135    E*/N:  -2.86102   P*:     nan        P*cold: nan        Mu*_xs: -0.00000   Cv*/N_xs:  0.00000         E(kJ/mol): -2.854     P(bar):    -0.014    
Step:  1539999    NAcc:  769998     fAcc:  0.500      Maxd:  0.32208    E*/N:  -2.87363   P*:     nan        P*cold: nan        Mu*_xs: -0.00000   Cv*/N_xs:  0.00000         E(kJ/mol): -2.866     P(bar):    0.077     
Step:  1559999    NAcc:  780000     fAcc:  0.500      Maxd:  2.78881    E*/N:  -2.81262   P*:     nan        P*cold: nan        Mu*_xs: -0.00000   Cv*/N_xs:  0.00000         E(kJ/mol): -2.805     P(bar):    0.088     
Step:  1579999    NAcc:  790000     fAcc:  0.500      Maxd:  0.36542    E*/N:  -2.88191   P*:     nan        P*cold: nan        Mu*_xs: -0.00000   Cv*/N_xs:  0.00000         E(kJ/mol): -2.874     P(bar):    0.049     
Step:  1599999    NAcc:  800000     fAcc:  0.500      Maxd:  0.42949    E*/N:  -2.87686   P*:     nan        P*cold: nan        Mu*_xs: -0.00000   Cv*/N_xs:  0.00000         E(kJ/mol): -2.869     P(bar):    0.183     
Step:  1619999    NAcc:  810002     fAcc:  0.500      Maxd:  1.29086    E*/N:  -2.90014   P*:     nan        P*cold: nan        Mu*_xs: -0.00000   Cv*/N_xs:  0.00000         E(kJ/mol): -2.893     P(bar):    0.066     
Step:  1639999    NAcc:  820000     fAcc:  0.500      Maxd:  0.79570    E*/N:  -2.92202   P*:     nan        P*cold: nan        Mu*_xs: -0.00000   Cv*/N_xs:  0.00000         E(kJ/mol): -2.914     P(bar):    0.015     
Step:  1659999    NAcc:  829998     fAcc:  0.500      Maxd:  0.30791    E*/N:  -2.95361   P*:     nan        P*cold: nan        Mu*_xs: -0.00000   Cv*/N_xs:  0.00000         E(kJ/mol): -2.946     P(bar):    0.004     
Step:  1679999    NAcc:  840000     fAcc:  0.500      Maxd:  0.31739    E*/N:  -2.91017   P*:     nan        P*cold: nan        Mu*_xs: -0.00000   Cv*/N_xs:  0.00000         E(kJ/mol): -2.903     P(bar):    0.088     
Step:  1699999    NAcc:  849995     fAcc:  0.500      Maxd:  0.40356    E*/N:  -2.92634   P*:     nan        P*cold: nan        Mu*_xs: -0.00000   Cv*/N_xs:  0.00000         E(kJ/mol): -2.919     P(bar):    -0.023    
Step:  1719999    NAcc:  860000     fAcc:  0.500      Maxd:  0.36029    E*/N:  -2.99201   P*:     nan        P*cold: nan        Mu*_xs: -0.00000   Cv*/N_xs:  0.00000         E(kJ/mol): -2.984     P(bar):    0.072     
Step:  1739999    NAcc:  870001     fAcc:  0.500      Maxd:  0.64190    E*/N:  -2.98413   P*:     nan        P*cold: nan        Mu*_xs: -0.00000   Cv*/N_xs:  0.00000         E(kJ/mol): -2.976     P(bar):    -0.026    
Step:  1759999    NAcc:  879998     fAcc:  0.500      Maxd:  0.32555    E*/N:  -2.94095   P*:     nan        P*cold: nan        Mu*_xs: -0.00000   Cv*/N_xs:  0.00000         E(kJ/mol): -2.933     P(bar):    0.158     
Step:  1779999    NAcc:  890000     fAcc:  0.500      Maxd:  5.51932    E*/N:  -2.94816   P*:     nan        P*cold: nan        Mu*_xs: -0.00000   Cv*/N_xs:  0.00000         E(kJ/mol): -2.940     P(bar):    0.059     
Step:  1799999    NAcc:  900003     fAcc:  0.500      Maxd:  1.90579    E*/N:  -2.86141   P*:     nan        P*cold: nan        Mu*_xs: -0.00000   Cv*/N_xs:  0.00000         E(kJ/mol): -2.854     P(bar):    0.123     
Step:  1819999    NAcc:  910001     fAcc:  0.500      Maxd:  0.94240    E*/N:  -2.91084   P*:     nan        P*cold: nan        Mu*_xs: -0.00000   Cv*/N_xs:  0.00000         E(kJ/mol): -2.903     P(bar):    0.083     
Step:  1839999    NAcc:  920001     fAcc:  0.500      Maxd:  2.77693    E*/N:  -2.88417   P*:     nan        P*cold: nan        Mu*_xs: -0.00000   Cv*/N_xs:  0.00000         E(kJ/mol): -2.877     P(bar):    0.059     
Step:  1859999    NAcc:  930001     fAcc:  0.500      Maxd:  1.75911    E*/N:  -2.96620   P*:     nan        P*cold: nan        Mu*_xs: -0.00000   Cv*/N_xs:  0.00000         E(kJ/mol): -2.958     P(bar):    0.064     
Step:  1879999    NAcc:  939999     fAcc:  0.500      Maxd:  2.43427    E*/N:  -2.94497   P*:     nan        P*cold: nan        Mu*_xs: -0.00000   Cv*/N_xs:  0.00000         E(kJ/mol): -2.937     P(bar):    0.180     
Step:  1899999    NAcc:  949999     fAcc:  0.500      Maxd:  0.57774    E*/N:  -2.94026   P*:     nan        P*cold: nan        Mu*_xs: -0.00000   Cv*/N_xs:  0.00000         E(kJ/mol): -2.933     P(bar):    0.151     
Step:  1919999    NAcc:  959995     fAcc:  0.500      Maxd:  0.29626    E*/N:  -2.91470   P*:     nan        P*cold: nan        Mu*_xs: -0.00000   Cv*/N_xs:  0.00000         E(kJ/mol): -2.907     P(bar):    0.087     
Step:  1939999    NAcc:  970002     fAcc:  0.500      Maxd:  0.93990    E*/N:  -2.90981   P*:     nan        P*cold: nan        Mu*_xs: -0.00000   Cv*/N_xs:  0.00000         E(kJ/mol): -2.902     P(bar):    0.075     
Step:  1959999    NAcc:  979998     fAcc:  0.500      Maxd:  1.09835    E*/N:  -2.87047   P*:     nan        P*cold: nan        Mu*_xs: -0.00000   Cv*/N_xs:  0.00000         E(kJ/mol): -2.863     P(bar):    0.213     
Step:  1979999    NAcc:  990001     fAcc:  0.500      Maxd:  1.19989    E*/N:  -2.90668   P*:     nan        P*cold: nan        Mu*_xs: -0.00000   Cv*/N_xs:  0.00000         E(kJ/mol): -2.899     P(bar):    0.130     
Step:  1999999    NAcc:  999998     fAcc:  0.500      Maxd:  0.30885    E*/N:  -2.93767   P*:     nan        P*cold: nan        Mu*_xs: -0.00000   Cv*/N_xs:  0.00000         E(kJ/mol): -2.930     P(bar):    0.131     
Step:  2019999    NAcc:  1010000    fAcc:  0.500      Maxd:  0.64608    E*/N:  -2.88586   P*:     0.06025    P*cold: -0.41975   Mu*_xs: -2.45444   Cv*/N_xs:  0.29094         E(kJ/mol): -2.878     P(bar):    0.013     
Step:  2039999    NAcc:  1019999    fAcc:  0.500      Maxd:  1.11981    E*/N:  -2.86682   P*:     0.06003    P*cold: -0.41997   Mu*_xs: -2.47915   Cv*/N_xs:  0.35716         E(kJ/mol): -2.859     P(bar):    0.059     
Step:  2059999    NAcc:  1030001    fAcc:  0.500      Maxd:  0.81495    E*/N:  -2.87044   P*:     0.06582    P*cold: -0.41418   Mu*_xs: -2.49424   Cv*/N_xs:  0.45834         E(kJ/mol): -2.863     P(bar):    -0.031    
Step:  2079999    NAcc:  1040001    fAcc:  0.500      Maxd:  1.05347    E*/N:  -2.87892   P*:     0.06116    P*cold: -0.41884   Mu*_xs: -2.51942   Cv*/N_xs:  0.46830         E(kJ/mol): -2.871     P(bar):    0.094     
Step:  2099999    NAcc:  1049999    fAcc:  0.500      Maxd:  1.99168    E*/N:  -2.77566   P*:     0.05621    P*cold: -0.42379   Mu*_xs: -2.50710   Cv*/N_xs:  0.49687         E(kJ/mol): -2.768     P(bar):    0.152     
Step:  2119999    NAcc:  1059999    fAcc:  0.500      Maxd:  0.32548    E*/N:  -2.83912   P*:     0.06438    P*cold: -0.41562   Mu*_xs: -2.52426   Cv*/N_xs:  0.52494         E(kJ/mol): -2.832     P(bar):    0.101     
Step:  2139999    NAcc:  1069997    fAcc:  0.500      Maxd:  0.46148    E*/N:  -2.88486   P*:     0.06746    P*cold: -0.41254   Mu*_xs: -2.51575   Cv*/N_xs:  0.50638         E(kJ/mol): -2.877     P(bar):    0.059     
Step:  2159999    NAcc:  1080000    fAcc:  0.500      Maxd:  1.17745    E*/N:  -2.81957   P*:     0.07388    P*cold: -0.40612   Mu*_xs: -2.51395   Cv*/N_xs:  0.54652         E(kJ/mol): -2.812     P(bar):    0.039     
Step:  2179999    NAcc:  1090000    fAcc:  0.500      Maxd:  0.35090    E*/N:  -2.78829   P*:     0.06991    P*cold: -0.41009   Mu*_xs: -2.49716   Cv*/N_xs:  0.56593         E(kJ/mol): -2.781     P(bar):    0.166     
Step:  2199999    NAcc:  1099998    fAcc:  0.500      Maxd:  0.79628    E*/N:  -2.83529   P*:     0.07012    P*cold: -0.40988   Mu*_xs: -2.50196   Cv*/N_xs:  0.63708         E(kJ/mol): -2.828     P(bar):    0.052     
Step:  2219999    NAcc:  1110000    fAcc:  0.500      Maxd:  0.30560    E*/N:  -2.82124   P*:     0.06559    P*cold: -0.41441   Mu*_xs: -2.50113   Cv*/N_xs:  0.59725         E(kJ/mol): -2.814     P(bar):    0.029     
Step:  2239999    NAcc:  1120001    fAcc:  0.500      Maxd:  0.75873    E*/N:  -2.82977   P*:     0.06695    P*cold: -0.41305   Mu*_xs: -2.49851   Cv*/N_xs:  0.62321         E(kJ/mol): -2.822     P(bar):    0.026     
Step:  2259999    NAcc:  1130000    fAcc:  0.500      Maxd:  0.81652    E*/N:  -2.83632   P*:     0.06418    P*cold: -0.41582   Mu*_xs: -2.49312   Cv*/N_xs:  0.60222         E(kJ/mol): -2.829     P(bar):    0.045     
Step:  2279999    NAcc:  1140002    fAcc:  0.500      Maxd:  0.75045    E*/N:  -2.84467   P*:     0.06271    P*cold: -0.41729   Mu*_xs: -2.49091   Cv*/N_xs:  0.60633         E(kJ/mol): -2.837     P(bar):    -0.008    
Step:  2299999    NAcc:  1149998    fAcc:  0.500      Maxd:  0.68250    E*/N:  -2.87351   P*:     0.05573    P*cold: -0.42427   Mu*_xs: -2.48663   Cv*/N_xs:  0.69084         E(kJ/mol): -2.866     P(bar):    0.043     
Step:  2319999    NAcc:  1160000    fAcc:  0.500      Maxd:  0.49781    E*/N:  -2.85840   P*:     0.05637    P*cold: -0.42363   Mu*_xs: -2.48436   Cv*/N_xs:  0.67434         E(kJ/mol): -2.851     P(bar):    0.082     
Step:  2339999    NAcc:  1169999    fAcc:  0.500      Maxd:  0.61055    E*/N:  -2.80164   P*:     0.05806    P*cold: -0.42194   Mu*_xs: -2.49268   Cv*/N_xs:  0.68224         E(kJ/mol): -2.794     P(bar):    -0.006    
Step:  2359999    NAcc:  1180001    fAcc:  0.500      Maxd:  0.66266    E*/N:  -2.78521   P*:     0.05959    P*cold: -0.42041   Mu*_xs: -2.49578   Cv*/N_xs:  0.75332         E(kJ/mol): -2.778     P(bar):    0.117     
Step:  2379999    NAcc:  1190002    fAcc:  0.500      Maxd:  1.12689    E*/N:  -2.80610   P*:     0.05951    P*cold: -0.42049   Mu*_xs: -2.49315   Cv*/N_xs:  0.76892         E(kJ/mol): -2.799     P(bar):    -0.030    
Step:  2399999    NAcc:  1200000    fAcc:  0.500      Maxd:  1.27660    E*/N:  -2.82060   P*:     0.05588    P*cold: -0.42412   Mu*_xs: -2.49440   Cv*/N_xs:  0.79214         E(kJ/mol): -2.813     P(bar):    0.059     
Step:  2419999    NAcc:  1210001    fAcc:  0.500      Maxd:  0.44681    E*/N:  -2.83373   P*:     0.05583    P*cold: -0.42417   Mu*_xs: -2.49508   Cv*/N_xs:  0.78590         E(kJ/mol): -2.826     P(bar):    0.039     
Step:  2439999    NAcc:  1220002    fAcc:  0.500      Maxd:  1.48402    E*/N:  -2.79605   P*:     0.05688    P*cold: -0.42312   Mu*_xs: -2.50053   Cv*/N_xs:  0.77445         E(kJ/mol): -2.789     P(bar):    0.107     
Step:  2459999    NAcc:  1229999    fAcc:  0.500      Maxd:  0.76441    E*/N:  -2.75615   P*:     0.05827    P*cold: -0.42173   Mu*_xs: -2.50678   Cv*/N_xs:  0.81413         E(kJ/mol): -2.749     P(bar):    0.145     
Step:  2479999    NAcc:  1240000    fAcc:  0.500      Maxd:  0.31928    E*/N:  -2.79227   P*:     0.05876    P*cold: -0.42124   Mu*_xs: -2.51054   Cv*/N_xs:  0.82439         E(kJ/mol): -2.785     P(bar):    0.137     
Step:  2499999    NAcc:  1250000    fAcc:  0.500      Maxd:  1.34364    E*/N:  -2.79906   P*:     0.05635    P*cold: -0.42365   Mu*_xs: -2.51091   Cv*/N_xs:  0.81621         E(kJ/mol): -2.792     P(bar):    0.050     
Step:  2519999    NAcc:  1259995    fAcc:  0.500      Maxd:  0.54597    E*/N:  -2.85890   P*:     0.05660    P*cold: -0.42340   Mu*_xs: -2.51103   Cv*/N_xs:  0.81009         E(kJ/mol): -2.851     P(bar):    0.060     
Step:  2539999    NAcc:  1270000    fAcc:  0.500      Maxd:  0.31946    E*/N:  -2.84004   P*:     0.05653    P*cold: -0.42347   Mu*_xs: -2.50981   Cv*/N_xs:  0.79880         E(kJ/mol): -2.833     P(bar):    -0.008    
Step:  2559999    NAcc:  1280000    fAcc:  0.500      Maxd:  0.67535    E*/N:  -2.83960   P*:     0.05605    P*cold: -0.42395   Mu*_xs: -2.50796   Cv*/N_xs:  0.78066         E(kJ/mol): -2.832     P(bar):    0.060     
Step:  2579999    NAcc:  1289999    fAcc:  0.500      Maxd:  0.34795    E*/N:  -2.77543   P*:     0.05777    P*cold: -0.42223   Mu*_xs: -2.51030   Cv*/N_xs:  0.77324         E(kJ/mol): -2.768     P(bar):    0.087     
Step:  2599999    NAcc:  1300000    fAcc:  0.500      Maxd:  2.44188    E*/N:  -2.83827   P*:     0.05893    P*cold: -0.42107   Mu*_xs: -2.51033   Cv*/N_xs:  0.80294         E(kJ/mol): -2.831     P(bar):    -0.008    
Step:  2619999    NAcc:  1310000    fAcc:  0.500      Maxd:  0.34614    E*/N:  -2.81838   P*:     0.05843    P*cold: -0.42157   Mu*_xs: -2.51196   Cv*/N_xs:  0.79942         E(kJ/mol): -2.811     P(bar):    -0.024    
Step:  2639999    NAcc:  1320000    fAcc:  0.500      Maxd:  0.91240    E*/N:  -2.87356   P*:     0.05835    P*cold: -0.42165   Mu*_xs: -2.51353   Cv*/N_xs:  0.78912         E(kJ/mol): -2.866     P(bar):    -0.065    
Step:  2659999    NAcc:  1330001    fAcc:  0.500      Maxd:  2.37149    E*/N:  -2.80649   P*:     0.05811    P*cold: -0.42189   Mu*_xs: -2.51521   Cv*/N_xs:  0.77877         E(kJ/mol): -2.799     P(bar):    0.097     
Step:  2679999    NAcc:  1340001    fAcc:  0.500      Maxd:  2.15679    E*/N:  -2.83075   P*:     0.05893    P*cold: -0.42107   Mu*_xs: -2.51280   Cv*/N_xs:  0.77945         E(kJ/mol): -2.823     P(bar):    0.078     
Step:  2699999    NAcc:  1350000    fAcc:  0.500      Maxd:  0.34375    E*/N:  -2.87283   P*:     0.05855    P*cold: -0.42145   Mu*_xs: -2.51106   Cv*/N_xs:  0.76557         E(kJ/mol): -2.865     P(bar):    -0.040    
Step:  2719999    NAcc:  1359997    fAcc:  0.500      Maxd:  0.29847    E*/N:  -2.87632   P*:     0.05879    P*cold: -0.42121   Mu*_xs: -2.51069   Cv*/N_xs:  0.76364         E(kJ/mol): -2.869     P(bar):    0.071     
Step:  2739999    NAcc:  1370001    fAcc:  0.500      Maxd:  0.99706    E*/N:  -2.82283   P*:     0.06051    P*cold: -0.41949   Mu*_xs: -2.51206   Cv*/N_xs:  0.74921         E(kJ/mol): -2.815     P(bar):    0.141     
Step:  2759999    NAcc:  1380000    fAcc:  0.500      Maxd:  0.96563    E*/N:  -2.86141   P*:     0.06173    P*cold: -0.41827   Mu*_xs: -2.51034   Cv*/N_xs:  0.73816         E(kJ/mol): -2.854     P(bar):    0.040     
Step:  2779999    NAcc:  1390000    fAcc:  0.500      Maxd:  0.32161    E*/N:  -2.85593   P*:     0.06184    P*cold: -0.41816   Mu*_xs: -2.51131   Cv*/N_xs:  0.73090         E(kJ/mol): -2.848     P(bar):    0.170     
Step:  2799999    NAcc:  1399999    fAcc:  0.500      Maxd:  0.45089    E*/N:  -2.80293   P*:     0.06173    P*cold: -0.41827   Mu*_xs: -2.51045   Cv*/N_xs:  0.74489         E(kJ/mol): -2.796     P(bar):    0.112     
Step:  2819999    NAcc:  1409998    fAcc:  0.500      Maxd:  0.95869    E*/N:  -2.89848   P*:     0.06239    P*cold: -0.41761   Mu*_xs: -2.50877   Cv*/N_xs:  0.74900         E(kJ/mol): -2.891     P(bar):    -0.001    
Step:  2839999    NAcc:  1420001    fAcc:  0.500      Maxd:  0.63403    E*/N:  -2.82600   P*:     0.06181    P*cold: -0.41819   Mu*_xs: -2.50996   Cv*/N_xs:  0.73942         E(kJ/mol): -2.819     P(bar):    0.041     
Step:  2859999    NAcc:  1429997    fAcc:  0.500      Maxd:  0.67130    E*/N:  -2.86084   P*:     0.06057    P*cold: -0.41943   Mu*_xs: -2.50883   Cv*/N_xs:  0.72821         E(kJ/mol): -2.853     P(bar):    0.012     
Step:  2879999    NAcc:  1440003    fAcc:  0.500      Maxd:  3.88386    E*/N:  -2.78538   P*:     0.06152    P*cold: -0.41848   Mu*_xs: -2.51014   Cv*/N_xs:  0.72339         E(kJ/mol): -2.778     P(bar):    0.095     
Step:  2899999    NAcc:  1449999    fAcc:  0.500      Maxd:  1.93115    E*/N:  -2.87700   P*:     0.06238    P*cold: -0.41762   Mu*_xs: -2.51023   Cv*/N_xs:  0.72655         E(kJ/mol): -2.869     P(bar):    0.124     
Step:  2919999    NAcc:  1460001    fAcc:  0.500      Maxd:  2.01316    E*/N:  -2.88924   P*:     0.06491    P*cold: -0.41509   Mu*_xs: -2.50987   Cv*/N_xs:  0.71752         E(kJ/mol): -2.882     P(bar):    0.118     
Step:  2939999    NAcc:  1469999    fAcc:  0.500      Maxd:  0.43540    E*/N:  -2.94332   P*:     0.06669    P*cold: -0.41331   Mu*_xs: -2.50890   Cv*/N_xs:  0.73197         E(kJ/mol): -2.936     P(bar):    0.064     
Step:  2959999    NAcc:  1480001    fAcc:  0.500      Maxd:  0.43345    E*/N:  -2.82283   P*:     0.06787    P*cold: -0.41213   Mu*_xs: -2.50876   Cv*/N_xs:  0.73083         E(kJ/mol): -2.815     P(bar):    0.028     
Step:  2979999    NAcc:  1490000    fAcc:  0.500      Maxd:  0.33041    E*/N:  -2.84004   P*:     0.06909    P*cold: -0.41091   Mu*_xs: -2.50863   Cv*/N_xs:  0.72829         E(kJ/mol): -2.833     P(bar):    0.045     
Step:  2999999    NAcc:  1500000    fAcc:  0.500      Maxd:  0.35780    E*/N:  -2.86720   P*:     0.06891    P*cold: -0.41109   Mu*_xs: -2.50739   Cv*/N_xs:  0.72229         E(kJ/mol): -2.860     P(bar):    0.002     
Step:  3019999    NAcc:  1509999    fAcc:  0.500      Maxd:  0.82280    E*/N:  -2.83754   P*:     0.06802    P*cold: -0.41198   Mu*_xs: -2.50701   Cv*/N_xs:  0.73415         E(kJ/mol): -2.830     P(bar):    0.049     
Step:  3039999    NAcc:  1520001    fAcc:  0.500      Maxd:  0.45222    E*/N:  -2.79626   P*:     0.06731    P*cold: -0.41269   Mu*_xs: -2.50782   Cv*/N_xs:  0.72526         E(kJ/mol): -2.789     P(bar):    0.061     
Step:  3059999    NAcc:  1529996    fAcc:  0.500      Maxd:  0.67293    E*/N:  -2.79972   P*:     0.06654    P*cold: -0.41346   Mu*_xs: -2.50872   Cv*/N_xs:  0.71639         E(kJ/mol): -2.792     P(bar):    0.036     
Step:  3079999    NAcc:  1540000    fAcc:  0.500      Maxd:  0.80976    E*/N:  -2.82482   P*:     0.06526    P*cold: -0.41474   Mu*_xs: -2.50888   Cv*/N_xs:  0.71352         E(kJ/mol): -2.817     P(bar):    -0.077    
Step:  3099999    NAcc:  1550000    fAcc:  0.500      Maxd:  0.34846    E*/N:  -2.81053   P*:     0.06569    P*cold: -0.41431   Mu*_xs: -2.50733   Cv*/N_xs:  0.70819         E(kJ/mol): -2.803     P(bar):    0.170     
Step:  3119999    NAcc:  1559999    fAcc:  0.500      Maxd:  3.85558    E*/N:  -2.87273   P*:     0.06749    P*cold: -0.41251   Mu*_xs: -2.50700   Cv*/N_xs:  0.70147         E(kJ/mol): -2.865     P(bar):    0.044     
Step:  3139999    NAcc:  1570001    fAcc:  0.500      Maxd:  0.64525    E*/N:  -2.79710   P*:     0.06791    P*cold: -0.41209   Mu*_xs: -2.50685   Cv*/N_xs:  0.71670         E(kJ/mol): -2.790     P(bar):    -0.024    
Step:  3159999    NAcc:  1579999    fAcc:  0.500      Maxd:  0.33228    E*/N:  -2.79525   P*:     0.06787    P*cold: -0.41213   Mu*_xs: -2.50617   Cv*/N_xs:  0.71470         E(kJ/mol): -2.788     P(bar):    0.073     
Step:  3179999    NAcc:  1589998    fAcc:  0.500      Maxd:  0.32799    E*/N:  -2.86718   P*:     0.06812    P*cold: -0.41188   Mu*_xs: -2.50577   Cv*/N_xs:  0.70540         E(kJ/mol): -2.860     P(bar):    0.115     
Step:  3199999    NAcc:  1599996    fAcc:  0.500      Maxd:  0.32036    E*/N:  -2.87527   P*:     0.06932    P*cold: -0.41068   Mu*_xs: -2.50444   Cv*/N_xs:  0.69878         E(kJ/mol): -2.868     P(bar):    0.053     
Step:  3219999    NAcc:  1610000    fAcc:  0.500      Maxd:  1.13337    E*/N:  -2.87145   P*:     0.06917    P*cold: -0.41083   Mu*_xs: -2.50356   Cv*/N_xs:  0.70334         E(kJ/mol): -2.864     P(bar):    0.030     
Step:  3239999    NAcc:  1619998    fAcc:  0.500      Maxd:  1.08561    E*/N:  -2.91783   P*:     0.06983    P*cold: -0.41017   Mu*_xs: -2.50365   Cv*/N_xs:  0.69944         E(kJ/mol): -2.910     P(bar):    0.089     
Step:  3259999    NAcc:  1630000    fAcc:  0.500      Maxd:  0.36094    E*/N:  -2.97824   P*:     0.07007    P*cold: -0.40993   Mu*_xs: -2.50362   Cv*/N_xs:  0.73979         E(kJ/mol): -2.970     P(bar):    0.009     
Step:  3279999    NAcc:  1639999    fAcc:  0.500      Maxd:  0.29936    E*/N:  -2.80630   P*:     0.07004    P*cold: -0.40996   Mu*_xs: -2.50347   Cv*/N_xs:  0.76947         E(kJ/mol): -2.799     P(bar):    0.167     
Step:  3299999    NAcc:  1650001    fAcc:  0.500      Maxd:  0.49154    E*/N:  -2.83736   P*:     0.07005    P*cold: -0.40995   Mu*_xs: -2.50293   Cv*/N_xs:  0.76204         E(kJ/mol): -2.830     P(bar):    0.067     
Step:  3319999    NAcc:  1660002    fAcc:  0.500      Maxd:  1.54586    E*/N:  -2.85816   P*:     0.06950    P*cold: -0.41050   Mu*_xs: -2.50292   Cv*/N_xs:  0.77023         E(kJ/mol): -2.851     P(bar):    -0.007    
Step:  3339999    NAcc:  1669997    fAcc:  0.500      Maxd:  0.84306    E*/N:  -2.88212   P*:     0.06980    P*cold: -0.41020   Mu*_xs: -2.50037   Cv*/N_xs:  0.76439         E(kJ/mol): -2.875     P(bar):    -0.009    
Step:  3359999    NAcc:  1680000    fAcc:  0.500      Maxd:  0.29983    E*/N:  -2.87443   P*:     0.07026    P*cold: -0.40974   Mu*_xs: -2.50013   Cv*/N_xs:  0.75860         E(kJ/mol): -2.867     P(bar):    0.099     
Step:  3379999    NAcc:  1690000    fAcc:  0.500      Maxd:  0.99362    E*/N:  -2.76142   P*:     0.07073    P*cold: -0.40927   Mu*_xs: -2.50055   Cv*/N_xs:  0.76004         E(kJ/mol): -2.754     P(bar):    0.044     
Step:  3399999    NAcc:  1700002    fAcc:  0.500      Maxd:  0.77583    E*/N:  -2.83397   P*:     0.07027    P*cold: -0.40973   Mu*_xs: -2.50000   Cv*/N_xs:  0.76968         E(kJ/mol): -2.827     P(bar):    0.003     
Step:  3419999    NAcc:  1709999    fAcc:  0.500      Maxd:  0.32479    E*/N:  -2.78216   P*:     0.06995    P*cold: -0.41005   Mu*_xs: -2.50089   Cv*/N_xs:  0.77585         E(kJ/mol): -2.775     P(bar):    0.043     
Step:  3439999    NAcc:  1719999    fAcc:  0.500      Maxd:  1.37056    E*/N:  -2.78048   P*:     0.06994    P*cold: -0.41006   Mu*_xs: -2.50099   Cv*/N_xs:  0.79224         E(kJ/mol): -2.773     P(bar):    0.129     
Step:  3459999    NAcc:  1730001    fAcc:  0.500      Maxd:  2.68499    E*/N:  -2.76125   P*:     0.06985    P*cold: -0.41015   Mu*_xs: -2.50119   Cv*/N_xs:  0.79824         E(kJ/mol): -2.754     P(bar):    0.115     
Step:  3479999    NAcc:  1739997    fAcc:  0.500      Maxd:  4.14939    E*/N:  -2.71385   P*:     0.06921    P*cold: -0.41079   Mu*_xs: -2.50087   Cv*/N_xs:  0.82694         E(kJ/mol): -2.707     P(bar):    -0.012    
Step:  3499999    NAcc:  1750002    fAcc:  0.500      Maxd:  1.88955    E*/N:  -2.76145   P*:     0.06849    P*cold: -0.41151   Mu*_xs: -2.50161   Cv*/N_xs:  0.85235         E(kJ/mol): -2.754     P(bar):    -0.073    
Step:  3519999    NAcc:  1759999    fAcc:  0.500      Maxd:  0.32230    E*/N:  -2.82054   P*:     0.06906    P*cold: -0.41094   Mu*_xs: -2.50253   Cv*/N_xs:  0.87344         E(kJ/mol): -2.813     P(bar):    0.061     
Step:  3539999    NAcc:  1770000    fAcc:  0.500      Maxd:  2.87518    E*/N:  -2.77375   P*:     0.06988    P*cold: -0.41012   Mu*_xs: -2.50253   Cv*/N_xs:  0.87557         E(kJ/mol): -2.766     P(bar):    0.054     
Step:  3559999    NAcc:  1780000    fAcc:  0.500      Maxd:  3.55554    E*/N:  -2.85294   P*:     0.06996    P*cold: -0.41004   Mu*_xs: -2.50301   Cv*/N_xs:  0.87335         E(kJ/mol): -2.845     P(bar):    0.046     
Step:  3579999    NAcc:  1790002    fAcc:  0.500      Maxd:  0.70076    E*/N:  -2.72396   P*:     0.06918    P*cold: -0.41082   Mu*_xs: -2.50255   Cv*/N_xs:  0.86869         E(kJ/mol): -2.717     P(bar):    0.136     
Step:  3599999    NAcc:  1800000    fAcc:  0.500      Maxd:  0.33083    E*/N:  -2.75361   P*:     0.06912    P*cold: -0.41088   Mu*_xs: -2.50173   Cv*/N_xs:  0.87665         E(kJ/mol): -2.746     P(bar):    0.188     
Step:  3619999    NAcc:  1810000    fAcc:  0.500      Maxd:  0.35710    E*/N:  -2.80420   P*:     0.06992    P*cold: -0.41008   Mu*_xs: -2.50220   Cv*/N_xs:  0.89149         E(kJ/mol): -2.797     P(bar):    0.118     
Step:  3639999    NAcc:  1819999    fAcc:  0.500      Maxd:  0.67344    E*/N:  -2.82022   P*:     0.07055    P*cold: -0.40945   Mu*_xs: -2.50252   Cv*/N_xs:  0.91526         E(kJ/mol): -2.813     P(bar):    -0.015    
Step:  3659999    NAcc:  1830003    fAcc:  0.500      Maxd:  1.29053    E*/N:  -2.81438   P*:     0.07048    P*cold: -0.40952   Mu*_xs: -2.50230   Cv*/N_xs:  0.90827         E(kJ/mol): -2.807     P(bar):    0.069     
Step:  3679999    NAcc:  1839999    fAcc:  0.500      Maxd:  0.34027    E*/N:  -2.81071   P*:     0.07073    P*cold: -0.40927   Mu*_xs: -2.50303   Cv*/N_xs:  0.90351         E(kJ/mol): -2.803     P(bar):    0.004     
Step:  3699999    NAcc:  1850003    fAcc:  0.500      Maxd:  1.36300    E*/N:  -2.78900   P*:     0.07046    P*cold: -0.40954   Mu*_xs: -2.50301   Cv*/N_xs:  0.90400         E(kJ/mol): -2.782     P(bar):    0.091     
Step:  3719999    NAcc:  1860001    fAcc:  0.500      Maxd:  1.35214    E*/N:  -2.86719   P*:     0.07040    P*cold: -0.40960   Mu*_xs: -2.50532   Cv*/N_xs:  0.89961         E(kJ/mol): -2.860     P(bar):    0.084     
Step:  3739999    NAcc:  1869999    fAcc:  0.500      Maxd:  0.32156    E*/N:  -2.81640   P*:     0.07018    P*cold: -0.40982   Mu*_xs: -2.50590   Cv*/N_xs:  0.89533         E(kJ/mol): -2.809     P(bar):    0.153     
Step:  3759999    NAcc:  1879994    fAcc:  0.500      Maxd:  0.54683    E*/N:  -2.82768   P*:     0.06995    P*cold: -0.41005   Mu*_xs: -2.50708   Cv*/N_xs:  0.89074         E(kJ/mol): -2.820     P(bar):    0.109     
Step:  3779999    NAcc:  1890000    fAcc:  0.500      Maxd:  0.36065    E*/N:  -2.85051   P*:     0.06955    P*cold: -0.41045   Mu*_xs: -2.50698   Cv*/N_xs:  0.88715         E(kJ/mol): -2.843     P(bar):    0.001     
Step:  3799999    NAcc:  1900001    fAcc:  0.500      Maxd:  0.43409    E*/N:  -2.80675   P*:     0.06882    P*cold: -0.41118   Mu*_xs: -2.50724   Cv*/N_xs:  0.88147         E(kJ/mol): -2.799     P(bar):    0.016     
Step:  3819999    NAcc:  1910001    fAcc:  0.500      Maxd:  0.64080    E*/N:  -2.85726   P*:     0.06863    P*cold: -0.41137   Mu*_xs: -2.50688   Cv*/N_xs:  0.87419         E(kJ/mol): -2.850     P(bar):    0.132     
Step:  3839999    NAcc:  1919999    fAcc:  0.500      Maxd:  0.78650    E*/N:  -2.81253   P*:     0.06936    P*cold: -0.41064   Mu*_xs: -2.50593   Cv*/N_xs:  0.86777         E(kJ/mol): -2.805     P(bar):    0.014     
Step:  3859999    NAcc:  1930000    fAcc:  0.500      Maxd:  2.09087    E*/N:  -2.81975   P*:     0.07015    P*cold: -0.40985   Mu*_xs: -2.50569   Cv*/N_xs:  0.86422         E(kJ/mol): -2.812     P(bar):    0.238     
Step:  3879999    NAcc:  1939999    fAcc:  0.500      Maxd:  0.29892    E*/N:  -2.82425   P*:     0.07043    P*cold: -0.40957   Mu*_xs: -2.50577   Cv*/N_xs:  0.85848         E(kJ/mol): -2.817     P(bar):    0.167     
Step:  3899999    NAcc:  1950002    fAcc:  0.500      Maxd:  0.89504    E*/N:  -2.80390   P*:     0.07026    P*cold: -0.40974   Mu*_xs: -2.50642   Cv*/N_xs:  0.85208         E(kJ/mol): -2.797     P(bar):    0.059     
Step:  3919999    NAcc:  1960000    fAcc:  0.500      Maxd:  0.82056    E*/N:  -2.74891   P*:     0.06992    P*cold: -0.41008   Mu*_xs: -2.50673   Cv*/N_xs:  0.84943         E(kJ/mol): -2.742     P(bar):    0.131     
Step:  3939999    NAcc:  1970000    fAcc:  0.500      Maxd:  0.33518    E*/N:  -2.82079   P*:     0.06953    P*cold: -0.41047   Mu*_xs: -2.50616   Cv*/N_xs:  0.84914         E(kJ/mol): -2.813     P(bar):    0.110     
Step:  3959999    NAcc:  1980000    fAcc:  0.500      Maxd:  0.33527    E*/N:  -2.82574   P*:     0.06971    P*cold: -0.41029   Mu*_xs: -2.50620   Cv*/N_xs:  0.84964         E(kJ/mol): -2.818     P(bar):    0.061     
Step:  3979999    NAcc:  1990001    fAcc:  0.500      Maxd:  1.91848    E*/N:  -2.72264   P*:     0.06923    P*cold: -0.41077   Mu*_xs: -2.50589   Cv*/N_xs:  0.85518         E(kJ/mol): -2.716     P(bar):    0.091     
Step:  3999999    NAcc:  1999998    fAcc:  0.500      Maxd:  1.62540    E*/N:  -2.77975   P*:     0.06874    P*cold: -0.41126   Mu*_xs: -2.50622   Cv*/N_xs:  0.85581         E(kJ/mol): -2.772     P(bar):    0.041     
Step:  4019999    NAcc:  2010001    fAcc:  0.500      Maxd:  1.03767    E*/N:  -2.85954   P*:     0.06869    P*cold: -0.41131   Mu*_xs: -2.50721   Cv*/N_xs:  0.85765         E(kJ/mol): -2.852     P(bar):    0.097     
Step:  4039999    NAcc:  2020001    fAcc:  0.500      Maxd:  3.55257    E*/N:  -2.84665   P*:     0.06922    P*cold: -0.41078   Mu*_xs: -2.50714   Cv*/N_xs:  0.86047         E(kJ/mol): -2.839     P(bar):    0.187     
Step:  4059999    NAcc:  2030001    fAcc:  0.500      Maxd:  0.49545    E*/N:  -2.87378   P*:     0.06928    P*cold: -0.41072   Mu*_xs: -2.50752   Cv*/N_xs:  0.85743         E(kJ/mol): -2.866     P(bar):    -0.009    
Step:  4079999    NAcc:  2039999    fAcc:  0.500      Maxd:  7.13444    E*/N:  -2.91054   P*:     0.06853    P*cold: -0.41147   Mu*_xs: -2.50732   Cv*/N_xs:  0.87103         E(kJ/mol): -2.903     P(bar):    -0.062    
Step:  4099999    NAcc:  2050000    fAcc:  0.500      Maxd:  0.33339    E*/N:  -2.85874   P*:     0.06853    P*cold: -0.41147   Mu*_xs: -2.50782   Cv*/N_xs:  0.88218         E(kJ/mol): -2.851     P(bar):    0.148     
Step:  4119999    NAcc:  2060000    fAcc:  0.500      Maxd:  4.30630    E*/N:  -2.84356   P*:     0.06856    P*cold: -0.41144   Mu*_xs: -2.50709   Cv*/N_xs:  0.87959         E(kJ/mol): -2.836     P(bar):    0.144     
Step:  4139999    NAcc:  2069994    fAcc:  0.500      Maxd:  0.44046    E*/N:  -2.82512   P*:     0.06887    P*cold: -0.41113   Mu*_xs: -2.50627   Cv*/N_xs:  0.88350         E(kJ/mol): -2.818     P(bar):    0.107     
Step:  4159999    NAcc:  2080000    fAcc:  0.500      Maxd:  0.34686    E*/N:  -2.87467   P*:     0.06884    P*cold: -0.41116   Mu*_xs: -2.50668   Cv*/N_xs:  0.88547         E(kJ/mol): -2.867     P(bar):    0.116     
Step:  4179999    NAcc:  2089999    fAcc:  0.500      Maxd:  0.33685    E*/N:  -2.90544   P*:     0.06855    P*cold: -0.41145   Mu*_xs: -2.50633   Cv*/N_xs:  0.88603         E(kJ/mol): -2.898     P(bar):    0.022     
Step:  4199999    NAcc:  2100001    fAcc:  0.500      Maxd:  0.68072    E*/N:  -2.87690   P*:     0.06931    P*cold: -0.41069   Mu*_xs: -2.50683   Cv*/N_xs:  0.89319         E(kJ/mol): -2.869     P(bar):    0.148     
Step:  4219999    NAcc:  2110002    fAcc:  0.500      Maxd:  1.41616    E*/N:  -2.81492   P*:     0.06954    P*cold: -0.41046   Mu*_xs: -2.50655   Cv*/N_xs:  0.89137         E(kJ/mol): -2.808     P(bar):    0.038     
Step:  4239999    NAcc:  2119999    fAcc:  0.500      Maxd:  0.36134    E*/N:  -2.87041   P*:     0.06975    P*cold: -0.41025   Mu*_xs: -2.50758   Cv*/N_xs:  0.89153         E(kJ/mol): -2.863     P(bar):    0.016     
Step:  4259999    NAcc:  2130000    fAcc:  0.500      Maxd:  0.36636    E*/N:  -2.82386   P*:     0.06968    P*cold: -0.41032   Mu*_xs: -2.50817   Cv*/N_xs:  0.88701         E(kJ/mol): -2.816     P(bar):    0.094     
Step:  4279999    NAcc:  2139999    fAcc:  0.500      Maxd:  1.16522    E*/N:  -2.84208   P*:     0.06960    P*cold: -0.41040   Mu*_xs: -2.50803   Cv*/N_xs:  0.88796         E(kJ/mol): -2.835     P(bar):    0.101     
Step:  4299999    NAcc:  2149998    fAcc:  0.500      Maxd:  0.32438    E*/N:  -2.87083   P*:     0.06944    P*cold: -0.41056   Mu*_xs: -2.50890   Cv*/N_xs:  0.88930         E(kJ/mol): -2.863     P(bar):    0.004     
Step:  4319999    NAcc:  2160001    fAcc:  0.500      Maxd:  0.42599    E*/N:  -2.87651   P*:     0.06939    P*cold: -0.41061   Mu*_xs: -2.50816   Cv*/N_xs:  0.88484         E(kJ/mol): -2.869     P(bar):    0.077     
Step:  4339999    NAcc:  2169998    fAcc:  0.500      Maxd:  0.30175    E*/N:  -2.90986   P*:     0.06955    P*cold: -0.41045   Mu*_xs: -2.50741   Cv*/N_xs:  0.91773         E(kJ/mol): -2.902     P(bar):    0.159     
Step:  4359999    NAcc:  2180001    fAcc:  0.500      Maxd:  2.13677    E*/N:  -2.95963   P*:     0.07008    P*cold: -0.40992   Mu*_xs: -2.50757   Cv*/N_xs:  0.94872         E(kJ/mol): -2.952     P(bar):    0.030     
Step:  4379999    NAcc:  2190000    fAcc:  0.500      Maxd:  0.34736    E*/N:  -2.84978   P*:     0.07020    P*cold: -0.40980   Mu*_xs: -2.50739   Cv*/N_xs:  0.96393         E(kJ/mol): -2.842     P(bar):    0.169     
Step:  4399999    NAcc:  2200001    fAcc:  0.500      Maxd:  4.62369    E*/N:  -2.86863   P*:     0.07038    P*cold: -0.40962   Mu*_xs: -2.50700   Cv*/N_xs:  0.96624         E(kJ/mol): -2.861     P(bar):    0.170     
Step:  4419999    NAcc:  2209998    fAcc:  0.500      Maxd:  2.54953    E*/N:  -2.91116   P*:     0.07115    P*cold: -0.40885   Mu*_xs: -2.50748   Cv*/N_xs:  0.96447         E(kJ/mol): -2.904     P(bar):    0.050     
Step:  4439999    NAcc:  2219997    fAcc:  0.500      Maxd:  0.35176    E*/N:  -2.97810   P*:     0.07068    P*cold: -0.40932   Mu*_xs: -2.50700   Cv*/N_xs:  1.01184         E(kJ/mol): -2.970     P(bar):    0.044     
Step:  4459999    NAcc:  2230002    fAcc:  0.500      Maxd:  0.92256    E*/N:  -2.90509   P*:     0.07083    P*cold: -0.40917   Mu*_xs: -2.50671   Cv*/N_xs:  1.05383         E(kJ/mol): -2.897     P(bar):    0.150     
Step:  4479999    NAcc:  2239999    fAcc:  0.500      Maxd:  2.53502    E*/N:  -2.90614   P*:     0.07102    P*cold: -0.40898   Mu*_xs: -2.50648   Cv*/N_xs:  1.06201         E(kJ/mol): -2.899     P(bar):    0.111     
Step:  4499999    NAcc:  2249999    fAcc:  0.500      Maxd:  0.34419    E*/N:  -2.96816   P*:     0.07128    P*cold: -0.40872   Mu*_xs: -2.50568   Cv*/N_xs:  1.08344         E(kJ/mol): -2.960     P(bar):    0.071     
Step:  4519999    NAcc:  2260000    fAcc:  0.500      Maxd:  1.74862    E*/N:  -2.96341   P*:     0.07130    P*cold: -0.40870   Mu*_xs: -2.50530   Cv*/N_xs:  1.11532         E(kJ/mol): -2.956     P(bar):    -0.032    
Step:  4539999    NAcc:  2270000    fAcc:  0.500      Maxd:  0.48315    E*/N:  -2.95675   P*:     0.07155    P*cold: -0.40845   Mu*_xs: -2.50469   Cv*/N_xs:  1.16517         E(kJ/mol): -2.949     P(bar):    0.094     
Step:  4559999    NAcc:  2280000    fAcc:  0.500      Maxd:  0.34794    E*/N:  -2.87655   P*:     0.07211    P*cold: -0.40789   Mu*_xs: -2.50380   Cv*/N_xs:  1.17739         E(kJ/mol): -2.869     P(bar):    0.166     
Step:  4579999    NAcc:  2290000    fAcc:  0.500      Maxd:  0.92035    E*/N:  -2.96975   P*:     0.07229    P*cold: -0.40771   Mu*_xs: -2.50310   Cv*/N_xs:  1.20699         E(kJ/mol): -2.962     P(bar):    0.006     
Step:  4599999    NAcc:  2300001    fAcc:  0.500      Maxd:  0.59601    E*/N:  -2.93519   P*:     0.07226    P*cold: -0.40774   Mu*_xs: -2.50203   Cv*/N_xs:  1.23491         E(kJ/mol): -2.928     P(bar):    0.136     
Step:  4619999    NAcc:  2310000    fAcc:  0.500      Maxd:  0.65062    E*/N:  -2.86940   P*:     0.07241    P*cold: -0.40759   Mu*_xs: -2.50149   Cv*/N_xs:  1.24388         E(kJ/mol): -2.862     P(bar):    0.201     
Step:  4639999    NAcc:  2319999    fAcc:  0.500      Maxd:  0.31487    E*/N:  -2.92508   P*:     0.07258    P*cold: -0.40742   Mu*_xs: -2.50207   Cv*/N_xs:  1.25285         E(kJ/mol): -2.917     P(bar):    0.113     
Step:  4659999    NAcc:  2329997    fAcc:  0.500      Maxd:  1.50672    E*/N:  -2.85088   P*:     0.07247    P*cold: -0.40753   Mu*_xs: -2.50221   Cv*/N_xs:  1.26197         E(kJ/mol): -2.843     P(bar):    0.076     
Step:  4679999    NAcc:  2340001    fAcc:  0.500      Maxd:  0.44544    E*/N:  -2.92775   P*:     0.07245    P*cold: -0.40755   Mu*_xs: -2.50190   Cv*/N_xs:  1.25836         E(kJ/mol): -2.920     P(bar):    0.062     
Step:  4699999    NAcc:  2349996    fAcc:  0.500      Maxd:  0.30618    E*/N:  -2.92087   P*:     0.07262    P*cold: -0.40738   Mu*_xs: -2.50184   Cv*/N_xs:  1.25742         E(kJ/mol): -2.913     P(bar):    0.092     
Step:  4719999    NAcc:  2360000    fAcc:  0.500      Maxd:  1.34317    E*/N:  -2.92548   P*:     0.07270    P*cold: -0.40730   Mu*_xs: -2.50166   Cv*/N_xs:  1.27240         E(kJ/mol): -2.918     P(bar):    0.085     
Step:  4739999    NAcc:  2370001    fAcc:  0.500      Maxd:  1.44293    E*/N:  -2.96290   P*:     0.07272    P*cold: -0.40728   Mu*_xs: -2.50103   Cv*/N_xs:  1.29421         E(kJ/mol): -2.955     P(bar):    0.002     
Step:  4759999    NAcc:  2380000    fAcc:  0.500      Maxd:  0.63159    E*/N:  -2.96341   P*:     0.07290    P*cold: -0.40710   Mu*_xs: -2.50069   Cv*/N_xs:  1.32014         E(kJ/mol): -2.956     P(bar):    0.048     
Step:  4779999    NAcc:  2390001    fAcc:  0.500      Maxd:  2.63009    E*/N:  -2.99071   P*:     0.07284    P*cold: -0.40716   Mu*_xs: -2.50000   Cv*/N_xs:  1.35056         E(kJ/mol): -2.983     P(bar):    0.062     
Step:  4799999    NAcc:  2400001    fAcc:  0.500      Maxd:  0.50188    E*/N:  -2.96128   P*:     0.07314    P*cold: -0.40686   Mu*_xs: -2.49876   Cv*/N_xs:  1.39277         E(kJ/mol): -2.954     P(bar):    0.163     
Step:  4819999    NAcc:  2410001    fAcc:  0.500      Maxd:  0.48887    E*/N:  -2.88350   P*:     0.07354    P*cold: -0.40646   Mu*_xs: -2.49733   Cv*/N_xs:  1.40495         E(kJ/mol): -2.876     P(bar):    0.117     
Step:  4839999    NAcc:  2420001    fAcc:  0.500      Maxd:  0.71036    E*/N:  -2.95490   P*:     0.07367    P*cold: -0.40633   Mu*_xs: -2.49657   Cv*/N_xs:  1.43713         E(kJ/mol): -2.947     P(bar):    0.055     
Step:  4859999    NAcc:  2430001    fAcc:  0.500      Maxd:  0.52690    E*/N:  -2.93569   P*:     0.07364    P*cold: -0.40636   Mu*_xs: -2.49536   Cv*/N_xs:  1.46374         E(kJ/mol): -2.928     P(bar):    0.127     
Step:  4879999    NAcc:  2440001    fAcc:  0.500      Maxd:  0.62771    E*/N:  -2.92788   P*:     0.07354    P*cold: -0.40646   Mu*_xs: -2.49424   Cv*/N_xs:  1.48407         E(kJ/mol): -2.920     P(bar):    0.108     
Step:  4899999    NAcc:  2450000    fAcc:  0.500      Maxd:  0.31987    E*/N:  -3.02141   P*:     0.07379    P*cold: -0.40621   Mu*_xs: -2.49430   Cv*/N_xs:  1.50567         E(kJ/mol): -3.013     P(bar):    -0.005    
Step:  4919999    NAcc:  2460000    fAcc:  0.500      Maxd:  1.59881    E*/N:  -2.97625   P*:     0.07426    P*cold: -0.40574   Mu*_xs: -2.49381   Cv*/N_xs:  1.52792         E(kJ/mol): -2.968     P(bar):    0.064     
Step:  4939999    NAcc:  2470000    fAcc:  0.500      Maxd:  2.40608    E*/N:  -2.93586   P*:     0.07435    P*cold: -0.40565   Mu*_xs: -2.49397   Cv*/N_xs:  1.54226         E(kJ/mol): -2.928     P(bar):    0.077     
Step:  4959999    NAcc:  2480000    fAcc:  0.500      Maxd:  0.46539    E*/N:  -2.97812   P*:     0.07453    P*cold: -0.40547   Mu*_xs: -2.49520   Cv*/N_xs:  1.54663         E(kJ/mol): -2.970     P(bar):    -0.050    
Step:  4979999    NAcc:  2490000    fAcc:  0.500      Maxd:  0.32874    E*/N:  -2.88582   P*:     0.07437    P*cold: -0.40563   Mu*_xs: -2.49477   Cv*/N_xs:  1.55350         E(kJ/mol): -2.878     P(bar):    0.035     
Step:  4999999    NAcc:  2499998    fAcc:  0.500      Maxd:  0.57165    E*/N:  -2.87056   P*:     0.07426    P*cold: -0.40574   Mu*_xs: -2.49416   Cv*/N_xs:  1.55399         E(kJ/mol): -2.863     P(bar):    0.186     
# Computed average properties: 
 # E*/N:  -2.85637  
 # P*:     0.07426   
 # Cv*/N_xs:   1.55399        
 # Mu*_xs:  -2.49416  
