# Number of atoms:       500
# Atom type:             Ar
# Molar Mass (g/mol):    39.948
# Density (g/cm^3):      1.35068
# LJ sigma (Angstrom):   3.4
# LJ epsilon/kB (K):     120
# LJ cutoff (Angstrom):  13.6
# LJ cutoff (sigma):     4
# Temperature (K):       144
# Number MC steps:       5e+06
# Output frequency:      20000
# Num. den. (atoms/Ang): 0.0203542
# Box length (x):        29.0696
# Box length (y):        29.0696
# Box length (z):        29.0696
# Init. spacing (Ang):   3.22995
# reduc. density (rho*): 0.8
# reduc. temp (T*):      1.2
Step:  19999      NAcc:  7416       fAcc:  0.371      Maxd:  0.26184    E*/N:  -3.69322   P*:     nan        P*cold: nan        Mu*_xs: -0.00000   Cv*/N_xs:  0.00000         E(kJ/mol): -3.684     P(bar):    8.997     
Step:  39999      NAcc:  18054      fAcc:  0.451      Maxd:  0.26184    E*/N:  -4.89946   P*:     nan        P*cold: nan        Mu*_xs: -0.00000   Cv*/N_xs:  0.00000         E(kJ/mol): -4.887     P(bar):    3.813     
Step:  59999      NAcc:  29637      fAcc:  0.494      Maxd:  0.26184    E*/N:  -5.07618   P*:     nan        P*cold: nan        Mu*_xs: -0.00000   Cv*/N_xs:  0.00000         E(kJ/mol): -5.063     P(bar):    2.966     
Step:  79999      NAcc:  39997      fAcc:  0.500      Maxd:  0.25326    E*/N:  -5.20085   P*:     nan        P*cold: nan        Mu*_xs: -0.00000   Cv*/N_xs:  0.00000         E(kJ/mol): -5.187     P(bar):    2.213     
Step:  99999      NAcc:  50000      fAcc:  0.500      Maxd:  0.27214    E*/N:  -5.21627   P*:     nan        P*cold: nan        Mu*_xs: -0.00000   Cv*/N_xs:  0.00000         E(kJ/mol): -5.203     P(bar):    2.138     
Step:  119999     NAcc:  60002      fAcc:  0.500      Maxd:  0.79708    E*/N:  -5.32461   P*:     nan        P*cold: nan        Mu*_xs: -0.00000   Cv*/N_xs:  0.00000         E(kJ/mol): -5.311     P(bar):    1.658     
Step:  139999     NAcc:  69997      fAcc:  0.500      Maxd:  0.25416    E*/N:  -5.28011   P*:     nan        P*cold: nan        Mu*_xs: -0.00000   Cv*/N_xs:  0.00000         E(kJ/mol): -5.266     P(bar):    1.761     
Step:  159999     NAcc:  80002      fAcc:  0.500      Maxd:  0.72637    E*/N:  -5.27185   P*:     nan        P*cold: nan        Mu*_xs: -0.00000   Cv*/N_xs:  0.00000         E(kJ/mol): -5.258     P(bar):    1.744     
Step:  179999     NAcc:  90000      fAcc:  0.500      Maxd:  0.27779    E*/N:  -5.29437   P*:     nan        P*cold: nan        Mu*_xs: -0.00000   Cv*/N_xs:  0.00000         E(kJ/mol): -5.281     P(bar):    1.689     
Step:  199999     NAcc:  100001     fAcc:  0.500      Maxd:  0.35215    E*/N:  -5.24463   P*:     nan        P*cold: nan        Mu*_xs: -0.00000   Cv*/N_xs:  0.00000         E(kJ/mol): -5.231     P(bar):    1.899     
Step:  219999     NAcc:  110000     fAcc:  0.500      Maxd:  0.37378    E*/N:  -5.28279   P*:     nan        P*cold: nan        Mu*_xs: -0.00000   Cv*/N_xs:  0.00000         E(kJ/mol): -5.269     P(bar):    1.661     
Step:  239999     NAcc:  119998     fAcc:  0.500      Maxd:  0.27441    E*/N:  -5.26066   P*:     nan        P*cold: nan        Mu*_xs: -0.00000   Cv*/N_xs:  0.00000         E(kJ/mol): -5.247     P(bar):    1.832     
Step:  259999     NAcc:  129999     fAcc:  0.500      Maxd:  0.43965    E*/N:  -5.22501   P*:     nan        P*cold: nan        Mu*_xs: -0.00000   Cv*/N_xs:  0.00000         E(kJ/mol): -5.211     P(bar):    1.940     
Step:  279999     NAcc:  139998     fAcc:  0.500      Maxd:  0.28600    E*/N:  -5.25776   P*:     nan        P*cold: nan        Mu*_xs: -0.00000   Cv*/N_xs:  0.00000         E(kJ/mol): -5.244     P(bar):    1.894     
Step:  299999     NAcc:  149995     fAcc:  0.500      Maxd:  0.25329    E*/N:  -5.23663   P*:     nan        P*cold: nan        Mu*_xs: -0.00000   Cv*/N_xs:  0.00000         E(kJ/mol): -5.223     P(bar):    1.848     
Step:  319999     NAcc:  159999     fAcc:  0.500      Maxd:  0.23905    E*/N:  -5.19054   P*:     nan        P*cold: nan        Mu*_xs: -0.00000   Cv*/N_xs:  0.00000         E(kJ/mol): -5.177     P(bar):    1.948     
Step:  339999     NAcc:  170001     fAcc:  0.500      Maxd:  0.52523    E*/N:  -5.17597   P*:     nan        P*cold: nan        Mu*_xs: -0.00000   Cv*/N_xs:  0.00000         E(kJ/mol): -5.162     P(bar):    2.124     
Step:  359999     NAcc:  179999     fAcc:  0.500      Maxd:  0.28266    E*/N:  -5.22319   P*:     nan        P*cold: nan        Mu*_xs: -0.00000   Cv*/N_xs:  0.00000         E(kJ/mol): -5.210     P(bar):    2.022     
Step:  379999     NAcc:  190000     fAcc:  0.500      Maxd:  0.49946    E*/N:  -5.21443   P*:     nan        P*cold: nan        Mu*_xs: -0.00000   Cv*/N_xs:  0.00000         E(kJ/mol): -5.201     P(bar):    2.056     
Step:  399999     NAcc:  200000     fAcc:  0.500      Maxd:  0.24556    E*/N:  -5.24381   P*:     nan        P*cold: nan        Mu*_xs: -0.00000   Cv*/N_xs:  0.00000         E(kJ/mol): -5.230     P(bar):    1.823     
Step:  419999     NAcc:  210000     fAcc:  0.500      Maxd:  0.27790    E*/N:  -5.24083   P*:     nan        P*cold: nan        Mu*_xs: -0.00000   Cv*/N_xs:  0.00000         E(kJ/mol): -5.227     P(bar):    1.815     
Step:  439999     NAcc:  220001     fAcc:  0.500      Maxd:  0.59861    E*/N:  -5.37234   P*:     nan        P*cold: nan        Mu*_xs: -0.00000   Cv*/N_xs:  0.00000         E(kJ/mol): -5.358     P(bar):    1.385     
Step:  459999     NAcc:  229999     fAcc:  0.500      Maxd:  0.25242    E*/N:  -5.25487   P*:     nan        P*cold: nan        Mu*_xs: -0.00000   Cv*/N_xs:  0.00000         E(kJ/mol): -5.241     P(bar):    1.853     
Step:  479999     NAcc:  239999     fAcc:  0.500      Maxd:  0.25395    E*/N:  -5.21628   P*:     nan        P*cold: nan        Mu*_xs: -0.00000   Cv*/N_xs:  0.00000         E(kJ/mol): -5.203     P(bar):    1.947     
Step:  499999     NAcc:  250000     fAcc:  0.500      Maxd:  0.26460    E*/N:  -5.21221   P*:     nan        P*cold: nan        Mu*_xs: -0.00000   Cv*/N_xs:  0.00000         E(kJ/mol): -5.199     P(bar):    1.936     
Step:  519999     NAcc:  260001     fAcc:  0.500      Maxd:  0.81603    E*/N:  -5.23354   P*:     nan        P*cold: nan        Mu*_xs: -0.00000   Cv*/N_xs:  0.00000         E(kJ/mol): -5.220     P(bar):    1.826     
Step:  539999     NAcc:  269998     fAcc:  0.500      Maxd:  0.41760    E*/N:  -5.20842   P*:     nan        P*cold: nan        Mu*_xs: -0.00000   Cv*/N_xs:  0.00000         E(kJ/mol): -5.195     P(bar):    1.904     
Step:  559999     NAcc:  279998     fAcc:  0.500      Maxd:  0.31626    E*/N:  -5.26946   P*:     nan        P*cold: nan        Mu*_xs: -0.00000   Cv*/N_xs:  0.00000         E(kJ/mol): -5.256     P(bar):    1.767     
Step:  579999     NAcc:  290000     fAcc:  0.500      Maxd:  0.26861    E*/N:  -5.27194   P*:     nan        P*cold: nan        Mu*_xs: -0.00000   Cv*/N_xs:  0.00000         E(kJ/mol): -5.258     P(bar):    1.777     
Step:  599999     NAcc:  300000     fAcc:  0.500      Maxd:  1.02546    E*/N:  -5.16868   P*:     nan        P*cold: nan        Mu*_xs: -0.00000   Cv*/N_xs:  0.00000         E(kJ/mol): -5.155     P(bar):    2.109     
Step:  619999     NAcc:  310000     fAcc:  0.500      Maxd:  0.41564    E*/N:  -5.32808   P*:     nan        P*cold: nan        Mu*_xs: -0.00000   Cv*/N_xs:  0.00000         E(kJ/mol): -5.314     P(bar):    1.551     
Step:  639999     NAcc:  320002     fAcc:  0.500      Maxd:  0.60003    E*/N:  -5.35398   P*:     nan        P*cold: nan        Mu*_xs: -0.00000   Cv*/N_xs:  0.00000         E(kJ/mol): -5.340     P(bar):    1.438     
Step:  659999     NAcc:  330000     fAcc:  0.500      Maxd:  0.32171    E*/N:  -5.26360   P*:     nan        P*cold: nan        Mu*_xs: -0.00000   Cv*/N_xs:  0.00000         E(kJ/mol): -5.250     P(bar):    1.772     
Step:  679999     NAcc:  339998     fAcc:  0.500      Maxd:  0.26829    E*/N:  -5.19804   P*:     nan        P*cold: nan        Mu*_xs: -0.00000   Cv*/N_xs:  0.00000         E(kJ/mol): -5.184     P(bar):    1.953     
Step:  699999     NAcc:  349999     fAcc:  0.500      Maxd:  0.28109    E*/N:  -5.27441   P*:     nan        P*cold: nan        Mu*_xs: -0.00000   Cv*/N_xs:  0.00000         E(kJ/mol): -5.261     P(bar):    1.800     
Step:  719999     NAcc:  359998     fAcc:  0.500      Maxd:  0.26192    E*/N:  -5.38304   P*:     nan        P*cold: nan        Mu*_xs: -0.00000   Cv*/N_xs:  0.00000         E(kJ/mol): -5.369     P(bar):    1.367     
Step:  739999     NAcc:  370000     fAcc:  0.500      Maxd:  0.25984    E*/N:  -5.30172   P*:     nan        P*cold: nan        Mu*_xs: -0.00000   Cv*/N_xs:  0.00000         E(kJ/mol): -5.288     P(bar):    1.614     
Step:  759999     NAcc:  380000     fAcc:  0.500      Maxd:  0.26676    E*/N:  -5.32901   P*:     nan        P*cold: nan        Mu*_xs: -0.00000   Cv*/N_xs:  0.00000         E(kJ/mol): -5.315     P(bar):    1.446     
Step:  779999     NAcc:  389999     fAcc:  0.500      Maxd:  0.24727    E*/N:  -5.34560   P*:     nan        P*cold: nan        Mu*_xs: -0.00000   Cv*/N_xs:  0.00000         E(kJ/mol): -5.332     P(bar):    1.406     
Step:  799999     NAcc:  400000     fAcc:  0.500      Maxd:  0.36675    E*/N:  -5.27681   P*:     nan        P*cold: nan        Mu*_xs: -0.00000   Cv*/N_xs:  0.00000         E(kJ/mol): -5.263     P(bar):    1.731     
Step:  819999     NAcc:  410000     fAcc:  0.500      Maxd:  0.73836    E*/N:  -5.37287   P*:     nan        P*cold: nan        Mu*_xs: -0.00000   Cv*/N_xs:  0.00000         E(kJ/mol): -5.359     P(bar):    1.402     
Step:  839999     NAcc:  420001     fAcc:  0.500      Maxd:  0.38841    E*/N:  -5.31200   P*:     nan        P*cold: nan        Mu*_xs: -0.00000   Cv*/N_xs:  0.00000         E(kJ/mol): -5.298     P(bar):    1.554     
Step:  859999     NAcc:  429999     fAcc:  0.500      Maxd:  0.37204    E*/N:  -5.21351   P*:     nan        P*cold: nan        Mu*_xs: -0.00000   Cv*/N_xs:  0.00000         E(kJ/mol): -5.200     P(bar):    1.929     
Step:  879999     NAcc:  440000     fAcc:  0.500      Maxd:  0.25765    E*/N:  -5.28603   P*:     nan        P*cold: nan        Mu*_xs: -0.00000   Cv*/N_xs:  0.00000         E(kJ/mol): -5.272     P(bar):    1.650     
Step:  899999     NAcc:  450001     fAcc:  0.500      Maxd:  0.41259    E*/N:  -5.29981   P*:     nan        P*cold: nan        Mu*_xs: -0.00000   Cv*/N_xs:  0.00000         E(kJ/mol): -5.286     P(bar):    1.654     
Step:  919999     NAcc:  459996     fAcc:  0.500      Maxd:  0.26679    E*/N:  -5.31331   P*:     nan        P*cold: nan        Mu*_xs: -0.00000   Cv*/N_xs:  0.00000         E(kJ/mol): -5.299     P(bar):    1.521     
Step:  939999     NAcc:  470000     fAcc:  0.500      Maxd:  0.24909    E*/N:  -5.29198   P*:     nan        P*cold: nan        Mu*_xs: -0.00000   Cv*/N_xs:  0.00000         E(kJ/mol): -5.278     P(bar):    1.675     
Step:  959999     NAcc:  480000     fAcc:  0.500      Maxd:  0.47579    E*/N:  -5.29136   P*:     nan        P*cold: nan        Mu*_xs: -0.00000   Cv*/N_xs:  0.00000         E(kJ/mol): -5.278     P(bar):    1.587     
Step:  979999     NAcc:  489998     fAcc:  0.500      Maxd:  0.25864    E*/N:  -5.24778   P*:     nan        P*cold: nan        Mu*_xs: -0.00000   Cv*/N_xs:  0.00000         E(kJ/mol): -5.234     P(bar):    1.835     
Step:  999999     NAcc:  500001     fAcc:  0.500      Maxd:  1.70917    E*/N:  -5.23921   P*:     nan        P*cold: nan        Mu*_xs: -0.00000   Cv*/N_xs:  0.00000         E(kJ/mol): -5.225     P(bar):    1.779     
Step:  1019999    NAcc:  510000     fAcc:  0.500      Maxd:  0.70201    E*/N:  -5.28853   P*:     nan        P*cold: nan        Mu*_xs: -0.00000   Cv*/N_xs:  0.00000         E(kJ/mol): -5.275     P(bar):    1.678     
Step:  1039999    NAcc:  519998     fAcc:  0.500      Maxd:  0.28440    E*/N:  -5.24127   P*:     nan        P*cold: nan        Mu*_xs: -0.00000   Cv*/N_xs:  0.00000         E(kJ/mol): -5.228     P(bar):    1.831     
Step:  1059999    NAcc:  529998     fAcc:  0.500      Maxd:  0.27220    E*/N:  -5.30564   P*:     nan        P*cold: nan        Mu*_xs: -0.00000   Cv*/N_xs:  0.00000         E(kJ/mol): -5.292     P(bar):    1.584     
Step:  1079999    NAcc:  540000     fAcc:  0.500      Maxd:  0.24688    E*/N:  -5.30392   P*:     nan        P*cold: nan        Mu*_xs: -0.00000   Cv*/N_xs:  0.00000         E(kJ/mol): -5.290     P(bar):    1.597     
Step:  1099999    NAcc:  550000     fAcc:  0.500      Maxd:  0.25511    E*/N:  -5.26567   P*:     nan        P*cold: nan        Mu*_xs: -0.00000   Cv*/N_xs:  0.00000         E(kJ/mol): -5.252     P(bar):    1.790     
Step:  1119999    NAcc:  559999     fAcc:  0.500      Maxd:  0.27821    E*/N:  -5.26625   P*:     nan        P*cold: nan        Mu*_xs: -0.00000   Cv*/N_xs:  0.00000         E(kJ/mol): -5.252     P(bar):    1.775     
Step:  1139999    NAcc:  570000     fAcc:  0.500      Maxd:  0.27814    E*/N:  -5.34793   P*:     nan        P*cold: nan        Mu*_xs: -0.00000   Cv*/N_xs:  0.00000         E(kJ/mol): -5.334     P(bar):    1.374     
Step:  1159999    NAcc:  579998     fAcc:  0.500      Maxd:  0.26469    E*/N:  -5.32058   P*:     nan        P*cold: nan        Mu*_xs: -0.00000   Cv*/N_xs:  0.00000         E(kJ/mol): -5.307     P(bar):    1.532     
Step:  1179999    NAcc:  589999     fAcc:  0.500      Maxd:  0.25621    E*/N:  -5.27457   P*:     nan        P*cold: nan        Mu*_xs: -0.00000   Cv*/N_xs:  0.00000         E(kJ/mol): -5.261     P(bar):    1.661     
Step:  1199999    NAcc:  600001     fAcc:  0.500      Maxd:  0.80395    E*/N:  -5.20654   P*:     nan        P*cold: nan        Mu*_xs: -0.00000   Cv*/N_xs:  0.00000         E(kJ/mol): -5.193     P(bar):    2.074     
Step:  1219999    NAcc:  609997     fAcc:  0.500      Maxd:  0.24346    E*/N:  -5.27314   P*:     nan        P*cold: nan        Mu*_xs: -0.00000   Cv*/N_xs:  0.00000         E(kJ/mol): -5.259     P(bar):    1.710     
Step:  1239999    NAcc:  619999     fAcc:  0.500      Maxd:  0.23821    E*/N:  -5.26624   P*:     nan        P*cold: nan        Mu*_xs: -0.00000   Cv*/N_xs:  0.00000         E(kJ/mol): -5.252     P(bar):    1.839     
Step:  1259999    NAcc:  630000     fAcc:  0.500      Maxd:  0.35465    E*/N:  -5.29715   P*:     nan        P*cold: nan        Mu*_xs: -0.00000   Cv*/N_xs:  0.00000         E(kJ/mol): -5.283     P(bar):    1.734     
Step:  1279999    NAcc:  640000     fAcc:  0.500      Maxd:  0.27319    E*/N:  -5.19379   P*:     nan        P*cold: nan        Mu*_xs: -0.00000   Cv*/N_xs:  0.00000         E(kJ/mol): -5.180     P(bar):    2.063     
Step:  1299999    NAcc:  649998     fAcc:  0.500      Maxd:  0.23768    E*/N:  -5.26626   P*:     nan        P*cold: nan        Mu*_xs: -0.00000   Cv*/N_xs:  0.00000         E(kJ/mol): -5.252     P(bar):    1.782     
Step:  1319999    NAcc:  659999     fAcc:  0.500      Maxd:  0.27183    E*/N:  -5.22617   P*:     nan        P*cold: nan        Mu*_xs: -0.00000   Cv*/N_xs:  0.00000         E(kJ/mol): -5.212     P(bar):    1.911     
Step:  1339999    NAcc:  670000     fAcc:  0.500      Maxd:  0.24439    E*/N:  -5.25051   P*:     nan        P*cold: nan        Mu*_xs: -0.00000   Cv*/N_xs:  0.00000         E(kJ/mol): -5.237     P(bar):    1.858     
Step:  1359999    NAcc:  679995     fAcc:  0.500      Maxd:  0.28302    E*/N:  -5.26629   P*:     nan        P*cold: nan        Mu*_xs: -0.00000   Cv*/N_xs:  0.00000         E(kJ/mol): -5.252     P(bar):    1.786     
Step:  1379999    NAcc:  690001     fAcc:  0.500      Maxd:  0.33490    E*/N:  -5.23489   P*:     nan        P*cold: nan        Mu*_xs: -0.00000   Cv*/N_xs:  0.00000         E(kJ/mol): -5.221     P(bar):    1.889     
Step:  1399999    NAcc:  699999     fAcc:  0.500      Maxd:  0.29072    E*/N:  -5.37167   P*:     nan        P*cold: nan        Mu*_xs: -0.00000   Cv*/N_xs:  0.00000         E(kJ/mol): -5.358     P(bar):    1.366     
Step:  1419999    NAcc:  709998     fAcc:  0.500      Maxd:  0.27665    E*/N:  -5.28622   P*:     nan        P*cold: nan        Mu*_xs: -0.00000   Cv*/N_xs:  0.00000         E(kJ/mol): -5.272     P(bar):    1.610     
Step:  1439999    NAcc:  720000     fAcc:  0.500      Maxd:  0.28811    E*/N:  -5.25366   P*:     nan        P*cold: nan        Mu*_xs: -0.00000   Cv*/N_xs:  0.00000         E(kJ/mol): -5.240     P(bar):    1.806     
Step:  1459999    NAcc:  730000     fAcc:  0.500      Maxd:  0.26840    E*/N:  -5.26073   P*:     nan        P*cold: nan        Mu*_xs: -0.00000   Cv*/N_xs:  0.00000         E(kJ/mol): -5.247     P(bar):    1.762     
Step:  1479999    NAcc:  739998     fAcc:  0.500      Maxd:  0.28625    E*/N:  -5.32314   P*:     nan        P*cold: nan        Mu*_xs: -0.00000   Cv*/N_xs:  0.00000         E(kJ/mol): -5.309     P(bar):    1.505     
Step:  1499999    NAcc:  749997     fAcc:  0.500      Maxd:  0.27618    E*/N:  -5.32664   P*:     nan        P*cold: nan        Mu*_xs: -0.00000   Cv*/N_xs:  0.00000         E(kJ/mol): -5.313     P(bar):    1.537     
Step:  1519999    NAcc:  760001     fAcc:  0.500      Maxd:  0.53071    E*/N:  -5.24425   P*:     nan        P*cold: nan        Mu*_xs: -0.00000   Cv*/N_xs:  0.00000         E(kJ/mol): -5.231     P(bar):    1.809     
Step:  1539999    NAcc:  769999     fAcc:  0.500      Maxd:  0.28086    E*/N:  -5.29821   P*:     nan        P*cold: nan        Mu*_xs: -0.00000   Cv*/N_xs:  0.00000         E(kJ/mol): -5.284     P(bar):    1.630     
Step:  1559999    NAcc:  779999     fAcc:  0.500      Maxd:  0.25213    E*/N:  -5.27446   P*:     nan        P*cold: nan        Mu*_xs: -0.00000   Cv*/N_xs:  0.00000         E(kJ/mol): -5.261     P(bar):    1.706     
Step:  1579999    NAcc:  790001     fAcc:  0.500      Maxd:  0.43231    E*/N:  -5.13600   P*:     nan        P*cold: nan        Mu*_xs: -0.00000   Cv*/N_xs:  0.00000         E(kJ/mol): -5.123     P(bar):    2.242     
Step:  1599999    NAcc:  800000     fAcc:  0.500      Maxd:  0.48644    E*/N:  -5.22697   P*:     nan        P*cold: nan        Mu*_xs: -0.00000   Cv*/N_xs:  0.00000         E(kJ/mol): -5.213     P(bar):    1.843     
Step:  1619999    NAcc:  809997     fAcc:  0.500      Maxd:  0.28915    E*/N:  -5.20764   P*:     nan        P*cold: nan        Mu*_xs: -0.00000   Cv*/N_xs:  0.00000         E(kJ/mol): -5.194     P(bar):    1.950     
Step:  1639999    NAcc:  819997     fAcc:  0.500      Maxd:  0.24504    E*/N:  -5.31714   P*:     nan        P*cold: nan        Mu*_xs: -0.00000   Cv*/N_xs:  0.00000         E(kJ/mol): -5.303     P(bar):    1.605     
Step:  1659999    NAcc:  829997     fAcc:  0.500      Maxd:  0.28215    E*/N:  -5.18840   P*:     nan        P*cold: nan        Mu*_xs: -0.00000   Cv*/N_xs:  0.00000         E(kJ/mol): -5.175     P(bar):    1.991     
Step:  1679999    NAcc:  839997     fAcc:  0.500      Maxd:  0.26238    E*/N:  -5.28346   P*:     nan        P*cold: nan        Mu*_xs: -0.00000   Cv*/N_xs:  0.00000         E(kJ/mol): -5.270     P(bar):    1.682     
Step:  1699999    NAcc:  850000     fAcc:  0.500      Maxd:  0.48805    E*/N:  -5.30031   P*:     nan        P*cold: nan        Mu*_xs: -0.00000   Cv*/N_xs:  0.00000         E(kJ/mol): -5.286     P(bar):    1.600     
Step:  1719999    NAcc:  860000     fAcc:  0.500      Maxd:  0.24103    E*/N:  -5.24479   P*:     nan        P*cold: nan        Mu*_xs: -0.00000   Cv*/N_xs:  0.00000         E(kJ/mol): -5.231     P(bar):    1.760     
Step:  1739999    NAcc:  869999     fAcc:  0.500      Maxd:  0.45718    E*/N:  -5.15569   P*:     nan        P*cold: nan        Mu*_xs: -0.00000   Cv*/N_xs:  0.00000         E(kJ/mol): -5.142     P(bar):    2.229     
Step:  1759999    NAcc:  880000     fAcc:  0.500      Maxd:  0.26993    E*/N:  -5.23840   P*:     nan        P*cold: nan        Mu*_xs: -0.00000   Cv*/N_xs:  0.00000         E(kJ/mol): -5.225     P(bar):    1.897     
Step:  1779999    NAcc:  889998     fAcc:  0.500      Maxd:  0.36493    E*/N:  -5.19591   P*:     nan        P*cold: nan        Mu*_xs: -0.00000   Cv*/N_xs:  0.00000         E(kJ/mol): -5.182     P(bar):    1.975     
Step:  1799999    NAcc:  900000     fAcc:  0.500      Maxd:  0.51122    E*/N:  -5.28017   P*:     nan        P*cold: nan        Mu*_xs: -0.00000   Cv*/N_xs:  0.00000         E(kJ/mol): -5.266     P(bar):    1.751     
Step:  1819999    NAcc:  909997     fAcc:  0.500      Maxd:  0.29005    E*/N:  -5.37338   P*:     nan        P*cold: nan        Mu*_xs: -0.00000   Cv*/N_xs:  0.00000         E(kJ/mol): -5.359     P(bar):    1.390     
Step:  1839999    NAcc:  920000     fAcc:  0.500      Maxd:  0.25662    E*/N:  -5.30445   P*:     nan        P*cold: nan        Mu*_xs: -0.00000   Cv*/N_xs:  0.00000         E(kJ/mol): -5.291     P(bar):    1.712     
Step:  1859999    NAcc:  929998     fAcc:  0.500      Maxd:  0.42924    E*/N:  -5.29761   P*:     nan        P*cold: nan        Mu*_xs: -0.00000   Cv*/N_xs:  0.00000         E(kJ/mol): -5.284     P(bar):    1.712     
Step:  1879999    NAcc:  940000     fAcc:  0.500      Maxd:  0.24330    E*/N:  -5.22894   P*:     nan        P*cold: nan        Mu*_xs: -0.00000   Cv*/N_xs:  0.00000         E(kJ/mol): -5.215     P(bar):    1.965     
Step:  1899999    NAcc:  949998     fAcc:  0.500      Maxd:  0.36779    E*/N:  -5.26734   P*:     nan        P*cold: nan        Mu*_xs: -0.00000   Cv*/N_xs:  0.00000         E(kJ/mol): -5.254     P(bar):    1.770     
Step:  1919999    NAcc:  959999     fAcc:  0.500      Maxd:  0.27507    E*/N:  -5.27526   P*:     nan        P*cold: nan        Mu*_xs: -0.00000   Cv*/N_xs:  0.00000         E(kJ/mol): -5.261     P(bar):    1.734     
Step:  1939999    NAcc:  970002     fAcc:  0.500      Maxd:  1.00482    E*/N:  -5.24058   P*:     nan        P*cold: nan        Mu*_xs: -0.00000   Cv*/N_xs:  0.00000         E(kJ/mol): -5.227     P(bar):    1.817     
Step:  1959999    NAcc:  979997     fAcc:  0.500      Maxd:  0.28913    E*/N:  -5.26741   P*:     nan        P*cold: nan        Mu*_xs: -0.00000   Cv*/N_xs:  0.00000         E(kJ/mol): -5.254     P(bar):    1.736     
Step:  1979999    NAcc:  990000     fAcc:  0.500      Maxd:  1.00484    E*/N:  -5.28814   P*:     nan        P*cold: nan        Mu*_xs: -0.00000   Cv*/N_xs:  0.00000         E(kJ/mol): -5.274     P(bar):    1.740     
Step:  1999999    NAcc:  999998     fAcc:  0.500      Maxd:  0.25504    E*/N:  -5.27624   P*:     nan        P*cold: nan        Mu*_xs: -0.00000   Cv*/N_xs:  0.00000         E(kJ/mol): -5.262     P(bar):    1.786     
Step:  2019999    NAcc:  1009997    fAcc:  0.500      Maxd:  0.24681    E*/N:  -5.14717   P*:     2.09598    P*cold: 1.13598    Mu*_xs: -0.44981   Cv*/N_xs:  0.70983         E(kJ/mol): -5.134     P(bar):    2.311     
Step:  2039999    NAcc:  1020001    fAcc:  0.500      Maxd:  1.05887    E*/N:  -5.25190   P*:     2.19388    P*cold: 1.23388    Mu*_xs: -0.48925   Cv*/N_xs:  0.69797         E(kJ/mol): -5.238     P(bar):    1.855     
Step:  2059999    NAcc:  1030000    fAcc:  0.500      Maxd:  0.26244    E*/N:  -5.22451   P*:     2.21246    P*cold: 1.25246    Mu*_xs: -0.45469   Cv*/N_xs:  0.68435         E(kJ/mol): -5.211     P(bar):    1.900     
Step:  2079999    NAcc:  1039998    fAcc:  0.500      Maxd:  0.27344    E*/N:  -5.26665   P*:     2.15489    P*cold: 1.19489    Mu*_xs: -0.17854   Cv*/N_xs:  0.77068         E(kJ/mol): -5.253     P(bar):    1.778     
Step:  2099999    NAcc:  1049997    fAcc:  0.500      Maxd:  0.27065    E*/N:  -5.30708   P*:     2.15264    P*cold: 1.19264    Mu*_xs: -0.04140   Cv*/N_xs:  0.77417         E(kJ/mol): -5.293     P(bar):    1.612     
Step:  2119999    NAcc:  1059999    fAcc:  0.500      Maxd:  0.26655    E*/N:  -5.26943   P*:     2.15137    P*cold: 1.19137    Mu*_xs: -0.14652   Cv*/N_xs:  0.72708         E(kJ/mol): -5.256     P(bar):    1.883     
Step:  2139999    NAcc:  1069999    fAcc:  0.500      Maxd:  0.28829    E*/N:  -5.24930   P*:     2.13619    P*cold: 1.17619    Mu*_xs: -0.18744   Cv*/N_xs:  0.79137         E(kJ/mol): -5.236     P(bar):    1.782     
Step:  2159999    NAcc:  1079999    fAcc:  0.500      Maxd:  0.28981    E*/N:  -5.29477   P*:     2.11384    P*cold: 1.15384    Mu*_xs: -0.17075   Cv*/N_xs:  0.82856         E(kJ/mol): -5.281     P(bar):    1.617     
Step:  2179999    NAcc:  1090000    fAcc:  0.500      Maxd:  0.26390    E*/N:  -5.36625   P*:     2.08466    P*cold: 1.12466    Mu*_xs: -0.22643   Cv*/N_xs:  0.89519         E(kJ/mol): -5.352     P(bar):    1.360     
Step:  2199999    NAcc:  1099997    fAcc:  0.500      Maxd:  0.26931    E*/N:  -5.30042   P*:     2.05700    P*cold: 1.09700    Mu*_xs: -0.18556   Cv*/N_xs:  0.97418         E(kJ/mol): -5.287     P(bar):    1.632     
Step:  2219999    NAcc:  1110000    fAcc:  0.500      Maxd:  0.25431    E*/N:  -5.29549   P*:     2.07245    P*cold: 1.11245    Mu*_xs: -0.30703   Cv*/N_xs:  0.94608         E(kJ/mol): -5.282     P(bar):    1.744     
Step:  2239999    NAcc:  1119998    fAcc:  0.500      Maxd:  0.28990    E*/N:  -5.17832   P*:     2.09780    P*cold: 1.13780    Mu*_xs: -0.31203   Cv*/N_xs:  1.08575         E(kJ/mol): -5.165     P(bar):    2.081     
Step:  2259999    NAcc:  1129999    fAcc:  0.500      Maxd:  0.23590    E*/N:  -5.22885   P*:     2.11264    P*cold: 1.15264    Mu*_xs: -0.48681   Cv*/N_xs:  1.10925         E(kJ/mol): -5.215     P(bar):    1.874     
Step:  2279999    NAcc:  1140000    fAcc:  0.500      Maxd:  0.37682    E*/N:  -5.30437   P*:     2.11096    P*cold: 1.15096    Mu*_xs: -0.48697   Cv*/N_xs:  1.07116         E(kJ/mol): -5.290     P(bar):    1.645     
Step:  2299999    NAcc:  1150001    fAcc:  0.500      Maxd:  0.74825    E*/N:  -5.22771   P*:     2.11021    P*cold: 1.15021    Mu*_xs: -0.65046   Cv*/N_xs:  1.04442         E(kJ/mol): -5.214     P(bar):    1.896     
Step:  2319999    NAcc:  1160002    fAcc:  0.500      Maxd:  0.53870    E*/N:  -5.23173   P*:     2.11540    P*cold: 1.15540    Mu*_xs: -0.60951   Cv*/N_xs:  1.01374         E(kJ/mol): -5.218     P(bar):    1.838     
Step:  2339999    NAcc:  1170001    fAcc:  0.500      Maxd:  0.40684    E*/N:  -5.25045   P*:     2.10859    P*cold: 1.14859    Mu*_xs: -0.57224   Cv*/N_xs:  0.99856         E(kJ/mol): -5.237     P(bar):    1.768     
Step:  2359999    NAcc:  1180000    fAcc:  0.500      Maxd:  0.27575    E*/N:  -5.25316   P*:     2.10697    P*cold: 1.14697    Mu*_xs: -0.60173   Cv*/N_xs:  0.96767         E(kJ/mol): -5.239     P(bar):    1.846     
Step:  2379999    NAcc:  1190001    fAcc:  0.500      Maxd:  0.73270    E*/N:  -5.29587   P*:     2.10111    P*cold: 1.14111    Mu*_xs: -0.56049   Cv*/N_xs:  0.96771         E(kJ/mol): -5.282     P(bar):    1.564     
Step:  2399999    NAcc:  1200000    fAcc:  0.500      Maxd:  0.24730    E*/N:  -5.20176   P*:     2.09174    P*cold: 1.13174    Mu*_xs: -0.52626   Cv*/N_xs:  0.95988         E(kJ/mol): -5.188     P(bar):    2.015     
Step:  2419999    NAcc:  1209996    fAcc:  0.500      Maxd:  0.28971    E*/N:  -5.24152   P*:     2.10215    P*cold: 1.14215    Mu*_xs: -0.50209   Cv*/N_xs:  0.98130         E(kJ/mol): -5.228     P(bar):    1.848     
Step:  2439999    NAcc:  1220000    fAcc:  0.500      Maxd:  0.28733    E*/N:  -5.32329   P*:     2.10353    P*cold: 1.14353    Mu*_xs: -0.51154   Cv*/N_xs:  0.97545         E(kJ/mol): -5.309     P(bar):    1.540     
Step:  2459999    NAcc:  1229998    fAcc:  0.500      Maxd:  0.36689    E*/N:  -5.33049   P*:     2.09907    P*cold: 1.13907    Mu*_xs: -0.50513   Cv*/N_xs:  0.99571         E(kJ/mol): -5.317     P(bar):    1.507     
Step:  2479999    NAcc:  1240002    fAcc:  0.500      Maxd:  0.69694    E*/N:  -5.31385   P*:     2.09687    P*cold: 1.13687    Mu*_xs: -0.52187   Cv*/N_xs:  0.97530         E(kJ/mol): -5.300     P(bar):    1.559     
Step:  2499999    NAcc:  1250000    fAcc:  0.500      Maxd:  0.25949    E*/N:  -5.33132   P*:     2.09018    P*cold: 1.13018    Mu*_xs: -0.49115   Cv*/N_xs:  0.98667         E(kJ/mol): -5.317     P(bar):    1.532     
Step:  2519999    NAcc:  1259998    fAcc:  0.500      Maxd:  0.24515    E*/N:  -5.25714   P*:     2.08435    P*cold: 1.12435    Mu*_xs: -0.50430   Cv*/N_xs:  0.98595         E(kJ/mol): -5.243     P(bar):    1.807     
Step:  2539999    NAcc:  1269997    fAcc:  0.500      Maxd:  0.23458    E*/N:  -5.30702   P*:     2.07986    P*cold: 1.11986    Mu*_xs: -0.51225   Cv*/N_xs:  0.97170         E(kJ/mol): -5.293     P(bar):    1.546     
Step:  2559999    NAcc:  1280000    fAcc:  0.500      Maxd:  0.28915    E*/N:  -5.31435   P*:     2.07696    P*cold: 1.11696    Mu*_xs: -0.49357   Cv*/N_xs:  0.95740         E(kJ/mol): -5.300     P(bar):    1.595     
Step:  2579999    NAcc:  1289998    fAcc:  0.500      Maxd:  0.27516    E*/N:  -5.22499   P*:     2.07167    P*cold: 1.11167    Mu*_xs: -0.50183   Cv*/N_xs:  0.94740         E(kJ/mol): -5.211     P(bar):    1.933     
Step:  2599999    NAcc:  1299999    fAcc:  0.500      Maxd:  0.25989    E*/N:  -5.22858   P*:     2.06942    P*cold: 1.10942    Mu*_xs: -0.55118   Cv*/N_xs:  0.93016         E(kJ/mol): -5.215     P(bar):    1.878     
Step:  2619999    NAcc:  1309999    fAcc:  0.500      Maxd:  0.24541    E*/N:  -5.27019   P*:     2.06993    P*cold: 1.10993    Mu*_xs: -0.52551   Cv*/N_xs:  0.91073         E(kJ/mol): -5.256     P(bar):    1.675     
Step:  2639999    NAcc:  1319998    fAcc:  0.500      Maxd:  0.28535    E*/N:  -5.15063   P*:     2.07856    P*cold: 1.11856    Mu*_xs: -0.52878   Cv*/N_xs:  1.00861         E(kJ/mol): -5.137     P(bar):    2.156     
Step:  2659999    NAcc:  1330000    fAcc:  0.500      Maxd:  1.19781    E*/N:  -5.24026   P*:     2.08302    P*cold: 1.12302    Mu*_xs: -0.51222   Cv*/N_xs:  1.03613         E(kJ/mol): -5.227     P(bar):    1.783     
Step:  2679999    NAcc:  1339999    fAcc:  0.500      Maxd:  0.27250    E*/N:  -5.32757   P*:     2.08050    P*cold: 1.12050    Mu*_xs: -0.47960   Cv*/N_xs:  1.03100         E(kJ/mol): -5.314     P(bar):    1.395     
Step:  2699999    NAcc:  1350000    fAcc:  0.500      Maxd:  0.81615    E*/N:  -5.35182   P*:     2.07524    P*cold: 1.11524    Mu*_xs: -0.47743   Cv*/N_xs:  1.04929         E(kJ/mol): -5.338     P(bar):    1.438     
Step:  2719999    NAcc:  1359995    fAcc:  0.500      Maxd:  0.27408    E*/N:  -5.35249   P*:     2.06778    P*cold: 1.10778    Mu*_xs: -0.45484   Cv*/N_xs:  1.06453         E(kJ/mol): -5.338     P(bar):    1.364     
Step:  2739999    NAcc:  1370002    fAcc:  0.500      Maxd:  0.50802    E*/N:  -5.33130   P*:     2.06137    P*cold: 1.10137    Mu*_xs: -0.44337   Cv*/N_xs:  1.06601         E(kJ/mol): -5.317     P(bar):    1.441     
Step:  2759999    NAcc:  1379999    fAcc:  0.500      Maxd:  0.25636    E*/N:  -5.29301   P*:     2.05701    P*cold: 1.09701    Mu*_xs: -0.45800   Cv*/N_xs:  1.07124         E(kJ/mol): -5.279     P(bar):    1.636     
Step:  2779999    NAcc:  1389999    fAcc:  0.500      Maxd:  0.65376    E*/N:  -5.28933   P*:     2.05622    P*cold: 1.09622    Mu*_xs: -0.45670   Cv*/N_xs:  1.06014         E(kJ/mol): -5.275     P(bar):    1.670     
Step:  2799999    NAcc:  1400001    fAcc:  0.500      Maxd:  0.79104    E*/N:  -5.24251   P*:     2.06214    P*cold: 1.10214    Mu*_xs: -0.45331   Cv*/N_xs:  1.07119         E(kJ/mol): -5.229     P(bar):    1.838     
Step:  2819999    NAcc:  1410000    fAcc:  0.500      Maxd:  0.24159    E*/N:  -5.27910   P*:     2.07036    P*cold: 1.11036    Mu*_xs: -0.44299   Cv*/N_xs:  1.12447         E(kJ/mol): -5.265     P(bar):    1.692     
Step:  2839999    NAcc:  1419999    fAcc:  0.500      Maxd:  0.26732    E*/N:  -5.28539   P*:     2.07066    P*cold: 1.11066    Mu*_xs: -0.46623   Cv*/N_xs:  1.11024         E(kJ/mol): -5.272     P(bar):    1.774     
Step:  2859999    NAcc:  1430000    fAcc:  0.500      Maxd:  0.44479    E*/N:  -5.22200   P*:     2.07094    P*cold: 1.11094    Mu*_xs: -0.46611   Cv*/N_xs:  1.09904         E(kJ/mol): -5.208     P(bar):    1.941     
Step:  2879999    NAcc:  1439999    fAcc:  0.500      Maxd:  0.27029    E*/N:  -5.23381   P*:     2.06986    P*cold: 1.10986    Mu*_xs: -0.47993   Cv*/N_xs:  1.08885         E(kJ/mol): -5.220     P(bar):    1.911     
Step:  2899999    NAcc:  1450001    fAcc:  0.500      Maxd:  0.57196    E*/N:  -5.22720   P*:     2.07517    P*cold: 1.11517    Mu*_xs: -0.49081   Cv*/N_xs:  1.10953         E(kJ/mol): -5.214     P(bar):    1.883     
Step:  2919999    NAcc:  1460000    fAcc:  0.500      Maxd:  0.48349    E*/N:  -5.25429   P*:     2.07858    P*cold: 1.11858    Mu*_xs: -0.47199   Cv*/N_xs:  1.10664         E(kJ/mol): -5.241     P(bar):    1.771     
Step:  2939999    NAcc:  1469998    fAcc:  0.500      Maxd:  0.23463    E*/N:  -5.32273   P*:     2.08122    P*cold: 1.12122    Mu*_xs: -0.50571   Cv*/N_xs:  1.10091         E(kJ/mol): -5.309     P(bar):    1.425     
Step:  2959999    NAcc:  1480001    fAcc:  0.500      Maxd:  0.39990    E*/N:  -5.22657   P*:     2.08073    P*cold: 1.12073    Mu*_xs: -0.50145   Cv*/N_xs:  1.09329         E(kJ/mol): -5.213     P(bar):    1.911     
Step:  2979999    NAcc:  1490001    fAcc:  0.500      Maxd:  0.71624    E*/N:  -5.17105   P*:     2.08176    P*cold: 1.12176    Mu*_xs: -0.51769   Cv*/N_xs:  1.08334         E(kJ/mol): -5.158     P(bar):    2.081     
Step:  2999999    NAcc:  1500001    fAcc:  0.500      Maxd:  0.59717    E*/N:  -5.24902   P*:     2.08222    P*cold: 1.12222    Mu*_xs: -0.50528   Cv*/N_xs:  1.07641         E(kJ/mol): -5.235     P(bar):    1.929     
Step:  3019999    NAcc:  1509998    fAcc:  0.500      Maxd:  0.26983    E*/N:  -5.24655   P*:     2.08278    P*cold: 1.12278    Mu*_xs: -0.53485   Cv*/N_xs:  1.06387         E(kJ/mol): -5.233     P(bar):    1.936     
Step:  3039999    NAcc:  1520000    fAcc:  0.500      Maxd:  0.25982    E*/N:  -5.20547   P*:     2.08611    P*cold: 1.12611    Mu*_xs: -0.51724   Cv*/N_xs:  1.05970         E(kJ/mol): -5.192     P(bar):    2.007     
Step:  3059999    NAcc:  1529999    fAcc:  0.500      Maxd:  0.24943    E*/N:  -5.25045   P*:     2.08894    P*cold: 1.12894    Mu*_xs: -0.50453   Cv*/N_xs:  1.06269         E(kJ/mol): -5.237     P(bar):    1.786     
Step:  3079999    NAcc:  1539998    fAcc:  0.500      Maxd:  0.25775    E*/N:  -5.20061   P*:     2.08888    P*cold: 1.12888    Mu*_xs: -0.50055   Cv*/N_xs:  1.05293         E(kJ/mol): -5.187     P(bar):    2.037     
Step:  3099999    NAcc:  1550000    fAcc:  0.500      Maxd:  0.25423    E*/N:  -5.20868   P*:     2.08908    P*cold: 1.12908    Mu*_xs: -0.49008   Cv*/N_xs:  1.04421         E(kJ/mol): -5.195     P(bar):    2.008     
Step:  3119999    NAcc:  1559999    fAcc:  0.500      Maxd:  0.28053    E*/N:  -5.21192   P*:     2.09222    P*cold: 1.13222    Mu*_xs: -0.47110   Cv*/N_xs:  1.04469         E(kJ/mol): -5.198     P(bar):    1.948     
Step:  3139999    NAcc:  1569999    fAcc:  0.500      Maxd:  0.28215    E*/N:  -5.28695   P*:     2.09365    P*cold: 1.13365    Mu*_xs: -0.48614   Cv*/N_xs:  1.04208         E(kJ/mol): -5.273     P(bar):    1.705     
Step:  3159999    NAcc:  1579998    fAcc:  0.500      Maxd:  0.27990    E*/N:  -5.28314   P*:     2.09605    P*cold: 1.13605    Mu*_xs: -0.46913   Cv*/N_xs:  1.04856         E(kJ/mol): -5.269     P(bar):    1.751     
Step:  3179999    NAcc:  1589996    fAcc:  0.500      Maxd:  0.25861    E*/N:  -5.29700   P*:     2.09702    P*cold: 1.13702    Mu*_xs: -0.46668   Cv*/N_xs:  1.03644         E(kJ/mol): -5.283     P(bar):    1.690     
Step:  3199999    NAcc:  1599999    fAcc:  0.500      Maxd:  0.26885    E*/N:  -5.28947   P*:     2.09936    P*cold: 1.13936    Mu*_xs: -0.46789   Cv*/N_xs:  1.03017         E(kJ/mol): -5.276     P(bar):    1.647     
Step:  3219999    NAcc:  1609997    fAcc:  0.500      Maxd:  0.24920    E*/N:  -5.24992   P*:     2.09984    P*cold: 1.13984    Mu*_xs: -0.45295   Cv*/N_xs:  1.02093         E(kJ/mol): -5.236     P(bar):    1.854     
Step:  3239999    NAcc:  1619999    fAcc:  0.500      Maxd:  0.26260    E*/N:  -5.27393   P*:     2.09843    P*cold: 1.13843    Mu*_xs: -0.45577   Cv*/N_xs:  1.01745         E(kJ/mol): -5.260     P(bar):    1.675     
Step:  3259999    NAcc:  1630000    fAcc:  0.500      Maxd:  0.27734    E*/N:  -5.31281   P*:     2.09655    P*cold: 1.13655    Mu*_xs: -0.45256   Cv*/N_xs:  1.01192         E(kJ/mol): -5.299     P(bar):    1.574     
Step:  3279999    NAcc:  1640000    fAcc:  0.500      Maxd:  0.27817    E*/N:  -5.29078   P*:     2.09516    P*cold: 1.13516    Mu*_xs: -0.45226   Cv*/N_xs:  1.00724         E(kJ/mol): -5.277     P(bar):    1.691     
Step:  3299999    NAcc:  1649999    fAcc:  0.500      Maxd:  0.27804    E*/N:  -5.22941   P*:     2.09367    P*cold: 1.13367    Mu*_xs: -0.45702   Cv*/N_xs:  1.00056         E(kJ/mol): -5.216     P(bar):    1.881     
Step:  3319999    NAcc:  1660001    fAcc:  0.500      Maxd:  0.53148    E*/N:  -5.20478   P*:     2.09484    P*cold: 1.13484    Mu*_xs: -0.45733   Cv*/N_xs:  0.99490         E(kJ/mol): -5.191     P(bar):    1.897     
Step:  3339999    NAcc:  1670001    fAcc:  0.500      Maxd:  0.36394    E*/N:  -5.34053   P*:     2.09460    P*cold: 1.13460    Mu*_xs: -0.45887   Cv*/N_xs:  0.99886         E(kJ/mol): -5.327     P(bar):    1.414     
Step:  3359999    NAcc:  1680000    fAcc:  0.500      Maxd:  0.28624    E*/N:  -5.25268   P*:     2.09360    P*cold: 1.13360    Mu*_xs: -0.48185   Cv*/N_xs:  0.99842         E(kJ/mol): -5.239     P(bar):    1.746     
Step:  3379999    NAcc:  1689997    fAcc:  0.500      Maxd:  0.25478    E*/N:  -5.22163   P*:     2.09491    P*cold: 1.13491    Mu*_xs: -0.46876   Cv*/N_xs:  0.99756         E(kJ/mol): -5.208     P(bar):    1.923     
Step:  3399999    NAcc:  1699998    fAcc:  0.500      Maxd:  0.28106    E*/N:  -5.28275   P*:     2.09603    P*cold: 1.13603    Mu*_xs: -0.51648   Cv*/N_xs:  0.98963         E(kJ/mol): -5.269     P(bar):    1.756     
Step:  3419999    NAcc:  1710002    fAcc:  0.500      Maxd:  0.56911    E*/N:  -5.27912   P*:     2.09499    P*cold: 1.13499    Mu*_xs: -0.51897   Cv*/N_xs:  0.98389         E(kJ/mol): -5.265     P(bar):    1.696     
Step:  3439999    NAcc:  1719998    fAcc:  0.500      Maxd:  0.23896    E*/N:  -5.26088   P*:     2.09596    P*cold: 1.13596    Mu*_xs: -0.53730   Cv*/N_xs:  0.97961         E(kJ/mol): -5.247     P(bar):    1.754     
Step:  3459999    NAcc:  1730000    fAcc:  0.500      Maxd:  0.26296    E*/N:  -5.16588   P*:     2.09528    P*cold: 1.13528    Mu*_xs: -0.54691   Cv*/N_xs:  0.98282         E(kJ/mol): -5.152     P(bar):    2.114     
Step:  3479999    NAcc:  1739999    fAcc:  0.500      Maxd:  0.95866    E*/N:  -5.27256   P*:     2.09616    P*cold: 1.13616    Mu*_xs: -0.55437   Cv*/N_xs:  0.98619         E(kJ/mol): -5.259     P(bar):    1.694     
Step:  3499999    NAcc:  1750000    fAcc:  0.500      Maxd:  0.26990    E*/N:  -5.26437   P*:     2.09637    P*cold: 1.13637    Mu*_xs: -0.54519   Cv*/N_xs:  0.97573         E(kJ/mol): -5.251     P(bar):    1.825     
Step:  3519999    NAcc:  1759999    fAcc:  0.500      Maxd:  0.23963    E*/N:  -5.26862   P*:     2.09793    P*cold: 1.13793    Mu*_xs: -0.56652   Cv*/N_xs:  0.97260         E(kJ/mol): -5.255     P(bar):    1.828     
Step:  3539999    NAcc:  1769999    fAcc:  0.500      Maxd:  0.26211    E*/N:  -5.24783   P*:     2.09880    P*cold: 1.13880    Mu*_xs: -0.56321   Cv*/N_xs:  0.96556         E(kJ/mol): -5.234     P(bar):    1.858     
Step:  3559999    NAcc:  1780000    fAcc:  0.500      Maxd:  0.48987    E*/N:  -5.26537   P*:     2.09906    P*cold: 1.13906    Mu*_xs: -0.55897   Cv*/N_xs:  0.96214         E(kJ/mol): -5.252     P(bar):    1.754     
Step:  3579999    NAcc:  1790000    fAcc:  0.500      Maxd:  0.25056    E*/N:  -5.18946   P*:     2.10342    P*cold: 1.14342    Mu*_xs: -0.55934   Cv*/N_xs:  0.98181         E(kJ/mol): -5.176     P(bar):    2.061     
Step:  3599999    NAcc:  1799997    fAcc:  0.500      Maxd:  0.25564    E*/N:  -5.17533   P*:     2.10621    P*cold: 1.14621    Mu*_xs: -0.55580   Cv*/N_xs:  0.98598         E(kJ/mol): -5.162     P(bar):    2.089     
Step:  3619999    NAcc:  1809999    fAcc:  0.500      Maxd:  0.35349    E*/N:  -5.23709   P*:     2.10612    P*cold: 1.14612    Mu*_xs: -0.55009   Cv*/N_xs:  0.97771         E(kJ/mol): -5.223     P(bar):    1.850     
Step:  3639999    NAcc:  1819998    fAcc:  0.500      Maxd:  0.24236    E*/N:  -5.32021   P*:     2.10571    P*cold: 1.14571    Mu*_xs: -0.54278   Cv*/N_xs:  0.97442         E(kJ/mol): -5.306     P(bar):    1.526     
Step:  3659999    NAcc:  1829998    fAcc:  0.500      Maxd:  0.23649    E*/N:  -5.32753   P*:     2.10602    P*cold: 1.14602    Mu*_xs: -0.53063   Cv*/N_xs:  0.96667         E(kJ/mol): -5.314     P(bar):    1.552     
Step:  3679999    NAcc:  1840000    fAcc:  0.500      Maxd:  1.62794    E*/N:  -5.32818   P*:     2.10230    P*cold: 1.14230    Mu*_xs: -0.51830   Cv*/N_xs:  0.98257         E(kJ/mol): -5.314     P(bar):    1.521     
Step:  3699999    NAcc:  1849999    fAcc:  0.500      Maxd:  0.27928    E*/N:  -5.22986   P*:     2.10321    P*cold: 1.14321    Mu*_xs: -0.51307   Cv*/N_xs:  0.98135         E(kJ/mol): -5.216     P(bar):    1.927     
Step:  3719999    NAcc:  1860000    fAcc:  0.500      Maxd:  0.61793    E*/N:  -5.22299   P*:     2.10231    P*cold: 1.14231    Mu*_xs: -0.50554   Cv*/N_xs:  0.98040         E(kJ/mol): -5.209     P(bar):    1.828     
Step:  3739999    NAcc:  1869999    fAcc:  0.500      Maxd:  0.26504    E*/N:  -5.31110   P*:     2.09957    P*cold: 1.13957    Mu*_xs: -0.50319   Cv*/N_xs:  0.98967         E(kJ/mol): -5.297     P(bar):    1.542     
Step:  3759999    NAcc:  1880001    fAcc:  0.500      Maxd:  0.34116    E*/N:  -5.25050   P*:     2.09852    P*cold: 1.13852    Mu*_xs: -0.50124   Cv*/N_xs:  0.98768         E(kJ/mol): -5.237     P(bar):    1.889     
Step:  3779999    NAcc:  1889999    fAcc:  0.500      Maxd:  0.26077    E*/N:  -5.27613   P*:     2.09890    P*cold: 1.13890    Mu*_xs: -0.50164   Cv*/N_xs:  0.98417         E(kJ/mol): -5.262     P(bar):    1.728     
Step:  3799999    NAcc:  1899997    fAcc:  0.500      Maxd:  0.28063    E*/N:  -5.35620   P*:     2.09849    P*cold: 1.13849    Mu*_xs: -0.50441   Cv*/N_xs:  0.98110         E(kJ/mol): -5.342     P(bar):    1.333     
Step:  3819999    NAcc:  1910000    fAcc:  0.500      Maxd:  0.27239    E*/N:  -5.28968   P*:     2.09900    P*cold: 1.13900    Mu*_xs: -0.51498   Cv*/N_xs:  0.98181         E(kJ/mol): -5.276     P(bar):    1.750     
Step:  3839999    NAcc:  1919996    fAcc:  0.500      Maxd:  0.26800    E*/N:  -5.31211   P*:     2.09676    P*cold: 1.13676    Mu*_xs: -0.51276   Cv*/N_xs:  0.98216         E(kJ/mol): -5.298     P(bar):    1.578     
Step:  3859999    NAcc:  1929998    fAcc:  0.500      Maxd:  0.25395    E*/N:  -5.18045   P*:     2.09796    P*cold: 1.13796    Mu*_xs: -0.53152   Cv*/N_xs:  0.98457         E(kJ/mol): -5.167     P(bar):    1.991     
Step:  3879999    NAcc:  1939998    fAcc:  0.500      Maxd:  0.24197    E*/N:  -5.19964   P*:     2.10025    P*cold: 1.14025    Mu*_xs: -0.53558   Cv*/N_xs:  0.99099         E(kJ/mol): -5.186     P(bar):    2.026     
Step:  3899999    NAcc:  1949999    fAcc:  0.500      Maxd:  1.08759    E*/N:  -5.30124   P*:     2.10180    P*cold: 1.14180    Mu*_xs: -0.54531   Cv*/N_xs:  0.99806         E(kJ/mol): -5.287     P(bar):    1.602     
Step:  3919999    NAcc:  1960001    fAcc:  0.500      Maxd:  0.39960    E*/N:  -5.20483   P*:     2.10158    P*cold: 1.14158    Mu*_xs: -0.54555   Cv*/N_xs:  0.99355         E(kJ/mol): -5.191     P(bar):    2.034     
Step:  3939999    NAcc:  1969998    fAcc:  0.500      Maxd:  0.24083    E*/N:  -5.21723   P*:     2.10029    P*cold: 1.14029    Mu*_xs: -0.54545   Cv*/N_xs:  0.99628         E(kJ/mol): -5.204     P(bar):    1.986     
Step:  3959999    NAcc:  1979995    fAcc:  0.500      Maxd:  0.46150    E*/N:  -5.41429   P*:     2.09891    P*cold: 1.13891    Mu*_xs: -0.54079   Cv*/N_xs:  1.00589         E(kJ/mol): -5.400     P(bar):    1.283     
Step:  3979999    NAcc:  1989998    fAcc:  0.500      Maxd:  0.25099    E*/N:  -5.30885   P*:     2.09866    P*cold: 1.13866    Mu*_xs: -0.54762   Cv*/N_xs:  1.01159         E(kJ/mol): -5.295     P(bar):    1.637     
Step:  3999999    NAcc:  2000000    fAcc:  0.500      Maxd:  0.28143    E*/N:  -5.29062   P*:     2.09800    P*cold: 1.13800    Mu*_xs: -0.55461   Cv*/N_xs:  1.00825         E(kJ/mol): -5.277     P(bar):    1.697     
Step:  4019999    NAcc:  2009999    fAcc:  0.500      Maxd:  1.94898    E*/N:  -5.15351   P*:     2.09904    P*cold: 1.13904    Mu*_xs: -0.56195   Cv*/N_xs:  1.01022         E(kJ/mol): -5.140     P(bar):    2.191     
Step:  4039999    NAcc:  2019991    fAcc:  0.500      Maxd:  0.26389    E*/N:  -5.21151   P*:     2.10186    P*cold: 1.14186    Mu*_xs: -0.55536   Cv*/N_xs:  1.02438         E(kJ/mol): -5.198     P(bar):    1.907     
Step:  4059999    NAcc:  2030000    fAcc:  0.500      Maxd:  0.28102    E*/N:  -5.22878   P*:     2.10167    P*cold: 1.14167    Mu*_xs: -0.54571   Cv*/N_xs:  1.01977         E(kJ/mol): -5.215     P(bar):    1.924     
Step:  4079999    NAcc:  2039999    fAcc:  0.500      Maxd:  0.26344    E*/N:  -5.25638   P*:     2.10252    P*cold: 1.14252    Mu*_xs: -0.55597   Cv*/N_xs:  1.02146         E(kJ/mol): -5.243     P(bar):    1.742     
Step:  4099999    NAcc:  2049998    fAcc:  0.500      Maxd:  0.27229    E*/N:  -5.25946   P*:     2.10360    P*cold: 1.14360    Mu*_xs: -0.56106   Cv*/N_xs:  1.02721         E(kJ/mol): -5.246     P(bar):    1.875     
Step:  4119999    NAcc:  2059995    fAcc:  0.500      Maxd:  0.27175    E*/N:  -5.26045   P*:     2.10452    P*cold: 1.14452    Mu*_xs: -0.55794   Cv*/N_xs:  1.02550         E(kJ/mol): -5.247     P(bar):    1.751     
Step:  4139999    NAcc:  2070001    fAcc:  0.500      Maxd:  1.14302    E*/N:  -5.28983   P*:     2.10525    P*cold: 1.14525    Mu*_xs: -0.55012   Cv*/N_xs:  1.02314         E(kJ/mol): -5.276     P(bar):    1.724     
Step:  4159999    NAcc:  2080000    fAcc:  0.500      Maxd:  0.27020    E*/N:  -5.20387   P*:     2.10528    P*cold: 1.14528    Mu*_xs: -0.53975   Cv*/N_xs:  1.01595         E(kJ/mol): -5.190     P(bar):    1.953     
Step:  4179999    NAcc:  2090000    fAcc:  0.500      Maxd:  0.72826    E*/N:  -5.33283   P*:     2.10576    P*cold: 1.14576    Mu*_xs: -0.54024   Cv*/N_xs:  1.01469         E(kJ/mol): -5.319     P(bar):    1.552     
Step:  4199999    NAcc:  2100000    fAcc:  0.500      Maxd:  0.28730    E*/N:  -5.22343   P*:     2.10572    P*cold: 1.14572    Mu*_xs: -0.53691   Cv*/N_xs:  1.01328         E(kJ/mol): -5.210     P(bar):    1.945     
Step:  4219999    NAcc:  2110000    fAcc:  0.500      Maxd:  0.23798    E*/N:  -5.33396   P*:     2.10606    P*cold: 1.14606    Mu*_xs: -0.53250   Cv*/N_xs:  1.01154         E(kJ/mol): -5.320     P(bar):    1.581     
Step:  4239999    NAcc:  2119998    fAcc:  0.500      Maxd:  0.26333    E*/N:  -5.05238   P*:     2.10870    P*cold: 1.14870    Mu*_xs: -0.52532   Cv*/N_xs:  1.03022         E(kJ/mol): -5.039     P(bar):    2.641     
Step:  4259999    NAcc:  2130000    fAcc:  0.500      Maxd:  0.98657    E*/N:  -5.28863   P*:     2.11224    P*cold: 1.15224    Mu*_xs: -0.52965   Cv*/N_xs:  1.05544         E(kJ/mol): -5.275     P(bar):    1.700     
Step:  4279999    NAcc:  2139999    fAcc:  0.500      Maxd:  0.66701    E*/N:  -5.25708   P*:     2.11321    P*cold: 1.15321    Mu*_xs: -0.52886   Cv*/N_xs:  1.05417         E(kJ/mol): -5.243     P(bar):    1.823     
Step:  4299999    NAcc:  2149997    fAcc:  0.500      Maxd:  0.23859    E*/N:  -5.14308   P*:     2.11491    P*cold: 1.15491    Mu*_xs: -0.52428   Cv*/N_xs:  1.05934         E(kJ/mol): -5.130     P(bar):    2.191     
Step:  4319999    NAcc:  2159999    fAcc:  0.500      Maxd:  0.24136    E*/N:  -5.27428   P*:     2.11576    P*cold: 1.15576    Mu*_xs: -0.52007   Cv*/N_xs:  1.05701         E(kJ/mol): -5.260     P(bar):    1.860     
Step:  4339999    NAcc:  2170000    fAcc:  0.500      Maxd:  0.49537    E*/N:  -5.30504   P*:     2.11571    P*cold: 1.15571    Mu*_xs: -0.51551   Cv*/N_xs:  1.06280         E(kJ/mol): -5.291     P(bar):    1.485     
Step:  4359999    NAcc:  2180001    fAcc:  0.500      Maxd:  0.34940    E*/N:  -5.36704   P*:     2.11368    P*cold: 1.15368    Mu*_xs: -0.50725   Cv*/N_xs:  1.06538         E(kJ/mol): -5.353     P(bar):    1.275     
Step:  4379999    NAcc:  2190000    fAcc:  0.500      Maxd:  0.24514    E*/N:  -5.26543   P*:     2.11123    P*cold: 1.15123    Mu*_xs: -0.50861   Cv*/N_xs:  1.06709         E(kJ/mol): -5.252     P(bar):    1.728     
Step:  4399999    NAcc:  2200000    fAcc:  0.500      Maxd:  0.25307    E*/N:  -5.27332   P*:     2.11013    P*cold: 1.15013    Mu*_xs: -0.49893   Cv*/N_xs:  1.06204         E(kJ/mol): -5.260     P(bar):    1.617     
Step:  4419999    NAcc:  2210000    fAcc:  0.500      Maxd:  0.71194    E*/N:  -5.33194   P*:     2.10880    P*cold: 1.14880    Mu*_xs: -0.49173   Cv*/N_xs:  1.05937         E(kJ/mol): -5.318     P(bar):    1.456     
Step:  4439999    NAcc:  2219998    fAcc:  0.500      Maxd:  0.27640    E*/N:  -5.23822   P*:     2.10832    P*cold: 1.14832    Mu*_xs: -0.49333   Cv*/N_xs:  1.05829         E(kJ/mol): -5.224     P(bar):    1.880     
Step:  4459999    NAcc:  2229997    fAcc:  0.500      Maxd:  0.26408    E*/N:  -5.31419   P*:     2.10970    P*cold: 1.14970    Mu*_xs: -0.51176   Cv*/N_xs:  1.05495         E(kJ/mol): -5.300     P(bar):    1.700     
Step:  4479999    NAcc:  2239998    fAcc:  0.500      Maxd:  0.28391    E*/N:  -5.21711   P*:     2.11089    P*cold: 1.15089    Mu*_xs: -0.51571   Cv*/N_xs:  1.05091         E(kJ/mol): -5.203     P(bar):    2.004     
Step:  4499999    NAcc:  2250000    fAcc:  0.500      Maxd:  0.23406    E*/N:  -5.23051   P*:     2.11463    P*cold: 1.15463    Mu*_xs: -0.52384   Cv*/N_xs:  1.07062         E(kJ/mol): -5.217     P(bar):    1.982     
Step:  4519999    NAcc:  2259999    fAcc:  0.500      Maxd:  0.28937    E*/N:  -5.26261   P*:     2.11548    P*cold: 1.15548    Mu*_xs: -0.52413   Cv*/N_xs:  1.06739         E(kJ/mol): -5.249     P(bar):    1.780     
Step:  4539999    NAcc:  2269998    fAcc:  0.500      Maxd:  0.26602    E*/N:  -5.29148   P*:     2.11449    P*cold: 1.15449    Mu*_xs: -0.52712   Cv*/N_xs:  1.06665         E(kJ/mol): -5.278     P(bar):    1.666     
Step:  4559999    NAcc:  2279995    fAcc:  0.500      Maxd:  0.29046    E*/N:  -5.22267   P*:     2.11554    P*cold: 1.15554    Mu*_xs: -0.51941   Cv*/N_xs:  1.06540         E(kJ/mol): -5.209     P(bar):    1.981     
Step:  4579999    NAcc:  2289998    fAcc:  0.500      Maxd:  0.24615    E*/N:  -5.28873   P*:     2.11626    P*cold: 1.15626    Mu*_xs: -0.51540   Cv*/N_xs:  1.06275         E(kJ/mol): -5.275     P(bar):    1.720     
Step:  4599999    NAcc:  2300001    fAcc:  0.500      Maxd:  1.02451    E*/N:  -5.30348   P*:     2.11424    P*cold: 1.15424    Mu*_xs: -0.51636   Cv*/N_xs:  1.06770         E(kJ/mol): -5.290     P(bar):    1.602     
Step:  4619999    NAcc:  2309999    fAcc:  0.500      Maxd:  0.25032    E*/N:  -5.27792   P*:     2.11234    P*cold: 1.15234    Mu*_xs: -0.53628   Cv*/N_xs:  1.06836         E(kJ/mol): -5.264     P(bar):    1.597     
Step:  4639999    NAcc:  2319997    fAcc:  0.500      Maxd:  0.26871    E*/N:  -5.29167   P*:     2.11202    P*cold: 1.15202    Mu*_xs: -0.56460   Cv*/N_xs:  1.06723         E(kJ/mol): -5.278     P(bar):    1.698     
Step:  4659999    NAcc:  2329999    fAcc:  0.500      Maxd:  0.23519    E*/N:  -5.26343   P*:     2.11254    P*cold: 1.15254    Mu*_xs: -0.58585   Cv*/N_xs:  1.06329         E(kJ/mol): -5.250     P(bar):    1.883     
Step:  4679999    NAcc:  2339997    fAcc:  0.500      Maxd:  0.24098    E*/N:  -5.28914   P*:     2.11473    P*cold: 1.15473    Mu*_xs: -0.58749   Cv*/N_xs:  1.06804         E(kJ/mol): -5.275     P(bar):    1.709     
Step:  4699999    NAcc:  2350001    fAcc:  0.500      Maxd:  0.72572    E*/N:  -5.32117   P*:     2.11507    P*cold: 1.15507    Mu*_xs: -0.58777   Cv*/N_xs:  1.06359         E(kJ/mol): -5.307     P(bar):    1.585     
Step:  4719999    NAcc:  2359999    fAcc:  0.500      Maxd:  1.05372    E*/N:  -5.22993   P*:     2.11471    P*cold: 1.15471    Mu*_xs: -0.59480   Cv*/N_xs:  1.06210         E(kJ/mol): -5.216     P(bar):    1.927     
Step:  4739999    NAcc:  2369999    fAcc:  0.500      Maxd:  0.28466    E*/N:  -5.22831   P*:     2.11421    P*cold: 1.15421    Mu*_xs: -0.60252   Cv*/N_xs:  1.06116         E(kJ/mol): -5.215     P(bar):    1.962     
Step:  4759999    NAcc:  2380003    fAcc:  0.500      Maxd:  1.01464    E*/N:  -5.36714   P*:     2.11356    P*cold: 1.15356    Mu*_xs: -0.60414   Cv*/N_xs:  1.05997         E(kJ/mol): -5.353     P(bar):    1.413     
Step:  4779999    NAcc:  2389997    fAcc:  0.500      Maxd:  0.23621    E*/N:  -5.26298   P*:     2.11347    P*cold: 1.15347    Mu*_xs: -0.61485   Cv*/N_xs:  1.05795         E(kJ/mol): -5.249     P(bar):    1.870     
Step:  4799999    NAcc:  2399998    fAcc:  0.500      Maxd:  0.29379    E*/N:  -5.26948   P*:     2.11455    P*cold: 1.15455    Mu*_xs: -0.61173   Cv*/N_xs:  1.05577         E(kJ/mol): -5.256     P(bar):    1.824     
Step:  4819999    NAcc:  2410000    fAcc:  0.500      Maxd:  0.27742    E*/N:  -5.24203   P*:     2.11490    P*cold: 1.15490    Mu*_xs: -0.61080   Cv*/N_xs:  1.05527         E(kJ/mol): -5.228     P(bar):    1.917     
Step:  4839999    NAcc:  2419999    fAcc:  0.500      Maxd:  0.24979    E*/N:  -5.29320   P*:     2.11553    P*cold: 1.15553    Mu*_xs: -0.60454   Cv*/N_xs:  1.05173         E(kJ/mol): -5.279     P(bar):    1.672     
Step:  4859999    NAcc:  2430000    fAcc:  0.500      Maxd:  0.36688    E*/N:  -5.29606   P*:     2.11539    P*cold: 1.15539    Mu*_xs: -0.60362   Cv*/N_xs:  1.05669         E(kJ/mol): -5.282     P(bar):    1.633     
Step:  4879999    NAcc:  2440000    fAcc:  0.500      Maxd:  0.28568    E*/N:  -5.25121   P*:     2.11520    P*cold: 1.15520    Mu*_xs: -0.60778   Cv*/N_xs:  1.05922         E(kJ/mol): -5.237     P(bar):    1.876     
Step:  4899999    NAcc:  2449997    fAcc:  0.500      Maxd:  0.26720    E*/N:  -5.17405   P*:     2.11752    P*cold: 1.15752    Mu*_xs: -0.62114   Cv*/N_xs:  1.07169         E(kJ/mol): -5.160     P(bar):    2.124     
Step:  4919999    NAcc:  2459997    fAcc:  0.500      Maxd:  0.28618    E*/N:  -5.20287   P*:     2.11904    P*cold: 1.15904    Mu*_xs: -0.62233   Cv*/N_xs:  1.07368         E(kJ/mol): -5.189     P(bar):    1.990     
Step:  4939999    NAcc:  2469999    fAcc:  0.500      Maxd:  0.24781    E*/N:  -5.29149   P*:     2.11844    P*cold: 1.15844    Mu*_xs: -0.61758   Cv*/N_xs:  1.07405         E(kJ/mol): -5.278     P(bar):    1.700     
Step:  4959999    NAcc:  2480001    fAcc:  0.500      Maxd:  0.35908    E*/N:  -5.10483   P*:     2.12014    P*cold: 1.16014    Mu*_xs: -0.61663   Cv*/N_xs:  1.08139         E(kJ/mol): -5.091     P(bar):    2.434     
Step:  4979999    NAcc:  2490001    fAcc:  0.500      Maxd:  1.10938    E*/N:  -5.20243   P*:     2.12364    P*cold: 1.16364    Mu*_xs: -0.62595   Cv*/N_xs:  1.10485         E(kJ/mol): -5.189     P(bar):    2.075     
Step:  4999999    NAcc:  2500001    fAcc:  0.500      Maxd:  0.37452    E*/N:  -5.25057   P*:     2.12452    P*cold: 1.16452    Mu*_xs: -0.63886   Cv*/N_xs:  1.10069         E(kJ/mol): -5.237     P(bar):    1.876     
# Computed average properties: 
 # E*/N:  -5.25924  
 # P*:     2.12452   
 # Cv*/N_xs:   1.10069        
 # Mu*_xs:  -0.63886  
