# Number of atoms:       500
# Atom type:             Ar
# Molar Mass (g/mol):    39.948
# Density (g/cm^3):      1.51951
# LJ sigma (Angstrom):   3.4
# LJ epsilon/kB (K):     120
# LJ cutoff (Angstrom):  13.6
# LJ cutoff (sigma):     4
# Temperature (K):       144
# Number MC steps:       5e+06
# Output frequency:      20000
# Num. den. (atoms/Ang): 0.0228984
# Box length (x):        27.9504
# Box length (y):        27.9504
# Box length (z):        27.9504
# Init. spacing (Ang):   3.1056
# reduc. density (rho*): 0.9
# reduc. temp (T*):      1.2
Step:  19999      NAcc:  6262       fAcc:  0.313      Maxd:  0.25175    E*/N:  -2.59079   P*:     nan        P*cold: nan        Mu*_xs: -0.00000   Cv*/N_xs:  0.00000         E(kJ/mol): -2.584     P(bar):    17.532    
Step:  39999      NAcc:  15741      fAcc:  0.394      Maxd:  0.25175    E*/N:  -4.90178   P*:     nan        P*cold: nan        Mu*_xs: -0.00000   Cv*/N_xs:  0.00000         E(kJ/mol): -4.889     P(bar):    7.878     
Step:  59999      NAcc:  26055      fAcc:  0.434      Maxd:  0.25175    E*/N:  -5.44786   P*:     nan        P*cold: nan        Mu*_xs: -0.00000   Cv*/N_xs:  0.00000         E(kJ/mol): -5.434     P(bar):    5.503     
Step:  79999      NAcc:  36859      fAcc:  0.461      Maxd:  0.25175    E*/N:  -5.54733   P*:     nan        P*cold: nan        Mu*_xs: -0.00000   Cv*/N_xs:  0.00000         E(kJ/mol): -5.533     P(bar):    4.840     
Step:  99999      NAcc:  47656      fAcc:  0.477      Maxd:  0.25175    E*/N:  -5.50533   P*:     nan        P*cold: nan        Mu*_xs: -0.00000   Cv*/N_xs:  0.00000         E(kJ/mol): -5.491     P(bar):    4.948     
Step:  119999     NAcc:  58550      fAcc:  0.488      Maxd:  0.25175    E*/N:  -5.62522   P*:     nan        P*cold: nan        Mu*_xs: -0.00000   Cv*/N_xs:  0.00000         E(kJ/mol): -5.610     P(bar):    4.481     
Step:  139999     NAcc:  69514      fAcc:  0.497      Maxd:  0.25175    E*/N:  -5.61109   P*:     nan        P*cold: nan        Mu*_xs: -0.00000   Cv*/N_xs:  0.00000         E(kJ/mol): -5.596     P(bar):    4.531     
Step:  159999     NAcc:  80000      fAcc:  0.500      Maxd:  0.69733    E*/N:  -5.58569   P*:     nan        P*cold: nan        Mu*_xs: -0.00000   Cv*/N_xs:  0.00000         E(kJ/mol): -5.571     P(bar):    4.548     
Step:  179999     NAcc:  90000      fAcc:  0.500      Maxd:  0.22730    E*/N:  -5.66151   P*:     nan        P*cold: nan        Mu*_xs: -0.00000   Cv*/N_xs:  0.00000         E(kJ/mol): -5.647     P(bar):    4.298     
Step:  199999     NAcc:  99999      fAcc:  0.500      Maxd:  0.27662    E*/N:  -5.60948   P*:     nan        P*cold: nan        Mu*_xs: -0.00000   Cv*/N_xs:  0.00000         E(kJ/mol): -5.595     P(bar):    4.423     
Step:  219999     NAcc:  109970     fAcc:  0.500      Maxd:  0.27079    E*/N:  -5.73074   P*:     nan        P*cold: nan        Mu*_xs: -0.00000   Cv*/N_xs:  0.00000         E(kJ/mol): -5.716     P(bar):    3.954     
Step:  239999     NAcc:  119995     fAcc:  0.500      Maxd:  0.26924    E*/N:  -5.75245   P*:     nan        P*cold: nan        Mu*_xs: -0.00000   Cv*/N_xs:  0.00000         E(kJ/mol): -5.737     P(bar):    3.859     
Step:  259999     NAcc:  130000     fAcc:  0.500      Maxd:  0.25724    E*/N:  -5.71945   P*:     nan        P*cold: nan        Mu*_xs: -0.00000   Cv*/N_xs:  0.00000         E(kJ/mol): -5.704     P(bar):    4.070     
Step:  279999     NAcc:  140000     fAcc:  0.500      Maxd:  0.23092    E*/N:  -5.71550   P*:     nan        P*cold: nan        Mu*_xs: -0.00000   Cv*/N_xs:  0.00000         E(kJ/mol): -5.701     P(bar):    4.099     
Step:  299999     NAcc:  149997     fAcc:  0.500      Maxd:  0.26298    E*/N:  -5.67212   P*:     nan        P*cold: nan        Mu*_xs: -0.00000   Cv*/N_xs:  0.00000         E(kJ/mol): -5.657     P(bar):    4.286     
Step:  319999     NAcc:  159997     fAcc:  0.500      Maxd:  0.26285    E*/N:  -5.64102   P*:     nan        P*cold: nan        Mu*_xs: -0.00000   Cv*/N_xs:  0.00000         E(kJ/mol): -5.626     P(bar):    4.319     
Step:  339999     NAcc:  169994     fAcc:  0.500      Maxd:  0.27209    E*/N:  -5.58005   P*:     nan        P*cold: nan        Mu*_xs: -0.00000   Cv*/N_xs:  0.00000         E(kJ/mol): -5.565     P(bar):    4.615     
Step:  359999     NAcc:  179996     fAcc:  0.500      Maxd:  0.27892    E*/N:  -5.73698   P*:     nan        P*cold: nan        Mu*_xs: -0.00000   Cv*/N_xs:  0.00000         E(kJ/mol): -5.722     P(bar):    3.966     
Step:  379999     NAcc:  190001     fAcc:  0.500      Maxd:  0.32513    E*/N:  -5.57273   P*:     nan        P*cold: nan        Mu*_xs: -0.00000   Cv*/N_xs:  0.00000         E(kJ/mol): -5.558     P(bar):    4.622     
Step:  399999     NAcc:  199997     fAcc:  0.500      Maxd:  0.26898    E*/N:  -5.67983   P*:     nan        P*cold: nan        Mu*_xs: -0.00000   Cv*/N_xs:  0.00000         E(kJ/mol): -5.665     P(bar):    4.153     
Step:  419999     NAcc:  209993     fAcc:  0.500      Maxd:  0.27816    E*/N:  -5.69756   P*:     nan        P*cold: nan        Mu*_xs: -0.00000   Cv*/N_xs:  0.00000         E(kJ/mol): -5.683     P(bar):    4.090     
Step:  439999     NAcc:  219996     fAcc:  0.500      Maxd:  0.26784    E*/N:  -5.69897   P*:     nan        P*cold: nan        Mu*_xs: -0.00000   Cv*/N_xs:  0.00000         E(kJ/mol): -5.684     P(bar):    4.089     
Step:  459999     NAcc:  229999     fAcc:  0.500      Maxd:  0.27244    E*/N:  -5.80099   P*:     nan        P*cold: nan        Mu*_xs: -0.00000   Cv*/N_xs:  0.00000         E(kJ/mol): -5.786     P(bar):    3.613     
Step:  479999     NAcc:  239987     fAcc:  0.500      Maxd:  0.27914    E*/N:  -5.72624   P*:     nan        P*cold: nan        Mu*_xs: -0.00000   Cv*/N_xs:  0.00000         E(kJ/mol): -5.711     P(bar):    3.910     
Step:  499999     NAcc:  250001     fAcc:  0.500      Maxd:  0.37540    E*/N:  -5.79043   P*:     nan        P*cold: nan        Mu*_xs: -0.00000   Cv*/N_xs:  0.00000         E(kJ/mol): -5.775     P(bar):    3.660     
Step:  519999     NAcc:  259992     fAcc:  0.500      Maxd:  0.26926    E*/N:  -5.57660   P*:     nan        P*cold: nan        Mu*_xs: -0.00000   Cv*/N_xs:  0.00000         E(kJ/mol): -5.562     P(bar):    4.515     
Step:  539999     NAcc:  269993     fAcc:  0.500      Maxd:  0.26109    E*/N:  -5.82470   P*:     nan        P*cold: nan        Mu*_xs: -0.00000   Cv*/N_xs:  0.00000         E(kJ/mol): -5.809     P(bar):    3.509     
Step:  559999     NAcc:  279996     fAcc:  0.500      Maxd:  0.27699    E*/N:  -5.79550   P*:     nan        P*cold: nan        Mu*_xs: -0.00000   Cv*/N_xs:  0.00000         E(kJ/mol): -5.780     P(bar):    3.633     
Step:  579999     NAcc:  289999     fAcc:  0.500      Maxd:  0.25298    E*/N:  -5.67868   P*:     nan        P*cold: nan        Mu*_xs: -0.00000   Cv*/N_xs:  0.00000         E(kJ/mol): -5.664     P(bar):    4.235     
Step:  599999     NAcc:  300002     fAcc:  0.500      Maxd:  0.49436    E*/N:  -5.73444   P*:     nan        P*cold: nan        Mu*_xs: -0.00000   Cv*/N_xs:  0.00000         E(kJ/mol): -5.719     P(bar):    3.986     
Step:  619999     NAcc:  310000     fAcc:  0.500      Maxd:  0.23889    E*/N:  -5.77745   P*:     nan        P*cold: nan        Mu*_xs: -0.00000   Cv*/N_xs:  0.00000         E(kJ/mol): -5.762     P(bar):    3.760     
Step:  639999     NAcc:  319997     fAcc:  0.500      Maxd:  0.27520    E*/N:  -5.75999   P*:     nan        P*cold: nan        Mu*_xs: -0.00000   Cv*/N_xs:  0.00000         E(kJ/mol): -5.745     P(bar):    3.798     
Step:  659999     NAcc:  329981     fAcc:  0.500      Maxd:  0.27832    E*/N:  -5.74634   P*:     nan        P*cold: nan        Mu*_xs: -0.00000   Cv*/N_xs:  0.00000         E(kJ/mol): -5.731     P(bar):    3.957     
Step:  679999     NAcc:  340000     fAcc:  0.500      Maxd:  0.45367    E*/N:  -5.69547   P*:     nan        P*cold: nan        Mu*_xs: -0.00000   Cv*/N_xs:  0.00000         E(kJ/mol): -5.681     P(bar):    4.190     
Step:  699999     NAcc:  349987     fAcc:  0.500      Maxd:  0.25599    E*/N:  -5.66020   P*:     nan        P*cold: nan        Mu*_xs: -0.00000   Cv*/N_xs:  0.00000         E(kJ/mol): -5.645     P(bar):    4.328     
Step:  719999     NAcc:  359999     fAcc:  0.500      Maxd:  0.26846    E*/N:  -5.66399   P*:     nan        P*cold: nan        Mu*_xs: -0.00000   Cv*/N_xs:  0.00000         E(kJ/mol): -5.649     P(bar):    4.229     
Step:  739999     NAcc:  370001     fAcc:  0.500      Maxd:  0.61781    E*/N:  -5.56756   P*:     nan        P*cold: nan        Mu*_xs: -0.00000   Cv*/N_xs:  0.00000         E(kJ/mol): -5.553     P(bar):    4.726     
Step:  759999     NAcc:  379981     fAcc:  0.500      Maxd:  0.27811    E*/N:  -5.65936   P*:     nan        P*cold: nan        Mu*_xs: -0.00000   Cv*/N_xs:  0.00000         E(kJ/mol): -5.645     P(bar):    4.320     
Step:  779999     NAcc:  389992     fAcc:  0.500      Maxd:  0.26639    E*/N:  -5.73454   P*:     nan        P*cold: nan        Mu*_xs: -0.00000   Cv*/N_xs:  0.00000         E(kJ/mol): -5.720     P(bar):    3.978     
Step:  799999     NAcc:  400000     fAcc:  0.500      Maxd:  0.26726    E*/N:  -5.70825   P*:     nan        P*cold: nan        Mu*_xs: -0.00000   Cv*/N_xs:  0.00000         E(kJ/mol): -5.693     P(bar):    4.067     
Step:  819999     NAcc:  410000     fAcc:  0.500      Maxd:  0.24910    E*/N:  -5.75160   P*:     nan        P*cold: nan        Mu*_xs: -0.00000   Cv*/N_xs:  0.00000         E(kJ/mol): -5.737     P(bar):    3.831     
Step:  839999     NAcc:  419998     fAcc:  0.500      Maxd:  0.26229    E*/N:  -5.74366   P*:     nan        P*cold: nan        Mu*_xs: -0.00000   Cv*/N_xs:  0.00000         E(kJ/mol): -5.729     P(bar):    3.871     
Step:  859999     NAcc:  430000     fAcc:  0.500      Maxd:  0.79565    E*/N:  -5.74298   P*:     nan        P*cold: nan        Mu*_xs: -0.00000   Cv*/N_xs:  0.00000         E(kJ/mol): -5.728     P(bar):    3.934     
Step:  879999     NAcc:  439979     fAcc:  0.500      Maxd:  0.27771    E*/N:  -5.67169   P*:     nan        P*cold: nan        Mu*_xs: -0.00000   Cv*/N_xs:  0.00000         E(kJ/mol): -5.657     P(bar):    4.189     
Step:  899999     NAcc:  449998     fAcc:  0.500      Maxd:  0.25054    E*/N:  -5.75239   P*:     nan        P*cold: nan        Mu*_xs: -0.00000   Cv*/N_xs:  0.00000         E(kJ/mol): -5.737     P(bar):    3.825     
Step:  919999     NAcc:  459999     fAcc:  0.500      Maxd:  0.23282    E*/N:  -5.71766   P*:     nan        P*cold: nan        Mu*_xs: -0.00000   Cv*/N_xs:  0.00000         E(kJ/mol): -5.703     P(bar):    4.001     
Step:  939999     NAcc:  469997     fAcc:  0.500      Maxd:  0.25263    E*/N:  -5.70439   P*:     nan        P*cold: nan        Mu*_xs: -0.00000   Cv*/N_xs:  0.00000         E(kJ/mol): -5.689     P(bar):    4.066     
Step:  959999     NAcc:  480000     fAcc:  0.500      Maxd:  0.23522    E*/N:  -5.75064   P*:     nan        P*cold: nan        Mu*_xs: -0.00000   Cv*/N_xs:  0.00000         E(kJ/mol): -5.736     P(bar):    3.922     
Step:  979999     NAcc:  489996     fAcc:  0.500      Maxd:  0.26774    E*/N:  -5.75873   P*:     nan        P*cold: nan        Mu*_xs: -0.00000   Cv*/N_xs:  0.00000         E(kJ/mol): -5.744     P(bar):    3.877     
Step:  999999     NAcc:  499999     fAcc:  0.500      Maxd:  0.26990    E*/N:  -5.69884   P*:     nan        P*cold: nan        Mu*_xs: -0.00000   Cv*/N_xs:  0.00000         E(kJ/mol): -5.684     P(bar):    4.050     
Step:  1019999    NAcc:  510000     fAcc:  0.500      Maxd:  0.26178    E*/N:  -5.74424   P*:     nan        P*cold: nan        Mu*_xs: -0.00000   Cv*/N_xs:  0.00000         E(kJ/mol): -5.729     P(bar):    3.933     
Step:  1039999    NAcc:  520000     fAcc:  0.500      Maxd:  0.24095    E*/N:  -5.71679   P*:     nan        P*cold: nan        Mu*_xs: -0.00000   Cv*/N_xs:  0.00000         E(kJ/mol): -5.702     P(bar):    3.925     
Step:  1059999    NAcc:  529997     fAcc:  0.500      Maxd:  0.22588    E*/N:  -5.72587   P*:     nan        P*cold: nan        Mu*_xs: -0.00000   Cv*/N_xs:  0.00000         E(kJ/mol): -5.711     P(bar):    3.981     
Step:  1079999    NAcc:  539985     fAcc:  0.500      Maxd:  0.27786    E*/N:  -5.65475   P*:     nan        P*cold: nan        Mu*_xs: -0.00000   Cv*/N_xs:  0.00000         E(kJ/mol): -5.640     P(bar):    4.285     
Step:  1099999    NAcc:  549992     fAcc:  0.500      Maxd:  0.25743    E*/N:  -5.61263   P*:     nan        P*cold: nan        Mu*_xs: -0.00000   Cv*/N_xs:  0.00000         E(kJ/mol): -5.598     P(bar):    4.488     
Step:  1119999    NAcc:  559998     fAcc:  0.500      Maxd:  0.26028    E*/N:  -5.73789   P*:     nan        P*cold: nan        Mu*_xs: -0.00000   Cv*/N_xs:  0.00000         E(kJ/mol): -5.723     P(bar):    3.880     
Step:  1139999    NAcc:  569999     fAcc:  0.500      Maxd:  0.25340    E*/N:  -5.71007   P*:     nan        P*cold: nan        Mu*_xs: -0.00000   Cv*/N_xs:  0.00000         E(kJ/mol): -5.695     P(bar):    3.991     
Step:  1159999    NAcc:  579994     fAcc:  0.500      Maxd:  0.27675    E*/N:  -5.72723   P*:     nan        P*cold: nan        Mu*_xs: -0.00000   Cv*/N_xs:  0.00000         E(kJ/mol): -5.712     P(bar):    4.006     
Step:  1179999    NAcc:  589997     fAcc:  0.500      Maxd:  0.25989    E*/N:  -5.66895   P*:     nan        P*cold: nan        Mu*_xs: -0.00000   Cv*/N_xs:  0.00000         E(kJ/mol): -5.654     P(bar):    4.222     
Step:  1199999    NAcc:  600000     fAcc:  0.500      Maxd:  0.62693    E*/N:  -5.73829   P*:     nan        P*cold: nan        Mu*_xs: -0.00000   Cv*/N_xs:  0.00000         E(kJ/mol): -5.723     P(bar):    3.928     
Step:  1219999    NAcc:  609999     fAcc:  0.500      Maxd:  0.25641    E*/N:  -5.73631   P*:     nan        P*cold: nan        Mu*_xs: -0.00000   Cv*/N_xs:  0.00000         E(kJ/mol): -5.721     P(bar):    3.926     
Step:  1239999    NAcc:  620000     fAcc:  0.500      Maxd:  0.31700    E*/N:  -5.75104   P*:     nan        P*cold: nan        Mu*_xs: -0.00000   Cv*/N_xs:  0.00000         E(kJ/mol): -5.736     P(bar):    3.825     
Step:  1259999    NAcc:  629995     fAcc:  0.500      Maxd:  0.27822    E*/N:  -5.72667   P*:     nan        P*cold: nan        Mu*_xs: -0.00000   Cv*/N_xs:  0.00000         E(kJ/mol): -5.712     P(bar):    3.916     
Step:  1279999    NAcc:  640000     fAcc:  0.500      Maxd:  0.27690    E*/N:  -5.70408   P*:     nan        P*cold: nan        Mu*_xs: -0.00000   Cv*/N_xs:  0.00000         E(kJ/mol): -5.689     P(bar):    4.019     
Step:  1299999    NAcc:  650001     fAcc:  0.500      Maxd:  0.33521    E*/N:  -5.77636   P*:     nan        P*cold: nan        Mu*_xs: -0.00000   Cv*/N_xs:  0.00000         E(kJ/mol): -5.761     P(bar):    3.727     
Step:  1319999    NAcc:  660000     fAcc:  0.500      Maxd:  0.37784    E*/N:  -5.77641   P*:     nan        P*cold: nan        Mu*_xs: -0.00000   Cv*/N_xs:  0.00000         E(kJ/mol): -5.761     P(bar):    3.718     
Step:  1339999    NAcc:  669986     fAcc:  0.500      Maxd:  0.26075    E*/N:  -5.76841   P*:     nan        P*cold: nan        Mu*_xs: -0.00000   Cv*/N_xs:  0.00000         E(kJ/mol): -5.753     P(bar):    3.794     
Step:  1359999    NAcc:  679990     fAcc:  0.500      Maxd:  0.25693    E*/N:  -5.78582   P*:     nan        P*cold: nan        Mu*_xs: -0.00000   Cv*/N_xs:  0.00000         E(kJ/mol): -5.771     P(bar):    3.747     
Step:  1379999    NAcc:  690001     fAcc:  0.500      Maxd:  0.36620    E*/N:  -5.79073   P*:     nan        P*cold: nan        Mu*_xs: -0.00000   Cv*/N_xs:  0.00000         E(kJ/mol): -5.776     P(bar):    3.738     
Step:  1399999    NAcc:  699999     fAcc:  0.500      Maxd:  0.23343    E*/N:  -5.78925   P*:     nan        P*cold: nan        Mu*_xs: -0.00000   Cv*/N_xs:  0.00000         E(kJ/mol): -5.774     P(bar):    3.705     
Step:  1419999    NAcc:  710000     fAcc:  0.500      Maxd:  0.22370    E*/N:  -5.83225   P*:     nan        P*cold: nan        Mu*_xs: -0.00000   Cv*/N_xs:  0.00000         E(kJ/mol): -5.817     P(bar):    3.608     
Step:  1439999    NAcc:  719996     fAcc:  0.500      Maxd:  0.26378    E*/N:  -5.85395   P*:     nan        P*cold: nan        Mu*_xs: -0.00000   Cv*/N_xs:  0.00000         E(kJ/mol): -5.839     P(bar):    3.499     
Step:  1459999    NAcc:  729996     fAcc:  0.500      Maxd:  0.27498    E*/N:  -5.80873   P*:     nan        P*cold: nan        Mu*_xs: -0.00000   Cv*/N_xs:  0.00000         E(kJ/mol): -5.794     P(bar):    3.699     
Step:  1479999    NAcc:  740000     fAcc:  0.500      Maxd:  0.26372    E*/N:  -5.80327   P*:     nan        P*cold: nan        Mu*_xs: -0.00000   Cv*/N_xs:  0.00000         E(kJ/mol): -5.788     P(bar):    3.663     
Step:  1499999    NAcc:  750001     fAcc:  0.500      Maxd:  0.34528    E*/N:  -5.78762   P*:     nan        P*cold: nan        Mu*_xs: -0.00000   Cv*/N_xs:  0.00000         E(kJ/mol): -5.772     P(bar):    3.725     
Step:  1519999    NAcc:  759994     fAcc:  0.500      Maxd:  0.27623    E*/N:  -5.61267   P*:     nan        P*cold: nan        Mu*_xs: -0.00000   Cv*/N_xs:  0.00000         E(kJ/mol): -5.598     P(bar):    4.438     
Step:  1539999    NAcc:  769998     fAcc:  0.500      Maxd:  0.27741    E*/N:  -5.68423   P*:     nan        P*cold: nan        Mu*_xs: -0.00000   Cv*/N_xs:  0.00000         E(kJ/mol): -5.669     P(bar):    4.238     
Step:  1559999    NAcc:  779999     fAcc:  0.500      Maxd:  0.63315    E*/N:  -5.67647   P*:     nan        P*cold: nan        Mu*_xs: -0.00000   Cv*/N_xs:  0.00000         E(kJ/mol): -5.662     P(bar):    4.152     
Step:  1579999    NAcc:  790001     fAcc:  0.500      Maxd:  0.38446    E*/N:  -5.51905   P*:     nan        P*cold: nan        Mu*_xs: -0.00000   Cv*/N_xs:  0.00000         E(kJ/mol): -5.505     P(bar):    4.805     
Step:  1599999    NAcc:  799995     fAcc:  0.500      Maxd:  0.26169    E*/N:  -5.64388   P*:     nan        P*cold: nan        Mu*_xs: -0.00000   Cv*/N_xs:  0.00000         E(kJ/mol): -5.629     P(bar):    4.393     
Step:  1619999    NAcc:  810001     fAcc:  0.500      Maxd:  0.70887    E*/N:  -5.72002   P*:     nan        P*cold: nan        Mu*_xs: -0.00000   Cv*/N_xs:  0.00000         E(kJ/mol): -5.705     P(bar):    4.039     
Step:  1639999    NAcc:  820000     fAcc:  0.500      Maxd:  0.27431    E*/N:  -5.68837   P*:     nan        P*cold: nan        Mu*_xs: -0.00000   Cv*/N_xs:  0.00000         E(kJ/mol): -5.673     P(bar):    4.196     
Step:  1659999    NAcc:  829996     fAcc:  0.500      Maxd:  0.27721    E*/N:  -5.76691   P*:     nan        P*cold: nan        Mu*_xs: -0.00000   Cv*/N_xs:  0.00000         E(kJ/mol): -5.752     P(bar):    3.835     
Step:  1679999    NAcc:  839998     fAcc:  0.500      Maxd:  0.26387    E*/N:  -5.74340   P*:     nan        P*cold: nan        Mu*_xs: -0.00000   Cv*/N_xs:  0.00000         E(kJ/mol): -5.728     P(bar):    3.898     
Step:  1699999    NAcc:  849998     fAcc:  0.500      Maxd:  0.27693    E*/N:  -5.67376   P*:     nan        P*cold: nan        Mu*_xs: -0.00000   Cv*/N_xs:  0.00000         E(kJ/mol): -5.659     P(bar):    4.190     
Step:  1719999    NAcc:  859986     fAcc:  0.500      Maxd:  0.27342    E*/N:  -5.73654   P*:     nan        P*cold: nan        Mu*_xs: -0.00000   Cv*/N_xs:  0.00000         E(kJ/mol): -5.722     P(bar):    3.865     
Step:  1739999    NAcc:  869999     fAcc:  0.500      Maxd:  0.23522    E*/N:  -5.75469   P*:     nan        P*cold: nan        Mu*_xs: -0.00000   Cv*/N_xs:  0.00000         E(kJ/mol): -5.740     P(bar):    3.826     
Step:  1759999    NAcc:  879996     fAcc:  0.500      Maxd:  0.24842    E*/N:  -5.62384   P*:     nan        P*cold: nan        Mu*_xs: -0.00000   Cv*/N_xs:  0.00000         E(kJ/mol): -5.609     P(bar):    4.314     
Step:  1779999    NAcc:  890001     fAcc:  0.500      Maxd:  0.35700    E*/N:  -5.67922   P*:     nan        P*cold: nan        Mu*_xs: -0.00000   Cv*/N_xs:  0.00000         E(kJ/mol): -5.664     P(bar):    4.144     
Step:  1799999    NAcc:  899984     fAcc:  0.500      Maxd:  0.27945    E*/N:  -5.61041   P*:     nan        P*cold: nan        Mu*_xs: -0.00000   Cv*/N_xs:  0.00000         E(kJ/mol): -5.596     P(bar):    4.438     
Step:  1819999    NAcc:  909998     fAcc:  0.500      Maxd:  0.27715    E*/N:  -5.78471   P*:     nan        P*cold: nan        Mu*_xs: -0.00000   Cv*/N_xs:  0.00000         E(kJ/mol): -5.770     P(bar):    3.691     
Step:  1839999    NAcc:  920001     fAcc:  0.500      Maxd:  0.33821    E*/N:  -5.76124   P*:     nan        P*cold: nan        Mu*_xs: -0.00000   Cv*/N_xs:  0.00000         E(kJ/mol): -5.746     P(bar):    3.790     
Step:  1859999    NAcc:  930000     fAcc:  0.500      Maxd:  0.71265    E*/N:  -5.76199   P*:     nan        P*cold: nan        Mu*_xs: -0.00000   Cv*/N_xs:  0.00000         E(kJ/mol): -5.747     P(bar):    3.775     
Step:  1879999    NAcc:  939997     fAcc:  0.500      Maxd:  0.27118    E*/N:  -5.81972   P*:     nan        P*cold: nan        Mu*_xs: -0.00000   Cv*/N_xs:  0.00000         E(kJ/mol): -5.804     P(bar):    3.578     
Step:  1899999    NAcc:  950000     fAcc:  0.500      Maxd:  0.29856    E*/N:  -5.84089   P*:     nan        P*cold: nan        Mu*_xs: -0.00000   Cv*/N_xs:  0.00000         E(kJ/mol): -5.826     P(bar):    3.435     
Step:  1919999    NAcc:  960000     fAcc:  0.500      Maxd:  0.24614    E*/N:  -5.75261   P*:     nan        P*cold: nan        Mu*_xs: -0.00000   Cv*/N_xs:  0.00000         E(kJ/mol): -5.738     P(bar):    3.805     
Step:  1939999    NAcc:  970000     fAcc:  0.500      Maxd:  2.92120    E*/N:  -5.75349   P*:     nan        P*cold: nan        Mu*_xs: -0.00000   Cv*/N_xs:  0.00000         E(kJ/mol): -5.738     P(bar):    3.816     
Step:  1959999    NAcc:  979994     fAcc:  0.500      Maxd:  0.27862    E*/N:  -5.59892   P*:     nan        P*cold: nan        Mu*_xs: -0.00000   Cv*/N_xs:  0.00000         E(kJ/mol): -5.584     P(bar):    4.463     
Step:  1979999    NAcc:  989996     fAcc:  0.500      Maxd:  0.26369    E*/N:  -5.68253   P*:     nan        P*cold: nan        Mu*_xs: -0.00000   Cv*/N_xs:  0.00000         E(kJ/mol): -5.668     P(bar):    4.042     
Step:  1999999    NAcc:  1000000    fAcc:  0.500      Maxd:  0.25846    E*/N:  -5.75370   P*:     nan        P*cold: nan        Mu*_xs: -0.00000   Cv*/N_xs:  0.00000         E(kJ/mol): -5.739     P(bar):    3.848     
Step:  2019999    NAcc:  1009991    fAcc:  0.500      Maxd:  0.27884    E*/N:  -5.67641   P*:     4.51304    P*cold: 3.43304    Mu*_xs: 8.23214    Cv*/N_xs:  0.50903         E(kJ/mol): -5.662     P(bar):    4.145     
Step:  2039999    NAcc:  1019995    fAcc:  0.500      Maxd:  0.26435    E*/N:  -5.63957   P*:     4.79840    P*cold: 3.71840    Mu*_xs: 8.14276    Cv*/N_xs:  1.85249         E(kJ/mol): -5.625     P(bar):    4.363     
Step:  2059999    NAcc:  1029994    fAcc:  0.500      Maxd:  0.26809    E*/N:  -5.66871   P*:     4.86074    P*cold: 3.78074    Mu*_xs: 8.45958    Cv*/N_xs:  1.60356         E(kJ/mol): -5.654     P(bar):    4.166     
Step:  2079999    NAcc:  1040000    fAcc:  0.500      Maxd:  0.22515    E*/N:  -5.74562   P*:     4.81904    P*cold: 3.73904    Mu*_xs: 7.36375    Cv*/N_xs:  1.47878         E(kJ/mol): -5.731     P(bar):    3.851     
Step:  2099999    NAcc:  1049998    fAcc:  0.500      Maxd:  0.25931    E*/N:  -5.71485   P*:     4.79678    P*cold: 3.71678    Mu*_xs: 7.20804    Cv*/N_xs:  1.26748         E(kJ/mol): -5.700     P(bar):    4.062     
Step:  2119999    NAcc:  1059997    fAcc:  0.500      Maxd:  0.27627    E*/N:  -5.61556   P*:     4.88559    P*cold: 3.80559    Mu*_xs: 7.37230    Cv*/N_xs:  1.83242         E(kJ/mol): -5.601     P(bar):    4.425     
Step:  2139999    NAcc:  1069994    fAcc:  0.500      Maxd:  0.24658    E*/N:  -5.61561   P*:     4.89987    P*cold: 3.81987    Mu*_xs: 7.36305    Cv*/N_xs:  1.71681         E(kJ/mol): -5.601     P(bar):    4.378     
Step:  2159999    NAcc:  1079998    fAcc:  0.500      Maxd:  0.26836    E*/N:  -5.73312   P*:     4.94332    P*cold: 3.86332    Mu*_xs: 7.45764    Cv*/N_xs:  1.92604         E(kJ/mol): -5.718     P(bar):    3.933     
Step:  2179999    NAcc:  1090001    fAcc:  0.500      Maxd:  0.36272    E*/N:  -5.75815   P*:     4.91937    P*cold: 3.83937    Mu*_xs: 7.59803    Cv*/N_xs:  1.87713         E(kJ/mol): -5.743     P(bar):    3.846     
Step:  2199999    NAcc:  1099997    fAcc:  0.500      Maxd:  0.23578    E*/N:  -5.76106   P*:     4.88963    P*cold: 3.80963    Mu*_xs: 7.39973    Cv*/N_xs:  1.90850         E(kJ/mol): -5.746     P(bar):    3.794     
Step:  2219999    NAcc:  1109997    fAcc:  0.500      Maxd:  0.24480    E*/N:  -5.77416   P*:     4.88022    P*cold: 3.80022    Mu*_xs: 7.26088    Cv*/N_xs:  1.80880         E(kJ/mol): -5.759     P(bar):    3.891     
Step:  2239999    NAcc:  1120001    fAcc:  0.500      Maxd:  0.33893    E*/N:  -5.68294   P*:     4.88493    P*cold: 3.80493    Mu*_xs: 6.94589    Cv*/N_xs:  1.70419         E(kJ/mol): -5.668     P(bar):    4.169     
Step:  2259999    NAcc:  1129997    fAcc:  0.500      Maxd:  0.27795    E*/N:  -5.66901   P*:     4.88909    P*cold: 3.80909    Mu*_xs: 5.35853    Cv*/N_xs:  1.60219         E(kJ/mol): -5.654     P(bar):    4.318     
Step:  2279999    NAcc:  1139997    fAcc:  0.500      Maxd:  0.25558    E*/N:  -5.73489   P*:     4.89578    P*cold: 3.81578    Mu*_xs: 5.39240    Cv*/N_xs:  1.55261         E(kJ/mol): -5.720     P(bar):    3.940     
Step:  2299999    NAcc:  1149999    fAcc:  0.500      Maxd:  0.26056    E*/N:  -5.75551   P*:     4.88233    P*cold: 3.80233    Mu*_xs: 5.46618    Cv*/N_xs:  1.57430         E(kJ/mol): -5.740     P(bar):    3.863     
Step:  2319999    NAcc:  1160000    fAcc:  0.500      Maxd:  0.26490    E*/N:  -5.66477   P*:     4.87679    P*cold: 3.79679    Mu*_xs: 5.54074    Cv*/N_xs:  1.51247         E(kJ/mol): -5.650     P(bar):    4.190     
Step:  2339999    NAcc:  1169999    fAcc:  0.500      Maxd:  0.26617    E*/N:  -5.73332   P*:     4.87137    P*cold: 3.79137    Mu*_xs: 5.61283    Cv*/N_xs:  1.47302         E(kJ/mol): -5.718     P(bar):    3.854     
Step:  2359999    NAcc:  1179993    fAcc:  0.500      Maxd:  0.27823    E*/N:  -5.68604   P*:     4.86403    P*cold: 3.78403    Mu*_xs: 5.68042    Cv*/N_xs:  1.41465         E(kJ/mol): -5.671     P(bar):    4.088     
Step:  2379999    NAcc:  1190001    fAcc:  0.500      Maxd:  0.48019    E*/N:  -5.63340   P*:     4.86090    P*cold: 3.78090    Mu*_xs: 5.72758    Cv*/N_xs:  1.40093         E(kJ/mol): -5.619     P(bar):    4.276     
Step:  2399999    NAcc:  1199999    fAcc:  0.500      Maxd:  0.23798    E*/N:  -5.67840   P*:     4.85553    P*cold: 3.77553    Mu*_xs: 5.68124    Cv*/N_xs:  1.40519         E(kJ/mol): -5.664     P(bar):    4.138     
Step:  2419999    NAcc:  1210000    fAcc:  0.500      Maxd:  0.29860    E*/N:  -5.68068   P*:     4.85717    P*cold: 3.77717    Mu*_xs: 5.73901    Cv*/N_xs:  1.36347         E(kJ/mol): -5.666     P(bar):    4.091     
Step:  2439999    NAcc:  1220000    fAcc:  0.500      Maxd:  0.24451    E*/N:  -5.70675   P*:     4.85440    P*cold: 3.77440    Mu*_xs: 5.68142    Cv*/N_xs:  1.32707         E(kJ/mol): -5.692     P(bar):    3.965     
Step:  2459999    NAcc:  1229998    fAcc:  0.500      Maxd:  0.27190    E*/N:  -5.75283   P*:     4.84506    P*cold: 3.76506    Mu*_xs: 5.32600    Cv*/N_xs:  1.36930         E(kJ/mol): -5.738     P(bar):    3.833     
Step:  2479999    NAcc:  1239979    fAcc:  0.500      Maxd:  0.27915    E*/N:  -5.67909   P*:     4.84518    P*cold: 3.76518    Mu*_xs: 5.33176    Cv*/N_xs:  1.32713         E(kJ/mol): -5.664     P(bar):    4.206     
Step:  2499999    NAcc:  1249994    fAcc:  0.500      Maxd:  0.26012    E*/N:  -5.61651   P*:     4.84765    P*cold: 3.76765    Mu*_xs: 5.37662    Cv*/N_xs:  1.30651         E(kJ/mol): -5.602     P(bar):    4.327     
Step:  2519999    NAcc:  1260000    fAcc:  0.500      Maxd:  0.27410    E*/N:  -5.79504   P*:     4.84569    P*cold: 3.76569    Mu*_xs: 5.41394    Cv*/N_xs:  1.28513         E(kJ/mol): -5.780     P(bar):    3.663     
Step:  2539999    NAcc:  1269996    fAcc:  0.500      Maxd:  0.25381    E*/N:  -5.75612   P*:     4.83589    P*cold: 3.75589    Mu*_xs: 5.45923    Cv*/N_xs:  1.28371         E(kJ/mol): -5.741     P(bar):    3.811     
Step:  2559999    NAcc:  1279996    fAcc:  0.500      Maxd:  0.23327    E*/N:  -5.72198   P*:     4.83498    P*cold: 3.75498    Mu*_xs: 2.74832    Cv*/N_xs:  1.26674         E(kJ/mol): -5.707     P(bar):    4.007     
Step:  2579999    NAcc:  1289995    fAcc:  0.500      Maxd:  0.23568    E*/N:  -5.81594   P*:     4.82897    P*cold: 3.74897    Mu*_xs: 2.76322    Cv*/N_xs:  1.26963         E(kJ/mol): -5.801     P(bar):    3.667     
Step:  2599999    NAcc:  1300000    fAcc:  0.500      Maxd:  0.27335    E*/N:  -5.71823   P*:     4.81910    P*cold: 3.73910    Mu*_xs: 2.60712    Cv*/N_xs:  1.30338         E(kJ/mol): -5.703     P(bar):    3.942     
Step:  2619999    NAcc:  1309999    fAcc:  0.500      Maxd:  0.24106    E*/N:  -5.69933   P*:     4.81310    P*cold: 3.73310    Mu*_xs: 2.64618    Cv*/N_xs:  1.31620         E(kJ/mol): -5.684     P(bar):    4.142     
Step:  2639999    NAcc:  1320000    fAcc:  0.500      Maxd:  0.94525    E*/N:  -5.66415   P*:     4.81105    P*cold: 3.73105    Mu*_xs: 2.68230    Cv*/N_xs:  1.31753         E(kJ/mol): -5.649     P(bar):    4.218     
Step:  2659999    NAcc:  1330000    fAcc:  0.500      Maxd:  0.31145    E*/N:  -5.78156   P*:     4.80649    P*cold: 3.72649    Mu*_xs: 2.71918    Cv*/N_xs:  1.31025         E(kJ/mol): -5.766     P(bar):    3.768     
Step:  2679999    NAcc:  1340001    fAcc:  0.500      Maxd:  0.47485    E*/N:  -5.70118   P*:     4.80310    P*cold: 3.72310    Mu*_xs: 2.75431    Cv*/N_xs:  1.31203         E(kJ/mol): -5.686     P(bar):    4.041     
Step:  2699999    NAcc:  1349999    fAcc:  0.500      Maxd:  0.23522    E*/N:  -5.76599   P*:     4.79849    P*cold: 3.71849    Mu*_xs: 2.64520    Cv*/N_xs:  1.30098         E(kJ/mol): -5.751     P(bar):    3.838     
Step:  2719999    NAcc:  1360000    fAcc:  0.500      Maxd:  0.31138    E*/N:  -5.61620   P*:     4.79995    P*cold: 3.71995    Mu*_xs: 2.65004    Cv*/N_xs:  1.28904         E(kJ/mol): -5.601     P(bar):    4.503     
Step:  2739999    NAcc:  1369999    fAcc:  0.500      Maxd:  0.25974    E*/N:  -5.62099   P*:     4.80905    P*cold: 3.72905    Mu*_xs: 2.68289    Cv*/N_xs:  1.31445         E(kJ/mol): -5.606     P(bar):    4.344     
Step:  2759999    NAcc:  1379998    fAcc:  0.500      Maxd:  0.27439    E*/N:  -5.70203   P*:     4.81772    P*cold: 3.73772    Mu*_xs: 2.70954    Cv*/N_xs:  1.32919         E(kJ/mol): -5.687     P(bar):    4.079     
Step:  2779999    NAcc:  1390000    fAcc:  0.500      Maxd:  0.47964    E*/N:  -5.74459   P*:     4.81822    P*cold: 3.73822    Mu*_xs: 2.74066    Cv*/N_xs:  1.31235         E(kJ/mol): -5.730     P(bar):    3.936     
Step:  2799999    NAcc:  1399999    fAcc:  0.500      Maxd:  0.24325    E*/N:  -5.74044   P*:     4.81853    P*cold: 3.73853    Mu*_xs: 2.77103    Cv*/N_xs:  1.28900         E(kJ/mol): -5.725     P(bar):    3.921     
Step:  2819999    NAcc:  1409999    fAcc:  0.500      Maxd:  0.22912    E*/N:  -5.71604   P*:     4.82338    P*cold: 3.74338    Mu*_xs: 2.79982    Cv*/N_xs:  1.31772         E(kJ/mol): -5.701     P(bar):    3.992     
Step:  2839999    NAcc:  1419995    fAcc:  0.500      Maxd:  0.23981    E*/N:  -5.71690   P*:     4.82374    P*cold: 3.74374    Mu*_xs: 2.82828    Cv*/N_xs:  1.29964         E(kJ/mol): -5.702     P(bar):    3.995     
Step:  2859999    NAcc:  1429999    fAcc:  0.500      Maxd:  0.23364    E*/N:  -5.75595   P*:     4.82053    P*cold: 3.74053    Mu*_xs: 2.75867    Cv*/N_xs:  1.29516         E(kJ/mol): -5.741     P(bar):    3.837     
Step:  2879999    NAcc:  1439995    fAcc:  0.500      Maxd:  0.26842    E*/N:  -5.64635   P*:     4.82137    P*cold: 3.74137    Mu*_xs: 2.78397    Cv*/N_xs:  1.29816         E(kJ/mol): -5.632     P(bar):    4.346     
Step:  2899999    NAcc:  1450000    fAcc:  0.500      Maxd:  0.27813    E*/N:  -5.74092   P*:     4.82363    P*cold: 3.74363    Mu*_xs: 2.80854    Cv*/N_xs:  1.28441         E(kJ/mol): -5.726     P(bar):    3.881     
Step:  2919999    NAcc:  1459997    fAcc:  0.500      Maxd:  0.23683    E*/N:  -5.60166   P*:     4.82681    P*cold: 3.74681    Mu*_xs: 2.76957    Cv*/N_xs:  1.28900         E(kJ/mol): -5.587     P(bar):    4.438     
Step:  2939999    NAcc:  1469992    fAcc:  0.500      Maxd:  0.26755    E*/N:  -5.60397   P*:     4.83249    P*cold: 3.75249    Mu*_xs: 2.73207    Cv*/N_xs:  1.30070         E(kJ/mol): -5.589     P(bar):    4.425     
Step:  2959999    NAcc:  1480001    fAcc:  0.500      Maxd:  0.47631    E*/N:  -5.68516   P*:     4.83721    P*cold: 3.75721    Mu*_xs: 2.75603    Cv*/N_xs:  1.30761         E(kJ/mol): -5.670     P(bar):    4.103     
Step:  2979999    NAcc:  1489990    fAcc:  0.500      Maxd:  0.26702    E*/N:  -5.66144   P*:     4.83604    P*cold: 3.75604    Mu*_xs: 2.77271    Cv*/N_xs:  1.29551         E(kJ/mol): -5.647     P(bar):    4.215     
Step:  2999999    NAcc:  1499999    fAcc:  0.500      Maxd:  0.25576    E*/N:  -5.72555   P*:     4.83494    P*cold: 3.75494    Mu*_xs: 2.79651    Cv*/N_xs:  1.28371         E(kJ/mol): -5.711     P(bar):    3.950     
Step:  3019999    NAcc:  1509993    fAcc:  0.500      Maxd:  0.27877    E*/N:  -5.69417   P*:     4.83636    P*cold: 3.75636    Mu*_xs: 2.81806    Cv*/N_xs:  1.26973         E(kJ/mol): -5.679     P(bar):    4.091     
Step:  3039999    NAcc:  1519998    fAcc:  0.500      Maxd:  0.24788    E*/N:  -5.58894   P*:     4.83859    P*cold: 3.75859    Mu*_xs: 2.84134    Cv*/N_xs:  1.26289         E(kJ/mol): -5.574     P(bar):    4.473     
Step:  3059999    NAcc:  1529997    fAcc:  0.500      Maxd:  0.22736    E*/N:  -5.76839   P*:     4.83952    P*cold: 3.75952    Mu*_xs: 2.86371    Cv*/N_xs:  1.26698         E(kJ/mol): -5.753     P(bar):    3.777     
Step:  3079999    NAcc:  1540000    fAcc:  0.500      Maxd:  0.23803    E*/N:  -5.71029   P*:     4.83536    P*cold: 3.75536    Mu*_xs: 2.88575    Cv*/N_xs:  1.26427         E(kJ/mol): -5.695     P(bar):    3.982     
Step:  3099999    NAcc:  1549991    fAcc:  0.500      Maxd:  0.27318    E*/N:  -5.67937   P*:     4.83631    P*cold: 3.75631    Mu*_xs: 2.90713    Cv*/N_xs:  1.25977         E(kJ/mol): -5.664     P(bar):    4.201     
Step:  3119999    NAcc:  1559999    fAcc:  0.500      Maxd:  0.23970    E*/N:  -5.73481   P*:     4.83472    P*cold: 3.75472    Mu*_xs: 2.92874    Cv*/N_xs:  1.25730         E(kJ/mol): -5.720     P(bar):    3.922     
Step:  3139999    NAcc:  1569997    fAcc:  0.500      Maxd:  0.24236    E*/N:  -5.70810   P*:     4.83347    P*cold: 3.75347    Mu*_xs: 2.94968    Cv*/N_xs:  1.24781         E(kJ/mol): -5.693     P(bar):    4.058     
Step:  3159999    NAcc:  1579999    fAcc:  0.500      Maxd:  0.25660    E*/N:  -5.71774   P*:     4.83319    P*cold: 3.75319    Mu*_xs: 2.95766    Cv*/N_xs:  1.24030         E(kJ/mol): -5.703     P(bar):    3.991     
Step:  3179999    NAcc:  1589997    fAcc:  0.500      Maxd:  0.26797    E*/N:  -5.75556   P*:     4.83059    P*cold: 3.75059    Mu*_xs: 2.97817    Cv*/N_xs:  1.23126         E(kJ/mol): -5.740     P(bar):    3.783     
Step:  3199999    NAcc:  1599994    fAcc:  0.500      Maxd:  0.26817    E*/N:  -5.76623   P*:     4.83123    P*cold: 3.75123    Mu*_xs: 2.99833    Cv*/N_xs:  1.23002         E(kJ/mol): -5.751     P(bar):    3.723     
Step:  3219999    NAcc:  1609997    fAcc:  0.500      Maxd:  0.37756    E*/N:  -5.75840   P*:     4.82686    P*cold: 3.74686    Mu*_xs: 3.00556    Cv*/N_xs:  1.23771         E(kJ/mol): -5.743     P(bar):    3.853     
Step:  3239999    NAcc:  1620001    fAcc:  0.500      Maxd:  0.51648    E*/N:  -5.73008   P*:     4.82469    P*cold: 3.74469    Mu*_xs: 3.02500    Cv*/N_xs:  1.23039         E(kJ/mol): -5.715     P(bar):    3.896     
Step:  3259999    NAcc:  1629997    fAcc:  0.500      Maxd:  0.26932    E*/N:  -5.81195   P*:     4.81970    P*cold: 3.73970    Mu*_xs: 3.04420    Cv*/N_xs:  1.25053         E(kJ/mol): -5.797     P(bar):    3.596     
Step:  3279999    NAcc:  1639985    fAcc:  0.500      Maxd:  0.27823    E*/N:  -5.71916   P*:     4.81819    P*cold: 3.73819    Mu*_xs: 3.06287    Cv*/N_xs:  1.24521         E(kJ/mol): -5.704     P(bar):    4.034     
Step:  3299999    NAcc:  1649998    fAcc:  0.500      Maxd:  0.27149    E*/N:  -5.65397   P*:     4.81784    P*cold: 3.73784    Mu*_xs: 3.07993    Cv*/N_xs:  1.23983         E(kJ/mol): -5.639     P(bar):    4.228     
Step:  3319999    NAcc:  1660000    fAcc:  0.500      Maxd:  0.34424    E*/N:  -5.67747   P*:     4.82105    P*cold: 3.74105    Mu*_xs: 3.09823    Cv*/N_xs:  1.23387         E(kJ/mol): -5.663     P(bar):    4.206     
Step:  3339999    NAcc:  1670002    fAcc:  0.500      Maxd:  0.48188    E*/N:  -5.77908   P*:     4.81763    P*cold: 3.73763    Mu*_xs: 3.11488    Cv*/N_xs:  1.25456         E(kJ/mol): -5.764     P(bar):    3.778     
Step:  3359999    NAcc:  1679995    fAcc:  0.500      Maxd:  0.27943    E*/N:  -5.70204   P*:     4.81409    P*cold: 3.73409    Mu*_xs: 3.12621    Cv*/N_xs:  1.26043         E(kJ/mol): -5.687     P(bar):    4.038     
Step:  3379999    NAcc:  1690000    fAcc:  0.500      Maxd:  0.22506    E*/N:  -5.69218   P*:     4.81504    P*cold: 3.73504    Mu*_xs: 3.11559    Cv*/N_xs:  1.25946         E(kJ/mol): -5.677     P(bar):    4.094     
Step:  3399999    NAcc:  1700001    fAcc:  0.500      Maxd:  0.33920    E*/N:  -5.56553   P*:     4.81664    P*cold: 3.73664    Mu*_xs: 3.13283    Cv*/N_xs:  1.25342         E(kJ/mol): -5.551     P(bar):    4.555     
Step:  3419999    NAcc:  1710000    fAcc:  0.500      Maxd:  0.41165    E*/N:  -5.71488   P*:     4.81845    P*cold: 3.73845    Mu*_xs: 3.14985    Cv*/N_xs:  1.25003         E(kJ/mol): -5.700     P(bar):    3.992     
Step:  3439999    NAcc:  1719997    fAcc:  0.500      Maxd:  0.26819    E*/N:  -5.74242   P*:     4.81764    P*cold: 3.73764    Mu*_xs: 3.16591    Cv*/N_xs:  1.24443         E(kJ/mol): -5.727     P(bar):    3.840     
Step:  3459999    NAcc:  1729991    fAcc:  0.500      Maxd:  0.26110    E*/N:  -5.70543   P*:     4.81945    P*cold: 3.73945    Mu*_xs: 3.18245    Cv*/N_xs:  1.24124         E(kJ/mol): -5.690     P(bar):    4.021     
Step:  3479999    NAcc:  1739999    fAcc:  0.500      Maxd:  0.22422    E*/N:  -5.76814   P*:     4.81586    P*cold: 3.73586    Mu*_xs: 3.19876    Cv*/N_xs:  1.25106         E(kJ/mol): -5.753     P(bar):    3.794     
Step:  3499999    NAcc:  1749998    fAcc:  0.500      Maxd:  0.27804    E*/N:  -5.75372   P*:     4.81189    P*cold: 3.73189    Mu*_xs: 3.21485    Cv*/N_xs:  1.25837         E(kJ/mol): -5.739     P(bar):    3.740     
Step:  3519999    NAcc:  1760000    fAcc:  0.500      Maxd:  0.31137    E*/N:  -5.71798   P*:     4.80653    P*cold: 3.72653    Mu*_xs: 3.23064    Cv*/N_xs:  1.28838         E(kJ/mol): -5.703     P(bar):    3.949     
Step:  3539999    NAcc:  1769992    fAcc:  0.500      Maxd:  0.27721    E*/N:  -5.81244   P*:     4.80359    P*cold: 3.72359    Mu*_xs: 3.24633    Cv*/N_xs:  1.28461         E(kJ/mol): -5.797     P(bar):    3.575     
Step:  3559999    NAcc:  1779999    fAcc:  0.500      Maxd:  0.24600    E*/N:  -5.65660   P*:     4.80284    P*cold: 3.72284    Mu*_xs: 3.26136    Cv*/N_xs:  1.28272         E(kJ/mol): -5.642     P(bar):    4.210     
Step:  3579999    NAcc:  1789999    fAcc:  0.500      Maxd:  0.22986    E*/N:  -5.62220   P*:     4.80767    P*cold: 3.72767    Mu*_xs: 3.27662    Cv*/N_xs:  1.32158         E(kJ/mol): -5.607     P(bar):    4.436     
Step:  3599999    NAcc:  1799996    fAcc:  0.500      Maxd:  0.23392    E*/N:  -5.61592   P*:     4.81107    P*cold: 3.73107    Mu*_xs: 3.28762    Cv*/N_xs:  1.32986         E(kJ/mol): -5.601     P(bar):    4.380     
Step:  3619999    NAcc:  1809997    fAcc:  0.500      Maxd:  0.22700    E*/N:  -5.70573   P*:     4.81135    P*cold: 3.73135    Mu*_xs: 3.30111    Cv*/N_xs:  1.32285         E(kJ/mol): -5.691     P(bar):    4.066     
Step:  3639999    NAcc:  1819996    fAcc:  0.500      Maxd:  0.25167    E*/N:  -5.63224   P*:     4.81146    P*cold: 3.73146    Mu*_xs: 3.31515    Cv*/N_xs:  1.32946         E(kJ/mol): -5.617     P(bar):    4.369     
Step:  3659999    NAcc:  1829997    fAcc:  0.500      Maxd:  0.27247    E*/N:  -5.63911   P*:     4.81594    P*cold: 3.73594    Mu*_xs: 3.32802    Cv*/N_xs:  1.35127         E(kJ/mol): -5.624     P(bar):    4.330     
Step:  3679999    NAcc:  1839999    fAcc:  0.500      Maxd:  0.27604    E*/N:  -5.70628   P*:     4.81662    P*cold: 3.73662    Mu*_xs: 3.34216    Cv*/N_xs:  1.34175         E(kJ/mol): -5.691     P(bar):    4.031     
Step:  3699999    NAcc:  1849998    fAcc:  0.500      Maxd:  0.22877    E*/N:  -5.67729   P*:     4.81767    P*cold: 3.73767    Mu*_xs: 3.35541    Cv*/N_xs:  1.33362         E(kJ/mol): -5.662     P(bar):    4.197     
Step:  3719999    NAcc:  1859997    fAcc:  0.500      Maxd:  0.27439    E*/N:  -5.59625   P*:     4.81933    P*cold: 3.73933    Mu*_xs: 3.36939    Cv*/N_xs:  1.32260         E(kJ/mol): -5.582     P(bar):    4.448     
Step:  3739999    NAcc:  1870000    fAcc:  0.500      Maxd:  0.35889    E*/N:  -5.69362   P*:     4.82001    P*cold: 3.74001    Mu*_xs: 3.37893    Cv*/N_xs:  1.32139         E(kJ/mol): -5.679     P(bar):    4.092     
Step:  3759999    NAcc:  1880000    fAcc:  0.500      Maxd:  0.82056    E*/N:  -5.67588   P*:     4.82262    P*cold: 3.74262    Mu*_xs: 3.39265    Cv*/N_xs:  1.32410         E(kJ/mol): -5.661     P(bar):    4.101     
Step:  3779999    NAcc:  1889999    fAcc:  0.500      Maxd:  0.22798    E*/N:  -5.67168   P*:     4.82056    P*cold: 3.74056    Mu*_xs: 3.40243    Cv*/N_xs:  1.32596         E(kJ/mol): -5.657     P(bar):    4.114     
Step:  3799999    NAcc:  1899996    fAcc:  0.500      Maxd:  0.26983    E*/N:  -5.78073   P*:     4.82146    P*cold: 3.74146    Mu*_xs: 3.41573    Cv*/N_xs:  1.31825         E(kJ/mol): -5.766     P(bar):    3.731     
Step:  3819999    NAcc:  1909990    fAcc:  0.500      Maxd:  0.24924    E*/N:  -5.70867   P*:     4.82260    P*cold: 3.74260    Mu*_xs: 3.34809    Cv*/N_xs:  1.31286         E(kJ/mol): -5.694     P(bar):    4.070     
Step:  3839999    NAcc:  1920000    fAcc:  0.500      Maxd:  0.24564    E*/N:  -5.77257   P*:     4.82062    P*cold: 3.74062    Mu*_xs: 3.36118    Cv*/N_xs:  1.31872         E(kJ/mol): -5.757     P(bar):    3.777     
Step:  3859999    NAcc:  1929994    fAcc:  0.500      Maxd:  0.27550    E*/N:  -5.69889   P*:     4.81894    P*cold: 3.73894    Mu*_xs: 3.37404    Cv*/N_xs:  1.32507         E(kJ/mol): -5.684     P(bar):    4.095     
Step:  3879999    NAcc:  1940000    fAcc:  0.500      Maxd:  0.25807    E*/N:  -5.79265   P*:     4.81920    P*cold: 3.73920    Mu*_xs: 3.38687    Cv*/N_xs:  1.32343         E(kJ/mol): -5.777     P(bar):    3.693     
Step:  3899999    NAcc:  1949994    fAcc:  0.500      Maxd:  0.26608    E*/N:  -5.73073   P*:     4.81746    P*cold: 3.73746    Mu*_xs: 3.39957    Cv*/N_xs:  1.32385         E(kJ/mol): -5.716     P(bar):    3.884     
Step:  3919999    NAcc:  1959999    fAcc:  0.500      Maxd:  0.27842    E*/N:  -5.71257   P*:     4.81678    P*cold: 3.73678    Mu*_xs: 3.41213    Cv*/N_xs:  1.32188         E(kJ/mol): -5.698     P(bar):    3.993     
Step:  3939999    NAcc:  1969997    fAcc:  0.500      Maxd:  0.23202    E*/N:  -5.72809   P*:     4.81654    P*cold: 3.73654    Mu*_xs: 3.36942    Cv*/N_xs:  1.31590         E(kJ/mol): -5.713     P(bar):    3.985     
Step:  3959999    NAcc:  1979997    fAcc:  0.500      Maxd:  0.23074    E*/N:  -5.71969   P*:     4.81616    P*cold: 3.73616    Mu*_xs: 3.38172    Cv*/N_xs:  1.30747         E(kJ/mol): -5.705     P(bar):    3.933     
Step:  3979999    NAcc:  1989999    fAcc:  0.500      Maxd:  0.26456    E*/N:  -5.74635   P*:     4.81536    P*cold: 3.73536    Mu*_xs: 3.38420    Cv*/N_xs:  1.30225         E(kJ/mol): -5.731     P(bar):    3.897     
Step:  3999999    NAcc:  2000000    fAcc:  0.500      Maxd:  0.23814    E*/N:  -5.64615   P*:     4.81857    P*cold: 3.73857    Mu*_xs: 3.39625    Cv*/N_xs:  1.31684         E(kJ/mol): -5.631     P(bar):    4.315     
Step:  4019999    NAcc:  2009998    fAcc:  0.500      Maxd:  0.62489    E*/N:  -5.68627   P*:     4.81747    P*cold: 3.73747    Mu*_xs: 3.40397    Cv*/N_xs:  1.30892         E(kJ/mol): -5.671     P(bar):    4.024     
Step:  4039999    NAcc:  2019996    fAcc:  0.500      Maxd:  0.26489    E*/N:  -5.75547   P*:     4.81524    P*cold: 3.73524    Mu*_xs: 3.40827    Cv*/N_xs:  1.30917         E(kJ/mol): -5.740     P(bar):    3.804     
Step:  4059999    NAcc:  2029999    fAcc:  0.500      Maxd:  0.42942    E*/N:  -5.70287   P*:     4.81477    P*cold: 3.73477    Mu*_xs: 3.41989    Cv*/N_xs:  1.30430         E(kJ/mol): -5.688     P(bar):    4.039     
Step:  4079999    NAcc:  2039996    fAcc:  0.500      Maxd:  0.27243    E*/N:  -5.79152   P*:     4.81131    P*cold: 3.73131    Mu*_xs: 3.43139    Cv*/N_xs:  1.31438         E(kJ/mol): -5.776     P(bar):    3.614     
Step:  4099999    NAcc:  2050000    fAcc:  0.500      Maxd:  0.23425    E*/N:  -5.68827   P*:     4.80822    P*cold: 3.72822    Mu*_xs: 3.44263    Cv*/N_xs:  1.31895         E(kJ/mol): -5.673     P(bar):    4.070     
Step:  4119999    NAcc:  2059996    fAcc:  0.500      Maxd:  0.26404    E*/N:  -5.74211   P*:     4.80667    P*cold: 3.72667    Mu*_xs: 3.45400    Cv*/N_xs:  1.31397         E(kJ/mol): -5.727     P(bar):    3.888     
Step:  4139999    NAcc:  2069999    fAcc:  0.500      Maxd:  0.25310    E*/N:  -5.65173   P*:     4.80638    P*cold: 3.72638    Mu*_xs: 3.46527    Cv*/N_xs:  1.30804         E(kJ/mol): -5.637     P(bar):    4.160     
Step:  4159999    NAcc:  2079988    fAcc:  0.500      Maxd:  0.26279    E*/N:  -5.66103   P*:     4.80775    P*cold: 3.72775    Mu*_xs: 3.47638    Cv*/N_xs:  1.30721         E(kJ/mol): -5.646     P(bar):    4.300     
Step:  4179999    NAcc:  2089999    fAcc:  0.500      Maxd:  0.23402    E*/N:  -5.68832   P*:     4.81016    P*cold: 3.73016    Mu*_xs: 3.48733    Cv*/N_xs:  1.30703         E(kJ/mol): -5.673     P(bar):    4.085     
Step:  4199999    NAcc:  2100000    fAcc:  0.500      Maxd:  0.22897    E*/N:  -5.72983   P*:     4.80986    P*cold: 3.72986    Mu*_xs: 3.49828    Cv*/N_xs:  1.30181         E(kJ/mol): -5.715     P(bar):    3.936     
Step:  4219999    NAcc:  2109986    fAcc:  0.500      Maxd:  0.27244    E*/N:  -5.75542   P*:     4.80807    P*cold: 3.72807    Mu*_xs: 3.50115    Cv*/N_xs:  1.30375         E(kJ/mol): -5.740     P(bar):    3.854     
Step:  4239999    NAcc:  2120000    fAcc:  0.500      Maxd:  0.27271    E*/N:  -5.71062   P*:     4.80762    P*cold: 3.72762    Mu*_xs: 3.51185    Cv*/N_xs:  1.29805         E(kJ/mol): -5.696     P(bar):    4.035     
Step:  4259999    NAcc:  2129997    fAcc:  0.500      Maxd:  0.23443    E*/N:  -5.68499   P*:     4.81023    P*cold: 3.73023    Mu*_xs: 3.45123    Cv*/N_xs:  1.30397         E(kJ/mol): -5.670     P(bar):    4.200     
Step:  4279999    NAcc:  2139997    fAcc:  0.500      Maxd:  0.26076    E*/N:  -5.72315   P*:     4.81254    P*cold: 3.73254    Mu*_xs: 3.41434    Cv*/N_xs:  1.30539         E(kJ/mol): -5.708     P(bar):    3.951     
Step:  4299999    NAcc:  2149998    fAcc:  0.500      Maxd:  0.26932    E*/N:  -5.73469   P*:     4.81226    P*cold: 3.73226    Mu*_xs: 3.42482    Cv*/N_xs:  1.30030         E(kJ/mol): -5.720     P(bar):    3.960     
Step:  4319999    NAcc:  2159991    fAcc:  0.500      Maxd:  0.25617    E*/N:  -5.66083   P*:     4.81281    P*cold: 3.73281    Mu*_xs: 3.43418    Cv*/N_xs:  1.29624         E(kJ/mol): -5.646     P(bar):    4.282     
Step:  4339999    NAcc:  2170000    fAcc:  0.500      Maxd:  0.63234    E*/N:  -5.71527   P*:     4.81239    P*cold: 3.73239    Mu*_xs: 3.44098    Cv*/N_xs:  1.29723         E(kJ/mol): -5.700     P(bar):    4.006     
Step:  4359999    NAcc:  2179998    fAcc:  0.500      Maxd:  0.23715    E*/N:  -5.81731   P*:     4.81090    P*cold: 3.73090    Mu*_xs: 3.45070    Cv*/N_xs:  1.30016         E(kJ/mol): -5.802     P(bar):    3.534     
Step:  4379999    NAcc:  2190001    fAcc:  0.500      Maxd:  0.56736    E*/N:  -5.77070   P*:     4.80901    P*cold: 3.72901    Mu*_xs: 3.46082    Cv*/N_xs:  1.30237         E(kJ/mol): -5.756     P(bar):    3.823     
Step:  4399999    NAcc:  2200001    fAcc:  0.500      Maxd:  0.55126    E*/N:  -5.80844   P*:     4.80640    P*cold: 3.72640    Mu*_xs: 3.46248    Cv*/N_xs:  1.31282         E(kJ/mol): -5.793     P(bar):    3.607     
Step:  4419999    NAcc:  2210000    fAcc:  0.500      Maxd:  0.25091    E*/N:  -5.74412   P*:     4.80346    P*cold: 3.72346    Mu*_xs: 3.46456    Cv*/N_xs:  1.32776         E(kJ/mol): -5.729     P(bar):    3.918     
Step:  4439999    NAcc:  2219997    fAcc:  0.500      Maxd:  0.25172    E*/N:  -5.79754   P*:     4.80180    P*cold: 3.72180    Mu*_xs: 3.46641    Cv*/N_xs:  1.32623         E(kJ/mol): -5.782     P(bar):    3.680     
Step:  4459999    NAcc:  2229992    fAcc:  0.500      Maxd:  0.24421    E*/N:  -5.83611   P*:     4.80027    P*cold: 3.72027    Mu*_xs: 3.47244    Cv*/N_xs:  1.32521         E(kJ/mol): -5.821     P(bar):    3.458     
Step:  4479999    NAcc:  2239997    fAcc:  0.500      Maxd:  0.26136    E*/N:  -5.78387   P*:     4.79966    P*cold: 3.71966    Mu*_xs: 3.47478    Cv*/N_xs:  1.32604         E(kJ/mol): -5.769     P(bar):    3.649     
Step:  4499999    NAcc:  2250000    fAcc:  0.500      Maxd:  0.24941    E*/N:  -5.72336   P*:     4.79926    P*cold: 3.71926    Mu*_xs: 3.45846    Cv*/N_xs:  1.32342         E(kJ/mol): -5.708     P(bar):    4.015     
Step:  4519999    NAcc:  2260001    fAcc:  0.500      Maxd:  0.34487    E*/N:  -5.61875   P*:     4.79853    P*cold: 3.71853    Mu*_xs: 3.46802    Cv*/N_xs:  1.32530         E(kJ/mol): -5.604     P(bar):    4.391     
Step:  4539999    NAcc:  2269982    fAcc:  0.500      Maxd:  0.27652    E*/N:  -5.75951   P*:     4.79874    P*cold: 3.71874    Mu*_xs: 3.47751    Cv*/N_xs:  1.31989         E(kJ/mol): -5.744     P(bar):    3.807     
Step:  4559999    NAcc:  2279999    fAcc:  0.500      Maxd:  0.29922    E*/N:  -5.69149   P*:     4.79948    P*cold: 3.71948    Mu*_xs: 3.48544    Cv*/N_xs:  1.31712         E(kJ/mol): -5.677     P(bar):    4.134     
Step:  4579999    NAcc:  2289995    fAcc:  0.500      Maxd:  0.27036    E*/N:  -5.75253   P*:     4.79805    P*cold: 3.71805    Mu*_xs: 3.49473    Cv*/N_xs:  1.31695         E(kJ/mol): -5.737     P(bar):    3.747     
Step:  4599999    NAcc:  2300001    fAcc:  0.500      Maxd:  0.55670    E*/N:  -5.73765   P*:     4.79637    P*cold: 3.71637    Mu*_xs: 3.39913    Cv*/N_xs:  1.31678         E(kJ/mol): -5.723     P(bar):    3.908     
Step:  4619999    NAcc:  2309994    fAcc:  0.500      Maxd:  0.27549    E*/N:  -5.72678   P*:     4.79416    P*cold: 3.71416    Mu*_xs: 3.40829    Cv*/N_xs:  1.31952         E(kJ/mol): -5.712     P(bar):    3.942     
Step:  4639999    NAcc:  2319999    fAcc:  0.500      Maxd:  0.26381    E*/N:  -5.66228   P*:     4.79484    P*cold: 3.71484    Mu*_xs: 3.41033    Cv*/N_xs:  1.31831         E(kJ/mol): -5.647     P(bar):    4.236     
Step:  4659999    NAcc:  2329997    fAcc:  0.500      Maxd:  0.23253    E*/N:  -5.60676   P*:     4.79451    P*cold: 3.71451    Mu*_xs: 3.34263    Cv*/N_xs:  1.31733         E(kJ/mol): -5.592     P(bar):    4.480     
Step:  4679999    NAcc:  2340001    fAcc:  0.500      Maxd:  0.39197    E*/N:  -5.67279   P*:     4.79589    P*cold: 3.71589    Mu*_xs: 3.35162    Cv*/N_xs:  1.31609         E(kJ/mol): -5.658     P(bar):    4.170     
Step:  4699999    NAcc:  2350000    fAcc:  0.500      Maxd:  0.22598    E*/N:  -5.63129   P*:     4.79631    P*cold: 3.71631    Mu*_xs: 3.36054    Cv*/N_xs:  1.30929         E(kJ/mol): -5.617     P(bar):    4.388     
Step:  4719999    NAcc:  2359997    fAcc:  0.500      Maxd:  0.24337    E*/N:  -5.70356   P*:     4.79867    P*cold: 3.71867    Mu*_xs: 3.36697    Cv*/N_xs:  1.32064         E(kJ/mol): -5.689     P(bar):    4.051     
Step:  4739999    NAcc:  2369994    fAcc:  0.500      Maxd:  0.24356    E*/N:  -5.71406   P*:     4.79885    P*cold: 3.71885    Mu*_xs: 3.34262    Cv*/N_xs:  1.31988         E(kJ/mol): -5.699     P(bar):    4.044     
Step:  4759999    NAcc:  2379994    fAcc:  0.500      Maxd:  0.26210    E*/N:  -5.68093   P*:     4.79942    P*cold: 3.71942    Mu*_xs: 3.35003    Cv*/N_xs:  1.31604         E(kJ/mol): -5.666     P(bar):    4.135     
Step:  4779999    NAcc:  2389995    fAcc:  0.500      Maxd:  0.26781    E*/N:  -5.70046   P*:     4.79908    P*cold: 3.71908    Mu*_xs: 3.35869    Cv*/N_xs:  1.31065         E(kJ/mol): -5.686     P(bar):    3.980     
Step:  4799999    NAcc:  2399996    fAcc:  0.500      Maxd:  0.25530    E*/N:  -5.73366   P*:     4.79969    P*cold: 3.71969    Mu*_xs: 3.36729    Cv*/N_xs:  1.30658         E(kJ/mol): -5.719     P(bar):    3.885     
Step:  4819999    NAcc:  2409998    fAcc:  0.500      Maxd:  0.25257    E*/N:  -5.67783   P*:     4.79989    P*cold: 3.71989    Mu*_xs: 3.37555    Cv*/N_xs:  1.30072         E(kJ/mol): -5.663     P(bar):    4.191     
Step:  4839999    NAcc:  2420000    fAcc:  0.500      Maxd:  0.46944    E*/N:  -5.70502   P*:     4.79938    P*cold: 3.71938    Mu*_xs: 3.38107    Cv*/N_xs:  1.29933         E(kJ/mol): -5.690     P(bar):    4.029     
Step:  4859999    NAcc:  2429992    fAcc:  0.500      Maxd:  0.27488    E*/N:  -5.68221   P*:     4.80016    P*cold: 3.72016    Mu*_xs: 3.38675    Cv*/N_xs:  1.29706         E(kJ/mol): -5.667     P(bar):    4.142     
Step:  4879999    NAcc:  2439996    fAcc:  0.500      Maxd:  0.27475    E*/N:  -5.63832   P*:     4.80114    P*cold: 3.72114    Mu*_xs: 3.39511    Cv*/N_xs:  1.29483         E(kJ/mol): -5.624     P(bar):    4.237     
Step:  4899999    NAcc:  2449999    fAcc:  0.500      Maxd:  0.26152    E*/N:  -5.68198   P*:     4.80090    P*cold: 3.72090    Mu*_xs: 3.40257    Cv*/N_xs:  1.29138         E(kJ/mol): -5.667     P(bar):    4.137     
Step:  4919999    NAcc:  2459999    fAcc:  0.500      Maxd:  0.26568    E*/N:  -5.75880   P*:     4.79993    P*cold: 3.71993    Mu*_xs: 3.38602    Cv*/N_xs:  1.29045         E(kJ/mol): -5.744     P(bar):    3.832     
Step:  4939999    NAcc:  2469994    fAcc:  0.500      Maxd:  0.27919    E*/N:  -5.69407   P*:     4.79847    P*cold: 3.71847    Mu*_xs: 3.39421    Cv*/N_xs:  1.29465         E(kJ/mol): -5.679     P(bar):    4.068     
Step:  4959999    NAcc:  2479997    fAcc:  0.500      Maxd:  0.27710    E*/N:  -5.72324   P*:     4.79629    P*cold: 3.71629    Mu*_xs: 3.40170    Cv*/N_xs:  1.30143         E(kJ/mol): -5.708     P(bar):    3.990     
Step:  4979999    NAcc:  2490000    fAcc:  0.500      Maxd:  0.26232    E*/N:  -5.75951   P*:     4.79506    P*cold: 3.71506    Mu*_xs: 3.39402    Cv*/N_xs:  1.30165         E(kJ/mol): -5.744     P(bar):    3.803     
Step:  4999999    NAcc:  2500001    fAcc:  0.500      Maxd:  0.32872    E*/N:  -5.71055   P*:     4.79363    P*cold: 3.71363    Mu*_xs: 3.40198    Cv*/N_xs:  1.30296         E(kJ/mol): -5.696     P(bar):    4.020     
# Computed average properties: 
 # E*/N:  -5.70580  
 # P*:     4.79363   
 # Cv*/N_xs:   1.30296        
 # Mu*_xs:  3.40198   
