# Number of atoms:       500
# Atom type:             Ar
# Molar Mass (g/mol):    39.948
# Density (g/cm^3):      1.35068
# LJ sigma (Angstrom):   3.4
# LJ epsilon/kB (K):     120
# LJ cutoff (Angstrom):  13.6
# LJ cutoff (sigma):     4
# Temperature (K):       144
# Number MC steps:       5e+06
# Output frequency:      20000
# Num. den. (atoms/Ang): 0.0203542
# Box length (x):        29.0696
# Box length (y):        29.0696
# Box length (z):        29.0696
# Init. spacing (Ang):   3.22995
# reduc. density (rho*): 0.8
# reduc. temp (T*):      1.2
Step:  19999      NAcc:  7286       fAcc:  0.364      Maxd:  0.26184    E*/N:  -3.64439   P*:     nan        P*cold: nan        Mu*_xs: -0.00000   Cv*/N_xs:  0.00000         E(kJ/mol): -3.635     P(bar):    9.009     
Step:  39999      NAcc:  18279      fAcc:  0.457      Maxd:  0.26184    E*/N:  -4.88212   P*:     nan        P*cold: nan        Mu*_xs: -0.00000   Cv*/N_xs:  0.00000         E(kJ/mol): -4.869     P(bar):    4.018     
Step:  59999      NAcc:  29838      fAcc:  0.497      Maxd:  0.26184    E*/N:  -5.05659   P*:     nan        P*cold: nan        Mu*_xs: -0.00000   Cv*/N_xs:  0.00000         E(kJ/mol): -5.043     P(bar):    3.110     
Step:  79999      NAcc:  40000      fAcc:  0.500      Maxd:  0.50453    E*/N:  -5.23367   P*:     nan        P*cold: nan        Mu*_xs: -0.00000   Cv*/N_xs:  0.00000         E(kJ/mol): -5.220     P(bar):    2.211     
Step:  99999      NAcc:  49999      fAcc:  0.500      Maxd:  0.26138    E*/N:  -5.23166   P*:     nan        P*cold: nan        Mu*_xs: -0.00000   Cv*/N_xs:  0.00000         E(kJ/mol): -5.218     P(bar):    2.157     
Step:  119999     NAcc:  60000      fAcc:  0.500      Maxd:  0.25390    E*/N:  -5.15770   P*:     nan        P*cold: nan        Mu*_xs: -0.00000   Cv*/N_xs:  0.00000         E(kJ/mol): -5.144     P(bar):    2.338     
Step:  139999     NAcc:  70000      fAcc:  0.500      Maxd:  0.28377    E*/N:  -5.19411   P*:     nan        P*cold: nan        Mu*_xs: -0.00000   Cv*/N_xs:  0.00000         E(kJ/mol): -5.181     P(bar):    2.071     
Step:  159999     NAcc:  80000      fAcc:  0.500      Maxd:  0.67667    E*/N:  -5.22523   P*:     nan        P*cold: nan        Mu*_xs: -0.00000   Cv*/N_xs:  0.00000         E(kJ/mol): -5.212     P(bar):    1.997     
Step:  179999     NAcc:  90001      fAcc:  0.500      Maxd:  0.35712    E*/N:  -5.16696   P*:     nan        P*cold: nan        Mu*_xs: -0.00000   Cv*/N_xs:  0.00000         E(kJ/mol): -5.153     P(bar):    2.143     
Step:  199999     NAcc:  99996      fAcc:  0.500      Maxd:  0.25911    E*/N:  -5.28463   P*:     nan        P*cold: nan        Mu*_xs: -0.00000   Cv*/N_xs:  0.00000         E(kJ/mol): -5.271     P(bar):    1.714     
Step:  219999     NAcc:  109994     fAcc:  0.500      Maxd:  0.28606    E*/N:  -5.30208   P*:     nan        P*cold: nan        Mu*_xs: -0.00000   Cv*/N_xs:  0.00000         E(kJ/mol): -5.288     P(bar):    1.662     
Step:  239999     NAcc:  119999     fAcc:  0.500      Maxd:  0.70278    E*/N:  -5.24909   P*:     nan        P*cold: nan        Mu*_xs: -0.00000   Cv*/N_xs:  0.00000         E(kJ/mol): -5.235     P(bar):    1.875     
Step:  259999     NAcc:  129998     fAcc:  0.500      Maxd:  0.25354    E*/N:  -5.27742   P*:     nan        P*cold: nan        Mu*_xs: -0.00000   Cv*/N_xs:  0.00000         E(kJ/mol): -5.264     P(bar):    1.662     
Step:  279999     NAcc:  139998     fAcc:  0.500      Maxd:  0.23941    E*/N:  -5.29269   P*:     nan        P*cold: nan        Mu*_xs: -0.00000   Cv*/N_xs:  0.00000         E(kJ/mol): -5.279     P(bar):    1.686     
Step:  299999     NAcc:  150000     fAcc:  0.500      Maxd:  0.24814    E*/N:  -5.21979   P*:     nan        P*cold: nan        Mu*_xs: -0.00000   Cv*/N_xs:  0.00000         E(kJ/mol): -5.206     P(bar):    1.890     
Step:  319999     NAcc:  159998     fAcc:  0.500      Maxd:  0.24267    E*/N:  -5.31179   P*:     nan        P*cold: nan        Mu*_xs: -0.00000   Cv*/N_xs:  0.00000         E(kJ/mol): -5.298     P(bar):    1.628     
Step:  339999     NAcc:  170000     fAcc:  0.500      Maxd:  0.25926    E*/N:  -5.27326   P*:     nan        P*cold: nan        Mu*_xs: -0.00000   Cv*/N_xs:  0.00000         E(kJ/mol): -5.259     P(bar):    1.740     
Step:  359999     NAcc:  179999     fAcc:  0.500      Maxd:  0.28132    E*/N:  -5.23607   P*:     nan        P*cold: nan        Mu*_xs: -0.00000   Cv*/N_xs:  0.00000         E(kJ/mol): -5.222     P(bar):    1.918     
Step:  379999     NAcc:  190001     fAcc:  0.500      Maxd:  0.55569    E*/N:  -5.38425   P*:     nan        P*cold: nan        Mu*_xs: -0.00000   Cv*/N_xs:  0.00000         E(kJ/mol): -5.370     P(bar):    1.332     
Step:  399999     NAcc:  199998     fAcc:  0.500      Maxd:  0.24433    E*/N:  -5.29361   P*:     nan        P*cold: nan        Mu*_xs: -0.00000   Cv*/N_xs:  0.00000         E(kJ/mol): -5.280     P(bar):    1.706     
Step:  419999     NAcc:  210001     fAcc:  0.500      Maxd:  1.03181    E*/N:  -5.31778   P*:     nan        P*cold: nan        Mu*_xs: -0.00000   Cv*/N_xs:  0.00000         E(kJ/mol): -5.304     P(bar):    1.548     
Step:  439999     NAcc:  220000     fAcc:  0.500      Maxd:  1.49740    E*/N:  -5.28852   P*:     nan        P*cold: nan        Mu*_xs: -0.00000   Cv*/N_xs:  0.00000         E(kJ/mol): -5.275     P(bar):    1.714     
Step:  459999     NAcc:  229994     fAcc:  0.500      Maxd:  0.24306    E*/N:  -5.24296   P*:     nan        P*cold: nan        Mu*_xs: -0.00000   Cv*/N_xs:  0.00000         E(kJ/mol): -5.229     P(bar):    1.870     
Step:  479999     NAcc:  240001     fAcc:  0.500      Maxd:  0.48957    E*/N:  -5.22589   P*:     nan        P*cold: nan        Mu*_xs: -0.00000   Cv*/N_xs:  0.00000         E(kJ/mol): -5.212     P(bar):    2.001     
Step:  499999     NAcc:  249999     fAcc:  0.500      Maxd:  0.26486    E*/N:  -5.24578   P*:     nan        P*cold: nan        Mu*_xs: -0.00000   Cv*/N_xs:  0.00000         E(kJ/mol): -5.232     P(bar):    1.901     
Step:  519999     NAcc:  259998     fAcc:  0.500      Maxd:  0.23968    E*/N:  -5.20132   P*:     nan        P*cold: nan        Mu*_xs: -0.00000   Cv*/N_xs:  0.00000         E(kJ/mol): -5.188     P(bar):    1.959     
Step:  539999     NAcc:  270000     fAcc:  0.500      Maxd:  0.28489    E*/N:  -5.26649   P*:     nan        P*cold: nan        Mu*_xs: -0.00000   Cv*/N_xs:  0.00000         E(kJ/mol): -5.253     P(bar):    1.824     
Step:  559999     NAcc:  280000     fAcc:  0.500      Maxd:  0.51191    E*/N:  -5.19817   P*:     nan        P*cold: nan        Mu*_xs: -0.00000   Cv*/N_xs:  0.00000         E(kJ/mol): -5.185     P(bar):    2.030     
Step:  579999     NAcc:  290000     fAcc:  0.500      Maxd:  0.27248    E*/N:  -5.26563   P*:     nan        P*cold: nan        Mu*_xs: -0.00000   Cv*/N_xs:  0.00000         E(kJ/mol): -5.252     P(bar):    1.737     
Step:  599999     NAcc:  299998     fAcc:  0.500      Maxd:  0.23629    E*/N:  -5.23492   P*:     nan        P*cold: nan        Mu*_xs: -0.00000   Cv*/N_xs:  0.00000         E(kJ/mol): -5.221     P(bar):    1.847     
Step:  619999     NAcc:  310000     fAcc:  0.500      Maxd:  1.00237    E*/N:  -5.31012   P*:     nan        P*cold: nan        Mu*_xs: -0.00000   Cv*/N_xs:  0.00000         E(kJ/mol): -5.296     P(bar):    1.586     
Step:  639999     NAcc:  319999     fAcc:  0.500      Maxd:  0.32600    E*/N:  -5.26664   P*:     nan        P*cold: nan        Mu*_xs: -0.00000   Cv*/N_xs:  0.00000         E(kJ/mol): -5.253     P(bar):    1.749     
Step:  659999     NAcc:  330000     fAcc:  0.500      Maxd:  1.30683    E*/N:  -5.30123   P*:     nan        P*cold: nan        Mu*_xs: -0.00000   Cv*/N_xs:  0.00000         E(kJ/mol): -5.287     P(bar):    1.650     
Step:  679999     NAcc:  339999     fAcc:  0.500      Maxd:  0.26389    E*/N:  -5.30266   P*:     nan        P*cold: nan        Mu*_xs: -0.00000   Cv*/N_xs:  0.00000         E(kJ/mol): -5.289     P(bar):    1.590     
Step:  699999     NAcc:  350001     fAcc:  0.500      Maxd:  0.71056    E*/N:  -5.25747   P*:     nan        P*cold: nan        Mu*_xs: -0.00000   Cv*/N_xs:  0.00000         E(kJ/mol): -5.244     P(bar):    1.786     
Step:  719999     NAcc:  360000     fAcc:  0.500      Maxd:  0.79434    E*/N:  -5.22877   P*:     nan        P*cold: nan        Mu*_xs: -0.00000   Cv*/N_xs:  0.00000         E(kJ/mol): -5.215     P(bar):    1.900     
Step:  739999     NAcc:  369998     fAcc:  0.500      Maxd:  0.26036    E*/N:  -5.31452   P*:     nan        P*cold: nan        Mu*_xs: -0.00000   Cv*/N_xs:  0.00000         E(kJ/mol): -5.301     P(bar):    1.591     
Step:  759999     NAcc:  379999     fAcc:  0.500      Maxd:  0.24603    E*/N:  -5.22309   P*:     nan        P*cold: nan        Mu*_xs: -0.00000   Cv*/N_xs:  0.00000         E(kJ/mol): -5.209     P(bar):    1.937     
Step:  779999     NAcc:  389995     fAcc:  0.500      Maxd:  0.26690    E*/N:  -5.25924   P*:     nan        P*cold: nan        Mu*_xs: -0.00000   Cv*/N_xs:  0.00000         E(kJ/mol): -5.245     P(bar):    1.784     
Step:  799999     NAcc:  400000     fAcc:  0.500      Maxd:  0.23502    E*/N:  -5.17889   P*:     nan        P*cold: nan        Mu*_xs: -0.00000   Cv*/N_xs:  0.00000         E(kJ/mol): -5.165     P(bar):    2.118     
Step:  819999     NAcc:  409999     fAcc:  0.500      Maxd:  0.28436    E*/N:  -5.19906   P*:     nan        P*cold: nan        Mu*_xs: -0.00000   Cv*/N_xs:  0.00000         E(kJ/mol): -5.185     P(bar):    2.013     
Step:  839999     NAcc:  420001     fAcc:  0.500      Maxd:  0.75388    E*/N:  -5.20509   P*:     nan        P*cold: nan        Mu*_xs: -0.00000   Cv*/N_xs:  0.00000         E(kJ/mol): -5.191     P(bar):    2.003     
Step:  859999     NAcc:  430000     fAcc:  0.500      Maxd:  0.24983    E*/N:  -5.25146   P*:     nan        P*cold: nan        Mu*_xs: -0.00000   Cv*/N_xs:  0.00000         E(kJ/mol): -5.238     P(bar):    1.726     
Step:  879999     NAcc:  439998     fAcc:  0.500      Maxd:  0.24250    E*/N:  -5.28335   P*:     nan        P*cold: nan        Mu*_xs: -0.00000   Cv*/N_xs:  0.00000         E(kJ/mol): -5.270     P(bar):    1.632     
Step:  899999     NAcc:  450000     fAcc:  0.500      Maxd:  0.28709    E*/N:  -5.29910   P*:     nan        P*cold: nan        Mu*_xs: -0.00000   Cv*/N_xs:  0.00000         E(kJ/mol): -5.285     P(bar):    1.662     
Step:  919999     NAcc:  460001     fAcc:  0.500      Maxd:  0.66567    E*/N:  -5.23798   P*:     nan        P*cold: nan        Mu*_xs: -0.00000   Cv*/N_xs:  0.00000         E(kJ/mol): -5.224     P(bar):    1.867     
Step:  939999     NAcc:  470001     fAcc:  0.500      Maxd:  0.52408    E*/N:  -5.21852   P*:     nan        P*cold: nan        Mu*_xs: -0.00000   Cv*/N_xs:  0.00000         E(kJ/mol): -5.205     P(bar):    1.940     
Step:  959999     NAcc:  479999     fAcc:  0.500      Maxd:  0.33382    E*/N:  -5.25222   P*:     nan        P*cold: nan        Mu*_xs: -0.00000   Cv*/N_xs:  0.00000         E(kJ/mol): -5.238     P(bar):    1.750     
Step:  979999     NAcc:  489999     fAcc:  0.500      Maxd:  0.46275    E*/N:  -5.20994   P*:     nan        P*cold: nan        Mu*_xs: -0.00000   Cv*/N_xs:  0.00000         E(kJ/mol): -5.196     P(bar):    1.938     
Step:  999999     NAcc:  499998     fAcc:  0.500      Maxd:  0.26995    E*/N:  -5.25110   P*:     nan        P*cold: nan        Mu*_xs: -0.00000   Cv*/N_xs:  0.00000         E(kJ/mol): -5.237     P(bar):    1.798     
Step:  1019999    NAcc:  510000     fAcc:  0.500      Maxd:  0.99109    E*/N:  -5.35597   P*:     nan        P*cold: nan        Mu*_xs: -0.00000   Cv*/N_xs:  0.00000         E(kJ/mol): -5.342     P(bar):    1.448     
Step:  1039999    NAcc:  520000     fAcc:  0.500      Maxd:  0.37133    E*/N:  -5.23755   P*:     nan        P*cold: nan        Mu*_xs: -0.00000   Cv*/N_xs:  0.00000         E(kJ/mol): -5.224     P(bar):    1.895     
Step:  1059999    NAcc:  529999     fAcc:  0.500      Maxd:  0.27981    E*/N:  -5.25893   P*:     nan        P*cold: nan        Mu*_xs: -0.00000   Cv*/N_xs:  0.00000         E(kJ/mol): -5.245     P(bar):    1.679     
Step:  1079999    NAcc:  539997     fAcc:  0.500      Maxd:  0.27988    E*/N:  -5.33883   P*:     nan        P*cold: nan        Mu*_xs: -0.00000   Cv*/N_xs:  0.00000         E(kJ/mol): -5.325     P(bar):    1.481     
Step:  1099999    NAcc:  549999     fAcc:  0.500      Maxd:  0.28684    E*/N:  -5.30900   P*:     nan        P*cold: nan        Mu*_xs: -0.00000   Cv*/N_xs:  0.00000         E(kJ/mol): -5.295     P(bar):    1.606     
Step:  1119999    NAcc:  559999     fAcc:  0.500      Maxd:  0.23394    E*/N:  -5.23367   P*:     nan        P*cold: nan        Mu*_xs: -0.00000   Cv*/N_xs:  0.00000         E(kJ/mol): -5.220     P(bar):    2.019     
Step:  1139999    NAcc:  570000     fAcc:  0.500      Maxd:  0.24843    E*/N:  -5.30046   P*:     nan        P*cold: nan        Mu*_xs: -0.00000   Cv*/N_xs:  0.00000         E(kJ/mol): -5.287     P(bar):    1.659     
Step:  1159999    NAcc:  579998     fAcc:  0.500      Maxd:  0.26509    E*/N:  -5.20765   P*:     nan        P*cold: nan        Mu*_xs: -0.00000   Cv*/N_xs:  0.00000         E(kJ/mol): -5.194     P(bar):    1.964     
Step:  1179999    NAcc:  590000     fAcc:  0.500      Maxd:  0.26231    E*/N:  -5.27888   P*:     nan        P*cold: nan        Mu*_xs: -0.00000   Cv*/N_xs:  0.00000         E(kJ/mol): -5.265     P(bar):    1.640     
Step:  1199999    NAcc:  600000     fAcc:  0.500      Maxd:  0.53369    E*/N:  -5.20024   P*:     nan        P*cold: nan        Mu*_xs: -0.00000   Cv*/N_xs:  0.00000         E(kJ/mol): -5.187     P(bar):    1.963     
Step:  1219999    NAcc:  610001     fAcc:  0.500      Maxd:  0.40014    E*/N:  -5.28566   P*:     nan        P*cold: nan        Mu*_xs: -0.00000   Cv*/N_xs:  0.00000         E(kJ/mol): -5.272     P(bar):    1.608     
Step:  1239999    NAcc:  620000     fAcc:  0.500      Maxd:  0.25802    E*/N:  -5.18671   P*:     nan        P*cold: nan        Mu*_xs: -0.00000   Cv*/N_xs:  0.00000         E(kJ/mol): -5.173     P(bar):    2.090     
Step:  1259999    NAcc:  629999     fAcc:  0.500      Maxd:  0.28600    E*/N:  -5.21508   P*:     nan        P*cold: nan        Mu*_xs: -0.00000   Cv*/N_xs:  0.00000         E(kJ/mol): -5.201     P(bar):    2.007     
Step:  1279999    NAcc:  640001     fAcc:  0.500      Maxd:  1.15628    E*/N:  -5.29266   P*:     nan        P*cold: nan        Mu*_xs: -0.00000   Cv*/N_xs:  0.00000         E(kJ/mol): -5.279     P(bar):    1.638     
Step:  1299999    NAcc:  649997     fAcc:  0.500      Maxd:  0.25488    E*/N:  -5.23603   P*:     nan        P*cold: nan        Mu*_xs: -0.00000   Cv*/N_xs:  0.00000         E(kJ/mol): -5.222     P(bar):    1.883     
Step:  1319999    NAcc:  659998     fAcc:  0.500      Maxd:  0.25285    E*/N:  -5.22632   P*:     nan        P*cold: nan        Mu*_xs: -0.00000   Cv*/N_xs:  0.00000         E(kJ/mol): -5.213     P(bar):    1.951     
Step:  1339999    NAcc:  669999     fAcc:  0.500      Maxd:  0.27754    E*/N:  -5.25163   P*:     nan        P*cold: nan        Mu*_xs: -0.00000   Cv*/N_xs:  0.00000         E(kJ/mol): -5.238     P(bar):    1.811     
Step:  1359999    NAcc:  679998     fAcc:  0.500      Maxd:  0.27320    E*/N:  -5.18876   P*:     nan        P*cold: nan        Mu*_xs: -0.00000   Cv*/N_xs:  0.00000         E(kJ/mol): -5.175     P(bar):    2.026     
Step:  1379999    NAcc:  689996     fAcc:  0.500      Maxd:  0.24722    E*/N:  -5.19064   P*:     nan        P*cold: nan        Mu*_xs: -0.00000   Cv*/N_xs:  0.00000         E(kJ/mol): -5.177     P(bar):    1.962     
Step:  1399999    NAcc:  699999     fAcc:  0.500      Maxd:  0.25400    E*/N:  -5.19004   P*:     nan        P*cold: nan        Mu*_xs: -0.00000   Cv*/N_xs:  0.00000         E(kJ/mol): -5.176     P(bar):    1.966     
Step:  1419999    NAcc:  709994     fAcc:  0.500      Maxd:  0.29043    E*/N:  -5.26548   P*:     nan        P*cold: nan        Mu*_xs: -0.00000   Cv*/N_xs:  0.00000         E(kJ/mol): -5.252     P(bar):    1.787     
Step:  1439999    NAcc:  720001     fAcc:  0.500      Maxd:  0.58925    E*/N:  -5.25945   P*:     nan        P*cold: nan        Mu*_xs: -0.00000   Cv*/N_xs:  0.00000         E(kJ/mol): -5.246     P(bar):    1.786     
Step:  1459999    NAcc:  730000     fAcc:  0.500      Maxd:  4.80213    E*/N:  -5.24407   P*:     nan        P*cold: nan        Mu*_xs: -0.00000   Cv*/N_xs:  0.00000         E(kJ/mol): -5.230     P(bar):    1.769     
Step:  1479999    NAcc:  739999     fAcc:  0.500      Maxd:  0.23836    E*/N:  -5.28380   P*:     nan        P*cold: nan        Mu*_xs: -0.00000   Cv*/N_xs:  0.00000         E(kJ/mol): -5.270     P(bar):    1.740     
Step:  1499999    NAcc:  750000     fAcc:  0.500      Maxd:  0.24343    E*/N:  -5.27486   P*:     nan        P*cold: nan        Mu*_xs: -0.00000   Cv*/N_xs:  0.00000         E(kJ/mol): -5.261     P(bar):    1.738     
Step:  1519999    NAcc:  759998     fAcc:  0.500      Maxd:  0.27384    E*/N:  -5.23230   P*:     nan        P*cold: nan        Mu*_xs: -0.00000   Cv*/N_xs:  0.00000         E(kJ/mol): -5.219     P(bar):    1.843     
Step:  1539999    NAcc:  770000     fAcc:  0.500      Maxd:  0.33317    E*/N:  -5.25920   P*:     nan        P*cold: nan        Mu*_xs: -0.00000   Cv*/N_xs:  0.00000         E(kJ/mol): -5.245     P(bar):    1.746     
Step:  1559999    NAcc:  779998     fAcc:  0.500      Maxd:  0.54924    E*/N:  -5.18688   P*:     nan        P*cold: nan        Mu*_xs: -0.00000   Cv*/N_xs:  0.00000         E(kJ/mol): -5.173     P(bar):    1.997     
Step:  1579999    NAcc:  790002     fAcc:  0.500      Maxd:  0.51334    E*/N:  -5.34220   P*:     nan        P*cold: nan        Mu*_xs: -0.00000   Cv*/N_xs:  0.00000         E(kJ/mol): -5.328     P(bar):    1.499     
Step:  1599999    NAcc:  799997     fAcc:  0.500      Maxd:  0.27849    E*/N:  -5.31695   P*:     nan        P*cold: nan        Mu*_xs: -0.00000   Cv*/N_xs:  0.00000         E(kJ/mol): -5.303     P(bar):    1.624     
Step:  1619999    NAcc:  809998     fAcc:  0.500      Maxd:  0.28313    E*/N:  -5.28407   P*:     nan        P*cold: nan        Mu*_xs: -0.00000   Cv*/N_xs:  0.00000         E(kJ/mol): -5.270     P(bar):    1.800     
Step:  1639999    NAcc:  819999     fAcc:  0.500      Maxd:  0.26762    E*/N:  -5.24353   P*:     nan        P*cold: nan        Mu*_xs: -0.00000   Cv*/N_xs:  0.00000         E(kJ/mol): -5.230     P(bar):    1.978     
Step:  1659999    NAcc:  830000     fAcc:  0.500      Maxd:  0.27448    E*/N:  -5.18340   P*:     nan        P*cold: nan        Mu*_xs: -0.00000   Cv*/N_xs:  0.00000         E(kJ/mol): -5.170     P(bar):    2.149     
Step:  1679999    NAcc:  840001     fAcc:  0.500      Maxd:  0.66660    E*/N:  -5.30649   P*:     nan        P*cold: nan        Mu*_xs: -0.00000   Cv*/N_xs:  0.00000         E(kJ/mol): -5.293     P(bar):    1.609     
Step:  1699999    NAcc:  850000     fAcc:  0.500      Maxd:  0.26496    E*/N:  -5.26279   P*:     nan        P*cold: nan        Mu*_xs: -0.00000   Cv*/N_xs:  0.00000         E(kJ/mol): -5.249     P(bar):    1.871     
Step:  1719999    NAcc:  859999     fAcc:  0.500      Maxd:  0.56294    E*/N:  -5.25886   P*:     nan        P*cold: nan        Mu*_xs: -0.00000   Cv*/N_xs:  0.00000         E(kJ/mol): -5.245     P(bar):    1.719     
Step:  1739999    NAcc:  869998     fAcc:  0.500      Maxd:  0.24352    E*/N:  -5.29541   P*:     nan        P*cold: nan        Mu*_xs: -0.00000   Cv*/N_xs:  0.00000         E(kJ/mol): -5.282     P(bar):    1.683     
Step:  1759999    NAcc:  880001     fAcc:  0.500      Maxd:  0.74280    E*/N:  -5.23984   P*:     nan        P*cold: nan        Mu*_xs: -0.00000   Cv*/N_xs:  0.00000         E(kJ/mol): -5.226     P(bar):    1.866     
Step:  1779999    NAcc:  890000     fAcc:  0.500      Maxd:  0.28436    E*/N:  -5.20095   P*:     nan        P*cold: nan        Mu*_xs: -0.00000   Cv*/N_xs:  0.00000         E(kJ/mol): -5.187     P(bar):    2.035     
Step:  1799999    NAcc:  899999     fAcc:  0.500      Maxd:  0.26946    E*/N:  -5.22077   P*:     nan        P*cold: nan        Mu*_xs: -0.00000   Cv*/N_xs:  0.00000         E(kJ/mol): -5.207     P(bar):    1.869     
Step:  1819999    NAcc:  909999     fAcc:  0.500      Maxd:  0.27671    E*/N:  -5.32140   P*:     nan        P*cold: nan        Mu*_xs: -0.00000   Cv*/N_xs:  0.00000         E(kJ/mol): -5.307     P(bar):    1.471     
Step:  1839999    NAcc:  919995     fAcc:  0.500      Maxd:  0.25643    E*/N:  -5.24086   P*:     nan        P*cold: nan        Mu*_xs: -0.00000   Cv*/N_xs:  0.00000         E(kJ/mol): -5.227     P(bar):    1.819     
Step:  1859999    NAcc:  930000     fAcc:  0.500      Maxd:  0.53938    E*/N:  -5.27517   P*:     nan        P*cold: nan        Mu*_xs: -0.00000   Cv*/N_xs:  0.00000         E(kJ/mol): -5.261     P(bar):    1.774     
Step:  1879999    NAcc:  939999     fAcc:  0.500      Maxd:  0.28063    E*/N:  -5.26072   P*:     nan        P*cold: nan        Mu*_xs: -0.00000   Cv*/N_xs:  0.00000         E(kJ/mol): -5.247     P(bar):    1.863     
Step:  1899999    NAcc:  950000     fAcc:  0.500      Maxd:  0.25375    E*/N:  -5.22611   P*:     nan        P*cold: nan        Mu*_xs: -0.00000   Cv*/N_xs:  0.00000         E(kJ/mol): -5.212     P(bar):    1.960     
Step:  1919999    NAcc:  959998     fAcc:  0.500      Maxd:  0.25805    E*/N:  -5.29682   P*:     nan        P*cold: nan        Mu*_xs: -0.00000   Cv*/N_xs:  0.00000         E(kJ/mol): -5.283     P(bar):    1.684     
Step:  1939999    NAcc:  970000     fAcc:  0.500      Maxd:  0.49599    E*/N:  -5.21637   P*:     nan        P*cold: nan        Mu*_xs: -0.00000   Cv*/N_xs:  0.00000         E(kJ/mol): -5.203     P(bar):    2.027     
Step:  1959999    NAcc:  979999     fAcc:  0.500      Maxd:  0.28247    E*/N:  -5.24716   P*:     nan        P*cold: nan        Mu*_xs: -0.00000   Cv*/N_xs:  0.00000         E(kJ/mol): -5.233     P(bar):    1.814     
Step:  1979999    NAcc:  989999     fAcc:  0.500      Maxd:  0.26996    E*/N:  -5.20457   P*:     nan        P*cold: nan        Mu*_xs: -0.00000   Cv*/N_xs:  0.00000         E(kJ/mol): -5.191     P(bar):    1.998     
Step:  1999999    NAcc:  999998     fAcc:  0.500      Maxd:  0.28568    E*/N:  -5.26340   P*:     nan        P*cold: nan        Mu*_xs: -0.00000   Cv*/N_xs:  0.00000         E(kJ/mol): -5.250     P(bar):    1.792     
Step:  2019999    NAcc:  1010001    fAcc:  0.500      Maxd:  0.50340    E*/N:  -5.18266   P*:     2.27018    P*cold: 1.31018    Mu*_xs: -0.01395   Cv*/N_xs:  0.87700         E(kJ/mol): -5.169     P(bar):    2.020     
Step:  2039999    NAcc:  1020000    fAcc:  0.500      Maxd:  0.53740    E*/N:  -5.25174   P*:     2.23953    P*cold: 1.27953    Mu*_xs: 0.41055    Cv*/N_xs:  1.12477         E(kJ/mol): -5.238     P(bar):    1.774     
Step:  2059999    NAcc:  1029999    fAcc:  0.500      Maxd:  0.54486    E*/N:  -5.26885   P*:     2.18502    P*cold: 1.22502    Mu*_xs: 0.38343    Cv*/N_xs:  0.94302         E(kJ/mol): -5.255     P(bar):    1.759     
Step:  2079999    NAcc:  1040000    fAcc:  0.500      Maxd:  0.93425    E*/N:  -5.19646   P*:     2.18369    P*cold: 1.22369    Mu*_xs: -0.49330   Cv*/N_xs:  0.87687         E(kJ/mol): -5.183     P(bar):    2.146     
Step:  2099999    NAcc:  1050000    fAcc:  0.500      Maxd:  0.27475    E*/N:  -5.21432   P*:     2.23893    P*cold: 1.27893    Mu*_xs: -0.49559   Cv*/N_xs:  0.96574         E(kJ/mol): -5.201     P(bar):    1.952     
Step:  2119999    NAcc:  1059998    fAcc:  0.500      Maxd:  0.29375    E*/N:  -5.36367   P*:     2.25800    P*cold: 1.29800    Mu*_xs: -0.36045   Cv*/N_xs:  1.16743         E(kJ/mol): -5.350     P(bar):    1.394     
Step:  2139999    NAcc:  1069998    fAcc:  0.500      Maxd:  0.27807    E*/N:  -5.21275   P*:     2.24370    P*cold: 1.28370    Mu*_xs: -0.36083   Cv*/N_xs:  1.09662         E(kJ/mol): -5.199     P(bar):    1.937     
Step:  2159999    NAcc:  1079998    fAcc:  0.500      Maxd:  0.26843    E*/N:  -5.30297   P*:     2.23124    P*cold: 1.27124    Mu*_xs: -0.51776   Cv*/N_xs:  1.00489         E(kJ/mol): -5.289     P(bar):    1.568     
Step:  2179999    NAcc:  1090001    fAcc:  0.500      Maxd:  0.49407    E*/N:  -5.28297   P*:     2.22334    P*cold: 1.26334    Mu*_xs: -0.64342   Cv*/N_xs:  0.93837         E(kJ/mol): -5.269     P(bar):    1.651     
Step:  2199999    NAcc:  1099998    fAcc:  0.500      Maxd:  0.26062    E*/N:  -5.31765   P*:     2.19461    P*cold: 1.23461    Mu*_xs: -0.59528   Cv*/N_xs:  0.98590         E(kJ/mol): -5.304     P(bar):    1.552     
Step:  2219999    NAcc:  1110000    fAcc:  0.500      Maxd:  0.24913    E*/N:  -5.21744   P*:     2.18677    P*cold: 1.22677    Mu*_xs: -0.53755   Cv*/N_xs:  0.97443         E(kJ/mol): -5.204     P(bar):    1.917     
Step:  2239999    NAcc:  1120000    fAcc:  0.500      Maxd:  0.23798    E*/N:  -5.26103   P*:     2.18455    P*cold: 1.22455    Mu*_xs: -0.64354   Cv*/N_xs:  0.93026         E(kJ/mol): -5.247     P(bar):    1.776     
Step:  2259999    NAcc:  1129998    fAcc:  0.500      Maxd:  0.28881    E*/N:  -5.31755   P*:     2.17191    P*cold: 1.21191    Mu*_xs: -0.65970   Cv*/N_xs:  0.94261         E(kJ/mol): -5.304     P(bar):    1.526     
Step:  2279999    NAcc:  1139998    fAcc:  0.500      Maxd:  0.28005    E*/N:  -5.26280   P*:     2.15177    P*cold: 1.19177    Mu*_xs: -0.62292   Cv*/N_xs:  1.02513         E(kJ/mol): -5.249     P(bar):    1.724     
Step:  2299999    NAcc:  1150000    fAcc:  0.500      Maxd:  0.32784    E*/N:  -5.23859   P*:     2.13879    P*cold: 1.17879    Mu*_xs: -0.54872   Cv*/N_xs:  1.10063         E(kJ/mol): -5.225     P(bar):    1.867     
Step:  2319999    NAcc:  1159997    fAcc:  0.500      Maxd:  0.25374    E*/N:  -5.28104   P*:     2.12925    P*cold: 1.16925    Mu*_xs: -0.51540   Cv*/N_xs:  1.11072         E(kJ/mol): -5.267     P(bar):    1.751     
Step:  2339999    NAcc:  1169999    fAcc:  0.500      Maxd:  0.28976    E*/N:  -5.27504   P*:     2.12313    P*cold: 1.16313    Mu*_xs: -0.49572   Cv*/N_xs:  1.09269         E(kJ/mol): -5.261     P(bar):    1.689     
Step:  2359999    NAcc:  1180000    fAcc:  0.500      Maxd:  0.37214    E*/N:  -5.27103   P*:     2.11511    P*cold: 1.15511    Mu*_xs: -0.47926   Cv*/N_xs:  1.09399         E(kJ/mol): -5.257     P(bar):    1.784     
Step:  2379999    NAcc:  1189997    fAcc:  0.500      Maxd:  0.27755    E*/N:  -5.27337   P*:     2.11647    P*cold: 1.15647    Mu*_xs: -0.45223   Cv*/N_xs:  1.04887         E(kJ/mol): -5.260     P(bar):    1.707     
Step:  2399999    NAcc:  1200000    fAcc:  0.500      Maxd:  0.24312    E*/N:  -5.36434   P*:     2.11740    P*cold: 1.15740    Mu*_xs: -0.40427   Cv*/N_xs:  1.04688         E(kJ/mol): -5.350     P(bar):    1.494     
Step:  2419999    NAcc:  1210002    fAcc:  0.500      Maxd:  0.56867    E*/N:  -5.23468   P*:     2.12514    P*cold: 1.16514    Mu*_xs: -0.53290   Cv*/N_xs:  1.05377         E(kJ/mol): -5.221     P(bar):    1.901     
Step:  2439999    NAcc:  1220001    fAcc:  0.500      Maxd:  0.41707    E*/N:  -5.20590   P*:     2.13206    P*cold: 1.17206    Mu*_xs: -0.63306   Cv*/N_xs:  1.05063         E(kJ/mol): -5.192     P(bar):    2.013     
Step:  2459999    NAcc:  1230001    fAcc:  0.500      Maxd:  0.39324    E*/N:  -5.18823   P*:     2.14575    P*cold: 1.18575    Mu*_xs: -0.59403   Cv*/N_xs:  1.13739         E(kJ/mol): -5.175     P(bar):    1.964     
Step:  2479999    NAcc:  1240000    fAcc:  0.500      Maxd:  0.58883    E*/N:  -5.28154   P*:     2.14761    P*cold: 1.18761    Mu*_xs: -0.63266   Cv*/N_xs:  1.13064         E(kJ/mol): -5.268     P(bar):    1.718     
Step:  2499999    NAcc:  1250000    fAcc:  0.500      Maxd:  0.29001    E*/N:  -5.21651   P*:     2.14383    P*cold: 1.18383    Mu*_xs: -0.68872   Cv*/N_xs:  1.13161         E(kJ/mol): -5.203     P(bar):    1.988     
Step:  2519999    NAcc:  1260000    fAcc:  0.500      Maxd:  0.32057    E*/N:  -5.23324   P*:     2.14965    P*cold: 1.18965    Mu*_xs: -0.66802   Cv*/N_xs:  1.14481         E(kJ/mol): -5.220     P(bar):    1.873     
Step:  2539999    NAcc:  1269998    fAcc:  0.500      Maxd:  0.26554    E*/N:  -5.24731   P*:     2.14541    P*cold: 1.18541    Mu*_xs: -0.65493   Cv*/N_xs:  1.13761         E(kJ/mol): -5.234     P(bar):    1.841     
Step:  2559999    NAcc:  1279999    fAcc:  0.500      Maxd:  0.24855    E*/N:  -5.25202   P*:     2.13663    P*cold: 1.17663    Mu*_xs: -0.68164   Cv*/N_xs:  1.15918         E(kJ/mol): -5.238     P(bar):    1.790     
Step:  2579999    NAcc:  1290000    fAcc:  0.500      Maxd:  0.25563    E*/N:  -5.34942   P*:     2.13759    P*cold: 1.17759    Mu*_xs: -0.65765   Cv*/N_xs:  1.13559         E(kJ/mol): -5.335     P(bar):    1.563     
Step:  2599999    NAcc:  1299999    fAcc:  0.500      Maxd:  0.28356    E*/N:  -5.33366   P*:     2.13176    P*cold: 1.17176    Mu*_xs: -0.65095   Cv*/N_xs:  1.16078         E(kJ/mol): -5.320     P(bar):    1.488     
Step:  2619999    NAcc:  1309999    fAcc:  0.500      Maxd:  0.28250    E*/N:  -5.27275   P*:     2.12723    P*cold: 1.16723    Mu*_xs: -0.63021   Cv*/N_xs:  1.14903         E(kJ/mol): -5.259     P(bar):    1.782     
Step:  2639999    NAcc:  1319998    fAcc:  0.500      Maxd:  0.25474    E*/N:  -5.28189   P*:     2.12422    P*cold: 1.16422    Mu*_xs: -0.64337   Cv*/N_xs:  1.13374         E(kJ/mol): -5.268     P(bar):    1.637     
Step:  2659999    NAcc:  1330000    fAcc:  0.500      Maxd:  1.28223    E*/N:  -5.26613   P*:     2.12267    P*cold: 1.16267    Mu*_xs: -0.63493   Cv*/N_xs:  1.12662         E(kJ/mol): -5.252     P(bar):    1.748     
Step:  2679999    NAcc:  1340000    fAcc:  0.500      Maxd:  0.65585    E*/N:  -5.29648   P*:     2.12212    P*cold: 1.16212    Mu*_xs: -0.61983   Cv*/N_xs:  1.10397         E(kJ/mol): -5.283     P(bar):    1.608     
Step:  2699999    NAcc:  1350000    fAcc:  0.500      Maxd:  0.37333    E*/N:  -5.15050   P*:     2.11771    P*cold: 1.15771    Mu*_xs: -0.60192   Cv*/N_xs:  1.10934         E(kJ/mol): -5.137     P(bar):    2.110     
Step:  2719999    NAcc:  1359999    fAcc:  0.500      Maxd:  0.24820    E*/N:  -5.26118   P*:     2.11970    P*cold: 1.15970    Mu*_xs: -0.57856   Cv*/N_xs:  1.10322         E(kJ/mol): -5.247     P(bar):    1.686     
Step:  2739999    NAcc:  1369999    fAcc:  0.500      Maxd:  1.37854    E*/N:  -5.27631   P*:     2.11989    P*cold: 1.15989    Mu*_xs: -0.56899   Cv*/N_xs:  1.09053         E(kJ/mol): -5.262     P(bar):    1.667     
Step:  2759999    NAcc:  1379995    fAcc:  0.500      Maxd:  0.28422    E*/N:  -5.29536   P*:     2.12073    P*cold: 1.16073    Mu*_xs: -0.56085   Cv*/N_xs:  1.08132         E(kJ/mol): -5.281     P(bar):    1.592     
Step:  2779999    NAcc:  1389998    fAcc:  0.500      Maxd:  0.23757    E*/N:  -5.28071   P*:     2.12099    P*cold: 1.16099    Mu*_xs: -0.54381   Cv*/N_xs:  1.08160         E(kJ/mol): -5.267     P(bar):    1.680     
Step:  2799999    NAcc:  1399999    fAcc:  0.500      Maxd:  0.28345    E*/N:  -5.26941   P*:     2.11590    P*cold: 1.15590    Mu*_xs: -0.54807   Cv*/N_xs:  1.09094         E(kJ/mol): -5.256     P(bar):    1.668     
Step:  2819999    NAcc:  1410002    fAcc:  0.500      Maxd:  0.59487    E*/N:  -5.37302   P*:     2.10798    P*cold: 1.14798    Mu*_xs: -0.53407   Cv*/N_xs:  1.12555         E(kJ/mol): -5.359     P(bar):    1.341     
Step:  2839999    NAcc:  1419999    fAcc:  0.500      Maxd:  0.23456    E*/N:  -5.20406   P*:     2.10083    P*cold: 1.14083    Mu*_xs: -0.54226   Cv*/N_xs:  1.15543         E(kJ/mol): -5.190     P(bar):    1.961     
Step:  2859999    NAcc:  1430000    fAcc:  0.500      Maxd:  0.27860    E*/N:  -5.28698   P*:     2.10210    P*cold: 1.14210    Mu*_xs: -0.56355   Cv*/N_xs:  1.13725         E(kJ/mol): -5.273     P(bar):    1.735     
Step:  2879999    NAcc:  1439999    fAcc:  0.500      Maxd:  0.25624    E*/N:  -5.19862   P*:     2.10785    P*cold: 1.14785    Mu*_xs: -0.62012   Cv*/N_xs:  1.14645         E(kJ/mol): -5.185     P(bar):    2.039     
Step:  2899999    NAcc:  1449997    fAcc:  0.500      Maxd:  0.28978    E*/N:  -5.22356   P*:     2.11072    P*cold: 1.15072    Mu*_xs: -0.61706   Cv*/N_xs:  1.13638         E(kJ/mol): -5.210     P(bar):    1.875     
Step:  2919999    NAcc:  1460000    fAcc:  0.500      Maxd:  0.23398    E*/N:  -5.23557   P*:     2.11034    P*cold: 1.15034    Mu*_xs: -0.60944   Cv*/N_xs:  1.12424         E(kJ/mol): -5.222     P(bar):    1.900     
Step:  2939999    NAcc:  1469998    fAcc:  0.500      Maxd:  0.27708    E*/N:  -5.33727   P*:     2.11230    P*cold: 1.15230    Mu*_xs: -0.59974   Cv*/N_xs:  1.11684         E(kJ/mol): -5.323     P(bar):    1.482     
Step:  2959999    NAcc:  1480000    fAcc:  0.500      Maxd:  0.25549    E*/N:  -5.27658   P*:     2.11316    P*cold: 1.15316    Mu*_xs: -0.58439   Cv*/N_xs:  1.10790         E(kJ/mol): -5.263     P(bar):    1.664     
Step:  2979999    NAcc:  1490000    fAcc:  0.500      Maxd:  0.46743    E*/N:  -5.27169   P*:     2.11203    P*cold: 1.15203    Mu*_xs: -0.58274   Cv*/N_xs:  1.10042         E(kJ/mol): -5.258     P(bar):    1.743     
Step:  2999999    NAcc:  1500000    fAcc:  0.500      Maxd:  0.26534    E*/N:  -5.28912   P*:     2.10752    P*cold: 1.14752    Mu*_xs: -0.58574   Cv*/N_xs:  1.11830         E(kJ/mol): -5.275     P(bar):    1.706     
Step:  3019999    NAcc:  1509995    fAcc:  0.500      Maxd:  0.28023    E*/N:  -5.25649   P*:     2.10738    P*cold: 1.14738    Mu*_xs: -0.57295   Cv*/N_xs:  1.11794         E(kJ/mol): -5.243     P(bar):    1.911     
Step:  3039999    NAcc:  1520002    fAcc:  0.500      Maxd:  1.38950    E*/N:  -5.20759   P*:     2.11013    P*cold: 1.15013    Mu*_xs: -0.56475   Cv*/N_xs:  1.10715         E(kJ/mol): -5.194     P(bar):    2.010     
Step:  3059999    NAcc:  1530002    fAcc:  0.500      Maxd:  0.88307    E*/N:  -5.31795   P*:     2.11414    P*cold: 1.15414    Mu*_xs: -0.55690   Cv*/N_xs:  1.10681         E(kJ/mol): -5.304     P(bar):    1.564     
Step:  3079999    NAcc:  1540000    fAcc:  0.500      Maxd:  1.10440    E*/N:  -5.17508   P*:     2.11616    P*cold: 1.15616    Mu*_xs: -0.56074   Cv*/N_xs:  1.09444         E(kJ/mol): -5.162     P(bar):    2.113     
Step:  3099999    NAcc:  1549999    fAcc:  0.500      Maxd:  0.28271    E*/N:  -5.21015   P*:     2.12329    P*cold: 1.16329    Mu*_xs: -0.56099   Cv*/N_xs:  1.12465         E(kJ/mol): -5.197     P(bar):    2.127     
Step:  3119999    NAcc:  1559998    fAcc:  0.500      Maxd:  0.24559    E*/N:  -5.23067   P*:     2.12591    P*cold: 1.16591    Mu*_xs: -0.55911   Cv*/N_xs:  1.11513         E(kJ/mol): -5.217     P(bar):    1.949     
Step:  3139999    NAcc:  1570002    fAcc:  0.500      Maxd:  0.55162    E*/N:  -5.27609   P*:     2.13071    P*cold: 1.17071    Mu*_xs: -0.54694   Cv*/N_xs:  1.11379         E(kJ/mol): -5.262     P(bar):    1.795     
Step:  3159999    NAcc:  1579998    fAcc:  0.500      Maxd:  0.25221    E*/N:  -5.22794   P*:     2.13357    P*cold: 1.17357    Mu*_xs: -0.55823   Cv*/N_xs:  1.11232         E(kJ/mol): -5.214     P(bar):    2.011     
Step:  3179999    NAcc:  1590000    fAcc:  0.500      Maxd:  0.24407    E*/N:  -5.23231   P*:     2.13865    P*cold: 1.17865    Mu*_xs: -0.56646   Cv*/N_xs:  1.12362         E(kJ/mol): -5.219     P(bar):    2.011     
Step:  3199999    NAcc:  1599998    fAcc:  0.500      Maxd:  0.25139    E*/N:  -5.21073   P*:     2.14033    P*cold: 1.18033    Mu*_xs: -0.56067   Cv*/N_xs:  1.11407         E(kJ/mol): -5.197     P(bar):    1.939     
Step:  3219999    NAcc:  1610000    fAcc:  0.500      Maxd:  0.28181    E*/N:  -5.29788   P*:     2.14055    P*cold: 1.18055    Mu*_xs: -0.54291   Cv*/N_xs:  1.11162         E(kJ/mol): -5.284     P(bar):    1.615     
Step:  3239999    NAcc:  1619999    fAcc:  0.500      Maxd:  0.27333    E*/N:  -5.24478   P*:     2.13878    P*cold: 1.17878    Mu*_xs: -0.52751   Cv*/N_xs:  1.11007         E(kJ/mol): -5.231     P(bar):    1.772     
Step:  3259999    NAcc:  1630000    fAcc:  0.500      Maxd:  0.64416    E*/N:  -5.32989   P*:     2.13715    P*cold: 1.17715    Mu*_xs: -0.53331   Cv*/N_xs:  1.10507         E(kJ/mol): -5.316     P(bar):    1.534     
Step:  3279999    NAcc:  1640000    fAcc:  0.500      Maxd:  0.35976    E*/N:  -5.26877   P*:     2.13396    P*cold: 1.17396    Mu*_xs: -0.52486   Cv*/N_xs:  1.11064         E(kJ/mol): -5.255     P(bar):    1.748     
Step:  3299999    NAcc:  1649999    fAcc:  0.500      Maxd:  0.24784    E*/N:  -5.39067   P*:     2.13134    P*cold: 1.17134    Mu*_xs: -0.52419   Cv*/N_xs:  1.11308         E(kJ/mol): -5.377     P(bar):    1.259     
Step:  3319999    NAcc:  1659999    fAcc:  0.500      Maxd:  0.27239    E*/N:  -5.31058   P*:     2.12655    P*cold: 1.16655    Mu*_xs: -0.54023   Cv*/N_xs:  1.13257         E(kJ/mol): -5.297     P(bar):    1.589     
Step:  3339999    NAcc:  1669999    fAcc:  0.500      Maxd:  0.26294    E*/N:  -5.25288   P*:     2.12715    P*cold: 1.16715    Mu*_xs: -0.52319   Cv*/N_xs:  1.12539         E(kJ/mol): -5.239     P(bar):    1.790     
Step:  3359999    NAcc:  1679998    fAcc:  0.500      Maxd:  0.67780    E*/N:  -5.27117   P*:     2.12761    P*cold: 1.16761    Mu*_xs: -0.51598   Cv*/N_xs:  1.12461         E(kJ/mol): -5.257     P(bar):    1.741     
Step:  3379999    NAcc:  1690001    fAcc:  0.500      Maxd:  0.34808    E*/N:  -5.27937   P*:     2.12598    P*cold: 1.16598    Mu*_xs: -0.52015   Cv*/N_xs:  1.11551         E(kJ/mol): -5.266     P(bar):    1.730     
Step:  3399999    NAcc:  1700000    fAcc:  0.500      Maxd:  0.29328    E*/N:  -5.24130   P*:     2.12760    P*cold: 1.16760    Mu*_xs: -0.50766   Cv*/N_xs:  1.11404         E(kJ/mol): -5.228     P(bar):    1.855     
Step:  3419999    NAcc:  1710000    fAcc:  0.500      Maxd:  0.25035    E*/N:  -5.17741   P*:     2.13030    P*cold: 1.17030    Mu*_xs: -0.50352   Cv*/N_xs:  1.11801         E(kJ/mol): -5.164     P(bar):    2.159     
Step:  3439999    NAcc:  1720000    fAcc:  0.500      Maxd:  0.33618    E*/N:  -5.19620   P*:     2.13322    P*cold: 1.17322    Mu*_xs: -0.49777   Cv*/N_xs:  1.11650         E(kJ/mol): -5.183     P(bar):    2.011     
Step:  3459999    NAcc:  1729999    fAcc:  0.500      Maxd:  0.26315    E*/N:  -5.23494   P*:     2.13476    P*cold: 1.17476    Mu*_xs: -0.48830   Cv*/N_xs:  1.11108         E(kJ/mol): -5.221     P(bar):    1.810     
Step:  3479999    NAcc:  1740001    fAcc:  0.500      Maxd:  0.41231    E*/N:  -5.18141   P*:     2.13760    P*cold: 1.17760    Mu*_xs: -0.47601   Cv*/N_xs:  1.11807         E(kJ/mol): -5.168     P(bar):    2.038     
Step:  3499999    NAcc:  1749999    fAcc:  0.500      Maxd:  0.48728    E*/N:  -5.18693   P*:     2.13755    P*cold: 1.17755    Mu*_xs: -0.47027   Cv*/N_xs:  1.11106         E(kJ/mol): -5.173     P(bar):    2.001     
Step:  3519999    NAcc:  1760001    fAcc:  0.500      Maxd:  0.86036    E*/N:  -5.22658   P*:     2.13834    P*cold: 1.17834    Mu*_xs: -0.46279   Cv*/N_xs:  1.10818         E(kJ/mol): -5.213     P(bar):    1.998     
Step:  3539999    NAcc:  1769999    fAcc:  0.500      Maxd:  0.29045    E*/N:  -5.28336   P*:     2.13892    P*cold: 1.17892    Mu*_xs: -0.45268   Cv*/N_xs:  1.10518         E(kJ/mol): -5.270     P(bar):    1.704     
Step:  3559999    NAcc:  1779999    fAcc:  0.500      Maxd:  0.26429    E*/N:  -5.24878   P*:     2.13879    P*cold: 1.17879    Mu*_xs: -0.44947   Cv*/N_xs:  1.09773         E(kJ/mol): -5.235     P(bar):    1.862     
Step:  3579999    NAcc:  1790000    fAcc:  0.500      Maxd:  0.42121    E*/N:  -5.22003   P*:     2.14141    P*cold: 1.18141    Mu*_xs: -0.46314   Cv*/N_xs:  1.09627         E(kJ/mol): -5.206     P(bar):    2.090     
Step:  3599999    NAcc:  1800000    fAcc:  0.500      Maxd:  0.23489    E*/N:  -5.35561   P*:     2.14484    P*cold: 1.18484    Mu*_xs: -0.46116   Cv*/N_xs:  1.09900         E(kJ/mol): -5.342     P(bar):    1.475     
Step:  3619999    NAcc:  1810000    fAcc:  0.500      Maxd:  0.28046    E*/N:  -5.26172   P*:     2.14302    P*cold: 1.18302    Mu*_xs: -0.45585   Cv*/N_xs:  1.10091         E(kJ/mol): -5.248     P(bar):    1.801     
Step:  3639999    NAcc:  1820000    fAcc:  0.500      Maxd:  0.37426    E*/N:  -5.18099   P*:     2.14362    P*cold: 1.18362    Mu*_xs: -0.44744   Cv*/N_xs:  1.10156         E(kJ/mol): -5.167     P(bar):    2.150     
Step:  3659999    NAcc:  1829999    fAcc:  0.500      Maxd:  0.43126    E*/N:  -5.31577   P*:     2.14696    P*cold: 1.18696    Mu*_xs: -0.45595   Cv*/N_xs:  1.10549         E(kJ/mol): -5.302     P(bar):    1.615     
Step:  3679999    NAcc:  1840000    fAcc:  0.500      Maxd:  0.28138    E*/N:  -5.29388   P*:     2.14627    P*cold: 1.18627    Mu*_xs: -0.44763   Cv*/N_xs:  1.09699         E(kJ/mol): -5.280     P(bar):    1.610     
Step:  3699999    NAcc:  1849999    fAcc:  0.500      Maxd:  0.28823    E*/N:  -5.24612   P*:     2.14419    P*cold: 1.18419    Mu*_xs: -0.43884   Cv*/N_xs:  1.09346         E(kJ/mol): -5.232     P(bar):    1.847     
Step:  3719999    NAcc:  1860001    fAcc:  0.500      Maxd:  1.14276    E*/N:  -5.27645   P*:     2.14202    P*cold: 1.18202    Mu*_xs: -0.45362   Cv*/N_xs:  1.09260         E(kJ/mol): -5.263     P(bar):    1.741     
Step:  3739999    NAcc:  1870000    fAcc:  0.500      Maxd:  0.27928    E*/N:  -5.31713   P*:     2.14355    P*cold: 1.18355    Mu*_xs: -0.45158   Cv*/N_xs:  1.08992         E(kJ/mol): -5.303     P(bar):    1.540     
Step:  3759999    NAcc:  1880000    fAcc:  0.500      Maxd:  0.67438    E*/N:  -5.18538   P*:     2.14167    P*cold: 1.18167    Mu*_xs: -0.44220   Cv*/N_xs:  1.09458         E(kJ/mol): -5.172     P(bar):    1.991     
Step:  3779999    NAcc:  1889999    fAcc:  0.500      Maxd:  0.28154    E*/N:  -5.29350   P*:     2.14166    P*cold: 1.18166    Mu*_xs: -0.45561   Cv*/N_xs:  1.09012         E(kJ/mol): -5.280     P(bar):    1.708     
Step:  3799999    NAcc:  1899998    fAcc:  0.500      Maxd:  0.27109    E*/N:  -5.16760   P*:     2.14233    P*cold: 1.18233    Mu*_xs: -0.46474   Cv*/N_xs:  1.08608         E(kJ/mol): -5.154     P(bar):    2.199     
Step:  3819999    NAcc:  1910000    fAcc:  0.500      Maxd:  0.28098    E*/N:  -5.26513   P*:     2.14535    P*cold: 1.18535    Mu*_xs: -0.45603   Cv*/N_xs:  1.09694         E(kJ/mol): -5.251     P(bar):    1.739     
Step:  3839999    NAcc:  1919997    fAcc:  0.500      Maxd:  0.24033    E*/N:  -5.22885   P*:     2.14417    P*cold: 1.18417    Mu*_xs: -0.44997   Cv*/N_xs:  1.09331         E(kJ/mol): -5.215     P(bar):    1.972     
Step:  3859999    NAcc:  1929998    fAcc:  0.500      Maxd:  0.23333    E*/N:  -5.21688   P*:     2.14658    P*cold: 1.18658    Mu*_xs: -0.45445   Cv*/N_xs:  1.10025         E(kJ/mol): -5.203     P(bar):    2.065     
Step:  3879999    NAcc:  1940000    fAcc:  0.500      Maxd:  0.24985    E*/N:  -5.27933   P*:     2.14528    P*cold: 1.18528    Mu*_xs: -0.45724   Cv*/N_xs:  1.09882         E(kJ/mol): -5.266     P(bar):    1.717     
Step:  3899999    NAcc:  1949999    fAcc:  0.500      Maxd:  0.23404    E*/N:  -5.23689   P*:     2.14357    P*cold: 1.18357    Mu*_xs: -0.45330   Cv*/N_xs:  1.09932         E(kJ/mol): -5.223     P(bar):    1.858     
Step:  3919999    NAcc:  1959999    fAcc:  0.500      Maxd:  0.25061    E*/N:  -5.25789   P*:     2.14322    P*cold: 1.18322    Mu*_xs: -0.44641   Cv*/N_xs:  1.09239         E(kJ/mol): -5.244     P(bar):    1.726     
Step:  3939999    NAcc:  1970001    fAcc:  0.500      Maxd:  0.54868    E*/N:  -5.26617   P*:     2.14080    P*cold: 1.18080    Mu*_xs: -0.44194   Cv*/N_xs:  1.09958         E(kJ/mol): -5.252     P(bar):    1.745     
Step:  3959999    NAcc:  1979998    fAcc:  0.500      Maxd:  0.29110    E*/N:  -5.19372   P*:     2.14091    P*cold: 1.18091    Mu*_xs: -0.43423   Cv*/N_xs:  1.09561         E(kJ/mol): -5.180     P(bar):    1.966     
Step:  3979999    NAcc:  1989999    fAcc:  0.500      Maxd:  0.24393    E*/N:  -5.25245   P*:     2.14039    P*cold: 1.18039    Mu*_xs: -0.44042   Cv*/N_xs:  1.09087         E(kJ/mol): -5.239     P(bar):    1.763     
Step:  3999999    NAcc:  1999997    fAcc:  0.500      Maxd:  0.28562    E*/N:  -5.18105   P*:     2.14060    P*cold: 1.18060    Mu*_xs: -0.43339   Cv*/N_xs:  1.08410         E(kJ/mol): -5.167     P(bar):    2.118     
Step:  4019999    NAcc:  2009998    fAcc:  0.500      Maxd:  0.26561    E*/N:  -5.14780   P*:     2.14401    P*cold: 1.18401    Mu*_xs: -0.42409   Cv*/N_xs:  1.10262         E(kJ/mol): -5.134     P(bar):    2.139     
Step:  4039999    NAcc:  2020000    fAcc:  0.500      Maxd:  0.27751    E*/N:  -5.15202   P*:     2.14672    P*cold: 1.18672    Mu*_xs: -0.41574   Cv*/N_xs:  1.11524         E(kJ/mol): -5.139     P(bar):    2.172     
Step:  4059999    NAcc:  2029999    fAcc:  0.500      Maxd:  0.26218    E*/N:  -5.24368   P*:     2.14853    P*cold: 1.18853    Mu*_xs: -0.41110   Cv*/N_xs:  1.11612         E(kJ/mol): -5.230     P(bar):    1.800     
Step:  4079999    NAcc:  2039999    fAcc:  0.500      Maxd:  0.36738    E*/N:  -5.31905   P*:     2.14843    P*cold: 1.18843    Mu*_xs: -0.40066   Cv*/N_xs:  1.11029         E(kJ/mol): -5.305     P(bar):    1.460     
Step:  4099999    NAcc:  2050000    fAcc:  0.500      Maxd:  0.50142    E*/N:  -5.23212   P*:     2.14955    P*cold: 1.18955    Mu*_xs: -0.40219   Cv*/N_xs:  1.11530         E(kJ/mol): -5.218     P(bar):    1.870     
Step:  4119999    NAcc:  2060000    fAcc:  0.500      Maxd:  0.28243    E*/N:  -5.29029   P*:     2.14941    P*cold: 1.18941    Mu*_xs: -0.39349   Cv*/N_xs:  1.10973         E(kJ/mol): -5.276     P(bar):    1.671     
Step:  4139999    NAcc:  2069997    fAcc:  0.500      Maxd:  0.27121    E*/N:  -5.30799   P*:     2.14870    P*cold: 1.18870    Mu*_xs: -0.40101   Cv*/N_xs:  1.10588         E(kJ/mol): -5.294     P(bar):    1.592     
Step:  4159999    NAcc:  2080000    fAcc:  0.500      Maxd:  0.24801    E*/N:  -5.31555   P*:     2.14748    P*cold: 1.18748    Mu*_xs: -0.39173   Cv*/N_xs:  1.10896         E(kJ/mol): -5.302     P(bar):    1.567     
Step:  4179999    NAcc:  2089996    fAcc:  0.500      Maxd:  0.24598    E*/N:  -5.23542   P*:     2.14738    P*cold: 1.18738    Mu*_xs: -0.39662   Cv*/N_xs:  1.10872         E(kJ/mol): -5.222     P(bar):    2.004     
Step:  4199999    NAcc:  2100002    fAcc:  0.500      Maxd:  0.82644    E*/N:  -5.29060   P*:     2.14969    P*cold: 1.18969    Mu*_xs: -0.41240   Cv*/N_xs:  1.10738         E(kJ/mol): -5.277     P(bar):    1.683     
Step:  4219999    NAcc:  2109996    fAcc:  0.500      Maxd:  0.27761    E*/N:  -5.25996   P*:     2.14877    P*cold: 1.18877    Mu*_xs: -0.43096   Cv*/N_xs:  1.10258         E(kJ/mol): -5.246     P(bar):    1.809     
Step:  4239999    NAcc:  2120000    fAcc:  0.500      Maxd:  0.33582    E*/N:  -5.28037   P*:     2.14745    P*cold: 1.18745    Mu*_xs: -0.42596   Cv*/N_xs:  1.10125         E(kJ/mol): -5.267     P(bar):    1.715     
Step:  4259999    NAcc:  2130000    fAcc:  0.500      Maxd:  0.50058    E*/N:  -5.30898   P*:     2.14600    P*cold: 1.18600    Mu*_xs: -0.43335   Cv*/N_xs:  1.09938         E(kJ/mol): -5.295     P(bar):    1.587     
Step:  4279999    NAcc:  2139994    fAcc:  0.500      Maxd:  0.29042    E*/N:  -5.24729   P*:     2.14604    P*cold: 1.18604    Mu*_xs: -0.43120   Cv*/N_xs:  1.09846         E(kJ/mol): -5.234     P(bar):    1.774     
Step:  4299999    NAcc:  2150001    fAcc:  0.500      Maxd:  0.51833    E*/N:  -5.23442   P*:     2.14712    P*cold: 1.18712    Mu*_xs: -0.42568   Cv*/N_xs:  1.09627         E(kJ/mol): -5.221     P(bar):    1.928     
Step:  4319999    NAcc:  2160003    fAcc:  0.500      Maxd:  1.42639    E*/N:  -5.28833   P*:     2.14560    P*cold: 1.18560    Mu*_xs: -0.42147   Cv*/N_xs:  1.09751         E(kJ/mol): -5.274     P(bar):    1.685     
Step:  4339999    NAcc:  2169997    fAcc:  0.500      Maxd:  0.27811    E*/N:  -5.22575   P*:     2.14437    P*cold: 1.18437    Mu*_xs: -0.42064   Cv*/N_xs:  1.09753         E(kJ/mol): -5.212     P(bar):    1.841     
Step:  4359999    NAcc:  2180000    fAcc:  0.500      Maxd:  0.69535    E*/N:  -5.24343   P*:     2.14420    P*cold: 1.18420    Mu*_xs: -0.41629   Cv*/N_xs:  1.09253         E(kJ/mol): -5.230     P(bar):    1.821     
Step:  4379999    NAcc:  2189992    fAcc:  0.500      Maxd:  0.28553    E*/N:  -5.27673   P*:     2.14404    P*cold: 1.18404    Mu*_xs: -0.41950   Cv*/N_xs:  1.08701         E(kJ/mol): -5.263     P(bar):    1.617     
Step:  4399999    NAcc:  2199998    fAcc:  0.500      Maxd:  0.29676    E*/N:  -5.27403   P*:     2.14387    P*cold: 1.18387    Mu*_xs: -0.43392   Cv*/N_xs:  1.08616         E(kJ/mol): -5.260     P(bar):    1.659     
Step:  4419999    NAcc:  2209999    fAcc:  0.500      Maxd:  0.26249    E*/N:  -5.22551   P*:     2.14395    P*cold: 1.18395    Mu*_xs: -0.42515   Cv*/N_xs:  1.08081         E(kJ/mol): -5.212     P(bar):    1.798     
Step:  4439999    NAcc:  2220001    fAcc:  0.500      Maxd:  0.39168    E*/N:  -5.20073   P*:     2.14467    P*cold: 1.18467    Mu*_xs: -0.42182   Cv*/N_xs:  1.07943         E(kJ/mol): -5.187     P(bar):    1.942     
Step:  4459999    NAcc:  2229999    fAcc:  0.500      Maxd:  0.47002    E*/N:  -5.29311   P*:     2.14537    P*cold: 1.18537    Mu*_xs: -0.42058   Cv*/N_xs:  1.07749         E(kJ/mol): -5.279     P(bar):    1.625     
Step:  4479999    NAcc:  2240000    fAcc:  0.500      Maxd:  0.36143    E*/N:  -5.18729   P*:     2.14719    P*cold: 1.18719    Mu*_xs: -0.41793   Cv*/N_xs:  1.08637         E(kJ/mol): -5.174     P(bar):    2.064     
Step:  4499999    NAcc:  2250000    fAcc:  0.500      Maxd:  0.28684    E*/N:  -5.24791   P*:     2.14776    P*cold: 1.18776    Mu*_xs: -0.41773   Cv*/N_xs:  1.08487         E(kJ/mol): -5.234     P(bar):    1.796     
Step:  4519999    NAcc:  2259999    fAcc:  0.500      Maxd:  0.26715    E*/N:  -5.20782   P*:     2.14681    P*cold: 1.18681    Mu*_xs: -0.40964   Cv*/N_xs:  1.08063         E(kJ/mol): -5.194     P(bar):    1.909     
Step:  4539999    NAcc:  2270000    fAcc:  0.500      Maxd:  0.24485    E*/N:  -5.30949   P*:     2.14599    P*cold: 1.18599    Mu*_xs: -0.41721   Cv*/N_xs:  1.07715         E(kJ/mol): -5.296     P(bar):    1.513     
Step:  4559999    NAcc:  2279999    fAcc:  0.500      Maxd:  0.28981    E*/N:  -5.22246   P*:     2.14518    P*cold: 1.18518    Mu*_xs: -0.41732   Cv*/N_xs:  1.07329         E(kJ/mol): -5.209     P(bar):    2.009     
Step:  4579999    NAcc:  2290002    fAcc:  0.500      Maxd:  0.52599    E*/N:  -5.19970   P*:     2.14506    P*cold: 1.18506    Mu*_xs: -0.40852   Cv*/N_xs:  1.06713         E(kJ/mol): -5.186     P(bar):    1.859     
Step:  4599999    NAcc:  2299999    fAcc:  0.500      Maxd:  0.31017    E*/N:  -5.24614   P*:     2.14417    P*cold: 1.18417    Mu*_xs: -0.41062   Cv*/N_xs:  1.06494         E(kJ/mol): -5.232     P(bar):    1.644     
Step:  4619999    NAcc:  2309998    fAcc:  0.500      Maxd:  0.25641    E*/N:  -5.22808   P*:     2.14468    P*cold: 1.18468    Mu*_xs: -0.40459   Cv*/N_xs:  1.06590         E(kJ/mol): -5.214     P(bar):    1.866     
Step:  4639999    NAcc:  2320000    fAcc:  0.500      Maxd:  0.25020    E*/N:  -5.21060   P*:     2.14532    P*cold: 1.18532    Mu*_xs: -0.40093   Cv*/N_xs:  1.06221         E(kJ/mol): -5.197     P(bar):    2.058     
Step:  4659999    NAcc:  2330000    fAcc:  0.500      Maxd:  0.24225    E*/N:  -5.35253   P*:     2.14447    P*cold: 1.18447    Mu*_xs: -0.39705   Cv*/N_xs:  1.06267         E(kJ/mol): -5.339     P(bar):    1.431     
Step:  4679999    NAcc:  2339999    fAcc:  0.500      Maxd:  0.28672    E*/N:  -5.28309   P*:     2.14247    P*cold: 1.18247    Mu*_xs: -0.39811   Cv*/N_xs:  1.06655         E(kJ/mol): -5.269     P(bar):    1.590     
Step:  4699999    NAcc:  2349999    fAcc:  0.500      Maxd:  0.23602    E*/N:  -5.25536   P*:     2.14137    P*cold: 1.18137    Mu*_xs: -0.39144   Cv*/N_xs:  1.06277         E(kJ/mol): -5.242     P(bar):    1.727     
Step:  4719999    NAcc:  2360000    fAcc:  0.500      Maxd:  0.70318    E*/N:  -5.23117   P*:     2.14083    P*cold: 1.18083    Mu*_xs: -0.38931   Cv*/N_xs:  1.05892         E(kJ/mol): -5.217     P(bar):    1.929     
Step:  4739999    NAcc:  2369999    fAcc:  0.500      Maxd:  0.28352    E*/N:  -5.24010   P*:     2.14185    P*cold: 1.18185    Mu*_xs: -0.38807   Cv*/N_xs:  1.05473         E(kJ/mol): -5.226     P(bar):    1.943     
Step:  4759999    NAcc:  2379999    fAcc:  0.500      Maxd:  0.27368    E*/N:  -5.17692   P*:     2.14278    P*cold: 1.18278    Mu*_xs: -0.38159   Cv*/N_xs:  1.05390         E(kJ/mol): -5.163     P(bar):    2.015     
Step:  4779999    NAcc:  2389997    fAcc:  0.500      Maxd:  0.23829    E*/N:  -5.27732   P*:     2.14235    P*cold: 1.18235    Mu*_xs: -0.37800   Cv*/N_xs:  1.05417         E(kJ/mol): -5.263     P(bar):    1.766     
Step:  4799999    NAcc:  2399999    fAcc:  0.500      Maxd:  0.57410    E*/N:  -5.33381   P*:     2.14251    P*cold: 1.18251    Mu*_xs: -0.38110   Cv*/N_xs:  1.05833         E(kJ/mol): -5.320     P(bar):    1.525     
Step:  4819999    NAcc:  2410000    fAcc:  0.500      Maxd:  0.23574    E*/N:  -5.25543   P*:     2.14245    P*cold: 1.18245    Mu*_xs: -0.38422   Cv*/N_xs:  1.05510         E(kJ/mol): -5.242     P(bar):    1.715     
Step:  4839999    NAcc:  2420000    fAcc:  0.500      Maxd:  0.25439    E*/N:  -5.26110   P*:     2.14139    P*cold: 1.18139    Mu*_xs: -0.37927   Cv*/N_xs:  1.05255         E(kJ/mol): -5.247     P(bar):    1.752     
Step:  4859999    NAcc:  2429999    fAcc:  0.500      Maxd:  0.23699    E*/N:  -5.22972   P*:     2.14014    P*cold: 1.18014    Mu*_xs: -0.37831   Cv*/N_xs:  1.05362         E(kJ/mol): -5.216     P(bar):    1.860     
Step:  4879999    NAcc:  2440000    fAcc:  0.500      Maxd:  0.28589    E*/N:  -5.31171   P*:     2.13949    P*cold: 1.17949    Mu*_xs: -0.38773   Cv*/N_xs:  1.05279         E(kJ/mol): -5.298     P(bar):    1.588     
Step:  4899999    NAcc:  2449998    fAcc:  0.500      Maxd:  0.31092    E*/N:  -5.22770   P*:     2.13745    P*cold: 1.17745    Mu*_xs: -0.38093   Cv*/N_xs:  1.06251         E(kJ/mol): -5.214     P(bar):    1.910     
Step:  4919999    NAcc:  2459998    fAcc:  0.500      Maxd:  0.28733    E*/N:  -5.27973   P*:     2.13712    P*cold: 1.17712    Mu*_xs: -0.38816   Cv*/N_xs:  1.06017         E(kJ/mol): -5.266     P(bar):    1.641     
Step:  4939999    NAcc:  2470000    fAcc:  0.500      Maxd:  0.74291    E*/N:  -5.19155   P*:     2.13741    P*cold: 1.17741    Mu*_xs: -0.40943   Cv*/N_xs:  1.05682         E(kJ/mol): -5.178     P(bar):    1.982     
Step:  4959999    NAcc:  2480000    fAcc:  0.500      Maxd:  0.72129    E*/N:  -5.24277   P*:     2.13886    P*cold: 1.17886    Mu*_xs: -0.41200   Cv*/N_xs:  1.05951         E(kJ/mol): -5.229     P(bar):    1.932     
Step:  4979999    NAcc:  2489996    fAcc:  0.500      Maxd:  0.28143    E*/N:  -5.22405   P*:     2.13965    P*cold: 1.17965    Mu*_xs: -0.41445   Cv*/N_xs:  1.06083         E(kJ/mol): -5.210     P(bar):    1.974     
Step:  4999999    NAcc:  2500000    fAcc:  0.500      Maxd:  0.33502    E*/N:  -5.21773   P*:     2.13985    P*cold: 1.17985    Mu*_xs: -0.41992   Cv*/N_xs:  1.05779         E(kJ/mol): -5.204     P(bar):    1.971     
# Computed average properties: 
 # E*/N:  -5.25348  
 # P*:     2.13985   
 # Cv*/N_xs:   1.05779        
 # Mu*_xs:  -0.41992  
