# Number of atoms:       500
# Atom type:             Ar
# Molar Mass (g/mol):    39.948
# Density (g/cm^3):      0.844174
# LJ sigma (Angstrom):   3.4
# LJ epsilon/kB (K):     120
# LJ cutoff (Angstrom):  13.6
# LJ cutoff (sigma):     4
# Temperature (K):       144
# Number MC steps:       5e+06
# Output frequency:      20000
# Num. den. (atoms/Ang): 0.0127214
# Box length (x):        34
# Box length (y):        34
# Box length (z):        34
# Init. spacing (Ang):   3.77778
# reduc. density (rho*): 0.5
# reduc. temp (T*):      1.2
Step:  19999      NAcc:  9998       fAcc:  0.500      Maxd:  0.29437    E*/N:  -3.61050   P*:     nan        P*cold: nan        Mu*_xs: -0.00000   Cv*/N_xs:  0.00000         E(kJ/mol): -3.601     P(bar):    0.447     
Step:  39999      NAcc:  19999      fAcc:  0.500      Maxd:  0.31623    E*/N:  -3.61602   P*:     nan        P*cold: nan        Mu*_xs: -0.00000   Cv*/N_xs:  0.00000         E(kJ/mol): -3.607     P(bar):    0.155     
Step:  59999      NAcc:  29998      fAcc:  0.500      Maxd:  0.32393    E*/N:  -3.57057   P*:     nan        P*cold: nan        Mu*_xs: -0.00000   Cv*/N_xs:  0.00000         E(kJ/mol): -3.561     P(bar):    0.142     
Step:  79999      NAcc:  40000      fAcc:  0.500      Maxd:  0.83294    E*/N:  -3.54978   P*:     nan        P*cold: nan        Mu*_xs: -0.00000   Cv*/N_xs:  0.00000         E(kJ/mol): -3.540     P(bar):    0.209     
Step:  99999      NAcc:  50000      fAcc:  0.500      Maxd:  2.54069    E*/N:  -3.55523   P*:     nan        P*cold: nan        Mu*_xs: -0.00000   Cv*/N_xs:  0.00000         E(kJ/mol): -3.546     P(bar):    0.155     
Step:  119999     NAcc:  59997      fAcc:  0.500      Maxd:  0.27425    E*/N:  -3.50949   P*:     nan        P*cold: nan        Mu*_xs: -0.00000   Cv*/N_xs:  0.00000         E(kJ/mol): -3.500     P(bar):    0.063     
Step:  139999     NAcc:  69998      fAcc:  0.500      Maxd:  2.87683    E*/N:  -3.47261   P*:     nan        P*cold: nan        Mu*_xs: -0.00000   Cv*/N_xs:  0.00000         E(kJ/mol): -3.464     P(bar):    0.029     
Step:  159999     NAcc:  79999      fAcc:  0.500      Maxd:  0.28362    E*/N:  -3.44204   P*:     nan        P*cold: nan        Mu*_xs: -0.00000   Cv*/N_xs:  0.00000         E(kJ/mol): -3.433     P(bar):    0.187     
Step:  179999     NAcc:  90001      fAcc:  0.500      Maxd:  0.65499    E*/N:  -3.51635   P*:     nan        P*cold: nan        Mu*_xs: -0.00000   Cv*/N_xs:  0.00000         E(kJ/mol): -3.507     P(bar):    -0.131    
Step:  199999     NAcc:  100000     fAcc:  0.500      Maxd:  1.02806    E*/N:  -3.43630   P*:     nan        P*cold: nan        Mu*_xs: -0.00000   Cv*/N_xs:  0.00000         E(kJ/mol): -3.427     P(bar):    -0.029    
Step:  219999     NAcc:  110000     fAcc:  0.500      Maxd:  1.63560    E*/N:  -3.46161   P*:     nan        P*cold: nan        Mu*_xs: -0.00000   Cv*/N_xs:  0.00000         E(kJ/mol): -3.453     P(bar):    0.163     
Step:  239999     NAcc:  119999     fAcc:  0.500      Maxd:  0.82083    E*/N:  -3.49139   P*:     nan        P*cold: nan        Mu*_xs: -0.00000   Cv*/N_xs:  0.00000         E(kJ/mol): -3.482     P(bar):    0.175     
Step:  259999     NAcc:  130001     fAcc:  0.500      Maxd:  0.57909    E*/N:  -3.49947   P*:     nan        P*cold: nan        Mu*_xs: -0.00000   Cv*/N_xs:  0.00000         E(kJ/mol): -3.490     P(bar):    0.113     
Step:  279999     NAcc:  140000     fAcc:  0.500      Maxd:  0.32939    E*/N:  -3.45914   P*:     nan        P*cold: nan        Mu*_xs: -0.00000   Cv*/N_xs:  0.00000         E(kJ/mol): -3.450     P(bar):    0.107     
Step:  299999     NAcc:  150001     fAcc:  0.500      Maxd:  1.78868    E*/N:  -3.47334   P*:     nan        P*cold: nan        Mu*_xs: -0.00000   Cv*/N_xs:  0.00000         E(kJ/mol): -3.464     P(bar):    0.068     
Step:  319999     NAcc:  160002     fAcc:  0.500      Maxd:  0.61177    E*/N:  -3.46967   P*:     nan        P*cold: nan        Mu*_xs: -0.00000   Cv*/N_xs:  0.00000         E(kJ/mol): -3.461     P(bar):    -0.033    
Step:  339999     NAcc:  170001     fAcc:  0.500      Maxd:  0.46030    E*/N:  -3.46323   P*:     nan        P*cold: nan        Mu*_xs: -0.00000   Cv*/N_xs:  0.00000         E(kJ/mol): -3.454     P(bar):    0.038     
Step:  359999     NAcc:  180000     fAcc:  0.500      Maxd:  0.33364    E*/N:  -3.41590   P*:     nan        P*cold: nan        Mu*_xs: -0.00000   Cv*/N_xs:  0.00000         E(kJ/mol): -3.407     P(bar):    0.142     
Step:  379999     NAcc:  190000     fAcc:  0.500      Maxd:  1.05905    E*/N:  -3.39855   P*:     nan        P*cold: nan        Mu*_xs: -0.00000   Cv*/N_xs:  0.00000         E(kJ/mol): -3.390     P(bar):    0.064     
Step:  399999     NAcc:  200000     fAcc:  0.500      Maxd:  0.33642    E*/N:  -3.42618   P*:     nan        P*cold: nan        Mu*_xs: -0.00000   Cv*/N_xs:  0.00000         E(kJ/mol): -3.417     P(bar):    0.048     
Step:  419999     NAcc:  210001     fAcc:  0.500      Maxd:  3.18068    E*/N:  -3.43442   P*:     nan        P*cold: nan        Mu*_xs: -0.00000   Cv*/N_xs:  0.00000         E(kJ/mol): -3.425     P(bar):    0.023     
Step:  439999     NAcc:  219996     fAcc:  0.500      Maxd:  0.28993    E*/N:  -3.47413   P*:     nan        P*cold: nan        Mu*_xs: -0.00000   Cv*/N_xs:  0.00000         E(kJ/mol): -3.465     P(bar):    -0.039    
Step:  459999     NAcc:  230001     fAcc:  0.500      Maxd:  0.65694    E*/N:  -3.44582   P*:     nan        P*cold: nan        Mu*_xs: -0.00000   Cv*/N_xs:  0.00000         E(kJ/mol): -3.437     P(bar):    0.046     
Step:  479999     NAcc:  240000     fAcc:  0.500      Maxd:  0.29403    E*/N:  -3.40427   P*:     nan        P*cold: nan        Mu*_xs: -0.00000   Cv*/N_xs:  0.00000         E(kJ/mol): -3.395     P(bar):    0.110     
Step:  499999     NAcc:  249999     fAcc:  0.500      Maxd:  0.39524    E*/N:  -3.40617   P*:     nan        P*cold: nan        Mu*_xs: -0.00000   Cv*/N_xs:  0.00000         E(kJ/mol): -3.397     P(bar):    0.216     
Step:  519999     NAcc:  260001     fAcc:  0.500      Maxd:  0.48438    E*/N:  -3.40953   P*:     nan        P*cold: nan        Mu*_xs: -0.00000   Cv*/N_xs:  0.00000         E(kJ/mol): -3.401     P(bar):    0.066     
Step:  539999     NAcc:  269998     fAcc:  0.500      Maxd:  0.36445    E*/N:  -3.35694   P*:     nan        P*cold: nan        Mu*_xs: -0.00000   Cv*/N_xs:  0.00000         E(kJ/mol): -3.348     P(bar):    0.053     
Step:  559999     NAcc:  280000     fAcc:  0.500      Maxd:  0.27948    E*/N:  -3.37037   P*:     nan        P*cold: nan        Mu*_xs: -0.00000   Cv*/N_xs:  0.00000         E(kJ/mol): -3.362     P(bar):    0.115     
Step:  579999     NAcc:  290001     fAcc:  0.500      Maxd:  0.40529    E*/N:  -3.39278   P*:     nan        P*cold: nan        Mu*_xs: -0.00000   Cv*/N_xs:  0.00000         E(kJ/mol): -3.384     P(bar):    0.064     
Step:  599999     NAcc:  300000     fAcc:  0.500      Maxd:  0.33623    E*/N:  -3.44649   P*:     nan        P*cold: nan        Mu*_xs: -0.00000   Cv*/N_xs:  0.00000         E(kJ/mol): -3.437     P(bar):    0.107     
Step:  619999     NAcc:  309998     fAcc:  0.500      Maxd:  0.33953    E*/N:  -3.41465   P*:     nan        P*cold: nan        Mu*_xs: -0.00000   Cv*/N_xs:  0.00000         E(kJ/mol): -3.406     P(bar):    0.077     
Step:  639999     NAcc:  320001     fAcc:  0.500      Maxd:  0.60235    E*/N:  -3.35607   P*:     nan        P*cold: nan        Mu*_xs: -0.00000   Cv*/N_xs:  0.00000         E(kJ/mol): -3.347     P(bar):    0.203     
Step:  659999     NAcc:  330002     fAcc:  0.500      Maxd:  0.59027    E*/N:  -3.38921   P*:     nan        P*cold: nan        Mu*_xs: -0.00000   Cv*/N_xs:  0.00000         E(kJ/mol): -3.380     P(bar):    -0.075    
Step:  679999     NAcc:  340001     fAcc:  0.500      Maxd:  0.93651    E*/N:  -3.35488   P*:     nan        P*cold: nan        Mu*_xs: -0.00000   Cv*/N_xs:  0.00000         E(kJ/mol): -3.346     P(bar):    0.066     
Step:  699999     NAcc:  350001     fAcc:  0.500      Maxd:  1.44474    E*/N:  -3.38417   P*:     nan        P*cold: nan        Mu*_xs: -0.00000   Cv*/N_xs:  0.00000         E(kJ/mol): -3.375     P(bar):    0.090     
Step:  719999     NAcc:  360001     fAcc:  0.500      Maxd:  0.49911    E*/N:  -3.43975   P*:     nan        P*cold: nan        Mu*_xs: -0.00000   Cv*/N_xs:  0.00000         E(kJ/mol): -3.431     P(bar):    -0.025    
Step:  739999     NAcc:  370000     fAcc:  0.500      Maxd:  1.62771    E*/N:  -3.43194   P*:     nan        P*cold: nan        Mu*_xs: -0.00000   Cv*/N_xs:  0.00000         E(kJ/mol): -3.423     P(bar):    -0.144    
Step:  759999     NAcc:  380000     fAcc:  0.500      Maxd:  1.92898    E*/N:  -3.44290   P*:     nan        P*cold: nan        Mu*_xs: -0.00000   Cv*/N_xs:  0.00000         E(kJ/mol): -3.434     P(bar):    0.014     
Step:  779999     NAcc:  390000     fAcc:  0.500      Maxd:  3.78179    E*/N:  -3.40523   P*:     nan        P*cold: nan        Mu*_xs: -0.00000   Cv*/N_xs:  0.00000         E(kJ/mol): -3.396     P(bar):    -0.023    
Step:  799999     NAcc:  400000     fAcc:  0.500      Maxd:  1.63310    E*/N:  -3.41788   P*:     nan        P*cold: nan        Mu*_xs: -0.00000   Cv*/N_xs:  0.00000         E(kJ/mol): -3.409     P(bar):    -0.047    
Step:  819999     NAcc:  410001     fAcc:  0.500      Maxd:  1.41163    E*/N:  -3.44887   P*:     nan        P*cold: nan        Mu*_xs: -0.00000   Cv*/N_xs:  0.00000         E(kJ/mol): -3.440     P(bar):    0.002     
Step:  839999     NAcc:  419998     fAcc:  0.500      Maxd:  0.31827    E*/N:  -3.45472   P*:     nan        P*cold: nan        Mu*_xs: -0.00000   Cv*/N_xs:  0.00000         E(kJ/mol): -3.446     P(bar):    -0.075    
Step:  859999     NAcc:  430001     fAcc:  0.500      Maxd:  1.38540    E*/N:  -3.43942   P*:     nan        P*cold: nan        Mu*_xs: -0.00000   Cv*/N_xs:  0.00000         E(kJ/mol): -3.430     P(bar):    0.002     
Step:  879999     NAcc:  440001     fAcc:  0.500      Maxd:  1.18855    E*/N:  -3.47941   P*:     nan        P*cold: nan        Mu*_xs: -0.00000   Cv*/N_xs:  0.00000         E(kJ/mol): -3.470     P(bar):    0.046     
Step:  899999     NAcc:  450000     fAcc:  0.500      Maxd:  0.32423    E*/N:  -3.38525   P*:     nan        P*cold: nan        Mu*_xs: -0.00000   Cv*/N_xs:  0.00000         E(kJ/mol): -3.376     P(bar):    0.187     
Step:  919999     NAcc:  460000     fAcc:  0.500      Maxd:  0.29874    E*/N:  -3.46853   P*:     nan        P*cold: nan        Mu*_xs: -0.00000   Cv*/N_xs:  0.00000         E(kJ/mol): -3.459     P(bar):    0.247     
Step:  939999     NAcc:  470000     fAcc:  0.500      Maxd:  1.88958    E*/N:  -3.42202   P*:     nan        P*cold: nan        Mu*_xs: -0.00000   Cv*/N_xs:  0.00000         E(kJ/mol): -3.413     P(bar):    0.226     
Step:  959999     NAcc:  479997     fAcc:  0.500      Maxd:  0.33912    E*/N:  -3.52417   P*:     nan        P*cold: nan        Mu*_xs: -0.00000   Cv*/N_xs:  0.00000         E(kJ/mol): -3.515     P(bar):    0.006     
Step:  979999     NAcc:  489996     fAcc:  0.500      Maxd:  0.28473    E*/N:  -3.44764   P*:     nan        P*cold: nan        Mu*_xs: -0.00000   Cv*/N_xs:  0.00000         E(kJ/mol): -3.439     P(bar):    0.232     
Step:  999999     NAcc:  500000     fAcc:  0.500      Maxd:  0.31991    E*/N:  -3.52277   P*:     nan        P*cold: nan        Mu*_xs: -0.00000   Cv*/N_xs:  0.00000         E(kJ/mol): -3.514     P(bar):    0.116     
Step:  1019999    NAcc:  509999     fAcc:  0.500      Maxd:  0.30520    E*/N:  -3.53257   P*:     nan        P*cold: nan        Mu*_xs: -0.00000   Cv*/N_xs:  0.00000         E(kJ/mol): -3.523     P(bar):    0.158     
Step:  1039999    NAcc:  520001     fAcc:  0.500      Maxd:  0.42959    E*/N:  -3.57227   P*:     nan        P*cold: nan        Mu*_xs: -0.00000   Cv*/N_xs:  0.00000         E(kJ/mol): -3.563     P(bar):    -0.028    
Step:  1059999    NAcc:  530000     fAcc:  0.500      Maxd:  1.39154    E*/N:  -3.50517   P*:     nan        P*cold: nan        Mu*_xs: -0.00000   Cv*/N_xs:  0.00000         E(kJ/mol): -3.496     P(bar):    0.281     
Step:  1079999    NAcc:  540001     fAcc:  0.500      Maxd:  0.40667    E*/N:  -3.48767   P*:     nan        P*cold: nan        Mu*_xs: -0.00000   Cv*/N_xs:  0.00000         E(kJ/mol): -3.479     P(bar):    0.017     
Step:  1099999    NAcc:  550000     fAcc:  0.500      Maxd:  0.31023    E*/N:  -3.44014   P*:     nan        P*cold: nan        Mu*_xs: -0.00000   Cv*/N_xs:  0.00000         E(kJ/mol): -3.431     P(bar):    0.130     
Step:  1119999    NAcc:  559999     fAcc:  0.500      Maxd:  0.69924    E*/N:  -3.41902   P*:     nan        P*cold: nan        Mu*_xs: -0.00000   Cv*/N_xs:  0.00000         E(kJ/mol): -3.410     P(bar):    0.164     
Step:  1139999    NAcc:  569998     fAcc:  0.500      Maxd:  0.31391    E*/N:  -3.52904   P*:     nan        P*cold: nan        Mu*_xs: -0.00000   Cv*/N_xs:  0.00000         E(kJ/mol): -3.520     P(bar):    0.017     
Step:  1159999    NAcc:  580000     fAcc:  0.500      Maxd:  0.32757    E*/N:  -3.51094   P*:     nan        P*cold: nan        Mu*_xs: -0.00000   Cv*/N_xs:  0.00000         E(kJ/mol): -3.502     P(bar):    -0.000    
Step:  1179999    NAcc:  590002     fAcc:  0.500      Maxd:  0.98279    E*/N:  -3.46524   P*:     nan        P*cold: nan        Mu*_xs: -0.00000   Cv*/N_xs:  0.00000         E(kJ/mol): -3.456     P(bar):    0.111     
Step:  1199999    NAcc:  600000     fAcc:  0.500      Maxd:  0.29829    E*/N:  -3.41384   P*:     nan        P*cold: nan        Mu*_xs: -0.00000   Cv*/N_xs:  0.00000         E(kJ/mol): -3.405     P(bar):    0.112     
Step:  1219999    NAcc:  610002     fAcc:  0.500      Maxd:  0.89003    E*/N:  -3.41207   P*:     nan        P*cold: nan        Mu*_xs: -0.00000   Cv*/N_xs:  0.00000         E(kJ/mol): -3.403     P(bar):    0.044     
Step:  1239999    NAcc:  619998     fAcc:  0.500      Maxd:  0.33023    E*/N:  -3.42722   P*:     nan        P*cold: nan        Mu*_xs: -0.00000   Cv*/N_xs:  0.00000         E(kJ/mol): -3.418     P(bar):    0.054     
Step:  1259999    NAcc:  630000     fAcc:  0.500      Maxd:  0.28630    E*/N:  -3.43150   P*:     nan        P*cold: nan        Mu*_xs: -0.00000   Cv*/N_xs:  0.00000         E(kJ/mol): -3.423     P(bar):    0.051     
Step:  1279999    NAcc:  640000     fAcc:  0.500      Maxd:  0.71313    E*/N:  -3.36869   P*:     nan        P*cold: nan        Mu*_xs: -0.00000   Cv*/N_xs:  0.00000         E(kJ/mol): -3.360     P(bar):    0.183     
Step:  1299999    NAcc:  650000     fAcc:  0.500      Maxd:  1.26167    E*/N:  -3.42208   P*:     nan        P*cold: nan        Mu*_xs: -0.00000   Cv*/N_xs:  0.00000         E(kJ/mol): -3.413     P(bar):    0.135     
Step:  1319999    NAcc:  659999     fAcc:  0.500      Maxd:  0.77440    E*/N:  -3.36156   P*:     nan        P*cold: nan        Mu*_xs: -0.00000   Cv*/N_xs:  0.00000         E(kJ/mol): -3.353     P(bar):    0.192     
Step:  1339999    NAcc:  669999     fAcc:  0.500      Maxd:  0.32297    E*/N:  -3.38869   P*:     nan        P*cold: nan        Mu*_xs: -0.00000   Cv*/N_xs:  0.00000         E(kJ/mol): -3.380     P(bar):    0.179     
Step:  1359999    NAcc:  680000     fAcc:  0.500      Maxd:  1.86577    E*/N:  -3.43799   P*:     nan        P*cold: nan        Mu*_xs: -0.00000   Cv*/N_xs:  0.00000         E(kJ/mol): -3.429     P(bar):    -0.081    
Step:  1379999    NAcc:  689999     fAcc:  0.500      Maxd:  0.35063    E*/N:  -3.36161   P*:     nan        P*cold: nan        Mu*_xs: -0.00000   Cv*/N_xs:  0.00000         E(kJ/mol): -3.353     P(bar):    0.231     
Step:  1399999    NAcc:  700001     fAcc:  0.500      Maxd:  0.54269    E*/N:  -3.36597   P*:     nan        P*cold: nan        Mu*_xs: -0.00000   Cv*/N_xs:  0.00000         E(kJ/mol): -3.357     P(bar):    0.148     
Step:  1419999    NAcc:  709998     fAcc:  0.500      Maxd:  0.43732    E*/N:  -3.39301   P*:     nan        P*cold: nan        Mu*_xs: -0.00000   Cv*/N_xs:  0.00000         E(kJ/mol): -3.384     P(bar):    0.029     
Step:  1439999    NAcc:  719999     fAcc:  0.500      Maxd:  1.26529    E*/N:  -3.37863   P*:     nan        P*cold: nan        Mu*_xs: -0.00000   Cv*/N_xs:  0.00000         E(kJ/mol): -3.370     P(bar):    0.080     
Step:  1459999    NAcc:  730000     fAcc:  0.500      Maxd:  0.79314    E*/N:  -3.39503   P*:     nan        P*cold: nan        Mu*_xs: -0.00000   Cv*/N_xs:  0.00000         E(kJ/mol): -3.386     P(bar):    0.035     
Step:  1479999    NAcc:  740000     fAcc:  0.500      Maxd:  0.65503    E*/N:  -3.35142   P*:     nan        P*cold: nan        Mu*_xs: -0.00000   Cv*/N_xs:  0.00000         E(kJ/mol): -3.343     P(bar):    0.133     
Step:  1499999    NAcc:  750000     fAcc:  0.500      Maxd:  0.61621    E*/N:  -3.43903   P*:     nan        P*cold: nan        Mu*_xs: -0.00000   Cv*/N_xs:  0.00000         E(kJ/mol): -3.430     P(bar):    0.037     
Step:  1519999    NAcc:  759999     fAcc:  0.500      Maxd:  1.13534    E*/N:  -3.38200   P*:     nan        P*cold: nan        Mu*_xs: -0.00000   Cv*/N_xs:  0.00000         E(kJ/mol): -3.373     P(bar):    0.179     
Step:  1539999    NAcc:  770001     fAcc:  0.500      Maxd:  0.91445    E*/N:  -3.41100   P*:     nan        P*cold: nan        Mu*_xs: -0.00000   Cv*/N_xs:  0.00000         E(kJ/mol): -3.402     P(bar):    0.091     
Step:  1559999    NAcc:  780001     fAcc:  0.500      Maxd:  1.17265    E*/N:  -3.40626   P*:     nan        P*cold: nan        Mu*_xs: -0.00000   Cv*/N_xs:  0.00000         E(kJ/mol): -3.397     P(bar):    0.093     
Step:  1579999    NAcc:  790000     fAcc:  0.500      Maxd:  0.32344    E*/N:  -3.36485   P*:     nan        P*cold: nan        Mu*_xs: -0.00000   Cv*/N_xs:  0.00000         E(kJ/mol): -3.356     P(bar):    0.148     
Step:  1599999    NAcc:  799999     fAcc:  0.500      Maxd:  0.33457    E*/N:  -3.42105   P*:     nan        P*cold: nan        Mu*_xs: -0.00000   Cv*/N_xs:  0.00000         E(kJ/mol): -3.412     P(bar):    -0.141    
Step:  1619999    NAcc:  810001     fAcc:  0.500      Maxd:  0.40421    E*/N:  -3.32292   P*:     nan        P*cold: nan        Mu*_xs: -0.00000   Cv*/N_xs:  0.00000         E(kJ/mol): -3.314     P(bar):    0.140     
Step:  1639999    NAcc:  819997     fAcc:  0.500      Maxd:  0.66055    E*/N:  -3.37897   P*:     nan        P*cold: nan        Mu*_xs: -0.00000   Cv*/N_xs:  0.00000         E(kJ/mol): -3.370     P(bar):    0.008     
Step:  1659999    NAcc:  830001     fAcc:  0.500      Maxd:  1.41295    E*/N:  -3.39562   P*:     nan        P*cold: nan        Mu*_xs: -0.00000   Cv*/N_xs:  0.00000         E(kJ/mol): -3.387     P(bar):    0.176     
Step:  1679999    NAcc:  839997     fAcc:  0.500      Maxd:  0.33923    E*/N:  -3.43269   P*:     nan        P*cold: nan        Mu*_xs: -0.00000   Cv*/N_xs:  0.00000         E(kJ/mol): -3.424     P(bar):    0.020     
Step:  1699999    NAcc:  850000     fAcc:  0.500      Maxd:  0.33243    E*/N:  -3.36338   P*:     nan        P*cold: nan        Mu*_xs: -0.00000   Cv*/N_xs:  0.00000         E(kJ/mol): -3.355     P(bar):    0.166     
Step:  1719999    NAcc:  860001     fAcc:  0.500      Maxd:  0.40944    E*/N:  -3.44711   P*:     nan        P*cold: nan        Mu*_xs: -0.00000   Cv*/N_xs:  0.00000         E(kJ/mol): -3.438     P(bar):    -0.027    
Step:  1739999    NAcc:  870002     fAcc:  0.500      Maxd:  1.92378    E*/N:  -3.37763   P*:     nan        P*cold: nan        Mu*_xs: -0.00000   Cv*/N_xs:  0.00000         E(kJ/mol): -3.369     P(bar):    0.159     
Step:  1759999    NAcc:  880001     fAcc:  0.500      Maxd:  0.69281    E*/N:  -3.41160   P*:     nan        P*cold: nan        Mu*_xs: -0.00000   Cv*/N_xs:  0.00000         E(kJ/mol): -3.403     P(bar):    0.246     
Step:  1779999    NAcc:  890001     fAcc:  0.500      Maxd:  0.58185    E*/N:  -3.35730   P*:     nan        P*cold: nan        Mu*_xs: -0.00000   Cv*/N_xs:  0.00000         E(kJ/mol): -3.349     P(bar):    0.200     
Step:  1799999    NAcc:  900000     fAcc:  0.500      Maxd:  0.27656    E*/N:  -3.42824   P*:     nan        P*cold: nan        Mu*_xs: -0.00000   Cv*/N_xs:  0.00000         E(kJ/mol): -3.419     P(bar):    0.013     
Step:  1819999    NAcc:  909998     fAcc:  0.500      Maxd:  0.29172    E*/N:  -3.38423   P*:     nan        P*cold: nan        Mu*_xs: -0.00000   Cv*/N_xs:  0.00000         E(kJ/mol): -3.375     P(bar):    0.159     
Step:  1839999    NAcc:  920002     fAcc:  0.500      Maxd:  1.34109    E*/N:  -3.50136   P*:     nan        P*cold: nan        Mu*_xs: -0.00000   Cv*/N_xs:  0.00000         E(kJ/mol): -3.492     P(bar):    -0.129    
Step:  1859999    NAcc:  929999     fAcc:  0.500      Maxd:  0.32093    E*/N:  -3.40205   P*:     nan        P*cold: nan        Mu*_xs: -0.00000   Cv*/N_xs:  0.00000         E(kJ/mol): -3.393     P(bar):    0.081     
Step:  1879999    NAcc:  939998     fAcc:  0.500      Maxd:  0.31958    E*/N:  -3.38620   P*:     nan        P*cold: nan        Mu*_xs: -0.00000   Cv*/N_xs:  0.00000         E(kJ/mol): -3.377     P(bar):    0.047     
Step:  1899999    NAcc:  950001     fAcc:  0.500      Maxd:  0.57453    E*/N:  -3.36434   P*:     nan        P*cold: nan        Mu*_xs: -0.00000   Cv*/N_xs:  0.00000         E(kJ/mol): -3.356     P(bar):    0.104     
Step:  1919999    NAcc:  960001     fAcc:  0.500      Maxd:  0.76764    E*/N:  -3.34950   P*:     nan        P*cold: nan        Mu*_xs: -0.00000   Cv*/N_xs:  0.00000         E(kJ/mol): -3.341     P(bar):    0.058     
Step:  1939999    NAcc:  970000     fAcc:  0.500      Maxd:  0.30966    E*/N:  -3.37621   P*:     nan        P*cold: nan        Mu*_xs: -0.00000   Cv*/N_xs:  0.00000         E(kJ/mol): -3.367     P(bar):    0.106     
Step:  1959999    NAcc:  980000     fAcc:  0.500      Maxd:  3.69738    E*/N:  -3.37125   P*:     nan        P*cold: nan        Mu*_xs: -0.00000   Cv*/N_xs:  0.00000         E(kJ/mol): -3.362     P(bar):    0.081     
Step:  1979999    NAcc:  989996     fAcc:  0.500      Maxd:  0.28827    E*/N:  -3.36643   P*:     nan        P*cold: nan        Mu*_xs: -0.00000   Cv*/N_xs:  0.00000         E(kJ/mol): -3.358     P(bar):    0.007     
Step:  1999999    NAcc:  1000001    fAcc:  0.500      Maxd:  0.62018    E*/N:  -3.39361   P*:     nan        P*cold: nan        Mu*_xs: -0.00000   Cv*/N_xs:  0.00000         E(kJ/mol): -3.385     P(bar):    0.122     
Step:  2019999    NAcc:  1010000    fAcc:  0.500      Maxd:  1.20074    E*/N:  -3.42987   P*:     0.05810    P*cold: -0.54190   Mu*_xs: -2.90654   Cv*/N_xs:  0.70116         E(kJ/mol): -3.421     P(bar):    -0.002    
Step:  2039999    NAcc:  1020000    fAcc:  0.500      Maxd:  0.32050    E*/N:  -3.38825   P*:     0.08296    P*cold: -0.51704   Mu*_xs: -2.75261   Cv*/N_xs:  0.60695         E(kJ/mol): -3.379     P(bar):    0.163     
Step:  2059999    NAcc:  1030000    fAcc:  0.500      Maxd:  0.30584    E*/N:  -3.44746   P*:     0.07683    P*cold: -0.52317   Mu*_xs: -2.76070   Cv*/N_xs:  0.47500         E(kJ/mol): -3.438     P(bar):    -0.004    
Step:  2079999    NAcc:  1040001    fAcc:  0.500      Maxd:  0.41100    E*/N:  -3.42216   P*:     0.07715    P*cold: -0.52285   Mu*_xs: -2.74367   Cv*/N_xs:  0.56805         E(kJ/mol): -3.413     P(bar):    0.066     
Step:  2099999    NAcc:  1050001    fAcc:  0.500      Maxd:  0.90394    E*/N:  -3.43532   P*:     0.06823    P*cold: -0.53177   Mu*_xs: -2.73036   Cv*/N_xs:  0.55080         E(kJ/mol): -3.426     P(bar):    -0.016    
Step:  2119999    NAcc:  1060000    fAcc:  0.500      Maxd:  0.30987    E*/N:  -3.38746   P*:     0.05497    P*cold: -0.54503   Mu*_xs: -2.72179   Cv*/N_xs:  0.59435         E(kJ/mol): -3.379     P(bar):    0.138     
Step:  2139999    NAcc:  1070001    fAcc:  0.500      Maxd:  3.66198    E*/N:  -3.45759   P*:     0.05656    P*cold: -0.54344   Mu*_xs: -2.74930   Cv*/N_xs:  0.58836         E(kJ/mol): -3.449     P(bar):    -0.077    
Step:  2159999    NAcc:  1079997    fAcc:  0.500      Maxd:  0.31159    E*/N:  -3.38715   P*:     0.05119    P*cold: -0.54881   Mu*_xs: -2.76049   Cv*/N_xs:  0.55378         E(kJ/mol): -3.378     P(bar):    0.009     
Step:  2179999    NAcc:  1090001    fAcc:  0.500      Maxd:  2.88238    E*/N:  -3.37912   P*:     0.04934    P*cold: -0.55066   Mu*_xs: -2.76168   Cv*/N_xs:  0.54225         E(kJ/mol): -3.370     P(bar):    0.030     
Step:  2199999    NAcc:  1100000    fAcc:  0.500      Maxd:  0.36494    E*/N:  -3.43087   P*:     0.04909    P*cold: -0.55091   Mu*_xs: -2.76495   Cv*/N_xs:  0.53309         E(kJ/mol): -3.422     P(bar):    0.111     
Step:  2219999    NAcc:  1110001    fAcc:  0.500      Maxd:  0.48227    E*/N:  -3.35911   P*:     0.04820    P*cold: -0.55180   Mu*_xs: -2.76515   Cv*/N_xs:  0.53198         E(kJ/mol): -3.350     P(bar):    0.071     
Step:  2239999    NAcc:  1119998    fAcc:  0.500      Maxd:  2.39789    E*/N:  -3.46175   P*:     0.04683    P*cold: -0.55317   Mu*_xs: -2.75787   Cv*/N_xs:  0.52112         E(kJ/mol): -3.453     P(bar):    -0.141    
Step:  2259999    NAcc:  1130000    fAcc:  0.500      Maxd:  1.82920    E*/N:  -3.43436   P*:     0.04175    P*cold: -0.55825   Mu*_xs: -2.75548   Cv*/N_xs:  0.51538         E(kJ/mol): -3.425     P(bar):    -0.033    
Step:  2279999    NAcc:  1140003    fAcc:  0.500      Maxd:  0.94339    E*/N:  -3.43778   P*:     0.04123    P*cold: -0.55877   Mu*_xs: -2.74928   Cv*/N_xs:  0.49801         E(kJ/mol): -3.429     P(bar):    0.070     
Step:  2299999    NAcc:  1150002    fAcc:  0.500      Maxd:  1.75829    E*/N:  -3.35902   P*:     0.04460    P*cold: -0.55540   Mu*_xs: -2.74913   Cv*/N_xs:  0.48893         E(kJ/mol): -3.350     P(bar):    0.141     
Step:  2319999    NAcc:  1160000    fAcc:  0.500      Maxd:  0.70029    E*/N:  -3.38876   P*:     0.04894    P*cold: -0.55106   Mu*_xs: -2.75804   Cv*/N_xs:  0.50565         E(kJ/mol): -3.380     P(bar):    0.141     
Step:  2339999    NAcc:  1169998    fAcc:  0.500      Maxd:  0.27502    E*/N:  -3.36243   P*:     0.05580    P*cold: -0.54420   Mu*_xs: -2.75919   Cv*/N_xs:  0.52683         E(kJ/mol): -3.354     P(bar):    0.129     
Step:  2359999    NAcc:  1180000    fAcc:  0.500      Maxd:  0.49555    E*/N:  -3.38140   P*:     0.05312    P*cold: -0.54688   Mu*_xs: -2.76509   Cv*/N_xs:  0.52608         E(kJ/mol): -3.373     P(bar):    0.030     
Step:  2379999    NAcc:  1190000    fAcc:  0.500      Maxd:  0.51414    E*/N:  -3.42734   P*:     0.05004    P*cold: -0.54996   Mu*_xs: -2.76833   Cv*/N_xs:  0.52556         E(kJ/mol): -3.418     P(bar):    0.035     
Step:  2399999    NAcc:  1200001    fAcc:  0.500      Maxd:  2.45595    E*/N:  -3.41306   P*:     0.04967    P*cold: -0.55033   Mu*_xs: -2.76794   Cv*/N_xs:  0.51978         E(kJ/mol): -3.404     P(bar):    0.074     
Step:  2419999    NAcc:  1210002    fAcc:  0.500      Maxd:  0.62086    E*/N:  -3.37208   P*:     0.05102    P*cold: -0.54898   Mu*_xs: -2.77182   Cv*/N_xs:  0.51169         E(kJ/mol): -3.363     P(bar):    0.113     
Step:  2439999    NAcc:  1220000    fAcc:  0.500      Maxd:  0.37681    E*/N:  -3.41117   P*:     0.05095    P*cold: -0.54905   Mu*_xs: -2.77683   Cv*/N_xs:  0.51656         E(kJ/mol): -3.402     P(bar):    0.071     
Step:  2459999    NAcc:  1229998    fAcc:  0.500      Maxd:  0.29533    E*/N:  -3.33053   P*:     0.05388    P*cold: -0.54612   Mu*_xs: -2.77902   Cv*/N_xs:  0.51600         E(kJ/mol): -3.322     P(bar):    0.270     
Step:  2479999    NAcc:  1239999    fAcc:  0.500      Maxd:  0.29005    E*/N:  -3.39654   P*:     0.05242    P*cold: -0.54758   Mu*_xs: -2.78073   Cv*/N_xs:  0.51952         E(kJ/mol): -3.388     P(bar):    0.060     
Step:  2499999    NAcc:  1250000    fAcc:  0.500      Maxd:  0.50059    E*/N:  -3.44522   P*:     0.05581    P*cold: -0.54419   Mu*_xs: -2.78442   Cv*/N_xs:  0.51560         E(kJ/mol): -3.436     P(bar):    -0.069    
Step:  2519999    NAcc:  1260003    fAcc:  0.500      Maxd:  2.64453    E*/N:  -3.44434   P*:     0.05559    P*cold: -0.54441   Mu*_xs: -2.78252   Cv*/N_xs:  0.51521         E(kJ/mol): -3.435     P(bar):    0.002     
Step:  2539999    NAcc:  1270000    fAcc:  0.500      Maxd:  1.22987    E*/N:  -3.36627   P*:     0.05753    P*cold: -0.54247   Mu*_xs: -2.78878   Cv*/N_xs:  0.52641         E(kJ/mol): -3.357     P(bar):    0.133     
Step:  2559999    NAcc:  1279999    fAcc:  0.500      Maxd:  0.68259    E*/N:  -3.40782   P*:     0.06031    P*cold: -0.53969   Mu*_xs: -2.79195   Cv*/N_xs:  0.56519         E(kJ/mol): -3.399     P(bar):    -0.007    
Step:  2579999    NAcc:  1290000    fAcc:  0.500      Maxd:  2.76107    E*/N:  -3.39365   P*:     0.06042    P*cold: -0.53958   Mu*_xs: -2.78835   Cv*/N_xs:  0.58962         E(kJ/mol): -3.385     P(bar):    0.028     
Step:  2599999    NAcc:  1299996    fAcc:  0.500      Maxd:  0.33018    E*/N:  -3.37500   P*:     0.06051    P*cold: -0.53949   Mu*_xs: -2.78973   Cv*/N_xs:  0.58553         E(kJ/mol): -3.366     P(bar):    0.033     
Step:  2619999    NAcc:  1309998    fAcc:  0.500      Maxd:  0.47882    E*/N:  -3.32722   P*:     0.06131    P*cold: -0.53869   Mu*_xs: -2.79170   Cv*/N_xs:  0.60790         E(kJ/mol): -3.319     P(bar):    0.114     
Step:  2639999    NAcc:  1319999    fAcc:  0.500      Maxd:  1.17694    E*/N:  -3.42633   P*:     0.06033    P*cold: -0.53967   Mu*_xs: -2.79112   Cv*/N_xs:  0.60332         E(kJ/mol): -3.417     P(bar):    0.018     
Step:  2659999    NAcc:  1330002    fAcc:  0.500      Maxd:  0.63578    E*/N:  -3.36596   P*:     0.06279    P*cold: -0.53721   Mu*_xs: -2.79103   Cv*/N_xs:  0.60097         E(kJ/mol): -3.357     P(bar):    0.103     
Step:  2679999    NAcc:  1340001    fAcc:  0.500      Maxd:  2.65683    E*/N:  -3.38072   P*:     0.05988    P*cold: -0.54012   Mu*_xs: -2.79251   Cv*/N_xs:  0.59130         E(kJ/mol): -3.372     P(bar):    0.081     
Step:  2699999    NAcc:  1350001    fAcc:  0.500      Maxd:  5.41219    E*/N:  -3.37300   P*:     0.06060    P*cold: -0.53940   Mu*_xs: -2.79342   Cv*/N_xs:  0.62511         E(kJ/mol): -3.364     P(bar):    0.008     
Step:  2719999    NAcc:  1360000    fAcc:  0.500      Maxd:  0.34029    E*/N:  -3.46097   P*:     0.05922    P*cold: -0.54078   Mu*_xs: -2.79314   Cv*/N_xs:  0.61616         E(kJ/mol): -3.452     P(bar):    -0.066    
Step:  2739999    NAcc:  1369998    fAcc:  0.500      Maxd:  0.29012    E*/N:  -3.31701   P*:     0.05892    P*cold: -0.54108   Mu*_xs: -2.79356   Cv*/N_xs:  0.62716         E(kJ/mol): -3.308     P(bar):    0.158     
Step:  2759999    NAcc:  1380001    fAcc:  0.500      Maxd:  1.45083    E*/N:  -3.36323   P*:     0.06003    P*cold: -0.53997   Mu*_xs: -2.79126   Cv*/N_xs:  0.62390         E(kJ/mol): -3.354     P(bar):    0.224     
Step:  2779999    NAcc:  1390000    fAcc:  0.500      Maxd:  0.49883    E*/N:  -3.43211   P*:     0.06219    P*cold: -0.53781   Mu*_xs: -2.79070   Cv*/N_xs:  0.61555         E(kJ/mol): -3.423     P(bar):    0.099     
Step:  2799999    NAcc:  1399999    fAcc:  0.500      Maxd:  0.31051    E*/N:  -3.45366   P*:     0.06327    P*cold: -0.53673   Mu*_xs: -2.78935   Cv*/N_xs:  0.64706         E(kJ/mol): -3.445     P(bar):    0.100     
Step:  2819999    NAcc:  1410000    fAcc:  0.500      Maxd:  3.80335    E*/N:  -3.34995   P*:     0.06624    P*cold: -0.53376   Mu*_xs: -2.79057   Cv*/N_xs:  0.66361         E(kJ/mol): -3.341     P(bar):    0.279     
Step:  2839999    NAcc:  1420001    fAcc:  0.500      Maxd:  0.66786    E*/N:  -3.39611   P*:     0.06773    P*cold: -0.53227   Mu*_xs: -2.79113   Cv*/N_xs:  0.65876         E(kJ/mol): -3.387     P(bar):    0.183     
Step:  2859999    NAcc:  1430001    fAcc:  0.500      Maxd:  0.41106    E*/N:  -3.42183   P*:     0.06927    P*cold: -0.53073   Mu*_xs: -2.79215   Cv*/N_xs:  0.65262         E(kJ/mol): -3.413     P(bar):    0.090     
Step:  2879999    NAcc:  1440000    fAcc:  0.500      Maxd:  0.32861    E*/N:  -3.42035   P*:     0.07094    P*cold: -0.52906   Mu*_xs: -2.79323   Cv*/N_xs:  0.64684         E(kJ/mol): -3.411     P(bar):    0.242     
Step:  2899999    NAcc:  1449999    fAcc:  0.500      Maxd:  0.32648    E*/N:  -3.45948   P*:     0.07382    P*cold: -0.52618   Mu*_xs: -2.79314   Cv*/N_xs:  0.64433         E(kJ/mol): -3.450     P(bar):    0.114     
Step:  2919999    NAcc:  1460001    fAcc:  0.500      Maxd:  5.05164    E*/N:  -3.38955   P*:     0.07389    P*cold: -0.52611   Mu*_xs: -2.78914   Cv*/N_xs:  0.64705         E(kJ/mol): -3.381     P(bar):    0.064     
Step:  2939999    NAcc:  1469999    fAcc:  0.500      Maxd:  0.29133    E*/N:  -3.51071   P*:     0.07377    P*cold: -0.52623   Mu*_xs: -2.78930   Cv*/N_xs:  0.64665         E(kJ/mol): -3.502     P(bar):    -0.044    
Step:  2959999    NAcc:  1479998    fAcc:  0.500      Maxd:  0.50292    E*/N:  -3.46779   P*:     0.07319    P*cold: -0.52681   Mu*_xs: -2.78786   Cv*/N_xs:  0.68467         E(kJ/mol): -3.459     P(bar):    -0.064    
Step:  2979999    NAcc:  1489998    fAcc:  0.500      Maxd:  0.32059    E*/N:  -3.48761   P*:     0.07137    P*cold: -0.52863   Mu*_xs: -2.78717   Cv*/N_xs:  0.71662         E(kJ/mol): -3.478     P(bar):    -0.011    
Step:  2999999    NAcc:  1500001    fAcc:  0.500      Maxd:  1.55691    E*/N:  -3.46262   P*:     0.07167    P*cold: -0.52833   Mu*_xs: -2.78633   Cv*/N_xs:  0.71429         E(kJ/mol): -3.454     P(bar):    0.025     
Step:  3019999    NAcc:  1510000    fAcc:  0.500      Maxd:  1.35727    E*/N:  -3.42104   P*:     0.07145    P*cold: -0.52855   Mu*_xs: -2.78534   Cv*/N_xs:  0.70609         E(kJ/mol): -3.412     P(bar):    0.077     
Step:  3039999    NAcc:  1520000    fAcc:  0.500      Maxd:  0.29135    E*/N:  -3.45557   P*:     0.07183    P*cold: -0.52817   Mu*_xs: -2.78257   Cv*/N_xs:  0.70074         E(kJ/mol): -3.447     P(bar):    -0.039    
Step:  3059999    NAcc:  1530000    fAcc:  0.500      Maxd:  0.30725    E*/N:  -3.42503   P*:     0.07028    P*cold: -0.52972   Mu*_xs: -2.78290   Cv*/N_xs:  0.71791         E(kJ/mol): -3.416     P(bar):    0.114     
Step:  3079999    NAcc:  1540001    fAcc:  0.500      Maxd:  2.64045    E*/N:  -3.41071   P*:     0.07180    P*cold: -0.52820   Mu*_xs: -2.78516   Cv*/N_xs:  0.71135         E(kJ/mol): -3.402     P(bar):    0.192     
Step:  3099999    NAcc:  1549998    fAcc:  0.500      Maxd:  0.82544    E*/N:  -3.38347   P*:     0.07247    P*cold: -0.52753   Mu*_xs: -2.78539   Cv*/N_xs:  0.70398         E(kJ/mol): -3.375     P(bar):    0.123     
Step:  3119999    NAcc:  1560002    fAcc:  0.500      Maxd:  1.77009    E*/N:  -3.45915   P*:     0.07107    P*cold: -0.52893   Mu*_xs: -2.78379   Cv*/N_xs:  0.69957         E(kJ/mol): -3.450     P(bar):    -0.083    
Step:  3139999    NAcc:  1570001    fAcc:  0.500      Maxd:  1.80684    E*/N:  -3.38773   P*:     0.07118    P*cold: -0.52882   Mu*_xs: -2.78317   Cv*/N_xs:  0.69255         E(kJ/mol): -3.379     P(bar):    0.190     
Step:  3159999    NAcc:  1579998    fAcc:  0.500      Maxd:  0.76401    E*/N:  -3.35770   P*:     0.07332    P*cold: -0.52668   Mu*_xs: -2.78381   Cv*/N_xs:  0.68830         E(kJ/mol): -3.349     P(bar):    0.233     
Step:  3179999    NAcc:  1589998    fAcc:  0.500      Maxd:  0.46022    E*/N:  -3.42337   P*:     0.07389    P*cold: -0.52611   Mu*_xs: -2.78289   Cv*/N_xs:  0.68833         E(kJ/mol): -3.414     P(bar):    0.149     
Step:  3199999    NAcc:  1600001    fAcc:  0.500      Maxd:  0.39910    E*/N:  -3.47483   P*:     0.07494    P*cold: -0.52506   Mu*_xs: -2.78468   Cv*/N_xs:  0.68750         E(kJ/mol): -3.466     P(bar):    0.125     
Step:  3219999    NAcc:  1610001    fAcc:  0.500      Maxd:  2.67135    E*/N:  -3.42270   P*:     0.07651    P*cold: -0.52349   Mu*_xs: -2.78430   Cv*/N_xs:  0.68367         E(kJ/mol): -3.414     P(bar):    0.022     
Step:  3239999    NAcc:  1619997    fAcc:  0.500      Maxd:  0.29603    E*/N:  -3.40368   P*:     0.07597    P*cold: -0.52403   Mu*_xs: -2.78435   Cv*/N_xs:  0.68341         E(kJ/mol): -3.395     P(bar):    0.070     
Step:  3259999    NAcc:  1630000    fAcc:  0.500      Maxd:  2.82206    E*/N:  -3.37799   P*:     0.07547    P*cold: -0.52453   Mu*_xs: -2.78539   Cv*/N_xs:  0.67767         E(kJ/mol): -3.369     P(bar):    0.180     
Step:  3279999    NAcc:  1639998    fAcc:  0.500      Maxd:  0.37024    E*/N:  -3.43390   P*:     0.07484    P*cold: -0.52516   Mu*_xs: -2.78381   Cv*/N_xs:  0.67341         E(kJ/mol): -3.425     P(bar):    0.077     
Step:  3299999    NAcc:  1650000    fAcc:  0.500      Maxd:  5.96745    E*/N:  -3.41947   P*:     0.07535    P*cold: -0.52465   Mu*_xs: -2.78254   Cv*/N_xs:  0.67371         E(kJ/mol): -3.411     P(bar):    0.237     
Step:  3319999    NAcc:  1659999    fAcc:  0.500      Maxd:  0.30800    E*/N:  -3.43643   P*:     0.07654    P*cold: -0.52346   Mu*_xs: -2.78186   Cv*/N_xs:  0.66895         E(kJ/mol): -3.427     P(bar):    0.055     
Step:  3339999    NAcc:  1669994    fAcc:  0.500      Maxd:  0.33927    E*/N:  -3.43257   P*:     0.07624    P*cold: -0.52376   Mu*_xs: -2.77975   Cv*/N_xs:  0.67492         E(kJ/mol): -3.424     P(bar):    0.036     
Step:  3359999    NAcc:  1679999    fAcc:  0.500      Maxd:  0.30732    E*/N:  -3.41298   P*:     0.07691    P*cold: -0.52309   Mu*_xs: -2.77826   Cv*/N_xs:  0.66787         E(kJ/mol): -3.404     P(bar):    0.141     
Step:  3379999    NAcc:  1689999    fAcc:  0.500      Maxd:  0.73340    E*/N:  -3.38502   P*:     0.07781    P*cold: -0.52219   Mu*_xs: -2.77733   Cv*/N_xs:  0.66403         E(kJ/mol): -3.376     P(bar):    0.156     
Step:  3399999    NAcc:  1699998    fAcc:  0.500      Maxd:  0.47399    E*/N:  -3.35428   P*:     0.07830    P*cold: -0.52170   Mu*_xs: -2.77782   Cv*/N_xs:  0.67820         E(kJ/mol): -3.345     P(bar):    -0.003    
Step:  3419999    NAcc:  1710000    fAcc:  0.500      Maxd:  0.33507    E*/N:  -3.37053   P*:     0.07846    P*cold: -0.52154   Mu*_xs: -2.77789   Cv*/N_xs:  0.69017         E(kJ/mol): -3.362     P(bar):    0.104     
Step:  3439999    NAcc:  1719998    fAcc:  0.500      Maxd:  0.46379    E*/N:  -3.41400   P*:     0.07810    P*cold: -0.52190   Mu*_xs: -2.77886   Cv*/N_xs:  0.68662         E(kJ/mol): -3.405     P(bar):    -0.076    
Step:  3459999    NAcc:  1730000    fAcc:  0.500      Maxd:  0.95238    E*/N:  -3.36441   P*:     0.07749    P*cold: -0.52251   Mu*_xs: -2.77901   Cv*/N_xs:  0.68709         E(kJ/mol): -3.356     P(bar):    0.146     
Step:  3479999    NAcc:  1739999    fAcc:  0.500      Maxd:  0.39700    E*/N:  -3.38984   P*:     0.07759    P*cold: -0.52241   Mu*_xs: -2.78013   Cv*/N_xs:  0.69255         E(kJ/mol): -3.381     P(bar):    -0.054    
Step:  3499999    NAcc:  1750000    fAcc:  0.500      Maxd:  0.84200    E*/N:  -3.36765   P*:     0.07627    P*cold: -0.52373   Mu*_xs: -2.78102   Cv*/N_xs:  0.69654         E(kJ/mol): -3.359     P(bar):    0.012     
Step:  3519999    NAcc:  1760002    fAcc:  0.500      Maxd:  0.70098    E*/N:  -3.37488   P*:     0.07689    P*cold: -0.52311   Mu*_xs: -2.78307   Cv*/N_xs:  0.71613         E(kJ/mol): -3.366     P(bar):    -0.014    
Step:  3539999    NAcc:  1769999    fAcc:  0.500      Maxd:  0.44305    E*/N:  -3.35403   P*:     0.07627    P*cold: -0.52373   Mu*_xs: -2.78225   Cv*/N_xs:  0.71960         E(kJ/mol): -3.345     P(bar):    0.075     
Step:  3559999    NAcc:  1780001    fAcc:  0.500      Maxd:  1.41056    E*/N:  -3.40750   P*:     0.07617    P*cold: -0.52383   Mu*_xs: -2.78473   Cv*/N_xs:  0.71958         E(kJ/mol): -3.399     P(bar):    0.145     
Step:  3579999    NAcc:  1790000    fAcc:  0.500      Maxd:  0.29627    E*/N:  -3.35647   P*:     0.07597    P*cold: -0.52403   Mu*_xs: -2.78516   Cv*/N_xs:  0.71479         E(kJ/mol): -3.348     P(bar):    0.103     
Step:  3599999    NAcc:  1800001    fAcc:  0.500      Maxd:  0.48804    E*/N:  -3.39249   P*:     0.07659    P*cold: -0.52341   Mu*_xs: -2.78418   Cv*/N_xs:  0.71653         E(kJ/mol): -3.384     P(bar):    0.027     
Step:  3619999    NAcc:  1810000    fAcc:  0.500      Maxd:  0.30785    E*/N:  -3.37338   P*:     0.07701    P*cold: -0.52299   Mu*_xs: -2.78457   Cv*/N_xs:  0.71334         E(kJ/mol): -3.365     P(bar):    0.092     
Step:  3639999    NAcc:  1820000    fAcc:  0.500      Maxd:  0.32914    E*/N:  -3.35830   P*:     0.07645    P*cold: -0.52355   Mu*_xs: -2.78339   Cv*/N_xs:  0.70920         E(kJ/mol): -3.349     P(bar):    0.105     
Step:  3659999    NAcc:  1830000    fAcc:  0.500      Maxd:  0.46960    E*/N:  -3.41624   P*:     0.07683    P*cold: -0.52317   Mu*_xs: -2.78344   Cv*/N_xs:  0.70687         E(kJ/mol): -3.407     P(bar):    0.097     
Step:  3679999    NAcc:  1839998    fAcc:  0.500      Maxd:  0.31268    E*/N:  -3.45935   P*:     0.07660    P*cold: -0.52340   Mu*_xs: -2.78360   Cv*/N_xs:  0.70645         E(kJ/mol): -3.450     P(bar):    -0.052    
Step:  3699999    NAcc:  1850000    fAcc:  0.500      Maxd:  7.93594    E*/N:  -3.40447   P*:     0.07667    P*cold: -0.52333   Mu*_xs: -2.78286   Cv*/N_xs:  0.70362         E(kJ/mol): -3.396     P(bar):    0.037     
Step:  3719999    NAcc:  1860000    fAcc:  0.500      Maxd:  1.78924    E*/N:  -3.40059   P*:     0.07660    P*cold: -0.52340   Mu*_xs: -2.78163   Cv*/N_xs:  0.69912         E(kJ/mol): -3.392     P(bar):    0.209     
Step:  3739999    NAcc:  1869999    fAcc:  0.500      Maxd:  0.29668    E*/N:  -3.37962   P*:     0.07723    P*cold: -0.52277   Mu*_xs: -2.78150   Cv*/N_xs:  0.69681         E(kJ/mol): -3.371     P(bar):    0.178     
Step:  3759999    NAcc:  1880001    fAcc:  0.500      Maxd:  1.32418    E*/N:  -3.42331   P*:     0.07783    P*cold: -0.52217   Mu*_xs: -2.78309   Cv*/N_xs:  0.69752         E(kJ/mol): -3.414     P(bar):    0.136     
Step:  3779999    NAcc:  1890001    fAcc:  0.500      Maxd:  0.56287    E*/N:  -3.47074   P*:     0.07841    P*cold: -0.52159   Mu*_xs: -2.78278   Cv*/N_xs:  0.69740         E(kJ/mol): -3.462     P(bar):    0.013     
Step:  3799999    NAcc:  1900001    fAcc:  0.500      Maxd:  5.06798    E*/N:  -3.44848   P*:     0.07914    P*cold: -0.52086   Mu*_xs: -2.78289   Cv*/N_xs:  0.69658         E(kJ/mol): -3.439     P(bar):    0.059     
Step:  3819999    NAcc:  1910001    fAcc:  0.500      Maxd:  0.95434    E*/N:  -3.36319   P*:     0.07843    P*cold: -0.52157   Mu*_xs: -2.78315   Cv*/N_xs:  0.69940         E(kJ/mol): -3.354     P(bar):    0.066     
Step:  3839999    NAcc:  1920000    fAcc:  0.500      Maxd:  0.28087    E*/N:  -3.39654   P*:     0.07859    P*cold: -0.52141   Mu*_xs: -2.78329   Cv*/N_xs:  0.69772         E(kJ/mol): -3.388     P(bar):    0.116     
Step:  3859999    NAcc:  1929998    fAcc:  0.500      Maxd:  0.75173    E*/N:  -3.43839   P*:     0.07943    P*cold: -0.52057   Mu*_xs: -2.78299   Cv*/N_xs:  0.69681         E(kJ/mol): -3.429     P(bar):    0.075     
Step:  3879999    NAcc:  1939998    fAcc:  0.500      Maxd:  0.47931    E*/N:  -3.46096   P*:     0.07950    P*cold: -0.52050   Mu*_xs: -2.78215   Cv*/N_xs:  0.70017         E(kJ/mol): -3.452     P(bar):    0.015     
Step:  3899999    NAcc:  1949997    fAcc:  0.500      Maxd:  0.30068    E*/N:  -3.50016   P*:     0.07879    P*cold: -0.52121   Mu*_xs: -2.78206   Cv*/N_xs:  0.72891         E(kJ/mol): -3.491     P(bar):    -0.008    
Step:  3919999    NAcc:  1960001    fAcc:  0.500      Maxd:  0.44956    E*/N:  -3.48419   P*:     0.07873    P*cold: -0.52127   Mu*_xs: -2.78223   Cv*/N_xs:  0.75795         E(kJ/mol): -3.475     P(bar):    0.191     
Step:  3939999    NAcc:  1970001    fAcc:  0.500      Maxd:  0.89203    E*/N:  -3.49081   P*:     0.07949    P*cold: -0.52051   Mu*_xs: -2.78016   Cv*/N_xs:  0.77769         E(kJ/mol): -3.482     P(bar):    0.117     
Step:  3959999    NAcc:  1980001    fAcc:  0.500      Maxd:  0.39399    E*/N:  -3.50344   P*:     0.07998    P*cold: -0.52002   Mu*_xs: -2.77866   Cv*/N_xs:  0.79426         E(kJ/mol): -3.494     P(bar):    0.025     
Step:  3979999    NAcc:  1989998    fAcc:  0.500      Maxd:  0.29429    E*/N:  -3.46181   P*:     0.08006    P*cold: -0.51994   Mu*_xs: -2.77775   Cv*/N_xs:  0.82182         E(kJ/mol): -3.453     P(bar):    0.198     
Step:  3999999    NAcc:  2000000    fAcc:  0.500      Maxd:  0.31583    E*/N:  -3.52424   P*:     0.08030    P*cold: -0.51970   Mu*_xs: -2.77597   Cv*/N_xs:  0.87663         E(kJ/mol): -3.515     P(bar):    0.010     
Step:  4019999    NAcc:  2009998    fAcc:  0.500      Maxd:  0.29630    E*/N:  -3.41777   P*:     0.08000    P*cold: -0.52000   Mu*_xs: -2.77470   Cv*/N_xs:  0.89592         E(kJ/mol): -3.409     P(bar):    0.224     
Step:  4039999    NAcc:  2019998    fAcc:  0.500      Maxd:  0.31775    E*/N:  -3.44571   P*:     0.08045    P*cold: -0.51955   Mu*_xs: -2.77486   Cv*/N_xs:  0.90140         E(kJ/mol): -3.437     P(bar):    0.167     
Step:  4059999    NAcc:  2030001    fAcc:  0.500      Maxd:  0.63540    E*/N:  -3.37086   P*:     0.08108    P*cold: -0.51892   Mu*_xs: -2.77549   Cv*/N_xs:  0.89944         E(kJ/mol): -3.362     P(bar):    0.175     
Step:  4079999    NAcc:  2040001    fAcc:  0.500      Maxd:  1.72335    E*/N:  -3.36665   P*:     0.08122    P*cold: -0.51878   Mu*_xs: -2.77553   Cv*/N_xs:  0.89331         E(kJ/mol): -3.358     P(bar):    0.257     
Step:  4099999    NAcc:  2049999    fAcc:  0.500      Maxd:  0.58472    E*/N:  -3.41073   P*:     0.08243    P*cold: -0.51757   Mu*_xs: -2.77706   Cv*/N_xs:  0.89198         E(kJ/mol): -3.402     P(bar):    0.068     
Step:  4119999    NAcc:  2060000    fAcc:  0.500      Maxd:  0.28476    E*/N:  -3.38429   P*:     0.08311    P*cold: -0.51689   Mu*_xs: -2.77802   Cv*/N_xs:  0.89017         E(kJ/mol): -3.375     P(bar):    0.248     
Step:  4139999    NAcc:  2070000    fAcc:  0.500      Maxd:  0.80229    E*/N:  -3.40311   P*:     0.08375    P*cold: -0.51625   Mu*_xs: -2.77876   Cv*/N_xs:  0.89277         E(kJ/mol): -3.394     P(bar):    -0.033    
Step:  4159999    NAcc:  2079997    fAcc:  0.500      Maxd:  0.57805    E*/N:  -3.39082   P*:     0.08376    P*cold: -0.51624   Mu*_xs: -2.77963   Cv*/N_xs:  0.88910         E(kJ/mol): -3.382     P(bar):    0.167     
Step:  4179999    NAcc:  2089995    fAcc:  0.500      Maxd:  0.34147    E*/N:  -3.41099   P*:     0.08383    P*cold: -0.51617   Mu*_xs: -2.77965   Cv*/N_xs:  0.88967         E(kJ/mol): -3.402     P(bar):    -0.083    
Step:  4199999    NAcc:  2100000    fAcc:  0.500      Maxd:  0.31423    E*/N:  -3.32727   P*:     0.08390    P*cold: -0.51610   Mu*_xs: -2.78064   Cv*/N_xs:  0.88994         E(kJ/mol): -3.319     P(bar):    0.184     
Step:  4219999    NAcc:  2109999    fAcc:  0.500      Maxd:  0.33850    E*/N:  -3.40433   P*:     0.08362    P*cold: -0.51638   Mu*_xs: -2.78114   Cv*/N_xs:  0.90410         E(kJ/mol): -3.395     P(bar):    -0.023    
Step:  4239999    NAcc:  2120001    fAcc:  0.500      Maxd:  1.33603    E*/N:  -3.44625   P*:     0.08374    P*cold: -0.51626   Mu*_xs: -2.78182   Cv*/N_xs:  0.91224         E(kJ/mol): -3.437     P(bar):    0.013     
Step:  4259999    NAcc:  2129998    fAcc:  0.500      Maxd:  0.28202    E*/N:  -3.40702   P*:     0.08319    P*cold: -0.51681   Mu*_xs: -2.78219   Cv*/N_xs:  0.90673         E(kJ/mol): -3.398     P(bar):    -0.084    
Step:  4279999    NAcc:  2140001    fAcc:  0.500      Maxd:  0.97695    E*/N:  -3.37899   P*:     0.08351    P*cold: -0.51649   Mu*_xs: -2.78287   Cv*/N_xs:  0.90199         E(kJ/mol): -3.370     P(bar):    0.149     
Step:  4299999    NAcc:  2150000    fAcc:  0.500      Maxd:  1.00024    E*/N:  -3.49140   P*:     0.08404    P*cold: -0.51596   Mu*_xs: -2.78336   Cv*/N_xs:  0.89885         E(kJ/mol): -3.482     P(bar):    -0.189    
Step:  4319999    NAcc:  2160000    fAcc:  0.500      Maxd:  0.50437    E*/N:  -3.38365   P*:     0.08358    P*cold: -0.51642   Mu*_xs: -2.78248   Cv*/N_xs:  0.90316         E(kJ/mol): -3.375     P(bar):    0.066     
Step:  4339999    NAcc:  2170000    fAcc:  0.500      Maxd:  3.78244    E*/N:  -3.38320   P*:     0.08339    P*cold: -0.51661   Mu*_xs: -2.78238   Cv*/N_xs:  0.90135         E(kJ/mol): -3.374     P(bar):    0.020     
Step:  4359999    NAcc:  2180000    fAcc:  0.500      Maxd:  3.47201    E*/N:  -3.39816   P*:     0.08341    P*cold: -0.51659   Mu*_xs: -2.78360   Cv*/N_xs:  0.90071         E(kJ/mol): -3.389     P(bar):    0.071     
Step:  4379999    NAcc:  2190001    fAcc:  0.500      Maxd:  1.19258    E*/N:  -3.37780   P*:     0.08286    P*cold: -0.51714   Mu*_xs: -2.78370   Cv*/N_xs:  0.89907         E(kJ/mol): -3.369     P(bar):    0.100     
Step:  4399999    NAcc:  2200000    fAcc:  0.500      Maxd:  0.30452    E*/N:  -3.39355   P*:     0.08213    P*cold: -0.51787   Mu*_xs: -2.78364   Cv*/N_xs:  0.89662         E(kJ/mol): -3.385     P(bar):    -0.008    
Step:  4419999    NAcc:  2210001    fAcc:  0.500      Maxd:  1.85880    E*/N:  -3.41457   P*:     0.08237    P*cold: -0.51763   Mu*_xs: -2.78448   Cv*/N_xs:  0.89485         E(kJ/mol): -3.406     P(bar):    0.082     
Step:  4439999    NAcc:  2219996    fAcc:  0.500      Maxd:  0.32788    E*/N:  -3.39619   P*:     0.08268    P*cold: -0.51732   Mu*_xs: -2.78515   Cv*/N_xs:  0.89174         E(kJ/mol): -3.387     P(bar):    0.130     
Step:  4459999    NAcc:  2229996    fAcc:  0.500      Maxd:  0.31540    E*/N:  -3.36252   P*:     0.08311    P*cold: -0.51689   Mu*_xs: -2.78549   Cv*/N_xs:  0.88833         E(kJ/mol): -3.354     P(bar):    0.180     
Step:  4479999    NAcc:  2240002    fAcc:  0.500      Maxd:  1.23060    E*/N:  -3.32792   P*:     0.08256    P*cold: -0.51744   Mu*_xs: -2.78566   Cv*/N_xs:  0.88538         E(kJ/mol): -3.319     P(bar):    0.002     
Step:  4499999    NAcc:  2250002    fAcc:  0.500      Maxd:  1.26278    E*/N:  -3.38645   P*:     0.08215    P*cold: -0.51785   Mu*_xs: -2.78597   Cv*/N_xs:  0.88407         E(kJ/mol): -3.378     P(bar):    0.091     
Step:  4519999    NAcc:  2260001    fAcc:  0.500      Maxd:  1.32434    E*/N:  -3.39826   P*:     0.08191    P*cold: -0.51809   Mu*_xs: -2.78567   Cv*/N_xs:  0.88139         E(kJ/mol): -3.389     P(bar):    -0.066    
Step:  4539999    NAcc:  2269999    fAcc:  0.500      Maxd:  0.29769    E*/N:  -3.41185   P*:     0.08127    P*cold: -0.51873   Mu*_xs: -2.78616   Cv*/N_xs:  0.87951         E(kJ/mol): -3.403     P(bar):    0.029     
Step:  4559999    NAcc:  2280000    fAcc:  0.500      Maxd:  0.95612    E*/N:  -3.41323   P*:     0.08164    P*cold: -0.51836   Mu*_xs: -2.78530   Cv*/N_xs:  0.87655         E(kJ/mol): -3.404     P(bar):    0.166     
Step:  4579999    NAcc:  2289998    fAcc:  0.500      Maxd:  0.33422    E*/N:  -3.44489   P*:     0.08208    P*cold: -0.51792   Mu*_xs: -2.78536   Cv*/N_xs:  0.87368         E(kJ/mol): -3.436     P(bar):    0.202     
Step:  4599999    NAcc:  2300002    fAcc:  0.500      Maxd:  1.19011    E*/N:  -3.35737   P*:     0.08261    P*cold: -0.51739   Mu*_xs: -2.78520   Cv*/N_xs:  0.87161         E(kJ/mol): -3.349     P(bar):    0.234     
Step:  4619999    NAcc:  2309998    fAcc:  0.500      Maxd:  0.32916    E*/N:  -3.47266   P*:     0.08281    P*cold: -0.51719   Mu*_xs: -2.78516   Cv*/N_xs:  0.87197         E(kJ/mol): -3.464     P(bar):    0.014     
Step:  4639999    NAcc:  2319998    fAcc:  0.500      Maxd:  0.46705    E*/N:  -3.33386   P*:     0.08279    P*cold: -0.51721   Mu*_xs: -2.78453   Cv*/N_xs:  0.88035         E(kJ/mol): -3.325     P(bar):    0.138     
Step:  4659999    NAcc:  2329999    fAcc:  0.500      Maxd:  0.81499    E*/N:  -3.37328   P*:     0.08299    P*cold: -0.51701   Mu*_xs: -2.78567   Cv*/N_xs:  0.88106         E(kJ/mol): -3.364     P(bar):    0.070     
Step:  4679999    NAcc:  2340000    fAcc:  0.500      Maxd:  0.31161    E*/N:  -3.40055   P*:     0.08295    P*cold: -0.51705   Mu*_xs: -2.78623   Cv*/N_xs:  0.88057         E(kJ/mol): -3.392     P(bar):    -0.020    
Step:  4699999    NAcc:  2350001    fAcc:  0.500      Maxd:  0.64004    E*/N:  -3.37867   P*:     0.08354    P*cold: -0.51646   Mu*_xs: -2.78664   Cv*/N_xs:  0.89034         E(kJ/mol): -3.370     P(bar):    0.056     
Step:  4719999    NAcc:  2360000    fAcc:  0.500      Maxd:  1.82238    E*/N:  -3.37017   P*:     0.08380    P*cold: -0.51620   Mu*_xs: -2.78722   Cv*/N_xs:  0.89411         E(kJ/mol): -3.361     P(bar):    -0.032    
Step:  4739999    NAcc:  2370000    fAcc:  0.500      Maxd:  0.64538    E*/N:  -3.41564   P*:     0.08315    P*cold: -0.51685   Mu*_xs: -2.78753   Cv*/N_xs:  0.89134         E(kJ/mol): -3.407     P(bar):    -0.167    
Step:  4759999    NAcc:  2379999    fAcc:  0.500      Maxd:  0.28871    E*/N:  -3.42498   P*:     0.08220    P*cold: -0.51780   Mu*_xs: -2.78762   Cv*/N_xs:  0.88846         E(kJ/mol): -3.416     P(bar):    0.039     
Step:  4779999    NAcc:  2390001    fAcc:  0.500      Maxd:  1.77562    E*/N:  -3.32223   P*:     0.08195    P*cold: -0.51805   Mu*_xs: -2.78752   Cv*/N_xs:  0.88822         E(kJ/mol): -3.314     P(bar):    0.017     
Step:  4799999    NAcc:  2400000    fAcc:  0.500      Maxd:  0.63039    E*/N:  -3.39264   P*:     0.08177    P*cold: -0.51823   Mu*_xs: -2.78741   Cv*/N_xs:  0.88704         E(kJ/mol): -3.384     P(bar):    0.082     
Step:  4819999    NAcc:  2409997    fAcc:  0.500      Maxd:  0.32938    E*/N:  -3.42776   P*:     0.08206    P*cold: -0.51794   Mu*_xs: -2.78692   Cv*/N_xs:  0.88265         E(kJ/mol): -3.419     P(bar):    0.067     
Step:  4839999    NAcc:  2420001    fAcc:  0.500      Maxd:  0.68370    E*/N:  -3.44903   P*:     0.08207    P*cold: -0.51793   Mu*_xs: -2.78616   Cv*/N_xs:  0.88086         E(kJ/mol): -3.440     P(bar):    -0.007    
Step:  4859999    NAcc:  2430000    fAcc:  0.500      Maxd:  0.41061    E*/N:  -3.42136   P*:     0.08258    P*cold: -0.51742   Mu*_xs: -2.78649   Cv*/N_xs:  0.87733         E(kJ/mol): -3.412     P(bar):    0.119     
Step:  4879999    NAcc:  2440003    fAcc:  0.500      Maxd:  2.45974    E*/N:  -3.39343   P*:     0.08311    P*cold: -0.51689   Mu*_xs: -2.78700   Cv*/N_xs:  0.87547         E(kJ/mol): -3.385     P(bar):    0.208     
Step:  4899999    NAcc:  2450001    fAcc:  0.500      Maxd:  1.12236    E*/N:  -3.43183   P*:     0.08340    P*cold: -0.51660   Mu*_xs: -2.78766   Cv*/N_xs:  0.87127         E(kJ/mol): -3.423     P(bar):    0.097     
Step:  4919999    NAcc:  2460000    fAcc:  0.500      Maxd:  1.89009    E*/N:  -3.38484   P*:     0.08396    P*cold: -0.51604   Mu*_xs: -2.78806   Cv*/N_xs:  0.86841         E(kJ/mol): -3.376     P(bar):    0.088     
Step:  4939999    NAcc:  2469999    fAcc:  0.500      Maxd:  0.28028    E*/N:  -3.47365   P*:     0.08380    P*cold: -0.51620   Mu*_xs: -2.78786   Cv*/N_xs:  0.86689         E(kJ/mol): -3.465     P(bar):    -0.114    
Step:  4959999    NAcc:  2479997    fAcc:  0.500      Maxd:  0.29974    E*/N:  -3.46592   P*:     0.08375    P*cold: -0.51625   Mu*_xs: -2.78700   Cv*/N_xs:  0.86944         E(kJ/mol): -3.457     P(bar):    0.104     
Step:  4979999    NAcc:  2490000    fAcc:  0.500      Maxd:  0.29233    E*/N:  -3.47095   P*:     0.08383    P*cold: -0.51617   Mu*_xs: -2.78663   Cv*/N_xs:  0.87731         E(kJ/mol): -3.462     P(bar):    0.048     
Step:  4999999    NAcc:  2500002    fAcc:  0.500      Maxd:  0.86746    E*/N:  -3.47309   P*:     0.08427    P*cold: -0.51573   Mu*_xs: -2.78561   Cv*/N_xs:  0.88779         E(kJ/mol): -3.464     P(bar):    0.136     
# Computed average properties: 
 # E*/N:  -3.40938  
 # P*:     0.08427   
 # Cv*/N_xs:   0.88779        
 # Mu*_xs:  -2.78561  
