# Number of atoms:       500
# Atom type:             Ar
# Molar Mass (g/mol):    39.948
# Density (g/cm^3):      0.506504
# LJ sigma (Angstrom):   3.4
# LJ epsilon/kB (K):     120
# LJ cutoff (Angstrom):  13.6
# LJ cutoff (sigma):     4
# Temperature (K):       144
# Number MC steps:       5e+06
# Output frequency:      20000
# Num. den. (atoms/Ang): 0.00763281
# Box length (x):        40.3115
# Box length (y):        40.3115
# Box length (z):        40.3115
# Init. spacing (Ang):   4.47905
# reduc. density (rho*): 0.3
# reduc. temp (T*):      1.2
Step:  19999      NAcc:  10002      fAcc:  0.500      Maxd:  0.96092    E*/N:  -2.31622   P*:     nan        P*cold: nan        Mu*_xs: -0.00000   Cv*/N_xs:  0.00000         E(kJ/mol): -2.310     P(bar):    0.086     
Step:  39999      NAcc:  19999      fAcc:  0.500      Maxd:  0.34330    E*/N:  -2.24523   P*:     nan        P*cold: nan        Mu*_xs: -0.00000   Cv*/N_xs:  0.00000         E(kJ/mol): -2.239     P(bar):    0.059     
Step:  59999      NAcc:  30001      fAcc:  0.500      Maxd:  1.04715    E*/N:  -2.31114   P*:     nan        P*cold: nan        Mu*_xs: -0.00000   Cv*/N_xs:  0.00000         E(kJ/mol): -2.305     P(bar):    0.086     
Step:  79999      NAcc:  40000      fAcc:  0.500      Maxd:  4.23787    E*/N:  -2.21906   P*:     nan        P*cold: nan        Mu*_xs: -0.00000   Cv*/N_xs:  0.00000         E(kJ/mol): -2.213     P(bar):    0.102     
Step:  99999      NAcc:  50001      fAcc:  0.500      Maxd:  1.09247    E*/N:  -2.27915   P*:     nan        P*cold: nan        Mu*_xs: -0.00000   Cv*/N_xs:  0.00000         E(kJ/mol): -2.273     P(bar):    0.009     
Step:  119999     NAcc:  59999      fAcc:  0.500      Maxd:  0.34263    E*/N:  -2.30583   P*:     nan        P*cold: nan        Mu*_xs: -0.00000   Cv*/N_xs:  0.00000         E(kJ/mol): -2.300     P(bar):    0.062     
Step:  139999     NAcc:  69998      fAcc:  0.500      Maxd:  0.39354    E*/N:  -2.23981   P*:     nan        P*cold: nan        Mu*_xs: -0.00000   Cv*/N_xs:  0.00000         E(kJ/mol): -2.234     P(bar):    0.038     
Step:  159999     NAcc:  80000      fAcc:  0.500      Maxd:  6.29546    E*/N:  -2.30101   P*:     nan        P*cold: nan        Mu*_xs: -0.00000   Cv*/N_xs:  0.00000         E(kJ/mol): -2.295     P(bar):    0.022     
Step:  179999     NAcc:  90001      fAcc:  0.500      Maxd:  3.05130    E*/N:  -2.25329   P*:     nan        P*cold: nan        Mu*_xs: -0.00000   Cv*/N_xs:  0.00000         E(kJ/mol): -2.247     P(bar):    0.081     
Step:  199999     NAcc:  100002     fAcc:  0.500      Maxd:  1.12027    E*/N:  -2.29979   P*:     nan        P*cold: nan        Mu*_xs: -0.00000   Cv*/N_xs:  0.00000         E(kJ/mol): -2.294     P(bar):    0.038     
Step:  219999     NAcc:  110002     fAcc:  0.500      Maxd:  2.85547    E*/N:  -2.22873   P*:     nan        P*cold: nan        Mu*_xs: -0.00000   Cv*/N_xs:  0.00000         E(kJ/mol): -2.223     P(bar):    0.087     
Step:  239999     NAcc:  120001     fAcc:  0.500      Maxd:  0.72385    E*/N:  -2.27517   P*:     nan        P*cold: nan        Mu*_xs: -0.00000   Cv*/N_xs:  0.00000         E(kJ/mol): -2.269     P(bar):    0.030     
Step:  259999     NAcc:  130000     fAcc:  0.500      Maxd:  6.80942    E*/N:  -2.28122   P*:     nan        P*cold: nan        Mu*_xs: -0.00000   Cv*/N_xs:  0.00000         E(kJ/mol): -2.275     P(bar):    0.101     
Step:  279999     NAcc:  139998     fAcc:  0.500      Maxd:  0.38146    E*/N:  -2.30404   P*:     nan        P*cold: nan        Mu*_xs: -0.00000   Cv*/N_xs:  0.00000         E(kJ/mol): -2.298     P(bar):    0.019     
Step:  299999     NAcc:  149998     fAcc:  0.500      Maxd:  0.82582    E*/N:  -2.37843   P*:     nan        P*cold: nan        Mu*_xs: -0.00000   Cv*/N_xs:  0.00000         E(kJ/mol): -2.372     P(bar):    0.073     
Step:  319999     NAcc:  159999     fAcc:  0.500      Maxd:  1.99310    E*/N:  -2.32914   P*:     nan        P*cold: nan        Mu*_xs: -0.00000   Cv*/N_xs:  0.00000         E(kJ/mol): -2.323     P(bar):    0.072     
Step:  339999     NAcc:  169996     fAcc:  0.500      Maxd:  2.06892    E*/N:  -2.21049   P*:     nan        P*cold: nan        Mu*_xs: -0.00000   Cv*/N_xs:  0.00000         E(kJ/mol): -2.205     P(bar):    0.083     
Step:  359999     NAcc:  180000     fAcc:  0.500      Maxd:  1.16449    E*/N:  -2.16059   P*:     nan        P*cold: nan        Mu*_xs: -0.00000   Cv*/N_xs:  0.00000         E(kJ/mol): -2.155     P(bar):    0.170     
Step:  379999     NAcc:  190001     fAcc:  0.500      Maxd:  0.49537    E*/N:  -2.27304   P*:     nan        P*cold: nan        Mu*_xs: -0.00000   Cv*/N_xs:  0.00000         E(kJ/mol): -2.267     P(bar):    -0.008    
Step:  399999     NAcc:  200001     fAcc:  0.500      Maxd:  1.98926    E*/N:  -2.30461   P*:     nan        P*cold: nan        Mu*_xs: -0.00000   Cv*/N_xs:  0.00000         E(kJ/mol): -2.299     P(bar):    0.126     
Step:  419999     NAcc:  210001     fAcc:  0.500      Maxd:  6.53142    E*/N:  -2.34421   P*:     nan        P*cold: nan        Mu*_xs: -0.00000   Cv*/N_xs:  0.00000         E(kJ/mol): -2.338     P(bar):    0.017     
Step:  439999     NAcc:  220001     fAcc:  0.500      Maxd:  0.57644    E*/N:  -2.29271   P*:     nan        P*cold: nan        Mu*_xs: -0.00000   Cv*/N_xs:  0.00000         E(kJ/mol): -2.287     P(bar):    0.088     
Step:  459999     NAcc:  230000     fAcc:  0.500      Maxd:  0.95841    E*/N:  -2.28175   P*:     nan        P*cold: nan        Mu*_xs: -0.00000   Cv*/N_xs:  0.00000         E(kJ/mol): -2.276     P(bar):    0.065     
Step:  479999     NAcc:  240001     fAcc:  0.500      Maxd:  0.59509    E*/N:  -2.23291   P*:     nan        P*cold: nan        Mu*_xs: -0.00000   Cv*/N_xs:  0.00000         E(kJ/mol): -2.227     P(bar):    0.057     
Step:  499999     NAcc:  250001     fAcc:  0.500      Maxd:  0.54968    E*/N:  -2.22051   P*:     nan        P*cold: nan        Mu*_xs: -0.00000   Cv*/N_xs:  0.00000         E(kJ/mol): -2.215     P(bar):    0.047     
Step:  519999     NAcc:  259997     fAcc:  0.500      Maxd:  0.70154    E*/N:  -2.22026   P*:     nan        P*cold: nan        Mu*_xs: -0.00000   Cv*/N_xs:  0.00000         E(kJ/mol): -2.214     P(bar):    0.071     
Step:  539999     NAcc:  270001     fAcc:  0.500      Maxd:  0.75441    E*/N:  -2.16695   P*:     nan        P*cold: nan        Mu*_xs: -0.00000   Cv*/N_xs:  0.00000         E(kJ/mol): -2.161     P(bar):    0.099     
Step:  559999     NAcc:  280001     fAcc:  0.500      Maxd:  2.57180    E*/N:  -2.26834   P*:     nan        P*cold: nan        Mu*_xs: -0.00000   Cv*/N_xs:  0.00000         E(kJ/mol): -2.262     P(bar):    -0.003    
Step:  579999     NAcc:  290000     fAcc:  0.500      Maxd:  0.36047    E*/N:  -2.26893   P*:     nan        P*cold: nan        Mu*_xs: -0.00000   Cv*/N_xs:  0.00000         E(kJ/mol): -2.263     P(bar):    0.139     
Step:  599999     NAcc:  299998     fAcc:  0.500      Maxd:  0.35068    E*/N:  -2.23969   P*:     nan        P*cold: nan        Mu*_xs: -0.00000   Cv*/N_xs:  0.00000         E(kJ/mol): -2.234     P(bar):    0.080     
Step:  619999     NAcc:  309999     fAcc:  0.500      Maxd:  0.38024    E*/N:  -2.23857   P*:     nan        P*cold: nan        Mu*_xs: -0.00000   Cv*/N_xs:  0.00000         E(kJ/mol): -2.233     P(bar):    0.121     
Step:  639999     NAcc:  319998     fAcc:  0.500      Maxd:  0.38523    E*/N:  -2.22503   P*:     nan        P*cold: nan        Mu*_xs: -0.00000   Cv*/N_xs:  0.00000         E(kJ/mol): -2.219     P(bar):    0.038     
Step:  659999     NAcc:  329999     fAcc:  0.500      Maxd:  2.20267    E*/N:  -2.28510   P*:     nan        P*cold: nan        Mu*_xs: -0.00000   Cv*/N_xs:  0.00000         E(kJ/mol): -2.279     P(bar):    0.029     
Step:  679999     NAcc:  339999     fAcc:  0.500      Maxd:  0.39859    E*/N:  -2.23533   P*:     nan        P*cold: nan        Mu*_xs: -0.00000   Cv*/N_xs:  0.00000         E(kJ/mol): -2.229     P(bar):    0.075     
Step:  699999     NAcc:  349998     fAcc:  0.500      Maxd:  2.45321    E*/N:  -2.15444   P*:     nan        P*cold: nan        Mu*_xs: -0.00000   Cv*/N_xs:  0.00000         E(kJ/mol): -2.149     P(bar):    0.076     
Step:  719999     NAcc:  360000     fAcc:  0.500      Maxd:  0.96152    E*/N:  -2.17534   P*:     nan        P*cold: nan        Mu*_xs: -0.00000   Cv*/N_xs:  0.00000         E(kJ/mol): -2.170     P(bar):    0.099     
Step:  739999     NAcc:  369999     fAcc:  0.500      Maxd:  0.39031    E*/N:  -2.27477   P*:     nan        P*cold: nan        Mu*_xs: -0.00000   Cv*/N_xs:  0.00000         E(kJ/mol): -2.269     P(bar):    0.066     
Step:  759999     NAcc:  380001     fAcc:  0.500      Maxd:  4.44486    E*/N:  -2.21886   P*:     nan        P*cold: nan        Mu*_xs: -0.00000   Cv*/N_xs:  0.00000         E(kJ/mol): -2.213     P(bar):    0.059     
Step:  779999     NAcc:  389998     fAcc:  0.500      Maxd:  0.38896    E*/N:  -2.24525   P*:     nan        P*cold: nan        Mu*_xs: -0.00000   Cv*/N_xs:  0.00000         E(kJ/mol): -2.239     P(bar):    0.082     
Step:  799999     NAcc:  399999     fAcc:  0.500      Maxd:  1.45873    E*/N:  -2.26383   P*:     nan        P*cold: nan        Mu*_xs: -0.00000   Cv*/N_xs:  0.00000         E(kJ/mol): -2.258     P(bar):    0.112     
Step:  819999     NAcc:  409999     fAcc:  0.500      Maxd:  0.37407    E*/N:  -2.30292   P*:     nan        P*cold: nan        Mu*_xs: -0.00000   Cv*/N_xs:  0.00000         E(kJ/mol): -2.297     P(bar):    0.022     
Step:  839999     NAcc:  419997     fAcc:  0.500      Maxd:  0.33546    E*/N:  -2.31471   P*:     nan        P*cold: nan        Mu*_xs: -0.00000   Cv*/N_xs:  0.00000         E(kJ/mol): -2.309     P(bar):    0.099     
Step:  859999     NAcc:  430001     fAcc:  0.500      Maxd:  4.30502    E*/N:  -2.29838   P*:     nan        P*cold: nan        Mu*_xs: -0.00000   Cv*/N_xs:  0.00000         E(kJ/mol): -2.292     P(bar):    0.072     
Step:  879999     NAcc:  440000     fAcc:  0.500      Maxd:  6.07941    E*/N:  -2.23969   P*:     nan        P*cold: nan        Mu*_xs: -0.00000   Cv*/N_xs:  0.00000         E(kJ/mol): -2.234     P(bar):    0.147     
Step:  899999     NAcc:  449998     fAcc:  0.500      Maxd:  5.67490    E*/N:  -2.31386   P*:     nan        P*cold: nan        Mu*_xs: -0.00000   Cv*/N_xs:  0.00000         E(kJ/mol): -2.308     P(bar):    -0.024    
Step:  919999     NAcc:  459999     fAcc:  0.500      Maxd:  6.99321    E*/N:  -2.28033   P*:     nan        P*cold: nan        Mu*_xs: -0.00000   Cv*/N_xs:  0.00000         E(kJ/mol): -2.274     P(bar):    0.045     
Step:  939999     NAcc:  470002     fAcc:  0.500      Maxd:  0.82753    E*/N:  -2.26652   P*:     nan        P*cold: nan        Mu*_xs: -0.00000   Cv*/N_xs:  0.00000         E(kJ/mol): -2.261     P(bar):    0.056     
Step:  959999     NAcc:  479999     fAcc:  0.500      Maxd:  4.78414    E*/N:  -2.25969   P*:     nan        P*cold: nan        Mu*_xs: -0.00000   Cv*/N_xs:  0.00000         E(kJ/mol): -2.254     P(bar):    0.031     
Step:  979999     NAcc:  490001     fAcc:  0.500      Maxd:  1.14574    E*/N:  -2.17675   P*:     nan        P*cold: nan        Mu*_xs: -0.00000   Cv*/N_xs:  0.00000         E(kJ/mol): -2.171     P(bar):    0.104     
Step:  999999     NAcc:  499999     fAcc:  0.500      Maxd:  0.39711    E*/N:  -2.31884   P*:     nan        P*cold: nan        Mu*_xs: -0.00000   Cv*/N_xs:  0.00000         E(kJ/mol): -2.313     P(bar):    0.013     
Step:  1019999    NAcc:  510001     fAcc:  0.500      Maxd:  2.19237    E*/N:  -2.26304   P*:     nan        P*cold: nan        Mu*_xs: -0.00000   Cv*/N_xs:  0.00000         E(kJ/mol): -2.257     P(bar):    0.101     
Step:  1039999    NAcc:  520000     fAcc:  0.500      Maxd:  0.38286    E*/N:  -2.22276   P*:     nan        P*cold: nan        Mu*_xs: -0.00000   Cv*/N_xs:  0.00000         E(kJ/mol): -2.217     P(bar):    0.110     
Step:  1059999    NAcc:  530000     fAcc:  0.500      Maxd:  0.74742    E*/N:  -2.29236   P*:     nan        P*cold: nan        Mu*_xs: -0.00000   Cv*/N_xs:  0.00000         E(kJ/mol): -2.286     P(bar):    0.097     
Step:  1079999    NAcc:  540002     fAcc:  0.500      Maxd:  2.38139    E*/N:  -2.35886   P*:     nan        P*cold: nan        Mu*_xs: -0.00000   Cv*/N_xs:  0.00000         E(kJ/mol): -2.353     P(bar):    0.097     
Step:  1099999    NAcc:  550002     fAcc:  0.500      Maxd:  1.41203    E*/N:  -2.37910   P*:     nan        P*cold: nan        Mu*_xs: -0.00000   Cv*/N_xs:  0.00000         E(kJ/mol): -2.373     P(bar):    0.068     
Step:  1119999    NAcc:  560001     fAcc:  0.500      Maxd:  0.81901    E*/N:  -2.37429   P*:     nan        P*cold: nan        Mu*_xs: -0.00000   Cv*/N_xs:  0.00000         E(kJ/mol): -2.368     P(bar):    0.093     
Step:  1139999    NAcc:  570002     fAcc:  0.500      Maxd:  0.81841    E*/N:  -2.27425   P*:     nan        P*cold: nan        Mu*_xs: -0.00000   Cv*/N_xs:  0.00000         E(kJ/mol): -2.268     P(bar):    0.038     
Step:  1159999    NAcc:  580000     fAcc:  0.500      Maxd:  0.38909    E*/N:  -2.37135   P*:     nan        P*cold: nan        Mu*_xs: -0.00000   Cv*/N_xs:  0.00000         E(kJ/mol): -2.365     P(bar):    0.072     
Step:  1179999    NAcc:  590001     fAcc:  0.500      Maxd:  0.47174    E*/N:  -2.23473   P*:     nan        P*cold: nan        Mu*_xs: -0.00000   Cv*/N_xs:  0.00000         E(kJ/mol): -2.229     P(bar):    0.101     
Step:  1199999    NAcc:  600001     fAcc:  0.500      Maxd:  0.56411    E*/N:  -2.29720   P*:     nan        P*cold: nan        Mu*_xs: -0.00000   Cv*/N_xs:  0.00000         E(kJ/mol): -2.291     P(bar):    -0.048    
Step:  1219999    NAcc:  610001     fAcc:  0.500      Maxd:  0.48396    E*/N:  -2.29468   P*:     nan        P*cold: nan        Mu*_xs: -0.00000   Cv*/N_xs:  0.00000         E(kJ/mol): -2.289     P(bar):    0.026     
Step:  1239999    NAcc:  620001     fAcc:  0.500      Maxd:  0.71800    E*/N:  -2.29743   P*:     nan        P*cold: nan        Mu*_xs: -0.00000   Cv*/N_xs:  0.00000         E(kJ/mol): -2.291     P(bar):    0.106     
Step:  1259999    NAcc:  630000     fAcc:  0.500      Maxd:  0.40200    E*/N:  -2.26349   P*:     nan        P*cold: nan        Mu*_xs: -0.00000   Cv*/N_xs:  0.00000         E(kJ/mol): -2.258     P(bar):    0.122     
Step:  1279999    NAcc:  639999     fAcc:  0.500      Maxd:  0.89416    E*/N:  -2.21398   P*:     nan        P*cold: nan        Mu*_xs: -0.00000   Cv*/N_xs:  0.00000         E(kJ/mol): -2.208     P(bar):    0.109     
Step:  1299999    NAcc:  650003     fAcc:  0.500      Maxd:  2.38006    E*/N:  -2.22359   P*:     nan        P*cold: nan        Mu*_xs: -0.00000   Cv*/N_xs:  0.00000         E(kJ/mol): -2.218     P(bar):    0.091     
Step:  1319999    NAcc:  660001     fAcc:  0.500      Maxd:  0.70451    E*/N:  -2.22600   P*:     nan        P*cold: nan        Mu*_xs: -0.00000   Cv*/N_xs:  0.00000         E(kJ/mol): -2.220     P(bar):    0.037     
Step:  1339999    NAcc:  670000     fAcc:  0.500      Maxd:  1.27451    E*/N:  -2.27059   P*:     nan        P*cold: nan        Mu*_xs: -0.00000   Cv*/N_xs:  0.00000         E(kJ/mol): -2.265     P(bar):    0.067     
Step:  1359999    NAcc:  679997     fAcc:  0.500      Maxd:  0.39953    E*/N:  -2.25931   P*:     nan        P*cold: nan        Mu*_xs: -0.00000   Cv*/N_xs:  0.00000         E(kJ/mol): -2.253     P(bar):    0.119     
Step:  1379999    NAcc:  689999     fAcc:  0.500      Maxd:  0.35040    E*/N:  -2.26704   P*:     nan        P*cold: nan        Mu*_xs: -0.00000   Cv*/N_xs:  0.00000         E(kJ/mol): -2.261     P(bar):    0.064     
Step:  1399999    NAcc:  700000     fAcc:  0.500      Maxd:  3.24467    E*/N:  -2.31219   P*:     nan        P*cold: nan        Mu*_xs: -0.00000   Cv*/N_xs:  0.00000         E(kJ/mol): -2.306     P(bar):    0.090     
Step:  1419999    NAcc:  710002     fAcc:  0.500      Maxd:  1.60366    E*/N:  -2.41256   P*:     nan        P*cold: nan        Mu*_xs: -0.00000   Cv*/N_xs:  0.00000         E(kJ/mol): -2.406     P(bar):    0.085     
Step:  1439999    NAcc:  720001     fAcc:  0.500      Maxd:  0.70142    E*/N:  -2.37586   P*:     nan        P*cold: nan        Mu*_xs: -0.00000   Cv*/N_xs:  0.00000         E(kJ/mol): -2.370     P(bar):    0.188     
Step:  1459999    NAcc:  730001     fAcc:  0.500      Maxd:  2.66237    E*/N:  -2.42638   P*:     nan        P*cold: nan        Mu*_xs: -0.00000   Cv*/N_xs:  0.00000         E(kJ/mol): -2.420     P(bar):    0.130     
Step:  1479999    NAcc:  740001     fAcc:  0.500      Maxd:  1.14253    E*/N:  -2.33275   P*:     nan        P*cold: nan        Mu*_xs: -0.00000   Cv*/N_xs:  0.00000         E(kJ/mol): -2.327     P(bar):    0.196     
Step:  1499999    NAcc:  750002     fAcc:  0.500      Maxd:  0.82154    E*/N:  -2.33553   P*:     nan        P*cold: nan        Mu*_xs: -0.00000   Cv*/N_xs:  0.00000         E(kJ/mol): -2.329     P(bar):    -0.043    
Step:  1519999    NAcc:  760002     fAcc:  0.500      Maxd:  2.14607    E*/N:  -2.35812   P*:     nan        P*cold: nan        Mu*_xs: -0.00000   Cv*/N_xs:  0.00000         E(kJ/mol): -2.352     P(bar):    0.098     
Step:  1539999    NAcc:  769998     fAcc:  0.500      Maxd:  0.74886    E*/N:  -2.36732   P*:     nan        P*cold: nan        Mu*_xs: -0.00000   Cv*/N_xs:  0.00000         E(kJ/mol): -2.361     P(bar):    -0.030    
Step:  1559999    NAcc:  780003     fAcc:  0.500      Maxd:  1.00964    E*/N:  -2.33407   P*:     nan        P*cold: nan        Mu*_xs: -0.00000   Cv*/N_xs:  0.00000         E(kJ/mol): -2.328     P(bar):    0.154     
Step:  1579999    NAcc:  789999     fAcc:  0.500      Maxd:  0.32469    E*/N:  -2.36040   P*:     nan        P*cold: nan        Mu*_xs: -0.00000   Cv*/N_xs:  0.00000         E(kJ/mol): -2.354     P(bar):    0.099     
Step:  1599999    NAcc:  800000     fAcc:  0.500      Maxd:  0.37706    E*/N:  -2.36713   P*:     nan        P*cold: nan        Mu*_xs: -0.00000   Cv*/N_xs:  0.00000         E(kJ/mol): -2.361     P(bar):    0.080     
Step:  1619999    NAcc:  810001     fAcc:  0.500      Maxd:  4.43713    E*/N:  -2.37229   P*:     nan        P*cold: nan        Mu*_xs: -0.00000   Cv*/N_xs:  0.00000         E(kJ/mol): -2.366     P(bar):    0.104     
Step:  1639999    NAcc:  820000     fAcc:  0.500      Maxd:  0.36885    E*/N:  -2.37079   P*:     nan        P*cold: nan        Mu*_xs: -0.00000   Cv*/N_xs:  0.00000         E(kJ/mol): -2.365     P(bar):    0.018     
Step:  1659999    NAcc:  830000     fAcc:  0.500      Maxd:  0.35022    E*/N:  -2.32006   P*:     nan        P*cold: nan        Mu*_xs: -0.00000   Cv*/N_xs:  0.00000         E(kJ/mol): -2.314     P(bar):    0.164     
Step:  1679999    NAcc:  840000     fAcc:  0.500      Maxd:  0.39675    E*/N:  -2.30231   P*:     nan        P*cold: nan        Mu*_xs: -0.00000   Cv*/N_xs:  0.00000         E(kJ/mol): -2.296     P(bar):    0.077     
Step:  1699999    NAcc:  850000     fAcc:  0.500      Maxd:  0.64399    E*/N:  -2.32398   P*:     nan        P*cold: nan        Mu*_xs: -0.00000   Cv*/N_xs:  0.00000         E(kJ/mol): -2.318     P(bar):    0.105     
Step:  1719999    NAcc:  859997     fAcc:  0.500      Maxd:  0.46562    E*/N:  -2.30449   P*:     nan        P*cold: nan        Mu*_xs: -0.00000   Cv*/N_xs:  0.00000         E(kJ/mol): -2.298     P(bar):    0.029     
Step:  1739999    NAcc:  870001     fAcc:  0.500      Maxd:  0.95687    E*/N:  -2.30887   P*:     nan        P*cold: nan        Mu*_xs: -0.00000   Cv*/N_xs:  0.00000         E(kJ/mol): -2.303     P(bar):    -0.004    
Step:  1759999    NAcc:  879998     fAcc:  0.500      Maxd:  0.77963    E*/N:  -2.22177   P*:     nan        P*cold: nan        Mu*_xs: -0.00000   Cv*/N_xs:  0.00000         E(kJ/mol): -2.216     P(bar):    0.073     
Step:  1779999    NAcc:  890000     fAcc:  0.500      Maxd:  0.37252    E*/N:  -2.27030   P*:     nan        P*cold: nan        Mu*_xs: -0.00000   Cv*/N_xs:  0.00000         E(kJ/mol): -2.264     P(bar):    -0.009    
Step:  1799999    NAcc:  900002     fAcc:  0.500      Maxd:  1.14859    E*/N:  -2.27954   P*:     nan        P*cold: nan        Mu*_xs: -0.00000   Cv*/N_xs:  0.00000         E(kJ/mol): -2.274     P(bar):    0.134     
Step:  1819999    NAcc:  910001     fAcc:  0.500      Maxd:  3.23856    E*/N:  -2.25644   P*:     nan        P*cold: nan        Mu*_xs: -0.00000   Cv*/N_xs:  0.00000         E(kJ/mol): -2.251     P(bar):    0.089     
Step:  1839999    NAcc:  920000     fAcc:  0.500      Maxd:  1.29795    E*/N:  -2.26907   P*:     nan        P*cold: nan        Mu*_xs: -0.00000   Cv*/N_xs:  0.00000         E(kJ/mol): -2.263     P(bar):    0.069     
Step:  1859999    NAcc:  929999     fAcc:  0.500      Maxd:  0.35337    E*/N:  -2.27199   P*:     nan        P*cold: nan        Mu*_xs: -0.00000   Cv*/N_xs:  0.00000         E(kJ/mol): -2.266     P(bar):    0.039     
Step:  1879999    NAcc:  940002     fAcc:  0.500      Maxd:  0.92286    E*/N:  -2.30098   P*:     nan        P*cold: nan        Mu*_xs: -0.00000   Cv*/N_xs:  0.00000         E(kJ/mol): -2.295     P(bar):    0.052     
Step:  1899999    NAcc:  950000     fAcc:  0.500      Maxd:  2.14357    E*/N:  -2.29416   P*:     nan        P*cold: nan        Mu*_xs: -0.00000   Cv*/N_xs:  0.00000         E(kJ/mol): -2.288     P(bar):    0.027     
Step:  1919999    NAcc:  960000     fAcc:  0.500      Maxd:  0.39219    E*/N:  -2.26395   P*:     nan        P*cold: nan        Mu*_xs: -0.00000   Cv*/N_xs:  0.00000         E(kJ/mol): -2.258     P(bar):    0.031     
Step:  1939999    NAcc:  970000     fAcc:  0.500      Maxd:  1.32666    E*/N:  -2.35130   P*:     nan        P*cold: nan        Mu*_xs: -0.00000   Cv*/N_xs:  0.00000         E(kJ/mol): -2.345     P(bar):    0.067     
Step:  1959999    NAcc:  980002     fAcc:  0.500      Maxd:  1.03847    E*/N:  -2.37698   P*:     nan        P*cold: nan        Mu*_xs: -0.00000   Cv*/N_xs:  0.00000         E(kJ/mol): -2.371     P(bar):    0.167     
Step:  1979999    NAcc:  990001     fAcc:  0.500      Maxd:  2.44006    E*/N:  -2.34034   P*:     nan        P*cold: nan        Mu*_xs: -0.00000   Cv*/N_xs:  0.00000         E(kJ/mol): -2.334     P(bar):    0.098     
Step:  1999999    NAcc:  1000000    fAcc:  0.500      Maxd:  0.40146    E*/N:  -2.36701   P*:     nan        P*cold: nan        Mu*_xs: -0.00000   Cv*/N_xs:  0.00000         E(kJ/mol): -2.361     P(bar):    0.069     
Step:  2019999    NAcc:  1010001    fAcc:  0.500      Maxd:  4.29329    E*/N:  -2.29734   P*:     0.04891    P*cold: -0.31109   Mu*_xs: -2.01557   Cv*/N_xs:  0.37739         E(kJ/mol): -2.291     P(bar):    0.092     
Step:  2039999    NAcc:  1020001    fAcc:  0.500      Maxd:  1.10398    E*/N:  -2.25719   P*:     0.07855    P*cold: -0.28145   Mu*_xs: -2.02979   Cv*/N_xs:  0.47328         E(kJ/mol): -2.251     P(bar):    0.077     
Step:  2059999    NAcc:  1029999    fAcc:  0.500      Maxd:  0.39244    E*/N:  -2.27867   P*:     0.08049    P*cold: -0.27951   Mu*_xs: -2.06542   Cv*/N_xs:  0.51580         E(kJ/mol): -2.273     P(bar):    0.106     
Step:  2079999    NAcc:  1040000    fAcc:  0.500      Maxd:  0.33141    E*/N:  -2.29097   P*:     0.07935    P*cold: -0.28065   Mu*_xs: -2.07007   Cv*/N_xs:  0.65100         E(kJ/mol): -2.285     P(bar):    0.023     
Step:  2099999    NAcc:  1049996    fAcc:  0.500      Maxd:  3.10124    E*/N:  -2.28034   P*:     0.08038    P*cold: -0.27962   Mu*_xs: -2.07881   Cv*/N_xs:  0.64991         E(kJ/mol): -2.274     P(bar):    -0.024    
Step:  2119999    NAcc:  1060000    fAcc:  0.500      Maxd:  11.98556   E*/N:  -2.23367   P*:     0.07849    P*cold: -0.28151   Mu*_xs: -2.07685   Cv*/N_xs:  0.63384         E(kJ/mol): -2.228     P(bar):    0.067     
Step:  2139999    NAcc:  1069999    fAcc:  0.500      Maxd:  0.38545    E*/N:  -2.29537   P*:     0.07922    P*cold: -0.28078   Mu*_xs: -2.08838   Cv*/N_xs:  0.58785         E(kJ/mol): -2.289     P(bar):    0.013     
Step:  2159999    NAcc:  1080000    fAcc:  0.500      Maxd:  0.34732    E*/N:  -2.28482   P*:     0.08022    P*cold: -0.27978   Mu*_xs: -2.07726   Cv*/N_xs:  0.58085         E(kJ/mol): -2.279     P(bar):    0.062     
Step:  2179999    NAcc:  1090000    fAcc:  0.500      Maxd:  0.94770    E*/N:  -2.36054   P*:     0.08584    P*cold: -0.27416   Mu*_xs: -2.07626   Cv*/N_xs:  0.57917         E(kJ/mol): -2.354     P(bar):    0.094     
Step:  2199999    NAcc:  1099998    fAcc:  0.500      Maxd:  1.21074    E*/N:  -2.38575   P*:     0.08845    P*cold: -0.27155   Mu*_xs: -2.07221   Cv*/N_xs:  0.57357         E(kJ/mol): -2.380     P(bar):    -0.008    
Step:  2219999    NAcc:  1109997    fAcc:  0.500      Maxd:  0.39555    E*/N:  -2.43575   P*:     0.08646    P*cold: -0.27354   Mu*_xs: -2.06637   Cv*/N_xs:  0.89003         E(kJ/mol): -2.429     P(bar):    0.073     
Step:  2239999    NAcc:  1119998    fAcc:  0.500      Maxd:  1.08526    E*/N:  -2.38254   P*:     0.08846    P*cold: -0.27154   Mu*_xs: -2.07313   Cv*/N_xs:  0.93592         E(kJ/mol): -2.376     P(bar):    0.113     
Step:  2259999    NAcc:  1130000    fAcc:  0.500      Maxd:  0.42900    E*/N:  -2.35526   P*:     0.08967    P*cold: -0.27033   Mu*_xs: -2.07601   Cv*/N_xs:  1.06972         E(kJ/mol): -2.349     P(bar):    0.150     
Step:  2279999    NAcc:  1140000    fAcc:  0.500      Maxd:  3.98446    E*/N:  -2.37479   P*:     0.08901    P*cold: -0.27099   Mu*_xs: -2.08057   Cv*/N_xs:  1.12060         E(kJ/mol): -2.369     P(bar):    0.055     
Step:  2299999    NAcc:  1150000    fAcc:  0.500      Maxd:  2.51521    E*/N:  -2.30549   P*:     0.08821    P*cold: -0.27179   Mu*_xs: -2.07716   Cv*/N_xs:  1.08755         E(kJ/mol): -2.299     P(bar):    0.160     
Step:  2319999    NAcc:  1160001    fAcc:  0.500      Maxd:  0.69986    E*/N:  -2.32696   P*:     0.08901    P*cold: -0.27099   Mu*_xs: -2.08060   Cv*/N_xs:  1.05029         E(kJ/mol): -2.321     P(bar):    0.116     
Step:  2339999    NAcc:  1169998    fAcc:  0.500      Maxd:  0.36412    E*/N:  -2.28131   P*:     0.08819    P*cold: -0.27181   Mu*_xs: -2.08451   Cv*/N_xs:  1.00220         E(kJ/mol): -2.275     P(bar):    0.076     
Step:  2359999    NAcc:  1180001    fAcc:  0.500      Maxd:  0.46893    E*/N:  -2.24923   P*:     0.08992    P*cold: -0.27008   Mu*_xs: -2.08542   Cv*/N_xs:  1.02782         E(kJ/mol): -2.243     P(bar):    0.114     
Step:  2379999    NAcc:  1190000    fAcc:  0.500      Maxd:  1.40340    E*/N:  -2.31251   P*:     0.09074    P*cold: -0.26926   Mu*_xs: -2.08649   Cv*/N_xs:  1.00465         E(kJ/mol): -2.306     P(bar):    0.040     
Step:  2399999    NAcc:  1200000    fAcc:  0.500      Maxd:  0.33167    E*/N:  -2.36236   P*:     0.09193    P*cold: -0.26807   Mu*_xs: -2.08613   Cv*/N_xs:  0.98701         E(kJ/mol): -2.356     P(bar):    0.133     
Step:  2419999    NAcc:  1210002    fAcc:  0.500      Maxd:  1.65570    E*/N:  -2.32343   P*:     0.09245    P*cold: -0.26755   Mu*_xs: -2.09012   Cv*/N_xs:  0.96847         E(kJ/mol): -2.317     P(bar):    0.109     
Step:  2439999    NAcc:  1220000    fAcc:  0.500      Maxd:  0.34706    E*/N:  -2.30303   P*:     0.09165    P*cold: -0.26835   Mu*_xs: -2.08945   Cv*/N_xs:  0.95884         E(kJ/mol): -2.297     P(bar):    0.024     
Step:  2459999    NAcc:  1230001    fAcc:  0.500      Maxd:  2.21949    E*/N:  -2.28819   P*:     0.09187    P*cold: -0.26813   Mu*_xs: -2.09051   Cv*/N_xs:  0.94302         E(kJ/mol): -2.282     P(bar):    0.074     
Step:  2479999    NAcc:  1240000    fAcc:  0.500      Maxd:  0.35436    E*/N:  -2.31547   P*:     0.08971    P*cold: -0.27029   Mu*_xs: -2.09027   Cv*/N_xs:  0.92704         E(kJ/mol): -2.309     P(bar):    -0.001    
Step:  2499999    NAcc:  1250001    fAcc:  0.500      Maxd:  1.40707    E*/N:  -2.27702   P*:     0.08907    P*cold: -0.27093   Mu*_xs: -2.08994   Cv*/N_xs:  0.90446         E(kJ/mol): -2.271     P(bar):    0.119     
Step:  2519999    NAcc:  1260002    fAcc:  0.500      Maxd:  4.64659    E*/N:  -2.27297   P*:     0.09052    P*cold: -0.26948   Mu*_xs: -2.09034   Cv*/N_xs:  0.89150         E(kJ/mol): -2.267     P(bar):    0.137     
Step:  2539999    NAcc:  1270000    fAcc:  0.500      Maxd:  0.77530    E*/N:  -2.21917   P*:     0.09137    P*cold: -0.26863   Mu*_xs: -2.09215   Cv*/N_xs:  0.88118         E(kJ/mol): -2.213     P(bar):    0.151     
Step:  2559999    NAcc:  1280000    fAcc:  0.500      Maxd:  3.83754    E*/N:  -2.29014   P*:     0.09131    P*cold: -0.26869   Mu*_xs: -2.09384   Cv*/N_xs:  0.87493         E(kJ/mol): -2.284     P(bar):    0.037     
Step:  2579999    NAcc:  1289995    fAcc:  0.500      Maxd:  0.36347    E*/N:  -2.25567   P*:     0.09099    P*cold: -0.26901   Mu*_xs: -2.09411   Cv*/N_xs:  0.86489         E(kJ/mol): -2.250     P(bar):    0.011     
Step:  2599999    NAcc:  1300002    fAcc:  0.500      Maxd:  0.80643    E*/N:  -2.28950   P*:     0.09101    P*cold: -0.26899   Mu*_xs: -2.09490   Cv*/N_xs:  0.86606         E(kJ/mol): -2.284     P(bar):    0.087     
Step:  2619999    NAcc:  1309999    fAcc:  0.500      Maxd:  1.29430    E*/N:  -2.18428   P*:     0.09019    P*cold: -0.26981   Mu*_xs: -2.09501   Cv*/N_xs:  0.90509         E(kJ/mol): -2.179     P(bar):    0.073     
Step:  2639999    NAcc:  1320001    fAcc:  0.500      Maxd:  4.49598    E*/N:  -2.23959   P*:     0.08975    P*cold: -0.27025   Mu*_xs: -2.09559   Cv*/N_xs:  1.05211         E(kJ/mol): -2.234     P(bar):    0.022     
Step:  2659999    NAcc:  1329999    fAcc:  0.500      Maxd:  1.73763    E*/N:  -2.25675   P*:     0.09024    P*cold: -0.26976   Mu*_xs: -2.09668   Cv*/N_xs:  1.16911         E(kJ/mol): -2.251     P(bar):    0.070     
Step:  2679999    NAcc:  1340000    fAcc:  0.500      Maxd:  0.38150    E*/N:  -2.24249   P*:     0.09018    P*cold: -0.26982   Mu*_xs: -2.09421   Cv*/N_xs:  1.18425         E(kJ/mol): -2.237     P(bar):    0.101     
Step:  2699999    NAcc:  1350000    fAcc:  0.500      Maxd:  1.27668    E*/N:  -2.26463   P*:     0.09120    P*cold: -0.26880   Mu*_xs: -2.09456   Cv*/N_xs:  1.19249         E(kJ/mol): -2.259     P(bar):    0.107     
Step:  2719999    NAcc:  1360001    fAcc:  0.500      Maxd:  2.27916    E*/N:  -2.37280   P*:     0.09247    P*cold: -0.26753   Mu*_xs: -2.09231   Cv*/N_xs:  1.19844         E(kJ/mol): -2.367     P(bar):    0.117     
Step:  2739999    NAcc:  1370000    fAcc:  0.500      Maxd:  0.38653    E*/N:  -2.36408   P*:     0.09269    P*cold: -0.26731   Mu*_xs: -2.09267   Cv*/N_xs:  1.25072         E(kJ/mol): -2.358     P(bar):    0.097     
Step:  2759999    NAcc:  1380003    fAcc:  0.500      Maxd:  1.11693    E*/N:  -2.39283   P*:     0.09261    P*cold: -0.26739   Mu*_xs: -2.09181   Cv*/N_xs:  1.29094         E(kJ/mol): -2.387     P(bar):    0.051     
Step:  2779999    NAcc:  1390000    fAcc:  0.500      Maxd:  1.95050    E*/N:  -2.35781   P*:     0.09270    P*cold: -0.26730   Mu*_xs: -2.09193   Cv*/N_xs:  1.30685         E(kJ/mol): -2.352     P(bar):    0.066     
Step:  2799999    NAcc:  1400001    fAcc:  0.500      Maxd:  0.55177    E*/N:  -2.32703   P*:     0.09258    P*cold: -0.26742   Mu*_xs: -2.09211   Cv*/N_xs:  1.28849         E(kJ/mol): -2.321     P(bar):    0.116     
Step:  2819999    NAcc:  1410002    fAcc:  0.500      Maxd:  9.89454    E*/N:  -2.27945   P*:     0.09325    P*cold: -0.26675   Mu*_xs: -2.09343   Cv*/N_xs:  1.29857         E(kJ/mol): -2.273     P(bar):    0.068     
Step:  2839999    NAcc:  1419998    fAcc:  0.500      Maxd:  1.35289    E*/N:  -2.27707   P*:     0.09353    P*cold: -0.26647   Mu*_xs: -2.09142   Cv*/N_xs:  1.27779         E(kJ/mol): -2.271     P(bar):    0.124     
Step:  2859999    NAcc:  1430001    fAcc:  0.500      Maxd:  1.06752    E*/N:  -2.29461   P*:     0.09395    P*cold: -0.26605   Mu*_xs: -2.09216   Cv*/N_xs:  1.25656         E(kJ/mol): -2.289     P(bar):    0.127     
Step:  2879999    NAcc:  1439998    fAcc:  0.500      Maxd:  0.39658    E*/N:  -2.35857   P*:     0.09463    P*cold: -0.26537   Mu*_xs: -2.09136   Cv*/N_xs:  1.26745         E(kJ/mol): -2.352     P(bar):    0.132     
Step:  2899999    NAcc:  1449997    fAcc:  0.500      Maxd:  0.38369    E*/N:  -2.39886   P*:     0.09556    P*cold: -0.26444   Mu*_xs: -2.08913   Cv*/N_xs:  1.26788         E(kJ/mol): -2.393     P(bar):    0.124     
Step:  2919999    NAcc:  1459999    fAcc:  0.500      Maxd:  0.51176    E*/N:  -2.36802   P*:     0.09545    P*cold: -0.26455   Mu*_xs: -2.08845   Cv*/N_xs:  1.31179         E(kJ/mol): -2.362     P(bar):    0.080     
Step:  2939999    NAcc:  1470001    fAcc:  0.500      Maxd:  2.69135    E*/N:  -2.35233   P*:     0.09468    P*cold: -0.26532   Mu*_xs: -2.09069   Cv*/N_xs:  1.29855         E(kJ/mol): -2.346     P(bar):    0.005     
Step:  2959999    NAcc:  1480000    fAcc:  0.500      Maxd:  5.51972    E*/N:  -2.32087   P*:     0.09473    P*cold: -0.26527   Mu*_xs: -2.09109   Cv*/N_xs:  1.27821         E(kJ/mol): -2.315     P(bar):    0.094     
Step:  2979999    NAcc:  1490003    fAcc:  0.500      Maxd:  2.37943    E*/N:  -2.27947   P*:     0.09483    P*cold: -0.26517   Mu*_xs: -2.09079   Cv*/N_xs:  1.26869         E(kJ/mol): -2.274     P(bar):    0.073     
Step:  2999999    NAcc:  1499999    fAcc:  0.500      Maxd:  1.55992    E*/N:  -2.26719   P*:     0.09555    P*cold: -0.26445   Mu*_xs: -2.09087   Cv*/N_xs:  1.25205         E(kJ/mol): -2.261     P(bar):    0.146     
Step:  3019999    NAcc:  1509999    fAcc:  0.500      Maxd:  0.43155    E*/N:  -2.31174   P*:     0.09569    P*cold: -0.26431   Mu*_xs: -2.08967   Cv*/N_xs:  1.23528         E(kJ/mol): -2.306     P(bar):    0.048     
Step:  3039999    NAcc:  1520000    fAcc:  0.500      Maxd:  0.95749    E*/N:  -2.30661   P*:     0.09556    P*cold: -0.26444   Mu*_xs: -2.09075   Cv*/N_xs:  1.22985         E(kJ/mol): -2.301     P(bar):    0.068     
Step:  3059999    NAcc:  1529999    fAcc:  0.500      Maxd:  0.40275    E*/N:  -2.30350   P*:     0.09481    P*cold: -0.26519   Mu*_xs: -2.09056   Cv*/N_xs:  1.21199         E(kJ/mol): -2.297     P(bar):    0.008     
Step:  3079999    NAcc:  1540000    fAcc:  0.500      Maxd:  2.09956    E*/N:  -2.25229   P*:     0.09440    P*cold: -0.26560   Mu*_xs: -2.09157   Cv*/N_xs:  1.19562         E(kJ/mol): -2.246     P(bar):    0.161     
Step:  3099999    NAcc:  1550001    fAcc:  0.500      Maxd:  1.02864    E*/N:  -2.20465   P*:     0.09402    P*cold: -0.26598   Mu*_xs: -2.09184   Cv*/N_xs:  1.18512         E(kJ/mol): -2.199     P(bar):    0.128     
Step:  3119999    NAcc:  1560000    fAcc:  0.500      Maxd:  0.34997    E*/N:  -2.17443   P*:     0.09384    P*cold: -0.26616   Mu*_xs: -2.09296   Cv*/N_xs:  1.20203         E(kJ/mol): -2.169     P(bar):    0.135     
Step:  3139999    NAcc:  1570000    fAcc:  0.500      Maxd:  2.96950    E*/N:  -2.22986   P*:     0.09413    P*cold: -0.26587   Mu*_xs: -2.09352   Cv*/N_xs:  1.22577         E(kJ/mol): -2.224     P(bar):    0.087     
Step:  3159999    NAcc:  1580000    fAcc:  0.500      Maxd:  0.48589    E*/N:  -2.23592   P*:     0.09424    P*cold: -0.26576   Mu*_xs: -2.09461   Cv*/N_xs:  1.22491         E(kJ/mol): -2.230     P(bar):    0.113     
Step:  3179999    NAcc:  1590001    fAcc:  0.500      Maxd:  2.03860    E*/N:  -2.27869   P*:     0.09414    P*cold: -0.26586   Mu*_xs: -2.09478   Cv*/N_xs:  1.21501         E(kJ/mol): -2.273     P(bar):    0.045     
Step:  3199999    NAcc:  1599998    fAcc:  0.500      Maxd:  0.38863    E*/N:  -2.30370   P*:     0.09420    P*cold: -0.26580   Mu*_xs: -2.09452   Cv*/N_xs:  1.20041         E(kJ/mol): -2.298     P(bar):    0.136     
Step:  3219999    NAcc:  1610001    fAcc:  0.500      Maxd:  0.67493    E*/N:  -2.28951   P*:     0.09488    P*cold: -0.26512   Mu*_xs: -2.09417   Cv*/N_xs:  1.18520         E(kJ/mol): -2.284     P(bar):    0.047     
Step:  3239999    NAcc:  1619999    fAcc:  0.500      Maxd:  0.59864    E*/N:  -2.28183   P*:     0.09479    P*cold: -0.26521   Mu*_xs: -2.09506   Cv*/N_xs:  1.17966         E(kJ/mol): -2.276     P(bar):    0.117     
Step:  3259999    NAcc:  1629998    fAcc:  0.500      Maxd:  0.34532    E*/N:  -2.34364   P*:     0.09485    P*cold: -0.26515   Mu*_xs: -2.09455   Cv*/N_xs:  1.16901         E(kJ/mol): -2.338     P(bar):    0.089     
Step:  3279999    NAcc:  1640000    fAcc:  0.500      Maxd:  0.40323    E*/N:  -2.29783   P*:     0.09503    P*cold: -0.26497   Mu*_xs: -2.09588   Cv*/N_xs:  1.15468         E(kJ/mol): -2.292     P(bar):    0.082     
Step:  3299999    NAcc:  1650001    fAcc:  0.500      Maxd:  0.85628    E*/N:  -2.23363   P*:     0.09461    P*cold: -0.26539   Mu*_xs: -2.09612   Cv*/N_xs:  1.14360         E(kJ/mol): -2.228     P(bar):    0.067     
Step:  3319999    NAcc:  1660000    fAcc:  0.500      Maxd:  2.88782    E*/N:  -2.21904   P*:     0.09435    P*cold: -0.26565   Mu*_xs: -2.09609   Cv*/N_xs:  1.17667         E(kJ/mol): -2.213     P(bar):    0.031     
Step:  3339999    NAcc:  1670002    fAcc:  0.500      Maxd:  1.18525    E*/N:  -2.17359   P*:     0.09433    P*cold: -0.26567   Mu*_xs: -2.09674   Cv*/N_xs:  1.24525         E(kJ/mol): -2.168     P(bar):    0.055     
Step:  3359999    NAcc:  1680001    fAcc:  0.500      Maxd:  1.39097    E*/N:  -2.27841   P*:     0.09452    P*cold: -0.26548   Mu*_xs: -2.09672   Cv*/N_xs:  1.26783         E(kJ/mol): -2.272     P(bar):    0.112     
Step:  3379999    NAcc:  1690001    fAcc:  0.500      Maxd:  4.45631    E*/N:  -2.23930   P*:     0.09473    P*cold: -0.26527   Mu*_xs: -2.09749   Cv*/N_xs:  1.27903         E(kJ/mol): -2.233     P(bar):    0.074     
Step:  3399999    NAcc:  1700002    fAcc:  0.500      Maxd:  1.13590    E*/N:  -2.21984   P*:     0.09442    P*cold: -0.26558   Mu*_xs: -2.09792   Cv*/N_xs:  1.31038         E(kJ/mol): -2.214     P(bar):    0.074     
Step:  3419999    NAcc:  1710000    fAcc:  0.500      Maxd:  0.67134    E*/N:  -2.20715   P*:     0.09465    P*cold: -0.26535   Mu*_xs: -2.09914   Cv*/N_xs:  1.32827         E(kJ/mol): -2.201     P(bar):    0.054     
Step:  3439999    NAcc:  1720001    fAcc:  0.500      Maxd:  2.94068    E*/N:  -2.19586   P*:     0.09499    P*cold: -0.26501   Mu*_xs: -2.09891   Cv*/N_xs:  1.36090         E(kJ/mol): -2.190     P(bar):    0.140     
Step:  3459999    NAcc:  1729999    fAcc:  0.500      Maxd:  0.93486    E*/N:  -2.22237   P*:     0.09551    P*cold: -0.26449   Mu*_xs: -2.09972   Cv*/N_xs:  1.37069         E(kJ/mol): -2.217     P(bar):    0.136     
Step:  3479999    NAcc:  1739999    fAcc:  0.500      Maxd:  1.42034    E*/N:  -2.30192   P*:     0.09556    P*cold: -0.26444   Mu*_xs: -2.09976   Cv*/N_xs:  1.36386         E(kJ/mol): -2.296     P(bar):    0.124     
Step:  3499999    NAcc:  1750000    fAcc:  0.500      Maxd:  4.16018    E*/N:  -2.32243   P*:     0.09549    P*cold: -0.26451   Mu*_xs: -2.09932   Cv*/N_xs:  1.35126         E(kJ/mol): -2.316     P(bar):    0.019     
Step:  3519999    NAcc:  1760003    fAcc:  0.500      Maxd:  5.77856    E*/N:  -2.30730   P*:     0.09545    P*cold: -0.26455   Mu*_xs: -2.09832   Cv*/N_xs:  1.33918         E(kJ/mol): -2.301     P(bar):    0.097     
Step:  3539999    NAcc:  1770000    fAcc:  0.500      Maxd:  4.05337    E*/N:  -2.22728   P*:     0.09551    P*cold: -0.26449   Mu*_xs: -2.09852   Cv*/N_xs:  1.32710         E(kJ/mol): -2.221     P(bar):    0.097     
Step:  3559999    NAcc:  1780001    fAcc:  0.500      Maxd:  0.53192    E*/N:  -2.24148   P*:     0.09552    P*cold: -0.26448   Mu*_xs: -2.09890   Cv*/N_xs:  1.32229         E(kJ/mol): -2.236     P(bar):    0.127     
Step:  3579999    NAcc:  1790000    fAcc:  0.500      Maxd:  0.73075    E*/N:  -2.18305   P*:     0.09544    P*cold: -0.26456   Mu*_xs: -2.10028   Cv*/N_xs:  1.31848         E(kJ/mol): -2.177     P(bar):    0.124     
Step:  3599999    NAcc:  1799999    fAcc:  0.500      Maxd:  1.35856    E*/N:  -2.30091   P*:     0.09569    P*cold: -0.26431   Mu*_xs: -2.10066   Cv*/N_xs:  1.31997         E(kJ/mol): -2.295     P(bar):    -0.038    
Step:  3619999    NAcc:  1810000    fAcc:  0.500      Maxd:  3.36875    E*/N:  -2.26812   P*:     0.09503    P*cold: -0.26497   Mu*_xs: -2.10065   Cv*/N_xs:  1.30754         E(kJ/mol): -2.262     P(bar):    0.037     
Step:  3639999    NAcc:  1820001    fAcc:  0.500      Maxd:  0.48379    E*/N:  -2.30157   P*:     0.09495    P*cold: -0.26505   Mu*_xs: -2.10020   Cv*/N_xs:  1.29607         E(kJ/mol): -2.296     P(bar):    -0.017    
Step:  3659999    NAcc:  1830001    fAcc:  0.500      Maxd:  5.99301    E*/N:  -2.25382   P*:     0.09470    P*cold: -0.26530   Mu*_xs: -2.10024   Cv*/N_xs:  1.28558         E(kJ/mol): -2.248     P(bar):    0.134     
Step:  3679999    NAcc:  1839995    fAcc:  0.500      Maxd:  0.75311    E*/N:  -2.28632   P*:     0.09478    P*cold: -0.26522   Mu*_xs: -2.09981   Cv*/N_xs:  1.28010         E(kJ/mol): -2.280     P(bar):    0.050     
Step:  3699999    NAcc:  1850004    fAcc:  0.500      Maxd:  1.44538    E*/N:  -2.23812   P*:     0.09449    P*cold: -0.26551   Mu*_xs: -2.09841   Cv*/N_xs:  1.27634         E(kJ/mol): -2.232     P(bar):    0.161     
Step:  3719999    NAcc:  1860001    fAcc:  0.500      Maxd:  3.69246    E*/N:  -2.20210   P*:     0.09450    P*cold: -0.26550   Mu*_xs: -2.09728   Cv*/N_xs:  1.27926         E(kJ/mol): -2.196     P(bar):    0.105     
Step:  3739999    NAcc:  1870000    fAcc:  0.500      Maxd:  3.82334    E*/N:  -2.22496   P*:     0.09471    P*cold: -0.26529   Mu*_xs: -2.09746   Cv*/N_xs:  1.29672         E(kJ/mol): -2.219     P(bar):    0.038     
Step:  3759999    NAcc:  1879997    fAcc:  0.500      Maxd:  0.38970    E*/N:  -2.16328   P*:     0.09481    P*cold: -0.26519   Mu*_xs: -2.09828   Cv*/N_xs:  1.30691         E(kJ/mol): -2.158     P(bar):    0.103     
Step:  3779999    NAcc:  1890002    fAcc:  0.500      Maxd:  3.59862    E*/N:  -2.26530   P*:     0.09475    P*cold: -0.26525   Mu*_xs: -2.09810   Cv*/N_xs:  1.31473         E(kJ/mol): -2.259     P(bar):    0.008     
Step:  3799999    NAcc:  1899999    fAcc:  0.500      Maxd:  0.85238    E*/N:  -2.21360   P*:     0.09474    P*cold: -0.26526   Mu*_xs: -2.09907   Cv*/N_xs:  1.34162         E(kJ/mol): -2.208     P(bar):    0.043     
Step:  3819999    NAcc:  1910000    fAcc:  0.500      Maxd:  3.27534    E*/N:  -2.15077   P*:     0.09436    P*cold: -0.26564   Mu*_xs: -2.09971   Cv*/N_xs:  1.38585         E(kJ/mol): -2.145     P(bar):    0.058     
Step:  3839999    NAcc:  1920002    fAcc:  0.500      Maxd:  2.71995    E*/N:  -2.22220   P*:     0.09414    P*cold: -0.26586   Mu*_xs: -2.10092   Cv*/N_xs:  1.43313         E(kJ/mol): -2.216     P(bar):    0.067     
Step:  3859999    NAcc:  1929999    fAcc:  0.500      Maxd:  4.14487    E*/N:  -2.25643   P*:     0.09413    P*cold: -0.26587   Mu*_xs: -2.10095   Cv*/N_xs:  1.43419         E(kJ/mol): -2.251     P(bar):    0.021     
Step:  3879999    NAcc:  1940002    fAcc:  0.500      Maxd:  18.95508   E*/N:  -2.33045   P*:     0.09377    P*cold: -0.26623   Mu*_xs: -2.10041   Cv*/N_xs:  1.42622         E(kJ/mol): -2.324     P(bar):    0.054     
Step:  3899999    NAcc:  1950002    fAcc:  0.500      Maxd:  2.02262    E*/N:  -2.31422   P*:     0.09380    P*cold: -0.26620   Mu*_xs: -2.10031   Cv*/N_xs:  1.42984         E(kJ/mol): -2.308     P(bar):    0.058     
Step:  3919999    NAcc:  1960000    fAcc:  0.500      Maxd:  7.75456    E*/N:  -2.24947   P*:     0.09346    P*cold: -0.26654   Mu*_xs: -2.10008   Cv*/N_xs:  1.42319         E(kJ/mol): -2.244     P(bar):    0.063     
Step:  3939999    NAcc:  1969998    fAcc:  0.500      Maxd:  0.45364    E*/N:  -2.24713   P*:     0.09340    P*cold: -0.26660   Mu*_xs: -2.10018   Cv*/N_xs:  1.41404         E(kJ/mol): -2.241     P(bar):    0.077     
Step:  3959999    NAcc:  1979999    fAcc:  0.500      Maxd:  1.19485    E*/N:  -2.25336   P*:     0.09339    P*cold: -0.26661   Mu*_xs: -2.10031   Cv*/N_xs:  1.40349         E(kJ/mol): -2.247     P(bar):    0.162     
Step:  3979999    NAcc:  1990000    fAcc:  0.500      Maxd:  0.40116    E*/N:  -2.31445   P*:     0.09345    P*cold: -0.26655   Mu*_xs: -2.10107   Cv*/N_xs:  1.39323         E(kJ/mol): -2.308     P(bar):    0.115     
Step:  3999999    NAcc:  1999996    fAcc:  0.500      Maxd:  0.97136    E*/N:  -2.33854   P*:     0.09349    P*cold: -0.26651   Mu*_xs: -2.10138   Cv*/N_xs:  1.39109         E(kJ/mol): -2.332     P(bar):    -0.004    
Step:  4019999    NAcc:  2009997    fAcc:  0.500      Maxd:  0.48093    E*/N:  -2.33578   P*:     0.09289    P*cold: -0.26711   Mu*_xs: -2.10074   Cv*/N_xs:  1.38786         E(kJ/mol): -2.330     P(bar):    0.048     
Step:  4039999    NAcc:  2019999    fAcc:  0.500      Maxd:  0.84196    E*/N:  -2.35136   P*:     0.09279    P*cold: -0.26721   Mu*_xs: -2.09996   Cv*/N_xs:  1.38818         E(kJ/mol): -2.345     P(bar):    -0.041    
Step:  4059999    NAcc:  2030001    fAcc:  0.500      Maxd:  0.46764    E*/N:  -2.29924   P*:     0.09287    P*cold: -0.26713   Mu*_xs: -2.09965   Cv*/N_xs:  1.37789         E(kJ/mol): -2.293     P(bar):    0.046     
Step:  4079999    NAcc:  2040002    fAcc:  0.500      Maxd:  6.05259    E*/N:  -2.25407   P*:     0.09294    P*cold: -0.26706   Mu*_xs: -2.09936   Cv*/N_xs:  1.36751         E(kJ/mol): -2.248     P(bar):    0.146     
Step:  4099999    NAcc:  2049999    fAcc:  0.500      Maxd:  0.36588    E*/N:  -2.20685   P*:     0.09296    P*cold: -0.26704   Mu*_xs: -2.09996   Cv*/N_xs:  1.37112         E(kJ/mol): -2.201     P(bar):    0.032     
Step:  4119999    NAcc:  2059998    fAcc:  0.500      Maxd:  0.32977    E*/N:  -2.22180   P*:     0.09304    P*cold: -0.26696   Mu*_xs: -2.10022   Cv*/N_xs:  1.38855         E(kJ/mol): -2.216     P(bar):    0.058     
Step:  4139999    NAcc:  2070001    fAcc:  0.500      Maxd:  0.96300    E*/N:  -2.14746   P*:     0.09281    P*cold: -0.26719   Mu*_xs: -2.09969   Cv*/N_xs:  1.40143         E(kJ/mol): -2.142     P(bar):    0.072     
Step:  4159999    NAcc:  2080000    fAcc:  0.500      Maxd:  0.95701    E*/N:  -2.24354   P*:     0.09294    P*cold: -0.26706   Mu*_xs: -2.09956   Cv*/N_xs:  1.42464         E(kJ/mol): -2.238     P(bar):    0.121     
Step:  4179999    NAcc:  2089998    fAcc:  0.500      Maxd:  1.06611    E*/N:  -2.20132   P*:     0.09318    P*cold: -0.26682   Mu*_xs: -2.09962   Cv*/N_xs:  1.42853         E(kJ/mol): -2.196     P(bar):    0.117     
Step:  4199999    NAcc:  2100001    fAcc:  0.500      Maxd:  1.44060    E*/N:  -2.15214   P*:     0.09327    P*cold: -0.26673   Mu*_xs: -2.09933   Cv*/N_xs:  1.45611         E(kJ/mol): -2.147     P(bar):    0.084     
Step:  4219999    NAcc:  2109998    fAcc:  0.500      Maxd:  0.39408    E*/N:  -2.19553   P*:     0.09281    P*cold: -0.26719   Mu*_xs: -2.09895   Cv*/N_xs:  1.49308         E(kJ/mol): -2.190     P(bar):    0.016     
Step:  4239999    NAcc:  2120001    fAcc:  0.500      Maxd:  0.47623    E*/N:  -2.20886   P*:     0.09258    P*cold: -0.26742   Mu*_xs: -2.09923   Cv*/N_xs:  1.54076         E(kJ/mol): -2.203     P(bar):    0.068     
Step:  4259999    NAcc:  2129999    fAcc:  0.500      Maxd:  0.90420    E*/N:  -2.25405   P*:     0.09287    P*cold: -0.26713   Mu*_xs: -2.09900   Cv*/N_xs:  1.54358         E(kJ/mol): -2.248     P(bar):    0.052     
Step:  4279999    NAcc:  2139999    fAcc:  0.500      Maxd:  5.19864    E*/N:  -2.21458   P*:     0.09298    P*cold: -0.26702   Mu*_xs: -2.09876   Cv*/N_xs:  1.54693         E(kJ/mol): -2.209     P(bar):    0.106     
Step:  4299999    NAcc:  2150000    fAcc:  0.500      Maxd:  0.37910    E*/N:  -2.22370   P*:     0.09309    P*cold: -0.26691   Mu*_xs: -2.09853   Cv*/N_xs:  1.54730         E(kJ/mol): -2.218     P(bar):    0.075     
Step:  4319999    NAcc:  2159999    fAcc:  0.500      Maxd:  1.27885    E*/N:  -2.28291   P*:     0.09331    P*cold: -0.26669   Mu*_xs: -2.09879   Cv*/N_xs:  1.54362         E(kJ/mol): -2.277     P(bar):    0.031     
Step:  4339999    NAcc:  2169998    fAcc:  0.500      Maxd:  0.33066    E*/N:  -2.17701   P*:     0.09372    P*cold: -0.26628   Mu*_xs: -2.09902   Cv*/N_xs:  1.53483         E(kJ/mol): -2.171     P(bar):    0.082     
Step:  4359999    NAcc:  2180003    fAcc:  0.500      Maxd:  1.05380    E*/N:  -2.29876   P*:     0.09370    P*cold: -0.26630   Mu*_xs: -2.09956   Cv*/N_xs:  1.53759         E(kJ/mol): -2.293     P(bar):    0.056     
Step:  4379999    NAcc:  2189999    fAcc:  0.500      Maxd:  2.14239    E*/N:  -2.20982   P*:     0.09378    P*cold: -0.26622   Mu*_xs: -2.09999   Cv*/N_xs:  1.53290         E(kJ/mol): -2.204     P(bar):    0.076     
Step:  4399999    NAcc:  2200000    fAcc:  0.500      Maxd:  0.39198    E*/N:  -2.27758   P*:     0.09365    P*cold: -0.26635   Mu*_xs: -2.09992   Cv*/N_xs:  1.52138         E(kJ/mol): -2.272     P(bar):    0.005     
Step:  4419999    NAcc:  2209999    fAcc:  0.500      Maxd:  1.35140    E*/N:  -2.29354   P*:     0.09379    P*cold: -0.26621   Mu*_xs: -2.09994   Cv*/N_xs:  1.51286         E(kJ/mol): -2.288     P(bar):    0.017     
Step:  4439999    NAcc:  2220000    fAcc:  0.500      Maxd:  0.35516    E*/N:  -2.25308   P*:     0.09391    P*cold: -0.26609   Mu*_xs: -2.09959   Cv*/N_xs:  1.50375         E(kJ/mol): -2.247     P(bar):    0.056     
Step:  4459999    NAcc:  2230000    fAcc:  0.500      Maxd:  0.36090    E*/N:  -2.27878   P*:     0.09366    P*cold: -0.26634   Mu*_xs: -2.09939   Cv*/N_xs:  1.49680         E(kJ/mol): -2.273     P(bar):    0.081     
Step:  4479999    NAcc:  2240000    fAcc:  0.500      Maxd:  0.70472    E*/N:  -2.28892   P*:     0.09387    P*cold: -0.26613   Mu*_xs: -2.09864   Cv*/N_xs:  1.49291         E(kJ/mol): -2.283     P(bar):    0.120     
Step:  4499999    NAcc:  2249999    fAcc:  0.500      Maxd:  1.39099    E*/N:  -2.28742   P*:     0.09392    P*cold: -0.26608   Mu*_xs: -2.09869   Cv*/N_xs:  1.49044         E(kJ/mol): -2.281     P(bar):    0.114     
Step:  4519999    NAcc:  2260001    fAcc:  0.500      Maxd:  1.71928    E*/N:  -2.32070   P*:     0.09376    P*cold: -0.26624   Mu*_xs: -2.09827   Cv*/N_xs:  1.48274         E(kJ/mol): -2.315     P(bar):    0.093     
Step:  4539999    NAcc:  2270000    fAcc:  0.500      Maxd:  2.79766    E*/N:  -2.39553   P*:     0.09385    P*cold: -0.26615   Mu*_xs: -2.09860   Cv*/N_xs:  1.49407         E(kJ/mol): -2.389     P(bar):    0.140     
Step:  4559999    NAcc:  2280001    fAcc:  0.500      Maxd:  0.99176    E*/N:  -2.37902   P*:     0.09371    P*cold: -0.26629   Mu*_xs: -2.09772   Cv*/N_xs:  1.58415         E(kJ/mol): -2.373     P(bar):    0.068     
Step:  4579999    NAcc:  2290000    fAcc:  0.500      Maxd:  0.39204    E*/N:  -2.42649   P*:     0.09388    P*cold: -0.26612   Mu*_xs: -2.09720   Cv*/N_xs:  1.62700         E(kJ/mol): -2.420     P(bar):    0.113     
Step:  4599999    NAcc:  2300002    fAcc:  0.500      Maxd:  0.80848    E*/N:  -2.41458   P*:     0.09417    P*cold: -0.26583   Mu*_xs: -2.09776   Cv*/N_xs:  1.65605         E(kJ/mol): -2.408     P(bar):    0.154     
Step:  4619999    NAcc:  2310001    fAcc:  0.500      Maxd:  1.50344    E*/N:  -2.36301   P*:     0.09425    P*cold: -0.26575   Mu*_xs: -2.09731   Cv*/N_xs:  1.69931         E(kJ/mol): -2.357     P(bar):    0.078     
Step:  4639999    NAcc:  2320001    fAcc:  0.500      Maxd:  1.05565    E*/N:  -2.45159   P*:     0.09451    P*cold: -0.26549   Mu*_xs: -2.09731   Cv*/N_xs:  1.74767         E(kJ/mol): -2.445     P(bar):    0.094     
Step:  4659999    NAcc:  2329998    fAcc:  0.500      Maxd:  0.34879    E*/N:  -2.45553   P*:     0.09445    P*cold: -0.26555   Mu*_xs: -2.09691   Cv*/N_xs:  1.82233         E(kJ/mol): -2.449     P(bar):    0.042     
Step:  4679999    NAcc:  2340001    fAcc:  0.500      Maxd:  4.34568    E*/N:  -2.35862   P*:     0.09434    P*cold: -0.26566   Mu*_xs: -2.09710   Cv*/N_xs:  1.84398         E(kJ/mol): -2.352     P(bar):    0.085     
Step:  4699999    NAcc:  2350000    fAcc:  0.500      Maxd:  0.34308    E*/N:  -2.43411   P*:     0.09429    P*cold: -0.26571   Mu*_xs: -2.09704   Cv*/N_xs:  1.84657         E(kJ/mol): -2.428     P(bar):    0.032     
Step:  4719999    NAcc:  2360000    fAcc:  0.500      Maxd:  0.35259    E*/N:  -2.42036   P*:     0.09427    P*cold: -0.26573   Mu*_xs: -2.09669   Cv*/N_xs:  1.89502         E(kJ/mol): -2.414     P(bar):    0.104     
Step:  4739999    NAcc:  2370001    fAcc:  0.500      Maxd:  4.20564    E*/N:  -2.39295   P*:     0.09416    P*cold: -0.26584   Mu*_xs: -2.09650   Cv*/N_xs:  1.90793         E(kJ/mol): -2.387     P(bar):    0.049     
Step:  4759999    NAcc:  2380001    fAcc:  0.500      Maxd:  0.54640    E*/N:  -2.38920   P*:     0.09422    P*cold: -0.26578   Mu*_xs: -2.09634   Cv*/N_xs:  1.93021         E(kJ/mol): -2.383     P(bar):    0.052     
Step:  4779999    NAcc:  2390001    fAcc:  0.500      Maxd:  9.41104    E*/N:  -2.42155   P*:     0.09402    P*cold: -0.26598   Mu*_xs: -2.09649   Cv*/N_xs:  1.94043         E(kJ/mol): -2.415     P(bar):    0.069     
Step:  4799999    NAcc:  2399998    fAcc:  0.500      Maxd:  0.74690    E*/N:  -2.32600   P*:     0.09405    P*cold: -0.26595   Mu*_xs: -2.09619   Cv*/N_xs:  1.97075         E(kJ/mol): -2.320     P(bar):    0.191     
Step:  4819999    NAcc:  2409998    fAcc:  0.500      Maxd:  1.21234    E*/N:  -2.33868   P*:     0.09417    P*cold: -0.26583   Mu*_xs: -2.09696   Cv*/N_xs:  1.97594         E(kJ/mol): -2.333     P(bar):    0.118     
Step:  4839999    NAcc:  2419999    fAcc:  0.500      Maxd:  3.51116    E*/N:  -2.35923   P*:     0.09386    P*cold: -0.26614   Mu*_xs: -2.09654   Cv*/N_xs:  1.99239         E(kJ/mol): -2.353     P(bar):    0.022     
Step:  4859999    NAcc:  2430000    fAcc:  0.500      Maxd:  1.86190    E*/N:  -2.36204   P*:     0.09360    P*cold: -0.26640   Mu*_xs: -2.09689   Cv*/N_xs:  1.99417         E(kJ/mol): -2.356     P(bar):    0.043     
Step:  4879999    NAcc:  2440000    fAcc:  0.500      Maxd:  0.33331    E*/N:  -2.33943   P*:     0.09354    P*cold: -0.26646   Mu*_xs: -2.09756   Cv*/N_xs:  1.98777         E(kJ/mol): -2.333     P(bar):    0.125     
Step:  4899999    NAcc:  2450002    fAcc:  0.500      Maxd:  0.68377    E*/N:  -2.48813   P*:     0.09378    P*cold: -0.26622   Mu*_xs: -2.09785   Cv*/N_xs:  2.03936         E(kJ/mol): -2.482     P(bar):    0.089     
Step:  4919999    NAcc:  2459996    fAcc:  0.500      Maxd:  0.91475    E*/N:  -2.34923   P*:     0.09352    P*cold: -0.26648   Mu*_xs: -2.09845   Cv*/N_xs:  2.09353         E(kJ/mol): -2.343     P(bar):    0.070     
Step:  4939999    NAcc:  2470001    fAcc:  0.500      Maxd:  1.38666    E*/N:  -2.31051   P*:     0.09337    P*cold: -0.26663   Mu*_xs: -2.09797   Cv*/N_xs:  2.08876         E(kJ/mol): -2.304     P(bar):    0.059     
Step:  4959999    NAcc:  2480003    fAcc:  0.500      Maxd:  1.58868    E*/N:  -2.30558   P*:     0.09342    P*cold: -0.26658   Mu*_xs: -2.09751   Cv*/N_xs:  2.08172         E(kJ/mol): -2.300     P(bar):    0.127     
Step:  4979999    NAcc:  2490001    fAcc:  0.500      Maxd:  0.53459    E*/N:  -2.27916   P*:     0.09323    P*cold: -0.26677   Mu*_xs: -2.09751   Cv*/N_xs:  2.06908         E(kJ/mol): -2.273     P(bar):    0.057     
Step:  4999999    NAcc:  2500001    fAcc:  0.500      Maxd:  6.33842    E*/N:  -2.39316   P*:     0.09315    P*cold: -0.26685   Mu*_xs: -2.09767   Cv*/N_xs:  2.06656         E(kJ/mol): -2.387     P(bar):    0.141     
# Computed average properties: 
 # E*/N:  -2.29287  
 # P*:     0.09315   
 # Cv*/N_xs:   2.06656        
 # Mu*_xs:  -2.09767  
