# Number of atoms:       500
# Atom type:             Ar
# Molar Mass (g/mol):    39.948
# Density (g/cm^3):      0.844174
# LJ sigma (Angstrom):   3.4
# LJ epsilon/kB (K):     120
# LJ cutoff (Angstrom):  13.6
# LJ cutoff (sigma):     4
# Temperature (K):       144
# Number MC steps:       5e+06
# Output frequency:      20000
# Num. den. (atoms/Ang): 0.0127214
# Box length (x):        34
# Box length (y):        34
# Box length (z):        34
# Init. spacing (Ang):   3.77778
# reduc. density (rho*): 0.5
# reduc. temp (T*):      1.2
Step:  19999      NAcc:  9999       fAcc:  0.500      Maxd:  0.51676    E*/N:  -3.61648   P*:     nan        P*cold: nan        Mu*_xs: -0.00000   Cv*/N_xs:  0.00000         E(kJ/mol): -3.607     P(bar):    0.316     
Step:  39999      NAcc:  20000      fAcc:  0.500      Maxd:  1.71205    E*/N:  -3.58956   P*:     nan        P*cold: nan        Mu*_xs: -0.00000   Cv*/N_xs:  0.00000         E(kJ/mol): -3.580     P(bar):    0.240     
Step:  59999      NAcc:  29999      fAcc:  0.500      Maxd:  0.32377    E*/N:  -3.57843   P*:     nan        P*cold: nan        Mu*_xs: -0.00000   Cv*/N_xs:  0.00000         E(kJ/mol): -3.569     P(bar):    0.209     
Step:  79999      NAcc:  40001      fAcc:  0.500      Maxd:  0.42021    E*/N:  -3.44996   P*:     nan        P*cold: nan        Mu*_xs: -0.00000   Cv*/N_xs:  0.00000         E(kJ/mol): -3.441     P(bar):    0.325     
Step:  99999      NAcc:  50000      fAcc:  0.500      Maxd:  0.31036    E*/N:  -3.49488   P*:     nan        P*cold: nan        Mu*_xs: -0.00000   Cv*/N_xs:  0.00000         E(kJ/mol): -3.486     P(bar):    0.114     
Step:  119999     NAcc:  59999      fAcc:  0.500      Maxd:  0.33400    E*/N:  -3.54731   P*:     nan        P*cold: nan        Mu*_xs: -0.00000   Cv*/N_xs:  0.00000         E(kJ/mol): -3.538     P(bar):    0.115     
Step:  139999     NAcc:  69998      fAcc:  0.500      Maxd:  0.57370    E*/N:  -3.49625   P*:     nan        P*cold: nan        Mu*_xs: -0.00000   Cv*/N_xs:  0.00000         E(kJ/mol): -3.487     P(bar):    0.147     
Step:  159999     NAcc:  79999      fAcc:  0.500      Maxd:  0.27357    E*/N:  -3.50342   P*:     nan        P*cold: nan        Mu*_xs: -0.00000   Cv*/N_xs:  0.00000         E(kJ/mol): -3.494     P(bar):    0.173     
Step:  179999     NAcc:  90000      fAcc:  0.500      Maxd:  1.70241    E*/N:  -3.48188   P*:     nan        P*cold: nan        Mu*_xs: -0.00000   Cv*/N_xs:  0.00000         E(kJ/mol): -3.473     P(bar):    0.033     
Step:  199999     NAcc:  100000     fAcc:  0.500      Maxd:  0.32340    E*/N:  -3.50071   P*:     nan        P*cold: nan        Mu*_xs: -0.00000   Cv*/N_xs:  0.00000         E(kJ/mol): -3.492     P(bar):    0.112     
Step:  219999     NAcc:  110000     fAcc:  0.500      Maxd:  0.85373    E*/N:  -3.43905   P*:     nan        P*cold: nan        Mu*_xs: -0.00000   Cv*/N_xs:  0.00000         E(kJ/mol): -3.430     P(bar):    0.162     
Step:  239999     NAcc:  120001     fAcc:  0.500      Maxd:  1.15362    E*/N:  -3.48142   P*:     nan        P*cold: nan        Mu*_xs: -0.00000   Cv*/N_xs:  0.00000         E(kJ/mol): -3.472     P(bar):    0.061     
Step:  259999     NAcc:  130000     fAcc:  0.500      Maxd:  0.33969    E*/N:  -3.46894   P*:     nan        P*cold: nan        Mu*_xs: -0.00000   Cv*/N_xs:  0.00000         E(kJ/mol): -3.460     P(bar):    0.044     
Step:  279999     NAcc:  139998     fAcc:  0.500      Maxd:  0.32132    E*/N:  -3.40724   P*:     nan        P*cold: nan        Mu*_xs: -0.00000   Cv*/N_xs:  0.00000         E(kJ/mol): -3.398     P(bar):    0.097     
Step:  299999     NAcc:  150001     fAcc:  0.500      Maxd:  0.65505    E*/N:  -3.43240   P*:     nan        P*cold: nan        Mu*_xs: -0.00000   Cv*/N_xs:  0.00000         E(kJ/mol): -3.423     P(bar):    0.166     
Step:  319999     NAcc:  160001     fAcc:  0.500      Maxd:  0.97329    E*/N:  -3.43370   P*:     nan        P*cold: nan        Mu*_xs: -0.00000   Cv*/N_xs:  0.00000         E(kJ/mol): -3.425     P(bar):    -0.023    
Step:  339999     NAcc:  169997     fAcc:  0.500      Maxd:  0.31607    E*/N:  -3.42639   P*:     nan        P*cold: nan        Mu*_xs: -0.00000   Cv*/N_xs:  0.00000         E(kJ/mol): -3.417     P(bar):    0.070     
Step:  359999     NAcc:  180000     fAcc:  0.500      Maxd:  0.29423    E*/N:  -3.42093   P*:     nan        P*cold: nan        Mu*_xs: -0.00000   Cv*/N_xs:  0.00000         E(kJ/mol): -3.412     P(bar):    0.200     
Step:  379999     NAcc:  189999     fAcc:  0.500      Maxd:  0.28438    E*/N:  -3.37364   P*:     nan        P*cold: nan        Mu*_xs: -0.00000   Cv*/N_xs:  0.00000         E(kJ/mol): -3.365     P(bar):    0.139     
Step:  399999     NAcc:  200000     fAcc:  0.500      Maxd:  0.27631    E*/N:  -3.46513   P*:     nan        P*cold: nan        Mu*_xs: -0.00000   Cv*/N_xs:  0.00000         E(kJ/mol): -3.456     P(bar):    -0.084    
Step:  419999     NAcc:  210000     fAcc:  0.500      Maxd:  0.32500    E*/N:  -3.44200   P*:     nan        P*cold: nan        Mu*_xs: -0.00000   Cv*/N_xs:  0.00000         E(kJ/mol): -3.433     P(bar):    -0.030    
Step:  439999     NAcc:  220001     fAcc:  0.500      Maxd:  0.43544    E*/N:  -3.45939   P*:     nan        P*cold: nan        Mu*_xs: -0.00000   Cv*/N_xs:  0.00000         E(kJ/mol): -3.450     P(bar):    -0.011    
Step:  459999     NAcc:  230000     fAcc:  0.500      Maxd:  1.18102    E*/N:  -3.44903   P*:     nan        P*cold: nan        Mu*_xs: -0.00000   Cv*/N_xs:  0.00000         E(kJ/mol): -3.440     P(bar):    0.124     
Step:  479999     NAcc:  239999     fAcc:  0.500      Maxd:  0.33284    E*/N:  -3.47320   P*:     nan        P*cold: nan        Mu*_xs: -0.00000   Cv*/N_xs:  0.00000         E(kJ/mol): -3.464     P(bar):    0.006     
Step:  499999     NAcc:  249999     fAcc:  0.500      Maxd:  0.30984    E*/N:  -3.43448   P*:     nan        P*cold: nan        Mu*_xs: -0.00000   Cv*/N_xs:  0.00000         E(kJ/mol): -3.425     P(bar):    0.180     
Step:  519999     NAcc:  259998     fAcc:  0.500      Maxd:  0.28299    E*/N:  -3.44829   P*:     nan        P*cold: nan        Mu*_xs: -0.00000   Cv*/N_xs:  0.00000         E(kJ/mol): -3.439     P(bar):    0.026     
Step:  539999     NAcc:  270001     fAcc:  0.500      Maxd:  1.12650    E*/N:  -3.36860   P*:     nan        P*cold: nan        Mu*_xs: -0.00000   Cv*/N_xs:  0.00000         E(kJ/mol): -3.360     P(bar):    0.148     
Step:  559999     NAcc:  280001     fAcc:  0.500      Maxd:  0.89111    E*/N:  -3.43201   P*:     nan        P*cold: nan        Mu*_xs: -0.00000   Cv*/N_xs:  0.00000         E(kJ/mol): -3.423     P(bar):    0.072     
Step:  579999     NAcc:  289997     fAcc:  0.500      Maxd:  0.28924    E*/N:  -3.44157   P*:     nan        P*cold: nan        Mu*_xs: -0.00000   Cv*/N_xs:  0.00000         E(kJ/mol): -3.433     P(bar):    0.084     
Step:  599999     NAcc:  300000     fAcc:  0.500      Maxd:  0.91100    E*/N:  -3.47895   P*:     nan        P*cold: nan        Mu*_xs: -0.00000   Cv*/N_xs:  0.00000         E(kJ/mol): -3.470     P(bar):    0.006     
Step:  619999     NAcc:  309999     fAcc:  0.500      Maxd:  0.31757    E*/N:  -3.39791   P*:     nan        P*cold: nan        Mu*_xs: -0.00000   Cv*/N_xs:  0.00000         E(kJ/mol): -3.389     P(bar):    0.124     
Step:  639999     NAcc:  320000     fAcc:  0.500      Maxd:  0.39429    E*/N:  -3.39613   P*:     nan        P*cold: nan        Mu*_xs: -0.00000   Cv*/N_xs:  0.00000         E(kJ/mol): -3.387     P(bar):    0.162     
Step:  659999     NAcc:  330000     fAcc:  0.500      Maxd:  3.65936    E*/N:  -3.42732   P*:     nan        P*cold: nan        Mu*_xs: -0.00000   Cv*/N_xs:  0.00000         E(kJ/mol): -3.418     P(bar):    0.151     
Step:  679999     NAcc:  340000     fAcc:  0.500      Maxd:  0.33331    E*/N:  -3.34468   P*:     nan        P*cold: nan        Mu*_xs: -0.00000   Cv*/N_xs:  0.00000         E(kJ/mol): -3.336     P(bar):    0.175     
Step:  699999     NAcc:  350000     fAcc:  0.500      Maxd:  1.62277    E*/N:  -3.44459   P*:     nan        P*cold: nan        Mu*_xs: -0.00000   Cv*/N_xs:  0.00000         E(kJ/mol): -3.436     P(bar):    0.033     
Step:  719999     NAcc:  360001     fAcc:  0.500      Maxd:  0.61690    E*/N:  -3.37844   P*:     nan        P*cold: nan        Mu*_xs: -0.00000   Cv*/N_xs:  0.00000         E(kJ/mol): -3.370     P(bar):    0.144     
Step:  739999     NAcc:  369999     fAcc:  0.500      Maxd:  0.32968    E*/N:  -3.47135   P*:     nan        P*cold: nan        Mu*_xs: -0.00000   Cv*/N_xs:  0.00000         E(kJ/mol): -3.462     P(bar):    -0.055    
Step:  759999     NAcc:  380000     fAcc:  0.500      Maxd:  0.32485    E*/N:  -3.42904   P*:     nan        P*cold: nan        Mu*_xs: -0.00000   Cv*/N_xs:  0.00000         E(kJ/mol): -3.420     P(bar):    0.066     
Step:  779999     NAcc:  389995     fAcc:  0.500      Maxd:  0.33890    E*/N:  -3.39471   P*:     nan        P*cold: nan        Mu*_xs: -0.00000   Cv*/N_xs:  0.00000         E(kJ/mol): -3.386     P(bar):    0.158     
Step:  799999     NAcc:  400001     fAcc:  0.500      Maxd:  4.23193    E*/N:  -3.39515   P*:     nan        P*cold: nan        Mu*_xs: -0.00000   Cv*/N_xs:  0.00000         E(kJ/mol): -3.386     P(bar):    0.024     
Step:  819999     NAcc:  409998     fAcc:  0.500      Maxd:  0.98054    E*/N:  -3.42591   P*:     nan        P*cold: nan        Mu*_xs: -0.00000   Cv*/N_xs:  0.00000         E(kJ/mol): -3.417     P(bar):    0.022     
Step:  839999     NAcc:  419999     fAcc:  0.500      Maxd:  1.12170    E*/N:  -3.33034   P*:     nan        P*cold: nan        Mu*_xs: -0.00000   Cv*/N_xs:  0.00000         E(kJ/mol): -3.322     P(bar):    0.235     
Step:  859999     NAcc:  430000     fAcc:  0.500      Maxd:  0.69997    E*/N:  -3.47174   P*:     nan        P*cold: nan        Mu*_xs: -0.00000   Cv*/N_xs:  0.00000         E(kJ/mol): -3.463     P(bar):    -0.016    
Step:  879999     NAcc:  439999     fAcc:  0.500      Maxd:  0.32463    E*/N:  -3.42896   P*:     nan        P*cold: nan        Mu*_xs: -0.00000   Cv*/N_xs:  0.00000         E(kJ/mol): -3.420     P(bar):    0.081     
Step:  899999     NAcc:  449996     fAcc:  0.500      Maxd:  1.17114    E*/N:  -3.41038   P*:     nan        P*cold: nan        Mu*_xs: -0.00000   Cv*/N_xs:  0.00000         E(kJ/mol): -3.401     P(bar):    0.031     
Step:  919999     NAcc:  460000     fAcc:  0.500      Maxd:  0.82831    E*/N:  -3.39851   P*:     nan        P*cold: nan        Mu*_xs: -0.00000   Cv*/N_xs:  0.00000         E(kJ/mol): -3.390     P(bar):    0.159     
Step:  939999     NAcc:  470000     fAcc:  0.500      Maxd:  0.27957    E*/N:  -3.43466   P*:     nan        P*cold: nan        Mu*_xs: -0.00000   Cv*/N_xs:  0.00000         E(kJ/mol): -3.426     P(bar):    0.138     
Step:  959999     NAcc:  480001     fAcc:  0.500      Maxd:  0.94520    E*/N:  -3.39726   P*:     nan        P*cold: nan        Mu*_xs: -0.00000   Cv*/N_xs:  0.00000         E(kJ/mol): -3.388     P(bar):    0.180     
Step:  979999     NAcc:  489999     fAcc:  0.500      Maxd:  0.32167    E*/N:  -3.45728   P*:     nan        P*cold: nan        Mu*_xs: -0.00000   Cv*/N_xs:  0.00000         E(kJ/mol): -3.448     P(bar):    0.080     
Step:  999999     NAcc:  500001     fAcc:  0.500      Maxd:  0.81295    E*/N:  -3.43358   P*:     nan        P*cold: nan        Mu*_xs: -0.00000   Cv*/N_xs:  0.00000         E(kJ/mol): -3.425     P(bar):    0.061     
Step:  1019999    NAcc:  510002     fAcc:  0.500      Maxd:  1.19495    E*/N:  -3.44055   P*:     nan        P*cold: nan        Mu*_xs: -0.00000   Cv*/N_xs:  0.00000         E(kJ/mol): -3.432     P(bar):    -0.139    
Step:  1039999    NAcc:  519999     fAcc:  0.500      Maxd:  1.46739    E*/N:  -3.42359   P*:     nan        P*cold: nan        Mu*_xs: -0.00000   Cv*/N_xs:  0.00000         E(kJ/mol): -3.415     P(bar):    -0.023    
Step:  1059999    NAcc:  529997     fAcc:  0.500      Maxd:  1.33320    E*/N:  -3.49651   P*:     nan        P*cold: nan        Mu*_xs: -0.00000   Cv*/N_xs:  0.00000         E(kJ/mol): -3.487     P(bar):    0.075     
Step:  1079999    NAcc:  540000     fAcc:  0.500      Maxd:  0.67092    E*/N:  -3.49160   P*:     nan        P*cold: nan        Mu*_xs: -0.00000   Cv*/N_xs:  0.00000         E(kJ/mol): -3.482     P(bar):    0.163     
Step:  1099999    NAcc:  549997     fAcc:  0.500      Maxd:  1.13040    E*/N:  -3.39571   P*:     nan        P*cold: nan        Mu*_xs: -0.00000   Cv*/N_xs:  0.00000         E(kJ/mol): -3.387     P(bar):    0.109     
Step:  1119999    NAcc:  559998     fAcc:  0.500      Maxd:  0.46500    E*/N:  -3.37845   P*:     nan        P*cold: nan        Mu*_xs: -0.00000   Cv*/N_xs:  0.00000         E(kJ/mol): -3.370     P(bar):    0.114     
Step:  1139999    NAcc:  570000     fAcc:  0.500      Maxd:  0.55731    E*/N:  -3.41494   P*:     nan        P*cold: nan        Mu*_xs: -0.00000   Cv*/N_xs:  0.00000         E(kJ/mol): -3.406     P(bar):    0.162     
Step:  1159999    NAcc:  580000     fAcc:  0.500      Maxd:  1.08144    E*/N:  -3.39935   P*:     nan        P*cold: nan        Mu*_xs: -0.00000   Cv*/N_xs:  0.00000         E(kJ/mol): -3.390     P(bar):    0.110     
Step:  1179999    NAcc:  589998     fAcc:  0.500      Maxd:  0.96862    E*/N:  -3.40781   P*:     nan        P*cold: nan        Mu*_xs: -0.00000   Cv*/N_xs:  0.00000         E(kJ/mol): -3.399     P(bar):    -0.024    
Step:  1199999    NAcc:  600000     fAcc:  0.500      Maxd:  0.32939    E*/N:  -3.38756   P*:     nan        P*cold: nan        Mu*_xs: -0.00000   Cv*/N_xs:  0.00000         E(kJ/mol): -3.379     P(bar):    0.051     
Step:  1219999    NAcc:  610001     fAcc:  0.500      Maxd:  2.49883    E*/N:  -3.37478   P*:     nan        P*cold: nan        Mu*_xs: -0.00000   Cv*/N_xs:  0.00000         E(kJ/mol): -3.366     P(bar):    0.224     
Step:  1239999    NAcc:  620000     fAcc:  0.500      Maxd:  1.04242    E*/N:  -3.44954   P*:     nan        P*cold: nan        Mu*_xs: -0.00000   Cv*/N_xs:  0.00000         E(kJ/mol): -3.441     P(bar):    0.027     
Step:  1259999    NAcc:  629999     fAcc:  0.500      Maxd:  0.33565    E*/N:  -3.35397   P*:     nan        P*cold: nan        Mu*_xs: -0.00000   Cv*/N_xs:  0.00000         E(kJ/mol): -3.345     P(bar):    0.271     
Step:  1279999    NAcc:  640002     fAcc:  0.500      Maxd:  0.96943    E*/N:  -3.43430   P*:     nan        P*cold: nan        Mu*_xs: -0.00000   Cv*/N_xs:  0.00000         E(kJ/mol): -3.425     P(bar):    0.043     
Step:  1299999    NAcc:  650000     fAcc:  0.500      Maxd:  2.09085    E*/N:  -3.42483   P*:     nan        P*cold: nan        Mu*_xs: -0.00000   Cv*/N_xs:  0.00000         E(kJ/mol): -3.416     P(bar):    0.110     
Step:  1319999    NAcc:  660002     fAcc:  0.500      Maxd:  2.51347    E*/N:  -3.43660   P*:     nan        P*cold: nan        Mu*_xs: -0.00000   Cv*/N_xs:  0.00000         E(kJ/mol): -3.428     P(bar):    0.131     
Step:  1339999    NAcc:  670000     fAcc:  0.500      Maxd:  0.29409    E*/N:  -3.47077   P*:     nan        P*cold: nan        Mu*_xs: -0.00000   Cv*/N_xs:  0.00000         E(kJ/mol): -3.462     P(bar):    -0.058    
Step:  1359999    NAcc:  680001     fAcc:  0.500      Maxd:  0.41625    E*/N:  -3.42487   P*:     nan        P*cold: nan        Mu*_xs: -0.00000   Cv*/N_xs:  0.00000         E(kJ/mol): -3.416     P(bar):    0.126     
Step:  1379999    NAcc:  690000     fAcc:  0.500      Maxd:  1.21553    E*/N:  -3.46795   P*:     nan        P*cold: nan        Mu*_xs: -0.00000   Cv*/N_xs:  0.00000         E(kJ/mol): -3.459     P(bar):    0.080     
Step:  1399999    NAcc:  700002     fAcc:  0.500      Maxd:  1.24139    E*/N:  -3.46095   P*:     nan        P*cold: nan        Mu*_xs: -0.00000   Cv*/N_xs:  0.00000         E(kJ/mol): -3.452     P(bar):    -0.056    
Step:  1419999    NAcc:  710000     fAcc:  0.500      Maxd:  0.29618    E*/N:  -3.42193   P*:     nan        P*cold: nan        Mu*_xs: -0.00000   Cv*/N_xs:  0.00000         E(kJ/mol): -3.413     P(bar):    0.035     
Step:  1439999    NAcc:  720001     fAcc:  0.500      Maxd:  0.41920    E*/N:  -3.51175   P*:     nan        P*cold: nan        Mu*_xs: -0.00000   Cv*/N_xs:  0.00000         E(kJ/mol): -3.503     P(bar):    -0.103    
Step:  1459999    NAcc:  730001     fAcc:  0.500      Maxd:  2.76820    E*/N:  -3.45971   P*:     nan        P*cold: nan        Mu*_xs: -0.00000   Cv*/N_xs:  0.00000         E(kJ/mol): -3.451     P(bar):    0.121     
Step:  1479999    NAcc:  739999     fAcc:  0.500      Maxd:  0.31526    E*/N:  -3.48584   P*:     nan        P*cold: nan        Mu*_xs: -0.00000   Cv*/N_xs:  0.00000         E(kJ/mol): -3.477     P(bar):    0.013     
Step:  1499999    NAcc:  750001     fAcc:  0.500      Maxd:  0.48695    E*/N:  -3.46670   P*:     nan        P*cold: nan        Mu*_xs: -0.00000   Cv*/N_xs:  0.00000         E(kJ/mol): -3.458     P(bar):    0.128     
Step:  1519999    NAcc:  760001     fAcc:  0.500      Maxd:  2.13195    E*/N:  -3.42599   P*:     nan        P*cold: nan        Mu*_xs: -0.00000   Cv*/N_xs:  0.00000         E(kJ/mol): -3.417     P(bar):    0.144     
Step:  1539999    NAcc:  769998     fAcc:  0.500      Maxd:  0.32841    E*/N:  -3.49098   P*:     nan        P*cold: nan        Mu*_xs: -0.00000   Cv*/N_xs:  0.00000         E(kJ/mol): -3.482     P(bar):    0.059     
Step:  1559999    NAcc:  780001     fAcc:  0.500      Maxd:  0.45731    E*/N:  -3.48649   P*:     nan        P*cold: nan        Mu*_xs: -0.00000   Cv*/N_xs:  0.00000         E(kJ/mol): -3.477     P(bar):    0.166     
Step:  1579999    NAcc:  789999     fAcc:  0.500      Maxd:  0.31552    E*/N:  -3.48410   P*:     nan        P*cold: nan        Mu*_xs: -0.00000   Cv*/N_xs:  0.00000         E(kJ/mol): -3.475     P(bar):    0.025     
Step:  1599999    NAcc:  800001     fAcc:  0.500      Maxd:  0.87703    E*/N:  -3.46718   P*:     nan        P*cold: nan        Mu*_xs: -0.00000   Cv*/N_xs:  0.00000         E(kJ/mol): -3.458     P(bar):    0.064     
Step:  1619999    NAcc:  809999     fAcc:  0.500      Maxd:  1.25161    E*/N:  -3.47421   P*:     nan        P*cold: nan        Mu*_xs: -0.00000   Cv*/N_xs:  0.00000         E(kJ/mol): -3.465     P(bar):    0.152     
Step:  1639999    NAcc:  820001     fAcc:  0.500      Maxd:  1.17478    E*/N:  -3.48893   P*:     nan        P*cold: nan        Mu*_xs: -0.00000   Cv*/N_xs:  0.00000         E(kJ/mol): -3.480     P(bar):    0.045     
Step:  1659999    NAcc:  830001     fAcc:  0.500      Maxd:  1.18070    E*/N:  -3.46308   P*:     nan        P*cold: nan        Mu*_xs: -0.00000   Cv*/N_xs:  0.00000         E(kJ/mol): -3.454     P(bar):    0.029     
Step:  1679999    NAcc:  840002     fAcc:  0.500      Maxd:  1.78757    E*/N:  -3.46186   P*:     nan        P*cold: nan        Mu*_xs: -0.00000   Cv*/N_xs:  0.00000         E(kJ/mol): -3.453     P(bar):    0.006     
Step:  1699999    NAcc:  849998     fAcc:  0.500      Maxd:  0.63655    E*/N:  -3.40062   P*:     nan        P*cold: nan        Mu*_xs: -0.00000   Cv*/N_xs:  0.00000         E(kJ/mol): -3.392     P(bar):    0.045     
Step:  1719999    NAcc:  859995     fAcc:  0.500      Maxd:  0.27807    E*/N:  -3.41717   P*:     nan        P*cold: nan        Mu*_xs: -0.00000   Cv*/N_xs:  0.00000         E(kJ/mol): -3.408     P(bar):    0.121     
Step:  1739999    NAcc:  869998     fAcc:  0.500      Maxd:  0.43656    E*/N:  -3.40636   P*:     nan        P*cold: nan        Mu*_xs: -0.00000   Cv*/N_xs:  0.00000         E(kJ/mol): -3.397     P(bar):    0.167     
Step:  1759999    NAcc:  880002     fAcc:  0.500      Maxd:  0.68728    E*/N:  -3.37535   P*:     nan        P*cold: nan        Mu*_xs: -0.00000   Cv*/N_xs:  0.00000         E(kJ/mol): -3.367     P(bar):    0.197     
Step:  1779999    NAcc:  890003     fAcc:  0.500      Maxd:  0.97250    E*/N:  -3.45911   P*:     nan        P*cold: nan        Mu*_xs: -0.00000   Cv*/N_xs:  0.00000         E(kJ/mol): -3.450     P(bar):    -0.012    
Step:  1799999    NAcc:  900002     fAcc:  0.500      Maxd:  2.53850    E*/N:  -3.50898   P*:     nan        P*cold: nan        Mu*_xs: -0.00000   Cv*/N_xs:  0.00000         E(kJ/mol): -3.500     P(bar):    0.014     
Step:  1819999    NAcc:  909999     fAcc:  0.500      Maxd:  0.28131    E*/N:  -3.45127   P*:     nan        P*cold: nan        Mu*_xs: -0.00000   Cv*/N_xs:  0.00000         E(kJ/mol): -3.442     P(bar):    0.008     
Step:  1839999    NAcc:  920001     fAcc:  0.500      Maxd:  0.42633    E*/N:  -3.39268   P*:     nan        P*cold: nan        Mu*_xs: -0.00000   Cv*/N_xs:  0.00000         E(kJ/mol): -3.384     P(bar):    0.204     
Step:  1859999    NAcc:  929998     fAcc:  0.500      Maxd:  0.63695    E*/N:  -3.40542   P*:     nan        P*cold: nan        Mu*_xs: -0.00000   Cv*/N_xs:  0.00000         E(kJ/mol): -3.397     P(bar):    0.095     
Step:  1879999    NAcc:  940001     fAcc:  0.500      Maxd:  7.28449    E*/N:  -3.42767   P*:     nan        P*cold: nan        Mu*_xs: -0.00000   Cv*/N_xs:  0.00000         E(kJ/mol): -3.419     P(bar):    0.050     
Step:  1899999    NAcc:  950000     fAcc:  0.500      Maxd:  2.49022    E*/N:  -3.42349   P*:     nan        P*cold: nan        Mu*_xs: -0.00000   Cv*/N_xs:  0.00000         E(kJ/mol): -3.415     P(bar):    0.018     
Step:  1919999    NAcc:  959999     fAcc:  0.500      Maxd:  0.30185    E*/N:  -3.37116   P*:     nan        P*cold: nan        Mu*_xs: -0.00000   Cv*/N_xs:  0.00000         E(kJ/mol): -3.362     P(bar):    0.109     
Step:  1939999    NAcc:  970001     fAcc:  0.500      Maxd:  2.62939    E*/N:  -3.43903   P*:     nan        P*cold: nan        Mu*_xs: -0.00000   Cv*/N_xs:  0.00000         E(kJ/mol): -3.430     P(bar):    0.016     
Step:  1959999    NAcc:  979998     fAcc:  0.500      Maxd:  0.62782    E*/N:  -3.39673   P*:     nan        P*cold: nan        Mu*_xs: -0.00000   Cv*/N_xs:  0.00000         E(kJ/mol): -3.388     P(bar):    0.153     
Step:  1979999    NAcc:  990000     fAcc:  0.500      Maxd:  0.31162    E*/N:  -3.44239   P*:     nan        P*cold: nan        Mu*_xs: -0.00000   Cv*/N_xs:  0.00000         E(kJ/mol): -3.433     P(bar):    0.122     
Step:  1999999    NAcc:  1000000    fAcc:  0.500      Maxd:  0.49589    E*/N:  -3.38843   P*:     nan        P*cold: nan        Mu*_xs: -0.00000   Cv*/N_xs:  0.00000         E(kJ/mol): -3.380     P(bar):    0.101     
Step:  2019999    NAcc:  1010000    fAcc:  0.500      Maxd:  0.33301    E*/N:  -3.38518   P*:     0.22777    P*cold: -0.37223   Mu*_xs: -2.97496   Cv*/N_xs:  0.33710         E(kJ/mol): -3.376     P(bar):    0.283     
Step:  2039999    NAcc:  1019999    fAcc:  0.500      Maxd:  0.30082    E*/N:  -3.33007   P*:     0.15197    P*cold: -0.44803   Mu*_xs: -2.86172   Cv*/N_xs:  0.28137         E(kJ/mol): -3.321     P(bar):    0.146     
Step:  2059999    NAcc:  1029999    fAcc:  0.500      Maxd:  0.29002    E*/N:  -3.40387   P*:     0.15047    P*cold: -0.44953   Mu*_xs: -2.82123   Cv*/N_xs:  0.48688         E(kJ/mol): -3.395     P(bar):    0.028     
Step:  2079999    NAcc:  1040000    fAcc:  0.500      Maxd:  0.33462    E*/N:  -3.38542   P*:     0.16017    P*cold: -0.43983   Mu*_xs: -2.80618   Cv*/N_xs:  0.47134         E(kJ/mol): -3.377     P(bar):    0.299     
Step:  2099999    NAcc:  1049998    fAcc:  0.500      Maxd:  0.59841    E*/N:  -3.39266   P*:     0.16041    P*cold: -0.43959   Mu*_xs: -2.79871   Cv*/N_xs:  0.46220         E(kJ/mol): -3.384     P(bar):    0.072     
Step:  2119999    NAcc:  1060000    fAcc:  0.500      Maxd:  1.05315    E*/N:  -3.35763   P*:     0.16189    P*cold: -0.43811   Mu*_xs: -2.80194   Cv*/N_xs:  0.49012         E(kJ/mol): -3.349     P(bar):    0.129     
Step:  2139999    NAcc:  1069997    fAcc:  0.500      Maxd:  0.27278    E*/N:  -3.36623   P*:     0.14992    P*cold: -0.45008   Mu*_xs: -2.80097   Cv*/N_xs:  0.47930         E(kJ/mol): -3.357     P(bar):    0.125     
Step:  2159999    NAcc:  1080001    fAcc:  0.500      Maxd:  10.82302   E*/N:  -3.40466   P*:     0.13629    P*cold: -0.46371   Mu*_xs: -2.79874   Cv*/N_xs:  0.44838         E(kJ/mol): -3.396     P(bar):    -0.086    
Step:  2179999    NAcc:  1089999    fAcc:  0.500      Maxd:  0.31073    E*/N:  -3.38442   P*:     0.12422    P*cold: -0.47578   Mu*_xs: -2.78395   Cv*/N_xs:  0.44205         E(kJ/mol): -3.376     P(bar):    0.103     
Step:  2199999    NAcc:  1099997    fAcc:  0.500      Maxd:  0.30033    E*/N:  -3.41306   P*:     0.12163    P*cold: -0.47837   Mu*_xs: -2.78204   Cv*/N_xs:  0.45063         E(kJ/mol): -3.404     P(bar):    0.173     
Step:  2219999    NAcc:  1110002    fAcc:  0.500      Maxd:  0.85065    E*/N:  -3.44423   P*:     0.11744    P*cold: -0.48256   Mu*_xs: -2.78444   Cv*/N_xs:  0.48843         E(kJ/mol): -3.435     P(bar):    0.115     
Step:  2239999    NAcc:  1120000    fAcc:  0.500      Maxd:  0.29007    E*/N:  -3.47578   P*:     0.11580    P*cold: -0.48420   Mu*_xs: -2.78164   Cv*/N_xs:  0.48572         E(kJ/mol): -3.467     P(bar):    -0.135    
Step:  2259999    NAcc:  1130001    fAcc:  0.500      Maxd:  0.82611    E*/N:  -3.44470   P*:     0.10648    P*cold: -0.49352   Mu*_xs: -2.77761   Cv*/N_xs:  0.50963         E(kJ/mol): -3.436     P(bar):    -0.001    
Step:  2279999    NAcc:  1139996    fAcc:  0.500      Maxd:  1.44589    E*/N:  -3.44225   P*:     0.10161    P*cold: -0.49839   Mu*_xs: -2.77973   Cv*/N_xs:  0.55280         E(kJ/mol): -3.433     P(bar):    0.082     
Step:  2299999    NAcc:  1150003    fAcc:  0.500      Maxd:  0.87775    E*/N:  -3.43956   P*:     0.10027    P*cold: -0.49973   Mu*_xs: -2.77189   Cv*/N_xs:  0.55911         E(kJ/mol): -3.431     P(bar):    0.083     
Step:  2319999    NAcc:  1160000    fAcc:  0.500      Maxd:  1.74558    E*/N:  -3.43974   P*:     0.10271    P*cold: -0.49729   Mu*_xs: -2.77038   Cv*/N_xs:  0.55796         E(kJ/mol): -3.431     P(bar):    0.081     
Step:  2339999    NAcc:  1170000    fAcc:  0.500      Maxd:  0.33335    E*/N:  -3.47917   P*:     0.11024    P*cold: -0.48976   Mu*_xs: -2.77301   Cv*/N_xs:  0.55022         E(kJ/mol): -3.470     P(bar):    0.009     
Step:  2359999    NAcc:  1180000    fAcc:  0.500      Maxd:  0.33764    E*/N:  -3.42547   P*:     0.11247    P*cold: -0.48753   Mu*_xs: -2.77250   Cv*/N_xs:  0.55576         E(kJ/mol): -3.417     P(bar):    0.103     
Step:  2379999    NAcc:  1190000    fAcc:  0.500      Maxd:  0.28342    E*/N:  -3.46835   P*:     0.11021    P*cold: -0.48979   Mu*_xs: -2.76788   Cv*/N_xs:  0.58517         E(kJ/mol): -3.459     P(bar):    0.001     
Step:  2399999    NAcc:  1199998    fAcc:  0.500      Maxd:  0.46455    E*/N:  -3.45764   P*:     0.10740    P*cold: -0.49260   Mu*_xs: -2.76558   Cv*/N_xs:  0.69494         E(kJ/mol): -3.449     P(bar):    0.103     
Step:  2419999    NAcc:  1209999    fAcc:  0.500      Maxd:  0.28823    E*/N:  -3.43267   P*:     0.10924    P*cold: -0.49076   Mu*_xs: -2.76544   Cv*/N_xs:  0.68473         E(kJ/mol): -3.424     P(bar):    0.177     
Step:  2439999    NAcc:  1220000    fAcc:  0.500      Maxd:  0.29755    E*/N:  -3.40873   P*:     0.10900    P*cold: -0.49100   Mu*_xs: -2.77036   Cv*/N_xs:  0.69407         E(kJ/mol): -3.400     P(bar):    0.108     
Step:  2459999    NAcc:  1230001    fAcc:  0.500      Maxd:  0.83394    E*/N:  -3.39718   P*:     0.10804    P*cold: -0.49196   Mu*_xs: -2.76954   Cv*/N_xs:  0.69320         E(kJ/mol): -3.388     P(bar):    0.142     
Step:  2479999    NAcc:  1240000    fAcc:  0.500      Maxd:  1.36313    E*/N:  -3.42158   P*:     0.10701    P*cold: -0.49299   Mu*_xs: -2.76303   Cv*/N_xs:  0.69256         E(kJ/mol): -3.413     P(bar):    0.185     
Step:  2499999    NAcc:  1249998    fAcc:  0.500      Maxd:  0.53374    E*/N:  -3.41703   P*:     0.10344    P*cold: -0.49656   Mu*_xs: -2.76293   Cv*/N_xs:  0.68497         E(kJ/mol): -3.408     P(bar):    0.161     
Step:  2519999    NAcc:  1260002    fAcc:  0.500      Maxd:  0.92973    E*/N:  -3.45433   P*:     0.10848    P*cold: -0.49152   Mu*_xs: -2.76640   Cv*/N_xs:  0.73186         E(kJ/mol): -3.445     P(bar):    0.266     
Step:  2539999    NAcc:  1269997    fAcc:  0.500      Maxd:  0.30034    E*/N:  -3.42006   P*:     0.11007    P*cold: -0.48993   Mu*_xs: -2.76461   Cv*/N_xs:  0.79667         E(kJ/mol): -3.411     P(bar):    0.176     
Step:  2559999    NAcc:  1280002    fAcc:  0.500      Maxd:  0.60557    E*/N:  -3.45004   P*:     0.11150    P*cold: -0.48850   Mu*_xs: -2.76797   Cv*/N_xs:  0.78949         E(kJ/mol): -3.441     P(bar):    0.078     
Step:  2579999    NAcc:  1289997    fAcc:  0.500      Maxd:  1.30707    E*/N:  -3.47563   P*:     0.11258    P*cold: -0.48742   Mu*_xs: -2.77030   Cv*/N_xs:  0.78480         E(kJ/mol): -3.467     P(bar):    0.049     
Step:  2599999    NAcc:  1300000    fAcc:  0.500      Maxd:  0.29081    E*/N:  -3.49882   P*:     0.11490    P*cold: -0.48510   Mu*_xs: -2.76316   Cv*/N_xs:  0.79402         E(kJ/mol): -3.490     P(bar):    0.154     
Step:  2619999    NAcc:  1310000    fAcc:  0.500      Maxd:  0.89665    E*/N:  -3.41351   P*:     0.11740    P*cold: -0.48260   Mu*_xs: -2.76509   Cv*/N_xs:  0.79602         E(kJ/mol): -3.405     P(bar):    0.180     
Step:  2639999    NAcc:  1320002    fAcc:  0.500      Maxd:  0.66242    E*/N:  -3.37031   P*:     0.11935    P*cold: -0.48065   Mu*_xs: -2.76706   Cv*/N_xs:  0.78582         E(kJ/mol): -3.361     P(bar):    0.290     
Step:  2659999    NAcc:  1330001    fAcc:  0.500      Maxd:  1.43336    E*/N:  -3.48216   P*:     0.11938    P*cold: -0.48062   Mu*_xs: -2.76777   Cv*/N_xs:  0.78361         E(kJ/mol): -3.473     P(bar):    0.033     
Step:  2679999    NAcc:  1340001    fAcc:  0.500      Maxd:  0.96014    E*/N:  -3.48890   P*:     0.11831    P*cold: -0.48169   Mu*_xs: -2.76371   Cv*/N_xs:  0.82123         E(kJ/mol): -3.480     P(bar):    0.115     
Step:  2699999    NAcc:  1350002    fAcc:  0.500      Maxd:  0.94111    E*/N:  -3.47970   P*:     0.11918    P*cold: -0.48082   Mu*_xs: -2.76218   Cv*/N_xs:  0.82273         E(kJ/mol): -3.471     P(bar):    0.161     
Step:  2719999    NAcc:  1360000    fAcc:  0.500      Maxd:  0.29657    E*/N:  -3.50018   P*:     0.11919    P*cold: -0.48081   Mu*_xs: -2.76374   Cv*/N_xs:  0.85213         E(kJ/mol): -3.491     P(bar):    -0.007    
Step:  2739999    NAcc:  1370000    fAcc:  0.500      Maxd:  0.40519    E*/N:  -3.48473   P*:     0.12046    P*cold: -0.47954   Mu*_xs: -2.76233   Cv*/N_xs:  0.84748         E(kJ/mol): -3.476     P(bar):    0.019     
Step:  2759999    NAcc:  1380003    fAcc:  0.500      Maxd:  0.95973    E*/N:  -3.43302   P*:     0.12271    P*cold: -0.47729   Mu*_xs: -2.76272   Cv*/N_xs:  0.84202         E(kJ/mol): -3.424     P(bar):    0.190     
Step:  2779999    NAcc:  1390000    fAcc:  0.500      Maxd:  0.95854    E*/N:  -3.44313   P*:     0.12234    P*cold: -0.47766   Mu*_xs: -2.76446   Cv*/N_xs:  0.82644         E(kJ/mol): -3.434     P(bar):    0.104     
Step:  2799999    NAcc:  1400001    fAcc:  0.500      Maxd:  1.55820    E*/N:  -3.41191   P*:     0.12159    P*cold: -0.47841   Mu*_xs: -2.76490   Cv*/N_xs:  0.81418         E(kJ/mol): -3.403     P(bar):    0.119     
Step:  2819999    NAcc:  1410002    fAcc:  0.500      Maxd:  1.81769    E*/N:  -3.44496   P*:     0.12130    P*cold: -0.47870   Mu*_xs: -2.76353   Cv*/N_xs:  0.80490         E(kJ/mol): -3.436     P(bar):    0.035     
Step:  2839999    NAcc:  1419996    fAcc:  0.500      Maxd:  0.41654    E*/N:  -3.40443   P*:     0.12102    P*cold: -0.47898   Mu*_xs: -2.76290   Cv*/N_xs:  0.79803         E(kJ/mol): -3.396     P(bar):    0.147     
Step:  2859999    NAcc:  1429999    fAcc:  0.500      Maxd:  0.33108    E*/N:  -3.40338   P*:     0.12118    P*cold: -0.47882   Mu*_xs: -2.76737   Cv*/N_xs:  0.79092         E(kJ/mol): -3.394     P(bar):    0.088     
Step:  2879999    NAcc:  1440001    fAcc:  0.500      Maxd:  1.16571    E*/N:  -3.47448   P*:     0.11982    P*cold: -0.48018   Mu*_xs: -2.76644   Cv*/N_xs:  0.78635         E(kJ/mol): -3.465     P(bar):    -0.157    
Step:  2899999    NAcc:  1449997    fAcc:  0.500      Maxd:  0.29699    E*/N:  -3.39151   P*:     0.11873    P*cold: -0.48127   Mu*_xs: -2.76590   Cv*/N_xs:  0.77867         E(kJ/mol): -3.383     P(bar):    0.139     
Step:  2919999    NAcc:  1460002    fAcc:  0.500      Maxd:  3.21606    E*/N:  -3.41787   P*:     0.11608    P*cold: -0.48392   Mu*_xs: -2.76380   Cv*/N_xs:  0.76907         E(kJ/mol): -3.409     P(bar):    0.127     
Step:  2939999    NAcc:  1470002    fAcc:  0.500      Maxd:  0.59927    E*/N:  -3.45916   P*:     0.11544    P*cold: -0.48456   Mu*_xs: -2.76160   Cv*/N_xs:  0.75831         E(kJ/mol): -3.450     P(bar):    0.077     
Step:  2959999    NAcc:  1479999    fAcc:  0.500      Maxd:  0.33891    E*/N:  -3.41514   P*:     0.11443    P*cold: -0.48557   Mu*_xs: -2.76143   Cv*/N_xs:  0.77982         E(kJ/mol): -3.406     P(bar):    0.143     
Step:  2979999    NAcc:  1489998    fAcc:  0.500      Maxd:  0.29309    E*/N:  -3.43891   P*:     0.11386    P*cold: -0.48614   Mu*_xs: -2.76208   Cv*/N_xs:  0.77920         E(kJ/mol): -3.430     P(bar):    0.043     
Step:  2999999    NAcc:  1500004    fAcc:  0.500      Maxd:  2.48623    E*/N:  -3.43839   P*:     0.11124    P*cold: -0.48876   Mu*_xs: -2.76159   Cv*/N_xs:  0.77106         E(kJ/mol): -3.429     P(bar):    0.044     
Step:  3019999    NAcc:  1510001    fAcc:  0.500      Maxd:  0.45443    E*/N:  -3.42938   P*:     0.10963    P*cold: -0.49037   Mu*_xs: -2.76060   Cv*/N_xs:  0.76124         E(kJ/mol): -3.420     P(bar):    0.032     
Step:  3039999    NAcc:  1520000    fAcc:  0.500      Maxd:  1.82807    E*/N:  -3.42402   P*:     0.10790    P*cold: -0.49210   Mu*_xs: -2.75991   Cv*/N_xs:  0.75268         E(kJ/mol): -3.415     P(bar):    -0.027    
Step:  3059999    NAcc:  1529999    fAcc:  0.500      Maxd:  0.30555    E*/N:  -3.41161   P*:     0.10789    P*cold: -0.49211   Mu*_xs: -2.76050   Cv*/N_xs:  0.74791         E(kJ/mol): -3.403     P(bar):    -0.002    
Step:  3079999    NAcc:  1540002    fAcc:  0.500      Maxd:  0.84636    E*/N:  -3.43895   P*:     0.10636    P*cold: -0.49364   Mu*_xs: -2.75977   Cv*/N_xs:  0.74418         E(kJ/mol): -3.430     P(bar):    0.005     
Step:  3099999    NAcc:  1550000    fAcc:  0.500      Maxd:  0.27713    E*/N:  -3.43148   P*:     0.10810    P*cold: -0.49190   Mu*_xs: -2.75796   Cv*/N_xs:  0.74000         E(kJ/mol): -3.422     P(bar):    0.223     
Step:  3119999    NAcc:  1559998    fAcc:  0.500      Maxd:  0.28595    E*/N:  -3.42911   P*:     0.10863    P*cold: -0.49137   Mu*_xs: -2.75811   Cv*/N_xs:  0.73235         E(kJ/mol): -3.420     P(bar):    -0.010    
Step:  3139999    NAcc:  1569999    fAcc:  0.500      Maxd:  0.29839    E*/N:  -3.35630   P*:     0.10944    P*cold: -0.49056   Mu*_xs: -2.75876   Cv*/N_xs:  0.74642         E(kJ/mol): -3.348     P(bar):    0.263     
Step:  3159999    NAcc:  1580000    fAcc:  0.500      Maxd:  0.33693    E*/N:  -3.44545   P*:     0.11089    P*cold: -0.48911   Mu*_xs: -2.75771   Cv*/N_xs:  0.74848         E(kJ/mol): -3.436     P(bar):    0.117     
Step:  3179999    NAcc:  1590000    fAcc:  0.500      Maxd:  0.30352    E*/N:  -3.48633   P*:     0.11087    P*cold: -0.48913   Mu*_xs: -2.75854   Cv*/N_xs:  0.74620         E(kJ/mol): -3.477     P(bar):    -0.019    
Step:  3199999    NAcc:  1600001    fAcc:  0.500      Maxd:  1.28276    E*/N:  -3.39509   P*:     0.11007    P*cold: -0.48993   Mu*_xs: -2.76107   Cv*/N_xs:  0.74504         E(kJ/mol): -3.386     P(bar):    0.105     
Step:  3219999    NAcc:  1609998    fAcc:  0.500      Maxd:  0.32861    E*/N:  -3.41015   P*:     0.11000    P*cold: -0.49000   Mu*_xs: -2.76084   Cv*/N_xs:  0.74093         E(kJ/mol): -3.401     P(bar):    0.220     
Step:  3239999    NAcc:  1620000    fAcc:  0.500      Maxd:  0.31619    E*/N:  -3.47005   P*:     0.11140    P*cold: -0.48860   Mu*_xs: -2.76281   Cv*/N_xs:  0.74288         E(kJ/mol): -3.461     P(bar):    0.038     
Step:  3259999    NAcc:  1630001    fAcc:  0.500      Maxd:  0.47133    E*/N:  -3.36090   P*:     0.11159    P*cold: -0.48841   Mu*_xs: -2.76481   Cv*/N_xs:  0.74484         E(kJ/mol): -3.352     P(bar):    0.085     
Step:  3279999    NAcc:  1640000    fAcc:  0.500      Maxd:  0.30876    E*/N:  -3.42217   P*:     0.11008    P*cold: -0.48992   Mu*_xs: -2.76649   Cv*/N_xs:  0.75090         E(kJ/mol): -3.413     P(bar):    0.124     
Step:  3299999    NAcc:  1649999    fAcc:  0.500      Maxd:  0.32996    E*/N:  -3.31043   P*:     0.10911    P*cold: -0.49089   Mu*_xs: -2.76402   Cv*/N_xs:  0.74845         E(kJ/mol): -3.302     P(bar):    0.056     
Step:  3319999    NAcc:  1659999    fAcc:  0.500      Maxd:  1.18676    E*/N:  -3.39815   P*:     0.10831    P*cold: -0.49169   Mu*_xs: -2.76578   Cv*/N_xs:  0.75046         E(kJ/mol): -3.389     P(bar):    0.032     
Step:  3339999    NAcc:  1670000    fAcc:  0.500      Maxd:  0.32799    E*/N:  -3.40955   P*:     0.10760    P*cold: -0.49240   Mu*_xs: -2.76838   Cv*/N_xs:  0.75242         E(kJ/mol): -3.401     P(bar):    0.064     
Step:  3359999    NAcc:  1679999    fAcc:  0.500      Maxd:  0.29949    E*/N:  -3.35619   P*:     0.10728    P*cold: -0.49272   Mu*_xs: -2.76881   Cv*/N_xs:  0.75770         E(kJ/mol): -3.347     P(bar):    -0.019    
Step:  3379999    NAcc:  1689999    fAcc:  0.500      Maxd:  2.38574    E*/N:  -3.41000   P*:     0.10704    P*cold: -0.49296   Mu*_xs: -2.76967   Cv*/N_xs:  0.77213         E(kJ/mol): -3.401     P(bar):    0.055     
Step:  3399999    NAcc:  1699999    fAcc:  0.500      Maxd:  0.34789    E*/N:  -3.37281   P*:     0.10754    P*cold: -0.49246   Mu*_xs: -2.76905   Cv*/N_xs:  0.77530         E(kJ/mol): -3.364     P(bar):    0.095     
Step:  3419999    NAcc:  1709998    fAcc:  0.500      Maxd:  0.56087    E*/N:  -3.31516   P*:     0.10715    P*cold: -0.49285   Mu*_xs: -2.77082   Cv*/N_xs:  0.79758         E(kJ/mol): -3.306     P(bar):    0.088     
Step:  3439999    NAcc:  1720000    fAcc:  0.500      Maxd:  0.55724    E*/N:  -3.32628   P*:     0.10789    P*cold: -0.49211   Mu*_xs: -2.77281   Cv*/N_xs:  0.84538         E(kJ/mol): -3.318     P(bar):    0.208     
Step:  3459999    NAcc:  1730001    fAcc:  0.500      Maxd:  4.19154    E*/N:  -3.39124   P*:     0.10704    P*cold: -0.49296   Mu*_xs: -2.77520   Cv*/N_xs:  0.85536         E(kJ/mol): -3.382     P(bar):    0.099     
Step:  3479999    NAcc:  1739998    fAcc:  0.500      Maxd:  0.33050    E*/N:  -3.33993   P*:     0.10774    P*cold: -0.49226   Mu*_xs: -2.77448   Cv*/N_xs:  0.86643         E(kJ/mol): -3.331     P(bar):    0.256     
Step:  3499999    NAcc:  1749999    fAcc:  0.500      Maxd:  0.33652    E*/N:  -3.36168   P*:     0.10874    P*cold: -0.49126   Mu*_xs: -2.77533   Cv*/N_xs:  0.88130         E(kJ/mol): -3.353     P(bar):    0.119     
Step:  3519999    NAcc:  1760001    fAcc:  0.500      Maxd:  0.42810    E*/N:  -3.36753   P*:     0.10893    P*cold: -0.49107   Mu*_xs: -2.77577   Cv*/N_xs:  0.88820         E(kJ/mol): -3.359     P(bar):    0.075     
Step:  3539999    NAcc:  1769999    fAcc:  0.500      Maxd:  0.88616    E*/N:  -3.36226   P*:     0.10803    P*cold: -0.49197   Mu*_xs: -2.77655   Cv*/N_xs:  0.89805         E(kJ/mol): -3.353     P(bar):    0.026     
Step:  3559999    NAcc:  1779996    fAcc:  0.500      Maxd:  0.52190    E*/N:  -3.36861   P*:     0.10709    P*cold: -0.49291   Mu*_xs: -2.77703   Cv*/N_xs:  0.90225         E(kJ/mol): -3.360     P(bar):    0.080     
Step:  3579999    NAcc:  1789999    fAcc:  0.500      Maxd:  0.29368    E*/N:  -3.36433   P*:     0.10700    P*cold: -0.49300   Mu*_xs: -2.77601   Cv*/N_xs:  0.90961         E(kJ/mol): -3.356     P(bar):    0.146     
Step:  3599999    NAcc:  1800000    fAcc:  0.500      Maxd:  1.93881    E*/N:  -3.40833   P*:     0.10690    P*cold: -0.49310   Mu*_xs: -2.77640   Cv*/N_xs:  0.90257         E(kJ/mol): -3.399     P(bar):    0.079     
Step:  3619999    NAcc:  1810001    fAcc:  0.500      Maxd:  0.56633    E*/N:  -3.44804   P*:     0.10660    P*cold: -0.49340   Mu*_xs: -2.77630   Cv*/N_xs:  0.89590         E(kJ/mol): -3.439     P(bar):    0.113     
Step:  3639999    NAcc:  1819999    fAcc:  0.500      Maxd:  0.27284    E*/N:  -3.43868   P*:     0.10822    P*cold: -0.49178   Mu*_xs: -2.77744   Cv*/N_xs:  0.88859         E(kJ/mol): -3.430     P(bar):    0.160     
Step:  3659999    NAcc:  1830001    fAcc:  0.500      Maxd:  0.60627    E*/N:  -3.43364   P*:     0.10750    P*cold: -0.49250   Mu*_xs: -2.77668   Cv*/N_xs:  0.88211         E(kJ/mol): -3.425     P(bar):    -0.026    
Step:  3679999    NAcc:  1840002    fAcc:  0.500      Maxd:  2.45237    E*/N:  -3.36793   P*:     0.10765    P*cold: -0.49235   Mu*_xs: -2.77751   Cv*/N_xs:  0.88005         E(kJ/mol): -3.359     P(bar):    0.157     
Step:  3699999    NAcc:  1850000    fAcc:  0.500      Maxd:  0.84764    E*/N:  -3.44938   P*:     0.10875    P*cold: -0.49125   Mu*_xs: -2.77844   Cv*/N_xs:  0.88292         E(kJ/mol): -3.440     P(bar):    -0.019    
Step:  3719999    NAcc:  1860000    fAcc:  0.500      Maxd:  0.29548    E*/N:  -3.35726   P*:     0.10926    P*cold: -0.49074   Mu*_xs: -2.77896   Cv*/N_xs:  0.88145         E(kJ/mol): -3.348     P(bar):    0.106     
Step:  3739999    NAcc:  1870000    fAcc:  0.500      Maxd:  0.62700    E*/N:  -3.33940   P*:     0.10899    P*cold: -0.49101   Mu*_xs: -2.77818   Cv*/N_xs:  0.89183         E(kJ/mol): -3.331     P(bar):    0.040     
Step:  3759999    NAcc:  1880002    fAcc:  0.500      Maxd:  0.83755    E*/N:  -3.33511   P*:     0.10796    P*cold: -0.49204   Mu*_xs: -2.77941   Cv*/N_xs:  0.89655         E(kJ/mol): -3.326     P(bar):    0.186     
Step:  3779999    NAcc:  1890000    fAcc:  0.500      Maxd:  1.62037    E*/N:  -3.43964   P*:     0.10688    P*cold: -0.49312   Mu*_xs: -2.77972   Cv*/N_xs:  0.89517         E(kJ/mol): -3.431     P(bar):    -0.081    
Step:  3799999    NAcc:  1899999    fAcc:  0.500      Maxd:  0.29706    E*/N:  -3.43803   P*:     0.10757    P*cold: -0.49243   Mu*_xs: -2.78056   Cv*/N_xs:  0.89494         E(kJ/mol): -3.429     P(bar):    0.098     
Step:  3819999    NAcc:  1910001    fAcc:  0.500      Maxd:  0.70874    E*/N:  -3.36791   P*:     0.10785    P*cold: -0.49215   Mu*_xs: -2.78141   Cv*/N_xs:  0.89007         E(kJ/mol): -3.359     P(bar):    0.213     
Step:  3839999    NAcc:  1919998    fAcc:  0.500      Maxd:  0.28150    E*/N:  -3.36121   P*:     0.10841    P*cold: -0.49159   Mu*_xs: -2.78048   Cv*/N_xs:  0.88738         E(kJ/mol): -3.352     P(bar):    0.177     
Step:  3859999    NAcc:  1929999    fAcc:  0.500      Maxd:  0.35810    E*/N:  -3.42432   P*:     0.10813    P*cold: -0.49187   Mu*_xs: -2.78123   Cv*/N_xs:  0.88493         E(kJ/mol): -3.415     P(bar):    0.051     
Step:  3879999    NAcc:  1940000    fAcc:  0.500      Maxd:  0.29895    E*/N:  -3.46679   P*:     0.10774    P*cold: -0.49226   Mu*_xs: -2.78161   Cv*/N_xs:  0.88159         E(kJ/mol): -3.458     P(bar):    0.022     
Step:  3899999    NAcc:  1950003    fAcc:  0.500      Maxd:  0.92151    E*/N:  -3.36271   P*:     0.10739    P*cold: -0.49261   Mu*_xs: -2.78216   Cv*/N_xs:  0.87517         E(kJ/mol): -3.354     P(bar):    0.110     
Step:  3919999    NAcc:  1959998    fAcc:  0.500      Maxd:  0.32889    E*/N:  -3.33538   P*:     0.10664    P*cold: -0.49336   Mu*_xs: -2.78229   Cv*/N_xs:  0.88150         E(kJ/mol): -3.327     P(bar):    0.064     
Step:  3939999    NAcc:  1970000    fAcc:  0.500      Maxd:  1.75669    E*/N:  -3.31962   P*:     0.10730    P*cold: -0.49270   Mu*_xs: -2.78131   Cv*/N_xs:  0.90443         E(kJ/mol): -3.311     P(bar):    0.173     
Step:  3959999    NAcc:  1979999    fAcc:  0.500      Maxd:  0.90554    E*/N:  -3.37948   P*:     0.10750    P*cold: -0.49250   Mu*_xs: -2.78225   Cv*/N_xs:  0.91372         E(kJ/mol): -3.371     P(bar):    0.104     
Step:  3979999    NAcc:  1989998    fAcc:  0.500      Maxd:  0.28997    E*/N:  -3.33792   P*:     0.10687    P*cold: -0.49313   Mu*_xs: -2.78346   Cv*/N_xs:  0.91303         E(kJ/mol): -3.329     P(bar):    0.103     
Step:  3999999    NAcc:  2000000    fAcc:  0.500      Maxd:  0.81884    E*/N:  -3.33862   P*:     0.10619    P*cold: -0.49381   Mu*_xs: -2.78357   Cv*/N_xs:  0.91319         E(kJ/mol): -3.330     P(bar):    0.149     
Step:  4019999    NAcc:  2010000    fAcc:  0.500      Maxd:  2.98599    E*/N:  -3.37677   P*:     0.10522    P*cold: -0.49478   Mu*_xs: -2.78344   Cv*/N_xs:  0.91519         E(kJ/mol): -3.368     P(bar):    0.030     
Step:  4039999    NAcc:  2019998    fAcc:  0.500      Maxd:  0.31082    E*/N:  -3.40609   P*:     0.10544    P*cold: -0.49456   Mu*_xs: -2.78459   Cv*/N_xs:  0.91004         E(kJ/mol): -3.397     P(bar):    0.086     
Step:  4059999    NAcc:  2030000    fAcc:  0.500      Maxd:  0.32704    E*/N:  -3.43120   P*:     0.10538    P*cold: -0.49462   Mu*_xs: -2.78603   Cv*/N_xs:  0.90633         E(kJ/mol): -3.422     P(bar):    0.143     
Step:  4079999    NAcc:  2040001    fAcc:  0.500      Maxd:  8.12744    E*/N:  -3.38068   P*:     0.10535    P*cold: -0.49465   Mu*_xs: -2.78538   Cv*/N_xs:  0.90509         E(kJ/mol): -3.372     P(bar):    0.017     
Step:  4099999    NAcc:  2050000    fAcc:  0.500      Maxd:  0.30812    E*/N:  -3.42570   P*:     0.10430    P*cold: -0.49570   Mu*_xs: -2.78509   Cv*/N_xs:  0.90001         E(kJ/mol): -3.417     P(bar):    -0.030    
Step:  4119999    NAcc:  2059998    fAcc:  0.500      Maxd:  0.28283    E*/N:  -3.44944   P*:     0.10315    P*cold: -0.49685   Mu*_xs: -2.78543   Cv*/N_xs:  0.89349         E(kJ/mol): -3.440     P(bar):    -0.038    
Step:  4139999    NAcc:  2070001    fAcc:  0.500      Maxd:  2.88773    E*/N:  -3.35521   P*:     0.10297    P*cold: -0.49703   Mu*_xs: -2.78585   Cv*/N_xs:  0.88845         E(kJ/mol): -3.346     P(bar):    0.157     
Step:  4159999    NAcc:  2079998    fAcc:  0.500      Maxd:  0.29641    E*/N:  -3.35739   P*:     0.10316    P*cold: -0.49684   Mu*_xs: -2.78359   Cv*/N_xs:  0.88604         E(kJ/mol): -3.349     P(bar):    0.281     
Step:  4179999    NAcc:  2089998    fAcc:  0.500      Maxd:  0.28045    E*/N:  -3.38654   P*:     0.10320    P*cold: -0.49680   Mu*_xs: -2.78416   Cv*/N_xs:  0.88149         E(kJ/mol): -3.378     P(bar):    0.174     
Step:  4199999    NAcc:  2100000    fAcc:  0.500      Maxd:  0.29820    E*/N:  -3.39708   P*:     0.10302    P*cold: -0.49698   Mu*_xs: -2.78320   Cv*/N_xs:  0.87601         E(kJ/mol): -3.388     P(bar):    0.002     
Step:  4219999    NAcc:  2110002    fAcc:  0.500      Maxd:  1.74613    E*/N:  -3.41872   P*:     0.10275    P*cold: -0.49725   Mu*_xs: -2.78355   Cv*/N_xs:  0.87178         E(kJ/mol): -3.410     P(bar):    -0.045    
Step:  4239999    NAcc:  2119998    fAcc:  0.500      Maxd:  0.42483    E*/N:  -3.40175   P*:     0.10210    P*cold: -0.49790   Mu*_xs: -2.78393   Cv*/N_xs:  0.86771         E(kJ/mol): -3.393     P(bar):    -0.033    
Step:  4259999    NAcc:  2130002    fAcc:  0.500      Maxd:  0.95181    E*/N:  -3.38252   P*:     0.10102    P*cold: -0.49898   Mu*_xs: -2.78437   Cv*/N_xs:  0.86173         E(kJ/mol): -3.374     P(bar):    0.065     
Step:  4279999    NAcc:  2140002    fAcc:  0.500      Maxd:  0.68031    E*/N:  -3.41169   P*:     0.10091    P*cold: -0.49909   Mu*_xs: -2.78424   Cv*/N_xs:  0.85861         E(kJ/mol): -3.403     P(bar):    0.072     
Step:  4299999    NAcc:  2149999    fAcc:  0.500      Maxd:  1.57071    E*/N:  -3.43090   P*:     0.10061    P*cold: -0.49939   Mu*_xs: -2.78401   Cv*/N_xs:  0.86394         E(kJ/mol): -3.422     P(bar):    0.178     
Step:  4319999    NAcc:  2160001    fAcc:  0.500      Maxd:  0.43443    E*/N:  -3.42827   P*:     0.10013    P*cold: -0.49987   Mu*_xs: -2.78417   Cv*/N_xs:  0.86306         E(kJ/mol): -3.419     P(bar):    -0.031    
Step:  4339999    NAcc:  2170002    fAcc:  0.500      Maxd:  0.85662    E*/N:  -3.43414   P*:     0.09961    P*cold: -0.50039   Mu*_xs: -2.78543   Cv*/N_xs:  0.86083         E(kJ/mol): -3.425     P(bar):    -0.044    
Step:  4359999    NAcc:  2179998    fAcc:  0.500      Maxd:  0.57959    E*/N:  -3.36324   P*:     0.09903    P*cold: -0.50097   Mu*_xs: -2.78546   Cv*/N_xs:  0.85856         E(kJ/mol): -3.354     P(bar):    -0.025    
Step:  4379999    NAcc:  2189998    fAcc:  0.500      Maxd:  0.27749    E*/N:  -3.34316   P*:     0.09791    P*cold: -0.50209   Mu*_xs: -2.78589   Cv*/N_xs:  0.85786         E(kJ/mol): -3.334     P(bar):    0.074     
Step:  4399999    NAcc:  2200000    fAcc:  0.500      Maxd:  1.94983    E*/N:  -3.27787   P*:     0.09802    P*cold: -0.50198   Mu*_xs: -2.78695   Cv*/N_xs:  0.87010         E(kJ/mol): -3.269     P(bar):    0.191     
Step:  4419999    NAcc:  2210000    fAcc:  0.500      Maxd:  1.60145    E*/N:  -3.34413   P*:     0.09801    P*cold: -0.50199   Mu*_xs: -2.78670   Cv*/N_xs:  0.87961         E(kJ/mol): -3.335     P(bar):    -0.007    
Step:  4439999    NAcc:  2220002    fAcc:  0.500      Maxd:  0.88106    E*/N:  -3.40627   P*:     0.09825    P*cold: -0.50175   Mu*_xs: -2.78731   Cv*/N_xs:  0.89036         E(kJ/mol): -3.397     P(bar):    0.145     
Step:  4459999    NAcc:  2230000    fAcc:  0.500      Maxd:  0.29470    E*/N:  -3.35638   P*:     0.09844    P*cold: -0.50156   Mu*_xs: -2.78904   Cv*/N_xs:  0.88807         E(kJ/mol): -3.348     P(bar):    0.052     
Step:  4479999    NAcc:  2240001    fAcc:  0.500      Maxd:  0.41243    E*/N:  -3.37009   P*:     0.09838    P*cold: -0.50162   Mu*_xs: -2.78944   Cv*/N_xs:  0.88380         E(kJ/mol): -3.361     P(bar):    0.133     
Step:  4499999    NAcc:  2249998    fAcc:  0.500      Maxd:  0.51788    E*/N:  -3.38799   P*:     0.09874    P*cold: -0.50126   Mu*_xs: -2.78962   Cv*/N_xs:  0.88535         E(kJ/mol): -3.379     P(bar):    0.007     
Step:  4519999    NAcc:  2259997    fAcc:  0.500      Maxd:  0.39714    E*/N:  -3.39684   P*:     0.09848    P*cold: -0.50152   Mu*_xs: -2.79008   Cv*/N_xs:  0.88233         E(kJ/mol): -3.388     P(bar):    -0.020    
Step:  4539999    NAcc:  2270000    fAcc:  0.500      Maxd:  0.39339    E*/N:  -3.40274   P*:     0.09847    P*cold: -0.50153   Mu*_xs: -2.78885   Cv*/N_xs:  0.87771         E(kJ/mol): -3.394     P(bar):    0.086     
Step:  4559999    NAcc:  2280002    fAcc:  0.500      Maxd:  1.33003    E*/N:  -3.42845   P*:     0.09915    P*cold: -0.50085   Mu*_xs: -2.78820   Cv*/N_xs:  0.87706         E(kJ/mol): -3.419     P(bar):    0.038     
Step:  4579999    NAcc:  2289998    fAcc:  0.500      Maxd:  0.64577    E*/N:  -3.43296   P*:     0.09861    P*cold: -0.50139   Mu*_xs: -2.78765   Cv*/N_xs:  0.87536         E(kJ/mol): -3.424     P(bar):    0.045     
Step:  4599999    NAcc:  2299998    fAcc:  0.500      Maxd:  0.32767    E*/N:  -3.44980   P*:     0.09844    P*cold: -0.50156   Mu*_xs: -2.78623   Cv*/N_xs:  0.88095         E(kJ/mol): -3.441     P(bar):    0.088     
Step:  4619999    NAcc:  2309999    fAcc:  0.500      Maxd:  0.43193    E*/N:  -3.41186   P*:     0.09822    P*cold: -0.50178   Mu*_xs: -2.78586   Cv*/N_xs:  0.88200         E(kJ/mol): -3.403     P(bar):    0.038     
Step:  4639999    NAcc:  2320000    fAcc:  0.500      Maxd:  0.60298    E*/N:  -3.38563   P*:     0.09845    P*cold: -0.50155   Mu*_xs: -2.78504   Cv*/N_xs:  0.88519         E(kJ/mol): -3.377     P(bar):    0.100     
Step:  4659999    NAcc:  2330000    fAcc:  0.500      Maxd:  2.48590    E*/N:  -3.43581   P*:     0.09833    P*cold: -0.50167   Mu*_xs: -2.78499   Cv*/N_xs:  0.88089         E(kJ/mol): -3.427     P(bar):    0.097     
Step:  4679999    NAcc:  2339999    fAcc:  0.500      Maxd:  0.82259    E*/N:  -3.40368   P*:     0.09841    P*cold: -0.50159   Mu*_xs: -2.78434   Cv*/N_xs:  0.87704         E(kJ/mol): -3.395     P(bar):    0.027     
Step:  4699999    NAcc:  2350000    fAcc:  0.500      Maxd:  0.78026    E*/N:  -3.46524   P*:     0.09806    P*cold: -0.50194   Mu*_xs: -2.78440   Cv*/N_xs:  0.87388         E(kJ/mol): -3.456     P(bar):    -0.133    
Step:  4719999    NAcc:  2359997    fAcc:  0.500      Maxd:  0.30239    E*/N:  -3.39352   P*:     0.09873    P*cold: -0.50127   Mu*_xs: -2.78406   Cv*/N_xs:  0.87456         E(kJ/mol): -3.385     P(bar):    0.119     
Step:  4739999    NAcc:  2370001    fAcc:  0.500      Maxd:  0.99985    E*/N:  -3.41361   P*:     0.09859    P*cold: -0.50141   Mu*_xs: -2.78390   Cv*/N_xs:  0.87057         E(kJ/mol): -3.405     P(bar):    0.020     
Step:  4759999    NAcc:  2380001    fAcc:  0.500      Maxd:  1.39893    E*/N:  -3.42274   P*:     0.09828    P*cold: -0.50172   Mu*_xs: -2.78425   Cv*/N_xs:  0.86819         E(kJ/mol): -3.414     P(bar):    0.044     
Step:  4779999    NAcc:  2390001    fAcc:  0.500      Maxd:  1.56270    E*/N:  -3.38190   P*:     0.09883    P*cold: -0.50117   Mu*_xs: -2.78491   Cv*/N_xs:  0.86573         E(kJ/mol): -3.373     P(bar):    0.088     
Step:  4799999    NAcc:  2400001    fAcc:  0.500      Maxd:  0.40033    E*/N:  -3.39207   P*:     0.09864    P*cold: -0.50136   Mu*_xs: -2.78496   Cv*/N_xs:  0.86182         E(kJ/mol): -3.383     P(bar):    0.095     
Step:  4819999    NAcc:  2410000    fAcc:  0.500      Maxd:  1.62380    E*/N:  -3.33768   P*:     0.09896    P*cold: -0.50104   Mu*_xs: -2.78509   Cv*/N_xs:  0.86201         E(kJ/mol): -3.329     P(bar):    0.256     
Step:  4839999    NAcc:  2420001    fAcc:  0.500      Maxd:  1.92049    E*/N:  -3.39094   P*:     0.09943    P*cold: -0.50057   Mu*_xs: -2.78489   Cv*/N_xs:  0.86046         E(kJ/mol): -3.382     P(bar):    0.133     
Step:  4859999    NAcc:  2429999    fAcc:  0.500      Maxd:  0.50560    E*/N:  -3.35525   P*:     0.09917    P*cold: -0.50083   Mu*_xs: -2.78631   Cv*/N_xs:  0.85714         E(kJ/mol): -3.346     P(bar):    0.018     
Step:  4879999    NAcc:  2440000    fAcc:  0.500      Maxd:  0.61407    E*/N:  -3.39067   P*:     0.09901    P*cold: -0.50099   Mu*_xs: -2.78623   Cv*/N_xs:  0.85756         E(kJ/mol): -3.382     P(bar):    0.135     
Step:  4899999    NAcc:  2450001    fAcc:  0.500      Maxd:  1.16883    E*/N:  -3.34679   P*:     0.09892    P*cold: -0.50108   Mu*_xs: -2.78670   Cv*/N_xs:  0.86390         E(kJ/mol): -3.338     P(bar):    0.088     
Step:  4919999    NAcc:  2459999    fAcc:  0.500      Maxd:  0.32142    E*/N:  -3.36158   P*:     0.09831    P*cold: -0.50169   Mu*_xs: -2.78650   Cv*/N_xs:  0.86334         E(kJ/mol): -3.353     P(bar):    0.117     
Step:  4939999    NAcc:  2470001    fAcc:  0.500      Maxd:  0.60328    E*/N:  -3.37468   P*:     0.09826    P*cold: -0.50174   Mu*_xs: -2.78666   Cv*/N_xs:  0.86598         E(kJ/mol): -3.366     P(bar):    0.039     
Step:  4959999    NAcc:  2480000    fAcc:  0.500      Maxd:  0.31427    E*/N:  -3.43733   P*:     0.09751    P*cold: -0.50249   Mu*_xs: -2.78702   Cv*/N_xs:  0.86101         E(kJ/mol): -3.428     P(bar):    0.047     
Step:  4979999    NAcc:  2490000    fAcc:  0.500      Maxd:  0.80667    E*/N:  -3.43889   P*:     0.09736    P*cold: -0.50264   Mu*_xs: -2.78772   Cv*/N_xs:  0.85774         E(kJ/mol): -3.430     P(bar):    -0.086    
Step:  4999999    NAcc:  2499999    fAcc:  0.500      Maxd:  0.37104    E*/N:  -3.38667   P*:     0.09703    P*cold: -0.50297   Mu*_xs: -2.78761   Cv*/N_xs:  0.85422         E(kJ/mol): -3.378     P(bar):    0.091     
# Computed average properties: 
 # E*/N:  -3.40479  
 # P*:     0.09703   
 # Cv*/N_xs:   0.85422        
 # Mu*_xs:  -2.78761  
