# Number of atoms:       500
# Atom type:             Ar
# Molar Mass (g/mol):    39.948
# Density (g/cm^3):      0.506504
# LJ sigma (Angstrom):   3.4
# LJ epsilon/kB (K):     120
# LJ cutoff (Angstrom):  13.6
# LJ cutoff (sigma):     4
# Temperature (K):       144
# Number MC steps:       5e+06
# Output frequency:      20000
# Num. den. (atoms/Ang): 0.00763281
# Box length (x):        40.3115
# Box length (y):        40.3115
# Box length (z):        40.3115
# Init. spacing (Ang):   4.47905
# reduc. density (rho*): 0.3
# reduc. temp (T*):      1.2
Step:  19999      NAcc:  10000      fAcc:  0.500      Maxd:  1.97667    E*/N:  -2.32323   P*:     nan        P*cold: nan        Mu*_xs: -0.00000   Cv*/N_xs:  0.00000         E(kJ/mol): -2.317     P(bar):    0.071     
Step:  39999      NAcc:  19999      fAcc:  0.500      Maxd:  0.93016    E*/N:  -2.41537   P*:     nan        P*cold: nan        Mu*_xs: -0.00000   Cv*/N_xs:  0.00000         E(kJ/mol): -2.409     P(bar):    0.045     
Step:  59999      NAcc:  30000      fAcc:  0.500      Maxd:  0.53226    E*/N:  -2.36429   P*:     nan        P*cold: nan        Mu*_xs: -0.00000   Cv*/N_xs:  0.00000         E(kJ/mol): -2.358     P(bar):    0.053     
Step:  79999      NAcc:  40004      fAcc:  0.500      Maxd:  2.01223    E*/N:  -2.33287   P*:     nan        P*cold: nan        Mu*_xs: -0.00000   Cv*/N_xs:  0.00000         E(kJ/mol): -2.327     P(bar):    0.096     
Step:  99999      NAcc:  50002      fAcc:  0.500      Maxd:  2.43415    E*/N:  -2.26809   P*:     nan        P*cold: nan        Mu*_xs: -0.00000   Cv*/N_xs:  0.00000         E(kJ/mol): -2.262     P(bar):    0.180     
Step:  119999     NAcc:  59998      fAcc:  0.500      Maxd:  1.17684    E*/N:  -2.41230   P*:     nan        P*cold: nan        Mu*_xs: -0.00000   Cv*/N_xs:  0.00000         E(kJ/mol): -2.406     P(bar):    0.114     
Step:  139999     NAcc:  70001      fAcc:  0.500      Maxd:  0.95670    E*/N:  -2.34268   P*:     nan        P*cold: nan        Mu*_xs: -0.00000   Cv*/N_xs:  0.00000         E(kJ/mol): -2.337     P(bar):    0.082     
Step:  159999     NAcc:  80001      fAcc:  0.500      Maxd:  0.85091    E*/N:  -2.35682   P*:     nan        P*cold: nan        Mu*_xs: -0.00000   Cv*/N_xs:  0.00000         E(kJ/mol): -2.351     P(bar):    0.112     
Step:  179999     NAcc:  90000      fAcc:  0.500      Maxd:  3.48181    E*/N:  -2.26831   P*:     nan        P*cold: nan        Mu*_xs: -0.00000   Cv*/N_xs:  0.00000         E(kJ/mol): -2.262     P(bar):    0.166     
Step:  199999     NAcc:  100001     fAcc:  0.500      Maxd:  0.74816    E*/N:  -2.39411   P*:     nan        P*cold: nan        Mu*_xs: -0.00000   Cv*/N_xs:  0.00000         E(kJ/mol): -2.388     P(bar):    0.109     
Step:  219999     NAcc:  110001     fAcc:  0.500      Maxd:  2.32711    E*/N:  -2.42687   P*:     nan        P*cold: nan        Mu*_xs: -0.00000   Cv*/N_xs:  0.00000         E(kJ/mol): -2.421     P(bar):    0.045     
Step:  239999     NAcc:  119999     fAcc:  0.500      Maxd:  0.34917    E*/N:  -2.39647   P*:     nan        P*cold: nan        Mu*_xs: -0.00000   Cv*/N_xs:  0.00000         E(kJ/mol): -2.390     P(bar):    0.072     
Step:  259999     NAcc:  129999     fAcc:  0.500      Maxd:  1.35725    E*/N:  -2.26177   P*:     nan        P*cold: nan        Mu*_xs: -0.00000   Cv*/N_xs:  0.00000         E(kJ/mol): -2.256     P(bar):    0.048     
Step:  279999     NAcc:  140000     fAcc:  0.500      Maxd:  2.04562    E*/N:  -2.30211   P*:     nan        P*cold: nan        Mu*_xs: -0.00000   Cv*/N_xs:  0.00000         E(kJ/mol): -2.296     P(bar):    0.118     
Step:  299999     NAcc:  150000     fAcc:  0.500      Maxd:  0.37757    E*/N:  -2.26256   P*:     nan        P*cold: nan        Mu*_xs: -0.00000   Cv*/N_xs:  0.00000         E(kJ/mol): -2.257     P(bar):    0.161     
Step:  319999     NAcc:  159997     fAcc:  0.500      Maxd:  0.38899    E*/N:  -2.34227   P*:     nan        P*cold: nan        Mu*_xs: -0.00000   Cv*/N_xs:  0.00000         E(kJ/mol): -2.336     P(bar):    0.135     
Step:  339999     NAcc:  170000     fAcc:  0.500      Maxd:  0.73525    E*/N:  -2.31198   P*:     nan        P*cold: nan        Mu*_xs: -0.00000   Cv*/N_xs:  0.00000         E(kJ/mol): -2.306     P(bar):    0.147     
Step:  359999     NAcc:  180000     fAcc:  0.500      Maxd:  0.45675    E*/N:  -2.26820   P*:     nan        P*cold: nan        Mu*_xs: -0.00000   Cv*/N_xs:  0.00000         E(kJ/mol): -2.262     P(bar):    0.122     
Step:  379999     NAcc:  189999     fAcc:  0.500      Maxd:  2.12997    E*/N:  -2.29063   P*:     nan        P*cold: nan        Mu*_xs: -0.00000   Cv*/N_xs:  0.00000         E(kJ/mol): -2.285     P(bar):    0.044     
Step:  399999     NAcc:  199999     fAcc:  0.500      Maxd:  0.95119    E*/N:  -2.37090   P*:     nan        P*cold: nan        Mu*_xs: -0.00000   Cv*/N_xs:  0.00000         E(kJ/mol): -2.365     P(bar):    0.042     
Step:  419999     NAcc:  210003     fAcc:  0.500      Maxd:  1.68410    E*/N:  -2.36329   P*:     nan        P*cold: nan        Mu*_xs: -0.00000   Cv*/N_xs:  0.00000         E(kJ/mol): -2.357     P(bar):    0.117     
Step:  439999     NAcc:  219996     fAcc:  0.500      Maxd:  0.53404    E*/N:  -2.30232   P*:     nan        P*cold: nan        Mu*_xs: -0.00000   Cv*/N_xs:  0.00000         E(kJ/mol): -2.296     P(bar):    0.064     
Step:  459999     NAcc:  229999     fAcc:  0.500      Maxd:  3.70490    E*/N:  -2.25262   P*:     nan        P*cold: nan        Mu*_xs: -0.00000   Cv*/N_xs:  0.00000         E(kJ/mol): -2.247     P(bar):    0.057     
Step:  479999     NAcc:  240001     fAcc:  0.500      Maxd:  0.50253    E*/N:  -2.29686   P*:     nan        P*cold: nan        Mu*_xs: -0.00000   Cv*/N_xs:  0.00000         E(kJ/mol): -2.291     P(bar):    0.060     
Step:  499999     NAcc:  250001     fAcc:  0.500      Maxd:  6.80914    E*/N:  -2.30058   P*:     nan        P*cold: nan        Mu*_xs: -0.00000   Cv*/N_xs:  0.00000         E(kJ/mol): -2.295     P(bar):    0.076     
Step:  519999     NAcc:  260002     fAcc:  0.500      Maxd:  0.96231    E*/N:  -2.44530   P*:     nan        P*cold: nan        Mu*_xs: -0.00000   Cv*/N_xs:  0.00000         E(kJ/mol): -2.439     P(bar):    0.024     
Step:  539999     NAcc:  270001     fAcc:  0.500      Maxd:  0.50483    E*/N:  -2.35276   P*:     nan        P*cold: nan        Mu*_xs: -0.00000   Cv*/N_xs:  0.00000         E(kJ/mol): -2.347     P(bar):    0.141     
Step:  559999     NAcc:  279999     fAcc:  0.500      Maxd:  0.89627    E*/N:  -2.37112   P*:     nan        P*cold: nan        Mu*_xs: -0.00000   Cv*/N_xs:  0.00000         E(kJ/mol): -2.365     P(bar):    0.074     
Step:  579999     NAcc:  289998     fAcc:  0.500      Maxd:  0.80802    E*/N:  -2.27693   P*:     nan        P*cold: nan        Mu*_xs: -0.00000   Cv*/N_xs:  0.00000         E(kJ/mol): -2.271     P(bar):    0.110     
Step:  599999     NAcc:  300001     fAcc:  0.500      Maxd:  3.54914    E*/N:  -2.23026   P*:     nan        P*cold: nan        Mu*_xs: -0.00000   Cv*/N_xs:  0.00000         E(kJ/mol): -2.224     P(bar):    0.111     
Step:  619999     NAcc:  310000     fAcc:  0.500      Maxd:  6.16073    E*/N:  -2.25660   P*:     nan        P*cold: nan        Mu*_xs: -0.00000   Cv*/N_xs:  0.00000         E(kJ/mol): -2.251     P(bar):    0.066     
Step:  639999     NAcc:  320000     fAcc:  0.500      Maxd:  0.38580    E*/N:  -2.33947   P*:     nan        P*cold: nan        Mu*_xs: -0.00000   Cv*/N_xs:  0.00000         E(kJ/mol): -2.333     P(bar):    0.058     
Step:  659999     NAcc:  330001     fAcc:  0.500      Maxd:  0.70976    E*/N:  -2.35411   P*:     nan        P*cold: nan        Mu*_xs: -0.00000   Cv*/N_xs:  0.00000         E(kJ/mol): -2.348     P(bar):    0.115     
Step:  679999     NAcc:  339999     fAcc:  0.500      Maxd:  0.39859    E*/N:  -2.32803   P*:     nan        P*cold: nan        Mu*_xs: -0.00000   Cv*/N_xs:  0.00000         E(kJ/mol): -2.322     P(bar):    0.158     
Step:  699999     NAcc:  349997     fAcc:  0.500      Maxd:  0.48592    E*/N:  -2.32357   P*:     nan        P*cold: nan        Mu*_xs: -0.00000   Cv*/N_xs:  0.00000         E(kJ/mol): -2.317     P(bar):    0.046     
Step:  719999     NAcc:  359999     fAcc:  0.500      Maxd:  0.87467    E*/N:  -2.41341   P*:     nan        P*cold: nan        Mu*_xs: -0.00000   Cv*/N_xs:  0.00000         E(kJ/mol): -2.407     P(bar):    -0.003    
Step:  739999     NAcc:  370000     fAcc:  0.500      Maxd:  0.98839    E*/N:  -2.43834   P*:     nan        P*cold: nan        Mu*_xs: -0.00000   Cv*/N_xs:  0.00000         E(kJ/mol): -2.432     P(bar):    0.035     
Step:  759999     NAcc:  380001     fAcc:  0.500      Maxd:  13.69426   E*/N:  -2.43122   P*:     nan        P*cold: nan        Mu*_xs: -0.00000   Cv*/N_xs:  0.00000         E(kJ/mol): -2.425     P(bar):    0.039     
Step:  779999     NAcc:  389999     fAcc:  0.500      Maxd:  0.83469    E*/N:  -2.46309   P*:     nan        P*cold: nan        Mu*_xs: -0.00000   Cv*/N_xs:  0.00000         E(kJ/mol): -2.457     P(bar):    0.042     
Step:  799999     NAcc:  400001     fAcc:  0.500      Maxd:  7.00995    E*/N:  -2.41793   P*:     nan        P*cold: nan        Mu*_xs: -0.00000   Cv*/N_xs:  0.00000         E(kJ/mol): -2.412     P(bar):    0.073     
Step:  819999     NAcc:  410001     fAcc:  0.500      Maxd:  3.56944    E*/N:  -2.44126   P*:     nan        P*cold: nan        Mu*_xs: -0.00000   Cv*/N_xs:  0.00000         E(kJ/mol): -2.435     P(bar):    0.026     
Step:  839999     NAcc:  419999     fAcc:  0.500      Maxd:  2.62448    E*/N:  -2.39283   P*:     nan        P*cold: nan        Mu*_xs: -0.00000   Cv*/N_xs:  0.00000         E(kJ/mol): -2.387     P(bar):    0.068     
Step:  859999     NAcc:  430001     fAcc:  0.500      Maxd:  0.79896    E*/N:  -2.41053   P*:     nan        P*cold: nan        Mu*_xs: -0.00000   Cv*/N_xs:  0.00000         E(kJ/mol): -2.404     P(bar):    0.005     
Step:  879999     NAcc:  440000     fAcc:  0.500      Maxd:  1.31779    E*/N:  -2.36443   P*:     nan        P*cold: nan        Mu*_xs: -0.00000   Cv*/N_xs:  0.00000         E(kJ/mol): -2.358     P(bar):    0.116     
Step:  899999     NAcc:  449999     fAcc:  0.500      Maxd:  0.32352    E*/N:  -2.35335   P*:     nan        P*cold: nan        Mu*_xs: -0.00000   Cv*/N_xs:  0.00000         E(kJ/mol): -2.347     P(bar):    0.145     
Step:  919999     NAcc:  460002     fAcc:  0.500      Maxd:  2.16759    E*/N:  -2.33848   P*:     nan        P*cold: nan        Mu*_xs: -0.00000   Cv*/N_xs:  0.00000         E(kJ/mol): -2.332     P(bar):    0.102     
Step:  939999     NAcc:  470001     fAcc:  0.500      Maxd:  0.52054    E*/N:  -2.23256   P*:     nan        P*cold: nan        Mu*_xs: -0.00000   Cv*/N_xs:  0.00000         E(kJ/mol): -2.227     P(bar):    0.137     
Step:  959999     NAcc:  479999     fAcc:  0.500      Maxd:  0.70923    E*/N:  -2.32322   P*:     nan        P*cold: nan        Mu*_xs: -0.00000   Cv*/N_xs:  0.00000         E(kJ/mol): -2.317     P(bar):    0.076     
Step:  979999     NAcc:  490000     fAcc:  0.500      Maxd:  3.39128    E*/N:  -2.24065   P*:     nan        P*cold: nan        Mu*_xs: -0.00000   Cv*/N_xs:  0.00000         E(kJ/mol): -2.235     P(bar):    0.144     
Step:  999999     NAcc:  500000     fAcc:  0.500      Maxd:  0.43186    E*/N:  -2.25336   P*:     nan        P*cold: nan        Mu*_xs: -0.00000   Cv*/N_xs:  0.00000         E(kJ/mol): -2.247     P(bar):    0.090     
Step:  1019999    NAcc:  510001     fAcc:  0.500      Maxd:  0.72817    E*/N:  -2.26618   P*:     nan        P*cold: nan        Mu*_xs: -0.00000   Cv*/N_xs:  0.00000         E(kJ/mol): -2.260     P(bar):    0.161     
Step:  1039999    NAcc:  519997     fAcc:  0.500      Maxd:  0.34637    E*/N:  -2.31249   P*:     nan        P*cold: nan        Mu*_xs: -0.00000   Cv*/N_xs:  0.00000         E(kJ/mol): -2.306     P(bar):    0.043     
Step:  1059999    NAcc:  529999     fAcc:  0.500      Maxd:  1.13099    E*/N:  -2.27770   P*:     nan        P*cold: nan        Mu*_xs: -0.00000   Cv*/N_xs:  0.00000         E(kJ/mol): -2.272     P(bar):    0.168     
Step:  1079999    NAcc:  539999     fAcc:  0.500      Maxd:  0.63657    E*/N:  -2.29720   P*:     nan        P*cold: nan        Mu*_xs: -0.00000   Cv*/N_xs:  0.00000         E(kJ/mol): -2.291     P(bar):    0.025     
Step:  1099999    NAcc:  550002     fAcc:  0.500      Maxd:  1.59198    E*/N:  -2.29359   P*:     nan        P*cold: nan        Mu*_xs: -0.00000   Cv*/N_xs:  0.00000         E(kJ/mol): -2.288     P(bar):    0.026     
Step:  1119999    NAcc:  560002     fAcc:  0.500      Maxd:  2.24759    E*/N:  -2.26879   P*:     nan        P*cold: nan        Mu*_xs: -0.00000   Cv*/N_xs:  0.00000         E(kJ/mol): -2.263     P(bar):    0.119     
Step:  1139999    NAcc:  569999     fAcc:  0.500      Maxd:  1.91332    E*/N:  -2.28524   P*:     nan        P*cold: nan        Mu*_xs: -0.00000   Cv*/N_xs:  0.00000         E(kJ/mol): -2.279     P(bar):    0.110     
Step:  1159999    NAcc:  579997     fAcc:  0.500      Maxd:  0.36768    E*/N:  -2.31954   P*:     nan        P*cold: nan        Mu*_xs: -0.00000   Cv*/N_xs:  0.00000         E(kJ/mol): -2.313     P(bar):    0.162     
Step:  1179999    NAcc:  590000     fAcc:  0.500      Maxd:  0.85939    E*/N:  -2.34008   P*:     nan        P*cold: nan        Mu*_xs: -0.00000   Cv*/N_xs:  0.00000         E(kJ/mol): -2.334     P(bar):    0.103     
Step:  1199999    NAcc:  600000     fAcc:  0.500      Maxd:  3.23432    E*/N:  -2.37161   P*:     nan        P*cold: nan        Mu*_xs: -0.00000   Cv*/N_xs:  0.00000         E(kJ/mol): -2.365     P(bar):    0.064     
Step:  1219999    NAcc:  610000     fAcc:  0.500      Maxd:  0.52355    E*/N:  -2.33015   P*:     nan        P*cold: nan        Mu*_xs: -0.00000   Cv*/N_xs:  0.00000         E(kJ/mol): -2.324     P(bar):    0.110     
Step:  1239999    NAcc:  619998     fAcc:  0.500      Maxd:  0.51653    E*/N:  -2.30547   P*:     nan        P*cold: nan        Mu*_xs: -0.00000   Cv*/N_xs:  0.00000         E(kJ/mol): -2.299     P(bar):    0.051     
Step:  1259999    NAcc:  629999     fAcc:  0.500      Maxd:  1.12441    E*/N:  -2.31809   P*:     nan        P*cold: nan        Mu*_xs: -0.00000   Cv*/N_xs:  0.00000         E(kJ/mol): -2.312     P(bar):    0.082     
Step:  1279999    NAcc:  640002     fAcc:  0.500      Maxd:  0.77404    E*/N:  -2.34622   P*:     nan        P*cold: nan        Mu*_xs: -0.00000   Cv*/N_xs:  0.00000         E(kJ/mol): -2.340     P(bar):    0.061     
Step:  1299999    NAcc:  650003     fAcc:  0.500      Maxd:  1.15470    E*/N:  -2.29609   P*:     nan        P*cold: nan        Mu*_xs: -0.00000   Cv*/N_xs:  0.00000         E(kJ/mol): -2.290     P(bar):    0.034     
Step:  1319999    NAcc:  660000     fAcc:  0.500      Maxd:  0.35711    E*/N:  -2.32563   P*:     nan        P*cold: nan        Mu*_xs: -0.00000   Cv*/N_xs:  0.00000         E(kJ/mol): -2.320     P(bar):    0.134     
Step:  1339999    NAcc:  669997     fAcc:  0.500      Maxd:  0.33343    E*/N:  -2.30863   P*:     nan        P*cold: nan        Mu*_xs: -0.00000   Cv*/N_xs:  0.00000         E(kJ/mol): -2.303     P(bar):    0.129     
Step:  1359999    NAcc:  680001     fAcc:  0.500      Maxd:  3.04608    E*/N:  -2.34594   P*:     nan        P*cold: nan        Mu*_xs: -0.00000   Cv*/N_xs:  0.00000         E(kJ/mol): -2.340     P(bar):    0.106     
Step:  1379999    NAcc:  689997     fAcc:  0.500      Maxd:  0.39565    E*/N:  -2.31543   P*:     nan        P*cold: nan        Mu*_xs: -0.00000   Cv*/N_xs:  0.00000         E(kJ/mol): -2.309     P(bar):    0.109     
Step:  1399999    NAcc:  699998     fAcc:  0.500      Maxd:  0.34431    E*/N:  -2.30884   P*:     nan        P*cold: nan        Mu*_xs: -0.00000   Cv*/N_xs:  0.00000         E(kJ/mol): -2.303     P(bar):    0.071     
Step:  1419999    NAcc:  710001     fAcc:  0.500      Maxd:  0.67216    E*/N:  -2.31566   P*:     nan        P*cold: nan        Mu*_xs: -0.00000   Cv*/N_xs:  0.00000         E(kJ/mol): -2.310     P(bar):    0.105     
Step:  1439999    NAcc:  720003     fAcc:  0.500      Maxd:  1.71371    E*/N:  -2.22089   P*:     nan        P*cold: nan        Mu*_xs: -0.00000   Cv*/N_xs:  0.00000         E(kJ/mol): -2.215     P(bar):    0.123     
Step:  1459999    NAcc:  730001     fAcc:  0.500      Maxd:  19.88573   E*/N:  -2.25616   P*:     nan        P*cold: nan        Mu*_xs: -0.00000   Cv*/N_xs:  0.00000         E(kJ/mol): -2.250     P(bar):    0.127     
Step:  1479999    NAcc:  739996     fAcc:  0.500      Maxd:  1.16622    E*/N:  -2.28917   P*:     nan        P*cold: nan        Mu*_xs: -0.00000   Cv*/N_xs:  0.00000         E(kJ/mol): -2.283     P(bar):    0.087     
Step:  1499999    NAcc:  750000     fAcc:  0.500      Maxd:  0.95044    E*/N:  -2.29678   P*:     nan        P*cold: nan        Mu*_xs: -0.00000   Cv*/N_xs:  0.00000         E(kJ/mol): -2.291     P(bar):    0.037     
Step:  1519999    NAcc:  760000     fAcc:  0.500      Maxd:  0.37467    E*/N:  -2.36161   P*:     nan        P*cold: nan        Mu*_xs: -0.00000   Cv*/N_xs:  0.00000         E(kJ/mol): -2.355     P(bar):    0.109     
Step:  1539999    NAcc:  770001     fAcc:  0.500      Maxd:  1.06814    E*/N:  -2.40324   P*:     nan        P*cold: nan        Mu*_xs: -0.00000   Cv*/N_xs:  0.00000         E(kJ/mol): -2.397     P(bar):    -0.009    
Step:  1559999    NAcc:  780000     fAcc:  0.500      Maxd:  0.37254    E*/N:  -2.39451   P*:     nan        P*cold: nan        Mu*_xs: -0.00000   Cv*/N_xs:  0.00000         E(kJ/mol): -2.388     P(bar):    0.084     
Step:  1579999    NAcc:  790001     fAcc:  0.500      Maxd:  0.49850    E*/N:  -2.43654   P*:     nan        P*cold: nan        Mu*_xs: -0.00000   Cv*/N_xs:  0.00000         E(kJ/mol): -2.430     P(bar):    0.121     
Step:  1599999    NAcc:  799999     fAcc:  0.500      Maxd:  0.38517    E*/N:  -2.38314   P*:     nan        P*cold: nan        Mu*_xs: -0.00000   Cv*/N_xs:  0.00000         E(kJ/mol): -2.377     P(bar):    0.136     
Step:  1619999    NAcc:  810003     fAcc:  0.500      Maxd:  1.19774    E*/N:  -2.42716   P*:     nan        P*cold: nan        Mu*_xs: -0.00000   Cv*/N_xs:  0.00000         E(kJ/mol): -2.421     P(bar):    0.062     
Step:  1639999    NAcc:  819998     fAcc:  0.500      Maxd:  1.25111    E*/N:  -2.39686   P*:     nan        P*cold: nan        Mu*_xs: -0.00000   Cv*/N_xs:  0.00000         E(kJ/mol): -2.391     P(bar):    0.112     
Step:  1659999    NAcc:  830000     fAcc:  0.500      Maxd:  0.93734    E*/N:  -2.39960   P*:     nan        P*cold: nan        Mu*_xs: -0.00000   Cv*/N_xs:  0.00000         E(kJ/mol): -2.393     P(bar):    0.082     
Step:  1679999    NAcc:  840000     fAcc:  0.500      Maxd:  0.41431    E*/N:  -2.28747   P*:     nan        P*cold: nan        Mu*_xs: -0.00000   Cv*/N_xs:  0.00000         E(kJ/mol): -2.281     P(bar):    0.260     
Step:  1699999    NAcc:  850001     fAcc:  0.500      Maxd:  10.16326   E*/N:  -2.29421   P*:     nan        P*cold: nan        Mu*_xs: -0.00000   Cv*/N_xs:  0.00000         E(kJ/mol): -2.288     P(bar):    0.043     
Step:  1719999    NAcc:  860001     fAcc:  0.500      Maxd:  6.00817    E*/N:  -2.30091   P*:     nan        P*cold: nan        Mu*_xs: -0.00000   Cv*/N_xs:  0.00000         E(kJ/mol): -2.295     P(bar):    0.104     
Step:  1739999    NAcc:  870000     fAcc:  0.500      Maxd:  0.69044    E*/N:  -2.36338   P*:     nan        P*cold: nan        Mu*_xs: -0.00000   Cv*/N_xs:  0.00000         E(kJ/mol): -2.357     P(bar):    0.081     
Step:  1759999    NAcc:  880001     fAcc:  0.500      Maxd:  2.13471    E*/N:  -2.39449   P*:     nan        P*cold: nan        Mu*_xs: -0.00000   Cv*/N_xs:  0.00000         E(kJ/mol): -2.388     P(bar):    -0.021    
Step:  1779999    NAcc:  889998     fAcc:  0.500      Maxd:  0.32377    E*/N:  -2.38702   P*:     nan        P*cold: nan        Mu*_xs: -0.00000   Cv*/N_xs:  0.00000         E(kJ/mol): -2.381     P(bar):    0.050     
Step:  1799999    NAcc:  900001     fAcc:  0.500      Maxd:  3.10815    E*/N:  -2.38614   P*:     nan        P*cold: nan        Mu*_xs: -0.00000   Cv*/N_xs:  0.00000         E(kJ/mol): -2.380     P(bar):    0.128     
Step:  1819999    NAcc:  909999     fAcc:  0.500      Maxd:  0.33282    E*/N:  -2.44176   P*:     nan        P*cold: nan        Mu*_xs: -0.00000   Cv*/N_xs:  0.00000         E(kJ/mol): -2.435     P(bar):    0.107     
Step:  1839999    NAcc:  919999     fAcc:  0.500      Maxd:  1.15409    E*/N:  -2.42182   P*:     nan        P*cold: nan        Mu*_xs: -0.00000   Cv*/N_xs:  0.00000         E(kJ/mol): -2.415     P(bar):    0.088     
Step:  1859999    NAcc:  930002     fAcc:  0.500      Maxd:  3.20234    E*/N:  -2.39660   P*:     nan        P*cold: nan        Mu*_xs: -0.00000   Cv*/N_xs:  0.00000         E(kJ/mol): -2.390     P(bar):    0.057     
Step:  1879999    NAcc:  940001     fAcc:  0.500      Maxd:  0.49391    E*/N:  -2.36926   P*:     nan        P*cold: nan        Mu*_xs: -0.00000   Cv*/N_xs:  0.00000         E(kJ/mol): -2.363     P(bar):    0.054     
Step:  1899999    NAcc:  950000     fAcc:  0.500      Maxd:  0.38124    E*/N:  -2.32262   P*:     nan        P*cold: nan        Mu*_xs: -0.00000   Cv*/N_xs:  0.00000         E(kJ/mol): -2.317     P(bar):    0.104     
Step:  1919999    NAcc:  960002     fAcc:  0.500      Maxd:  1.47745    E*/N:  -2.28636   P*:     nan        P*cold: nan        Mu*_xs: -0.00000   Cv*/N_xs:  0.00000         E(kJ/mol): -2.280     P(bar):    0.072     
Step:  1939999    NAcc:  970000     fAcc:  0.500      Maxd:  0.41337    E*/N:  -2.23709   P*:     nan        P*cold: nan        Mu*_xs: -0.00000   Cv*/N_xs:  0.00000         E(kJ/mol): -2.231     P(bar):    0.084     
Step:  1959999    NAcc:  979998     fAcc:  0.500      Maxd:  0.39984    E*/N:  -2.26246   P*:     nan        P*cold: nan        Mu*_xs: -0.00000   Cv*/N_xs:  0.00000         E(kJ/mol): -2.257     P(bar):    0.028     
Step:  1979999    NAcc:  989998     fAcc:  0.500      Maxd:  0.90598    E*/N:  -2.16733   P*:     nan        P*cold: nan        Mu*_xs: -0.00000   Cv*/N_xs:  0.00000         E(kJ/mol): -2.162     P(bar):    0.116     
Step:  1999999    NAcc:  999998     fAcc:  0.500      Maxd:  1.66130    E*/N:  -2.19877   P*:     nan        P*cold: nan        Mu*_xs: -0.00000   Cv*/N_xs:  0.00000         E(kJ/mol): -2.193     P(bar):    0.061     
Step:  2019999    NAcc:  1009999    fAcc:  0.500      Maxd:  0.34919    E*/N:  -2.29233   P*:     0.11704    P*cold: -0.24296   Mu*_xs: -2.14037   Cv*/N_xs:  0.69615         E(kJ/mol): -2.286     P(bar):    0.100     
Step:  2039999    NAcc:  1020002    fAcc:  0.500      Maxd:  3.38512    E*/N:  -2.17124   P*:     0.10764    P*cold: -0.25236   Mu*_xs: -2.12100   Cv*/N_xs:  0.53013         E(kJ/mol): -2.166     P(bar):    0.119     
Step:  2059999    NAcc:  1029999    fAcc:  0.500      Maxd:  2.38104    E*/N:  -2.17865   P*:     0.10534    P*cold: -0.25466   Mu*_xs: -2.09661   Cv*/N_xs:  0.74816         E(kJ/mol): -2.173     P(bar):    0.043     
Step:  2079999    NAcc:  1039998    fAcc:  0.500      Maxd:  1.44618    E*/N:  -2.19741   P*:     0.09273    P*cold: -0.26727   Mu*_xs: -2.10231   Cv*/N_xs:  0.65551         E(kJ/mol): -2.192     P(bar):    0.074     
Step:  2099999    NAcc:  1050001    fAcc:  0.500      Maxd:  0.50413    E*/N:  -2.23740   P*:     0.08851    P*cold: -0.27149   Mu*_xs: -2.10186   Cv*/N_xs:  0.60677         E(kJ/mol): -2.232     P(bar):    0.092     
Step:  2119999    NAcc:  1059996    fAcc:  0.500      Maxd:  0.37572    E*/N:  -2.31564   P*:     0.08900    P*cold: -0.27100   Mu*_xs: -2.10014   Cv*/N_xs:  0.72253         E(kJ/mol): -2.310     P(bar):    0.030     
Step:  2139999    NAcc:  1069998    fAcc:  0.500      Maxd:  6.73753    E*/N:  -2.30368   P*:     0.08817    P*cold: -0.27183   Mu*_xs: -2.09838   Cv*/N_xs:  0.73782         E(kJ/mol): -2.298     P(bar):    0.049     
Step:  2159999    NAcc:  1080000    fAcc:  0.500      Maxd:  0.34120    E*/N:  -2.26877   P*:     0.08741    P*cold: -0.27259   Mu*_xs: -2.09980   Cv*/N_xs:  0.73040         E(kJ/mol): -2.263     P(bar):    0.063     
Step:  2179999    NAcc:  1089998    fAcc:  0.500      Maxd:  4.13554    E*/N:  -2.21406   P*:     0.09106    P*cold: -0.26894   Mu*_xs: -2.10385   Cv*/N_xs:  0.68823         E(kJ/mol): -2.208     P(bar):    0.104     
Step:  2199999    NAcc:  1100001    fAcc:  0.500      Maxd:  16.51184   E*/N:  -2.32387   P*:     0.08882    P*cold: -0.27118   Mu*_xs: -2.10477   Cv*/N_xs:  0.69243         E(kJ/mol): -2.318     P(bar):    -0.008    
Step:  2219999    NAcc:  1109999    fAcc:  0.500      Maxd:  1.08333    E*/N:  -2.20373   P*:     0.09132    P*cold: -0.26868   Mu*_xs: -2.11107   Cv*/N_xs:  0.67205         E(kJ/mol): -2.198     P(bar):    0.073     
Step:  2239999    NAcc:  1120000    fAcc:  0.500      Maxd:  0.46327    E*/N:  -2.33647   P*:     0.09539    P*cold: -0.26461   Mu*_xs: -2.10936   Cv*/N_xs:  0.71104         E(kJ/mol): -2.330     P(bar):    0.100     
Step:  2259999    NAcc:  1130002    fAcc:  0.500      Maxd:  6.68279    E*/N:  -2.23561   P*:     0.09399    P*cold: -0.26601   Mu*_xs: -2.10474   Cv*/N_xs:  0.80644         E(kJ/mol): -2.230     P(bar):    0.108     
Step:  2279999    NAcc:  1140001    fAcc:  0.500      Maxd:  0.82623    E*/N:  -2.28261   P*:     0.09517    P*cold: -0.26483   Mu*_xs: -2.10797   Cv*/N_xs:  0.77640         E(kJ/mol): -2.277     P(bar):    0.106     
Step:  2299999    NAcc:  1150000    fAcc:  0.500      Maxd:  0.37203    E*/N:  -2.23855   P*:     0.09347    P*cold: -0.26653   Mu*_xs: -2.10443   Cv*/N_xs:  0.76940         E(kJ/mol): -2.233     P(bar):    0.036     
Step:  2319999    NAcc:  1160000    fAcc:  0.500      Maxd:  0.40007    E*/N:  -2.24103   P*:     0.09224    P*cold: -0.26776   Mu*_xs: -2.10465   Cv*/N_xs:  0.77084         E(kJ/mol): -2.235     P(bar):    0.094     
Step:  2339999    NAcc:  1170001    fAcc:  0.500      Maxd:  0.50399    E*/N:  -2.22267   P*:     0.09288    P*cold: -0.26712   Mu*_xs: -2.10452   Cv*/N_xs:  0.77874         E(kJ/mol): -2.217     P(bar):    0.087     
Step:  2359999    NAcc:  1179999    fAcc:  0.500      Maxd:  0.64517    E*/N:  -2.31075   P*:     0.09276    P*cold: -0.26724   Mu*_xs: -2.10423   Cv*/N_xs:  0.78768         E(kJ/mol): -2.305     P(bar):    0.135     
Step:  2379999    NAcc:  1190001    fAcc:  0.500      Maxd:  6.64179    E*/N:  -2.27745   P*:     0.09243    P*cold: -0.26757   Mu*_xs: -2.10290   Cv*/N_xs:  0.77654         E(kJ/mol): -2.271     P(bar):    0.117     
Step:  2399999    NAcc:  1199997    fAcc:  0.500      Maxd:  0.90609    E*/N:  -2.26548   P*:     0.09325    P*cold: -0.26675   Mu*_xs: -2.10088   Cv*/N_xs:  0.76041         E(kJ/mol): -2.260     P(bar):    0.075     
Step:  2419999    NAcc:  1210000    fAcc:  0.500      Maxd:  1.94546    E*/N:  -2.33329   P*:     0.09239    P*cold: -0.26761   Mu*_xs: -2.10123   Cv*/N_xs:  0.79891         E(kJ/mol): -2.327     P(bar):    0.099     
Step:  2439999    NAcc:  1219999    fAcc:  0.500      Maxd:  7.02717    E*/N:  -2.34371   P*:     0.09202    P*cold: -0.26798   Mu*_xs: -2.09968   Cv*/N_xs:  0.83710         E(kJ/mol): -2.338     P(bar):    0.094     
Step:  2459999    NAcc:  1229999    fAcc:  0.500      Maxd:  0.36865    E*/N:  -2.35737   P*:     0.09210    P*cold: -0.26790   Mu*_xs: -2.10402   Cv*/N_xs:  0.88020         E(kJ/mol): -2.351     P(bar):    0.032     
Step:  2479999    NAcc:  1240000    fAcc:  0.500      Maxd:  1.06235    E*/N:  -2.45854   P*:     0.09120    P*cold: -0.26880   Mu*_xs: -2.10119   Cv*/N_xs:  1.01351         E(kJ/mol): -2.452     P(bar):    0.029     
Step:  2499999    NAcc:  1250000    fAcc:  0.500      Maxd:  0.35561    E*/N:  -2.35194   P*:     0.09127    P*cold: -0.26873   Mu*_xs: -2.09973   Cv*/N_xs:  1.16949         E(kJ/mol): -2.346     P(bar):    0.093     
Step:  2519999    NAcc:  1260001    fAcc:  0.500      Maxd:  0.72169    E*/N:  -2.46350   P*:     0.09255    P*cold: -0.26745   Mu*_xs: -2.09755   Cv*/N_xs:  1.52573         E(kJ/mol): -2.457     P(bar):    0.093     
Step:  2539999    NAcc:  1270002    fAcc:  0.500      Maxd:  2.45534    E*/N:  -2.36077   P*:     0.09318    P*cold: -0.26682   Mu*_xs: -2.09634   Cv*/N_xs:  1.71465         E(kJ/mol): -2.355     P(bar):    0.072     
Step:  2559999    NAcc:  1280000    fAcc:  0.500      Maxd:  6.39312    E*/N:  -2.33787   P*:     0.09220    P*cold: -0.26780   Mu*_xs: -2.09667   Cv*/N_xs:  1.68398         E(kJ/mol): -2.332     P(bar):    0.025     
Step:  2579999    NAcc:  1289999    fAcc:  0.500      Maxd:  1.68521    E*/N:  -2.25968   P*:     0.09262    P*cold: -0.26738   Mu*_xs: -2.09651   Cv*/N_xs:  1.65492         E(kJ/mol): -2.254     P(bar):    0.070     
Step:  2599999    NAcc:  1299996    fAcc:  0.500      Maxd:  1.53995    E*/N:  -2.33626   P*:     0.09166    P*cold: -0.26834   Mu*_xs: -2.09635   Cv*/N_xs:  1.62815         E(kJ/mol): -2.330     P(bar):    0.059     
Step:  2619999    NAcc:  1310000    fAcc:  0.500      Maxd:  0.33156    E*/N:  -2.26836   P*:     0.09116    P*cold: -0.26884   Mu*_xs: -2.09759   Cv*/N_xs:  1.63500         E(kJ/mol): -2.262     P(bar):    0.109     
Step:  2639999    NAcc:  1320001    fAcc:  0.500      Maxd:  0.57727    E*/N:  -2.31730   P*:     0.09076    P*cold: -0.26924   Mu*_xs: -2.10222   Cv*/N_xs:  1.59417         E(kJ/mol): -2.311     P(bar):    0.015     
Step:  2659999    NAcc:  1330001    fAcc:  0.500      Maxd:  8.76809    E*/N:  -2.23606   P*:     0.09019    P*cold: -0.26981   Mu*_xs: -2.09998   Cv*/N_xs:  1.55758         E(kJ/mol): -2.230     P(bar):    0.091     
Step:  2679999    NAcc:  1340000    fAcc:  0.500      Maxd:  1.28982    E*/N:  -2.24327   P*:     0.09037    P*cold: -0.26963   Mu*_xs: -2.09909   Cv*/N_xs:  1.55168         E(kJ/mol): -2.237     P(bar):    0.144     
Step:  2699999    NAcc:  1350001    fAcc:  0.500      Maxd:  0.51089    E*/N:  -2.28586   P*:     0.08965    P*cold: -0.27035   Mu*_xs: -2.09985   Cv*/N_xs:  1.51527         E(kJ/mol): -2.280     P(bar):    0.030     
Step:  2719999    NAcc:  1360000    fAcc:  0.500      Maxd:  0.71911    E*/N:  -2.28411   P*:     0.08934    P*cold: -0.27066   Mu*_xs: -2.09956   Cv*/N_xs:  1.49262         E(kJ/mol): -2.278     P(bar):    0.038     
Step:  2739999    NAcc:  1370003    fAcc:  0.500      Maxd:  1.43440    E*/N:  -2.16753   P*:     0.08942    P*cold: -0.27058   Mu*_xs: -2.10002   Cv*/N_xs:  1.49498         E(kJ/mol): -2.162     P(bar):    0.102     
Step:  2759999    NAcc:  1380000    fAcc:  0.500      Maxd:  0.34724    E*/N:  -2.20656   P*:     0.08898    P*cold: -0.27102   Mu*_xs: -2.10035   Cv*/N_xs:  1.54608         E(kJ/mol): -2.201     P(bar):    0.104     
Step:  2779999    NAcc:  1389998    fAcc:  0.500      Maxd:  1.64053    E*/N:  -2.22841   P*:     0.08879    P*cold: -0.27121   Mu*_xs: -2.10171   Cv*/N_xs:  1.52229         E(kJ/mol): -2.223     P(bar):    0.100     
Step:  2799999    NAcc:  1400002    fAcc:  0.500      Maxd:  1.52029    E*/N:  -2.21112   P*:     0.08942    P*cold: -0.27058   Mu*_xs: -2.10143   Cv*/N_xs:  1.49900         E(kJ/mol): -2.205     P(bar):    0.164     
Step:  2819999    NAcc:  1410004    fAcc:  0.500      Maxd:  1.54411    E*/N:  -2.31731   P*:     0.08930    P*cold: -0.27070   Mu*_xs: -2.10078   Cv*/N_xs:  1.48223         E(kJ/mol): -2.311     P(bar):    0.063     
Step:  2839999    NAcc:  1420001    fAcc:  0.500      Maxd:  3.09006    E*/N:  -2.34814   P*:     0.08950    P*cold: -0.27050   Mu*_xs: -2.09889   Cv*/N_xs:  1.47887         E(kJ/mol): -2.342     P(bar):    0.041     
Step:  2859999    NAcc:  1430001    fAcc:  0.500      Maxd:  1.15949    E*/N:  -2.36925   P*:     0.08953    P*cold: -0.27047   Mu*_xs: -2.09715   Cv*/N_xs:  1.46731         E(kJ/mol): -2.363     P(bar):    -0.009    
Step:  2879999    NAcc:  1440001    fAcc:  0.500      Maxd:  0.65458    E*/N:  -2.30877   P*:     0.08952    P*cold: -0.27048   Mu*_xs: -2.09727   Cv*/N_xs:  1.50048         E(kJ/mol): -2.303     P(bar):    0.085     
Step:  2899999    NAcc:  1450001    fAcc:  0.500      Maxd:  1.42102    E*/N:  -2.28856   P*:     0.08961    P*cold: -0.27039   Mu*_xs: -2.09735   Cv*/N_xs:  1.47440         E(kJ/mol): -2.283     P(bar):    0.115     
Step:  2919999    NAcc:  1459999    fAcc:  0.500      Maxd:  0.41064    E*/N:  -2.29219   P*:     0.08990    P*cold: -0.27010   Mu*_xs: -2.09798   Cv*/N_xs:  1.44763         E(kJ/mol): -2.286     P(bar):    0.059     
Step:  2939999    NAcc:  1469998    fAcc:  0.500      Maxd:  0.39839    E*/N:  -2.14791   P*:     0.09059    P*cold: -0.26941   Mu*_xs: -2.09751   Cv*/N_xs:  1.45502         E(kJ/mol): -2.142     P(bar):    0.182     
Step:  2959999    NAcc:  1479999    fAcc:  0.500      Maxd:  2.43910    E*/N:  -2.19344   P*:     0.09165    P*cold: -0.26835   Mu*_xs: -2.09914   Cv*/N_xs:  1.50515         E(kJ/mol): -2.188     P(bar):    0.112     
Step:  2979999    NAcc:  1490002    fAcc:  0.500      Maxd:  1.50916    E*/N:  -2.12389   P*:     0.09105    P*cold: -0.26895   Mu*_xs: -2.09996   Cv*/N_xs:  1.61026         E(kJ/mol): -2.118     P(bar):    0.059     
Step:  2999999    NAcc:  1500001    fAcc:  0.500      Maxd:  4.44030    E*/N:  -2.18242   P*:     0.09039    P*cold: -0.26961   Mu*_xs: -2.10136   Cv*/N_xs:  1.67977         E(kJ/mol): -2.177     P(bar):    0.055     
Step:  3019999    NAcc:  1510001    fAcc:  0.500      Maxd:  2.49109    E*/N:  -2.15568   P*:     0.09081    P*cold: -0.26919   Mu*_xs: -2.10194   Cv*/N_xs:  1.76604         E(kJ/mol): -2.150     P(bar):    0.165     
Step:  3039999    NAcc:  1520000    fAcc:  0.500      Maxd:  2.26442    E*/N:  -2.22247   P*:     0.09146    P*cold: -0.26854   Mu*_xs: -2.10139   Cv*/N_xs:  1.79596         E(kJ/mol): -2.217     P(bar):    0.062     
Step:  3059999    NAcc:  1530001    fAcc:  0.500      Maxd:  4.55543    E*/N:  -2.22387   P*:     0.09197    P*cold: -0.26803   Mu*_xs: -2.10213   Cv*/N_xs:  1.80970         E(kJ/mol): -2.218     P(bar):    0.028     
Step:  3079999    NAcc:  1540002    fAcc:  0.500      Maxd:  1.14557    E*/N:  -2.24063   P*:     0.09188    P*cold: -0.26812   Mu*_xs: -2.10108   Cv*/N_xs:  1.80202         E(kJ/mol): -2.235     P(bar):    0.063     
Step:  3099999    NAcc:  1550000    fAcc:  0.500      Maxd:  0.47801    E*/N:  -2.26744   P*:     0.09146    P*cold: -0.26854   Mu*_xs: -2.10237   Cv*/N_xs:  1.79184         E(kJ/mol): -2.261     P(bar):    0.067     
Step:  3119999    NAcc:  1559998    fAcc:  0.500      Maxd:  0.39606    E*/N:  -2.26509   P*:     0.09163    P*cold: -0.26837   Mu*_xs: -2.10221   Cv*/N_xs:  1.76915         E(kJ/mol): -2.259     P(bar):    0.098     
Step:  3139999    NAcc:  1569999    fAcc:  0.500      Maxd:  0.37175    E*/N:  -2.31695   P*:     0.09171    P*cold: -0.26829   Mu*_xs: -2.10115   Cv*/N_xs:  1.74668         E(kJ/mol): -2.311     P(bar):    0.032     
Step:  3159999    NAcc:  1580000    fAcc:  0.500      Maxd:  1.51774    E*/N:  -2.27977   P*:     0.09167    P*cold: -0.26833   Mu*_xs: -2.10120   Cv*/N_xs:  1.74244         E(kJ/mol): -2.274     P(bar):    0.161     
Step:  3179999    NAcc:  1590000    fAcc:  0.500      Maxd:  0.34443    E*/N:  -2.31795   P*:     0.09208    P*cold: -0.26792   Mu*_xs: -2.10116   Cv*/N_xs:  1.72326         E(kJ/mol): -2.312     P(bar):    0.144     
Step:  3199999    NAcc:  1600001    fAcc:  0.500      Maxd:  1.03415    E*/N:  -2.34027   P*:     0.09305    P*cold: -0.26695   Mu*_xs: -2.09920   Cv*/N_xs:  1.75721         E(kJ/mol): -2.334     P(bar):    0.173     
Step:  3219999    NAcc:  1610001    fAcc:  0.500      Maxd:  1.05035    E*/N:  -2.19768   P*:     0.09330    P*cold: -0.26670   Mu*_xs: -2.09828   Cv*/N_xs:  1.74702         E(kJ/mol): -2.192     P(bar):    0.135     
Step:  3239999    NAcc:  1620002    fAcc:  0.500      Maxd:  5.24475    E*/N:  -2.27294   P*:     0.09328    P*cold: -0.26672   Mu*_xs: -2.09784   Cv*/N_xs:  1.72669         E(kJ/mol): -2.267     P(bar):    0.106     
Step:  3259999    NAcc:  1630001    fAcc:  0.500      Maxd:  0.72725    E*/N:  -2.29818   P*:     0.09347    P*cold: -0.26653   Mu*_xs: -2.09794   Cv*/N_xs:  1.73750         E(kJ/mol): -2.292     P(bar):    0.226     
Step:  3279999    NAcc:  1640000    fAcc:  0.500      Maxd:  0.35746    E*/N:  -2.38584   P*:     0.09386    P*cold: -0.26614   Mu*_xs: -2.09839   Cv*/N_xs:  1.75899         E(kJ/mol): -2.380     P(bar):    0.055     
Step:  3299999    NAcc:  1650001    fAcc:  0.500      Maxd:  4.65210    E*/N:  -2.37209   P*:     0.09395    P*cold: -0.26605   Mu*_xs: -2.09742   Cv*/N_xs:  1.81167         E(kJ/mol): -2.366     P(bar):    0.070     
Step:  3319999    NAcc:  1659999    fAcc:  0.500      Maxd:  3.11781    E*/N:  -2.31065   P*:     0.09428    P*cold: -0.26572   Mu*_xs: -2.09731   Cv*/N_xs:  1.82044         E(kJ/mol): -2.305     P(bar):    0.051     
Step:  3339999    NAcc:  1670005    fAcc:  0.500      Maxd:  3.16745    E*/N:  -2.38494   P*:     0.09371    P*cold: -0.26629   Mu*_xs: -2.09684   Cv*/N_xs:  1.81844         E(kJ/mol): -2.379     P(bar):    -0.016    
Step:  3359999    NAcc:  1680000    fAcc:  0.500      Maxd:  1.34371    E*/N:  -2.39621   P*:     0.09350    P*cold: -0.26650   Mu*_xs: -2.09597   Cv*/N_xs:  1.81815         E(kJ/mol): -2.390     P(bar):    0.061     
Step:  3379999    NAcc:  1690001    fAcc:  0.500      Maxd:  1.05261    E*/N:  -2.43485   P*:     0.09405    P*cold: -0.26595   Mu*_xs: -2.09520   Cv*/N_xs:  1.92121         E(kJ/mol): -2.428     P(bar):    0.084     
Step:  3399999    NAcc:  1700000    fAcc:  0.500      Maxd:  1.25999    E*/N:  -2.35635   P*:     0.09402    P*cold: -0.26598   Mu*_xs: -2.09600   Cv*/N_xs:  1.98330         E(kJ/mol): -2.350     P(bar):    0.203     
Step:  3419999    NAcc:  1709999    fAcc:  0.500      Maxd:  1.43239    E*/N:  -2.33008   P*:     0.09444    P*cold: -0.26556   Mu*_xs: -2.09512   Cv*/N_xs:  1.99044         E(kJ/mol): -2.324     P(bar):    0.121     
Step:  3439999    NAcc:  1719994    fAcc:  0.500      Maxd:  0.39222    E*/N:  -2.31785   P*:     0.09428    P*cold: -0.26572   Mu*_xs: -2.09405   Cv*/N_xs:  1.99702         E(kJ/mol): -2.312     P(bar):    0.159     
Step:  3459999    NAcc:  1730001    fAcc:  0.500      Maxd:  5.15848    E*/N:  -2.37136   P*:     0.09397    P*cold: -0.26603   Mu*_xs: -2.09292   Cv*/N_xs:  2.01055         E(kJ/mol): -2.365     P(bar):    0.007     
Step:  3479999    NAcc:  1739997    fAcc:  0.500      Maxd:  0.36221    E*/N:  -2.36651   P*:     0.09343    P*cold: -0.26657   Mu*_xs: -2.09352   Cv*/N_xs:  1.99891         E(kJ/mol): -2.360     P(bar):    0.112     
Step:  3499999    NAcc:  1749999    fAcc:  0.500      Maxd:  0.35326    E*/N:  -2.37999   P*:     0.09335    P*cold: -0.26665   Mu*_xs: -2.09344   Cv*/N_xs:  1.99394         E(kJ/mol): -2.374     P(bar):    -0.002    
Step:  3519999    NAcc:  1760001    fAcc:  0.500      Maxd:  1.60783    E*/N:  -2.33534   P*:     0.09374    P*cold: -0.26626   Mu*_xs: -2.09337   Cv*/N_xs:  1.97477         E(kJ/mol): -2.329     P(bar):    0.118     
Step:  3539999    NAcc:  1770000    fAcc:  0.500      Maxd:  0.93281    E*/N:  -2.36256   P*:     0.09387    P*cold: -0.26613   Mu*_xs: -2.09377   Cv*/N_xs:  1.95657         E(kJ/mol): -2.356     P(bar):    0.007     
Step:  3559999    NAcc:  1780000    fAcc:  0.500      Maxd:  6.68715    E*/N:  -2.27746   P*:     0.09380    P*cold: -0.26620   Mu*_xs: -2.09428   Cv*/N_xs:  1.95449         E(kJ/mol): -2.271     P(bar):    0.176     
Step:  3579999    NAcc:  1790003    fAcc:  0.500      Maxd:  9.76078    E*/N:  -2.30917   P*:     0.09374    P*cold: -0.26626   Mu*_xs: -2.09534   Cv*/N_xs:  1.93315         E(kJ/mol): -2.303     P(bar):    0.115     
Step:  3599999    NAcc:  1799999    fAcc:  0.500      Maxd:  1.24671    E*/N:  -2.28251   P*:     0.09352    P*cold: -0.26648   Mu*_xs: -2.09552   Cv*/N_xs:  1.91217         E(kJ/mol): -2.277     P(bar):    0.099     
Step:  3619999    NAcc:  1809997    fAcc:  0.500      Maxd:  0.37434    E*/N:  -2.31976   P*:     0.09355    P*cold: -0.26645   Mu*_xs: -2.09529   Cv*/N_xs:  1.89461         E(kJ/mol): -2.314     P(bar):    0.092     
Step:  3639999    NAcc:  1819997    fAcc:  0.500      Maxd:  0.37229    E*/N:  -2.31205   P*:     0.09348    P*cold: -0.26652   Mu*_xs: -2.09432   Cv*/N_xs:  1.87788         E(kJ/mol): -2.306     P(bar):    0.118     
Step:  3659999    NAcc:  1829999    fAcc:  0.500      Maxd:  1.74614    E*/N:  -2.35074   P*:     0.09344    P*cold: -0.26656   Mu*_xs: -2.09437   Cv*/N_xs:  1.87567         E(kJ/mol): -2.345     P(bar):    0.055     
Step:  3679999    NAcc:  1840001    fAcc:  0.500      Maxd:  0.55678    E*/N:  -2.41306   P*:     0.09319    P*cold: -0.26681   Mu*_xs: -2.09458   Cv*/N_xs:  1.88224         E(kJ/mol): -2.407     P(bar):    0.069     
Step:  3699999    NAcc:  1850003    fAcc:  0.500      Maxd:  0.96454    E*/N:  -2.39194   P*:     0.09304    P*cold: -0.26696   Mu*_xs: -2.09353   Cv*/N_xs:  1.89036         E(kJ/mol): -2.386     P(bar):    0.094     
Step:  3719999    NAcc:  1860000    fAcc:  0.500      Maxd:  0.35617    E*/N:  -2.41832   P*:     0.09271    P*cold: -0.26729   Mu*_xs: -2.09232   Cv*/N_xs:  2.00420         E(kJ/mol): -2.412     P(bar):    0.104     
Step:  3739999    NAcc:  1869999    fAcc:  0.500      Maxd:  0.36003    E*/N:  -2.37175   P*:     0.09257    P*cold: -0.26743   Mu*_xs: -2.09332   Cv*/N_xs:  2.04548         E(kJ/mol): -2.366     P(bar):    0.077     
Step:  3759999    NAcc:  1880003    fAcc:  0.500      Maxd:  2.12834    E*/N:  -2.35166   P*:     0.09281    P*cold: -0.26719   Mu*_xs: -2.09412   Cv*/N_xs:  2.04311         E(kJ/mol): -2.346     P(bar):    0.130     
Step:  3779999    NAcc:  1890002    fAcc:  0.500      Maxd:  0.82795    E*/N:  -2.36801   P*:     0.09282    P*cold: -0.26718   Mu*_xs: -2.09374   Cv*/N_xs:  2.07052         E(kJ/mol): -2.362     P(bar):    0.055     
Step:  3799999    NAcc:  1900000    fAcc:  0.500      Maxd:  0.36992    E*/N:  -2.46421   P*:     0.09259    P*cold: -0.26741   Mu*_xs: -2.09283   Cv*/N_xs:  2.07900         E(kJ/mol): -2.458     P(bar):    -0.015    
Step:  3819999    NAcc:  1909999    fAcc:  0.500      Maxd:  0.39690    E*/N:  -2.44171   P*:     0.09256    P*cold: -0.26744   Mu*_xs: -2.09225   Cv*/N_xs:  2.12992         E(kJ/mol): -2.435     P(bar):    0.064     
Step:  3839999    NAcc:  1919999    fAcc:  0.500      Maxd:  1.00636    E*/N:  -2.40371   P*:     0.09240    P*cold: -0.26760   Mu*_xs: -2.09263   Cv*/N_xs:  2.14482         E(kJ/mol): -2.397     P(bar):    0.057     
Step:  3859999    NAcc:  1930000    fAcc:  0.500      Maxd:  8.34022    E*/N:  -2.37317   P*:     0.09249    P*cold: -0.26751   Mu*_xs: -2.09206   Cv*/N_xs:  2.16173         E(kJ/mol): -2.367     P(bar):    0.118     
Step:  3879999    NAcc:  1940001    fAcc:  0.500      Maxd:  1.85653    E*/N:  -2.42545   P*:     0.09221    P*cold: -0.26779   Mu*_xs: -2.09320   Cv*/N_xs:  2.18919         E(kJ/mol): -2.419     P(bar):    0.039     
Step:  3899999    NAcc:  1950000    fAcc:  0.500      Maxd:  1.89224    E*/N:  -2.42346   P*:     0.09216    P*cold: -0.26784   Mu*_xs: -2.09232   Cv*/N_xs:  2.22655         E(kJ/mol): -2.417     P(bar):    0.129     
Step:  3919999    NAcc:  1959999    fAcc:  0.500      Maxd:  0.34829    E*/N:  -2.38825   P*:     0.09220    P*cold: -0.26780   Mu*_xs: -2.09153   Cv*/N_xs:  2.25655         E(kJ/mol): -2.382     P(bar):    0.141     
Step:  3939999    NAcc:  1970002    fAcc:  0.500      Maxd:  1.64262    E*/N:  -2.32479   P*:     0.09210    P*cold: -0.26790   Mu*_xs: -2.09212   Cv*/N_xs:  2.27508         E(kJ/mol): -2.319     P(bar):    0.082     
Step:  3959999    NAcc:  1980000    fAcc:  0.500      Maxd:  0.36574    E*/N:  -2.35925   P*:     0.09204    P*cold: -0.26796   Mu*_xs: -2.09294   Cv*/N_xs:  2.28882         E(kJ/mol): -2.353     P(bar):    0.139     
Step:  3979999    NAcc:  1990000    fAcc:  0.500      Maxd:  0.48770    E*/N:  -2.36515   P*:     0.09186    P*cold: -0.26814   Mu*_xs: -2.09282   Cv*/N_xs:  2.28183         E(kJ/mol): -2.359     P(bar):    0.112     
Step:  3999999    NAcc:  2000004    fAcc:  0.500      Maxd:  3.54648    E*/N:  -2.36348   P*:     0.09213    P*cold: -0.26787   Mu*_xs: -2.09282   Cv*/N_xs:  2.27732         E(kJ/mol): -2.357     P(bar):    0.098     
Step:  4019999    NAcc:  2010002    fAcc:  0.500      Maxd:  1.44794    E*/N:  -2.35715   P*:     0.09236    P*cold: -0.26764   Mu*_xs: -2.09201   Cv*/N_xs:  2.26673         E(kJ/mol): -2.351     P(bar):    0.081     
Step:  4039999    NAcc:  2020000    fAcc:  0.500      Maxd:  4.02576    E*/N:  -2.26506   P*:     0.09243    P*cold: -0.26757   Mu*_xs: -2.09192   Cv*/N_xs:  2.24947         E(kJ/mol): -2.259     P(bar):    0.115     
Step:  4059999    NAcc:  2030001    fAcc:  0.500      Maxd:  1.31852    E*/N:  -2.29453   P*:     0.09222    P*cold: -0.26778   Mu*_xs: -2.09252   Cv*/N_xs:  2.23626         E(kJ/mol): -2.289     P(bar):    0.010     
Step:  4079999    NAcc:  2040002    fAcc:  0.500      Maxd:  1.62971    E*/N:  -2.37647   P*:     0.09249    P*cold: -0.26751   Mu*_xs: -2.09241   Cv*/N_xs:  2.22245         E(kJ/mol): -2.370     P(bar):    0.066     
Step:  4099999    NAcc:  2049998    fAcc:  0.500      Maxd:  2.34037    E*/N:  -2.32725   P*:     0.09267    P*cold: -0.26733   Mu*_xs: -2.09102   Cv*/N_xs:  2.22436         E(kJ/mol): -2.321     P(bar):    0.104     
Step:  4119999    NAcc:  2059998    fAcc:  0.500      Maxd:  0.32290    E*/N:  -2.46909   P*:     0.09280    P*cold: -0.26720   Mu*_xs: -2.09080   Cv*/N_xs:  2.24746         E(kJ/mol): -2.463     P(bar):    0.135     
Step:  4139999    NAcc:  2070001    fAcc:  0.500      Maxd:  2.31017    E*/N:  -2.42977   P*:     0.09278    P*cold: -0.26722   Mu*_xs: -2.09029   Cv*/N_xs:  2.29321         E(kJ/mol): -2.423     P(bar):    0.079     
Step:  4159999    NAcc:  2079998    fAcc:  0.500      Maxd:  0.38876    E*/N:  -2.46038   P*:     0.09293    P*cold: -0.26707   Mu*_xs: -2.08962   Cv*/N_xs:  2.33171         E(kJ/mol): -2.454     P(bar):    0.048     
Step:  4179999    NAcc:  2089997    fAcc:  0.500      Maxd:  2.01197    E*/N:  -2.57263   P*:     0.09310    P*cold: -0.26690   Mu*_xs: -2.08861   Cv*/N_xs:  2.40432         E(kJ/mol): -2.566     P(bar):    0.020     
Step:  4199999    NAcc:  2100000    fAcc:  0.500      Maxd:  0.67584    E*/N:  -2.39452   P*:     0.09341    P*cold: -0.26659   Mu*_xs: -2.08803   Cv*/N_xs:  2.49074         E(kJ/mol): -2.388     P(bar):    0.111     
Step:  4219999    NAcc:  2109995    fAcc:  0.500      Maxd:  0.38164    E*/N:  -2.41363   P*:     0.09376    P*cold: -0.26624   Mu*_xs: -2.08736   Cv*/N_xs:  2.49490         E(kJ/mol): -2.407     P(bar):    0.116     
Step:  4239999    NAcc:  2120002    fAcc:  0.500      Maxd:  1.38959    E*/N:  -2.38377   P*:     0.09358    P*cold: -0.26642   Mu*_xs: -2.08698   Cv*/N_xs:  2.50048         E(kJ/mol): -2.378     P(bar):    0.071     
Step:  4259999    NAcc:  2130000    fAcc:  0.500      Maxd:  0.35840    E*/N:  -2.42647   P*:     0.09366    P*cold: -0.26634   Mu*_xs: -2.08648   Cv*/N_xs:  2.52083         E(kJ/mol): -2.420     P(bar):    0.079     
Step:  4279999    NAcc:  2139999    fAcc:  0.500      Maxd:  1.70901    E*/N:  -2.43603   P*:     0.09417    P*cold: -0.26583   Mu*_xs: -2.08622   Cv*/N_xs:  2.53205         E(kJ/mol): -2.430     P(bar):    0.076     
Step:  4299999    NAcc:  2150001    fAcc:  0.500      Maxd:  0.52894    E*/N:  -2.44703   P*:     0.09423    P*cold: -0.26577   Mu*_xs: -2.08562   Cv*/N_xs:  2.55445         E(kJ/mol): -2.441     P(bar):    0.087     
Step:  4319999    NAcc:  2160000    fAcc:  0.500      Maxd:  0.36824    E*/N:  -2.40914   P*:     0.09412    P*cold: -0.26588   Mu*_xs: -2.08607   Cv*/N_xs:  2.57798         E(kJ/mol): -2.403     P(bar):    0.051     
Step:  4339999    NAcc:  2169998    fAcc:  0.500      Maxd:  1.49553    E*/N:  -2.37890   P*:     0.09423    P*cold: -0.26577   Mu*_xs: -2.08618   Cv*/N_xs:  2.57264         E(kJ/mol): -2.373     P(bar):    0.044     
Step:  4359999    NAcc:  2180000    fAcc:  0.500      Maxd:  0.37011    E*/N:  -2.34783   P*:     0.09431    P*cold: -0.26569   Mu*_xs: -2.08610   Cv*/N_xs:  2.56326         E(kJ/mol): -2.342     P(bar):    0.176     
Step:  4379999    NAcc:  2189999    fAcc:  0.500      Maxd:  0.38864    E*/N:  -2.38756   P*:     0.09449    P*cold: -0.26551   Mu*_xs: -2.08508   Cv*/N_xs:  2.56158         E(kJ/mol): -2.381     P(bar):    0.101     
Step:  4399999    NAcc:  2200000    fAcc:  0.500      Maxd:  1.99429    E*/N:  -2.47124   P*:     0.09437    P*cold: -0.26563   Mu*_xs: -2.08532   Cv*/N_xs:  2.57246         E(kJ/mol): -2.465     P(bar):    0.105     
Step:  4419999    NAcc:  2209998    fAcc:  0.500      Maxd:  0.32837    E*/N:  -2.45316   P*:     0.09465    P*cold: -0.26535   Mu*_xs: -2.08480   Cv*/N_xs:  2.62617         E(kJ/mol): -2.447     P(bar):    0.134     
Step:  4439999    NAcc:  2220001    fAcc:  0.500      Maxd:  4.15940    E*/N:  -2.46178   P*:     0.09482    P*cold: -0.26518   Mu*_xs: -2.08532   Cv*/N_xs:  2.67454         E(kJ/mol): -2.455     P(bar):    0.010     
Step:  4459999    NAcc:  2230000    fAcc:  0.500      Maxd:  3.12484    E*/N:  -2.41273   P*:     0.09487    P*cold: -0.26513   Mu*_xs: -2.08501   Cv*/N_xs:  2.69793         E(kJ/mol): -2.406     P(bar):    0.126     
Step:  4479999    NAcc:  2240002    fAcc:  0.500      Maxd:  2.38136    E*/N:  -2.44730   P*:     0.09481    P*cold: -0.26519   Mu*_xs: -2.08533   Cv*/N_xs:  2.70369         E(kJ/mol): -2.441     P(bar):    0.056     
Step:  4499999    NAcc:  2250001    fAcc:  0.500      Maxd:  1.13329    E*/N:  -2.45580   P*:     0.09491    P*cold: -0.26509   Mu*_xs: -2.08558   Cv*/N_xs:  2.72650         E(kJ/mol): -2.449     P(bar):    -0.024    
Step:  4519999    NAcc:  2260000    fAcc:  0.500      Maxd:  2.05124    E*/N:  -2.41185   P*:     0.09507    P*cold: -0.26493   Mu*_xs: -2.08520   Cv*/N_xs:  2.72110         E(kJ/mol): -2.406     P(bar):    0.026     
Step:  4539999    NAcc:  2269999    fAcc:  0.500      Maxd:  0.86801    E*/N:  -2.38067   P*:     0.09526    P*cold: -0.26474   Mu*_xs: -2.08504   Cv*/N_xs:  2.70954         E(kJ/mol): -2.374     P(bar):    0.069     
Step:  4559999    NAcc:  2280000    fAcc:  0.500      Maxd:  1.56283    E*/N:  -2.41712   P*:     0.09534    P*cold: -0.26466   Mu*_xs: -2.08500   Cv*/N_xs:  2.70701         E(kJ/mol): -2.411     P(bar):    0.031     
Step:  4579999    NAcc:  2290002    fAcc:  0.500      Maxd:  1.54148    E*/N:  -2.37654   P*:     0.09546    P*cold: -0.26454   Mu*_xs: -2.08544   Cv*/N_xs:  2.69421         E(kJ/mol): -2.370     P(bar):    0.080     
Step:  4599999    NAcc:  2300000    fAcc:  0.500      Maxd:  0.33878    E*/N:  -2.34985   P*:     0.09537    P*cold: -0.26463   Mu*_xs: -2.08550   Cv*/N_xs:  2.68106         E(kJ/mol): -2.344     P(bar):    0.111     
Step:  4619999    NAcc:  2309998    fAcc:  0.500      Maxd:  0.89254    E*/N:  -2.34142   P*:     0.09554    P*cold: -0.26446   Mu*_xs: -2.08575   Cv*/N_xs:  2.66376         E(kJ/mol): -2.335     P(bar):    0.125     
Step:  4639999    NAcc:  2320000    fAcc:  0.500      Maxd:  0.91244    E*/N:  -2.35302   P*:     0.09539    P*cold: -0.26461   Mu*_xs: -2.08500   Cv*/N_xs:  2.65644         E(kJ/mol): -2.347     P(bar):    0.082     
Step:  4659999    NAcc:  2329998    fAcc:  0.500      Maxd:  0.90517    E*/N:  -2.32566   P*:     0.09547    P*cold: -0.26453   Mu*_xs: -2.08473   Cv*/N_xs:  2.64429         E(kJ/mol): -2.320     P(bar):    0.078     
Step:  4679999    NAcc:  2339999    fAcc:  0.500      Maxd:  0.35203    E*/N:  -2.38499   P*:     0.09567    P*cold: -0.26433   Mu*_xs: -2.08483   Cv*/N_xs:  2.63138         E(kJ/mol): -2.379     P(bar):    0.101     
Step:  4699999    NAcc:  2349999    fAcc:  0.500      Maxd:  0.37059    E*/N:  -2.39087   P*:     0.09571    P*cold: -0.26429   Mu*_xs: -2.08555   Cv*/N_xs:  2.62657         E(kJ/mol): -2.385     P(bar):    0.052     
Step:  4719999    NAcc:  2360002    fAcc:  0.500      Maxd:  2.34457    E*/N:  -2.41203   P*:     0.09556    P*cold: -0.26444   Mu*_xs: -2.08552   Cv*/N_xs:  2.61604         E(kJ/mol): -2.406     P(bar):    0.032     
Step:  4739999    NAcc:  2369999    fAcc:  0.500      Maxd:  1.81061    E*/N:  -2.29419   P*:     0.09584    P*cold: -0.26416   Mu*_xs: -2.08591   Cv*/N_xs:  2.60066         E(kJ/mol): -2.288     P(bar):    0.152     
Step:  4759999    NAcc:  2379995    fAcc:  0.500      Maxd:  0.36153    E*/N:  -2.37089   P*:     0.09587    P*cold: -0.26413   Mu*_xs: -2.08591   Cv*/N_xs:  2.58499         E(kJ/mol): -2.365     P(bar):    0.061     
Step:  4779999    NAcc:  2390000    fAcc:  0.500      Maxd:  0.35083    E*/N:  -2.38197   P*:     0.09579    P*cold: -0.26421   Mu*_xs: -2.08569   Cv*/N_xs:  2.57033         E(kJ/mol): -2.376     P(bar):    0.134     
Step:  4799999    NAcc:  2400000    fAcc:  0.500      Maxd:  0.80014    E*/N:  -2.38488   P*:     0.09561    P*cold: -0.26439   Mu*_xs: -2.08597   Cv*/N_xs:  2.55994         E(kJ/mol): -2.379     P(bar):    0.068     
Step:  4819999    NAcc:  2410000    fAcc:  0.500      Maxd:  0.39984    E*/N:  -2.39008   P*:     0.09575    P*cold: -0.26425   Mu*_xs: -2.08540   Cv*/N_xs:  2.55620         E(kJ/mol): -2.384     P(bar):    0.129     
Step:  4839999    NAcc:  2419999    fAcc:  0.500      Maxd:  0.32956    E*/N:  -2.40015   P*:     0.09604    P*cold: -0.26396   Mu*_xs: -2.08500   Cv*/N_xs:  2.54764         E(kJ/mol): -2.394     P(bar):    0.058     
Step:  4859999    NAcc:  2430000    fAcc:  0.500      Maxd:  2.02936    E*/N:  -2.44945   P*:     0.09588    P*cold: -0.26412   Mu*_xs: -2.08447   Cv*/N_xs:  2.54314         E(kJ/mol): -2.443     P(bar):    0.047     
Step:  4879999    NAcc:  2439999    fAcc:  0.500      Maxd:  2.10761    E*/N:  -2.32412   P*:     0.09611    P*cold: -0.26389   Mu*_xs: -2.08427   Cv*/N_xs:  2.53112         E(kJ/mol): -2.318     P(bar):    0.097     
Step:  4899999    NAcc:  2450000    fAcc:  0.500      Maxd:  0.43021    E*/N:  -2.33168   P*:     0.09630    P*cold: -0.26370   Mu*_xs: -2.08400   Cv*/N_xs:  2.52139         E(kJ/mol): -2.326     P(bar):    0.067     
Step:  4919999    NAcc:  2460000    fAcc:  0.500      Maxd:  0.37029    E*/N:  -2.37402   P*:     0.09634    P*cold: -0.26366   Mu*_xs: -2.08430   Cv*/N_xs:  2.51102         E(kJ/mol): -2.368     P(bar):    0.080     
Step:  4939999    NAcc:  2470002    fAcc:  0.500      Maxd:  2.61886    E*/N:  -2.31513   P*:     0.09627    P*cold: -0.26373   Mu*_xs: -2.08405   Cv*/N_xs:  2.50132         E(kJ/mol): -2.309     P(bar):    0.136     
Step:  4959999    NAcc:  2480000    fAcc:  0.500      Maxd:  0.33660    E*/N:  -2.35520   P*:     0.09658    P*cold: -0.26342   Mu*_xs: -2.08400   Cv*/N_xs:  2.49270         E(kJ/mol): -2.349     P(bar):    0.146     
Step:  4979999    NAcc:  2489998    fAcc:  0.500      Maxd:  0.76346    E*/N:  -2.40322   P*:     0.09654    P*cold: -0.26346   Mu*_xs: -2.08455   Cv*/N_xs:  2.49165         E(kJ/mol): -2.397     P(bar):    -0.011    
Step:  4999999    NAcc:  2499999    fAcc:  0.500      Maxd:  0.33468    E*/N:  -2.32941   P*:     0.09633    P*cold: -0.26367   Mu*_xs: -2.08391   Cv*/N_xs:  2.47978         E(kJ/mol): -2.323     P(bar):    0.060     
# Computed average properties: 
 # E*/N:  -2.33638  
 # P*:     0.09633   
 # Cv*/N_xs:   2.47978        
 # Mu*_xs:  -2.08391  
