# Number of atoms:       500
# Atom type:             Ar
# Molar Mass (g/mol):    39.948
# Density (g/cm^3):      1.18184
# LJ sigma (Angstrom):   3.4
# LJ epsilon/kB (K):     120
# LJ cutoff (Angstrom):  13.6
# LJ cutoff (sigma):     4
# Temperature (K):       144
# Number MC steps:       5e+06
# Output frequency:      20000
# Num. den. (atoms/Ang): 0.0178099
# Box length (x):        30.3927
# Box length (y):        30.3927
# Box length (z):        30.3927
# Init. spacing (Ang):   3.37697
# reduc. density (rho*): 0.7
# reduc. temp (T*):      1.2
Step:  19999      NAcc:  8877       fAcc:  0.444      Maxd:  0.27375    E*/N:  -4.02260   P*:     nan        P*cold: nan        Mu*_xs: -0.00000   Cv*/N_xs:  0.00000         E(kJ/mol): -4.012     P(bar):    4.479     
Step:  39999      NAcc:  20000      fAcc:  0.500      Maxd:  0.28359    E*/N:  -4.69392   P*:     nan        P*cold: nan        Mu*_xs: -0.00000   Cv*/N_xs:  0.00000         E(kJ/mol): -4.682     P(bar):    1.650     
Step:  59999      NAcc:  29998      fAcc:  0.500      Maxd:  0.28782    E*/N:  -4.72349   P*:     nan        P*cold: nan        Mu*_xs: -0.00000   Cv*/N_xs:  0.00000         E(kJ/mol): -4.711     P(bar):    1.331     
Step:  79999      NAcc:  40001      fAcc:  0.500      Maxd:  0.74641    E*/N:  -4.70771   P*:     nan        P*cold: nan        Mu*_xs: -0.00000   Cv*/N_xs:  0.00000         E(kJ/mol): -4.695     P(bar):    1.049     
Step:  99999      NAcc:  50001      fAcc:  0.500      Maxd:  3.13165    E*/N:  -4.68935   P*:     nan        P*cold: nan        Mu*_xs: -0.00000   Cv*/N_xs:  0.00000         E(kJ/mol): -4.677     P(bar):    0.926     
Step:  119999     NAcc:  59998      fAcc:  0.500      Maxd:  0.25497    E*/N:  -4.72859   P*:     nan        P*cold: nan        Mu*_xs: -0.00000   Cv*/N_xs:  0.00000         E(kJ/mol): -4.716     P(bar):    0.770     
Step:  139999     NAcc:  70001      fAcc:  0.500      Maxd:  0.47225    E*/N:  -4.72284   P*:     nan        P*cold: nan        Mu*_xs: -0.00000   Cv*/N_xs:  0.00000         E(kJ/mol): -4.710     P(bar):    0.661     
Step:  159999     NAcc:  80003      fAcc:  0.500      Maxd:  0.76980    E*/N:  -4.66430   P*:     nan        P*cold: nan        Mu*_xs: -0.00000   Cv*/N_xs:  0.00000         E(kJ/mol): -4.652     P(bar):    0.985     
Step:  179999     NAcc:  89999      fAcc:  0.500      Maxd:  0.66390    E*/N:  -4.62938   P*:     nan        P*cold: nan        Mu*_xs: -0.00000   Cv*/N_xs:  0.00000         E(kJ/mol): -4.617     P(bar):    0.891     
Step:  199999     NAcc:  99999      fAcc:  0.500      Maxd:  0.26621    E*/N:  -4.62687   P*:     nan        P*cold: nan        Mu*_xs: -0.00000   Cv*/N_xs:  0.00000         E(kJ/mol): -4.615     P(bar):    0.922     
Step:  219999     NAcc:  110000     fAcc:  0.500      Maxd:  0.60350    E*/N:  -4.65291   P*:     nan        P*cold: nan        Mu*_xs: -0.00000   Cv*/N_xs:  0.00000         E(kJ/mol): -4.641     P(bar):    0.939     
Step:  239999     NAcc:  120000     fAcc:  0.500      Maxd:  0.34224    E*/N:  -4.72169   P*:     nan        P*cold: nan        Mu*_xs: -0.00000   Cv*/N_xs:  0.00000         E(kJ/mol): -4.709     P(bar):    0.663     
Step:  259999     NAcc:  130002     fAcc:  0.500      Maxd:  1.22110    E*/N:  -4.69348   P*:     nan        P*cold: nan        Mu*_xs: -0.00000   Cv*/N_xs:  0.00000         E(kJ/mol): -4.681     P(bar):    0.649     
Step:  279999     NAcc:  140000     fAcc:  0.500      Maxd:  0.28592    E*/N:  -4.69865   P*:     nan        P*cold: nan        Mu*_xs: -0.00000   Cv*/N_xs:  0.00000         E(kJ/mol): -4.686     P(bar):    0.583     
Step:  299999     NAcc:  150000     fAcc:  0.500      Maxd:  0.27927    E*/N:  -4.70983   P*:     nan        P*cold: nan        Mu*_xs: -0.00000   Cv*/N_xs:  0.00000         E(kJ/mol): -4.697     P(bar):    0.517     
Step:  319999     NAcc:  159998     fAcc:  0.500      Maxd:  0.46503    E*/N:  -4.64852   P*:     nan        P*cold: nan        Mu*_xs: -0.00000   Cv*/N_xs:  0.00000         E(kJ/mol): -4.636     P(bar):    0.792     
Step:  339999     NAcc:  170000     fAcc:  0.500      Maxd:  0.26797    E*/N:  -4.67018   P*:     nan        P*cold: nan        Mu*_xs: -0.00000   Cv*/N_xs:  0.00000         E(kJ/mol): -4.658     P(bar):    0.686     
Step:  359999     NAcc:  179999     fAcc:  0.500      Maxd:  0.31330    E*/N:  -4.64451   P*:     nan        P*cold: nan        Mu*_xs: -0.00000   Cv*/N_xs:  0.00000         E(kJ/mol): -4.632     P(bar):    0.761     
Step:  379999     NAcc:  190001     fAcc:  0.500      Maxd:  0.40389    E*/N:  -4.64073   P*:     nan        P*cold: nan        Mu*_xs: -0.00000   Cv*/N_xs:  0.00000         E(kJ/mol): -4.629     P(bar):    0.757     
Step:  399999     NAcc:  199998     fAcc:  0.500      Maxd:  0.26518    E*/N:  -4.64315   P*:     nan        P*cold: nan        Mu*_xs: -0.00000   Cv*/N_xs:  0.00000         E(kJ/mol): -4.631     P(bar):    0.850     
Step:  419999     NAcc:  210002     fAcc:  0.500      Maxd:  0.50855    E*/N:  -4.72820   P*:     nan        P*cold: nan        Mu*_xs: -0.00000   Cv*/N_xs:  0.00000         E(kJ/mol): -4.716     P(bar):    0.478     
Step:  439999     NAcc:  219999     fAcc:  0.500      Maxd:  0.25986    E*/N:  -4.69223   P*:     nan        P*cold: nan        Mu*_xs: -0.00000   Cv*/N_xs:  0.00000         E(kJ/mol): -4.680     P(bar):    0.522     
Step:  459999     NAcc:  230000     fAcc:  0.500      Maxd:  2.04530    E*/N:  -4.65654   P*:     nan        P*cold: nan        Mu*_xs: -0.00000   Cv*/N_xs:  0.00000         E(kJ/mol): -4.644     P(bar):    0.655     
Step:  479999     NAcc:  239999     fAcc:  0.500      Maxd:  0.27090    E*/N:  -4.63080   P*:     nan        P*cold: nan        Mu*_xs: -0.00000   Cv*/N_xs:  0.00000         E(kJ/mol): -4.619     P(bar):    0.656     
Step:  499999     NAcc:  249999     fAcc:  0.500      Maxd:  0.27945    E*/N:  -4.62710   P*:     nan        P*cold: nan        Mu*_xs: -0.00000   Cv*/N_xs:  0.00000         E(kJ/mol): -4.615     P(bar):    0.838     
Step:  519999     NAcc:  259999     fAcc:  0.500      Maxd:  0.27309    E*/N:  -4.62596   P*:     nan        P*cold: nan        Mu*_xs: -0.00000   Cv*/N_xs:  0.00000         E(kJ/mol): -4.614     P(bar):    0.795     
Step:  539999     NAcc:  270000     fAcc:  0.500      Maxd:  0.52912    E*/N:  -4.68850   P*:     nan        P*cold: nan        Mu*_xs: -0.00000   Cv*/N_xs:  0.00000         E(kJ/mol): -4.676     P(bar):    0.560     
Step:  559999     NAcc:  280001     fAcc:  0.500      Maxd:  0.43025    E*/N:  -4.66310   P*:     nan        P*cold: nan        Mu*_xs: -0.00000   Cv*/N_xs:  0.00000         E(kJ/mol): -4.651     P(bar):    0.569     
Step:  579999     NAcc:  289999     fAcc:  0.500      Maxd:  0.29916    E*/N:  -4.63825   P*:     nan        P*cold: nan        Mu*_xs: -0.00000   Cv*/N_xs:  0.00000         E(kJ/mol): -4.626     P(bar):    0.738     
Step:  599999     NAcc:  299999     fAcc:  0.500      Maxd:  0.30097    E*/N:  -4.64983   P*:     nan        P*cold: nan        Mu*_xs: -0.00000   Cv*/N_xs:  0.00000         E(kJ/mol): -4.638     P(bar):    0.671     
Step:  619999     NAcc:  309999     fAcc:  0.500      Maxd:  0.28778    E*/N:  -4.74087   P*:     nan        P*cold: nan        Mu*_xs: -0.00000   Cv*/N_xs:  0.00000         E(kJ/mol): -4.728     P(bar):    0.539     
Step:  639999     NAcc:  320000     fAcc:  0.500      Maxd:  0.28981    E*/N:  -4.66461   P*:     nan        P*cold: nan        Mu*_xs: -0.00000   Cv*/N_xs:  0.00000         E(kJ/mol): -4.652     P(bar):    0.655     
Step:  659999     NAcc:  330000     fAcc:  0.500      Maxd:  1.06826    E*/N:  -4.61268   P*:     nan        P*cold: nan        Mu*_xs: -0.00000   Cv*/N_xs:  0.00000         E(kJ/mol): -4.601     P(bar):    0.912     
Step:  679999     NAcc:  340000     fAcc:  0.500      Maxd:  0.41838    E*/N:  -4.66253   P*:     nan        P*cold: nan        Mu*_xs: -0.00000   Cv*/N_xs:  0.00000         E(kJ/mol): -4.650     P(bar):    0.780     
Step:  699999     NAcc:  350001     fAcc:  0.500      Maxd:  2.44984    E*/N:  -4.64282   P*:     nan        P*cold: nan        Mu*_xs: -0.00000   Cv*/N_xs:  0.00000         E(kJ/mol): -4.631     P(bar):    0.728     
Step:  719999     NAcc:  360002     fAcc:  0.500      Maxd:  1.53605    E*/N:  -4.64984   P*:     nan        P*cold: nan        Mu*_xs: -0.00000   Cv*/N_xs:  0.00000         E(kJ/mol): -4.638     P(bar):    0.735     
Step:  739999     NAcc:  370000     fAcc:  0.500      Maxd:  0.76414    E*/N:  -4.60749   P*:     nan        P*cold: nan        Mu*_xs: -0.00000   Cv*/N_xs:  0.00000         E(kJ/mol): -4.595     P(bar):    1.022     
Step:  759999     NAcc:  379996     fAcc:  0.500      Maxd:  0.25553    E*/N:  -4.66249   P*:     nan        P*cold: nan        Mu*_xs: -0.00000   Cv*/N_xs:  0.00000         E(kJ/mol): -4.650     P(bar):    0.725     
Step:  779999     NAcc:  389998     fAcc:  0.500      Maxd:  0.25298    E*/N:  -4.68185   P*:     nan        P*cold: nan        Mu*_xs: -0.00000   Cv*/N_xs:  0.00000         E(kJ/mol): -4.670     P(bar):    0.748     
Step:  799999     NAcc:  399999     fAcc:  0.500      Maxd:  0.27245    E*/N:  -4.57859   P*:     nan        P*cold: nan        Mu*_xs: -0.00000   Cv*/N_xs:  0.00000         E(kJ/mol): -4.567     P(bar):    0.942     
Step:  819999     NAcc:  410001     fAcc:  0.500      Maxd:  0.51549    E*/N:  -4.68539   P*:     nan        P*cold: nan        Mu*_xs: -0.00000   Cv*/N_xs:  0.00000         E(kJ/mol): -4.673     P(bar):    0.563     
Step:  839999     NAcc:  420001     fAcc:  0.500      Maxd:  0.56895    E*/N:  -4.76561   P*:     nan        P*cold: nan        Mu*_xs: -0.00000   Cv*/N_xs:  0.00000         E(kJ/mol): -4.753     P(bar):    0.292     
Step:  859999     NAcc:  430000     fAcc:  0.500      Maxd:  0.50099    E*/N:  -4.66634   P*:     nan        P*cold: nan        Mu*_xs: -0.00000   Cv*/N_xs:  0.00000         E(kJ/mol): -4.654     P(bar):    0.650     
Step:  879999     NAcc:  440001     fAcc:  0.500      Maxd:  0.38621    E*/N:  -4.71662   P*:     nan        P*cold: nan        Mu*_xs: -0.00000   Cv*/N_xs:  0.00000         E(kJ/mol): -4.704     P(bar):    0.617     
Step:  899999     NAcc:  449998     fAcc:  0.500      Maxd:  0.27515    E*/N:  -4.70353   P*:     nan        P*cold: nan        Mu*_xs: -0.00000   Cv*/N_xs:  0.00000         E(kJ/mol): -4.691     P(bar):    0.599     
Step:  919999     NAcc:  459999     fAcc:  0.500      Maxd:  0.29074    E*/N:  -4.61211   P*:     nan        P*cold: nan        Mu*_xs: -0.00000   Cv*/N_xs:  0.00000         E(kJ/mol): -4.600     P(bar):    0.849     
Step:  939999     NAcc:  470000     fAcc:  0.500      Maxd:  0.72636    E*/N:  -4.64721   P*:     nan        P*cold: nan        Mu*_xs: -0.00000   Cv*/N_xs:  0.00000         E(kJ/mol): -4.635     P(bar):    0.709     
Step:  959999     NAcc:  479999     fAcc:  0.500      Maxd:  0.94130    E*/N:  -4.67165   P*:     nan        P*cold: nan        Mu*_xs: -0.00000   Cv*/N_xs:  0.00000         E(kJ/mol): -4.659     P(bar):    0.744     
Step:  979999     NAcc:  490000     fAcc:  0.500      Maxd:  0.56915    E*/N:  -4.67299   P*:     nan        P*cold: nan        Mu*_xs: -0.00000   Cv*/N_xs:  0.00000         E(kJ/mol): -4.661     P(bar):    0.730     
Step:  999999     NAcc:  500001     fAcc:  0.500      Maxd:  0.36244    E*/N:  -4.62718   P*:     nan        P*cold: nan        Mu*_xs: -0.00000   Cv*/N_xs:  0.00000         E(kJ/mol): -4.615     P(bar):    0.857     
Step:  1019999    NAcc:  509997     fAcc:  0.500      Maxd:  0.26877    E*/N:  -4.70786   P*:     nan        P*cold: nan        Mu*_xs: -0.00000   Cv*/N_xs:  0.00000         E(kJ/mol): -4.696     P(bar):    0.559     
Step:  1039999    NAcc:  520000     fAcc:  0.500      Maxd:  0.26456    E*/N:  -4.60234   P*:     nan        P*cold: nan        Mu*_xs: -0.00000   Cv*/N_xs:  0.00000         E(kJ/mol): -4.590     P(bar):    0.947     
Step:  1059999    NAcc:  529999     fAcc:  0.500      Maxd:  0.27162    E*/N:  -4.65328   P*:     nan        P*cold: nan        Mu*_xs: -0.00000   Cv*/N_xs:  0.00000         E(kJ/mol): -4.641     P(bar):    0.854     
Step:  1079999    NAcc:  539999     fAcc:  0.500      Maxd:  0.28629    E*/N:  -4.70166   P*:     nan        P*cold: nan        Mu*_xs: -0.00000   Cv*/N_xs:  0.00000         E(kJ/mol): -4.689     P(bar):    0.560     
Step:  1099999    NAcc:  549999     fAcc:  0.500      Maxd:  0.27956    E*/N:  -4.64201   P*:     nan        P*cold: nan        Mu*_xs: -0.00000   Cv*/N_xs:  0.00000         E(kJ/mol): -4.630     P(bar):    0.782     
Step:  1119999    NAcc:  560001     fAcc:  0.500      Maxd:  0.52091    E*/N:  -4.66225   P*:     nan        P*cold: nan        Mu*_xs: -0.00000   Cv*/N_xs:  0.00000         E(kJ/mol): -4.650     P(bar):    0.823     
Step:  1139999    NAcc:  570002     fAcc:  0.500      Maxd:  0.74451    E*/N:  -4.65349   P*:     nan        P*cold: nan        Mu*_xs: -0.00000   Cv*/N_xs:  0.00000         E(kJ/mol): -4.641     P(bar):    0.757     
Step:  1159999    NAcc:  580000     fAcc:  0.500      Maxd:  0.29630    E*/N:  -4.61196   P*:     nan        P*cold: nan        Mu*_xs: -0.00000   Cv*/N_xs:  0.00000         E(kJ/mol): -4.600     P(bar):    0.805     
Step:  1179999    NAcc:  589999     fAcc:  0.500      Maxd:  0.31152    E*/N:  -4.61906   P*:     nan        P*cold: nan        Mu*_xs: -0.00000   Cv*/N_xs:  0.00000         E(kJ/mol): -4.607     P(bar):    0.754     
Step:  1199999    NAcc:  600000     fAcc:  0.500      Maxd:  0.57814    E*/N:  -4.66705   P*:     nan        P*cold: nan        Mu*_xs: -0.00000   Cv*/N_xs:  0.00000         E(kJ/mol): -4.655     P(bar):    0.706     
Step:  1219999    NAcc:  610000     fAcc:  0.500      Maxd:  1.14830    E*/N:  -4.70744   P*:     nan        P*cold: nan        Mu*_xs: -0.00000   Cv*/N_xs:  0.00000         E(kJ/mol): -4.695     P(bar):    0.447     
Step:  1239999    NAcc:  619999     fAcc:  0.500      Maxd:  0.25793    E*/N:  -4.57392   P*:     nan        P*cold: nan        Mu*_xs: -0.00000   Cv*/N_xs:  0.00000         E(kJ/mol): -4.562     P(bar):    0.904     
Step:  1259999    NAcc:  630000     fAcc:  0.500      Maxd:  0.27091    E*/N:  -4.70497   P*:     nan        P*cold: nan        Mu*_xs: -0.00000   Cv*/N_xs:  0.00000         E(kJ/mol): -4.693     P(bar):    0.531     
Step:  1279999    NAcc:  640001     fAcc:  0.500      Maxd:  0.38018    E*/N:  -4.67059   P*:     nan        P*cold: nan        Mu*_xs: -0.00000   Cv*/N_xs:  0.00000         E(kJ/mol): -4.658     P(bar):    0.747     
Step:  1299999    NAcc:  649999     fAcc:  0.500      Maxd:  0.29878    E*/N:  -4.59127   P*:     nan        P*cold: nan        Mu*_xs: -0.00000   Cv*/N_xs:  0.00000         E(kJ/mol): -4.579     P(bar):    0.951     
Step:  1319999    NAcc:  660001     fAcc:  0.500      Maxd:  0.59359    E*/N:  -4.71435   P*:     nan        P*cold: nan        Mu*_xs: -0.00000   Cv*/N_xs:  0.00000         E(kJ/mol): -4.702     P(bar):    0.381     
Step:  1339999    NAcc:  669999     fAcc:  0.500      Maxd:  0.27051    E*/N:  -4.66428   P*:     nan        P*cold: nan        Mu*_xs: -0.00000   Cv*/N_xs:  0.00000         E(kJ/mol): -4.652     P(bar):    0.716     
Step:  1359999    NAcc:  680001     fAcc:  0.500      Maxd:  0.57373    E*/N:  -4.65338   P*:     nan        P*cold: nan        Mu*_xs: -0.00000   Cv*/N_xs:  0.00000         E(kJ/mol): -4.641     P(bar):    0.713     
Step:  1379999    NAcc:  690000     fAcc:  0.500      Maxd:  0.27975    E*/N:  -4.59561   P*:     nan        P*cold: nan        Mu*_xs: -0.00000   Cv*/N_xs:  0.00000         E(kJ/mol): -4.584     P(bar):    0.907     
Step:  1399999    NAcc:  700000     fAcc:  0.500      Maxd:  0.28772    E*/N:  -4.58345   P*:     nan        P*cold: nan        Mu*_xs: -0.00000   Cv*/N_xs:  0.00000         E(kJ/mol): -4.571     P(bar):    0.929     
Step:  1419999    NAcc:  709995     fAcc:  0.500      Maxd:  0.30016    E*/N:  -4.66041   P*:     nan        P*cold: nan        Mu*_xs: -0.00000   Cv*/N_xs:  0.00000         E(kJ/mol): -4.648     P(bar):    0.723     
Step:  1439999    NAcc:  719999     fAcc:  0.500      Maxd:  0.34605    E*/N:  -4.55625   P*:     nan        P*cold: nan        Mu*_xs: -0.00000   Cv*/N_xs:  0.00000         E(kJ/mol): -4.544     P(bar):    0.956     
Step:  1459999    NAcc:  729999     fAcc:  0.500      Maxd:  0.78586    E*/N:  -4.58662   P*:     nan        P*cold: nan        Mu*_xs: -0.00000   Cv*/N_xs:  0.00000         E(kJ/mol): -4.575     P(bar):    0.913     
Step:  1479999    NAcc:  740000     fAcc:  0.500      Maxd:  0.27450    E*/N:  -4.71177   P*:     nan        P*cold: nan        Mu*_xs: -0.00000   Cv*/N_xs:  0.00000         E(kJ/mol): -4.699     P(bar):    0.520     
Step:  1499999    NAcc:  749997     fAcc:  0.500      Maxd:  0.29078    E*/N:  -4.69103   P*:     nan        P*cold: nan        Mu*_xs: -0.00000   Cv*/N_xs:  0.00000         E(kJ/mol): -4.679     P(bar):    0.490     
Step:  1519999    NAcc:  759999     fAcc:  0.500      Maxd:  0.45560    E*/N:  -4.65563   P*:     nan        P*cold: nan        Mu*_xs: -0.00000   Cv*/N_xs:  0.00000         E(kJ/mol): -4.643     P(bar):    0.696     
Step:  1539999    NAcc:  770000     fAcc:  0.500      Maxd:  0.36375    E*/N:  -4.66056   P*:     nan        P*cold: nan        Mu*_xs: -0.00000   Cv*/N_xs:  0.00000         E(kJ/mol): -4.648     P(bar):    0.621     
Step:  1559999    NAcc:  780000     fAcc:  0.500      Maxd:  1.09629    E*/N:  -4.67088   P*:     nan        P*cold: nan        Mu*_xs: -0.00000   Cv*/N_xs:  0.00000         E(kJ/mol): -4.659     P(bar):    0.641     
Step:  1579999    NAcc:  790000     fAcc:  0.500      Maxd:  0.28985    E*/N:  -4.65081   P*:     nan        P*cold: nan        Mu*_xs: -0.00000   Cv*/N_xs:  0.00000         E(kJ/mol): -4.639     P(bar):    0.687     
Step:  1599999    NAcc:  799998     fAcc:  0.500      Maxd:  0.25734    E*/N:  -4.66829   P*:     nan        P*cold: nan        Mu*_xs: -0.00000   Cv*/N_xs:  0.00000         E(kJ/mol): -4.656     P(bar):    0.714     
Step:  1619999    NAcc:  810002     fAcc:  0.500      Maxd:  2.96530    E*/N:  -4.65892   P*:     nan        P*cold: nan        Mu*_xs: -0.00000   Cv*/N_xs:  0.00000         E(kJ/mol): -4.647     P(bar):    0.753     
Step:  1639999    NAcc:  820001     fAcc:  0.500      Maxd:  0.50617    E*/N:  -4.63971   P*:     nan        P*cold: nan        Mu*_xs: -0.00000   Cv*/N_xs:  0.00000         E(kJ/mol): -4.628     P(bar):    0.591     
Step:  1659999    NAcc:  829998     fAcc:  0.500      Maxd:  0.29154    E*/N:  -4.66728   P*:     nan        P*cold: nan        Mu*_xs: -0.00000   Cv*/N_xs:  0.00000         E(kJ/mol): -4.655     P(bar):    0.600     
Step:  1679999    NAcc:  839999     fAcc:  0.500      Maxd:  0.25263    E*/N:  -4.64551   P*:     nan        P*cold: nan        Mu*_xs: -0.00000   Cv*/N_xs:  0.00000         E(kJ/mol): -4.633     P(bar):    0.760     
Step:  1699999    NAcc:  849999     fAcc:  0.500      Maxd:  0.26349    E*/N:  -4.63926   P*:     nan        P*cold: nan        Mu*_xs: -0.00000   Cv*/N_xs:  0.00000         E(kJ/mol): -4.627     P(bar):    0.793     
Step:  1719999    NAcc:  860000     fAcc:  0.500      Maxd:  0.78995    E*/N:  -4.70891   P*:     nan        P*cold: nan        Mu*_xs: -0.00000   Cv*/N_xs:  0.00000         E(kJ/mol): -4.697     P(bar):    0.581     
Step:  1739999    NAcc:  869997     fAcc:  0.500      Maxd:  0.28186    E*/N:  -4.67594   P*:     nan        P*cold: nan        Mu*_xs: -0.00000   Cv*/N_xs:  0.00000         E(kJ/mol): -4.664     P(bar):    0.694     
Step:  1759999    NAcc:  880000     fAcc:  0.500      Maxd:  1.05866    E*/N:  -4.63953   P*:     nan        P*cold: nan        Mu*_xs: -0.00000   Cv*/N_xs:  0.00000         E(kJ/mol): -4.627     P(bar):    0.855     
Step:  1779999    NAcc:  889999     fAcc:  0.500      Maxd:  0.26978    E*/N:  -4.57500   P*:     nan        P*cold: nan        Mu*_xs: -0.00000   Cv*/N_xs:  0.00000         E(kJ/mol): -4.563     P(bar):    1.077     
Step:  1799999    NAcc:  900000     fAcc:  0.500      Maxd:  0.41629    E*/N:  -4.72583   P*:     nan        P*cold: nan        Mu*_xs: -0.00000   Cv*/N_xs:  0.00000         E(kJ/mol): -4.713     P(bar):    0.490     
Step:  1819999    NAcc:  910000     fAcc:  0.500      Maxd:  0.38791    E*/N:  -4.70025   P*:     nan        P*cold: nan        Mu*_xs: -0.00000   Cv*/N_xs:  0.00000         E(kJ/mol): -4.688     P(bar):    0.613     
Step:  1839999    NAcc:  919998     fAcc:  0.500      Maxd:  0.26253    E*/N:  -4.66206   P*:     nan        P*cold: nan        Mu*_xs: -0.00000   Cv*/N_xs:  0.00000         E(kJ/mol): -4.650     P(bar):    0.772     
Step:  1859999    NAcc:  929999     fAcc:  0.500      Maxd:  0.46191    E*/N:  -4.65079   P*:     nan        P*cold: nan        Mu*_xs: -0.00000   Cv*/N_xs:  0.00000         E(kJ/mol): -4.639     P(bar):    0.756     
Step:  1879999    NAcc:  940002     fAcc:  0.500      Maxd:  0.53802    E*/N:  -4.71612   P*:     nan        P*cold: nan        Mu*_xs: -0.00000   Cv*/N_xs:  0.00000         E(kJ/mol): -4.704     P(bar):    0.445     
Step:  1899999    NAcc:  950000     fAcc:  0.500      Maxd:  0.26738    E*/N:  -4.71128   P*:     nan        P*cold: nan        Mu*_xs: -0.00000   Cv*/N_xs:  0.00000         E(kJ/mol): -4.699     P(bar):    0.568     
Step:  1919999    NAcc:  960000     fAcc:  0.500      Maxd:  0.30079    E*/N:  -4.71631   P*:     nan        P*cold: nan        Mu*_xs: -0.00000   Cv*/N_xs:  0.00000         E(kJ/mol): -4.704     P(bar):    0.575     
Step:  1939999    NAcc:  970000     fAcc:  0.500      Maxd:  0.24544    E*/N:  -4.66881   P*:     nan        P*cold: nan        Mu*_xs: -0.00000   Cv*/N_xs:  0.00000         E(kJ/mol): -4.657     P(bar):    0.710     
Step:  1959999    NAcc:  980001     fAcc:  0.500      Maxd:  0.61813    E*/N:  -4.72865   P*:     nan        P*cold: nan        Mu*_xs: -0.00000   Cv*/N_xs:  0.00000         E(kJ/mol): -4.716     P(bar):    0.564     
Step:  1979999    NAcc:  989998     fAcc:  0.500      Maxd:  0.37393    E*/N:  -4.65298   P*:     nan        P*cold: nan        Mu*_xs: -0.00000   Cv*/N_xs:  0.00000         E(kJ/mol): -4.641     P(bar):    0.656     
Step:  1999999    NAcc:  999999     fAcc:  0.500      Maxd:  1.04382    E*/N:  -4.68048   P*:     nan        P*cold: nan        Mu*_xs: -0.00000   Cv*/N_xs:  0.00000         E(kJ/mol): -4.668     P(bar):    0.586     
Step:  2019999    NAcc:  1010000    fAcc:  0.500      Maxd:  0.29081    E*/N:  -4.63511   P*:     0.67797    P*cold: -0.16203   Mu*_xs: -1.71977   Cv*/N_xs:  1.44669         E(kJ/mol): -4.623     P(bar):    0.753     
Step:  2039999    NAcc:  1020000    fAcc:  0.500      Maxd:  0.54268    E*/N:  -4.72069   P*:     0.70120    P*cold: -0.13880   Mu*_xs: -2.00166   Cv*/N_xs:  1.10769         E(kJ/mol): -4.708     P(bar):    0.447     
Step:  2059999    NAcc:  1030000    fAcc:  0.500      Maxd:  0.31335    E*/N:  -4.66458   P*:     0.73247    P*cold: -0.10753   Mu*_xs: -1.94504   Cv*/N_xs:  1.02633         E(kJ/mol): -4.652     P(bar):    0.620     
Step:  2079999    NAcc:  1040002    fAcc:  0.500      Maxd:  0.51347    E*/N:  -4.66673   P*:     0.75917    P*cold: -0.08083   Mu*_xs: -2.04852   Cv*/N_xs:  0.86384         E(kJ/mol): -4.655     P(bar):    0.737     
Step:  2099999    NAcc:  1049999    fAcc:  0.500      Maxd:  0.34266    E*/N:  -4.70505   P*:     0.77674    P*cold: -0.06326   Mu*_xs: -2.15253   Cv*/N_xs:  0.84442         E(kJ/mol): -4.693     P(bar):    0.578     
Step:  2119999    NAcc:  1060000    fAcc:  0.500      Maxd:  0.25563    E*/N:  -4.68528   P*:     0.77113    P*cold: -0.06887   Mu*_xs: -2.16256   Cv*/N_xs:  0.76446         E(kJ/mol): -4.673     P(bar):    0.589     
Step:  2139999    NAcc:  1069999    fAcc:  0.500      Maxd:  0.36136    E*/N:  -4.64729   P*:     0.76676    P*cold: -0.07324   Mu*_xs: -2.18637   Cv*/N_xs:  0.73262         E(kJ/mol): -4.635     P(bar):    0.677     
Step:  2159999    NAcc:  1079996    fAcc:  0.500      Maxd:  0.26603    E*/N:  -4.60734   P*:     0.77736    P*cold: -0.06264   Mu*_xs: -2.15780   Cv*/N_xs:  0.69592         E(kJ/mol): -4.595     P(bar):    0.838     
Step:  2179999    NAcc:  1090002    fAcc:  0.500      Maxd:  0.85548    E*/N:  -4.67752   P*:     0.76978    P*cold: -0.07022   Mu*_xs: -2.15005   Cv*/N_xs:  0.70800         E(kJ/mol): -4.665     P(bar):    0.777     
Step:  2199999    NAcc:  1099999    fAcc:  0.500      Maxd:  0.28514    E*/N:  -4.73998   P*:     0.76343    P*cold: -0.07657   Mu*_xs: -2.19064   Cv*/N_xs:  0.74506         E(kJ/mol): -4.728     P(bar):    0.396     
Step:  2219999    NAcc:  1109998    fAcc:  0.500      Maxd:  0.41092    E*/N:  -4.61771   P*:     0.75828    P*cold: -0.08172   Mu*_xs: -2.17856   Cv*/N_xs:  0.72991         E(kJ/mol): -4.606     P(bar):    0.769     
Step:  2239999    NAcc:  1119999    fAcc:  0.500      Maxd:  0.24524    E*/N:  -4.69742   P*:     0.75644    P*cold: -0.08356   Mu*_xs: -2.16321   Cv*/N_xs:  0.72926         E(kJ/mol): -4.685     P(bar):    0.523     
Step:  2259999    NAcc:  1130000    fAcc:  0.500      Maxd:  0.28817    E*/N:  -4.73316   P*:     0.75268    P*cold: -0.08732   Mu*_xs: -2.15627   Cv*/N_xs:  0.70579         E(kJ/mol): -4.721     P(bar):    0.473     
Step:  2279999    NAcc:  1139999    fAcc:  0.500      Maxd:  0.24691    E*/N:  -4.68166   P*:     0.75140    P*cold: -0.08860   Mu*_xs: -2.12603   Cv*/N_xs:  0.72103         E(kJ/mol): -4.669     P(bar):    0.603     
Step:  2299999    NAcc:  1150000    fAcc:  0.500      Maxd:  3.56623    E*/N:  -4.70902   P*:     0.75942    P*cold: -0.08058   Mu*_xs: -2.11334   Cv*/N_xs:  0.75208         E(kJ/mol): -4.697     P(bar):    0.504     
Step:  2319999    NAcc:  1159997    fAcc:  0.500      Maxd:  0.25477    E*/N:  -4.60349   P*:     0.75296    P*cold: -0.08704   Mu*_xs: -2.11075   Cv*/N_xs:  0.78620         E(kJ/mol): -4.591     P(bar):    0.878     
Step:  2339999    NAcc:  1170000    fAcc:  0.500      Maxd:  0.28517    E*/N:  -4.68239   P*:     0.75221    P*cold: -0.08779   Mu*_xs: -2.12453   Cv*/N_xs:  0.76865         E(kJ/mol): -4.670     P(bar):    0.509     
Step:  2359999    NAcc:  1179999    fAcc:  0.500      Maxd:  0.30620    E*/N:  -4.68709   P*:     0.74578    P*cold: -0.09422   Mu*_xs: -2.10911   Cv*/N_xs:  0.76508         E(kJ/mol): -4.675     P(bar):    0.647     
Step:  2379999    NAcc:  1190000    fAcc:  0.500      Maxd:  0.27785    E*/N:  -4.69600   P*:     0.74600    P*cold: -0.09400   Mu*_xs: -2.11582   Cv*/N_xs:  0.75144         E(kJ/mol): -4.684     P(bar):    0.659     
Step:  2399999    NAcc:  1200001    fAcc:  0.500      Maxd:  1.13947    E*/N:  -4.68964   P*:     0.74421    P*cold: -0.09579   Mu*_xs: -2.12983   Cv*/N_xs:  0.72717         E(kJ/mol): -4.677     P(bar):    0.604     
Step:  2419999    NAcc:  1210002    fAcc:  0.500      Maxd:  1.47002    E*/N:  -4.60561   P*:     0.75460    P*cold: -0.08540   Mu*_xs: -2.14248   Cv*/N_xs:  0.74926         E(kJ/mol): -4.594     P(bar):    0.904     
Step:  2439999    NAcc:  1220001    fAcc:  0.500      Maxd:  0.43721    E*/N:  -4.64998   P*:     0.76074    P*cold: -0.07926   Mu*_xs: -2.13961   Cv*/N_xs:  0.74441         E(kJ/mol): -4.638     P(bar):    0.691     
Step:  2459999    NAcc:  1230002    fAcc:  0.500      Maxd:  1.38326    E*/N:  -4.67587   P*:     0.76261    P*cold: -0.07739   Mu*_xs: -2.13112   Cv*/N_xs:  0.74557         E(kJ/mol): -4.664     P(bar):    0.584     
Step:  2479999    NAcc:  1240000    fAcc:  0.500      Maxd:  0.24726    E*/N:  -4.69329   P*:     0.76471    P*cold: -0.07529   Mu*_xs: -2.13748   Cv*/N_xs:  0.73080         E(kJ/mol): -4.681     P(bar):    0.546     
Step:  2499999    NAcc:  1250001    fAcc:  0.500      Maxd:  0.42068    E*/N:  -4.70305   P*:     0.76303    P*cold: -0.07697   Mu*_xs: -2.14238   Cv*/N_xs:  0.72126         E(kJ/mol): -4.691     P(bar):    0.578     
Step:  2519999    NAcc:  1260001    fAcc:  0.500      Maxd:  0.62287    E*/N:  -4.67981   P*:     0.76052    P*cold: -0.07948   Mu*_xs: -2.12409   Cv*/N_xs:  0.71711         E(kJ/mol): -4.668     P(bar):    0.523     
Step:  2539999    NAcc:  1270001    fAcc:  0.500      Maxd:  0.53209    E*/N:  -4.69767   P*:     0.75255    P*cold: -0.08745   Mu*_xs: -2.13151   Cv*/N_xs:  0.74051         E(kJ/mol): -4.685     P(bar):    0.589     
Step:  2559999    NAcc:  1279998    fAcc:  0.500      Maxd:  0.26450    E*/N:  -4.69555   P*:     0.75076    P*cold: -0.08924   Mu*_xs: -2.14186   Cv*/N_xs:  0.72714         E(kJ/mol): -4.683     P(bar):    0.413     
Step:  2579999    NAcc:  1290001    fAcc:  0.500      Maxd:  0.40886    E*/N:  -4.69011   P*:     0.74709    P*cold: -0.09291   Mu*_xs: -2.13420   Cv*/N_xs:  0.72224         E(kJ/mol): -4.678     P(bar):    0.591     
Step:  2599999    NAcc:  1299998    fAcc:  0.500      Maxd:  0.28651    E*/N:  -4.59885   P*:     0.75167    P*cold: -0.08833   Mu*_xs: -2.14636   Cv*/N_xs:  0.75707         E(kJ/mol): -4.587     P(bar):    0.926     
Step:  2619999    NAcc:  1309998    fAcc:  0.500      Maxd:  0.26063    E*/N:  -4.66957   P*:     0.74989    P*cold: -0.09011   Mu*_xs: -2.15678   Cv*/N_xs:  0.76926         E(kJ/mol): -4.657     P(bar):    0.641     
Step:  2639999    NAcc:  1320000    fAcc:  0.500      Maxd:  0.30282    E*/N:  -4.65279   P*:     0.75079    P*cold: -0.08921   Mu*_xs: -2.15987   Cv*/N_xs:  0.77812         E(kJ/mol): -4.641     P(bar):    0.686     
Step:  2659999    NAcc:  1330000    fAcc:  0.500      Maxd:  2.34495    E*/N:  -4.65838   P*:     0.75138    P*cold: -0.08862   Mu*_xs: -2.17091   Cv*/N_xs:  0.76543         E(kJ/mol): -4.646     P(bar):    0.656     
Step:  2679999    NAcc:  1340000    fAcc:  0.500      Maxd:  0.60495    E*/N:  -4.61917   P*:     0.75555    P*cold: -0.08445   Mu*_xs: -2.16851   Cv*/N_xs:  0.77056         E(kJ/mol): -4.607     P(bar):    0.875     
Step:  2699999    NAcc:  1350000    fAcc:  0.500      Maxd:  0.81929    E*/N:  -4.63652   P*:     0.76393    P*cold: -0.07607   Mu*_xs: -2.17601   Cv*/N_xs:  0.78039         E(kJ/mol): -4.624     P(bar):    0.825     
Step:  2719999    NAcc:  1360001    fAcc:  0.500      Maxd:  0.52659    E*/N:  -4.67470   P*:     0.76843    P*cold: -0.07157   Mu*_xs: -2.19091   Cv*/N_xs:  0.80090         E(kJ/mol): -4.662     P(bar):    0.709     
Step:  2739999    NAcc:  1369999    fAcc:  0.500      Maxd:  0.59401    E*/N:  -4.61492   P*:     0.77066    P*cold: -0.06934   Mu*_xs: -2.19042   Cv*/N_xs:  0.79696         E(kJ/mol): -4.603     P(bar):    0.790     
Step:  2759999    NAcc:  1379998    fAcc:  0.500      Maxd:  0.29863    E*/N:  -4.68556   P*:     0.77370    P*cold: -0.06630   Mu*_xs: -2.18676   Cv*/N_xs:  0.80805         E(kJ/mol): -4.673     P(bar):    0.671     
Step:  2779999    NAcc:  1389998    fAcc:  0.500      Maxd:  0.27932    E*/N:  -4.65439   P*:     0.77379    P*cold: -0.06621   Mu*_xs: -2.18198   Cv*/N_xs:  0.79884         E(kJ/mol): -4.642     P(bar):    0.724     
Step:  2799999    NAcc:  1400000    fAcc:  0.500      Maxd:  1.41903    E*/N:  -4.67415   P*:     0.77562    P*cold: -0.06438   Mu*_xs: -2.17743   Cv*/N_xs:  0.79169         E(kJ/mol): -4.662     P(bar):    0.803     
Step:  2819999    NAcc:  1410000    fAcc:  0.500      Maxd:  0.26721    E*/N:  -4.61312   P*:     0.77655    P*cold: -0.06345   Mu*_xs: -2.17148   Cv*/N_xs:  0.78343         E(kJ/mol): -4.601     P(bar):    0.845     
Step:  2839999    NAcc:  1420001    fAcc:  0.500      Maxd:  2.40290    E*/N:  -4.69713   P*:     0.77277    P*cold: -0.06723   Mu*_xs: -2.16803   Cv*/N_xs:  0.78029         E(kJ/mol): -4.685     P(bar):    0.491     
Step:  2859999    NAcc:  1429999    fAcc:  0.500      Maxd:  0.27634    E*/N:  -4.69426   P*:     0.77121    P*cold: -0.06879   Mu*_xs: -2.16998   Cv*/N_xs:  0.77635         E(kJ/mol): -4.682     P(bar):    0.557     
Step:  2879999    NAcc:  1440000    fAcc:  0.500      Maxd:  1.25176    E*/N:  -4.66770   P*:     0.76968    P*cold: -0.07032   Mu*_xs: -2.16050   Cv*/N_xs:  0.77252         E(kJ/mol): -4.655     P(bar):    0.665     
Step:  2899999    NAcc:  1449999    fAcc:  0.500      Maxd:  0.24486    E*/N:  -4.68838   P*:     0.76961    P*cold: -0.07039   Mu*_xs: -2.15864   Cv*/N_xs:  0.76393         E(kJ/mol): -4.676     P(bar):    0.520     
Step:  2919999    NAcc:  1460000    fAcc:  0.500      Maxd:  0.28938    E*/N:  -4.70069   P*:     0.76743    P*cold: -0.07257   Mu*_xs: -2.15108   Cv*/N_xs:  0.75559         E(kJ/mol): -4.688     P(bar):    0.497     
Step:  2939999    NAcc:  1469996    fAcc:  0.500      Maxd:  0.27963    E*/N:  -4.66815   P*:     0.76614    P*cold: -0.07386   Mu*_xs: -2.14780   Cv*/N_xs:  0.75506         E(kJ/mol): -4.656     P(bar):    0.722     
Step:  2959999    NAcc:  1480001    fAcc:  0.500      Maxd:  0.39478    E*/N:  -4.65367   P*:     0.76697    P*cold: -0.07303   Mu*_xs: -2.14157   Cv*/N_xs:  0.75704         E(kJ/mol): -4.641     P(bar):    0.730     
Step:  2979999    NAcc:  1490001    fAcc:  0.500      Maxd:  1.06139    E*/N:  -4.68279   P*:     0.76810    P*cold: -0.07190   Mu*_xs: -2.14179   Cv*/N_xs:  0.75085         E(kJ/mol): -4.671     P(bar):    0.696     
Step:  2999999    NAcc:  1500000    fAcc:  0.500      Maxd:  0.27258    E*/N:  -4.63747   P*:     0.76854    P*cold: -0.07146   Mu*_xs: -2.14900   Cv*/N_xs:  0.75123         E(kJ/mol): -4.625     P(bar):    0.672     
Step:  3019999    NAcc:  1510000    fAcc:  0.500      Maxd:  0.25122    E*/N:  -4.71572   P*:     0.76495    P*cold: -0.07505   Mu*_xs: -2.15203   Cv*/N_xs:  0.75395         E(kJ/mol): -4.703     P(bar):    0.395     
Step:  3039999    NAcc:  1520000    fAcc:  0.500      Maxd:  0.25908    E*/N:  -4.66070   P*:     0.76424    P*cold: -0.07576   Mu*_xs: -2.14933   Cv*/N_xs:  0.75932         E(kJ/mol): -4.648     P(bar):    0.701     
Step:  3059999    NAcc:  1530001    fAcc:  0.500      Maxd:  0.35388    E*/N:  -4.67079   P*:     0.76447    P*cold: -0.07553   Mu*_xs: -2.14621   Cv*/N_xs:  0.75446         E(kJ/mol): -4.659     P(bar):    0.576     
Step:  3079999    NAcc:  1539998    fAcc:  0.500      Maxd:  0.28162    E*/N:  -4.67530   P*:     0.76241    P*cold: -0.07759   Mu*_xs: -2.15330   Cv*/N_xs:  0.76352         E(kJ/mol): -4.663     P(bar):    0.677     
Step:  3099999    NAcc:  1550002    fAcc:  0.500      Maxd:  0.76516    E*/N:  -4.68711   P*:     0.76079    P*cold: -0.07921   Mu*_xs: -2.14996   Cv*/N_xs:  0.75950         E(kJ/mol): -4.675     P(bar):    0.658     
Step:  3119999    NAcc:  1559999    fAcc:  0.500      Maxd:  0.30277    E*/N:  -4.63134   P*:     0.76130    P*cold: -0.07870   Mu*_xs: -2.15030   Cv*/N_xs:  0.75486         E(kJ/mol): -4.619     P(bar):    0.795     
Step:  3139999    NAcc:  1570001    fAcc:  0.500      Maxd:  1.81100    E*/N:  -4.66794   P*:     0.76187    P*cold: -0.07813   Mu*_xs: -2.14682   Cv*/N_xs:  0.74731         E(kJ/mol): -4.656     P(bar):    0.603     
Step:  3159999    NAcc:  1580000    fAcc:  0.500      Maxd:  0.27488    E*/N:  -4.72056   P*:     0.76103    P*cold: -0.07897   Mu*_xs: -2.14751   Cv*/N_xs:  0.74660         E(kJ/mol): -4.708     P(bar):    0.497     
Step:  3179999    NAcc:  1589999    fAcc:  0.500      Maxd:  0.27433    E*/N:  -4.72865   P*:     0.76114    P*cold: -0.07886   Mu*_xs: -2.14808   Cv*/N_xs:  0.74429         E(kJ/mol): -4.716     P(bar):    0.427     
Step:  3199999    NAcc:  1600000    fAcc:  0.500      Maxd:  0.29879    E*/N:  -4.64884   P*:     0.76088    P*cold: -0.07912   Mu*_xs: -2.14626   Cv*/N_xs:  0.74283         E(kJ/mol): -4.637     P(bar):    0.744     
Step:  3219999    NAcc:  1610000    fAcc:  0.500      Maxd:  0.28713    E*/N:  -4.68364   P*:     0.75897    P*cold: -0.08103   Mu*_xs: -2.14568   Cv*/N_xs:  0.73711         E(kJ/mol): -4.671     P(bar):    0.536     
Step:  3239999    NAcc:  1620000    fAcc:  0.500      Maxd:  2.50181    E*/N:  -4.61807   P*:     0.75872    P*cold: -0.08128   Mu*_xs: -2.15032   Cv*/N_xs:  0.72918         E(kJ/mol): -4.606     P(bar):    0.740     
Step:  3259999    NAcc:  1629998    fAcc:  0.500      Maxd:  0.40346    E*/N:  -4.72391   P*:     0.76047    P*cold: -0.07953   Mu*_xs: -2.14471   Cv*/N_xs:  0.72801         E(kJ/mol): -4.712     P(bar):    0.527     
Step:  3279999    NAcc:  1640001    fAcc:  0.500      Maxd:  0.74932    E*/N:  -4.67149   P*:     0.76110    P*cold: -0.07890   Mu*_xs: -2.14268   Cv*/N_xs:  0.72583         E(kJ/mol): -4.659     P(bar):    0.592     
Step:  3299999    NAcc:  1650001    fAcc:  0.500      Maxd:  1.04343    E*/N:  -4.68607   P*:     0.76205    P*cold: -0.07795   Mu*_xs: -2.14290   Cv*/N_xs:  0.73131         E(kJ/mol): -4.674     P(bar):    0.625     
Step:  3319999    NAcc:  1659999    fAcc:  0.500      Maxd:  0.27237    E*/N:  -4.65353   P*:     0.76367    P*cold: -0.07633   Mu*_xs: -2.14612   Cv*/N_xs:  0.72929         E(kJ/mol): -4.641     P(bar):    0.742     
Step:  3339999    NAcc:  1669999    fAcc:  0.500      Maxd:  0.25064    E*/N:  -4.54900   P*:     0.76707    P*cold: -0.07293   Mu*_xs: -2.14378   Cv*/N_xs:  0.74335         E(kJ/mol): -4.537     P(bar):    1.049     
Step:  3359999    NAcc:  1680000    fAcc:  0.500      Maxd:  1.11815    E*/N:  -4.57471   P*:     0.77235    P*cold: -0.06765   Mu*_xs: -2.14644   Cv*/N_xs:  0.77764         E(kJ/mol): -4.563     P(bar):    1.077     
Step:  3379999    NAcc:  1690000    fAcc:  0.500      Maxd:  1.23722    E*/N:  -4.70575   P*:     0.77215    P*cold: -0.06785   Mu*_xs: -2.14535   Cv*/N_xs:  0.77900         E(kJ/mol): -4.693     P(bar):    0.552     
Step:  3399999    NAcc:  1699999    fAcc:  0.500      Maxd:  0.76916    E*/N:  -4.69051   P*:     0.77366    P*cold: -0.06634   Mu*_xs: -2.14209   Cv*/N_xs:  0.77852         E(kJ/mol): -4.678     P(bar):    0.547     
Step:  3419999    NAcc:  1710000    fAcc:  0.500      Maxd:  0.27811    E*/N:  -4.63717   P*:     0.77392    P*cold: -0.06608   Mu*_xs: -2.13382   Cv*/N_xs:  0.77523         E(kJ/mol): -4.625     P(bar):    0.786     
Step:  3439999    NAcc:  1720001    fAcc:  0.500      Maxd:  0.55252    E*/N:  -4.64932   P*:     0.77489    P*cold: -0.06511   Mu*_xs: -2.12943   Cv*/N_xs:  0.77573         E(kJ/mol): -4.637     P(bar):    0.647     
Step:  3459999    NAcc:  1730002    fAcc:  0.500      Maxd:  1.73371    E*/N:  -4.69674   P*:     0.77415    P*cold: -0.06585   Mu*_xs: -2.12528   Cv*/N_xs:  0.76920         E(kJ/mol): -4.684     P(bar):    0.523     
Step:  3479999    NAcc:  1740001    fAcc:  0.500      Maxd:  1.27921    E*/N:  -4.65177   P*:     0.77299    P*cold: -0.06701   Mu*_xs: -2.12506   Cv*/N_xs:  0.76534         E(kJ/mol): -4.640     P(bar):    0.660     
Step:  3499999    NAcc:  1749999    fAcc:  0.500      Maxd:  0.24422    E*/N:  -4.66626   P*:     0.77369    P*cold: -0.06631   Mu*_xs: -2.11782   Cv*/N_xs:  0.76932         E(kJ/mol): -4.654     P(bar):    0.639     
Step:  3519999    NAcc:  1760000    fAcc:  0.500      Maxd:  0.28633    E*/N:  -4.67732   P*:     0.77501    P*cold: -0.06499   Mu*_xs: -2.11441   Cv*/N_xs:  0.77019         E(kJ/mol): -4.665     P(bar):    0.540     
Step:  3539999    NAcc:  1769999    fAcc:  0.500      Maxd:  0.30262    E*/N:  -4.66507   P*:     0.77425    P*cold: -0.06575   Mu*_xs: -2.11264   Cv*/N_xs:  0.76774         E(kJ/mol): -4.653     P(bar):    0.509     
Step:  3559999    NAcc:  1780001    fAcc:  0.500      Maxd:  0.53890    E*/N:  -4.66661   P*:     0.77285    P*cold: -0.06715   Mu*_xs: -2.10861   Cv*/N_xs:  0.76303         E(kJ/mol): -4.654     P(bar):    0.674     
Step:  3579999    NAcc:  1790001    fAcc:  0.500      Maxd:  1.73428    E*/N:  -4.65646   P*:     0.77263    P*cold: -0.06737   Mu*_xs: -2.11062   Cv*/N_xs:  0.75724         E(kJ/mol): -4.644     P(bar):    0.701     
Step:  3599999    NAcc:  1800000    fAcc:  0.500      Maxd:  0.26708    E*/N:  -4.63455   P*:     0.77449    P*cold: -0.06551   Mu*_xs: -2.11579   Cv*/N_xs:  0.75714         E(kJ/mol): -4.622     P(bar):    0.763     
Step:  3619999    NAcc:  1810000    fAcc:  0.500      Maxd:  0.26502    E*/N:  -4.67662   P*:     0.77400    P*cold: -0.06600   Mu*_xs: -2.11240   Cv*/N_xs:  0.75437         E(kJ/mol): -4.664     P(bar):    0.585     
Step:  3639999    NAcc:  1820000    fAcc:  0.500      Maxd:  0.51530    E*/N:  -4.66976   P*:     0.77277    P*cold: -0.06723   Mu*_xs: -2.11106   Cv*/N_xs:  0.75498         E(kJ/mol): -4.658     P(bar):    0.713     
Step:  3659999    NAcc:  1830000    fAcc:  0.500      Maxd:  0.85805    E*/N:  -4.68538   P*:     0.77121    P*cold: -0.06879   Mu*_xs: -2.10811   Cv*/N_xs:  0.75428         E(kJ/mol): -4.673     P(bar):    0.582     
Step:  3679999    NAcc:  1840002    fAcc:  0.500      Maxd:  1.18678    E*/N:  -4.69084   P*:     0.77051    P*cold: -0.06949   Mu*_xs: -2.10258   Cv*/N_xs:  0.75226         E(kJ/mol): -4.679     P(bar):    0.567     
Step:  3699999    NAcc:  1849999    fAcc:  0.500      Maxd:  0.25945    E*/N:  -4.69746   P*:     0.77239    P*cold: -0.06761   Mu*_xs: -2.09952   Cv*/N_xs:  0.75594         E(kJ/mol): -4.685     P(bar):    0.537     
Step:  3719999    NAcc:  1860000    fAcc:  0.500      Maxd:  0.48795    E*/N:  -4.74808   P*:     0.77144    P*cold: -0.06856   Mu*_xs: -2.10748   Cv*/N_xs:  0.75995         E(kJ/mol): -4.736     P(bar):    0.511     
Step:  3739999    NAcc:  1870001    fAcc:  0.500      Maxd:  0.40369    E*/N:  -4.71738   P*:     0.77331    P*cold: -0.06669   Mu*_xs: -2.10954   Cv*/N_xs:  0.75504         E(kJ/mol): -4.705     P(bar):    0.609     
Step:  3759999    NAcc:  1880000    fAcc:  0.500      Maxd:  0.49041    E*/N:  -4.66721   P*:     0.77450    P*cold: -0.06550   Mu*_xs: -2.10930   Cv*/N_xs:  0.75087         E(kJ/mol): -4.655     P(bar):    0.762     
Step:  3779999    NAcc:  1890001    fAcc:  0.500      Maxd:  0.38340    E*/N:  -4.71566   P*:     0.77530    P*cold: -0.06470   Mu*_xs: -2.10944   Cv*/N_xs:  0.74713         E(kJ/mol): -4.703     P(bar):    0.567     
Step:  3799999    NAcc:  1899998    fAcc:  0.500      Maxd:  0.25792    E*/N:  -4.71177   P*:     0.77366    P*cold: -0.06634   Mu*_xs: -2.10855   Cv*/N_xs:  0.75228         E(kJ/mol): -4.699     P(bar):    0.535     
Step:  3819999    NAcc:  1910000    fAcc:  0.500      Maxd:  0.28703    E*/N:  -4.69405   P*:     0.77362    P*cold: -0.06638   Mu*_xs: -2.10527   Cv*/N_xs:  0.74912         E(kJ/mol): -4.682     P(bar):    0.611     
Step:  3839999    NAcc:  1920000    fAcc:  0.500      Maxd:  0.25016    E*/N:  -4.66396   P*:     0.77474    P*cold: -0.06526   Mu*_xs: -2.10641   Cv*/N_xs:  0.74530         E(kJ/mol): -4.652     P(bar):    0.631     
Step:  3859999    NAcc:  1930000    fAcc:  0.500      Maxd:  0.50263    E*/N:  -4.65593   P*:     0.77457    P*cold: -0.06543   Mu*_xs: -2.11028   Cv*/N_xs:  0.74224         E(kJ/mol): -4.644     P(bar):    0.662     
Step:  3879999    NAcc:  1940000    fAcc:  0.500      Maxd:  0.28036    E*/N:  -4.62638   P*:     0.77402    P*cold: -0.06598   Mu*_xs: -2.10696   Cv*/N_xs:  0.74339         E(kJ/mol): -4.614     P(bar):    0.888     
Step:  3899999    NAcc:  1949997    fAcc:  0.500      Maxd:  0.25929    E*/N:  -4.65991   P*:     0.77418    P*cold: -0.06582   Mu*_xs: -2.10527   Cv*/N_xs:  0.73978         E(kJ/mol): -4.648     P(bar):    0.663     
Step:  3919999    NAcc:  1959999    fAcc:  0.500      Maxd:  0.80712    E*/N:  -4.62744   P*:     0.77400    P*cold: -0.06600   Mu*_xs: -2.10255   Cv*/N_xs:  0.73623         E(kJ/mol): -4.615     P(bar):    0.782     
Step:  3939999    NAcc:  1970001    fAcc:  0.500      Maxd:  1.16665    E*/N:  -4.66317   P*:     0.77451    P*cold: -0.06549   Mu*_xs: -2.10713   Cv*/N_xs:  0.73479         E(kJ/mol): -4.651     P(bar):    0.717     
Step:  3959999    NAcc:  1980000    fAcc:  0.500      Maxd:  0.26061    E*/N:  -4.62627   P*:     0.77561    P*cold: -0.06439   Mu*_xs: -2.10356   Cv*/N_xs:  0.73390         E(kJ/mol): -4.614     P(bar):    0.832     
Step:  3979999    NAcc:  1990000    fAcc:  0.500      Maxd:  0.30378    E*/N:  -4.68884   P*:     0.77644    P*cold: -0.06356   Mu*_xs: -2.10595   Cv*/N_xs:  0.73410         E(kJ/mol): -4.677     P(bar):    0.580     
Step:  3999999    NAcc:  2000001    fAcc:  0.500      Maxd:  0.46735    E*/N:  -4.70739   P*:     0.77660    P*cold: -0.06340   Mu*_xs: -2.11260   Cv*/N_xs:  0.73095         E(kJ/mol): -4.695     P(bar):    0.670     
Step:  4019999    NAcc:  2009999    fAcc:  0.500      Maxd:  0.24757    E*/N:  -4.69384   P*:     0.77805    P*cold: -0.06195   Mu*_xs: -2.11688   Cv*/N_xs:  0.72857         E(kJ/mol): -4.682     P(bar):    0.619     
Step:  4039999    NAcc:  2020000    fAcc:  0.500      Maxd:  0.51647    E*/N:  -4.68240   P*:     0.77800    P*cold: -0.06200   Mu*_xs: -2.11721   Cv*/N_xs:  0.73059         E(kJ/mol): -4.670     P(bar):    0.632     
Step:  4059999    NAcc:  2030000    fAcc:  0.500      Maxd:  0.48440    E*/N:  -4.64442   P*:     0.77950    P*cold: -0.06050   Mu*_xs: -2.12305   Cv*/N_xs:  0.72811         E(kJ/mol): -4.632     P(bar):    0.719     
Step:  4079999    NAcc:  2039997    fAcc:  0.500      Maxd:  0.26200    E*/N:  -4.63911   P*:     0.78018    P*cold: -0.05982   Mu*_xs: -2.11748   Cv*/N_xs:  0.73081         E(kJ/mol): -4.627     P(bar):    0.780     
Step:  4099999    NAcc:  2050002    fAcc:  0.500      Maxd:  1.59687    E*/N:  -4.66118   P*:     0.77980    P*cold: -0.06020   Mu*_xs: -2.11897   Cv*/N_xs:  0.73097         E(kJ/mol): -4.649     P(bar):    0.704     
Step:  4119999    NAcc:  2059998    fAcc:  0.500      Maxd:  0.28387    E*/N:  -4.70475   P*:     0.78142    P*cold: -0.05858   Mu*_xs: -2.12203   Cv*/N_xs:  0.73662         E(kJ/mol): -4.692     P(bar):    0.624     
Step:  4139999    NAcc:  2069998    fAcc:  0.500      Maxd:  0.28020    E*/N:  -4.67988   P*:     0.78053    P*cold: -0.05947   Mu*_xs: -2.12046   Cv*/N_xs:  0.73638         E(kJ/mol): -4.668     P(bar):    0.617     
Step:  4159999    NAcc:  2079999    fAcc:  0.500      Maxd:  0.26492    E*/N:  -4.65095   P*:     0.78099    P*cold: -0.05901   Mu*_xs: -2.12896   Cv*/N_xs:  0.73457         E(kJ/mol): -4.639     P(bar):    0.667     
Step:  4179999    NAcc:  2089998    fAcc:  0.500      Maxd:  0.30215    E*/N:  -4.62838   P*:     0.78019    P*cold: -0.05981   Mu*_xs: -2.12795   Cv*/N_xs:  0.73139         E(kJ/mol): -4.616     P(bar):    0.891     
Step:  4199999    NAcc:  2100001    fAcc:  0.500      Maxd:  0.42402    E*/N:  -4.66222   P*:     0.78055    P*cold: -0.05945   Mu*_xs: -2.12396   Cv*/N_xs:  0.72929         E(kJ/mol): -4.650     P(bar):    0.514     
Step:  4219999    NAcc:  2110001    fAcc:  0.500      Maxd:  1.05511    E*/N:  -4.70298   P*:     0.77949    P*cold: -0.06051   Mu*_xs: -2.12050   Cv*/N_xs:  0.72966         E(kJ/mol): -4.691     P(bar):    0.585     
Step:  4239999    NAcc:  2119997    fAcc:  0.500      Maxd:  0.28219    E*/N:  -4.63543   P*:     0.77762    P*cold: -0.06238   Mu*_xs: -2.11546   Cv*/N_xs:  0.72930         E(kJ/mol): -4.623     P(bar):    0.601     
Step:  4259999    NAcc:  2129999    fAcc:  0.500      Maxd:  0.26888    E*/N:  -4.70010   P*:     0.77775    P*cold: -0.06225   Mu*_xs: -2.11414   Cv*/N_xs:  0.72679         E(kJ/mol): -4.688     P(bar):    0.516     
Step:  4279999    NAcc:  2140000    fAcc:  0.500      Maxd:  2.16345    E*/N:  -4.73256   P*:     0.77747    P*cold: -0.06253   Mu*_xs: -2.11391   Cv*/N_xs:  0.72384         E(kJ/mol): -4.720     P(bar):    0.553     
Step:  4299999    NAcc:  2149999    fAcc:  0.500      Maxd:  0.28298    E*/N:  -4.65570   P*:     0.77784    P*cold: -0.06216   Mu*_xs: -2.11669   Cv*/N_xs:  0.72071         E(kJ/mol): -4.644     P(bar):    0.662     
Step:  4319999    NAcc:  2160000    fAcc:  0.500      Maxd:  0.31296    E*/N:  -4.61776   P*:     0.77748    P*cold: -0.06252   Mu*_xs: -2.11673   Cv*/N_xs:  0.71785         E(kJ/mol): -4.606     P(bar):    0.735     
Step:  4339999    NAcc:  2169998    fAcc:  0.500      Maxd:  0.26970    E*/N:  -4.71372   P*:     0.77761    P*cold: -0.06239   Mu*_xs: -2.11669   Cv*/N_xs:  0.71765         E(kJ/mol): -4.701     P(bar):    0.481     
Step:  4359999    NAcc:  2180001    fAcc:  0.500      Maxd:  0.54749    E*/N:  -4.61740   P*:     0.77960    P*cold: -0.06040   Mu*_xs: -2.11889   Cv*/N_xs:  0.71929         E(kJ/mol): -4.605     P(bar):    0.959     
Step:  4379999    NAcc:  2190000    fAcc:  0.500      Maxd:  0.56180    E*/N:  -4.65812   P*:     0.78046    P*cold: -0.05954   Mu*_xs: -2.11631   Cv*/N_xs:  0.71757         E(kJ/mol): -4.646     P(bar):    0.646     
Step:  4399999    NAcc:  2200001    fAcc:  0.500      Maxd:  0.36272    E*/N:  -4.62113   P*:     0.77935    P*cold: -0.06065   Mu*_xs: -2.11586   Cv*/N_xs:  0.72010         E(kJ/mol): -4.609     P(bar):    0.980     
Step:  4419999    NAcc:  2209999    fAcc:  0.500      Maxd:  0.27360    E*/N:  -4.70113   P*:     0.78034    P*cold: -0.05966   Mu*_xs: -2.11247   Cv*/N_xs:  0.71820         E(kJ/mol): -4.689     P(bar):    0.520     
Step:  4439999    NAcc:  2220000    fAcc:  0.500      Maxd:  0.24957    E*/N:  -4.67155   P*:     0.78092    P*cold: -0.05908   Mu*_xs: -2.11010   Cv*/N_xs:  0.71742         E(kJ/mol): -4.659     P(bar):    0.675     
Step:  4459999    NAcc:  2230002    fAcc:  0.500      Maxd:  0.87085    E*/N:  -4.61349   P*:     0.78074    P*cold: -0.05926   Mu*_xs: -2.10956   Cv*/N_xs:  0.71425         E(kJ/mol): -4.601     P(bar):    0.842     
Step:  4479999    NAcc:  2240002    fAcc:  0.500      Maxd:  0.83269    E*/N:  -4.69922   P*:     0.78111    P*cold: -0.05889   Mu*_xs: -2.11117   Cv*/N_xs:  0.71124         E(kJ/mol): -4.687     P(bar):    0.576     
Step:  4499999    NAcc:  2249999    fAcc:  0.500      Maxd:  0.49559    E*/N:  -4.69735   P*:     0.78193    P*cold: -0.05807   Mu*_xs: -2.11337   Cv*/N_xs:  0.71168         E(kJ/mol): -4.685     P(bar):    0.660     
Step:  4519999    NAcc:  2259998    fAcc:  0.500      Maxd:  0.35485    E*/N:  -4.59936   P*:     0.78352    P*cold: -0.05648   Mu*_xs: -2.11456   Cv*/N_xs:  0.71424         E(kJ/mol): -4.587     P(bar):    0.936     
Step:  4539999    NAcc:  2270000    fAcc:  0.500      Maxd:  0.29276    E*/N:  -4.67166   P*:     0.78430    P*cold: -0.05570   Mu*_xs: -2.11314   Cv*/N_xs:  0.71050         E(kJ/mol): -4.659     P(bar):    0.711     
Step:  4559999    NAcc:  2280001    fAcc:  0.500      Maxd:  2.52291    E*/N:  -4.67581   P*:     0.78515    P*cold: -0.05485   Mu*_xs: -2.11540   Cv*/N_xs:  0.70799         E(kJ/mol): -4.664     P(bar):    0.656     
Step:  4579999    NAcc:  2290002    fAcc:  0.500      Maxd:  0.77693    E*/N:  -4.62921   P*:     0.78470    P*cold: -0.05530   Mu*_xs: -2.11364   Cv*/N_xs:  0.70665         E(kJ/mol): -4.617     P(bar):    0.694     
Step:  4599999    NAcc:  2299998    fAcc:  0.500      Maxd:  0.28790    E*/N:  -4.66925   P*:     0.78378    P*cold: -0.05622   Mu*_xs: -2.11165   Cv*/N_xs:  0.70402         E(kJ/mol): -4.657     P(bar):    0.592     
Step:  4619999    NAcc:  2310000    fAcc:  0.500      Maxd:  0.25294    E*/N:  -4.66517   P*:     0.78373    P*cold: -0.05627   Mu*_xs: -2.10992   Cv*/N_xs:  0.70320         E(kJ/mol): -4.653     P(bar):    0.679     
Step:  4639999    NAcc:  2319998    fAcc:  0.500      Maxd:  0.27474    E*/N:  -4.66195   P*:     0.78358    P*cold: -0.05642   Mu*_xs: -2.11003   Cv*/N_xs:  0.70166         E(kJ/mol): -4.650     P(bar):    0.720     
Step:  4659999    NAcc:  2330001    fAcc:  0.500      Maxd:  0.46127    E*/N:  -4.70366   P*:     0.78419    P*cold: -0.05581   Mu*_xs: -2.10989   Cv*/N_xs:  0.70089         E(kJ/mol): -4.691     P(bar):    0.493     
Step:  4679999    NAcc:  2339998    fAcc:  0.500      Maxd:  0.25710    E*/N:  -4.63817   P*:     0.78428    P*cold: -0.05572   Mu*_xs: -2.11262   Cv*/N_xs:  0.69923         E(kJ/mol): -4.626     P(bar):    0.767     
Step:  4699999    NAcc:  2350000    fAcc:  0.500      Maxd:  0.55133    E*/N:  -4.74162   P*:     0.78313    P*cold: -0.05687   Mu*_xs: -2.11059   Cv*/N_xs:  0.70044         E(kJ/mol): -4.729     P(bar):    0.358     
Step:  4719999    NAcc:  2359999    fAcc:  0.500      Maxd:  0.25672    E*/N:  -4.68119   P*:     0.78125    P*cold: -0.05875   Mu*_xs: -2.10885   Cv*/N_xs:  0.70639         E(kJ/mol): -4.669     P(bar):    0.624     
Step:  4739999    NAcc:  2370000    fAcc:  0.500      Maxd:  0.54285    E*/N:  -4.74861   P*:     0.78126    P*cold: -0.05874   Mu*_xs: -2.10775   Cv*/N_xs:  0.70390         E(kJ/mol): -4.736     P(bar):    0.501     
Step:  4759999    NAcc:  2380000    fAcc:  0.500      Maxd:  0.81919    E*/N:  -4.74666   P*:     0.78101    P*cold: -0.05899   Mu*_xs: -2.10787   Cv*/N_xs:  0.70362         E(kJ/mol): -4.734     P(bar):    0.401     
Step:  4779999    NAcc:  2389998    fAcc:  0.500      Maxd:  0.24969    E*/N:  -4.69340   P*:     0.78020    P*cold: -0.05980   Mu*_xs: -2.10578   Cv*/N_xs:  0.70793         E(kJ/mol): -4.681     P(bar):    0.576     
Step:  4799999    NAcc:  2399999    fAcc:  0.500      Maxd:  1.44136    E*/N:  -4.58523   P*:     0.77998    P*cold: -0.06002   Mu*_xs: -2.10778   Cv*/N_xs:  0.71040         E(kJ/mol): -4.573     P(bar):    1.025     
Step:  4819999    NAcc:  2410001    fAcc:  0.500      Maxd:  0.89137    E*/N:  -4.61425   P*:     0.78067    P*cold: -0.05933   Mu*_xs: -2.10846   Cv*/N_xs:  0.70908         E(kJ/mol): -4.602     P(bar):    0.989     
Step:  4839999    NAcc:  2420001    fAcc:  0.500      Maxd:  0.43518    E*/N:  -4.68971   P*:     0.78140    P*cold: -0.05860   Mu*_xs: -2.11265   Cv*/N_xs:  0.70833         E(kJ/mol): -4.677     P(bar):    0.660     
Step:  4859999    NAcc:  2430001    fAcc:  0.500      Maxd:  0.52867    E*/N:  -4.71797   P*:     0.78255    P*cold: -0.05745   Mu*_xs: -2.11173   Cv*/N_xs:  0.70678         E(kJ/mol): -4.706     P(bar):    0.646     
Step:  4879999    NAcc:  2439998    fAcc:  0.500      Maxd:  0.28984    E*/N:  -4.63710   P*:     0.78351    P*cold: -0.05649   Mu*_xs: -2.11457   Cv*/N_xs:  0.70718         E(kJ/mol): -4.625     P(bar):    0.887     
Step:  4899999    NAcc:  2450000    fAcc:  0.500      Maxd:  0.27623    E*/N:  -4.73861   P*:     0.78399    P*cold: -0.05601   Mu*_xs: -2.11466   Cv*/N_xs:  0.70725         E(kJ/mol): -4.726     P(bar):    0.511     
Step:  4919999    NAcc:  2459998    fAcc:  0.500      Maxd:  0.27596    E*/N:  -4.62202   P*:     0.78453    P*cold: -0.05547   Mu*_xs: -2.11933   Cv*/N_xs:  0.70964         E(kJ/mol): -4.610     P(bar):    0.975     
Step:  4939999    NAcc:  2470001    fAcc:  0.500      Maxd:  0.62858    E*/N:  -4.66374   P*:     0.78588    P*cold: -0.05412   Mu*_xs: -2.12194   Cv*/N_xs:  0.71147         E(kJ/mol): -4.652     P(bar):    0.709     
Step:  4959999    NAcc:  2480000    fAcc:  0.500      Maxd:  0.61259    E*/N:  -4.68714   P*:     0.78680    P*cold: -0.05320   Mu*_xs: -2.12198   Cv*/N_xs:  0.70931         E(kJ/mol): -4.675     P(bar):    0.670     
Step:  4979999    NAcc:  2489998    fAcc:  0.500      Maxd:  0.25262    E*/N:  -4.72346   P*:     0.78781    P*cold: -0.05219   Mu*_xs: -2.12348   Cv*/N_xs:  0.70905         E(kJ/mol): -4.711     P(bar):    0.471     
Step:  4999999    NAcc:  2500002    fAcc:  0.500      Maxd:  0.77949    E*/N:  -4.63895   P*:     0.78858    P*cold: -0.05142   Mu*_xs: -2.12303   Cv*/N_xs:  0.71058         E(kJ/mol): -4.627     P(bar):    0.815     
# Computed average properties: 
 # E*/N:  -4.67007  
 # P*:     0.78858   
 # Cv*/N_xs:   0.71058        
 # Mu*_xs:  -2.12303  
