# Number of atoms:       500
# Atom type:             Ar
# Molar Mass (g/mol):    39.948
# Density (g/cm^3):      1.01301
# LJ sigma (Angstrom):   3.4
# LJ epsilon/kB (K):     120
# LJ cutoff (Angstrom):  13.6
# LJ cutoff (sigma):     4
# Temperature (K):       144
# Number MC steps:       5e+06
# Output frequency:      20000
# Num. den. (atoms/Ang): 0.0152656
# Box length (x):        31.9952
# Box length (y):        31.9952
# Box length (z):        31.9952
# Init. spacing (Ang):   3.55502
# reduc. density (rho*): 0.6
# reduc. temp (T*):      1.2
Step:  19999      NAcc:  9999       fAcc:  0.500      Maxd:  0.37030    E*/N:  -4.08480   P*:     nan        P*cold: nan        Mu*_xs: -0.00000   Cv*/N_xs:  0.00000         E(kJ/mol): -4.074     P(bar):    1.385     
Step:  39999      NAcc:  20000      fAcc:  0.500      Maxd:  0.31736    E*/N:  -4.20683   P*:     nan        P*cold: nan        Mu*_xs: -0.00000   Cv*/N_xs:  0.00000         E(kJ/mol): -4.196     P(bar):    0.392     
Step:  59999      NAcc:  30001      fAcc:  0.500      Maxd:  0.46393    E*/N:  -4.12505   P*:     nan        P*cold: nan        Mu*_xs: -0.00000   Cv*/N_xs:  0.00000         E(kJ/mol): -4.114     P(bar):    0.523     
Step:  79999      NAcc:  39998      fAcc:  0.500      Maxd:  0.27778    E*/N:  -4.07153   P*:     nan        P*cold: nan        Mu*_xs: -0.00000   Cv*/N_xs:  0.00000         E(kJ/mol): -4.061     P(bar):    0.467     
Step:  99999      NAcc:  49999      fAcc:  0.500      Maxd:  0.26356    E*/N:  -4.18107   P*:     nan        P*cold: nan        Mu*_xs: -0.00000   Cv*/N_xs:  0.00000         E(kJ/mol): -4.170     P(bar):    0.158     
Step:  119999     NAcc:  60000      fAcc:  0.500      Maxd:  1.06902    E*/N:  -4.12143   P*:     nan        P*cold: nan        Mu*_xs: -0.00000   Cv*/N_xs:  0.00000         E(kJ/mol): -4.111     P(bar):    0.315     
Step:  139999     NAcc:  70002      fAcc:  0.500      Maxd:  1.26625    E*/N:  -4.05118   P*:     nan        P*cold: nan        Mu*_xs: -0.00000   Cv*/N_xs:  0.00000         E(kJ/mol): -4.041     P(bar):    0.352     
Step:  159999     NAcc:  80001      fAcc:  0.500      Maxd:  1.30948    E*/N:  -4.08897   P*:     nan        P*cold: nan        Mu*_xs: -0.00000   Cv*/N_xs:  0.00000         E(kJ/mol): -4.078     P(bar):    0.312     
Step:  179999     NAcc:  89999      fAcc:  0.500      Maxd:  0.30417    E*/N:  -4.08743   P*:     nan        P*cold: nan        Mu*_xs: -0.00000   Cv*/N_xs:  0.00000         E(kJ/mol): -4.077     P(bar):    0.250     
Step:  199999     NAcc:  99999      fAcc:  0.500      Maxd:  0.30947    E*/N:  -4.12148   P*:     nan        P*cold: nan        Mu*_xs: -0.00000   Cv*/N_xs:  0.00000         E(kJ/mol): -4.111     P(bar):    0.002     
Step:  219999     NAcc:  110002     fAcc:  0.500      Maxd:  1.92342    E*/N:  -3.96789   P*:     nan        P*cold: nan        Mu*_xs: -0.00000   Cv*/N_xs:  0.00000         E(kJ/mol): -3.957     P(bar):    0.367     
Step:  239999     NAcc:  120000     fAcc:  0.500      Maxd:  3.40972    E*/N:  -4.09734   P*:     nan        P*cold: nan        Mu*_xs: -0.00000   Cv*/N_xs:  0.00000         E(kJ/mol): -4.087     P(bar):    -0.028    
Step:  259999     NAcc:  129999     fAcc:  0.500      Maxd:  1.49173    E*/N:  -3.97315   P*:     nan        P*cold: nan        Mu*_xs: -0.00000   Cv*/N_xs:  0.00000         E(kJ/mol): -3.963     P(bar):    0.300     
Step:  279999     NAcc:  140000     fAcc:  0.500      Maxd:  0.43760    E*/N:  -4.01080   P*:     nan        P*cold: nan        Mu*_xs: -0.00000   Cv*/N_xs:  0.00000         E(kJ/mol): -4.000     P(bar):    0.344     
Step:  299999     NAcc:  150000     fAcc:  0.500      Maxd:  0.28331    E*/N:  -4.00311   P*:     nan        P*cold: nan        Mu*_xs: -0.00000   Cv*/N_xs:  0.00000         E(kJ/mol): -3.993     P(bar):    0.338     
Step:  319999     NAcc:  160001     fAcc:  0.500      Maxd:  0.80646    E*/N:  -4.01580   P*:     nan        P*cold: nan        Mu*_xs: -0.00000   Cv*/N_xs:  0.00000         E(kJ/mol): -4.005     P(bar):    0.394     
Step:  339999     NAcc:  169999     fAcc:  0.500      Maxd:  0.34126    E*/N:  -4.04853   P*:     nan        P*cold: nan        Mu*_xs: -0.00000   Cv*/N_xs:  0.00000         E(kJ/mol): -4.038     P(bar):    0.153     
Step:  359999     NAcc:  180000     fAcc:  0.500      Maxd:  0.26374    E*/N:  -4.06065   P*:     nan        P*cold: nan        Mu*_xs: -0.00000   Cv*/N_xs:  0.00000         E(kJ/mol): -4.050     P(bar):    0.176     
Step:  379999     NAcc:  189998     fAcc:  0.500      Maxd:  0.29669    E*/N:  -4.04509   P*:     nan        P*cold: nan        Mu*_xs: -0.00000   Cv*/N_xs:  0.00000         E(kJ/mol): -4.034     P(bar):    0.279     
Step:  399999     NAcc:  200001     fAcc:  0.500      Maxd:  0.38865    E*/N:  -4.04028   P*:     nan        P*cold: nan        Mu*_xs: -0.00000   Cv*/N_xs:  0.00000         E(kJ/mol): -4.030     P(bar):    0.053     
Step:  419999     NAcc:  210002     fAcc:  0.500      Maxd:  2.32937    E*/N:  -4.01156   P*:     nan        P*cold: nan        Mu*_xs: -0.00000   Cv*/N_xs:  0.00000         E(kJ/mol): -4.001     P(bar):    0.203     
Step:  439999     NAcc:  220000     fAcc:  0.500      Maxd:  0.27447    E*/N:  -4.01565   P*:     nan        P*cold: nan        Mu*_xs: -0.00000   Cv*/N_xs:  0.00000         E(kJ/mol): -4.005     P(bar):    0.415     
Step:  459999     NAcc:  230000     fAcc:  0.500      Maxd:  0.57748    E*/N:  -4.04858   P*:     nan        P*cold: nan        Mu*_xs: -0.00000   Cv*/N_xs:  0.00000         E(kJ/mol): -4.038     P(bar):    0.284     
Step:  479999     NAcc:  240001     fAcc:  0.500      Maxd:  0.78151    E*/N:  -4.04590   P*:     nan        P*cold: nan        Mu*_xs: -0.00000   Cv*/N_xs:  0.00000         E(kJ/mol): -4.035     P(bar):    0.206     
Step:  499999     NAcc:  250001     fAcc:  0.500      Maxd:  0.44396    E*/N:  -4.14013   P*:     nan        P*cold: nan        Mu*_xs: -0.00000   Cv*/N_xs:  0.00000         E(kJ/mol): -4.129     P(bar):    -0.076    
Step:  519999     NAcc:  259999     fAcc:  0.500      Maxd:  0.30189    E*/N:  -4.01238   P*:     nan        P*cold: nan        Mu*_xs: -0.00000   Cv*/N_xs:  0.00000         E(kJ/mol): -4.002     P(bar):    0.383     
Step:  539999     NAcc:  269998     fAcc:  0.500      Maxd:  0.38607    E*/N:  -4.01663   P*:     nan        P*cold: nan        Mu*_xs: -0.00000   Cv*/N_xs:  0.00000         E(kJ/mol): -4.006     P(bar):    0.258     
Step:  559999     NAcc:  279999     fAcc:  0.500      Maxd:  0.36694    E*/N:  -4.06245   P*:     nan        P*cold: nan        Mu*_xs: -0.00000   Cv*/N_xs:  0.00000         E(kJ/mol): -4.052     P(bar):    0.128     
Step:  579999     NAcc:  289998     fAcc:  0.500      Maxd:  0.31973    E*/N:  -4.09575   P*:     nan        P*cold: nan        Mu*_xs: -0.00000   Cv*/N_xs:  0.00000         E(kJ/mol): -4.085     P(bar):    0.115     
Step:  599999     NAcc:  299997     fAcc:  0.500      Maxd:  0.30305    E*/N:  -4.08239   P*:     nan        P*cold: nan        Mu*_xs: -0.00000   Cv*/N_xs:  0.00000         E(kJ/mol): -4.072     P(bar):    0.135     
Step:  619999     NAcc:  310000     fAcc:  0.500      Maxd:  0.27280    E*/N:  -4.01968   P*:     nan        P*cold: nan        Mu*_xs: -0.00000   Cv*/N_xs:  0.00000         E(kJ/mol): -4.009     P(bar):    0.248     
Step:  639999     NAcc:  320000     fAcc:  0.500      Maxd:  0.65740    E*/N:  -4.00173   P*:     nan        P*cold: nan        Mu*_xs: -0.00000   Cv*/N_xs:  0.00000         E(kJ/mol): -3.991     P(bar):    0.448     
Step:  659999     NAcc:  329999     fAcc:  0.500      Maxd:  0.29094    E*/N:  -4.03772   P*:     nan        P*cold: nan        Mu*_xs: -0.00000   Cv*/N_xs:  0.00000         E(kJ/mol): -4.027     P(bar):    0.282     
Step:  679999     NAcc:  340000     fAcc:  0.500      Maxd:  0.27659    E*/N:  -4.04175   P*:     nan        P*cold: nan        Mu*_xs: -0.00000   Cv*/N_xs:  0.00000         E(kJ/mol): -4.031     P(bar):    0.187     
Step:  699999     NAcc:  350001     fAcc:  0.500      Maxd:  0.38179    E*/N:  -4.11929   P*:     nan        P*cold: nan        Mu*_xs: -0.00000   Cv*/N_xs:  0.00000         E(kJ/mol): -4.109     P(bar):    0.098     
Step:  719999     NAcc:  360002     fAcc:  0.500      Maxd:  1.61596    E*/N:  -4.05892   P*:     nan        P*cold: nan        Mu*_xs: -0.00000   Cv*/N_xs:  0.00000         E(kJ/mol): -4.048     P(bar):    0.188     
Step:  739999     NAcc:  369995     fAcc:  0.500      Maxd:  0.30751    E*/N:  -4.00441   P*:     nan        P*cold: nan        Mu*_xs: -0.00000   Cv*/N_xs:  0.00000         E(kJ/mol): -3.994     P(bar):    0.226     
Step:  759999     NAcc:  379999     fAcc:  0.500      Maxd:  0.28369    E*/N:  -4.11880   P*:     nan        P*cold: nan        Mu*_xs: -0.00000   Cv*/N_xs:  0.00000         E(kJ/mol): -4.108     P(bar):    0.014     
Step:  779999     NAcc:  390001     fAcc:  0.500      Maxd:  0.44741    E*/N:  -4.06094   P*:     nan        P*cold: nan        Mu*_xs: -0.00000   Cv*/N_xs:  0.00000         E(kJ/mol): -4.050     P(bar):    0.184     
Step:  799999     NAcc:  399999     fAcc:  0.500      Maxd:  0.29612    E*/N:  -4.04908   P*:     nan        P*cold: nan        Mu*_xs: -0.00000   Cv*/N_xs:  0.00000         E(kJ/mol): -4.038     P(bar):    0.293     
Step:  819999     NAcc:  410001     fAcc:  0.500      Maxd:  1.68215    E*/N:  -4.01822   P*:     nan        P*cold: nan        Mu*_xs: -0.00000   Cv*/N_xs:  0.00000         E(kJ/mol): -4.008     P(bar):    0.325     
Step:  839999     NAcc:  419999     fAcc:  0.500      Maxd:  0.66778    E*/N:  -4.08820   P*:     nan        P*cold: nan        Mu*_xs: -0.00000   Cv*/N_xs:  0.00000         E(kJ/mol): -4.077     P(bar):    0.195     
Step:  859999     NAcc:  430001     fAcc:  0.500      Maxd:  0.37746    E*/N:  -4.07454   P*:     nan        P*cold: nan        Mu*_xs: -0.00000   Cv*/N_xs:  0.00000         E(kJ/mol): -4.064     P(bar):    0.339     
Step:  879999     NAcc:  440001     fAcc:  0.500      Maxd:  0.40662    E*/N:  -4.06686   P*:     nan        P*cold: nan        Mu*_xs: -0.00000   Cv*/N_xs:  0.00000         E(kJ/mol): -4.056     P(bar):    0.061     
Step:  899999     NAcc:  450000     fAcc:  0.500      Maxd:  0.28551    E*/N:  -4.08891   P*:     nan        P*cold: nan        Mu*_xs: -0.00000   Cv*/N_xs:  0.00000         E(kJ/mol): -4.078     P(bar):    0.274     
Step:  919999     NAcc:  459999     fAcc:  0.500      Maxd:  0.47292    E*/N:  -4.07953   P*:     nan        P*cold: nan        Mu*_xs: -0.00000   Cv*/N_xs:  0.00000         E(kJ/mol): -4.069     P(bar):    0.064     
Step:  939999     NAcc:  470000     fAcc:  0.500      Maxd:  0.82441    E*/N:  -4.00933   P*:     nan        P*cold: nan        Mu*_xs: -0.00000   Cv*/N_xs:  0.00000         E(kJ/mol): -3.999     P(bar):    0.272     
Step:  959999     NAcc:  480000     fAcc:  0.500      Maxd:  0.59697    E*/N:  -4.02146   P*:     nan        P*cold: nan        Mu*_xs: -0.00000   Cv*/N_xs:  0.00000         E(kJ/mol): -4.011     P(bar):    0.169     
Step:  979999     NAcc:  489998     fAcc:  0.500      Maxd:  0.26400    E*/N:  -4.03982   P*:     nan        P*cold: nan        Mu*_xs: -0.00000   Cv*/N_xs:  0.00000         E(kJ/mol): -4.029     P(bar):    0.299     
Step:  999999     NAcc:  500001     fAcc:  0.500      Maxd:  0.44191    E*/N:  -4.02587   P*:     nan        P*cold: nan        Mu*_xs: -0.00000   Cv*/N_xs:  0.00000         E(kJ/mol): -4.015     P(bar):    0.169     
Step:  1019999    NAcc:  510001     fAcc:  0.500      Maxd:  0.40840    E*/N:  -4.03724   P*:     nan        P*cold: nan        Mu*_xs: -0.00000   Cv*/N_xs:  0.00000         E(kJ/mol): -4.027     P(bar):    0.201     
Step:  1039999    NAcc:  519999     fAcc:  0.500      Maxd:  0.97901    E*/N:  -4.01001   P*:     nan        P*cold: nan        Mu*_xs: -0.00000   Cv*/N_xs:  0.00000         E(kJ/mol): -4.000     P(bar):    0.302     
Step:  1059999    NAcc:  529998     fAcc:  0.500      Maxd:  0.94057    E*/N:  -4.00926   P*:     nan        P*cold: nan        Mu*_xs: -0.00000   Cv*/N_xs:  0.00000         E(kJ/mol): -3.999     P(bar):    0.307     
Step:  1079999    NAcc:  540001     fAcc:  0.500      Maxd:  1.68038    E*/N:  -4.03608   P*:     nan        P*cold: nan        Mu*_xs: -0.00000   Cv*/N_xs:  0.00000         E(kJ/mol): -4.026     P(bar):    0.309     
Step:  1099999    NAcc:  549999     fAcc:  0.500      Maxd:  0.28066    E*/N:  -4.00728   P*:     nan        P*cold: nan        Mu*_xs: -0.00000   Cv*/N_xs:  0.00000         E(kJ/mol): -3.997     P(bar):    0.266     
Step:  1119999    NAcc:  560000     fAcc:  0.500      Maxd:  0.30637    E*/N:  -4.03377   P*:     nan        P*cold: nan        Mu*_xs: -0.00000   Cv*/N_xs:  0.00000         E(kJ/mol): -4.023     P(bar):    0.221     
Step:  1139999    NAcc:  570000     fAcc:  0.500      Maxd:  1.28995    E*/N:  -4.05519   P*:     nan        P*cold: nan        Mu*_xs: -0.00000   Cv*/N_xs:  0.00000         E(kJ/mol): -4.045     P(bar):    0.141     
Step:  1159999    NAcc:  579999     fAcc:  0.500      Maxd:  0.64866    E*/N:  -4.02982   P*:     nan        P*cold: nan        Mu*_xs: -0.00000   Cv*/N_xs:  0.00000         E(kJ/mol): -4.019     P(bar):    0.135     
Step:  1179999    NAcc:  590000     fAcc:  0.500      Maxd:  0.29732    E*/N:  -4.00438   P*:     nan        P*cold: nan        Mu*_xs: -0.00000   Cv*/N_xs:  0.00000         E(kJ/mol): -3.994     P(bar):    0.381     
Step:  1199999    NAcc:  600002     fAcc:  0.500      Maxd:  0.95157    E*/N:  -4.04254   P*:     nan        P*cold: nan        Mu*_xs: -0.00000   Cv*/N_xs:  0.00000         E(kJ/mol): -4.032     P(bar):    0.131     
Step:  1219999    NAcc:  610001     fAcc:  0.500      Maxd:  0.41735    E*/N:  -4.01274   P*:     nan        P*cold: nan        Mu*_xs: -0.00000   Cv*/N_xs:  0.00000         E(kJ/mol): -4.002     P(bar):    0.265     
Step:  1239999    NAcc:  620000     fAcc:  0.500      Maxd:  1.24030    E*/N:  -3.99155   P*:     nan        P*cold: nan        Mu*_xs: -0.00000   Cv*/N_xs:  0.00000         E(kJ/mol): -3.981     P(bar):    0.215     
Step:  1259999    NAcc:  630001     fAcc:  0.500      Maxd:  0.39767    E*/N:  -3.98231   P*:     nan        P*cold: nan        Mu*_xs: -0.00000   Cv*/N_xs:  0.00000         E(kJ/mol): -3.972     P(bar):    0.286     
Step:  1279999    NAcc:  639998     fAcc:  0.500      Maxd:  0.30919    E*/N:  -4.00477   P*:     nan        P*cold: nan        Mu*_xs: -0.00000   Cv*/N_xs:  0.00000         E(kJ/mol): -3.994     P(bar):    0.442     
Step:  1299999    NAcc:  649999     fAcc:  0.500      Maxd:  0.31051    E*/N:  -3.98088   P*:     nan        P*cold: nan        Mu*_xs: -0.00000   Cv*/N_xs:  0.00000         E(kJ/mol): -3.970     P(bar):    0.363     
Step:  1319999    NAcc:  660001     fAcc:  0.500      Maxd:  1.13202    E*/N:  -4.09111   P*:     nan        P*cold: nan        Mu*_xs: -0.00000   Cv*/N_xs:  0.00000         E(kJ/mol): -4.080     P(bar):    0.043     
Step:  1339999    NAcc:  670000     fAcc:  0.500      Maxd:  0.60436    E*/N:  -4.03279   P*:     nan        P*cold: nan        Mu*_xs: -0.00000   Cv*/N_xs:  0.00000         E(kJ/mol): -4.022     P(bar):    0.310     
Step:  1359999    NAcc:  680000     fAcc:  0.500      Maxd:  0.36378    E*/N:  -3.95141   P*:     nan        P*cold: nan        Mu*_xs: -0.00000   Cv*/N_xs:  0.00000         E(kJ/mol): -3.941     P(bar):    0.540     
Step:  1379999    NAcc:  689999     fAcc:  0.500      Maxd:  0.27674    E*/N:  -4.04888   P*:     nan        P*cold: nan        Mu*_xs: -0.00000   Cv*/N_xs:  0.00000         E(kJ/mol): -4.038     P(bar):    0.229     
Step:  1399999    NAcc:  700001     fAcc:  0.500      Maxd:  1.70112    E*/N:  -4.05896   P*:     nan        P*cold: nan        Mu*_xs: -0.00000   Cv*/N_xs:  0.00000         E(kJ/mol): -4.048     P(bar):    0.159     
Step:  1419999    NAcc:  710001     fAcc:  0.500      Maxd:  2.67540    E*/N:  -3.98111   P*:     nan        P*cold: nan        Mu*_xs: -0.00000   Cv*/N_xs:  0.00000         E(kJ/mol): -3.971     P(bar):    0.346     
Step:  1439999    NAcc:  720000     fAcc:  0.500      Maxd:  0.27905    E*/N:  -4.00603   P*:     nan        P*cold: nan        Mu*_xs: -0.00000   Cv*/N_xs:  0.00000         E(kJ/mol): -3.996     P(bar):    0.254     
Step:  1459999    NAcc:  730000     fAcc:  0.500      Maxd:  0.96593    E*/N:  -4.10768   P*:     nan        P*cold: nan        Mu*_xs: -0.00000   Cv*/N_xs:  0.00000         E(kJ/mol): -4.097     P(bar):    -0.074    
Step:  1479999    NAcc:  740000     fAcc:  0.500      Maxd:  0.75875    E*/N:  -4.00787   P*:     nan        P*cold: nan        Mu*_xs: -0.00000   Cv*/N_xs:  0.00000         E(kJ/mol): -3.997     P(bar):    0.213     
Step:  1499999    NAcc:  749999     fAcc:  0.500      Maxd:  0.47562    E*/N:  -4.01988   P*:     nan        P*cold: nan        Mu*_xs: -0.00000   Cv*/N_xs:  0.00000         E(kJ/mol): -4.009     P(bar):    0.280     
Step:  1519999    NAcc:  759999     fAcc:  0.500      Maxd:  0.29979    E*/N:  -3.99081   P*:     nan        P*cold: nan        Mu*_xs: -0.00000   Cv*/N_xs:  0.00000         E(kJ/mol): -3.980     P(bar):    0.364     
Step:  1539999    NAcc:  769999     fAcc:  0.500      Maxd:  0.30418    E*/N:  -4.07746   P*:     nan        P*cold: nan        Mu*_xs: -0.00000   Cv*/N_xs:  0.00000         E(kJ/mol): -4.067     P(bar):    0.140     
Step:  1559999    NAcc:  780000     fAcc:  0.500      Maxd:  0.26504    E*/N:  -3.99239   P*:     nan        P*cold: nan        Mu*_xs: -0.00000   Cv*/N_xs:  0.00000         E(kJ/mol): -3.982     P(bar):    0.288     
Step:  1579999    NAcc:  789999     fAcc:  0.500      Maxd:  0.27464    E*/N:  -4.08949   P*:     nan        P*cold: nan        Mu*_xs: -0.00000   Cv*/N_xs:  0.00000         E(kJ/mol): -4.079     P(bar):    0.067     
Step:  1599999    NAcc:  799998     fAcc:  0.500      Maxd:  0.30396    E*/N:  -4.06763   P*:     nan        P*cold: nan        Mu*_xs: -0.00000   Cv*/N_xs:  0.00000         E(kJ/mol): -4.057     P(bar):    0.269     
Step:  1619999    NAcc:  810001     fAcc:  0.500      Maxd:  0.61904    E*/N:  -4.03817   P*:     nan        P*cold: nan        Mu*_xs: -0.00000   Cv*/N_xs:  0.00000         E(kJ/mol): -4.028     P(bar):    0.159     
Step:  1639999    NAcc:  820002     fAcc:  0.500      Maxd:  1.63173    E*/N:  -4.05277   P*:     nan        P*cold: nan        Mu*_xs: -0.00000   Cv*/N_xs:  0.00000         E(kJ/mol): -4.042     P(bar):    0.060     
Step:  1659999    NAcc:  830001     fAcc:  0.500      Maxd:  1.69083    E*/N:  -4.10740   P*:     nan        P*cold: nan        Mu*_xs: -0.00000   Cv*/N_xs:  0.00000         E(kJ/mol): -4.097     P(bar):    -0.051    
Step:  1679999    NAcc:  840001     fAcc:  0.500      Maxd:  1.78619    E*/N:  -4.03516   P*:     nan        P*cold: nan        Mu*_xs: -0.00000   Cv*/N_xs:  0.00000         E(kJ/mol): -4.025     P(bar):    0.050     
Step:  1699999    NAcc:  850001     fAcc:  0.500      Maxd:  0.63367    E*/N:  -4.03586   P*:     nan        P*cold: nan        Mu*_xs: -0.00000   Cv*/N_xs:  0.00000         E(kJ/mol): -4.025     P(bar):    0.191     
Step:  1719999    NAcc:  860001     fAcc:  0.500      Maxd:  0.41793    E*/N:  -4.00650   P*:     nan        P*cold: nan        Mu*_xs: -0.00000   Cv*/N_xs:  0.00000         E(kJ/mol): -3.996     P(bar):    0.318     
Step:  1739999    NAcc:  870000     fAcc:  0.500      Maxd:  0.29834    E*/N:  -4.00997   P*:     nan        P*cold: nan        Mu*_xs: -0.00000   Cv*/N_xs:  0.00000         E(kJ/mol): -3.999     P(bar):    0.175     
Step:  1759999    NAcc:  880002     fAcc:  0.500      Maxd:  0.94343    E*/N:  -4.06380   P*:     nan        P*cold: nan        Mu*_xs: -0.00000   Cv*/N_xs:  0.00000         E(kJ/mol): -4.053     P(bar):    0.007     
Step:  1779999    NAcc:  889999     fAcc:  0.500      Maxd:  0.26762    E*/N:  -3.99014   P*:     nan        P*cold: nan        Mu*_xs: -0.00000   Cv*/N_xs:  0.00000         E(kJ/mol): -3.980     P(bar):    0.321     
Step:  1799999    NAcc:  900002     fAcc:  0.500      Maxd:  0.77605    E*/N:  -4.04567   P*:     nan        P*cold: nan        Mu*_xs: -0.00000   Cv*/N_xs:  0.00000         E(kJ/mol): -4.035     P(bar):    0.121     
Step:  1819999    NAcc:  910000     fAcc:  0.500      Maxd:  2.46949    E*/N:  -4.06163   P*:     nan        P*cold: nan        Mu*_xs: -0.00000   Cv*/N_xs:  0.00000         E(kJ/mol): -4.051     P(bar):    0.151     
Step:  1839999    NAcc:  920001     fAcc:  0.500      Maxd:  0.62179    E*/N:  -4.06927   P*:     nan        P*cold: nan        Mu*_xs: -0.00000   Cv*/N_xs:  0.00000         E(kJ/mol): -4.059     P(bar):    0.023     
Step:  1859999    NAcc:  930000     fAcc:  0.500      Maxd:  0.51416    E*/N:  -4.03700   P*:     nan        P*cold: nan        Mu*_xs: -0.00000   Cv*/N_xs:  0.00000         E(kJ/mol): -4.026     P(bar):    0.107     
Step:  1879999    NAcc:  940002     fAcc:  0.500      Maxd:  0.78903    E*/N:  -3.98682   P*:     nan        P*cold: nan        Mu*_xs: -0.00000   Cv*/N_xs:  0.00000         E(kJ/mol): -3.976     P(bar):    0.341     
Step:  1899999    NAcc:  950000     fAcc:  0.500      Maxd:  0.67067    E*/N:  -4.05860   P*:     nan        P*cold: nan        Mu*_xs: -0.00000   Cv*/N_xs:  0.00000         E(kJ/mol): -4.048     P(bar):    0.140     
Step:  1919999    NAcc:  960000     fAcc:  0.500      Maxd:  1.06594    E*/N:  -4.02814   P*:     nan        P*cold: nan        Mu*_xs: -0.00000   Cv*/N_xs:  0.00000         E(kJ/mol): -4.018     P(bar):    0.299     
Step:  1939999    NAcc:  970000     fAcc:  0.500      Maxd:  0.29130    E*/N:  -4.05336   P*:     nan        P*cold: nan        Mu*_xs: -0.00000   Cv*/N_xs:  0.00000         E(kJ/mol): -4.043     P(bar):    0.422     
Step:  1959999    NAcc:  979999     fAcc:  0.500      Maxd:  0.28155    E*/N:  -4.00991   P*:     nan        P*cold: nan        Mu*_xs: -0.00000   Cv*/N_xs:  0.00000         E(kJ/mol): -3.999     P(bar):    0.220     
Step:  1979999    NAcc:  990000     fAcc:  0.500      Maxd:  0.25954    E*/N:  -4.04869   P*:     nan        P*cold: nan        Mu*_xs: -0.00000   Cv*/N_xs:  0.00000         E(kJ/mol): -4.038     P(bar):    0.179     
Step:  1999999    NAcc:  999998     fAcc:  0.500      Maxd:  0.28261    E*/N:  -4.03776   P*:     nan        P*cold: nan        Mu*_xs: -0.00000   Cv*/N_xs:  0.00000         E(kJ/mol): -4.027     P(bar):    0.107     
Step:  2019999    NAcc:  1010000    fAcc:  0.500      Maxd:  0.79726    E*/N:  -4.04688   P*:     0.15068    P*cold: -0.56932   Mu*_xs: -2.53363   Cv*/N_xs:  0.60568         E(kJ/mol): -4.036     P(bar):    0.159     
Step:  2039999    NAcc:  1020001    fAcc:  0.500      Maxd:  1.40909    E*/N:  -4.10315   P*:     0.19970    P*cold: -0.52030   Mu*_xs: -2.65704   Cv*/N_xs:  0.46642         E(kJ/mol): -4.092     P(bar):    -0.103    
Step:  2059999    NAcc:  1029998    fAcc:  0.500      Maxd:  1.44448    E*/N:  -3.98134   P*:     0.19048    P*cold: -0.52952   Mu*_xs: -2.64793   Cv*/N_xs:  0.44258         E(kJ/mol): -3.971     P(bar):    0.229     
Step:  2079999    NAcc:  1039999    fAcc:  0.500      Maxd:  0.28384    E*/N:  -4.06736   P*:     0.20098    P*cold: -0.51902   Mu*_xs: -2.67879   Cv*/N_xs:  0.46125         E(kJ/mol): -4.057     P(bar):    0.036     
Step:  2099999    NAcc:  1049999    fAcc:  0.500      Maxd:  0.50570    E*/N:  -4.08329   P*:     0.20821    P*cold: -0.51179   Mu*_xs: -2.64539   Cv*/N_xs:  0.45678         E(kJ/mol): -4.073     P(bar):    0.066     
Step:  2119999    NAcc:  1059997    fAcc:  0.500      Maxd:  0.26205    E*/N:  -3.96656   P*:     0.22877    P*cold: -0.49123   Mu*_xs: -2.65068   Cv*/N_xs:  0.56033         E(kJ/mol): -3.956     P(bar):    0.298     
Step:  2139999    NAcc:  1070000    fAcc:  0.500      Maxd:  0.27558    E*/N:  -4.05390   P*:     0.23114    P*cold: -0.48886   Mu*_xs: -2.68409   Cv*/N_xs:  0.56362         E(kJ/mol): -4.043     P(bar):    0.193     
Step:  2159999    NAcc:  1080001    fAcc:  0.500      Maxd:  1.27265    E*/N:  -3.98467   P*:     0.23921    P*cold: -0.48079   Mu*_xs: -2.70528   Cv*/N_xs:  0.58825         E(kJ/mol): -3.974     P(bar):    0.276     
Step:  2179999    NAcc:  1090002    fAcc:  0.500      Maxd:  0.60885    E*/N:  -4.01455   P*:     0.22740    P*cold: -0.49260   Mu*_xs: -2.70907   Cv*/N_xs:  0.54217         E(kJ/mol): -4.004     P(bar):    0.114     
Step:  2199999    NAcc:  1100001    fAcc:  0.500      Maxd:  0.37119    E*/N:  -4.00518   P*:     0.22488    P*cold: -0.49512   Mu*_xs: -2.71377   Cv*/N_xs:  0.53036         E(kJ/mol): -3.995     P(bar):    0.100     
Step:  2219999    NAcc:  1109998    fAcc:  0.500      Maxd:  0.30198    E*/N:  -4.04070   P*:     0.21616    P*cold: -0.50384   Mu*_xs: -2.72093   Cv*/N_xs:  0.51436         E(kJ/mol): -4.030     P(bar):    0.091     
Step:  2239999    NAcc:  1120001    fAcc:  0.500      Maxd:  1.15922    E*/N:  -4.01681   P*:     0.22161    P*cold: -0.49839   Mu*_xs: -2.70487   Cv*/N_xs:  0.55217         E(kJ/mol): -4.006     P(bar):    0.152     
Step:  2259999    NAcc:  1130000    fAcc:  0.500      Maxd:  0.28566    E*/N:  -4.04271   P*:     0.22144    P*cold: -0.49856   Mu*_xs: -2.71664   Cv*/N_xs:  0.54621         E(kJ/mol): -4.032     P(bar):    0.167     
Step:  2279999    NAcc:  1139999    fAcc:  0.500      Maxd:  0.30427    E*/N:  -4.06589   P*:     0.22490    P*cold: -0.49510   Mu*_xs: -2.71311   Cv*/N_xs:  0.55077         E(kJ/mol): -4.055     P(bar):    -0.030    
Step:  2299999    NAcc:  1149998    fAcc:  0.500      Maxd:  0.28818    E*/N:  -4.02054   P*:     0.21546    P*cold: -0.50454   Mu*_xs: -2.72805   Cv*/N_xs:  0.53797         E(kJ/mol): -4.010     P(bar):    0.253     
Step:  2319999    NAcc:  1159999    fAcc:  0.500      Maxd:  0.28219    E*/N:  -3.98011   P*:     0.22193    P*cold: -0.49807   Mu*_xs: -2.73830   Cv*/N_xs:  0.54489         E(kJ/mol): -3.970     P(bar):    0.276     
Step:  2339999    NAcc:  1170001    fAcc:  0.500      Maxd:  0.41991    E*/N:  -4.03764   P*:     0.21860    P*cold: -0.50140   Mu*_xs: -2.72202   Cv*/N_xs:  0.54628         E(kJ/mol): -4.027     P(bar):    0.091     
Step:  2359999    NAcc:  1180000    fAcc:  0.500      Maxd:  0.31045    E*/N:  -4.01922   P*:     0.21801    P*cold: -0.50199   Mu*_xs: -2.73016   Cv*/N_xs:  0.53102         E(kJ/mol): -4.009     P(bar):    0.039     
Step:  2379999    NAcc:  1190001    fAcc:  0.500      Maxd:  0.37677    E*/N:  -3.99151   P*:     0.22301    P*cold: -0.49699   Mu*_xs: -2.72873   Cv*/N_xs:  0.53214         E(kJ/mol): -3.981     P(bar):    0.308     
Step:  2399999    NAcc:  1200001    fAcc:  0.500      Maxd:  0.95149    E*/N:  -3.97142   P*:     0.22530    P*cold: -0.49470   Mu*_xs: -2.72088   Cv*/N_xs:  0.53279         E(kJ/mol): -3.961     P(bar):    0.329     
Step:  2419999    NAcc:  1209999    fAcc:  0.500      Maxd:  0.30699    E*/N:  -4.00450   P*:     0.22604    P*cold: -0.49396   Mu*_xs: -2.72059   Cv*/N_xs:  0.52817         E(kJ/mol): -3.994     P(bar):    0.159     
Step:  2439999    NAcc:  1219996    fAcc:  0.500      Maxd:  0.30553    E*/N:  -4.02536   P*:     0.22600    P*cold: -0.49400   Mu*_xs: -2.72144   Cv*/N_xs:  0.51640         E(kJ/mol): -4.015     P(bar):    0.150     
Step:  2459999    NAcc:  1229999    fAcc:  0.500      Maxd:  0.26602    E*/N:  -3.97652   P*:     0.22140    P*cold: -0.49860   Mu*_xs: -2.72434   Cv*/N_xs:  0.52043         E(kJ/mol): -3.966     P(bar):    0.257     
Step:  2479999    NAcc:  1240000    fAcc:  0.500      Maxd:  0.81063    E*/N:  -3.98201   P*:     0.22108    P*cold: -0.49892   Mu*_xs: -2.72380   Cv*/N_xs:  0.51602         E(kJ/mol): -3.972     P(bar):    0.391     
Step:  2499999    NAcc:  1249999    fAcc:  0.500      Maxd:  0.31884    E*/N:  -4.04254   P*:     0.22180    P*cold: -0.49820   Mu*_xs: -2.72888   Cv*/N_xs:  0.51999         E(kJ/mol): -4.032     P(bar):    0.245     
Step:  2519999    NAcc:  1260001    fAcc:  0.500      Maxd:  0.79437    E*/N:  -4.04065   P*:     0.22927    P*cold: -0.49073   Mu*_xs: -2.73091   Cv*/N_xs:  0.50907         E(kJ/mol): -4.030     P(bar):    0.180     
Step:  2539999    NAcc:  1270001    fAcc:  0.500      Maxd:  0.56113    E*/N:  -4.01951   P*:     0.22859    P*cold: -0.49141   Mu*_xs: -2.72426   Cv*/N_xs:  0.50942         E(kJ/mol): -4.009     P(bar):    0.078     
Step:  2559999    NAcc:  1280001    fAcc:  0.500      Maxd:  1.16125    E*/N:  -3.99391   P*:     0.22642    P*cold: -0.49358   Mu*_xs: -2.72401   Cv*/N_xs:  0.50916         E(kJ/mol): -3.983     P(bar):    0.235     
Step:  2579999    NAcc:  1289998    fAcc:  0.500      Maxd:  0.30625    E*/N:  -4.02933   P*:     0.22399    P*cold: -0.49601   Mu*_xs: -2.72237   Cv*/N_xs:  0.50574         E(kJ/mol): -4.019     P(bar):    0.163     
Step:  2599999    NAcc:  1299999    fAcc:  0.500      Maxd:  0.62512    E*/N:  -4.05481   P*:     0.22259    P*cold: -0.49741   Mu*_xs: -2.72478   Cv*/N_xs:  0.50244         E(kJ/mol): -4.044     P(bar):    0.072     
Step:  2619999    NAcc:  1310001    fAcc:  0.500      Maxd:  0.38931    E*/N:  -4.02184   P*:     0.22031    P*cold: -0.49969   Mu*_xs: -2.72206   Cv*/N_xs:  0.50639         E(kJ/mol): -4.011     P(bar):    0.099     
Step:  2639999    NAcc:  1319998    fAcc:  0.500      Maxd:  0.29505    E*/N:  -4.00392   P*:     0.21437    P*cold: -0.50563   Mu*_xs: -2.72409   Cv*/N_xs:  0.51306         E(kJ/mol): -3.993     P(bar):    0.162     
Step:  2659999    NAcc:  1329998    fAcc:  0.500      Maxd:  0.31593    E*/N:  -4.01398   P*:     0.21130    P*cold: -0.50870   Mu*_xs: -2.72119   Cv*/N_xs:  0.51013         E(kJ/mol): -4.003     P(bar):    0.184     
Step:  2679999    NAcc:  1340001    fAcc:  0.500      Maxd:  1.22224    E*/N:  -3.95186   P*:     0.20924    P*cold: -0.51076   Mu*_xs: -2.72445   Cv*/N_xs:  0.50715         E(kJ/mol): -3.942     P(bar):    0.443     
Step:  2699999    NAcc:  1349999    fAcc:  0.500      Maxd:  0.28597    E*/N:  -4.09103   P*:     0.21164    P*cold: -0.50836   Mu*_xs: -2.72122   Cv*/N_xs:  0.51328         E(kJ/mol): -4.080     P(bar):    0.078     
Step:  2719999    NAcc:  1360003    fAcc:  0.500      Maxd:  0.94247    E*/N:  -3.96223   P*:     0.21070    P*cold: -0.50930   Mu*_xs: -2.71928   Cv*/N_xs:  0.54420         E(kJ/mol): -3.952     P(bar):    0.265     
Step:  2739999    NAcc:  1370000    fAcc:  0.500      Maxd:  0.25762    E*/N:  -4.02061   P*:     0.21327    P*cold: -0.50673   Mu*_xs: -2.71759   Cv*/N_xs:  0.54200         E(kJ/mol): -4.010     P(bar):    0.218     
Step:  2759999    NAcc:  1380000    fAcc:  0.500      Maxd:  0.44562    E*/N:  -4.00703   P*:     0.21372    P*cold: -0.50628   Mu*_xs: -2.71722   Cv*/N_xs:  0.54305         E(kJ/mol): -3.997     P(bar):    0.352     
Step:  2779999    NAcc:  1390001    fAcc:  0.500      Maxd:  0.57937    E*/N:  -4.03394   P*:     0.21405    P*cold: -0.50595   Mu*_xs: -2.71650   Cv*/N_xs:  0.56423         E(kJ/mol): -4.023     P(bar):    0.327     
Step:  2799999    NAcc:  1400000    fAcc:  0.500      Maxd:  0.27352    E*/N:  -4.04987   P*:     0.21387    P*cold: -0.50613   Mu*_xs: -2.71788   Cv*/N_xs:  0.55626         E(kJ/mol): -4.039     P(bar):    -0.004    
Step:  2819999    NAcc:  1410001    fAcc:  0.500      Maxd:  0.59722    E*/N:  -3.99655   P*:     0.21520    P*cold: -0.50480   Mu*_xs: -2.72859   Cv*/N_xs:  0.57355         E(kJ/mol): -3.986     P(bar):    0.202     
Step:  2839999    NAcc:  1420001    fAcc:  0.500      Maxd:  0.52733    E*/N:  -4.03679   P*:     0.21564    P*cold: -0.50436   Mu*_xs: -2.72361   Cv*/N_xs:  0.57259         E(kJ/mol): -4.026     P(bar):    0.156     
Step:  2859999    NAcc:  1430000    fAcc:  0.500      Maxd:  0.27237    E*/N:  -3.99284   P*:     0.21856    P*cold: -0.50144   Mu*_xs: -2.72841   Cv*/N_xs:  0.57610         E(kJ/mol): -3.982     P(bar):    0.244     
Step:  2879999    NAcc:  1439999    fAcc:  0.500      Maxd:  1.43745    E*/N:  -4.00674   P*:     0.21699    P*cold: -0.50301   Mu*_xs: -2.72275   Cv*/N_xs:  0.57720         E(kJ/mol): -3.996     P(bar):    0.176     
Step:  2899999    NAcc:  1449996    fAcc:  0.500      Maxd:  0.28175    E*/N:  -3.96295   P*:     0.21892    P*cold: -0.50108   Mu*_xs: -2.72723   Cv*/N_xs:  0.57646         E(kJ/mol): -3.953     P(bar):    0.331     
Step:  2919999    NAcc:  1460000    fAcc:  0.500      Maxd:  0.80786    E*/N:  -4.03902   P*:     0.21964    P*cold: -0.50036   Mu*_xs: -2.73040   Cv*/N_xs:  0.58539         E(kJ/mol): -4.028     P(bar):    0.024     
Step:  2939999    NAcc:  1470001    fAcc:  0.500      Maxd:  1.90869    E*/N:  -4.07148   P*:     0.21609    P*cold: -0.50391   Mu*_xs: -2.72996   Cv*/N_xs:  0.58678         E(kJ/mol): -4.061     P(bar):    0.024     
Step:  2959999    NAcc:  1480000    fAcc:  0.500      Maxd:  0.96462    E*/N:  -3.99870   P*:     0.21476    P*cold: -0.50524   Mu*_xs: -2.72995   Cv*/N_xs:  0.58277         E(kJ/mol): -3.988     P(bar):    0.174     
Step:  2979999    NAcc:  1490000    fAcc:  0.500      Maxd:  2.33042    E*/N:  -4.00156   P*:     0.21480    P*cold: -0.50520   Mu*_xs: -2.72824   Cv*/N_xs:  0.58138         E(kJ/mol): -3.991     P(bar):    0.219     
Step:  2999999    NAcc:  1500001    fAcc:  0.500      Maxd:  0.45712    E*/N:  -4.03914   P*:     0.21489    P*cold: -0.50511   Mu*_xs: -2.72546   Cv*/N_xs:  0.58205         E(kJ/mol): -4.029     P(bar):    0.294     
Step:  3019999    NAcc:  1510000    fAcc:  0.500      Maxd:  0.46849    E*/N:  -4.00728   P*:     0.21431    P*cold: -0.50569   Mu*_xs: -2.72710   Cv*/N_xs:  0.58330         E(kJ/mol): -3.997     P(bar):    0.137     
Step:  3039999    NAcc:  1520000    fAcc:  0.500      Maxd:  0.73422    E*/N:  -4.07386   P*:     0.21242    P*cold: -0.50758   Mu*_xs: -2.72728   Cv*/N_xs:  0.58883         E(kJ/mol): -4.063     P(bar):    0.039     
Step:  3059999    NAcc:  1529999    fAcc:  0.500      Maxd:  0.31249    E*/N:  -4.06307   P*:     0.21120    P*cold: -0.50880   Mu*_xs: -2.72934   Cv*/N_xs:  0.59540         E(kJ/mol): -4.052     P(bar):    0.077     
Step:  3079999    NAcc:  1539998    fAcc:  0.500      Maxd:  1.15447    E*/N:  -4.06965   P*:     0.20935    P*cold: -0.51065   Mu*_xs: -2.72707   Cv*/N_xs:  0.59991         E(kJ/mol): -4.059     P(bar):    0.168     
Step:  3099999    NAcc:  1549999    fAcc:  0.500      Maxd:  0.26722    E*/N:  -4.00692   P*:     0.20982    P*cold: -0.51018   Mu*_xs: -2.72848   Cv*/N_xs:  0.60010         E(kJ/mol): -3.996     P(bar):    0.277     
Step:  3119999    NAcc:  1560000    fAcc:  0.500      Maxd:  1.42910    E*/N:  -4.08169   P*:     0.21001    P*cold: -0.50999   Mu*_xs: -2.72667   Cv*/N_xs:  0.60151         E(kJ/mol): -4.071     P(bar):    0.181     
Step:  3139999    NAcc:  1569999    fAcc:  0.500      Maxd:  0.27114    E*/N:  -4.08758   P*:     0.21181    P*cold: -0.50819   Mu*_xs: -2.72781   Cv*/N_xs:  0.59793         E(kJ/mol): -4.077     P(bar):    0.089     
Step:  3159999    NAcc:  1580000    fAcc:  0.500      Maxd:  0.27128    E*/N:  -4.00598   P*:     0.21293    P*cold: -0.50707   Mu*_xs: -2.72744   Cv*/N_xs:  0.59855         E(kJ/mol): -3.995     P(bar):    0.402     
Step:  3179999    NAcc:  1590000    fAcc:  0.500      Maxd:  0.45902    E*/N:  -4.03827   P*:     0.21458    P*cold: -0.50542   Mu*_xs: -2.72378   Cv*/N_xs:  0.59881         E(kJ/mol): -4.028     P(bar):    0.309     
Step:  3199999    NAcc:  1599994    fAcc:  0.500      Maxd:  0.30794    E*/N:  -4.03903   P*:     0.21582    P*cold: -0.50418   Mu*_xs: -2.72225   Cv*/N_xs:  0.60663         E(kJ/mol): -4.028     P(bar):    0.197     
Step:  3219999    NAcc:  1610001    fAcc:  0.500      Maxd:  0.62385    E*/N:  -4.08901   P*:     0.21767    P*cold: -0.50233   Mu*_xs: -2.72352   Cv*/N_xs:  0.60962         E(kJ/mol): -4.078     P(bar):    0.239     
Step:  3239999    NAcc:  1620000    fAcc:  0.500      Maxd:  0.61950    E*/N:  -4.03297   P*:     0.21948    P*cold: -0.50052   Mu*_xs: -2.72389   Cv*/N_xs:  0.61995         E(kJ/mol): -4.022     P(bar):    0.271     
Step:  3259999    NAcc:  1630000    fAcc:  0.500      Maxd:  0.29028    E*/N:  -4.08219   P*:     0.22189    P*cold: -0.49811   Mu*_xs: -2.72108   Cv*/N_xs:  0.61598         E(kJ/mol): -4.071     P(bar):    0.210     
Step:  3279999    NAcc:  1639997    fAcc:  0.500      Maxd:  0.26058    E*/N:  -4.03575   P*:     0.22323    P*cold: -0.49677   Mu*_xs: -2.72171   Cv*/N_xs:  0.61877         E(kJ/mol): -4.025     P(bar):    0.278     
Step:  3299999    NAcc:  1650001    fAcc:  0.500      Maxd:  0.88014    E*/N:  -4.04139   P*:     0.22374    P*cold: -0.49626   Mu*_xs: -2.72726   Cv*/N_xs:  0.61425         E(kJ/mol): -4.031     P(bar):    0.237     
Step:  3319999    NAcc:  1660000    fAcc:  0.500      Maxd:  0.51255    E*/N:  -3.99771   P*:     0.22479    P*cold: -0.49521   Mu*_xs: -2.72726   Cv*/N_xs:  0.60960         E(kJ/mol): -3.987     P(bar):    0.386     
Step:  3339999    NAcc:  1670000    fAcc:  0.500      Maxd:  0.31864    E*/N:  -3.98970   P*:     0.22594    P*cold: -0.49406   Mu*_xs: -2.72733   Cv*/N_xs:  0.60727         E(kJ/mol): -3.979     P(bar):    0.205     
Step:  3359999    NAcc:  1680001    fAcc:  0.500      Maxd:  0.40505    E*/N:  -4.03874   P*:     0.22743    P*cold: -0.49257   Mu*_xs: -2.72638   Cv*/N_xs:  0.62335         E(kJ/mol): -4.028     P(bar):    0.102     
Step:  3379999    NAcc:  1690000    fAcc:  0.500      Maxd:  1.65533    E*/N:  -3.97735   P*:     0.22963    P*cold: -0.49037   Mu*_xs: -2.72567   Cv*/N_xs:  0.62136         E(kJ/mol): -3.967     P(bar):    0.412     
Step:  3399999    NAcc:  1699997    fAcc:  0.500      Maxd:  0.35153    E*/N:  -3.96920   P*:     0.23125    P*cold: -0.48875   Mu*_xs: -2.72655   Cv*/N_xs:  0.62355         E(kJ/mol): -3.959     P(bar):    0.411     
Step:  3419999    NAcc:  1709999    fAcc:  0.500      Maxd:  0.31047    E*/N:  -4.09265   P*:     0.23185    P*cold: -0.48815   Mu*_xs: -2.72826   Cv*/N_xs:  0.61953         E(kJ/mol): -4.082     P(bar):    -0.118    
Step:  3439999    NAcc:  1720000    fAcc:  0.500      Maxd:  0.48390    E*/N:  -4.00338   P*:     0.23091    P*cold: -0.48909   Mu*_xs: -2.72762   Cv*/N_xs:  0.61987         E(kJ/mol): -3.993     P(bar):    0.266     
Step:  3459999    NAcc:  1729998    fAcc:  0.500      Maxd:  0.69179    E*/N:  -4.07773   P*:     0.23064    P*cold: -0.48936   Mu*_xs: -2.72697   Cv*/N_xs:  0.61912         E(kJ/mol): -4.067     P(bar):    -0.005    
Step:  3479999    NAcc:  1740000    fAcc:  0.500      Maxd:  0.26351    E*/N:  -4.00490   P*:     0.23147    P*cold: -0.48853   Mu*_xs: -2.72892   Cv*/N_xs:  0.61613         E(kJ/mol): -3.994     P(bar):    0.365     
Step:  3499999    NAcc:  1750000    fAcc:  0.500      Maxd:  0.29414    E*/N:  -3.99645   P*:     0.23152    P*cold: -0.48848   Mu*_xs: -2.72836   Cv*/N_xs:  0.61558         E(kJ/mol): -3.986     P(bar):    0.338     
Step:  3519999    NAcc:  1760000    fAcc:  0.500      Maxd:  0.27347    E*/N:  -4.01838   P*:     0.23154    P*cold: -0.48846   Mu*_xs: -2.73029   Cv*/N_xs:  0.61455         E(kJ/mol): -4.008     P(bar):    0.092     
Step:  3539999    NAcc:  1769997    fAcc:  0.500      Maxd:  0.31861    E*/N:  -4.06370   P*:     0.22937    P*cold: -0.49063   Mu*_xs: -2.73085   Cv*/N_xs:  0.61106         E(kJ/mol): -4.053     P(bar):    0.004     
Step:  3559999    NAcc:  1780000    fAcc:  0.500      Maxd:  0.87987    E*/N:  -3.98666   P*:     0.22938    P*cold: -0.49062   Mu*_xs: -2.73138   Cv*/N_xs:  0.60790         E(kJ/mol): -3.976     P(bar):    0.355     
Step:  3579999    NAcc:  1790002    fAcc:  0.500      Maxd:  1.19014    E*/N:  -3.97325   P*:     0.22740    P*cold: -0.49260   Mu*_xs: -2.73199   Cv*/N_xs:  0.61205         E(kJ/mol): -3.963     P(bar):    0.332     
Step:  3599999    NAcc:  1800000    fAcc:  0.500      Maxd:  0.27383    E*/N:  -4.02629   P*:     0.22813    P*cold: -0.49187   Mu*_xs: -2.73385   Cv*/N_xs:  0.60796         E(kJ/mol): -4.016     P(bar):    0.173     
Step:  3619999    NAcc:  1809998    fAcc:  0.500      Maxd:  0.27022    E*/N:  -4.04943   P*:     0.22750    P*cold: -0.49250   Mu*_xs: -2.73409   Cv*/N_xs:  0.60493         E(kJ/mol): -4.039     P(bar):    0.147     
Step:  3639999    NAcc:  1820001    fAcc:  0.500      Maxd:  0.41333    E*/N:  -3.99813   P*:     0.22709    P*cold: -0.49291   Mu*_xs: -2.73461   Cv*/N_xs:  0.60756         E(kJ/mol): -3.988     P(bar):    0.265     
Step:  3659999    NAcc:  1830001    fAcc:  0.500      Maxd:  0.43414    E*/N:  -4.05898   P*:     0.22658    P*cold: -0.49342   Mu*_xs: -2.73497   Cv*/N_xs:  0.60822         E(kJ/mol): -4.048     P(bar):    0.131     
Step:  3679999    NAcc:  1840001    fAcc:  0.500      Maxd:  0.45155    E*/N:  -4.05820   P*:     0.22832    P*cold: -0.49168   Mu*_xs: -2.73414   Cv*/N_xs:  0.60522         E(kJ/mol): -4.048     P(bar):    0.096     
Step:  3699999    NAcc:  1850001    fAcc:  0.500      Maxd:  0.83803    E*/N:  -3.98639   P*:     0.22857    P*cold: -0.49143   Mu*_xs: -2.73291   Cv*/N_xs:  0.60232         E(kJ/mol): -3.976     P(bar):    0.402     
Step:  3719999    NAcc:  1859998    fAcc:  0.500      Maxd:  0.26323    E*/N:  -3.96332   P*:     0.22907    P*cold: -0.49093   Mu*_xs: -2.73437   Cv*/N_xs:  0.60065         E(kJ/mol): -3.953     P(bar):    0.507     
Step:  3739999    NAcc:  1869999    fAcc:  0.500      Maxd:  1.16143    E*/N:  -4.02839   P*:     0.22981    P*cold: -0.49019   Mu*_xs: -2.73412   Cv*/N_xs:  0.59993         E(kJ/mol): -4.018     P(bar):    0.210     
Step:  3759999    NAcc:  1880000    fAcc:  0.500      Maxd:  0.28692    E*/N:  -4.07027   P*:     0.22955    P*cold: -0.49045   Mu*_xs: -2.73421   Cv*/N_xs:  0.60102         E(kJ/mol): -4.060     P(bar):    0.198     
Step:  3779999    NAcc:  1889999    fAcc:  0.500      Maxd:  0.68747    E*/N:  -4.03135   P*:     0.22993    P*cold: -0.49007   Mu*_xs: -2.73492   Cv*/N_xs:  0.59905         E(kJ/mol): -4.021     P(bar):    0.235     
Step:  3799999    NAcc:  1900000    fAcc:  0.500      Maxd:  0.31251    E*/N:  -4.06450   P*:     0.22988    P*cold: -0.49012   Mu*_xs: -2.73731   Cv*/N_xs:  0.60102         E(kJ/mol): -4.054     P(bar):    0.162     
Step:  3819999    NAcc:  1910001    fAcc:  0.500      Maxd:  0.90124    E*/N:  -3.99851   P*:     0.23001    P*cold: -0.48999   Mu*_xs: -2.73639   Cv*/N_xs:  0.59945         E(kJ/mol): -3.988     P(bar):    0.189     
Step:  3839999    NAcc:  1920000    fAcc:  0.500      Maxd:  0.81066    E*/N:  -4.08386   P*:     0.22921    P*cold: -0.49079   Mu*_xs: -2.73431   Cv*/N_xs:  0.59931         E(kJ/mol): -4.073     P(bar):    0.018     
Step:  3859999    NAcc:  1929998    fAcc:  0.500      Maxd:  0.87065    E*/N:  -4.00592   P*:     0.23027    P*cold: -0.48973   Mu*_xs: -2.73246   Cv*/N_xs:  0.59990         E(kJ/mol): -3.995     P(bar):    0.242     
Step:  3879999    NAcc:  1940001    fAcc:  0.500      Maxd:  0.69898    E*/N:  -3.94418   P*:     0.23023    P*cold: -0.48977   Mu*_xs: -2.73118   Cv*/N_xs:  0.59873         E(kJ/mol): -3.934     P(bar):    0.346     
Step:  3899999    NAcc:  1950000    fAcc:  0.500      Maxd:  0.26913    E*/N:  -3.97493   P*:     0.23000    P*cold: -0.49000   Mu*_xs: -2.72940   Cv*/N_xs:  0.60444         E(kJ/mol): -3.965     P(bar):    0.298     
Step:  3919999    NAcc:  1959997    fAcc:  0.500      Maxd:  0.28275    E*/N:  -4.03511   P*:     0.23015    P*cold: -0.48985   Mu*_xs: -2.73024   Cv*/N_xs:  0.60433         E(kJ/mol): -4.025     P(bar):    0.165     
Step:  3939999    NAcc:  1970001    fAcc:  0.500      Maxd:  0.57067    E*/N:  -3.97819   P*:     0.22953    P*cold: -0.49047   Mu*_xs: -2.73023   Cv*/N_xs:  0.60344         E(kJ/mol): -3.968     P(bar):    0.262     
Step:  3959999    NAcc:  1980000    fAcc:  0.500      Maxd:  1.47660    E*/N:  -4.00855   P*:     0.22950    P*cold: -0.49050   Mu*_xs: -2.72908   Cv*/N_xs:  0.60330         E(kJ/mol): -3.998     P(bar):    0.249     
Step:  3979999    NAcc:  1990000    fAcc:  0.500      Maxd:  0.31928    E*/N:  -4.03724   P*:     0.22897    P*cold: -0.49103   Mu*_xs: -2.72971   Cv*/N_xs:  0.60113         E(kJ/mol): -4.027     P(bar):    0.109     
Step:  3999999    NAcc:  1999997    fAcc:  0.500      Maxd:  0.80147    E*/N:  -4.02722   P*:     0.22883    P*cold: -0.49117   Mu*_xs: -2.72856   Cv*/N_xs:  0.60039         E(kJ/mol): -4.017     P(bar):    0.190     
Step:  4019999    NAcc:  2009999    fAcc:  0.500      Maxd:  0.25845    E*/N:  -3.99543   P*:     0.22842    P*cold: -0.49158   Mu*_xs: -2.73115   Cv*/N_xs:  0.60193         E(kJ/mol): -3.985     P(bar):    0.229     
Step:  4039999    NAcc:  2019998    fAcc:  0.500      Maxd:  0.31714    E*/N:  -3.96525   P*:     0.22923    P*cold: -0.49077   Mu*_xs: -2.73201   Cv*/N_xs:  0.60704         E(kJ/mol): -3.955     P(bar):    0.328     
Step:  4059999    NAcc:  2030003    fAcc:  0.500      Maxd:  0.93007    E*/N:  -4.01495   P*:     0.22895    P*cold: -0.49105   Mu*_xs: -2.73108   Cv*/N_xs:  0.61156         E(kJ/mol): -4.004     P(bar):    0.176     
Step:  4079999    NAcc:  2040000    fAcc:  0.500      Maxd:  1.08089    E*/N:  -3.97828   P*:     0.22885    P*cold: -0.49115   Mu*_xs: -2.73001   Cv*/N_xs:  0.62215         E(kJ/mol): -3.968     P(bar):    0.204     
Step:  4099999    NAcc:  2050000    fAcc:  0.500      Maxd:  0.30669    E*/N:  -3.94061   P*:     0.22841    P*cold: -0.49159   Mu*_xs: -2.72990   Cv*/N_xs:  0.62398         E(kJ/mol): -3.930     P(bar):    0.353     
Step:  4119999    NAcc:  2059999    fAcc:  0.500      Maxd:  0.44197    E*/N:  -4.00416   P*:     0.22817    P*cold: -0.49183   Mu*_xs: -2.72899   Cv*/N_xs:  0.62216         E(kJ/mol): -3.994     P(bar):    0.185     
Step:  4139999    NAcc:  2070001    fAcc:  0.500      Maxd:  2.74553    E*/N:  -4.02274   P*:     0.22810    P*cold: -0.49190   Mu*_xs: -2.72775   Cv*/N_xs:  0.62037         E(kJ/mol): -4.012     P(bar):    0.237     
Step:  4159999    NAcc:  2080001    fAcc:  0.500      Maxd:  0.38290    E*/N:  -3.96000   P*:     0.22898    P*cold: -0.49102   Mu*_xs: -2.72632   Cv*/N_xs:  0.62513         E(kJ/mol): -3.950     P(bar):    0.291     
Step:  4179999    NAcc:  2090000    fAcc:  0.500      Maxd:  0.28479    E*/N:  -4.01088   P*:     0.22918    P*cold: -0.49082   Mu*_xs: -2.72612   Cv*/N_xs:  0.62942         E(kJ/mol): -4.000     P(bar):    0.187     
Step:  4199999    NAcc:  2100000    fAcc:  0.500      Maxd:  1.74451    E*/N:  -4.01102   P*:     0.22809    P*cold: -0.49191   Mu*_xs: -2.72618   Cv*/N_xs:  0.62683         E(kJ/mol): -4.001     P(bar):    0.245     
Step:  4219999    NAcc:  2110000    fAcc:  0.500      Maxd:  0.27055    E*/N:  -4.01838   P*:     0.22721    P*cold: -0.49279   Mu*_xs: -2.72655   Cv*/N_xs:  0.62445         E(kJ/mol): -4.008     P(bar):    0.193     
Step:  4239999    NAcc:  2120001    fAcc:  0.500      Maxd:  3.59134    E*/N:  -4.02430   P*:     0.22663    P*cold: -0.49337   Mu*_xs: -2.72728   Cv*/N_xs:  0.62208         E(kJ/mol): -4.014     P(bar):    0.159     
Step:  4259999    NAcc:  2130000    fAcc:  0.500      Maxd:  1.30180    E*/N:  -3.97892   P*:     0.22642    P*cold: -0.49358   Mu*_xs: -2.72712   Cv*/N_xs:  0.61936         E(kJ/mol): -3.968     P(bar):    0.319     
Step:  4279999    NAcc:  2139999    fAcc:  0.500      Maxd:  0.31060    E*/N:  -4.01625   P*:     0.22700    P*cold: -0.49300   Mu*_xs: -2.72891   Cv*/N_xs:  0.61682         E(kJ/mol): -4.006     P(bar):    0.233     
Step:  4299999    NAcc:  2149999    fAcc:  0.500      Maxd:  0.44247    E*/N:  -4.02833   P*:     0.22694    P*cold: -0.49306   Mu*_xs: -2.72902   Cv*/N_xs:  0.61422         E(kJ/mol): -4.018     P(bar):    0.166     
Step:  4319999    NAcc:  2159998    fAcc:  0.500      Maxd:  0.29848    E*/N:  -4.08720   P*:     0.22849    P*cold: -0.49151   Mu*_xs: -2.72894   Cv*/N_xs:  0.62025         E(kJ/mol): -4.076     P(bar):    0.115     
Step:  4339999    NAcc:  2170001    fAcc:  0.500      Maxd:  0.57717    E*/N:  -4.00789   P*:     0.22858    P*cold: -0.49142   Mu*_xs: -2.72821   Cv*/N_xs:  0.61848         E(kJ/mol): -3.997     P(bar):    0.209     
Step:  4359999    NAcc:  2180000    fAcc:  0.500      Maxd:  1.58514    E*/N:  -4.02092   P*:     0.22822    P*cold: -0.49178   Mu*_xs: -2.72783   Cv*/N_xs:  0.61895         E(kJ/mol): -4.010     P(bar):    0.278     
Step:  4379999    NAcc:  2189997    fAcc:  0.500      Maxd:  0.90095    E*/N:  -4.05217   P*:     0.22824    P*cold: -0.49176   Mu*_xs: -2.72702   Cv*/N_xs:  0.61931         E(kJ/mol): -4.042     P(bar):    0.231     
Step:  4399999    NAcc:  2199999    fAcc:  0.500      Maxd:  1.01072    E*/N:  -4.16216   P*:     0.22810    P*cold: -0.49190   Mu*_xs: -2.72493   Cv*/N_xs:  0.63370         E(kJ/mol): -4.151     P(bar):    0.095     
Step:  4419999    NAcc:  2210000    fAcc:  0.500      Maxd:  0.31486    E*/N:  -4.04142   P*:     0.22979    P*cold: -0.49021   Mu*_xs: -2.72567   Cv*/N_xs:  0.64443         E(kJ/mol): -4.031     P(bar):    0.525     
Step:  4439999    NAcc:  2220002    fAcc:  0.500      Maxd:  3.27401    E*/N:  -4.12923   P*:     0.23107    P*cold: -0.48893   Mu*_xs: -2.72745   Cv*/N_xs:  0.64914         E(kJ/mol): -4.118     P(bar):    0.148     
Step:  4459999    NAcc:  2229999    fAcc:  0.500      Maxd:  0.32447    E*/N:  -4.12082   P*:     0.23096    P*cold: -0.48904   Mu*_xs: -2.72707   Cv*/N_xs:  0.67592         E(kJ/mol): -4.110     P(bar):    0.133     
Step:  4479999    NAcc:  2240000    fAcc:  0.500      Maxd:  0.26121    E*/N:  -4.06749   P*:     0.23066    P*cold: -0.48934   Mu*_xs: -2.72602   Cv*/N_xs:  0.69110         E(kJ/mol): -4.057     P(bar):    0.232     
Step:  4499999    NAcc:  2250001    fAcc:  0.500      Maxd:  0.82686    E*/N:  -4.09146   P*:     0.23234    P*cold: -0.48766   Mu*_xs: -2.72733   Cv*/N_xs:  0.69324         E(kJ/mol): -4.081     P(bar):    0.211     
Step:  4519999    NAcc:  2260001    fAcc:  0.500      Maxd:  0.42495    E*/N:  -4.09140   P*:     0.23310    P*cold: -0.48690   Mu*_xs: -2.72887   Cv*/N_xs:  0.69312         E(kJ/mol): -4.081     P(bar):    0.185     
Step:  4539999    NAcc:  2270001    fAcc:  0.500      Maxd:  0.79520    E*/N:  -3.99981   P*:     0.23348    P*cold: -0.48652   Mu*_xs: -2.72809   Cv*/N_xs:  0.69333         E(kJ/mol): -3.989     P(bar):    0.331     
Step:  4559999    NAcc:  2279999    fAcc:  0.500      Maxd:  0.26499    E*/N:  -4.04796   P*:     0.23299    P*cold: -0.48701   Mu*_xs: -2.72695   Cv*/N_xs:  0.69289         E(kJ/mol): -4.037     P(bar):    0.154     
Step:  4579999    NAcc:  2290000    fAcc:  0.500      Maxd:  0.86115    E*/N:  -4.07599   P*:     0.23233    P*cold: -0.48767   Mu*_xs: -2.72613   Cv*/N_xs:  0.69314         E(kJ/mol): -4.065     P(bar):    0.164     
Step:  4599999    NAcc:  2300000    fAcc:  0.500      Maxd:  1.19406    E*/N:  -4.07130   P*:     0.23184    P*cold: -0.48816   Mu*_xs: -2.72462   Cv*/N_xs:  0.69410         E(kJ/mol): -4.061     P(bar):    0.185     
Step:  4619999    NAcc:  2310000    fAcc:  0.500      Maxd:  0.27418    E*/N:  -3.98390   P*:     0.23199    P*cold: -0.48801   Mu*_xs: -2.72294   Cv*/N_xs:  0.69745         E(kJ/mol): -3.973     P(bar):    0.463     
Step:  4639999    NAcc:  2320000    fAcc:  0.500      Maxd:  0.60908    E*/N:  -3.99713   P*:     0.23339    P*cold: -0.48661   Mu*_xs: -2.72283   Cv*/N_xs:  0.69773         E(kJ/mol): -3.987     P(bar):    0.309     
Step:  4659999    NAcc:  2329999    fAcc:  0.500      Maxd:  0.27688    E*/N:  -4.05136   P*:     0.23311    P*cold: -0.48689   Mu*_xs: -2.72236   Cv*/N_xs:  0.69589         E(kJ/mol): -4.041     P(bar):    0.069     
Step:  4679999    NAcc:  2340001    fAcc:  0.500      Maxd:  1.59389    E*/N:  -4.02257   P*:     0.23347    P*cold: -0.48653   Mu*_xs: -2.72335   Cv*/N_xs:  0.69554         E(kJ/mol): -4.012     P(bar):    0.364     
Step:  4699999    NAcc:  2349999    fAcc:  0.500      Maxd:  0.35729    E*/N:  -4.07740   P*:     0.23420    P*cold: -0.48580   Mu*_xs: -2.72370   Cv*/N_xs:  0.69504         E(kJ/mol): -4.067     P(bar):    0.168     
Step:  4719999    NAcc:  2360001    fAcc:  0.500      Maxd:  0.43722    E*/N:  -4.06514   P*:     0.23488    P*cold: -0.48512   Mu*_xs: -2.72351   Cv*/N_xs:  0.69286         E(kJ/mol): -4.054     P(bar):    0.125     
Step:  4739999    NAcc:  2370001    fAcc:  0.500      Maxd:  0.85417    E*/N:  -4.09083   P*:     0.23422    P*cold: -0.48578   Mu*_xs: -2.72283   Cv*/N_xs:  0.69269         E(kJ/mol): -4.080     P(bar):    0.038     
Step:  4759999    NAcc:  2380000    fAcc:  0.500      Maxd:  0.29427    E*/N:  -4.00650   P*:     0.23362    P*cold: -0.48638   Mu*_xs: -2.72195   Cv*/N_xs:  0.69524         E(kJ/mol): -3.996     P(bar):    0.364     
Step:  4779999    NAcc:  2390000    fAcc:  0.500      Maxd:  0.41954    E*/N:  -4.01330   P*:     0.23413    P*cold: -0.48587   Mu*_xs: -2.72163   Cv*/N_xs:  0.69438         E(kJ/mol): -4.003     P(bar):    0.357     
Step:  4799999    NAcc:  2400000    fAcc:  0.500      Maxd:  0.64689    E*/N:  -4.01537   P*:     0.23428    P*cold: -0.48572   Mu*_xs: -2.72163   Cv*/N_xs:  0.70031         E(kJ/mol): -4.005     P(bar):    0.391     
Step:  4819999    NAcc:  2410002    fAcc:  0.500      Maxd:  1.05370    E*/N:  -3.99613   P*:     0.23436    P*cold: -0.48564   Mu*_xs: -2.71955   Cv*/N_xs:  0.70409         E(kJ/mol): -3.986     P(bar):    0.392     
Step:  4839999    NAcc:  2420001    fAcc:  0.500      Maxd:  0.86673    E*/N:  -4.08883   P*:     0.23433    P*cold: -0.48567   Mu*_xs: -2.71782   Cv*/N_xs:  0.70758         E(kJ/mol): -4.078     P(bar):    0.132     
Step:  4859999    NAcc:  2430001    fAcc:  0.500      Maxd:  1.22581    E*/N:  -4.07885   P*:     0.23417    P*cold: -0.48583   Mu*_xs: -2.71630   Cv*/N_xs:  0.71134         E(kJ/mol): -4.068     P(bar):    0.217     
Step:  4879999    NAcc:  2440002    fAcc:  0.500      Maxd:  0.55695    E*/N:  -4.07139   P*:     0.23470    P*cold: -0.48530   Mu*_xs: -2.71524   Cv*/N_xs:  0.72534         E(kJ/mol): -4.061     P(bar):    0.172     
Step:  4899999    NAcc:  2450002    fAcc:  0.500      Maxd:  0.84788    E*/N:  -4.05314   P*:     0.23538    P*cold: -0.48462   Mu*_xs: -2.71711   Cv*/N_xs:  0.72603         E(kJ/mol): -4.043     P(bar):    0.209     
Step:  4919999    NAcc:  2460000    fAcc:  0.500      Maxd:  0.30504    E*/N:  -4.12009   P*:     0.23543    P*cold: -0.48457   Mu*_xs: -2.71610   Cv*/N_xs:  0.72272         E(kJ/mol): -4.109     P(bar):    0.081     
Step:  4939999    NAcc:  2469998    fAcc:  0.500      Maxd:  0.31712    E*/N:  -4.12230   P*:     0.23550    P*cold: -0.48450   Mu*_xs: -2.71714   Cv*/N_xs:  0.72901         E(kJ/mol): -4.111     P(bar):    0.123     
Step:  4959999    NAcc:  2480000    fAcc:  0.500      Maxd:  0.33183    E*/N:  -4.05658   P*:     0.23659    P*cold: -0.48341   Mu*_xs: -2.71748   Cv*/N_xs:  0.73162         E(kJ/mol): -4.046     P(bar):    0.325     
Step:  4979999    NAcc:  2489999    fAcc:  0.500      Maxd:  0.28440    E*/N:  -3.97691   P*:     0.23682    P*cold: -0.48318   Mu*_xs: -2.71592   Cv*/N_xs:  0.73295         E(kJ/mol): -3.966     P(bar):    0.359     
Step:  4999999    NAcc:  2500002    fAcc:  0.500      Maxd:  1.33256    E*/N:  -3.95911   P*:     0.23772    P*cold: -0.48228   Mu*_xs: -2.71569   Cv*/N_xs:  0.73370         E(kJ/mol): -3.949     P(bar):    0.442     
# Computed average properties: 
 # E*/N:  -4.03253  
 # P*:     0.23772   
 # Cv*/N_xs:   0.73370        
 # Mu*_xs:  -2.71569  
