# Number of atoms:       500
# Atom type:             Ar
# Molar Mass (g/mol):    39.948
# Density (g/cm^3):      1.18184
# LJ sigma (Angstrom):   3.4
# LJ epsilon/kB (K):     120
# LJ cutoff (Angstrom):  13.6
# LJ cutoff (sigma):     4
# Temperature (K):       144
# Number MC steps:       5e+06
# Output frequency:      20000
# Num. den. (atoms/Ang): 0.0178099
# Box length (x):        30.3927
# Box length (y):        30.3927
# Box length (z):        30.3927
# Init. spacing (Ang):   3.37697
# reduc. density (rho*): 0.7
# reduc. temp (T*):      1.2
Step:  19999      NAcc:  9099       fAcc:  0.455      Maxd:  0.27375    E*/N:  -4.11440   P*:     nan        P*cold: nan        Mu*_xs: -0.00000   Cv*/N_xs:  0.00000         E(kJ/mol): -4.104     P(bar):    4.214     
Step:  39999      NAcc:  20001      fAcc:  0.500      Maxd:  0.36376    E*/N:  -4.63213   P*:     nan        P*cold: nan        Mu*_xs: -0.00000   Cv*/N_xs:  0.00000         E(kJ/mol): -4.620     P(bar):    1.788     
Step:  59999      NAcc:  29999      fAcc:  0.500      Maxd:  0.27874    E*/N:  -4.72955   P*:     nan        P*cold: nan        Mu*_xs: -0.00000   Cv*/N_xs:  0.00000         E(kJ/mol): -4.717     P(bar):    1.237     
Step:  79999      NAcc:  40001      fAcc:  0.500      Maxd:  0.37085    E*/N:  -4.66159   P*:     nan        P*cold: nan        Mu*_xs: -0.00000   Cv*/N_xs:  0.00000         E(kJ/mol): -4.649     P(bar):    1.265     
Step:  99999      NAcc:  49998      fAcc:  0.500      Maxd:  0.28768    E*/N:  -4.70156   P*:     nan        P*cold: nan        Mu*_xs: -0.00000   Cv*/N_xs:  0.00000         E(kJ/mol): -4.689     P(bar):    1.058     
Step:  119999     NAcc:  59998      fAcc:  0.500      Maxd:  0.25174    E*/N:  -4.74501   P*:     nan        P*cold: nan        Mu*_xs: -0.00000   Cv*/N_xs:  0.00000         E(kJ/mol): -4.733     P(bar):    0.883     
Step:  139999     NAcc:  69999      fAcc:  0.500      Maxd:  0.29285    E*/N:  -4.65427   P*:     nan        P*cold: nan        Mu*_xs: -0.00000   Cv*/N_xs:  0.00000         E(kJ/mol): -4.642     P(bar):    1.003     
Step:  159999     NAcc:  79999      fAcc:  0.500      Maxd:  0.34051    E*/N:  -4.71960   P*:     nan        P*cold: nan        Mu*_xs: -0.00000   Cv*/N_xs:  0.00000         E(kJ/mol): -4.707     P(bar):    0.780     
Step:  179999     NAcc:  90000      fAcc:  0.500      Maxd:  0.58298    E*/N:  -4.61032   P*:     nan        P*cold: nan        Mu*_xs: -0.00000   Cv*/N_xs:  0.00000         E(kJ/mol): -4.598     P(bar):    1.199     
Step:  199999     NAcc:  99997      fAcc:  0.500      Maxd:  0.28626    E*/N:  -4.70073   P*:     nan        P*cold: nan        Mu*_xs: -0.00000   Cv*/N_xs:  0.00000         E(kJ/mol): -4.688     P(bar):    0.745     
Step:  219999     NAcc:  110002     fAcc:  0.500      Maxd:  0.56432    E*/N:  -4.70476   P*:     nan        P*cold: nan        Mu*_xs: -0.00000   Cv*/N_xs:  0.00000         E(kJ/mol): -4.692     P(bar):    0.622     
Step:  239999     NAcc:  119998     fAcc:  0.500      Maxd:  0.29368    E*/N:  -4.74088   P*:     nan        P*cold: nan        Mu*_xs: -0.00000   Cv*/N_xs:  0.00000         E(kJ/mol): -4.728     P(bar):    0.444     
Step:  259999     NAcc:  130002     fAcc:  0.500      Maxd:  0.73463    E*/N:  -4.78006   P*:     nan        P*cold: nan        Mu*_xs: -0.00000   Cv*/N_xs:  0.00000         E(kJ/mol): -4.768     P(bar):    0.247     
Step:  279999     NAcc:  139996     fAcc:  0.500      Maxd:  0.25513    E*/N:  -4.56688   P*:     nan        P*cold: nan        Mu*_xs: -0.00000   Cv*/N_xs:  0.00000         E(kJ/mol): -4.555     P(bar):    0.985     
Step:  299999     NAcc:  150000     fAcc:  0.500      Maxd:  0.29266    E*/N:  -4.69131   P*:     nan        P*cold: nan        Mu*_xs: -0.00000   Cv*/N_xs:  0.00000         E(kJ/mol): -4.679     P(bar):    0.688     
Step:  319999     NAcc:  159999     fAcc:  0.500      Maxd:  0.49669    E*/N:  -4.71450   P*:     nan        P*cold: nan        Mu*_xs: -0.00000   Cv*/N_xs:  0.00000         E(kJ/mol): -4.702     P(bar):    0.597     
Step:  339999     NAcc:  170001     fAcc:  0.500      Maxd:  0.80278    E*/N:  -4.64481   P*:     nan        P*cold: nan        Mu*_xs: -0.00000   Cv*/N_xs:  0.00000         E(kJ/mol): -4.633     P(bar):    0.743     
Step:  359999     NAcc:  180002     fAcc:  0.500      Maxd:  0.50473    E*/N:  -4.69274   P*:     nan        P*cold: nan        Mu*_xs: -0.00000   Cv*/N_xs:  0.00000         E(kJ/mol): -4.680     P(bar):    0.535     
Step:  379999     NAcc:  190000     fAcc:  0.500      Maxd:  0.25849    E*/N:  -4.63869   P*:     nan        P*cold: nan        Mu*_xs: -0.00000   Cv*/N_xs:  0.00000         E(kJ/mol): -4.627     P(bar):    0.750     
Step:  399999     NAcc:  200000     fAcc:  0.500      Maxd:  0.28616    E*/N:  -4.66268   P*:     nan        P*cold: nan        Mu*_xs: -0.00000   Cv*/N_xs:  0.00000         E(kJ/mol): -4.650     P(bar):    0.637     
Step:  419999     NAcc:  209998     fAcc:  0.500      Maxd:  0.30298    E*/N:  -4.60184   P*:     nan        P*cold: nan        Mu*_xs: -0.00000   Cv*/N_xs:  0.00000         E(kJ/mol): -4.590     P(bar):    0.762     
Step:  439999     NAcc:  220000     fAcc:  0.500      Maxd:  0.28717    E*/N:  -4.63275   P*:     nan        P*cold: nan        Mu*_xs: -0.00000   Cv*/N_xs:  0.00000         E(kJ/mol): -4.621     P(bar):    0.903     
Step:  459999     NAcc:  230002     fAcc:  0.500      Maxd:  1.06146    E*/N:  -4.70615   P*:     nan        P*cold: nan        Mu*_xs: -0.00000   Cv*/N_xs:  0.00000         E(kJ/mol): -4.694     P(bar):    0.569     
Step:  479999     NAcc:  239998     fAcc:  0.500      Maxd:  0.25192    E*/N:  -4.66714   P*:     nan        P*cold: nan        Mu*_xs: -0.00000   Cv*/N_xs:  0.00000         E(kJ/mol): -4.655     P(bar):    0.758     
Step:  499999     NAcc:  250000     fAcc:  0.500      Maxd:  0.26773    E*/N:  -4.68325   P*:     nan        P*cold: nan        Mu*_xs: -0.00000   Cv*/N_xs:  0.00000         E(kJ/mol): -4.671     P(bar):    0.582     
Step:  519999     NAcc:  260000     fAcc:  0.500      Maxd:  0.27391    E*/N:  -4.66327   P*:     nan        P*cold: nan        Mu*_xs: -0.00000   Cv*/N_xs:  0.00000         E(kJ/mol): -4.651     P(bar):    0.703     
Step:  539999     NAcc:  270002     fAcc:  0.500      Maxd:  0.86034    E*/N:  -4.65163   P*:     nan        P*cold: nan        Mu*_xs: -0.00000   Cv*/N_xs:  0.00000         E(kJ/mol): -4.639     P(bar):    0.777     
Step:  559999     NAcc:  280001     fAcc:  0.500      Maxd:  0.75852    E*/N:  -4.66744   P*:     nan        P*cold: nan        Mu*_xs: -0.00000   Cv*/N_xs:  0.00000         E(kJ/mol): -4.655     P(bar):    0.710     
Step:  579999     NAcc:  290001     fAcc:  0.500      Maxd:  0.55215    E*/N:  -4.65340   P*:     nan        P*cold: nan        Mu*_xs: -0.00000   Cv*/N_xs:  0.00000         E(kJ/mol): -4.641     P(bar):    0.826     
Step:  599999     NAcc:  300000     fAcc:  0.500      Maxd:  0.27926    E*/N:  -4.62698   P*:     nan        P*cold: nan        Mu*_xs: -0.00000   Cv*/N_xs:  0.00000         E(kJ/mol): -4.615     P(bar):    0.861     
Step:  619999     NAcc:  310000     fAcc:  0.500      Maxd:  0.27427    E*/N:  -4.67622   P*:     nan        P*cold: nan        Mu*_xs: -0.00000   Cv*/N_xs:  0.00000         E(kJ/mol): -4.664     P(bar):    0.835     
Step:  639999     NAcc:  319999     fAcc:  0.500      Maxd:  0.30211    E*/N:  -4.66580   P*:     nan        P*cold: nan        Mu*_xs: -0.00000   Cv*/N_xs:  0.00000         E(kJ/mol): -4.654     P(bar):    0.746     
Step:  659999     NAcc:  329999     fAcc:  0.500      Maxd:  0.50724    E*/N:  -4.67374   P*:     nan        P*cold: nan        Mu*_xs: -0.00000   Cv*/N_xs:  0.00000         E(kJ/mol): -4.661     P(bar):    0.834     
Step:  679999     NAcc:  340001     fAcc:  0.500      Maxd:  0.49706    E*/N:  -4.76864   P*:     nan        P*cold: nan        Mu*_xs: -0.00000   Cv*/N_xs:  0.00000         E(kJ/mol): -4.756     P(bar):    0.375     
Step:  699999     NAcc:  350000     fAcc:  0.500      Maxd:  0.28693    E*/N:  -4.67511   P*:     nan        P*cold: nan        Mu*_xs: -0.00000   Cv*/N_xs:  0.00000         E(kJ/mol): -4.663     P(bar):    0.618     
Step:  719999     NAcc:  360000     fAcc:  0.500      Maxd:  0.36556    E*/N:  -4.72305   P*:     nan        P*cold: nan        Mu*_xs: -0.00000   Cv*/N_xs:  0.00000         E(kJ/mol): -4.711     P(bar):    0.438     
Step:  739999     NAcc:  369998     fAcc:  0.500      Maxd:  0.28401    E*/N:  -4.64094   P*:     nan        P*cold: nan        Mu*_xs: -0.00000   Cv*/N_xs:  0.00000         E(kJ/mol): -4.629     P(bar):    0.673     
Step:  759999     NAcc:  380000     fAcc:  0.500      Maxd:  0.28745    E*/N:  -4.68691   P*:     nan        P*cold: nan        Mu*_xs: -0.00000   Cv*/N_xs:  0.00000         E(kJ/mol): -4.675     P(bar):    0.678     
Step:  779999     NAcc:  389999     fAcc:  0.500      Maxd:  1.11370    E*/N:  -4.62257   P*:     nan        P*cold: nan        Mu*_xs: -0.00000   Cv*/N_xs:  0.00000         E(kJ/mol): -4.610     P(bar):    0.865     
Step:  799999     NAcc:  400000     fAcc:  0.500      Maxd:  0.75826    E*/N:  -4.61783   P*:     nan        P*cold: nan        Mu*_xs: -0.00000   Cv*/N_xs:  0.00000         E(kJ/mol): -4.606     P(bar):    0.791     
Step:  819999     NAcc:  410000     fAcc:  0.500      Maxd:  0.28631    E*/N:  -4.66616   P*:     nan        P*cold: nan        Mu*_xs: -0.00000   Cv*/N_xs:  0.00000         E(kJ/mol): -4.654     P(bar):    0.754     
Step:  839999     NAcc:  419999     fAcc:  0.500      Maxd:  0.61412    E*/N:  -4.62277   P*:     nan        P*cold: nan        Mu*_xs: -0.00000   Cv*/N_xs:  0.00000         E(kJ/mol): -4.611     P(bar):    0.772     
Step:  859999     NAcc:  429999     fAcc:  0.500      Maxd:  0.27233    E*/N:  -4.62311   P*:     nan        P*cold: nan        Mu*_xs: -0.00000   Cv*/N_xs:  0.00000         E(kJ/mol): -4.611     P(bar):    0.766     
Step:  879999     NAcc:  439997     fAcc:  0.500      Maxd:  0.40211    E*/N:  -4.68818   P*:     nan        P*cold: nan        Mu*_xs: -0.00000   Cv*/N_xs:  0.00000         E(kJ/mol): -4.676     P(bar):    0.588     
Step:  899999     NAcc:  449998     fAcc:  0.500      Maxd:  0.46754    E*/N:  -4.68833   P*:     nan        P*cold: nan        Mu*_xs: -0.00000   Cv*/N_xs:  0.00000         E(kJ/mol): -4.676     P(bar):    0.726     
Step:  919999     NAcc:  459999     fAcc:  0.500      Maxd:  0.26942    E*/N:  -4.61291   P*:     nan        P*cold: nan        Mu*_xs: -0.00000   Cv*/N_xs:  0.00000         E(kJ/mol): -4.601     P(bar):    0.734     
Step:  939999     NAcc:  469999     fAcc:  0.500      Maxd:  0.29834    E*/N:  -4.67354   P*:     nan        P*cold: nan        Mu*_xs: -0.00000   Cv*/N_xs:  0.00000         E(kJ/mol): -4.661     P(bar):    0.616     
Step:  959999     NAcc:  480002     fAcc:  0.500      Maxd:  1.71914    E*/N:  -4.66145   P*:     nan        P*cold: nan        Mu*_xs: -0.00000   Cv*/N_xs:  0.00000         E(kJ/mol): -4.649     P(bar):    0.677     
Step:  979999     NAcc:  489999     fAcc:  0.500      Maxd:  0.30226    E*/N:  -4.75145   P*:     nan        P*cold: nan        Mu*_xs: -0.00000   Cv*/N_xs:  0.00000         E(kJ/mol): -4.739     P(bar):    0.314     
Step:  999999     NAcc:  500001     fAcc:  0.500      Maxd:  0.76715    E*/N:  -4.70435   P*:     nan        P*cold: nan        Mu*_xs: -0.00000   Cv*/N_xs:  0.00000         E(kJ/mol): -4.692     P(bar):    0.597     
Step:  1019999    NAcc:  509999     fAcc:  0.500      Maxd:  0.24745    E*/N:  -4.65722   P*:     nan        P*cold: nan        Mu*_xs: -0.00000   Cv*/N_xs:  0.00000         E(kJ/mol): -4.645     P(bar):    0.742     
Step:  1039999    NAcc:  519998     fAcc:  0.500      Maxd:  0.26523    E*/N:  -4.69258   P*:     nan        P*cold: nan        Mu*_xs: -0.00000   Cv*/N_xs:  0.00000         E(kJ/mol): -4.680     P(bar):    0.555     
Step:  1059999    NAcc:  530000     fAcc:  0.500      Maxd:  0.51018    E*/N:  -4.58628   P*:     nan        P*cold: nan        Mu*_xs: -0.00000   Cv*/N_xs:  0.00000         E(kJ/mol): -4.574     P(bar):    0.873     
Step:  1079999    NAcc:  540001     fAcc:  0.500      Maxd:  1.53258    E*/N:  -4.67743   P*:     nan        P*cold: nan        Mu*_xs: -0.00000   Cv*/N_xs:  0.00000         E(kJ/mol): -4.665     P(bar):    0.781     
Step:  1099999    NAcc:  549997     fAcc:  0.500      Maxd:  0.24444    E*/N:  -4.69854   P*:     nan        P*cold: nan        Mu*_xs: -0.00000   Cv*/N_xs:  0.00000         E(kJ/mol): -4.686     P(bar):    0.700     
Step:  1119999    NAcc:  560000     fAcc:  0.500      Maxd:  1.64354    E*/N:  -4.70020   P*:     nan        P*cold: nan        Mu*_xs: -0.00000   Cv*/N_xs:  0.00000         E(kJ/mol): -4.688     P(bar):    0.465     
Step:  1139999    NAcc:  570002     fAcc:  0.500      Maxd:  0.85789    E*/N:  -4.74275   P*:     nan        P*cold: nan        Mu*_xs: -0.00000   Cv*/N_xs:  0.00000         E(kJ/mol): -4.730     P(bar):    0.397     
Step:  1159999    NAcc:  580001     fAcc:  0.500      Maxd:  0.61256    E*/N:  -4.63833   P*:     nan        P*cold: nan        Mu*_xs: -0.00000   Cv*/N_xs:  0.00000         E(kJ/mol): -4.626     P(bar):    0.828     
Step:  1179999    NAcc:  589999     fAcc:  0.500      Maxd:  0.27252    E*/N:  -4.65340   P*:     nan        P*cold: nan        Mu*_xs: -0.00000   Cv*/N_xs:  0.00000         E(kJ/mol): -4.641     P(bar):    0.861     
Step:  1199999    NAcc:  599999     fAcc:  0.500      Maxd:  0.25702    E*/N:  -4.60517   P*:     nan        P*cold: nan        Mu*_xs: -0.00000   Cv*/N_xs:  0.00000         E(kJ/mol): -4.593     P(bar):    0.833     
Step:  1219999    NAcc:  610001     fAcc:  0.500      Maxd:  0.36743    E*/N:  -4.61335   P*:     nan        P*cold: nan        Mu*_xs: -0.00000   Cv*/N_xs:  0.00000         E(kJ/mol): -4.601     P(bar):    0.923     
Step:  1239999    NAcc:  620000     fAcc:  0.500      Maxd:  0.29825    E*/N:  -4.64448   P*:     nan        P*cold: nan        Mu*_xs: -0.00000   Cv*/N_xs:  0.00000         E(kJ/mol): -4.632     P(bar):    0.760     
Step:  1259999    NAcc:  629999     fAcc:  0.500      Maxd:  0.26586    E*/N:  -4.71199   P*:     nan        P*cold: nan        Mu*_xs: -0.00000   Cv*/N_xs:  0.00000         E(kJ/mol): -4.700     P(bar):    0.472     
Step:  1279999    NAcc:  640001     fAcc:  0.500      Maxd:  0.62736    E*/N:  -4.65453   P*:     nan        P*cold: nan        Mu*_xs: -0.00000   Cv*/N_xs:  0.00000         E(kJ/mol): -4.642     P(bar):    0.667     
Step:  1299999    NAcc:  649998     fAcc:  0.500      Maxd:  1.23333    E*/N:  -4.62333   P*:     nan        P*cold: nan        Mu*_xs: -0.00000   Cv*/N_xs:  0.00000         E(kJ/mol): -4.611     P(bar):    0.799     
Step:  1319999    NAcc:  659999     fAcc:  0.500      Maxd:  0.70486    E*/N:  -4.69474   P*:     nan        P*cold: nan        Mu*_xs: -0.00000   Cv*/N_xs:  0.00000         E(kJ/mol): -4.682     P(bar):    0.589     
Step:  1339999    NAcc:  670000     fAcc:  0.500      Maxd:  0.33823    E*/N:  -4.68429   P*:     nan        P*cold: nan        Mu*_xs: -0.00000   Cv*/N_xs:  0.00000         E(kJ/mol): -4.672     P(bar):    0.694     
Step:  1359999    NAcc:  680000     fAcc:  0.500      Maxd:  0.24887    E*/N:  -4.68873   P*:     nan        P*cold: nan        Mu*_xs: -0.00000   Cv*/N_xs:  0.00000         E(kJ/mol): -4.676     P(bar):    0.584     
Step:  1379999    NAcc:  690000     fAcc:  0.500      Maxd:  2.51123    E*/N:  -4.63546   P*:     nan        P*cold: nan        Mu*_xs: -0.00000   Cv*/N_xs:  0.00000         E(kJ/mol): -4.623     P(bar):    0.835     
Step:  1399999    NAcc:  700001     fAcc:  0.500      Maxd:  0.62804    E*/N:  -4.66609   P*:     nan        P*cold: nan        Mu*_xs: -0.00000   Cv*/N_xs:  0.00000         E(kJ/mol): -4.654     P(bar):    0.785     
Step:  1419999    NAcc:  710000     fAcc:  0.500      Maxd:  0.24919    E*/N:  -4.62335   P*:     nan        P*cold: nan        Mu*_xs: -0.00000   Cv*/N_xs:  0.00000         E(kJ/mol): -4.611     P(bar):    0.846     
Step:  1439999    NAcc:  720000     fAcc:  0.500      Maxd:  0.28593    E*/N:  -4.58689   P*:     nan        P*cold: nan        Mu*_xs: -0.00000   Cv*/N_xs:  0.00000         E(kJ/mol): -4.575     P(bar):    0.862     
Step:  1459999    NAcc:  730000     fAcc:  0.500      Maxd:  1.25025    E*/N:  -4.67822   P*:     nan        P*cold: nan        Mu*_xs: -0.00000   Cv*/N_xs:  0.00000         E(kJ/mol): -4.666     P(bar):    0.702     
Step:  1479999    NAcc:  740001     fAcc:  0.500      Maxd:  1.03487    E*/N:  -4.58586   P*:     nan        P*cold: nan        Mu*_xs: -0.00000   Cv*/N_xs:  0.00000         E(kJ/mol): -4.574     P(bar):    1.049     
Step:  1499999    NAcc:  750001     fAcc:  0.500      Maxd:  0.63520    E*/N:  -4.68189   P*:     nan        P*cold: nan        Mu*_xs: -0.00000   Cv*/N_xs:  0.00000         E(kJ/mol): -4.670     P(bar):    0.702     
Step:  1519999    NAcc:  759998     fAcc:  0.500      Maxd:  0.64773    E*/N:  -4.66697   P*:     nan        P*cold: nan        Mu*_xs: -0.00000   Cv*/N_xs:  0.00000         E(kJ/mol): -4.655     P(bar):    0.625     
Step:  1539999    NAcc:  770000     fAcc:  0.500      Maxd:  0.98312    E*/N:  -4.61120   P*:     nan        P*cold: nan        Mu*_xs: -0.00000   Cv*/N_xs:  0.00000         E(kJ/mol): -4.599     P(bar):    0.987     
Step:  1559999    NAcc:  780001     fAcc:  0.500      Maxd:  0.59220    E*/N:  -4.66003   P*:     nan        P*cold: nan        Mu*_xs: -0.00000   Cv*/N_xs:  0.00000         E(kJ/mol): -4.648     P(bar):    0.852     
Step:  1579999    NAcc:  789999     fAcc:  0.500      Maxd:  0.26499    E*/N:  -4.57540   P*:     nan        P*cold: nan        Mu*_xs: -0.00000   Cv*/N_xs:  0.00000         E(kJ/mol): -4.563     P(bar):    1.080     
Step:  1599999    NAcc:  799998     fAcc:  0.500      Maxd:  0.29431    E*/N:  -4.68045   P*:     nan        P*cold: nan        Mu*_xs: -0.00000   Cv*/N_xs:  0.00000         E(kJ/mol): -4.668     P(bar):    0.712     
Step:  1619999    NAcc:  810000     fAcc:  0.500      Maxd:  0.43839    E*/N:  -4.71648   P*:     nan        P*cold: nan        Mu*_xs: -0.00000   Cv*/N_xs:  0.00000         E(kJ/mol): -4.704     P(bar):    0.597     
Step:  1639999    NAcc:  820001     fAcc:  0.500      Maxd:  0.89460    E*/N:  -4.71568   P*:     nan        P*cold: nan        Mu*_xs: -0.00000   Cv*/N_xs:  0.00000         E(kJ/mol): -4.703     P(bar):    0.480     
Step:  1659999    NAcc:  830000     fAcc:  0.500      Maxd:  0.28618    E*/N:  -4.63573   P*:     nan        P*cold: nan        Mu*_xs: -0.00000   Cv*/N_xs:  0.00000         E(kJ/mol): -4.624     P(bar):    0.795     
Step:  1679999    NAcc:  840001     fAcc:  0.500      Maxd:  0.55938    E*/N:  -4.64014   P*:     nan        P*cold: nan        Mu*_xs: -0.00000   Cv*/N_xs:  0.00000         E(kJ/mol): -4.628     P(bar):    0.647     
Step:  1699999    NAcc:  849999     fAcc:  0.500      Maxd:  0.73736    E*/N:  -4.67830   P*:     nan        P*cold: nan        Mu*_xs: -0.00000   Cv*/N_xs:  0.00000         E(kJ/mol): -4.666     P(bar):    0.712     
Step:  1719999    NAcc:  859997     fAcc:  0.500      Maxd:  0.28620    E*/N:  -4.62993   P*:     nan        P*cold: nan        Mu*_xs: -0.00000   Cv*/N_xs:  0.00000         E(kJ/mol): -4.618     P(bar):    0.844     
Step:  1739999    NAcc:  869999     fAcc:  0.500      Maxd:  0.27947    E*/N:  -4.66234   P*:     nan        P*cold: nan        Mu*_xs: -0.00000   Cv*/N_xs:  0.00000         E(kJ/mol): -4.650     P(bar):    0.725     
Step:  1759999    NAcc:  880000     fAcc:  0.500      Maxd:  0.62787    E*/N:  -4.74173   P*:     nan        P*cold: nan        Mu*_xs: -0.00000   Cv*/N_xs:  0.00000         E(kJ/mol): -4.729     P(bar):    0.471     
Step:  1779999    NAcc:  890000     fAcc:  0.500      Maxd:  0.37379    E*/N:  -4.67899   P*:     nan        P*cold: nan        Mu*_xs: -0.00000   Cv*/N_xs:  0.00000         E(kJ/mol): -4.667     P(bar):    0.613     
Step:  1799999    NAcc:  900000     fAcc:  0.500      Maxd:  0.37623    E*/N:  -4.72336   P*:     nan        P*cold: nan        Mu*_xs: -0.00000   Cv*/N_xs:  0.00000         E(kJ/mol): -4.711     P(bar):    0.497     
Step:  1819999    NAcc:  909998     fAcc:  0.500      Maxd:  0.25164    E*/N:  -4.68613   P*:     nan        P*cold: nan        Mu*_xs: -0.00000   Cv*/N_xs:  0.00000         E(kJ/mol): -4.674     P(bar):    0.519     
Step:  1839999    NAcc:  920000     fAcc:  0.500      Maxd:  0.24653    E*/N:  -4.67519   P*:     nan        P*cold: nan        Mu*_xs: -0.00000   Cv*/N_xs:  0.00000         E(kJ/mol): -4.663     P(bar):    0.655     
Step:  1859999    NAcc:  929999     fAcc:  0.500      Maxd:  0.29458    E*/N:  -4.66603   P*:     nan        P*cold: nan        Mu*_xs: -0.00000   Cv*/N_xs:  0.00000         E(kJ/mol): -4.654     P(bar):    0.695     
Step:  1879999    NAcc:  939998     fAcc:  0.500      Maxd:  0.28224    E*/N:  -4.69167   P*:     nan        P*cold: nan        Mu*_xs: -0.00000   Cv*/N_xs:  0.00000         E(kJ/mol): -4.679     P(bar):    0.527     
Step:  1899999    NAcc:  949999     fAcc:  0.500      Maxd:  0.30625    E*/N:  -4.66220   P*:     nan        P*cold: nan        Mu*_xs: -0.00000   Cv*/N_xs:  0.00000         E(kJ/mol): -4.650     P(bar):    0.579     
Step:  1919999    NAcc:  959999     fAcc:  0.500      Maxd:  0.66052    E*/N:  -4.72589   P*:     nan        P*cold: nan        Mu*_xs: -0.00000   Cv*/N_xs:  0.00000         E(kJ/mol): -4.714     P(bar):    0.367     
Step:  1939999    NAcc:  970000     fAcc:  0.500      Maxd:  0.27700    E*/N:  -4.63039   P*:     nan        P*cold: nan        Mu*_xs: -0.00000   Cv*/N_xs:  0.00000         E(kJ/mol): -4.618     P(bar):    0.835     
Step:  1959999    NAcc:  979999     fAcc:  0.500      Maxd:  0.27714    E*/N:  -4.71520   P*:     nan        P*cold: nan        Mu*_xs: -0.00000   Cv*/N_xs:  0.00000         E(kJ/mol): -4.703     P(bar):    0.416     
Step:  1979999    NAcc:  990000     fAcc:  0.500      Maxd:  0.28797    E*/N:  -4.64356   P*:     nan        P*cold: nan        Mu*_xs: -0.00000   Cv*/N_xs:  0.00000         E(kJ/mol): -4.631     P(bar):    0.661     
Step:  1999999    NAcc:  999997     fAcc:  0.500      Maxd:  0.25715    E*/N:  -4.63728   P*:     nan        P*cold: nan        Mu*_xs: -0.00000   Cv*/N_xs:  0.00000         E(kJ/mol): -4.625     P(bar):    0.658     
Step:  2019999    NAcc:  1009999    fAcc:  0.500      Maxd:  0.25237    E*/N:  -4.68356   P*:     0.75376    P*cold: -0.08624   Mu*_xs: -2.06896   Cv*/N_xs:  0.45782         E(kJ/mol): -4.671     P(bar):    0.533     
Step:  2039999    NAcc:  1019999    fAcc:  0.500      Maxd:  0.26243    E*/N:  -4.65990   P*:     0.80532    P*cold: -0.03468   Mu*_xs: -2.39854   Cv*/N_xs:  0.47306         E(kJ/mol): -4.648     P(bar):    0.702     
Step:  2059999    NAcc:  1030002    fAcc:  0.500      Maxd:  0.91893    E*/N:  -4.69911   P*:     0.85515    P*cold: 0.01515    Mu*_xs: -2.43765   Cv*/N_xs:  0.58767         E(kJ/mol): -4.687     P(bar):    0.660     
Step:  2079999    NAcc:  1039999    fAcc:  0.500      Maxd:  0.64603    E*/N:  -4.67806   P*:     0.84328    P*cold: 0.00328    Mu*_xs: -2.36988   Cv*/N_xs:  0.69162         E(kJ/mol): -4.666     P(bar):    0.738     
Step:  2099999    NAcc:  1050000    fAcc:  0.500      Maxd:  0.33302    E*/N:  -4.68102   P*:     0.86972    P*cold: 0.02972    Mu*_xs: -2.35611   Cv*/N_xs:  0.63893         E(kJ/mol): -4.669     P(bar):    0.694     
Step:  2119999    NAcc:  1059999    fAcc:  0.500      Maxd:  0.26964    E*/N:  -4.67713   P*:     0.86073    P*cold: 0.02073    Mu*_xs: -2.32708   Cv*/N_xs:  0.66674         E(kJ/mol): -4.665     P(bar):    0.675     
Step:  2139999    NAcc:  1069998    fAcc:  0.500      Maxd:  0.24950    E*/N:  -4.62757   P*:     0.83826    P*cold: -0.00174   Mu*_xs: -2.28720   Cv*/N_xs:  0.71393         E(kJ/mol): -4.615     P(bar):    0.717     
Step:  2159999    NAcc:  1079998    fAcc:  0.500      Maxd:  0.49296    E*/N:  -4.60311   P*:     0.83162    P*cold: -0.00838   Mu*_xs: -2.22024   Cv*/N_xs:  0.67028         E(kJ/mol): -4.591     P(bar):    0.941     
Step:  2179999    NAcc:  1089999    fAcc:  0.500      Maxd:  0.24857    E*/N:  -4.63013   P*:     0.83524    P*cold: -0.00476   Mu*_xs: -2.18833   Cv*/N_xs:  0.66119         E(kJ/mol): -4.618     P(bar):    0.771     
Step:  2199999    NAcc:  1099998    fAcc:  0.500      Maxd:  0.24746    E*/N:  -4.67617   P*:     0.83342    P*cold: -0.00658   Mu*_xs: -2.16372   Cv*/N_xs:  0.65708         E(kJ/mol): -4.664     P(bar):    0.681     
Step:  2219999    NAcc:  1109997    fAcc:  0.500      Maxd:  0.26570    E*/N:  -4.69857   P*:     0.81737    P*cold: -0.02263   Mu*_xs: -2.13690   Cv*/N_xs:  0.67575         E(kJ/mol): -4.686     P(bar):    0.511     
Step:  2239999    NAcc:  1120000    fAcc:  0.500      Maxd:  0.27095    E*/N:  -4.65092   P*:     0.80558    P*cold: -0.03442   Mu*_xs: -2.15301   Cv*/N_xs:  0.68615         E(kJ/mol): -4.639     P(bar):    0.625     
Step:  2259999    NAcc:  1129999    fAcc:  0.500      Maxd:  0.26531    E*/N:  -4.65582   P*:     0.80424    P*cold: -0.03576   Mu*_xs: -2.12824   Cv*/N_xs:  0.69668         E(kJ/mol): -4.644     P(bar):    0.701     
Step:  2279999    NAcc:  1139999    fAcc:  0.500      Maxd:  0.24741    E*/N:  -4.71203   P*:     0.80232    P*cold: -0.03768   Mu*_xs: -2.18677   Cv*/N_xs:  0.68036         E(kJ/mol): -4.700     P(bar):    0.558     
Step:  2299999    NAcc:  1149997    fAcc:  0.500      Maxd:  0.26718    E*/N:  -4.76793   P*:     0.78725    P*cold: -0.05275   Mu*_xs: -2.18722   Cv*/N_xs:  0.78267         E(kJ/mol): -4.755     P(bar):    0.439     
Step:  2319999    NAcc:  1160002    fAcc:  0.500      Maxd:  0.55307    E*/N:  -4.68530   P*:     0.78536    P*cold: -0.05464   Mu*_xs: -2.17918   Cv*/N_xs:  0.80633         E(kJ/mol): -4.673     P(bar):    0.656     
Step:  2339999    NAcc:  1170000    fAcc:  0.500      Maxd:  0.28869    E*/N:  -4.73368   P*:     0.77814    P*cold: -0.06186   Mu*_xs: -2.15901   Cv*/N_xs:  0.79709         E(kJ/mol): -4.721     P(bar):    0.368     
Step:  2359999    NAcc:  1180000    fAcc:  0.500      Maxd:  0.29527    E*/N:  -4.61949   P*:     0.78133    P*cold: -0.05867   Mu*_xs: -2.16971   Cv*/N_xs:  0.77915         E(kJ/mol): -4.607     P(bar):    0.866     
Step:  2379999    NAcc:  1190001    fAcc:  0.500      Maxd:  0.70254    E*/N:  -4.72994   P*:     0.78403    P*cold: -0.05597   Mu*_xs: -2.22460   Cv*/N_xs:  0.77135         E(kJ/mol): -4.718     P(bar):    0.537     
Step:  2399999    NAcc:  1199997    fAcc:  0.500      Maxd:  0.28733    E*/N:  -4.69377   P*:     0.78304    P*cold: -0.05696   Mu*_xs: -2.22325   Cv*/N_xs:  0.75952         E(kJ/mol): -4.681     P(bar):    0.531     
Step:  2419999    NAcc:  1210002    fAcc:  0.500      Maxd:  1.20614    E*/N:  -4.69267   P*:     0.78129    P*cold: -0.05871   Mu*_xs: -2.20861   Cv*/N_xs:  0.75275         E(kJ/mol): -4.680     P(bar):    0.609     
Step:  2439999    NAcc:  1220002    fAcc:  0.500      Maxd:  0.57128    E*/N:  -4.64142   P*:     0.78558    P*cold: -0.05442   Mu*_xs: -2.21460   Cv*/N_xs:  0.73730         E(kJ/mol): -4.629     P(bar):    0.764     
Step:  2459999    NAcc:  1229999    fAcc:  0.500      Maxd:  0.31116    E*/N:  -4.69754   P*:     0.78888    P*cold: -0.05112   Mu*_xs: -2.20446   Cv*/N_xs:  0.72578         E(kJ/mol): -4.685     P(bar):    0.432     
Step:  2479999    NAcc:  1239999    fAcc:  0.500      Maxd:  0.25454    E*/N:  -4.64660   P*:     0.78305    P*cold: -0.05695   Mu*_xs: -2.19328   Cv*/N_xs:  0.74546         E(kJ/mol): -4.634     P(bar):    0.695     
Step:  2499999    NAcc:  1250000    fAcc:  0.500      Maxd:  0.27926    E*/N:  -4.64027   P*:     0.77850    P*cold: -0.06150   Mu*_xs: -2.19187   Cv*/N_xs:  0.74629         E(kJ/mol): -4.628     P(bar):    0.697     
Step:  2519999    NAcc:  1259999    fAcc:  0.500      Maxd:  0.26469    E*/N:  -4.63128   P*:     0.77341    P*cold: -0.06659   Mu*_xs: -2.17477   Cv*/N_xs:  0.74791         E(kJ/mol): -4.619     P(bar):    0.666     
Step:  2539999    NAcc:  1269998    fAcc:  0.500      Maxd:  0.27899    E*/N:  -4.64519   P*:     0.77025    P*cold: -0.06975   Mu*_xs: -2.16907   Cv*/N_xs:  0.72807         E(kJ/mol): -4.633     P(bar):    0.836     
Step:  2559999    NAcc:  1279998    fAcc:  0.500      Maxd:  0.90530    E*/N:  -4.61401   P*:     0.77806    P*cold: -0.06194   Mu*_xs: -2.16806   Cv*/N_xs:  0.73480         E(kJ/mol): -4.602     P(bar):    0.836     
Step:  2579999    NAcc:  1289998    fAcc:  0.500      Maxd:  0.26134    E*/N:  -4.67208   P*:     0.77893    P*cold: -0.06107   Mu*_xs: -2.16579   Cv*/N_xs:  0.72619         E(kJ/mol): -4.660     P(bar):    0.609     
Step:  2599999    NAcc:  1300000    fAcc:  0.500      Maxd:  0.26878    E*/N:  -4.65606   P*:     0.78083    P*cold: -0.05917   Mu*_xs: -2.16543   Cv*/N_xs:  0.71141         E(kJ/mol): -4.644     P(bar):    0.740     
Step:  2619999    NAcc:  1309999    fAcc:  0.500      Maxd:  0.36814    E*/N:  -4.63994   P*:     0.78777    P*cold: -0.05223   Mu*_xs: -2.18192   Cv*/N_xs:  0.70857         E(kJ/mol): -4.628     P(bar):    0.779     
Step:  2639999    NAcc:  1319999    fAcc:  0.500      Maxd:  0.28451    E*/N:  -4.71088   P*:     0.78518    P*cold: -0.05482   Mu*_xs: -2.18080   Cv*/N_xs:  0.72858         E(kJ/mol): -4.699     P(bar):    0.496     
Step:  2659999    NAcc:  1329999    fAcc:  0.500      Maxd:  0.28933    E*/N:  -4.69923   P*:     0.78453    P*cold: -0.05547   Mu*_xs: -2.17372   Cv*/N_xs:  0.72181         E(kJ/mol): -4.687     P(bar):    0.590     
Step:  2679999    NAcc:  1340000    fAcc:  0.500      Maxd:  0.72412    E*/N:  -4.65944   P*:     0.78441    P*cold: -0.05559   Mu*_xs: -2.16706   Cv*/N_xs:  0.71932         E(kJ/mol): -4.647     P(bar):    0.667     
Step:  2699999    NAcc:  1349999    fAcc:  0.500      Maxd:  0.27362    E*/N:  -4.68453   P*:     0.78879    P*cold: -0.05121   Mu*_xs: -2.17113   Cv*/N_xs:  0.72886         E(kJ/mol): -4.672     P(bar):    0.652     
Step:  2719999    NAcc:  1360000    fAcc:  0.500      Maxd:  0.27694    E*/N:  -4.59975   P*:     0.79312    P*cold: -0.04688   Mu*_xs: -2.16692   Cv*/N_xs:  0.72991         E(kJ/mol): -4.588     P(bar):    0.925     
Step:  2739999    NAcc:  1370000    fAcc:  0.500      Maxd:  0.26834    E*/N:  -4.65146   P*:     0.79767    P*cold: -0.04233   Mu*_xs: -2.17084   Cv*/N_xs:  0.73116         E(kJ/mol): -4.639     P(bar):    0.883     
Step:  2759999    NAcc:  1380000    fAcc:  0.500      Maxd:  0.26653    E*/N:  -4.68815   P*:     0.79797    P*cold: -0.04203   Mu*_xs: -2.16445   Cv*/N_xs:  0.73141         E(kJ/mol): -4.676     P(bar):    0.714     
Step:  2779999    NAcc:  1390000    fAcc:  0.500      Maxd:  0.26740    E*/N:  -4.64721   P*:     0.79945    P*cold: -0.04055   Mu*_xs: -2.16054   Cv*/N_xs:  0.72736         E(kJ/mol): -4.635     P(bar):    0.842     
Step:  2799999    NAcc:  1399999    fAcc:  0.500      Maxd:  0.28051    E*/N:  -4.66982   P*:     0.80341    P*cold: -0.03659   Mu*_xs: -2.17555   Cv*/N_xs:  0.72163         E(kJ/mol): -4.658     P(bar):    0.607     
Step:  2819999    NAcc:  1410000    fAcc:  0.500      Maxd:  0.29023    E*/N:  -4.58637   P*:     0.80455    P*cold: -0.03545   Mu*_xs: -2.16784   Cv*/N_xs:  0.72393         E(kJ/mol): -4.574     P(bar):    0.978     
Step:  2839999    NAcc:  1419998    fAcc:  0.500      Maxd:  0.28519    E*/N:  -4.68714   P*:     0.80869    P*cold: -0.03131   Mu*_xs: -2.15613   Cv*/N_xs:  0.73690         E(kJ/mol): -4.675     P(bar):    0.695     
Step:  2859999    NAcc:  1429999    fAcc:  0.500      Maxd:  0.24651    E*/N:  -4.65466   P*:     0.81062    P*cold: -0.02938   Mu*_xs: -2.15463   Cv*/N_xs:  0.73151         E(kJ/mol): -4.642     P(bar):    0.824     
Step:  2879999    NAcc:  1439997    fAcc:  0.500      Maxd:  0.28271    E*/N:  -4.66977   P*:     0.81463    P*cold: -0.02537   Mu*_xs: -2.15406   Cv*/N_xs:  0.72802         E(kJ/mol): -4.658     P(bar):    0.791     
Step:  2899999    NAcc:  1450001    fAcc:  0.500      Maxd:  0.51131    E*/N:  -4.66553   P*:     0.82126    P*cold: -0.01874   Mu*_xs: -2.15572   Cv*/N_xs:  0.74245         E(kJ/mol): -4.653     P(bar):    0.927     
Step:  2919999    NAcc:  1460001    fAcc:  0.500      Maxd:  1.15857    E*/N:  -4.71589   P*:     0.82656    P*cold: -0.01344   Mu*_xs: -2.17532   Cv*/N_xs:  0.73709         E(kJ/mol): -4.704     P(bar):    0.646     
Step:  2939999    NAcc:  1469998    fAcc:  0.500      Maxd:  0.27046    E*/N:  -4.68759   P*:     0.83038    P*cold: -0.00962   Mu*_xs: -2.16968   Cv*/N_xs:  0.74768         E(kJ/mol): -4.675     P(bar):    0.717     
Step:  2959999    NAcc:  1480001    fAcc:  0.500      Maxd:  0.41620    E*/N:  -4.65641   P*:     0.83027    P*cold: -0.00973   Mu*_xs: -2.16275   Cv*/N_xs:  0.74368         E(kJ/mol): -4.644     P(bar):    0.677     
Step:  2979999    NAcc:  1489999    fAcc:  0.500      Maxd:  0.29651    E*/N:  -4.70872   P*:     0.82821    P*cold: -0.01179   Mu*_xs: -2.15873   Cv*/N_xs:  0.74203         E(kJ/mol): -4.696     P(bar):    0.589     
Step:  2999999    NAcc:  1500001    fAcc:  0.500      Maxd:  0.53252    E*/N:  -4.62236   P*:     0.82944    P*cold: -0.01056   Mu*_xs: -2.15852   Cv*/N_xs:  0.74105         E(kJ/mol): -4.610     P(bar):    0.749     
Step:  3019999    NAcc:  1509999    fAcc:  0.500      Maxd:  0.30328    E*/N:  -4.72413   P*:     0.82874    P*cold: -0.01126   Mu*_xs: -2.15219   Cv*/N_xs:  0.73477         E(kJ/mol): -4.712     P(bar):    0.524     
Step:  3039999    NAcc:  1520001    fAcc:  0.500      Maxd:  0.37825    E*/N:  -4.74986   P*:     0.82765    P*cold: -0.01235   Mu*_xs: -2.15123   Cv*/N_xs:  0.73179         E(kJ/mol): -4.737     P(bar):    0.479     
Step:  3059999    NAcc:  1530001    fAcc:  0.500      Maxd:  0.73123    E*/N:  -4.68486   P*:     0.82250    P*cold: -0.01750   Mu*_xs: -2.15065   Cv*/N_xs:  0.76273         E(kJ/mol): -4.673     P(bar):    0.589     
Step:  3079999    NAcc:  1539999    fAcc:  0.500      Maxd:  0.26739    E*/N:  -4.65204   P*:     0.82135    P*cold: -0.01865   Mu*_xs: -2.14601   Cv*/N_xs:  0.75462         E(kJ/mol): -4.640     P(bar):    0.694     
Step:  3099999    NAcc:  1549999    fAcc:  0.500      Maxd:  0.28183    E*/N:  -4.63457   P*:     0.82043    P*cold: -0.01957   Mu*_xs: -2.13864   Cv*/N_xs:  0.74979         E(kJ/mol): -4.622     P(bar):    0.809     
Step:  3119999    NAcc:  1560000    fAcc:  0.500      Maxd:  0.24563    E*/N:  -4.71867   P*:     0.81953    P*cold: -0.02047   Mu*_xs: -2.13706   Cv*/N_xs:  0.74644         E(kJ/mol): -4.706     P(bar):    0.493     
Step:  3139999    NAcc:  1569999    fAcc:  0.500      Maxd:  0.31491    E*/N:  -4.64480   P*:     0.81915    P*cold: -0.02085   Mu*_xs: -2.12976   Cv*/N_xs:  0.74693         E(kJ/mol): -4.633     P(bar):    0.778     
Step:  3159999    NAcc:  1579999    fAcc:  0.500      Maxd:  0.29536    E*/N:  -4.69498   P*:     0.81974    P*cold: -0.02026   Mu*_xs: -2.12206   Cv*/N_xs:  0.74173         E(kJ/mol): -4.683     P(bar):    0.676     
Step:  3179999    NAcc:  1590000    fAcc:  0.500      Maxd:  0.28023    E*/N:  -4.56991   P*:     0.82200    P*cold: -0.01800   Mu*_xs: -2.12097   Cv*/N_xs:  0.73750         E(kJ/mol): -4.558     P(bar):    1.080     
Step:  3199999    NAcc:  1600000    fAcc:  0.500      Maxd:  0.26362    E*/N:  -4.67591   P*:     0.82388    P*cold: -0.01612   Mu*_xs: -2.13415   Cv*/N_xs:  0.73875         E(kJ/mol): -4.664     P(bar):    0.581     
Step:  3219999    NAcc:  1610000    fAcc:  0.500      Maxd:  0.26231    E*/N:  -4.73027   P*:     0.82254    P*cold: -0.01746   Mu*_xs: -2.13991   Cv*/N_xs:  0.74159         E(kJ/mol): -4.718     P(bar):    0.524     
Step:  3239999    NAcc:  1620000    fAcc:  0.500      Maxd:  0.30015    E*/N:  -4.68857   P*:     0.82385    P*cold: -0.01615   Mu*_xs: -2.14524   Cv*/N_xs:  0.73635         E(kJ/mol): -4.676     P(bar):    0.628     
Step:  3259999    NAcc:  1630001    fAcc:  0.500      Maxd:  1.19988    E*/N:  -4.62336   P*:     0.82395    P*cold: -0.01605   Mu*_xs: -2.14791   Cv*/N_xs:  0.74905         E(kJ/mol): -4.611     P(bar):    0.795     
Step:  3279999    NAcc:  1640001    fAcc:  0.500      Maxd:  0.43157    E*/N:  -4.71444   P*:     0.82297    P*cold: -0.01703   Mu*_xs: -2.14523   Cv*/N_xs:  0.75190         E(kJ/mol): -4.702     P(bar):    0.420     
Step:  3299999    NAcc:  1649999    fAcc:  0.500      Maxd:  0.25475    E*/N:  -4.70973   P*:     0.82076    P*cold: -0.01924   Mu*_xs: -2.14031   Cv*/N_xs:  0.75091         E(kJ/mol): -4.697     P(bar):    0.433     
Step:  3319999    NAcc:  1660001    fAcc:  0.500      Maxd:  0.86714    E*/N:  -4.65230   P*:     0.81898    P*cold: -0.02102   Mu*_xs: -2.13789   Cv*/N_xs:  0.74837         E(kJ/mol): -4.640     P(bar):    0.629     
Step:  3339999    NAcc:  1670000    fAcc:  0.500      Maxd:  0.59963    E*/N:  -4.72786   P*:     0.82018    P*cold: -0.01982   Mu*_xs: -2.13575   Cv*/N_xs:  0.76274         E(kJ/mol): -4.715     P(bar):    0.371     
Step:  3359999    NAcc:  1680000    fAcc:  0.500      Maxd:  0.25046    E*/N:  -4.70375   P*:     0.81842    P*cold: -0.02158   Mu*_xs: -2.13575   Cv*/N_xs:  0.76271         E(kJ/mol): -4.691     P(bar):    0.546     
Step:  3379999    NAcc:  1690000    fAcc:  0.500      Maxd:  0.34937    E*/N:  -4.61503   P*:     0.81831    P*cold: -0.02169   Mu*_xs: -2.13109   Cv*/N_xs:  0.75910         E(kJ/mol): -4.603     P(bar):    0.857     
Step:  3399999    NAcc:  1700001    fAcc:  0.500      Maxd:  1.00025    E*/N:  -4.66314   P*:     0.82052    P*cold: -0.01948   Mu*_xs: -2.13141   Cv*/N_xs:  0.75667         E(kJ/mol): -4.651     P(bar):    0.758     
Step:  3419999    NAcc:  1709998    fAcc:  0.500      Maxd:  0.26379    E*/N:  -4.74434   P*:     0.82106    P*cold: -0.01894   Mu*_xs: -2.13004   Cv*/N_xs:  0.75274         E(kJ/mol): -4.732     P(bar):    0.478     
Step:  3439999    NAcc:  1720000    fAcc:  0.500      Maxd:  1.15752    E*/N:  -4.62579   P*:     0.81999    P*cold: -0.02001   Mu*_xs: -2.13209   Cv*/N_xs:  0.74981         E(kJ/mol): -4.614     P(bar):    0.735     
Step:  3459999    NAcc:  1730000    fAcc:  0.500      Maxd:  0.39097    E*/N:  -4.64246   P*:     0.81839    P*cold: -0.02161   Mu*_xs: -2.12990   Cv*/N_xs:  0.75194         E(kJ/mol): -4.630     P(bar):    0.627     
Step:  3479999    NAcc:  1740000    fAcc:  0.500      Maxd:  0.59863    E*/N:  -4.63384   P*:     0.81919    P*cold: -0.02081   Mu*_xs: -2.12905   Cv*/N_xs:  0.75982         E(kJ/mol): -4.622     P(bar):    0.758     
Step:  3499999    NAcc:  1750000    fAcc:  0.500      Maxd:  0.28661    E*/N:  -4.68113   P*:     0.81752    P*cold: -0.02248   Mu*_xs: -2.13304   Cv*/N_xs:  0.75952         E(kJ/mol): -4.669     P(bar):    0.484     
Step:  3519999    NAcc:  1760000    fAcc:  0.500      Maxd:  0.26295    E*/N:  -4.67197   P*:     0.81798    P*cold: -0.02202   Mu*_xs: -2.12997   Cv*/N_xs:  0.76153         E(kJ/mol): -4.660     P(bar):    0.703     
Step:  3539999    NAcc:  1770000    fAcc:  0.500      Maxd:  2.45819    E*/N:  -4.63950   P*:     0.81825    P*cold: -0.02175   Mu*_xs: -2.13696   Cv*/N_xs:  0.75639         E(kJ/mol): -4.627     P(bar):    0.809     
Step:  3559999    NAcc:  1780001    fAcc:  0.500      Maxd:  1.65366    E*/N:  -4.65597   P*:     0.81889    P*cold: -0.02111   Mu*_xs: -2.13838   Cv*/N_xs:  0.75264         E(kJ/mol): -4.644     P(bar):    0.659     
Step:  3579999    NAcc:  1790000    fAcc:  0.500      Maxd:  0.28900    E*/N:  -4.72463   P*:     0.81766    P*cold: -0.02234   Mu*_xs: -2.13459   Cv*/N_xs:  0.74821         E(kJ/mol): -4.712     P(bar):    0.508     
Step:  3599999    NAcc:  1799998    fAcc:  0.500      Maxd:  0.58417    E*/N:  -4.64981   P*:     0.81804    P*cold: -0.02196   Mu*_xs: -2.13448   Cv*/N_xs:  0.74205         E(kJ/mol): -4.638     P(bar):    0.730     
Step:  3619999    NAcc:  1810001    fAcc:  0.500      Maxd:  1.21895    E*/N:  -4.66668   P*:     0.81662    P*cold: -0.02338   Mu*_xs: -2.13624   Cv*/N_xs:  0.74819         E(kJ/mol): -4.654     P(bar):    0.713     
Step:  3639999    NAcc:  1819999    fAcc:  0.500      Maxd:  0.28385    E*/N:  -4.66221   P*:     0.81765    P*cold: -0.02235   Mu*_xs: -2.13694   Cv*/N_xs:  0.74529         E(kJ/mol): -4.650     P(bar):    0.715     
Step:  3659999    NAcc:  1830001    fAcc:  0.500      Maxd:  1.68386    E*/N:  -4.62671   P*:     0.81687    P*cold: -0.02313   Mu*_xs: -2.13562   Cv*/N_xs:  0.74203         E(kJ/mol): -4.615     P(bar):    0.794     
Step:  3679999    NAcc:  1840001    fAcc:  0.500      Maxd:  0.84886    E*/N:  -4.62253   P*:     0.81707    P*cold: -0.02293   Mu*_xs: -2.13409   Cv*/N_xs:  0.74048         E(kJ/mol): -4.610     P(bar):    0.738     
Step:  3699999    NAcc:  1850002    fAcc:  0.500      Maxd:  0.53639    E*/N:  -4.65633   P*:     0.81704    P*cold: -0.02296   Mu*_xs: -2.13232   Cv*/N_xs:  0.73709         E(kJ/mol): -4.644     P(bar):    0.742     
Step:  3719999    NAcc:  1859999    fAcc:  0.500      Maxd:  0.41236    E*/N:  -4.67964   P*:     0.81724    P*cold: -0.02276   Mu*_xs: -2.13065   Cv*/N_xs:  0.73817         E(kJ/mol): -4.667     P(bar):    0.567     
Step:  3739999    NAcc:  1870000    fAcc:  0.500      Maxd:  0.45116    E*/N:  -4.67611   P*:     0.81578    P*cold: -0.02422   Mu*_xs: -2.13063   Cv*/N_xs:  0.73710         E(kJ/mol): -4.664     P(bar):    0.588     
Step:  3759999    NAcc:  1879997    fAcc:  0.500      Maxd:  0.27796    E*/N:  -4.59820   P*:     0.81324    P*cold: -0.02676   Mu*_xs: -2.13185   Cv*/N_xs:  0.75015         E(kJ/mol): -4.586     P(bar):    0.840     
Step:  3779999    NAcc:  1890000    fAcc:  0.500      Maxd:  1.11203    E*/N:  -4.65099   P*:     0.81335    P*cold: -0.02665   Mu*_xs: -2.13114   Cv*/N_xs:  0.74716         E(kJ/mol): -4.639     P(bar):    0.745     
Step:  3799999    NAcc:  1900000    fAcc:  0.500      Maxd:  0.35968    E*/N:  -4.64266   P*:     0.81289    P*cold: -0.02711   Mu*_xs: -2.13213   Cv*/N_xs:  0.74852         E(kJ/mol): -4.631     P(bar):    0.792     
Step:  3819999    NAcc:  1910001    fAcc:  0.500      Maxd:  0.52290    E*/N:  -4.65760   P*:     0.81461    P*cold: -0.02539   Mu*_xs: -2.13047   Cv*/N_xs:  0.75241         E(kJ/mol): -4.645     P(bar):    0.671     
Step:  3839999    NAcc:  1920000    fAcc:  0.500      Maxd:  2.17856    E*/N:  -4.76500   P*:     0.81247    P*cold: -0.02753   Mu*_xs: -2.13029   Cv*/N_xs:  0.76272         E(kJ/mol): -4.753     P(bar):    0.296     
Step:  3859999    NAcc:  1929998    fAcc:  0.500      Maxd:  0.26619    E*/N:  -4.67044   P*:     0.81175    P*cold: -0.02825   Mu*_xs: -2.13284   Cv*/N_xs:  0.76088         E(kJ/mol): -4.658     P(bar):    0.764     
Step:  3879999    NAcc:  1939998    fAcc:  0.500      Maxd:  0.27680    E*/N:  -4.71289   P*:     0.81245    P*cold: -0.02755   Mu*_xs: -2.12940   Cv*/N_xs:  0.75847         E(kJ/mol): -4.701     P(bar):    0.547     
Step:  3899999    NAcc:  1950001    fAcc:  0.500      Maxd:  0.75831    E*/N:  -4.66880   P*:     0.81261    P*cold: -0.02739   Mu*_xs: -2.13159   Cv*/N_xs:  0.75692         E(kJ/mol): -4.657     P(bar):    0.770     
Step:  3919999    NAcc:  1960000    fAcc:  0.500      Maxd:  0.29923    E*/N:  -4.53985   P*:     0.81253    P*cold: -0.02747   Mu*_xs: -2.13461   Cv*/N_xs:  0.76586         E(kJ/mol): -4.528     P(bar):    1.258     
Step:  3939999    NAcc:  1970001    fAcc:  0.500      Maxd:  0.42800    E*/N:  -4.64832   P*:     0.81289    P*cold: -0.02711   Mu*_xs: -2.13542   Cv*/N_xs:  0.76324         E(kJ/mol): -4.636     P(bar):    0.795     
Step:  3959999    NAcc:  1979998    fAcc:  0.500      Maxd:  0.26541    E*/N:  -4.65425   P*:     0.81422    P*cold: -0.02578   Mu*_xs: -2.13578   Cv*/N_xs:  0.76000         E(kJ/mol): -4.642     P(bar):    0.850     
Step:  3979999    NAcc:  1990001    fAcc:  0.500      Maxd:  0.88729    E*/N:  -4.70270   P*:     0.81542    P*cold: -0.02458   Mu*_xs: -2.13925   Cv*/N_xs:  0.75668         E(kJ/mol): -4.690     P(bar):    0.545     
Step:  3999999    NAcc:  1999999    fAcc:  0.500      Maxd:  0.29273    E*/N:  -4.60350   P*:     0.81617    P*cold: -0.02383   Mu*_xs: -2.13981   Cv*/N_xs:  0.75929         E(kJ/mol): -4.591     P(bar):    0.919     
Step:  4019999    NAcc:  2010001    fAcc:  0.500      Maxd:  1.43915    E*/N:  -4.63773   P*:     0.81623    P*cold: -0.02377   Mu*_xs: -2.13992   Cv*/N_xs:  0.75752         E(kJ/mol): -4.626     P(bar):    0.780     
Step:  4039999    NAcc:  2020002    fAcc:  0.500      Maxd:  0.51518    E*/N:  -4.64722   P*:     0.81665    P*cold: -0.02335   Mu*_xs: -2.14322   Cv*/N_xs:  0.75461         E(kJ/mol): -4.635     P(bar):    0.847     
Step:  4059999    NAcc:  2030001    fAcc:  0.500      Maxd:  0.46759    E*/N:  -4.65228   P*:     0.81654    P*cold: -0.02346   Mu*_xs: -2.14447   Cv*/N_xs:  0.75381         E(kJ/mol): -4.640     P(bar):    0.707     
Step:  4079999    NAcc:  2040000    fAcc:  0.500      Maxd:  0.82416    E*/N:  -4.70426   P*:     0.81620    P*cold: -0.02380   Mu*_xs: -2.14446   Cv*/N_xs:  0.75221         E(kJ/mol): -4.692     P(bar):    0.517     
Step:  4099999    NAcc:  2050000    fAcc:  0.500      Maxd:  0.57565    E*/N:  -4.67777   P*:     0.81623    P*cold: -0.02377   Mu*_xs: -2.14487   Cv*/N_xs:  0.74854         E(kJ/mol): -4.666     P(bar):    0.740     
Step:  4119999    NAcc:  2059998    fAcc:  0.500      Maxd:  0.25687    E*/N:  -4.68277   P*:     0.81656    P*cold: -0.02344   Mu*_xs: -2.14459   Cv*/N_xs:  0.74333         E(kJ/mol): -4.671     P(bar):    0.690     
Step:  4139999    NAcc:  2070000    fAcc:  0.500      Maxd:  2.52976    E*/N:  -4.68199   P*:     0.81847    P*cold: -0.02153   Mu*_xs: -2.14295   Cv*/N_xs:  0.74775         E(kJ/mol): -4.670     P(bar):    0.690     
Step:  4159999    NAcc:  2079999    fAcc:  0.500      Maxd:  0.26090    E*/N:  -4.68408   P*:     0.81830    P*cold: -0.02170   Mu*_xs: -2.14359   Cv*/N_xs:  0.74351         E(kJ/mol): -4.672     P(bar):    0.634     
Step:  4179999    NAcc:  2089998    fAcc:  0.500      Maxd:  0.29839    E*/N:  -4.71559   P*:     0.81762    P*cold: -0.02238   Mu*_xs: -2.13951   Cv*/N_xs:  0.73917         E(kJ/mol): -4.703     P(bar):    0.515     
Step:  4199999    NAcc:  2100001    fAcc:  0.500      Maxd:  0.77459    E*/N:  -4.72434   P*:     0.81695    P*cold: -0.02305   Mu*_xs: -2.13507   Cv*/N_xs:  0.73849         E(kJ/mol): -4.712     P(bar):    0.495     
Step:  4219999    NAcc:  2110000    fAcc:  0.500      Maxd:  0.69517    E*/N:  -4.69712   P*:     0.81546    P*cold: -0.02454   Mu*_xs: -2.13225   Cv*/N_xs:  0.73552         E(kJ/mol): -4.685     P(bar):    0.530     
Step:  4239999    NAcc:  2120000    fAcc:  0.500      Maxd:  0.30330    E*/N:  -4.65292   P*:     0.81448    P*cold: -0.02552   Mu*_xs: -2.12977   Cv*/N_xs:  0.73273         E(kJ/mol): -4.641     P(bar):    0.664     
Step:  4259999    NAcc:  2130000    fAcc:  0.500      Maxd:  0.27152    E*/N:  -4.64846   P*:     0.81369    P*cold: -0.02631   Mu*_xs: -2.12927   Cv*/N_xs:  0.73063         E(kJ/mol): -4.636     P(bar):    0.666     
Step:  4279999    NAcc:  2139999    fAcc:  0.500      Maxd:  0.26747    E*/N:  -4.70158   P*:     0.81299    P*cold: -0.02701   Mu*_xs: -2.12782   Cv*/N_xs:  0.72993         E(kJ/mol): -4.689     P(bar):    0.596     
Step:  4299999    NAcc:  2149997    fAcc:  0.500      Maxd:  0.25897    E*/N:  -4.66071   P*:     0.81267    P*cold: -0.02733   Mu*_xs: -2.12872   Cv*/N_xs:  0.72776         E(kJ/mol): -4.649     P(bar):    0.729     
Step:  4319999    NAcc:  2160000    fAcc:  0.500      Maxd:  0.36026    E*/N:  -4.72757   P*:     0.81245    P*cold: -0.02755   Mu*_xs: -2.12779   Cv*/N_xs:  0.72589         E(kJ/mol): -4.715     P(bar):    0.484     
Step:  4339999    NAcc:  2170001    fAcc:  0.500      Maxd:  0.37471    E*/N:  -4.62084   P*:     0.81195    P*cold: -0.02805   Mu*_xs: -2.12436   Cv*/N_xs:  0.72734         E(kJ/mol): -4.609     P(bar):    0.892     
Step:  4359999    NAcc:  2180000    fAcc:  0.500      Maxd:  0.28498    E*/N:  -4.72133   P*:     0.81149    P*cold: -0.02851   Mu*_xs: -2.12651   Cv*/N_xs:  0.72909         E(kJ/mol): -4.709     P(bar):    0.504     
Step:  4379999    NAcc:  2190000    fAcc:  0.500      Maxd:  0.28299    E*/N:  -4.77751   P*:     0.81028    P*cold: -0.02972   Mu*_xs: -2.12844   Cv*/N_xs:  0.73614         E(kJ/mol): -4.765     P(bar):    0.362     
Step:  4399999    NAcc:  2200000    fAcc:  0.500      Maxd:  0.29258    E*/N:  -4.66792   P*:     0.81033    P*cold: -0.02967   Mu*_xs: -2.12736   Cv*/N_xs:  0.73448         E(kJ/mol): -4.656     P(bar):    0.621     
Step:  4419999    NAcc:  2210002    fAcc:  0.500      Maxd:  0.79694    E*/N:  -4.76352   P*:     0.80931    P*cold: -0.03069   Mu*_xs: -2.12732   Cv*/N_xs:  0.73262         E(kJ/mol): -4.751     P(bar):    0.316     
Step:  4439999    NAcc:  2220000    fAcc:  0.500      Maxd:  0.40835    E*/N:  -4.65620   P*:     0.80844    P*cold: -0.03156   Mu*_xs: -2.12912   Cv*/N_xs:  0.73500         E(kJ/mol): -4.644     P(bar):    0.827     
Step:  4459999    NAcc:  2230000    fAcc:  0.500      Maxd:  0.26095    E*/N:  -4.61040   P*:     0.80816    P*cold: -0.03184   Mu*_xs: -2.12825   Cv*/N_xs:  0.73761         E(kJ/mol): -4.598     P(bar):    0.894     
Step:  4479999    NAcc:  2240000    fAcc:  0.500      Maxd:  0.78469    E*/N:  -4.64493   P*:     0.81005    P*cold: -0.02995   Mu*_xs: -2.12858   Cv*/N_xs:  0.74507         E(kJ/mol): -4.633     P(bar):    0.751     
Step:  4499999    NAcc:  2249998    fAcc:  0.500      Maxd:  0.36777    E*/N:  -4.67576   P*:     0.81086    P*cold: -0.02914   Mu*_xs: -2.12419   Cv*/N_xs:  0.74315         E(kJ/mol): -4.664     P(bar):    0.700     
Step:  4519999    NAcc:  2259999    fAcc:  0.500      Maxd:  0.28976    E*/N:  -4.62492   P*:     0.81027    P*cold: -0.02973   Mu*_xs: -2.12291   Cv*/N_xs:  0.74345         E(kJ/mol): -4.613     P(bar):    0.765     
Step:  4539999    NAcc:  2270000    fAcc:  0.500      Maxd:  0.29166    E*/N:  -4.66385   P*:     0.81152    P*cold: -0.02848   Mu*_xs: -2.12044   Cv*/N_xs:  0.74590         E(kJ/mol): -4.652     P(bar):    0.744     
Step:  4559999    NAcc:  2280000    fAcc:  0.500      Maxd:  0.26826    E*/N:  -4.63384   P*:     0.81130    P*cold: -0.02870   Mu*_xs: -2.11980   Cv*/N_xs:  0.74356         E(kJ/mol): -4.622     P(bar):    0.845     
Step:  4579999    NAcc:  2289999    fAcc:  0.500      Maxd:  0.28141    E*/N:  -4.61184   P*:     0.81237    P*cold: -0.02763   Mu*_xs: -2.11713   Cv*/N_xs:  0.74692         E(kJ/mol): -4.600     P(bar):    0.988     
Step:  4599999    NAcc:  2300002    fAcc:  0.500      Maxd:  0.52370    E*/N:  -4.71659   P*:     0.81207    P*cold: -0.02793   Mu*_xs: -2.12055   Cv*/N_xs:  0.74670         E(kJ/mol): -4.704     P(bar):    0.651     
Step:  4619999    NAcc:  2309997    fAcc:  0.500      Maxd:  0.25606    E*/N:  -4.68908   P*:     0.81078    P*cold: -0.02922   Mu*_xs: -2.12158   Cv*/N_xs:  0.74923         E(kJ/mol): -4.677     P(bar):    0.428     
Step:  4639999    NAcc:  2319999    fAcc:  0.500      Maxd:  0.24861    E*/N:  -4.69287   P*:     0.80953    P*cold: -0.03047   Mu*_xs: -2.11733   Cv*/N_xs:  0.74639         E(kJ/mol): -4.681     P(bar):    0.519     
Step:  4659999    NAcc:  2329999    fAcc:  0.500      Maxd:  0.42066    E*/N:  -4.67031   P*:     0.80829    P*cold: -0.03171   Mu*_xs: -2.11358   Cv*/N_xs:  0.74600         E(kJ/mol): -4.658     P(bar):    0.686     
Step:  4679999    NAcc:  2339998    fAcc:  0.500      Maxd:  0.25930    E*/N:  -4.69035   P*:     0.80807    P*cold: -0.03193   Mu*_xs: -2.11157   Cv*/N_xs:  0.74316         E(kJ/mol): -4.678     P(bar):    0.569     
Step:  4699999    NAcc:  2350000    fAcc:  0.500      Maxd:  0.27557    E*/N:  -4.71181   P*:     0.80693    P*cold: -0.03307   Mu*_xs: -2.10697   Cv*/N_xs:  0.74338         E(kJ/mol): -4.699     P(bar):    0.483     
Step:  4719999    NAcc:  2359999    fAcc:  0.500      Maxd:  0.29500    E*/N:  -4.74594   P*:     0.80608    P*cold: -0.03392   Mu*_xs: -2.10590   Cv*/N_xs:  0.74297         E(kJ/mol): -4.734     P(bar):    0.348     
Step:  4739999    NAcc:  2370000    fAcc:  0.500      Maxd:  0.79095    E*/N:  -4.65788   P*:     0.80511    P*cold: -0.03489   Mu*_xs: -2.10300   Cv*/N_xs:  0.74399         E(kJ/mol): -4.646     P(bar):    0.633     
Step:  4759999    NAcc:  2379996    fAcc:  0.500      Maxd:  0.29627    E*/N:  -4.60910   P*:     0.80445    P*cold: -0.03555   Mu*_xs: -2.10294   Cv*/N_xs:  0.74081         E(kJ/mol): -4.597     P(bar):    0.813     
Step:  4779999    NAcc:  2390001    fAcc:  0.500      Maxd:  0.73611    E*/N:  -4.61028   P*:     0.80444    P*cold: -0.03556   Mu*_xs: -2.10224   Cv*/N_xs:  0.73954         E(kJ/mol): -4.598     P(bar):    0.810     
Step:  4799999    NAcc:  2399996    fAcc:  0.500      Maxd:  0.28895    E*/N:  -4.65019   P*:     0.80414    P*cold: -0.03586   Mu*_xs: -2.10108   Cv*/N_xs:  0.73761         E(kJ/mol): -4.638     P(bar):    0.670     
Step:  4819999    NAcc:  2409999    fAcc:  0.500      Maxd:  0.39103    E*/N:  -4.65104   P*:     0.80372    P*cold: -0.03628   Mu*_xs: -2.10171   Cv*/N_xs:  0.73711         E(kJ/mol): -4.639     P(bar):    0.618     
Step:  4839999    NAcc:  2420001    fAcc:  0.500      Maxd:  0.64787    E*/N:  -4.66471   P*:     0.80364    P*cold: -0.03636   Mu*_xs: -2.09954   Cv*/N_xs:  0.73644         E(kJ/mol): -4.652     P(bar):    0.651     
Step:  4859999    NAcc:  2429999    fAcc:  0.500      Maxd:  0.27977    E*/N:  -4.71490   P*:     0.80407    P*cold: -0.03593   Mu*_xs: -2.10180   Cv*/N_xs:  0.73533         E(kJ/mol): -4.703     P(bar):    0.482     
Step:  4879999    NAcc:  2440000    fAcc:  0.500      Maxd:  1.68270    E*/N:  -4.63391   P*:     0.80389    P*cold: -0.03611   Mu*_xs: -2.10209   Cv*/N_xs:  0.73209         E(kJ/mol): -4.622     P(bar):    0.851     
Step:  4899999    NAcc:  2450001    fAcc:  0.500      Maxd:  0.66068    E*/N:  -4.61728   P*:     0.80412    P*cold: -0.03588   Mu*_xs: -2.10302   Cv*/N_xs:  0.73274         E(kJ/mol): -4.605     P(bar):    0.752     
Step:  4919999    NAcc:  2459999    fAcc:  0.500      Maxd:  0.28904    E*/N:  -4.69168   P*:     0.80344    P*cold: -0.03656   Mu*_xs: -2.10369   Cv*/N_xs:  0.73074         E(kJ/mol): -4.679     P(bar):    0.465     
Step:  4939999    NAcc:  2470000    fAcc:  0.500      Maxd:  0.24569    E*/N:  -4.73533   P*:     0.80172    P*cold: -0.03828   Mu*_xs: -2.10122   Cv*/N_xs:  0.73142         E(kJ/mol): -4.723     P(bar):    0.349     
Step:  4959999    NAcc:  2480001    fAcc:  0.500      Maxd:  0.75449    E*/N:  -4.67578   P*:     0.80093    P*cold: -0.03907   Mu*_xs: -2.10079   Cv*/N_xs:  0.72998         E(kJ/mol): -4.664     P(bar):    0.569     
Step:  4979999    NAcc:  2490000    fAcc:  0.500      Maxd:  0.26914    E*/N:  -4.66622   P*:     0.80043    P*cold: -0.03957   Mu*_xs: -2.10033   Cv*/N_xs:  0.72805         E(kJ/mol): -4.654     P(bar):    0.649     
Step:  4999999    NAcc:  2500001    fAcc:  0.500      Maxd:  1.15207    E*/N:  -4.71116   P*:     0.80059    P*cold: -0.03941   Mu*_xs: -2.09751   Cv*/N_xs:  0.72837         E(kJ/mol): -4.699     P(bar):    0.538     
# Computed average properties: 
 # E*/N:  -4.66957  
 # P*:     0.80059   
 # Cv*/N_xs:   0.72837        
 # Mu*_xs:  -2.09751  
