# Number of atoms:       500
# Atom type:             Ar
# Molar Mass (g/mol):    39.948
# Density (g/cm^3):      0.675339
# LJ sigma (Angstrom):   3.4
# LJ epsilon/kB (K):     120
# LJ cutoff (Angstrom):  13.6
# LJ cutoff (sigma):     4
# Temperature (K):       144
# Number MC steps:       5e+06
# Output frequency:      20000
# Num. den. (atoms/Ang): 0.0101771
# Box length (x):        36.6254
# Box length (y):        36.6254
# Box length (z):        36.6254
# Init. spacing (Ang):   4.06949
# reduc. density (rho*): 0.4
# reduc. temp (T*):      1.2
Step:  19999      NAcc:  10001      fAcc:  0.500      Maxd:  2.14863    E*/N:  -2.98096   P*:     nan        P*cold: nan        Mu*_xs: -0.00000   Cv*/N_xs:  0.00000         E(kJ/mol): -2.973     P(bar):    0.056     
Step:  39999      NAcc:  20000      fAcc:  0.500      Maxd:  1.55625    E*/N:  -2.90942   P*:     nan        P*cold: nan        Mu*_xs: -0.00000   Cv*/N_xs:  0.00000         E(kJ/mol): -2.902     P(bar):    0.207     
Step:  59999      NAcc:  29999      fAcc:  0.500      Maxd:  0.29712    E*/N:  -2.91963   P*:     nan        P*cold: nan        Mu*_xs: -0.00000   Cv*/N_xs:  0.00000         E(kJ/mol): -2.912     P(bar):    0.197     
Step:  79999      NAcc:  40000      fAcc:  0.500      Maxd:  0.80707    E*/N:  -2.93264   P*:     nan        P*cold: nan        Mu*_xs: -0.00000   Cv*/N_xs:  0.00000         E(kJ/mol): -2.925     P(bar):    0.089     
Step:  99999      NAcc:  50000      fAcc:  0.500      Maxd:  0.58397    E*/N:  -2.84885   P*:     nan        P*cold: nan        Mu*_xs: -0.00000   Cv*/N_xs:  0.00000         E(kJ/mol): -2.841     P(bar):    0.065     
Step:  119999     NAcc:  59998      fAcc:  0.500      Maxd:  1.71647    E*/N:  -2.87413   P*:     nan        P*cold: nan        Mu*_xs: -0.00000   Cv*/N_xs:  0.00000         E(kJ/mol): -2.867     P(bar):    0.003     
Step:  139999     NAcc:  69998      fAcc:  0.500      Maxd:  1.13548    E*/N:  -2.78712   P*:     nan        P*cold: nan        Mu*_xs: -0.00000   Cv*/N_xs:  0.00000         E(kJ/mol): -2.780     P(bar):    0.235     
Step:  159999     NAcc:  80001      fAcc:  0.500      Maxd:  0.49677    E*/N:  -2.87940   P*:     nan        P*cold: nan        Mu*_xs: -0.00000   Cv*/N_xs:  0.00000         E(kJ/mol): -2.872     P(bar):    0.112     
Step:  179999     NAcc:  90000      fAcc:  0.500      Maxd:  0.35774    E*/N:  -2.78631   P*:     nan        P*cold: nan        Mu*_xs: -0.00000   Cv*/N_xs:  0.00000         E(kJ/mol): -2.779     P(bar):    0.213     
Step:  199999     NAcc:  100000     fAcc:  0.500      Maxd:  0.33705    E*/N:  -2.84677   P*:     nan        P*cold: nan        Mu*_xs: -0.00000   Cv*/N_xs:  0.00000         E(kJ/mol): -2.839     P(bar):    0.036     
Step:  219999     NAcc:  110000     fAcc:  0.500      Maxd:  0.33748    E*/N:  -2.90373   P*:     nan        P*cold: nan        Mu*_xs: -0.00000   Cv*/N_xs:  0.00000         E(kJ/mol): -2.896     P(bar):    0.064     
Step:  239999     NAcc:  120001     fAcc:  0.500      Maxd:  4.07307    E*/N:  -2.93381   P*:     nan        P*cold: nan        Mu*_xs: -0.00000   Cv*/N_xs:  0.00000         E(kJ/mol): -2.926     P(bar):    0.089     
Step:  259999     NAcc:  129999     fAcc:  0.500      Maxd:  0.32108    E*/N:  -2.85669   P*:     nan        P*cold: nan        Mu*_xs: -0.00000   Cv*/N_xs:  0.00000         E(kJ/mol): -2.849     P(bar):    0.194     
Step:  279999     NAcc:  140001     fAcc:  0.500      Maxd:  6.02019    E*/N:  -2.91885   P*:     nan        P*cold: nan        Mu*_xs: -0.00000   Cv*/N_xs:  0.00000         E(kJ/mol): -2.911     P(bar):    -0.055    
Step:  299999     NAcc:  150000     fAcc:  0.500      Maxd:  0.31773    E*/N:  -2.85074   P*:     nan        P*cold: nan        Mu*_xs: -0.00000   Cv*/N_xs:  0.00000         E(kJ/mol): -2.843     P(bar):    0.028     
Step:  319999     NAcc:  159998     fAcc:  0.500      Maxd:  0.40490    E*/N:  -2.91899   P*:     nan        P*cold: nan        Mu*_xs: -0.00000   Cv*/N_xs:  0.00000         E(kJ/mol): -2.911     P(bar):    0.001     
Step:  339999     NAcc:  169999     fAcc:  0.500      Maxd:  0.68118    E*/N:  -2.85868   P*:     nan        P*cold: nan        Mu*_xs: -0.00000   Cv*/N_xs:  0.00000         E(kJ/mol): -2.851     P(bar):    0.035     
Step:  359999     NAcc:  179998     fAcc:  0.500      Maxd:  3.50691    E*/N:  -2.82085   P*:     nan        P*cold: nan        Mu*_xs: -0.00000   Cv*/N_xs:  0.00000         E(kJ/mol): -2.813     P(bar):    0.135     
Step:  379999     NAcc:  189999     fAcc:  0.500      Maxd:  0.74008    E*/N:  -2.84183   P*:     nan        P*cold: nan        Mu*_xs: -0.00000   Cv*/N_xs:  0.00000         E(kJ/mol): -2.834     P(bar):    0.119     
Step:  399999     NAcc:  199999     fAcc:  0.500      Maxd:  0.33108    E*/N:  -2.89116   P*:     nan        P*cold: nan        Mu*_xs: -0.00000   Cv*/N_xs:  0.00000         E(kJ/mol): -2.884     P(bar):    0.136     
Step:  419999     NAcc:  209999     fAcc:  0.500      Maxd:  0.29388    E*/N:  -2.87832   P*:     nan        P*cold: nan        Mu*_xs: -0.00000   Cv*/N_xs:  0.00000         E(kJ/mol): -2.871     P(bar):    -0.021    
Step:  439999     NAcc:  220000     fAcc:  0.500      Maxd:  0.34819    E*/N:  -2.82725   P*:     nan        P*cold: nan        Mu*_xs: -0.00000   Cv*/N_xs:  0.00000         E(kJ/mol): -2.820     P(bar):    0.096     
Step:  459999     NAcc:  230001     fAcc:  0.500      Maxd:  0.71088    E*/N:  -2.84655   P*:     nan        P*cold: nan        Mu*_xs: -0.00000   Cv*/N_xs:  0.00000         E(kJ/mol): -2.839     P(bar):    0.110     
Step:  479999     NAcc:  240001     fAcc:  0.500      Maxd:  1.36605    E*/N:  -2.79144   P*:     nan        P*cold: nan        Mu*_xs: -0.00000   Cv*/N_xs:  0.00000         E(kJ/mol): -2.784     P(bar):    0.113     
Step:  499999     NAcc:  250000     fAcc:  0.500      Maxd:  2.27184    E*/N:  -2.79105   P*:     nan        P*cold: nan        Mu*_xs: -0.00000   Cv*/N_xs:  0.00000         E(kJ/mol): -2.784     P(bar):    0.064     
Step:  519999     NAcc:  260001     fAcc:  0.500      Maxd:  0.50192    E*/N:  -2.77164   P*:     nan        P*cold: nan        Mu*_xs: -0.00000   Cv*/N_xs:  0.00000         E(kJ/mol): -2.764     P(bar):    0.136     
Step:  539999     NAcc:  270003     fAcc:  0.500      Maxd:  1.40042    E*/N:  -2.80702   P*:     nan        P*cold: nan        Mu*_xs: -0.00000   Cv*/N_xs:  0.00000         E(kJ/mol): -2.800     P(bar):    0.069     
Step:  559999     NAcc:  279998     fAcc:  0.500      Maxd:  1.49579    E*/N:  -2.88715   P*:     nan        P*cold: nan        Mu*_xs: -0.00000   Cv*/N_xs:  0.00000         E(kJ/mol): -2.880     P(bar):    -0.013    
Step:  579999     NAcc:  290001     fAcc:  0.500      Maxd:  0.99771    E*/N:  -2.88631   P*:     nan        P*cold: nan        Mu*_xs: -0.00000   Cv*/N_xs:  0.00000         E(kJ/mol): -2.879     P(bar):    -0.005    
Step:  599999     NAcc:  299999     fAcc:  0.500      Maxd:  1.86606    E*/N:  -2.80921   P*:     nan        P*cold: nan        Mu*_xs: -0.00000   Cv*/N_xs:  0.00000         E(kJ/mol): -2.802     P(bar):    0.098     
Step:  619999     NAcc:  310001     fAcc:  0.500      Maxd:  2.72649    E*/N:  -2.84294   P*:     nan        P*cold: nan        Mu*_xs: -0.00000   Cv*/N_xs:  0.00000         E(kJ/mol): -2.835     P(bar):    0.007     
Step:  639999     NAcc:  320001     fAcc:  0.500      Maxd:  0.67153    E*/N:  -2.84442   P*:     nan        P*cold: nan        Mu*_xs: -0.00000   Cv*/N_xs:  0.00000         E(kJ/mol): -2.837     P(bar):    0.042     
Step:  659999     NAcc:  330001     fAcc:  0.500      Maxd:  0.51317    E*/N:  -2.90097   P*:     nan        P*cold: nan        Mu*_xs: -0.00000   Cv*/N_xs:  0.00000         E(kJ/mol): -2.893     P(bar):    0.031     
Step:  679999     NAcc:  340000     fAcc:  0.500      Maxd:  0.31546    E*/N:  -2.89046   P*:     nan        P*cold: nan        Mu*_xs: -0.00000   Cv*/N_xs:  0.00000         E(kJ/mol): -2.883     P(bar):    0.043     
Step:  699999     NAcc:  349999     fAcc:  0.500      Maxd:  1.07756    E*/N:  -2.88136   P*:     nan        P*cold: nan        Mu*_xs: -0.00000   Cv*/N_xs:  0.00000         E(kJ/mol): -2.874     P(bar):    0.042     
Step:  719999     NAcc:  360000     fAcc:  0.500      Maxd:  0.31092    E*/N:  -2.89213   P*:     nan        P*cold: nan        Mu*_xs: -0.00000   Cv*/N_xs:  0.00000         E(kJ/mol): -2.885     P(bar):    0.021     
Step:  739999     NAcc:  370000     fAcc:  0.500      Maxd:  0.32315    E*/N:  -2.90579   P*:     nan        P*cold: nan        Mu*_xs: -0.00000   Cv*/N_xs:  0.00000         E(kJ/mol): -2.898     P(bar):    -0.050    
Step:  759999     NAcc:  379998     fAcc:  0.500      Maxd:  0.72746    E*/N:  -2.82013   P*:     nan        P*cold: nan        Mu*_xs: -0.00000   Cv*/N_xs:  0.00000         E(kJ/mol): -2.813     P(bar):    0.085     
Step:  779999     NAcc:  389999     fAcc:  0.500      Maxd:  0.32519    E*/N:  -2.81608   P*:     nan        P*cold: nan        Mu*_xs: -0.00000   Cv*/N_xs:  0.00000         E(kJ/mol): -2.809     P(bar):    0.050     
Step:  799999     NAcc:  400000     fAcc:  0.500      Maxd:  2.58008    E*/N:  -2.79405   P*:     nan        P*cold: nan        Mu*_xs: -0.00000   Cv*/N_xs:  0.00000         E(kJ/mol): -2.787     P(bar):    0.035     
Step:  819999     NAcc:  410000     fAcc:  0.500      Maxd:  0.31227    E*/N:  -2.77867   P*:     nan        P*cold: nan        Mu*_xs: -0.00000   Cv*/N_xs:  0.00000         E(kJ/mol): -2.771     P(bar):    0.115     
Step:  839999     NAcc:  420000     fAcc:  0.500      Maxd:  0.40998    E*/N:  -2.88759   P*:     nan        P*cold: nan        Mu*_xs: -0.00000   Cv*/N_xs:  0.00000         E(kJ/mol): -2.880     P(bar):    0.055     
Step:  859999     NAcc:  429999     fAcc:  0.500      Maxd:  1.24837    E*/N:  -2.84017   P*:     nan        P*cold: nan        Mu*_xs: -0.00000   Cv*/N_xs:  0.00000         E(kJ/mol): -2.833     P(bar):    0.008     
Step:  879999     NAcc:  440000     fAcc:  0.500      Maxd:  0.67353    E*/N:  -2.88240   P*:     nan        P*cold: nan        Mu*_xs: -0.00000   Cv*/N_xs:  0.00000         E(kJ/mol): -2.875     P(bar):    -0.041    
Step:  899999     NAcc:  449998     fAcc:  0.500      Maxd:  0.30358    E*/N:  -2.81936   P*:     nan        P*cold: nan        Mu*_xs: -0.00000   Cv*/N_xs:  0.00000         E(kJ/mol): -2.812     P(bar):    0.141     
Step:  919999     NAcc:  459998     fAcc:  0.500      Maxd:  0.58850    E*/N:  -2.82350   P*:     nan        P*cold: nan        Mu*_xs: -0.00000   Cv*/N_xs:  0.00000         E(kJ/mol): -2.816     P(bar):    0.070     
Step:  939999     NAcc:  470000     fAcc:  0.500      Maxd:  2.60898    E*/N:  -2.78717   P*:     nan        P*cold: nan        Mu*_xs: -0.00000   Cv*/N_xs:  0.00000         E(kJ/mol): -2.780     P(bar):    0.086     
Step:  959999     NAcc:  480000     fAcc:  0.500      Maxd:  1.92889    E*/N:  -2.79463   P*:     nan        P*cold: nan        Mu*_xs: -0.00000   Cv*/N_xs:  0.00000         E(kJ/mol): -2.787     P(bar):    0.101     
Step:  979999     NAcc:  489999     fAcc:  0.500      Maxd:  0.35036    E*/N:  -2.79671   P*:     nan        P*cold: nan        Mu*_xs: -0.00000   Cv*/N_xs:  0.00000         E(kJ/mol): -2.789     P(bar):    0.063     
Step:  999999     NAcc:  500000     fAcc:  0.500      Maxd:  0.31420    E*/N:  -2.68579   P*:     nan        P*cold: nan        Mu*_xs: -0.00000   Cv*/N_xs:  0.00000         E(kJ/mol): -2.679     P(bar):    0.140     
Step:  1019999    NAcc:  510002     fAcc:  0.500      Maxd:  1.27605    E*/N:  -2.76836   P*:     nan        P*cold: nan        Mu*_xs: -0.00000   Cv*/N_xs:  0.00000         E(kJ/mol): -2.761     P(bar):    0.079     
Step:  1039999    NAcc:  519999     fAcc:  0.500      Maxd:  0.32567    E*/N:  -2.73228   P*:     nan        P*cold: nan        Mu*_xs: -0.00000   Cv*/N_xs:  0.00000         E(kJ/mol): -2.725     P(bar):    0.197     
Step:  1059999    NAcc:  529999     fAcc:  0.500      Maxd:  0.57071    E*/N:  -2.74820   P*:     nan        P*cold: nan        Mu*_xs: -0.00000   Cv*/N_xs:  0.00000         E(kJ/mol): -2.741     P(bar):    -0.014    
Step:  1079999    NAcc:  539997     fAcc:  0.500      Maxd:  0.33127    E*/N:  -2.79801   P*:     nan        P*cold: nan        Mu*_xs: -0.00000   Cv*/N_xs:  0.00000         E(kJ/mol): -2.791     P(bar):    -0.018    
Step:  1099999    NAcc:  549998     fAcc:  0.500      Maxd:  2.58657    E*/N:  -2.84298   P*:     nan        P*cold: nan        Mu*_xs: -0.00000   Cv*/N_xs:  0.00000         E(kJ/mol): -2.836     P(bar):    0.024     
Step:  1119999    NAcc:  560001     fAcc:  0.500      Maxd:  0.52521    E*/N:  -2.82334   P*:     nan        P*cold: nan        Mu*_xs: -0.00000   Cv*/N_xs:  0.00000         E(kJ/mol): -2.816     P(bar):    0.065     
Step:  1139999    NAcc:  569998     fAcc:  0.500      Maxd:  0.29844    E*/N:  -2.87906   P*:     nan        P*cold: nan        Mu*_xs: -0.00000   Cv*/N_xs:  0.00000         E(kJ/mol): -2.872     P(bar):    0.135     
Step:  1159999    NAcc:  580002     fAcc:  0.500      Maxd:  1.43958    E*/N:  -2.85475   P*:     nan        P*cold: nan        Mu*_xs: -0.00000   Cv*/N_xs:  0.00000         E(kJ/mol): -2.847     P(bar):    0.035     
Step:  1179999    NAcc:  589998     fAcc:  0.500      Maxd:  0.52313    E*/N:  -2.81855   P*:     nan        P*cold: nan        Mu*_xs: -0.00000   Cv*/N_xs:  0.00000         E(kJ/mol): -2.811     P(bar):    0.092     
Step:  1199999    NAcc:  600001     fAcc:  0.500      Maxd:  1.33409    E*/N:  -2.77484   P*:     nan        P*cold: nan        Mu*_xs: -0.00000   Cv*/N_xs:  0.00000         E(kJ/mol): -2.768     P(bar):    0.139     
Step:  1219999    NAcc:  610000     fAcc:  0.500      Maxd:  7.58813    E*/N:  -2.78838   P*:     nan        P*cold: nan        Mu*_xs: -0.00000   Cv*/N_xs:  0.00000         E(kJ/mol): -2.781     P(bar):    -0.068    
Step:  1239999    NAcc:  619998     fAcc:  0.500      Maxd:  0.39087    E*/N:  -2.78116   P*:     nan        P*cold: nan        Mu*_xs: -0.00000   Cv*/N_xs:  0.00000         E(kJ/mol): -2.774     P(bar):    0.080     
Step:  1259999    NAcc:  629999     fAcc:  0.500      Maxd:  0.33761    E*/N:  -2.83751   P*:     nan        P*cold: nan        Mu*_xs: -0.00000   Cv*/N_xs:  0.00000         E(kJ/mol): -2.830     P(bar):    0.070     
Step:  1279999    NAcc:  640002     fAcc:  0.500      Maxd:  1.74245    E*/N:  -2.79438   P*:     nan        P*cold: nan        Mu*_xs: -0.00000   Cv*/N_xs:  0.00000         E(kJ/mol): -2.787     P(bar):    0.221     
Step:  1299999    NAcc:  650000     fAcc:  0.500      Maxd:  0.33610    E*/N:  -2.83978   P*:     nan        P*cold: nan        Mu*_xs: -0.00000   Cv*/N_xs:  0.00000         E(kJ/mol): -2.832     P(bar):    -0.014    
Step:  1319999    NAcc:  660000     fAcc:  0.500      Maxd:  1.88743    E*/N:  -2.84551   P*:     nan        P*cold: nan        Mu*_xs: -0.00000   Cv*/N_xs:  0.00000         E(kJ/mol): -2.838     P(bar):    0.084     
Step:  1339999    NAcc:  670001     fAcc:  0.500      Maxd:  9.25615    E*/N:  -2.80012   P*:     nan        P*cold: nan        Mu*_xs: -0.00000   Cv*/N_xs:  0.00000         E(kJ/mol): -2.793     P(bar):    0.086     
Step:  1359999    NAcc:  680000     fAcc:  0.500      Maxd:  0.92821    E*/N:  -2.79776   P*:     nan        P*cold: nan        Mu*_xs: -0.00000   Cv*/N_xs:  0.00000         E(kJ/mol): -2.790     P(bar):    0.041     
Step:  1379999    NAcc:  690000     fAcc:  0.500      Maxd:  2.05530    E*/N:  -2.85458   P*:     nan        P*cold: nan        Mu*_xs: -0.00000   Cv*/N_xs:  0.00000         E(kJ/mol): -2.847     P(bar):    0.010     
Step:  1399999    NAcc:  700000     fAcc:  0.500      Maxd:  0.33211    E*/N:  -2.82883   P*:     nan        P*cold: nan        Mu*_xs: -0.00000   Cv*/N_xs:  0.00000         E(kJ/mol): -2.821     P(bar):    0.042     
Step:  1419999    NAcc:  709996     fAcc:  0.500      Maxd:  0.29487    E*/N:  -2.81246   P*:     nan        P*cold: nan        Mu*_xs: -0.00000   Cv*/N_xs:  0.00000         E(kJ/mol): -2.805     P(bar):    0.034     
Step:  1439999    NAcc:  719999     fAcc:  0.500      Maxd:  0.35006    E*/N:  -2.79344   P*:     nan        P*cold: nan        Mu*_xs: -0.00000   Cv*/N_xs:  0.00000         E(kJ/mol): -2.786     P(bar):    0.020     
Step:  1459999    NAcc:  730000     fAcc:  0.500      Maxd:  0.32726    E*/N:  -2.89929   P*:     nan        P*cold: nan        Mu*_xs: -0.00000   Cv*/N_xs:  0.00000         E(kJ/mol): -2.892     P(bar):    -0.018    
Step:  1479999    NAcc:  740002     fAcc:  0.500      Maxd:  0.61393    E*/N:  -2.84191   P*:     nan        P*cold: nan        Mu*_xs: -0.00000   Cv*/N_xs:  0.00000         E(kJ/mol): -2.834     P(bar):    -0.046    
Step:  1499999    NAcc:  749999     fAcc:  0.500      Maxd:  0.32670    E*/N:  -2.84878   P*:     nan        P*cold: nan        Mu*_xs: -0.00000   Cv*/N_xs:  0.00000         E(kJ/mol): -2.841     P(bar):    -0.095    
Step:  1519999    NAcc:  759999     fAcc:  0.500      Maxd:  3.67228    E*/N:  -2.70587   P*:     nan        P*cold: nan        Mu*_xs: -0.00000   Cv*/N_xs:  0.00000         E(kJ/mol): -2.699     P(bar):    0.248     
Step:  1539999    NAcc:  770001     fAcc:  0.500      Maxd:  0.43728    E*/N:  -2.82116   P*:     nan        P*cold: nan        Mu*_xs: -0.00000   Cv*/N_xs:  0.00000         E(kJ/mol): -2.814     P(bar):    -0.048    
Step:  1559999    NAcc:  780001     fAcc:  0.500      Maxd:  2.73006    E*/N:  -2.74625   P*:     nan        P*cold: nan        Mu*_xs: -0.00000   Cv*/N_xs:  0.00000         E(kJ/mol): -2.739     P(bar):    0.117     
Step:  1579999    NAcc:  790000     fAcc:  0.500      Maxd:  1.20340    E*/N:  -2.73216   P*:     nan        P*cold: nan        Mu*_xs: -0.00000   Cv*/N_xs:  0.00000         E(kJ/mol): -2.725     P(bar):    0.062     
Step:  1599999    NAcc:  799997     fAcc:  0.500      Maxd:  0.30376    E*/N:  -2.74471   P*:     nan        P*cold: nan        Mu*_xs: -0.00000   Cv*/N_xs:  0.00000         E(kJ/mol): -2.738     P(bar):    0.020     
Step:  1619999    NAcc:  810000     fAcc:  0.500      Maxd:  0.40404    E*/N:  -2.72822   P*:     nan        P*cold: nan        Mu*_xs: -0.00000   Cv*/N_xs:  0.00000         E(kJ/mol): -2.721     P(bar):    0.169     
Step:  1639999    NAcc:  820001     fAcc:  0.500      Maxd:  0.72747    E*/N:  -2.77785   P*:     nan        P*cold: nan        Mu*_xs: -0.00000   Cv*/N_xs:  0.00000         E(kJ/mol): -2.771     P(bar):    0.099     
Step:  1659999    NAcc:  830001     fAcc:  0.500      Maxd:  0.67246    E*/N:  -2.83870   P*:     nan        P*cold: nan        Mu*_xs: -0.00000   Cv*/N_xs:  0.00000         E(kJ/mol): -2.831     P(bar):    0.056     
Step:  1679999    NAcc:  840001     fAcc:  0.500      Maxd:  2.38498    E*/N:  -2.74482   P*:     nan        P*cold: nan        Mu*_xs: -0.00000   Cv*/N_xs:  0.00000         E(kJ/mol): -2.738     P(bar):    0.097     
Step:  1699999    NAcc:  850000     fAcc:  0.500      Maxd:  0.35794    E*/N:  -2.72236   P*:     nan        P*cold: nan        Mu*_xs: -0.00000   Cv*/N_xs:  0.00000         E(kJ/mol): -2.715     P(bar):    0.141     
Step:  1719999    NAcc:  859999     fAcc:  0.500      Maxd:  0.86410    E*/N:  -2.71893   P*:     nan        P*cold: nan        Mu*_xs: -0.00000   Cv*/N_xs:  0.00000         E(kJ/mol): -2.712     P(bar):    0.148     
Step:  1739999    NAcc:  869998     fAcc:  0.500      Maxd:  0.29414    E*/N:  -2.79442   P*:     nan        P*cold: nan        Mu*_xs: -0.00000   Cv*/N_xs:  0.00000         E(kJ/mol): -2.787     P(bar):    0.087     
Step:  1759999    NAcc:  880000     fAcc:  0.500      Maxd:  0.91997    E*/N:  -2.79721   P*:     nan        P*cold: nan        Mu*_xs: -0.00000   Cv*/N_xs:  0.00000         E(kJ/mol): -2.790     P(bar):    0.022     
Step:  1779999    NAcc:  889999     fAcc:  0.500      Maxd:  0.29496    E*/N:  -2.82140   P*:     nan        P*cold: nan        Mu*_xs: -0.00000   Cv*/N_xs:  0.00000         E(kJ/mol): -2.814     P(bar):    0.031     
Step:  1799999    NAcc:  899997     fAcc:  0.500      Maxd:  0.74621    E*/N:  -2.86192   P*:     nan        P*cold: nan        Mu*_xs: -0.00000   Cv*/N_xs:  0.00000         E(kJ/mol): -2.854     P(bar):    0.041     
Step:  1819999    NAcc:  910001     fAcc:  0.500      Maxd:  1.00128    E*/N:  -2.72261   P*:     nan        P*cold: nan        Mu*_xs: -0.00000   Cv*/N_xs:  0.00000         E(kJ/mol): -2.715     P(bar):    0.156     
Step:  1839999    NAcc:  919998     fAcc:  0.500      Maxd:  0.35203    E*/N:  -2.67469   P*:     nan        P*cold: nan        Mu*_xs: -0.00000   Cv*/N_xs:  0.00000         E(kJ/mol): -2.668     P(bar):    0.057     
Step:  1859999    NAcc:  930000     fAcc:  0.500      Maxd:  2.02447    E*/N:  -2.81336   P*:     nan        P*cold: nan        Mu*_xs: -0.00000   Cv*/N_xs:  0.00000         E(kJ/mol): -2.806     P(bar):    0.040     
Step:  1879999    NAcc:  940000     fAcc:  0.500      Maxd:  0.31816    E*/N:  -2.79609   P*:     nan        P*cold: nan        Mu*_xs: -0.00000   Cv*/N_xs:  0.00000         E(kJ/mol): -2.789     P(bar):    0.030     
Step:  1899999    NAcc:  950001     fAcc:  0.500      Maxd:  1.58076    E*/N:  -2.83156   P*:     nan        P*cold: nan        Mu*_xs: -0.00000   Cv*/N_xs:  0.00000         E(kJ/mol): -2.824     P(bar):    0.034     
Step:  1919999    NAcc:  959999     fAcc:  0.500      Maxd:  0.30385    E*/N:  -2.81483   P*:     nan        P*cold: nan        Mu*_xs: -0.00000   Cv*/N_xs:  0.00000         E(kJ/mol): -2.807     P(bar):    0.014     
Step:  1939999    NAcc:  970001     fAcc:  0.500      Maxd:  1.02859    E*/N:  -2.81959   P*:     nan        P*cold: nan        Mu*_xs: -0.00000   Cv*/N_xs:  0.00000         E(kJ/mol): -2.812     P(bar):    0.018     
Step:  1959999    NAcc:  979998     fAcc:  0.500      Maxd:  0.35982    E*/N:  -2.84009   P*:     nan        P*cold: nan        Mu*_xs: -0.00000   Cv*/N_xs:  0.00000         E(kJ/mol): -2.833     P(bar):    0.031     
Step:  1979999    NAcc:  990001     fAcc:  0.500      Maxd:  0.84588    E*/N:  -2.81784   P*:     nan        P*cold: nan        Mu*_xs: -0.00000   Cv*/N_xs:  0.00000         E(kJ/mol): -2.810     P(bar):    0.166     
Step:  1999999    NAcc:  999999     fAcc:  0.500      Maxd:  0.31345    E*/N:  -2.83995   P*:     nan        P*cold: nan        Mu*_xs: -0.00000   Cv*/N_xs:  0.00000         E(kJ/mol): -2.833     P(bar):    0.003     
Step:  2019999    NAcc:  1009999    fAcc:  0.500      Maxd:  0.36419    E*/N:  -2.83858   P*:     0.04141    P*cold: -0.43859   Mu*_xs: -2.50706   Cv*/N_xs:  0.20620         E(kJ/mol): -2.831     P(bar):    0.080     
Step:  2039999    NAcc:  1020001    fAcc:  0.500      Maxd:  4.47772    E*/N:  -2.83173   P*:     0.04617    P*cold: -0.43383   Mu*_xs: -2.50754   Cv*/N_xs:  0.21418         E(kJ/mol): -2.824     P(bar):    0.033     
Step:  2059999    NAcc:  1029999    fAcc:  0.500      Maxd:  2.39535    E*/N:  -2.82258   P*:     0.05888    P*cold: -0.42112   Mu*_xs: -2.49711   Cv*/N_xs:  0.19893         E(kJ/mol): -2.815     P(bar):    0.181     
Step:  2079999    NAcc:  1040000    fAcc:  0.500      Maxd:  1.74803    E*/N:  -2.83102   P*:     0.06001    P*cold: -0.41999   Mu*_xs: -2.49980   Cv*/N_xs:  0.28278         E(kJ/mol): -2.824     P(bar):    0.005     
Step:  2099999    NAcc:  1049998    fAcc:  0.500      Maxd:  0.33887    E*/N:  -2.77308   P*:     0.06020    P*cold: -0.41980   Mu*_xs: -2.51553   Cv*/N_xs:  0.53586         E(kJ/mol): -2.766     P(bar):    -0.021    
Step:  2119999    NAcc:  1059997    fAcc:  0.500      Maxd:  1.01747    E*/N:  -2.82925   P*:     0.05646    P*cold: -0.42354   Mu*_xs: -2.53316   Cv*/N_xs:  0.53601         E(kJ/mol): -2.822     P(bar):    0.040     
Step:  2139999    NAcc:  1069998    fAcc:  0.500      Maxd:  0.36496    E*/N:  -2.86147   P*:     0.06041    P*cold: -0.41959   Mu*_xs: -2.53475   Cv*/N_xs:  0.50968         E(kJ/mol): -2.854     P(bar):    0.088     
Step:  2159999    NAcc:  1079997    fAcc:  0.500      Maxd:  0.38981    E*/N:  -2.86402   P*:     0.06779    P*cold: -0.41221   Mu*_xs: -2.53364   Cv*/N_xs:  0.57154         E(kJ/mol): -2.857     P(bar):    0.156     
Step:  2179999    NAcc:  1090003    fAcc:  0.500      Maxd:  1.21310    E*/N:  -2.81000   P*:     0.07365    P*cold: -0.40635   Mu*_xs: -2.52374   Cv*/N_xs:  0.58124         E(kJ/mol): -2.803     P(bar):    0.130     
Step:  2199999    NAcc:  1100001    fAcc:  0.500      Maxd:  0.49989    E*/N:  -2.86718   P*:     0.07641    P*cold: -0.40359   Mu*_xs: -2.51716   Cv*/N_xs:  0.59446         E(kJ/mol): -2.860     P(bar):    0.090     
Step:  2219999    NAcc:  1110003    fAcc:  0.500      Maxd:  1.04860    E*/N:  -2.88980   P*:     0.07616    P*cold: -0.40384   Mu*_xs: -2.51895   Cv*/N_xs:  0.68278         E(kJ/mol): -2.882     P(bar):    0.039     
Step:  2239999    NAcc:  1119999    fAcc:  0.500      Maxd:  2.50619    E*/N:  -2.93304   P*:     0.07492    P*cold: -0.40508   Mu*_xs: -2.51196   Cv*/N_xs:  0.76277         E(kJ/mol): -2.925     P(bar):    -0.013    
Step:  2259999    NAcc:  1130001    fAcc:  0.500      Maxd:  0.42898    E*/N:  -2.97147   P*:     0.07807    P*cold: -0.40193   Mu*_xs: -2.50307   Cv*/N_xs:  0.98151         E(kJ/mol): -2.964     P(bar):    0.065     
Step:  2279999    NAcc:  1140001    fAcc:  0.500      Maxd:  0.97936    E*/N:  -2.95807   P*:     0.07858    P*cold: -0.40142   Mu*_xs: -2.49499   Cv*/N_xs:  1.41525         E(kJ/mol): -2.950     P(bar):    0.097     
Step:  2299999    NAcc:  1149997    fAcc:  0.500      Maxd:  1.47090    E*/N:  -2.92807   P*:     0.08089    P*cold: -0.39911   Mu*_xs: -2.48359   Cv*/N_xs:  1.58132         E(kJ/mol): -2.920     P(bar):    0.064     
Step:  2319999    NAcc:  1159999    fAcc:  0.500      Maxd:  0.49175    E*/N:  -2.93514   P*:     0.08359    P*cold: -0.39641   Mu*_xs: -2.48170   Cv*/N_xs:  1.55631         E(kJ/mol): -2.927     P(bar):    0.030     
Step:  2339999    NAcc:  1169998    fAcc:  0.500      Maxd:  0.30910    E*/N:  -2.79401   P*:     0.08249    P*cold: -0.39751   Mu*_xs: -2.48151   Cv*/N_xs:  1.52651         E(kJ/mol): -2.787     P(bar):    0.183     
Step:  2359999    NAcc:  1179998    fAcc:  0.500      Maxd:  0.54195    E*/N:  -2.84733   P*:     0.08567    P*cold: -0.39433   Mu*_xs: -2.48708   Cv*/N_xs:  1.47233         E(kJ/mol): -2.840     P(bar):    0.004     
Step:  2379999    NAcc:  1190000    fAcc:  0.500      Maxd:  0.34426    E*/N:  -2.81315   P*:     0.08514    P*cold: -0.39486   Mu*_xs: -2.49665   Cv*/N_xs:  1.41448         E(kJ/mol): -2.806     P(bar):    0.133     
Step:  2399999    NAcc:  1200001    fAcc:  0.500      Maxd:  0.71404    E*/N:  -2.94314   P*:     0.08433    P*cold: -0.39567   Mu*_xs: -2.49512   Cv*/N_xs:  1.38391         E(kJ/mol): -2.935     P(bar):    0.031     
Step:  2419999    NAcc:  1209999    fAcc:  0.500      Maxd:  0.33357    E*/N:  -2.91533   P*:     0.08537    P*cold: -0.39463   Mu*_xs: -2.49532   Cv*/N_xs:  1.36289         E(kJ/mol): -2.908     P(bar):    0.164     
Step:  2439999    NAcc:  1219999    fAcc:  0.500      Maxd:  0.46648    E*/N:  -2.83685   P*:     0.08795    P*cold: -0.39205   Mu*_xs: -2.49773   Cv*/N_xs:  1.32302         E(kJ/mol): -2.829     P(bar):    0.033     
Step:  2459999    NAcc:  1229999    fAcc:  0.500      Maxd:  0.42906    E*/N:  -2.83673   P*:     0.08878    P*cold: -0.39122   Mu*_xs: -2.50120   Cv*/N_xs:  1.27671         E(kJ/mol): -2.829     P(bar):    0.160     
Step:  2479999    NAcc:  1240000    fAcc:  0.500      Maxd:  1.02803    E*/N:  -2.83759   P*:     0.08969    P*cold: -0.39031   Mu*_xs: -2.50167   Cv*/N_xs:  1.24813         E(kJ/mol): -2.830     P(bar):    0.066     
Step:  2499999    NAcc:  1250000    fAcc:  0.500      Maxd:  0.33510    E*/N:  -2.88537   P*:     0.08981    P*cold: -0.39019   Mu*_xs: -2.50124   Cv*/N_xs:  1.23580         E(kJ/mol): -2.878     P(bar):    0.035     
Step:  2519999    NAcc:  1260001    fAcc:  0.500      Maxd:  0.60169    E*/N:  -2.86069   P*:     0.08841    P*cold: -0.39159   Mu*_xs: -2.49945   Cv*/N_xs:  1.20228         E(kJ/mol): -2.853     P(bar):    0.113     
Step:  2539999    NAcc:  1269998    fAcc:  0.500      Maxd:  0.67129    E*/N:  -2.92315   P*:     0.08769    P*cold: -0.39231   Mu*_xs: -2.50023   Cv*/N_xs:  1.17765         E(kJ/mol): -2.915     P(bar):    0.014     
Step:  2559999    NAcc:  1280002    fAcc:  0.500      Maxd:  3.05838    E*/N:  -2.94552   P*:     0.08805    P*cold: -0.39195   Mu*_xs: -2.49717   Cv*/N_xs:  1.17382         E(kJ/mol): -2.938     P(bar):    0.090     
Step:  2579999    NAcc:  1290000    fAcc:  0.500      Maxd:  0.56633    E*/N:  -2.94112   P*:     0.08885    P*cold: -0.39115   Mu*_xs: -2.49697   Cv*/N_xs:  1.26100         E(kJ/mol): -2.933     P(bar):    0.123     
Step:  2599999    NAcc:  1299999    fAcc:  0.500      Maxd:  0.35217    E*/N:  -2.93275   P*:     0.08885    P*cold: -0.39115   Mu*_xs: -2.49657   Cv*/N_xs:  1.23515         E(kJ/mol): -2.925     P(bar):    -0.048    
Step:  2619999    NAcc:  1310001    fAcc:  0.500      Maxd:  2.74078    E*/N:  -2.92217   P*:     0.08689    P*cold: -0.39311   Mu*_xs: -2.49396   Cv*/N_xs:  1.20898         E(kJ/mol): -2.915     P(bar):    0.048     
Step:  2639999    NAcc:  1320000    fAcc:  0.500      Maxd:  0.86003    E*/N:  -2.93210   P*:     0.08488    P*cold: -0.39512   Mu*_xs: -2.48857   Cv*/N_xs:  1.19068         E(kJ/mol): -2.924     P(bar):    -0.102    
Step:  2659999    NAcc:  1329998    fAcc:  0.500      Maxd:  1.09627    E*/N:  -2.91895   P*:     0.08402    P*cold: -0.39598   Mu*_xs: -2.48702   Cv*/N_xs:  1.20361         E(kJ/mol): -2.911     P(bar):    0.070     
Step:  2679999    NAcc:  1339999    fAcc:  0.500      Maxd:  0.46670    E*/N:  -2.92610   P*:     0.08582    P*cold: -0.39418   Mu*_xs: -2.48588   Cv*/N_xs:  1.19992         E(kJ/mol): -2.918     P(bar):    0.154     
Step:  2699999    NAcc:  1349999    fAcc:  0.500      Maxd:  0.54374    E*/N:  -2.85743   P*:     0.08627    P*cold: -0.39373   Mu*_xs: -2.48637   Cv*/N_xs:  1.18968         E(kJ/mol): -2.850     P(bar):    0.093     
Step:  2719999    NAcc:  1360001    fAcc:  0.500      Maxd:  0.65135    E*/N:  -2.88573   P*:     0.08707    P*cold: -0.39293   Mu*_xs: -2.48673   Cv*/N_xs:  1.16543         E(kJ/mol): -2.878     P(bar):    0.235     
Step:  2739999    NAcc:  1370002    fAcc:  0.500      Maxd:  0.93890    E*/N:  -2.85609   P*:     0.08927    P*cold: -0.39073   Mu*_xs: -2.48926   Cv*/N_xs:  1.14376         E(kJ/mol): -2.849     P(bar):    0.154     
Step:  2759999    NAcc:  1379999    fAcc:  0.500      Maxd:  0.34222    E*/N:  -2.89170   P*:     0.08855    P*cold: -0.39145   Mu*_xs: -2.48803   Cv*/N_xs:  1.12680         E(kJ/mol): -2.884     P(bar):    0.012     
Step:  2779999    NAcc:  1390000    fAcc:  0.500      Maxd:  0.30293    E*/N:  -2.87075   P*:     0.08759    P*cold: -0.39241   Mu*_xs: -2.49065   Cv*/N_xs:  1.10697         E(kJ/mol): -2.863     P(bar):    0.085     
Step:  2799999    NAcc:  1399998    fAcc:  0.500      Maxd:  1.16286    E*/N:  -2.85094   P*:     0.08922    P*cold: -0.39078   Mu*_xs: -2.49202   Cv*/N_xs:  1.11202         E(kJ/mol): -2.843     P(bar):    0.089     
Step:  2819999    NAcc:  1410000    fAcc:  0.500      Maxd:  0.33185    E*/N:  -2.85884   P*:     0.08794    P*cold: -0.39206   Mu*_xs: -2.49060   Cv*/N_xs:  1.09292         E(kJ/mol): -2.851     P(bar):    -0.000    
Step:  2839999    NAcc:  1420001    fAcc:  0.500      Maxd:  0.67331    E*/N:  -2.77541   P*:     0.08584    P*cold: -0.39416   Mu*_xs: -2.48998   Cv*/N_xs:  1.08616         E(kJ/mol): -2.768     P(bar):    0.033     
Step:  2859999    NAcc:  1430001    fAcc:  0.500      Maxd:  1.90992    E*/N:  -2.85045   P*:     0.08587    P*cold: -0.39413   Mu*_xs: -2.49046   Cv*/N_xs:  1.11709         E(kJ/mol): -2.843     P(bar):    0.012     
Step:  2879999    NAcc:  1440000    fAcc:  0.500      Maxd:  0.38060    E*/N:  -2.85124   P*:     0.08581    P*cold: -0.39419   Mu*_xs: -2.48847   Cv*/N_xs:  1.11427         E(kJ/mol): -2.844     P(bar):    0.042     
Step:  2899999    NAcc:  1450002    fAcc:  0.500      Maxd:  0.71185    E*/N:  -2.80074   P*:     0.08544    P*cold: -0.39456   Mu*_xs: -2.48891   Cv*/N_xs:  1.11045         E(kJ/mol): -2.793     P(bar):    0.083     
Step:  2919999    NAcc:  1459999    fAcc:  0.500      Maxd:  0.34727    E*/N:  -2.84444   P*:     0.08577    P*cold: -0.39423   Mu*_xs: -2.49029   Cv*/N_xs:  1.15228         E(kJ/mol): -2.837     P(bar):    0.000     
Step:  2939999    NAcc:  1469998    fAcc:  0.500      Maxd:  0.33725    E*/N:  -2.72670   P*:     0.08624    P*cold: -0.39376   Mu*_xs: -2.49210   Cv*/N_xs:  1.24284         E(kJ/mol): -2.720     P(bar):    0.164     
Step:  2959999    NAcc:  1480001    fAcc:  0.500      Maxd:  0.54128    E*/N:  -2.64916   P*:     0.08628    P*cold: -0.39372   Mu*_xs: -2.49262   Cv*/N_xs:  1.36483         E(kJ/mol): -2.642     P(bar):    0.171     
Step:  2979999    NAcc:  1490001    fAcc:  0.500      Maxd:  0.49338    E*/N:  -2.78764   P*:     0.08433    P*cold: -0.39567   Mu*_xs: -2.49542   Cv*/N_xs:  1.43433         E(kJ/mol): -2.780     P(bar):    -0.054    
Step:  2999999    NAcc:  1500000    fAcc:  0.500      Maxd:  5.60597    E*/N:  -2.79050   P*:     0.08372    P*cold: -0.39628   Mu*_xs: -2.49766   Cv*/N_xs:  1.48469         E(kJ/mol): -2.783     P(bar):    0.054     
Step:  3019999    NAcc:  1509999    fAcc:  0.500      Maxd:  0.29439    E*/N:  -2.90705   P*:     0.08351    P*cold: -0.39649   Mu*_xs: -2.49801   Cv*/N_xs:  1.48215         E(kJ/mol): -2.899     P(bar):    -0.063    
Step:  3039999    NAcc:  1520001    fAcc:  0.500      Maxd:  0.43577    E*/N:  -2.87076   P*:     0.08333    P*cold: -0.39667   Mu*_xs: -2.49858   Cv*/N_xs:  1.46831         E(kJ/mol): -2.863     P(bar):    0.093     
Step:  3059999    NAcc:  1529996    fAcc:  0.500      Maxd:  0.42553    E*/N:  -2.84026   P*:     0.08426    P*cold: -0.39574   Mu*_xs: -2.49821   Cv*/N_xs:  1.44417         E(kJ/mol): -2.833     P(bar):    0.061     
Step:  3079999    NAcc:  1540001    fAcc:  0.500      Maxd:  0.47595    E*/N:  -2.81324   P*:     0.08427    P*cold: -0.39573   Mu*_xs: -2.49927   Cv*/N_xs:  1.43285         E(kJ/mol): -2.806     P(bar):    0.179     
Step:  3099999    NAcc:  1549997    fAcc:  0.500      Maxd:  0.55299    E*/N:  -2.88592   P*:     0.08490    P*cold: -0.39510   Mu*_xs: -2.49876   Cv*/N_xs:  1.41785         E(kJ/mol): -2.878     P(bar):    0.122     
Step:  3119999    NAcc:  1559999    fAcc:  0.500      Maxd:  0.88597    E*/N:  -2.94239   P*:     0.08489    P*cold: -0.39511   Mu*_xs: -2.50064   Cv*/N_xs:  1.41323         E(kJ/mol): -2.935     P(bar):    0.084     
Step:  3139999    NAcc:  1570000    fAcc:  0.500      Maxd:  4.22789    E*/N:  -2.91344   P*:     0.08577    P*cold: -0.39423   Mu*_xs: -2.50232   Cv*/N_xs:  1.39970         E(kJ/mol): -2.906     P(bar):    0.112     
Step:  3159999    NAcc:  1580000    fAcc:  0.500      Maxd:  0.66679    E*/N:  -2.86246   P*:     0.08552    P*cold: -0.39448   Mu*_xs: -2.50134   Cv*/N_xs:  1.40283         E(kJ/mol): -2.855     P(bar):    0.219     
Step:  3179999    NAcc:  1590000    fAcc:  0.500      Maxd:  1.21111    E*/N:  -2.90456   P*:     0.08646    P*cold: -0.39354   Mu*_xs: -2.49933   Cv*/N_xs:  1.41577         E(kJ/mol): -2.897     P(bar):    0.060     
Step:  3199999    NAcc:  1600000    fAcc:  0.500      Maxd:  2.74146    E*/N:  -2.93283   P*:     0.08693    P*cold: -0.39307   Mu*_xs: -2.49784   Cv*/N_xs:  1.44619         E(kJ/mol): -2.925     P(bar):    0.139     
Step:  3219999    NAcc:  1610001    fAcc:  0.500      Maxd:  0.49423    E*/N:  -2.95428   P*:     0.08677    P*cold: -0.39323   Mu*_xs: -2.49717   Cv*/N_xs:  1.47569         E(kJ/mol): -2.947     P(bar):    0.009     
Step:  3239999    NAcc:  1620000    fAcc:  0.500      Maxd:  0.32417    E*/N:  -2.91925   P*:     0.08566    P*cold: -0.39434   Mu*_xs: -2.49711   Cv*/N_xs:  1.48946         E(kJ/mol): -2.912     P(bar):    0.107     
Step:  3259999    NAcc:  1629998    fAcc:  0.500      Maxd:  0.34729    E*/N:  -2.96520   P*:     0.08602    P*cold: -0.39398   Mu*_xs: -2.49875   Cv*/N_xs:  1.50467         E(kJ/mol): -2.957     P(bar):    0.058     
Step:  3279999    NAcc:  1640000    fAcc:  0.500      Maxd:  0.29372    E*/N:  -2.92400   P*:     0.08664    P*cold: -0.39336   Mu*_xs: -2.49790   Cv*/N_xs:  1.51096         E(kJ/mol): -2.916     P(bar):    0.050     
Step:  3299999    NAcc:  1649999    fAcc:  0.500      Maxd:  0.54049    E*/N:  -2.88150   P*:     0.08734    P*cold: -0.39266   Mu*_xs: -2.49805   Cv*/N_xs:  1.49744         E(kJ/mol): -2.874     P(bar):    0.168     
Step:  3319999    NAcc:  1659999    fAcc:  0.500      Maxd:  1.70533    E*/N:  -2.90240   P*:     0.08732    P*cold: -0.39268   Mu*_xs: -2.49590   Cv*/N_xs:  1.48566         E(kJ/mol): -2.895     P(bar):    0.085     
Step:  3339999    NAcc:  1669999    fAcc:  0.500      Maxd:  0.45724    E*/N:  -2.91215   P*:     0.08807    P*cold: -0.39193   Mu*_xs: -2.49540   Cv*/N_xs:  1.47090         E(kJ/mol): -2.905     P(bar):    0.096     
Step:  3359999    NAcc:  1680001    fAcc:  0.500      Maxd:  0.46359    E*/N:  -2.85748   P*:     0.08787    P*cold: -0.39213   Mu*_xs: -2.49565   Cv*/N_xs:  1.46611         E(kJ/mol): -2.850     P(bar):    0.116     
Step:  3379999    NAcc:  1690001    fAcc:  0.500      Maxd:  1.08086    E*/N:  -2.93569   P*:     0.08626    P*cold: -0.39374   Mu*_xs: -2.49709   Cv*/N_xs:  1.45590         E(kJ/mol): -2.928     P(bar):    -0.066    
Step:  3399999    NAcc:  1700001    fAcc:  0.500      Maxd:  3.88463    E*/N:  -2.86367   P*:     0.08572    P*cold: -0.39428   Mu*_xs: -2.49895   Cv*/N_xs:  1.44589         E(kJ/mol): -2.856     P(bar):    0.100     
Step:  3419999    NAcc:  1709998    fAcc:  0.500      Maxd:  0.60745    E*/N:  -2.81872   P*:     0.08548    P*cold: -0.39452   Mu*_xs: -2.49859   Cv*/N_xs:  1.43933         E(kJ/mol): -2.811     P(bar):    0.033     
Step:  3439999    NAcc:  1720001    fAcc:  0.500      Maxd:  2.72901    E*/N:  -2.90320   P*:     0.08547    P*cold: -0.39453   Mu*_xs: -2.49805   Cv*/N_xs:  1.43482         E(kJ/mol): -2.896     P(bar):    0.115     
Step:  3459999    NAcc:  1730000    fAcc:  0.500      Maxd:  2.90684    E*/N:  -2.81174   P*:     0.08616    P*cold: -0.39384   Mu*_xs: -2.49773   Cv*/N_xs:  1.42720         E(kJ/mol): -2.804     P(bar):    0.082     
Step:  3479999    NAcc:  1740001    fAcc:  0.500      Maxd:  1.16529    E*/N:  -2.75217   P*:     0.08620    P*cold: -0.39380   Mu*_xs: -2.49819   Cv*/N_xs:  1.43300         E(kJ/mol): -2.745     P(bar):    0.100     
Step:  3499999    NAcc:  1750000    fAcc:  0.500      Maxd:  0.35867    E*/N:  -2.80373   P*:     0.08566    P*cold: -0.39434   Mu*_xs: -2.49878   Cv*/N_xs:  1.43807         E(kJ/mol): -2.796     P(bar):    0.131     
Step:  3519999    NAcc:  1759996    fAcc:  0.500      Maxd:  0.56679    E*/N:  -2.80839   P*:     0.08580    P*cold: -0.39420   Mu*_xs: -2.50078   Cv*/N_xs:  1.43175         E(kJ/mol): -2.801     P(bar):    0.129     
Step:  3539999    NAcc:  1770000    fAcc:  0.500      Maxd:  0.31066    E*/N:  -2.82665   P*:     0.08524    P*cold: -0.39476   Mu*_xs: -2.50106   Cv*/N_xs:  1.42775         E(kJ/mol): -2.819     P(bar):    0.023     
Step:  3559999    NAcc:  1780001    fAcc:  0.500      Maxd:  2.07624    E*/N:  -2.78746   P*:     0.08488    P*cold: -0.39512   Mu*_xs: -2.50121   Cv*/N_xs:  1.45011         E(kJ/mol): -2.780     P(bar):    0.056     
Step:  3579999    NAcc:  1790001    fAcc:  0.500      Maxd:  2.04890    E*/N:  -2.79761   P*:     0.08470    P*cold: -0.39530   Mu*_xs: -2.50178   Cv*/N_xs:  1.47367         E(kJ/mol): -2.790     P(bar):    -0.010    
Step:  3599999    NAcc:  1800000    fAcc:  0.500      Maxd:  1.48699    E*/N:  -2.89452   P*:     0.08507    P*cold: -0.39493   Mu*_xs: -2.50097   Cv*/N_xs:  1.46620         E(kJ/mol): -2.887     P(bar):    0.014     
Step:  3619999    NAcc:  1810002    fAcc:  0.500      Maxd:  1.35610    E*/N:  -2.82083   P*:     0.08451    P*cold: -0.39549   Mu*_xs: -2.50065   Cv*/N_xs:  1.45728         E(kJ/mol): -2.813     P(bar):    0.102     
Step:  3639999    NAcc:  1820000    fAcc:  0.500      Maxd:  0.40851    E*/N:  -2.78332   P*:     0.08345    P*cold: -0.39655   Mu*_xs: -2.50184   Cv*/N_xs:  1.45928         E(kJ/mol): -2.776     P(bar):    -0.063    
Step:  3659999    NAcc:  1830001    fAcc:  0.500      Maxd:  3.11151    E*/N:  -2.80347   P*:     0.08315    P*cold: -0.39685   Mu*_xs: -2.50193   Cv*/N_xs:  1.46508         E(kJ/mol): -2.796     P(bar):    -0.001    
Step:  3679999    NAcc:  1840000    fAcc:  0.500      Maxd:  0.83365    E*/N:  -2.75239   P*:     0.08250    P*cold: -0.39750   Mu*_xs: -2.50275   Cv*/N_xs:  1.46655         E(kJ/mol): -2.745     P(bar):    0.099     
Step:  3699999    NAcc:  1850000    fAcc:  0.500      Maxd:  0.36000    E*/N:  -2.76894   P*:     0.08268    P*cold: -0.39732   Mu*_xs: -2.50422   Cv*/N_xs:  1.45847         E(kJ/mol): -2.762     P(bar):    0.241     
Step:  3719999    NAcc:  1859999    fAcc:  0.500      Maxd:  0.72440    E*/N:  -2.84560   P*:     0.08271    P*cold: -0.39729   Mu*_xs: -2.50414   Cv*/N_xs:  1.44648         E(kJ/mol): -2.838     P(bar):    0.043     
Step:  3739999    NAcc:  1870000    fAcc:  0.500      Maxd:  0.45992    E*/N:  -2.89503   P*:     0.08256    P*cold: -0.39744   Mu*_xs: -2.50354   Cv*/N_xs:  1.43373         E(kJ/mol): -2.887     P(bar):    0.073     
Step:  3759999    NAcc:  1880000    fAcc:  0.500      Maxd:  0.95109    E*/N:  -2.76265   P*:     0.08265    P*cold: -0.39735   Mu*_xs: -2.50325   Cv*/N_xs:  1.42655         E(kJ/mol): -2.755     P(bar):    0.175     
Step:  3779999    NAcc:  1889999    fAcc:  0.500      Maxd:  1.19246    E*/N:  -2.82236   P*:     0.08226    P*cold: -0.39774   Mu*_xs: -2.50479   Cv*/N_xs:  1.42317         E(kJ/mol): -2.815     P(bar):    0.065     
Step:  3799999    NAcc:  1900000    fAcc:  0.500      Maxd:  0.60765    E*/N:  -2.77365   P*:     0.08212    P*cold: -0.39788   Mu*_xs: -2.50483   Cv*/N_xs:  1.42638         E(kJ/mol): -2.766     P(bar):    0.033     
Step:  3819999    NAcc:  1909997    fAcc:  0.500      Maxd:  0.32941    E*/N:  -2.75005   P*:     0.08196    P*cold: -0.39804   Mu*_xs: -2.50527   Cv*/N_xs:  1.46960         E(kJ/mol): -2.743     P(bar):    0.024     
Step:  3839999    NAcc:  1920000    fAcc:  0.500      Maxd:  0.35458    E*/N:  -2.84471   P*:     0.08159    P*cold: -0.39841   Mu*_xs: -2.50679   Cv*/N_xs:  1.48029         E(kJ/mol): -2.837     P(bar):    0.026     
Step:  3859999    NAcc:  1929999    fAcc:  0.500      Maxd:  1.98077    E*/N:  -2.81870   P*:     0.08180    P*cold: -0.39820   Mu*_xs: -2.50709   Cv*/N_xs:  1.47451         E(kJ/mol): -2.811     P(bar):    0.110     
Step:  3879999    NAcc:  1940001    fAcc:  0.500      Maxd:  4.44566    E*/N:  -2.85029   P*:     0.08129    P*cold: -0.39871   Mu*_xs: -2.50779   Cv*/N_xs:  1.46097         E(kJ/mol): -2.843     P(bar):    0.007     
Step:  3899999    NAcc:  1950000    fAcc:  0.500      Maxd:  0.35309    E*/N:  -2.82846   P*:     0.08113    P*cold: -0.39887   Mu*_xs: -2.50723   Cv*/N_xs:  1.44945         E(kJ/mol): -2.821     P(bar):    0.060     
Step:  3919999    NAcc:  1960000    fAcc:  0.500      Maxd:  0.79926    E*/N:  -2.80214   P*:     0.08091    P*cold: -0.39909   Mu*_xs: -2.50751   Cv*/N_xs:  1.43758         E(kJ/mol): -2.795     P(bar):    0.097     
Step:  3939999    NAcc:  1970002    fAcc:  0.500      Maxd:  0.71124    E*/N:  -2.89773   P*:     0.07978    P*cold: -0.40022   Mu*_xs: -2.50743   Cv*/N_xs:  1.42637         E(kJ/mol): -2.890     P(bar):    0.045     
Step:  3959999    NAcc:  1980000    fAcc:  0.500      Maxd:  0.88728    E*/N:  -2.89707   P*:     0.08025    P*cold: -0.39975   Mu*_xs: -2.50650   Cv*/N_xs:  1.41676         E(kJ/mol): -2.889     P(bar):    0.032     
Step:  3979999    NAcc:  1990001    fAcc:  0.500      Maxd:  0.51104    E*/N:  -2.88286   P*:     0.08016    P*cold: -0.39984   Mu*_xs: -2.50588   Cv*/N_xs:  1.40823         E(kJ/mol): -2.875     P(bar):    0.018     
Step:  3999999    NAcc:  1999999    fAcc:  0.500      Maxd:  0.81244    E*/N:  -2.87829   P*:     0.08052    P*cold: -0.39948   Mu*_xs: -2.50659   Cv*/N_xs:  1.39920         E(kJ/mol): -2.871     P(bar):    0.062     
Step:  4019999    NAcc:  2010001    fAcc:  0.500      Maxd:  1.61367    E*/N:  -2.79565   P*:     0.08074    P*cold: -0.39926   Mu*_xs: -2.50568   Cv*/N_xs:  1.39223         E(kJ/mol): -2.788     P(bar):    0.062     
Step:  4039999    NAcc:  2020001    fAcc:  0.500      Maxd:  1.29484    E*/N:  -2.82583   P*:     0.08050    P*cold: -0.39950   Mu*_xs: -2.50585   Cv*/N_xs:  1.38245         E(kJ/mol): -2.818     P(bar):    0.029     
Step:  4059999    NAcc:  2030002    fAcc:  0.500      Maxd:  0.67639    E*/N:  -2.91092   P*:     0.08088    P*cold: -0.39912   Mu*_xs: -2.50619   Cv*/N_xs:  1.37268         E(kJ/mol): -2.903     P(bar):    -0.124    
Step:  4079999    NAcc:  2040003    fAcc:  0.500      Maxd:  0.91284    E*/N:  -2.73131   P*:     0.08067    P*cold: -0.39933   Mu*_xs: -2.50589   Cv*/N_xs:  1.36627         E(kJ/mol): -2.724     P(bar):    0.203     
Step:  4099999    NAcc:  2049999    fAcc:  0.500      Maxd:  2.51271    E*/N:  -2.80717   P*:     0.08105    P*cold: -0.39895   Mu*_xs: -2.50601   Cv*/N_xs:  1.36528         E(kJ/mol): -2.800     P(bar):    -0.044    
Step:  4119999    NAcc:  2060001    fAcc:  0.500      Maxd:  1.18596    E*/N:  -2.84102   P*:     0.08124    P*cold: -0.39876   Mu*_xs: -2.50602   Cv*/N_xs:  1.37248         E(kJ/mol): -2.834     P(bar):    0.017     
Step:  4139999    NAcc:  2069999    fAcc:  0.500      Maxd:  0.55808    E*/N:  -2.90119   P*:     0.08069    P*cold: -0.39931   Mu*_xs: -2.50557   Cv*/N_xs:  1.36230         E(kJ/mol): -2.894     P(bar):    -0.057    
Step:  4159999    NAcc:  2080000    fAcc:  0.500      Maxd:  0.34409    E*/N:  -2.88684   P*:     0.08060    P*cold: -0.39940   Mu*_xs: -2.50520   Cv*/N_xs:  1.35223         E(kJ/mol): -2.879     P(bar):    0.130     
Step:  4179999    NAcc:  2090002    fAcc:  0.500      Maxd:  2.67123    E*/N:  -2.87638   P*:     0.08088    P*cold: -0.39912   Mu*_xs: -2.50519   Cv*/N_xs:  1.34754         E(kJ/mol): -2.869     P(bar):    0.005     
Step:  4199999    NAcc:  2100001    fAcc:  0.500      Maxd:  0.72198    E*/N:  -2.86262   P*:     0.08108    P*cold: -0.39892   Mu*_xs: -2.50582   Cv*/N_xs:  1.33849         E(kJ/mol): -2.855     P(bar):    -0.026    
Step:  4219999    NAcc:  2109998    fAcc:  0.500      Maxd:  1.42221    E*/N:  -2.74623   P*:     0.08081    P*cold: -0.39919   Mu*_xs: -2.50616   Cv*/N_xs:  1.34619         E(kJ/mol): -2.739     P(bar):    0.117     
Step:  4239999    NAcc:  2120002    fAcc:  0.500      Maxd:  1.84261    E*/N:  -2.88530   P*:     0.08094    P*cold: -0.39906   Mu*_xs: -2.50796   Cv*/N_xs:  1.35624         E(kJ/mol): -2.878     P(bar):    -0.032    
Step:  4259999    NAcc:  2129999    fAcc:  0.500      Maxd:  0.36307    E*/N:  -2.89729   P*:     0.08054    P*cold: -0.39946   Mu*_xs: -2.50776   Cv*/N_xs:  1.34571         E(kJ/mol): -2.890     P(bar):    -0.060    
Step:  4279999    NAcc:  2139999    fAcc:  0.500      Maxd:  0.31691    E*/N:  -2.78012   P*:     0.08078    P*cold: -0.39922   Mu*_xs: -2.50730   Cv*/N_xs:  1.34530         E(kJ/mol): -2.773     P(bar):    0.185     
Step:  4299999    NAcc:  2149999    fAcc:  0.500      Maxd:  1.17373    E*/N:  -2.78748   P*:     0.08107    P*cold: -0.39893   Mu*_xs: -2.50714   Cv*/N_xs:  1.34824         E(kJ/mol): -2.780     P(bar):    0.086     
Step:  4319999    NAcc:  2160001    fAcc:  0.500      Maxd:  0.46665    E*/N:  -2.78073   P*:     0.08117    P*cold: -0.39883   Mu*_xs: -2.50725   Cv*/N_xs:  1.35037         E(kJ/mol): -2.773     P(bar):    0.061     
Step:  4339999    NAcc:  2169996    fAcc:  0.500      Maxd:  0.91168    E*/N:  -2.72501   P*:     0.08129    P*cold: -0.39871   Mu*_xs: -2.50719   Cv*/N_xs:  1.35130         E(kJ/mol): -2.718     P(bar):    0.190     
Step:  4359999    NAcc:  2179998    fAcc:  0.500      Maxd:  0.67420    E*/N:  -2.72339   P*:     0.08144    P*cold: -0.39856   Mu*_xs: -2.50685   Cv*/N_xs:  1.37703         E(kJ/mol): -2.716     P(bar):    0.021     
Step:  4379999    NAcc:  2190000    fAcc:  0.500      Maxd:  0.30373    E*/N:  -2.82374   P*:     0.08103    P*cold: -0.39897   Mu*_xs: -2.50753   Cv*/N_xs:  1.38551         E(kJ/mol): -2.816     P(bar):    0.019     
Step:  4399999    NAcc:  2199997    fAcc:  0.500      Maxd:  0.32174    E*/N:  -2.80355   P*:     0.08106    P*cold: -0.39894   Mu*_xs: -2.50758   Cv*/N_xs:  1.37771         E(kJ/mol): -2.796     P(bar):    0.148     
Step:  4419999    NAcc:  2210000    fAcc:  0.500      Maxd:  0.30071    E*/N:  -2.86119   P*:     0.08141    P*cold: -0.39859   Mu*_xs: -2.50764   Cv*/N_xs:  1.37456         E(kJ/mol): -2.854     P(bar):    0.131     
Step:  4439999    NAcc:  2220001    fAcc:  0.500      Maxd:  0.66936    E*/N:  -2.84111   P*:     0.08152    P*cold: -0.39848   Mu*_xs: -2.50717   Cv*/N_xs:  1.36623         E(kJ/mol): -2.834     P(bar):    0.077     
Step:  4459999    NAcc:  2229998    fAcc:  0.500      Maxd:  1.15697    E*/N:  -2.81701   P*:     0.08151    P*cold: -0.39849   Mu*_xs: -2.50697   Cv*/N_xs:  1.35776         E(kJ/mol): -2.810     P(bar):    0.069     
Step:  4479999    NAcc:  2239998    fAcc:  0.500      Maxd:  0.86551    E*/N:  -2.87530   P*:     0.08162    P*cold: -0.39838   Mu*_xs: -2.50705   Cv*/N_xs:  1.35656         E(kJ/mol): -2.868     P(bar):    0.107     
Step:  4499999    NAcc:  2249999    fAcc:  0.500      Maxd:  0.62798    E*/N:  -2.81161   P*:     0.08159    P*cold: -0.39841   Mu*_xs: -2.50714   Cv*/N_xs:  1.35426         E(kJ/mol): -2.804     P(bar):    0.062     
Step:  4519999    NAcc:  2259998    fAcc:  0.500      Maxd:  0.33602    E*/N:  -2.85653   P*:     0.08160    P*cold: -0.39840   Mu*_xs: -2.50820   Cv*/N_xs:  1.34857         E(kJ/mol): -2.849     P(bar):    0.181     
Step:  4539999    NAcc:  2270000    fAcc:  0.500      Maxd:  0.32009    E*/N:  -2.86788   P*:     0.08165    P*cold: -0.39835   Mu*_xs: -2.50837   Cv*/N_xs:  1.34209         E(kJ/mol): -2.860     P(bar):    0.114     
Step:  4559999    NAcc:  2280001    fAcc:  0.500      Maxd:  0.50178    E*/N:  -2.80048   P*:     0.08170    P*cold: -0.39830   Mu*_xs: -2.50903   Cv*/N_xs:  1.33570         E(kJ/mol): -2.793     P(bar):    0.033     
Step:  4579999    NAcc:  2289999    fAcc:  0.500      Maxd:  4.58635    E*/N:  -2.81050   P*:     0.08179    P*cold: -0.39821   Mu*_xs: -2.50897   Cv*/N_xs:  1.33661         E(kJ/mol): -2.803     P(bar):    0.047     
Step:  4599999    NAcc:  2299999    fAcc:  0.500      Maxd:  0.30280    E*/N:  -2.79514   P*:     0.08167    P*cold: -0.39833   Mu*_xs: -2.50936   Cv*/N_xs:  1.32897         E(kJ/mol): -2.788     P(bar):    0.019     
Step:  4619999    NAcc:  2309999    fAcc:  0.500      Maxd:  0.31820    E*/N:  -2.86863   P*:     0.08173    P*cold: -0.39827   Mu*_xs: -2.50947   Cv*/N_xs:  1.32349         E(kJ/mol): -2.861     P(bar):    0.084     
Step:  4639999    NAcc:  2319999    fAcc:  0.500      Maxd:  0.90034    E*/N:  -2.87456   P*:     0.08200    P*cold: -0.39800   Mu*_xs: -2.50928   Cv*/N_xs:  1.31781         E(kJ/mol): -2.867     P(bar):    0.095     
Step:  4659999    NAcc:  2330001    fAcc:  0.500      Maxd:  1.04346    E*/N:  -2.86569   P*:     0.08194    P*cold: -0.39806   Mu*_xs: -2.50902   Cv*/N_xs:  1.30945         E(kJ/mol): -2.858     P(bar):    0.003     
Step:  4679999    NAcc:  2339998    fAcc:  0.500      Maxd:  0.34390    E*/N:  -2.85591   P*:     0.08165    P*cold: -0.39835   Mu*_xs: -2.50897   Cv*/N_xs:  1.30232         E(kJ/mol): -2.848     P(bar):    0.040     
Step:  4699999    NAcc:  2350000    fAcc:  0.500      Maxd:  2.60567    E*/N:  -2.89297   P*:     0.08167    P*cold: -0.39833   Mu*_xs: -2.50935   Cv*/N_xs:  1.29835         E(kJ/mol): -2.885     P(bar):    0.055     
Step:  4719999    NAcc:  2360000    fAcc:  0.500      Maxd:  0.30290    E*/N:  -2.81298   P*:     0.08109    P*cold: -0.39891   Mu*_xs: -2.50946   Cv*/N_xs:  1.29840         E(kJ/mol): -2.806     P(bar):    0.017     
Step:  4739999    NAcc:  2369999    fAcc:  0.500      Maxd:  0.29959    E*/N:  -2.75591   P*:     0.08066    P*cold: -0.39934   Mu*_xs: -2.50963   Cv*/N_xs:  1.29657         E(kJ/mol): -2.749     P(bar):    0.076     
Step:  4759999    NAcc:  2380000    fAcc:  0.500      Maxd:  1.11237    E*/N:  -2.80984   P*:     0.08046    P*cold: -0.39954   Mu*_xs: -2.51015   Cv*/N_xs:  1.29714         E(kJ/mol): -2.802     P(bar):    0.089     
Step:  4779999    NAcc:  2390001    fAcc:  0.500      Maxd:  0.52214    E*/N:  -2.87890   P*:     0.07977    P*cold: -0.40023   Mu*_xs: -2.50996   Cv*/N_xs:  1.29146         E(kJ/mol): -2.871     P(bar):    -0.035    
Step:  4799999    NAcc:  2400001    fAcc:  0.500      Maxd:  1.80693    E*/N:  -2.83463   P*:     0.08007    P*cold: -0.39993   Mu*_xs: -2.51051   Cv*/N_xs:  1.28669         E(kJ/mol): -2.827     P(bar):    0.037     
Step:  4819999    NAcc:  2409998    fAcc:  0.500      Maxd:  0.30567    E*/N:  -2.85532   P*:     0.08010    P*cold: -0.39990   Mu*_xs: -2.51026   Cv*/N_xs:  1.28277         E(kJ/mol): -2.848     P(bar):    0.047     
Step:  4839999    NAcc:  2420000    fAcc:  0.500      Maxd:  1.91894    E*/N:  -2.79921   P*:     0.08017    P*cold: -0.39983   Mu*_xs: -2.51050   Cv*/N_xs:  1.28290         E(kJ/mol): -2.792     P(bar):    0.119     
Step:  4859999    NAcc:  2430003    fAcc:  0.500      Maxd:  1.35925    E*/N:  -2.79907   P*:     0.07998    P*cold: -0.40002   Mu*_xs: -2.51062   Cv*/N_xs:  1.27916         E(kJ/mol): -2.792     P(bar):    0.128     
Step:  4879999    NAcc:  2440001    fAcc:  0.500      Maxd:  0.52612    E*/N:  -2.81347   P*:     0.07999    P*cold: -0.40001   Mu*_xs: -2.51107   Cv*/N_xs:  1.27875         E(kJ/mol): -2.806     P(bar):    0.034     
Step:  4899999    NAcc:  2450000    fAcc:  0.500      Maxd:  2.89736    E*/N:  -2.78731   P*:     0.07978    P*cold: -0.40022   Mu*_xs: -2.51132   Cv*/N_xs:  1.28213         E(kJ/mol): -2.780     P(bar):    0.123     
Step:  4919999    NAcc:  2460000    fAcc:  0.500      Maxd:  1.78508    E*/N:  -2.72649   P*:     0.07981    P*cold: -0.40019   Mu*_xs: -2.51169   Cv*/N_xs:  1.29034         E(kJ/mol): -2.719     P(bar):    0.144     
Step:  4939999    NAcc:  2470002    fAcc:  0.500      Maxd:  0.67032    E*/N:  -2.75342   P*:     0.07987    P*cold: -0.40013   Mu*_xs: -2.51136   Cv*/N_xs:  1.29479         E(kJ/mol): -2.746     P(bar):    0.134     
Step:  4959999    NAcc:  2480000    fAcc:  0.500      Maxd:  0.34701    E*/N:  -2.75156   P*:     0.07958    P*cold: -0.40042   Mu*_xs: -2.51194   Cv*/N_xs:  1.30126         E(kJ/mol): -2.744     P(bar):    0.068     
Step:  4979999    NAcc:  2490000    fAcc:  0.500      Maxd:  0.33590    E*/N:  -2.78730   P*:     0.07960    P*cold: -0.40040   Mu*_xs: -2.51231   Cv*/N_xs:  1.31034         E(kJ/mol): -2.780     P(bar):    0.075     
Step:  4999999    NAcc:  2500002    fAcc:  0.500      Maxd:  1.42495    E*/N:  -2.81475   P*:     0.07963    P*cold: -0.40037   Mu*_xs: -2.51247   Cv*/N_xs:  1.31096         E(kJ/mol): -2.807     P(bar):    0.097     
# Computed average properties: 
 # E*/N:  -2.84509  
 # P*:     0.07963   
 # Cv*/N_xs:   1.31096        
 # Mu*_xs:  -2.51247  
