# Number of atoms:       500
# Atom type:             Ar
# Molar Mass (g/mol):    39.948
# Density (g/cm^3):      0.675339
# LJ sigma (Angstrom):   3.4
# LJ epsilon/kB (K):     120
# LJ cutoff (Angstrom):  13.6
# LJ cutoff (sigma):     4
# Temperature (K):       144
# Number MC steps:       5e+06
# Output frequency:      20000
# Num. den. (atoms/Ang): 0.0101771
# Box length (x):        36.6254
# Box length (y):        36.6254
# Box length (z):        36.6254
# Init. spacing (Ang):   4.06949
# reduc. density (rho*): 0.4
# reduc. temp (T*):      1.2
Step:  19999      NAcc:  9999       fAcc:  0.500      Maxd:  1.74624    E*/N:  -2.84982   P*:     nan        P*cold: nan        Mu*_xs: -0.00000   Cv*/N_xs:  0.00000         E(kJ/mol): -2.842     P(bar):    0.228     
Step:  39999      NAcc:  19999      fAcc:  0.500      Maxd:  0.30965    E*/N:  -2.88747   P*:     nan        P*cold: nan        Mu*_xs: -0.00000   Cv*/N_xs:  0.00000         E(kJ/mol): -2.880     P(bar):    0.177     
Step:  59999      NAcc:  30000      fAcc:  0.500      Maxd:  0.88121    E*/N:  -2.97724   P*:     nan        P*cold: nan        Mu*_xs: -0.00000   Cv*/N_xs:  0.00000         E(kJ/mol): -2.969     P(bar):    0.107     
Step:  79999      NAcc:  39997      fAcc:  0.500      Maxd:  0.32055    E*/N:  -2.89017   P*:     nan        P*cold: nan        Mu*_xs: -0.00000   Cv*/N_xs:  0.00000         E(kJ/mol): -2.883     P(bar):    0.108     
Step:  99999      NAcc:  50002      fAcc:  0.500      Maxd:  0.67985    E*/N:  -2.93037   P*:     nan        P*cold: nan        Mu*_xs: -0.00000   Cv*/N_xs:  0.00000         E(kJ/mol): -2.923     P(bar):    0.097     
Step:  119999     NAcc:  59999      fAcc:  0.500      Maxd:  0.81400    E*/N:  -2.90275   P*:     nan        P*cold: nan        Mu*_xs: -0.00000   Cv*/N_xs:  0.00000         E(kJ/mol): -2.895     P(bar):    0.093     
Step:  139999     NAcc:  70000      fAcc:  0.500      Maxd:  0.51000    E*/N:  -2.92027   P*:     nan        P*cold: nan        Mu*_xs: -0.00000   Cv*/N_xs:  0.00000         E(kJ/mol): -2.913     P(bar):    0.028     
Step:  159999     NAcc:  80000      fAcc:  0.500      Maxd:  0.33569    E*/N:  -2.94279   P*:     nan        P*cold: nan        Mu*_xs: -0.00000   Cv*/N_xs:  0.00000         E(kJ/mol): -2.935     P(bar):    0.051     
Step:  179999     NAcc:  90000      fAcc:  0.500      Maxd:  11.23896   E*/N:  -2.85348   P*:     nan        P*cold: nan        Mu*_xs: -0.00000   Cv*/N_xs:  0.00000         E(kJ/mol): -2.846     P(bar):    0.155     
Step:  199999     NAcc:  100001     fAcc:  0.500      Maxd:  0.72384    E*/N:  -2.89714   P*:     nan        P*cold: nan        Mu*_xs: -0.00000   Cv*/N_xs:  0.00000         E(kJ/mol): -2.890     P(bar):    0.069     
Step:  219999     NAcc:  109996     fAcc:  0.500      Maxd:  0.96884    E*/N:  -2.90443   P*:     nan        P*cold: nan        Mu*_xs: -0.00000   Cv*/N_xs:  0.00000         E(kJ/mol): -2.897     P(bar):    0.007     
Step:  239999     NAcc:  119999     fAcc:  0.500      Maxd:  0.38433    E*/N:  -2.88912   P*:     nan        P*cold: nan        Mu*_xs: -0.00000   Cv*/N_xs:  0.00000         E(kJ/mol): -2.882     P(bar):    0.008     
Step:  259999     NAcc:  130002     fAcc:  0.500      Maxd:  0.61390    E*/N:  -2.88938   P*:     nan        P*cold: nan        Mu*_xs: -0.00000   Cv*/N_xs:  0.00000         E(kJ/mol): -2.882     P(bar):    0.057     
Step:  279999     NAcc:  139998     fAcc:  0.500      Maxd:  0.44298    E*/N:  -2.94577   P*:     nan        P*cold: nan        Mu*_xs: -0.00000   Cv*/N_xs:  0.00000         E(kJ/mol): -2.938     P(bar):    0.033     
Step:  299999     NAcc:  150001     fAcc:  0.500      Maxd:  1.23009    E*/N:  -2.91399   P*:     nan        P*cold: nan        Mu*_xs: -0.00000   Cv*/N_xs:  0.00000         E(kJ/mol): -2.906     P(bar):    0.010     
Step:  319999     NAcc:  159999     fAcc:  0.500      Maxd:  0.31567    E*/N:  -2.90942   P*:     nan        P*cold: nan        Mu*_xs: -0.00000   Cv*/N_xs:  0.00000         E(kJ/mol): -2.902     P(bar):    0.138     
Step:  339999     NAcc:  170002     fAcc:  0.500      Maxd:  1.28267    E*/N:  -2.80875   P*:     nan        P*cold: nan        Mu*_xs: -0.00000   Cv*/N_xs:  0.00000         E(kJ/mol): -2.801     P(bar):    0.188     
Step:  359999     NAcc:  180001     fAcc:  0.500      Maxd:  2.74919    E*/N:  -2.94445   P*:     nan        P*cold: nan        Mu*_xs: -0.00000   Cv*/N_xs:  0.00000         E(kJ/mol): -2.937     P(bar):    -0.001    
Step:  379999     NAcc:  189999     fAcc:  0.500      Maxd:  1.70828    E*/N:  -2.84039   P*:     nan        P*cold: nan        Mu*_xs: -0.00000   Cv*/N_xs:  0.00000         E(kJ/mol): -2.833     P(bar):    0.060     
Step:  399999     NAcc:  200001     fAcc:  0.500      Maxd:  2.68465    E*/N:  -2.89316   P*:     nan        P*cold: nan        Mu*_xs: -0.00000   Cv*/N_xs:  0.00000         E(kJ/mol): -2.886     P(bar):    0.002     
Step:  419999     NAcc:  210001     fAcc:  0.500      Maxd:  1.27443    E*/N:  -2.82489   P*:     nan        P*cold: nan        Mu*_xs: -0.00000   Cv*/N_xs:  0.00000         E(kJ/mol): -2.817     P(bar):    0.060     
Step:  439999     NAcc:  219999     fAcc:  0.500      Maxd:  0.31993    E*/N:  -2.83306   P*:     nan        P*cold: nan        Mu*_xs: -0.00000   Cv*/N_xs:  0.00000         E(kJ/mol): -2.826     P(bar):    0.002     
Step:  459999     NAcc:  230000     fAcc:  0.500      Maxd:  0.38623    E*/N:  -2.85063   P*:     nan        P*cold: nan        Mu*_xs: -0.00000   Cv*/N_xs:  0.00000         E(kJ/mol): -2.843     P(bar):    0.053     
Step:  479999     NAcc:  240001     fAcc:  0.500      Maxd:  1.98842    E*/N:  -2.82170   P*:     nan        P*cold: nan        Mu*_xs: -0.00000   Cv*/N_xs:  0.00000         E(kJ/mol): -2.814     P(bar):    0.099     
Step:  499999     NAcc:  250001     fAcc:  0.500      Maxd:  0.89444    E*/N:  -2.88118   P*:     nan        P*cold: nan        Mu*_xs: -0.00000   Cv*/N_xs:  0.00000         E(kJ/mol): -2.874     P(bar):    0.088     
Step:  519999     NAcc:  259997     fAcc:  0.500      Maxd:  0.31399    E*/N:  -2.86157   P*:     nan        P*cold: nan        Mu*_xs: -0.00000   Cv*/N_xs:  0.00000         E(kJ/mol): -2.854     P(bar):    0.102     
Step:  539999     NAcc:  269999     fAcc:  0.500      Maxd:  0.74223    E*/N:  -2.85782   P*:     nan        P*cold: nan        Mu*_xs: -0.00000   Cv*/N_xs:  0.00000         E(kJ/mol): -2.850     P(bar):    0.090     
Step:  559999     NAcc:  280000     fAcc:  0.500      Maxd:  2.63902    E*/N:  -2.79718   P*:     nan        P*cold: nan        Mu*_xs: -0.00000   Cv*/N_xs:  0.00000         E(kJ/mol): -2.790     P(bar):    0.061     
Step:  579999     NAcc:  290002     fAcc:  0.500      Maxd:  0.93084    E*/N:  -2.84633   P*:     nan        P*cold: nan        Mu*_xs: -0.00000   Cv*/N_xs:  0.00000         E(kJ/mol): -2.839     P(bar):    -0.056    
Step:  599999     NAcc:  300000     fAcc:  0.500      Maxd:  0.35546    E*/N:  -2.76638   P*:     nan        P*cold: nan        Mu*_xs: -0.00000   Cv*/N_xs:  0.00000         E(kJ/mol): -2.759     P(bar):    0.021     
Step:  619999     NAcc:  309996     fAcc:  0.500      Maxd:  0.92646    E*/N:  -2.87814   P*:     nan        P*cold: nan        Mu*_xs: -0.00000   Cv*/N_xs:  0.00000         E(kJ/mol): -2.871     P(bar):    -0.022    
Step:  639999     NAcc:  320000     fAcc:  0.500      Maxd:  0.29637    E*/N:  -2.88653   P*:     nan        P*cold: nan        Mu*_xs: -0.00000   Cv*/N_xs:  0.00000         E(kJ/mol): -2.879     P(bar):    0.068     
Step:  659999     NAcc:  330002     fAcc:  0.500      Maxd:  5.57371    E*/N:  -2.82813   P*:     nan        P*cold: nan        Mu*_xs: -0.00000   Cv*/N_xs:  0.00000         E(kJ/mol): -2.821     P(bar):    0.163     
Step:  679999     NAcc:  340000     fAcc:  0.500      Maxd:  1.43827    E*/N:  -2.92555   P*:     nan        P*cold: nan        Mu*_xs: -0.00000   Cv*/N_xs:  0.00000         E(kJ/mol): -2.918     P(bar):    0.062     
Step:  699999     NAcc:  349998     fAcc:  0.500      Maxd:  1.67192    E*/N:  -2.85303   P*:     nan        P*cold: nan        Mu*_xs: -0.00000   Cv*/N_xs:  0.00000         E(kJ/mol): -2.846     P(bar):    0.000     
Step:  719999     NAcc:  359999     fAcc:  0.500      Maxd:  0.31547    E*/N:  -2.86521   P*:     nan        P*cold: nan        Mu*_xs: -0.00000   Cv*/N_xs:  0.00000         E(kJ/mol): -2.858     P(bar):    0.085     
Step:  739999     NAcc:  370000     fAcc:  0.500      Maxd:  0.35666    E*/N:  -2.82545   P*:     nan        P*cold: nan        Mu*_xs: -0.00000   Cv*/N_xs:  0.00000         E(kJ/mol): -2.818     P(bar):    0.100     
Step:  759999     NAcc:  379998     fAcc:  0.500      Maxd:  0.71571    E*/N:  -2.83897   P*:     nan        P*cold: nan        Mu*_xs: -0.00000   Cv*/N_xs:  0.00000         E(kJ/mol): -2.832     P(bar):    0.041     
Step:  779999     NAcc:  390001     fAcc:  0.500      Maxd:  1.49308    E*/N:  -2.92195   P*:     nan        P*cold: nan        Mu*_xs: -0.00000   Cv*/N_xs:  0.00000         E(kJ/mol): -2.914     P(bar):    -0.034    
Step:  799999     NAcc:  399998     fAcc:  0.500      Maxd:  0.34293    E*/N:  -2.90283   P*:     nan        P*cold: nan        Mu*_xs: -0.00000   Cv*/N_xs:  0.00000         E(kJ/mol): -2.895     P(bar):    0.055     
Step:  819999     NAcc:  410001     fAcc:  0.500      Maxd:  0.98921    E*/N:  -2.85987   P*:     nan        P*cold: nan        Mu*_xs: -0.00000   Cv*/N_xs:  0.00000         E(kJ/mol): -2.852     P(bar):    0.050     
Step:  839999     NAcc:  420000     fAcc:  0.500      Maxd:  1.82119    E*/N:  -2.81391   P*:     nan        P*cold: nan        Mu*_xs: -0.00000   Cv*/N_xs:  0.00000         E(kJ/mol): -2.807     P(bar):    0.042     
Step:  859999     NAcc:  429997     fAcc:  0.500      Maxd:  0.98775    E*/N:  -2.85830   P*:     nan        P*cold: nan        Mu*_xs: -0.00000   Cv*/N_xs:  0.00000         E(kJ/mol): -2.851     P(bar):    0.034     
Step:  879999     NAcc:  439999     fAcc:  0.500      Maxd:  0.32375    E*/N:  -2.86212   P*:     nan        P*cold: nan        Mu*_xs: -0.00000   Cv*/N_xs:  0.00000         E(kJ/mol): -2.855     P(bar):    0.020     
Step:  899999     NAcc:  449998     fAcc:  0.500      Maxd:  0.88406    E*/N:  -2.85065   P*:     nan        P*cold: nan        Mu*_xs: -0.00000   Cv*/N_xs:  0.00000         E(kJ/mol): -2.843     P(bar):    0.042     
Step:  919999     NAcc:  459997     fAcc:  0.500      Maxd:  0.36622    E*/N:  -2.88252   P*:     nan        P*cold: nan        Mu*_xs: -0.00000   Cv*/N_xs:  0.00000         E(kJ/mol): -2.875     P(bar):    -0.012    
Step:  939999     NAcc:  470001     fAcc:  0.500      Maxd:  0.56018    E*/N:  -2.92457   P*:     nan        P*cold: nan        Mu*_xs: -0.00000   Cv*/N_xs:  0.00000         E(kJ/mol): -2.917     P(bar):    0.036     
Step:  959999     NAcc:  480001     fAcc:  0.500      Maxd:  1.30605    E*/N:  -2.92739   P*:     nan        P*cold: nan        Mu*_xs: -0.00000   Cv*/N_xs:  0.00000         E(kJ/mol): -2.920     P(bar):    0.035     
Step:  979999     NAcc:  489999     fAcc:  0.500      Maxd:  0.33973    E*/N:  -2.86959   P*:     nan        P*cold: nan        Mu*_xs: -0.00000   Cv*/N_xs:  0.00000         E(kJ/mol): -2.862     P(bar):    0.090     
Step:  999999     NAcc:  500002     fAcc:  0.500      Maxd:  0.93025    E*/N:  -2.82684   P*:     nan        P*cold: nan        Mu*_xs: -0.00000   Cv*/N_xs:  0.00000         E(kJ/mol): -2.819     P(bar):    0.083     
Step:  1019999    NAcc:  509998     fAcc:  0.500      Maxd:  0.45621    E*/N:  -2.80754   P*:     nan        P*cold: nan        Mu*_xs: -0.00000   Cv*/N_xs:  0.00000         E(kJ/mol): -2.800     P(bar):    0.115     
Step:  1039999    NAcc:  520001     fAcc:  0.500      Maxd:  2.21834    E*/N:  -2.85419   P*:     nan        P*cold: nan        Mu*_xs: -0.00000   Cv*/N_xs:  0.00000         E(kJ/mol): -2.847     P(bar):    -0.035    
Step:  1059999    NAcc:  529997     fAcc:  0.500      Maxd:  0.49815    E*/N:  -2.74419   P*:     nan        P*cold: nan        Mu*_xs: -0.00000   Cv*/N_xs:  0.00000         E(kJ/mol): -2.737     P(bar):    0.025     
Step:  1079999    NAcc:  540001     fAcc:  0.500      Maxd:  0.42417    E*/N:  -2.76247   P*:     nan        P*cold: nan        Mu*_xs: -0.00000   Cv*/N_xs:  0.00000         E(kJ/mol): -2.755     P(bar):    -0.011    
Step:  1099999    NAcc:  549999     fAcc:  0.500      Maxd:  1.26976    E*/N:  -2.77187   P*:     nan        P*cold: nan        Mu*_xs: -0.00000   Cv*/N_xs:  0.00000         E(kJ/mol): -2.765     P(bar):    0.021     
Step:  1119999    NAcc:  560000     fAcc:  0.500      Maxd:  0.32569    E*/N:  -2.69829   P*:     nan        P*cold: nan        Mu*_xs: -0.00000   Cv*/N_xs:  0.00000         E(kJ/mol): -2.691     P(bar):    0.094     
Step:  1139999    NAcc:  570001     fAcc:  0.500      Maxd:  0.45913    E*/N:  -2.80901   P*:     nan        P*cold: nan        Mu*_xs: -0.00000   Cv*/N_xs:  0.00000         E(kJ/mol): -2.802     P(bar):    0.007     
Step:  1159999    NAcc:  580001     fAcc:  0.500      Maxd:  2.71549    E*/N:  -2.78070   P*:     nan        P*cold: nan        Mu*_xs: -0.00000   Cv*/N_xs:  0.00000         E(kJ/mol): -2.773     P(bar):    0.180     
Step:  1179999    NAcc:  590000     fAcc:  0.500      Maxd:  0.31307    E*/N:  -2.80377   P*:     nan        P*cold: nan        Mu*_xs: -0.00000   Cv*/N_xs:  0.00000         E(kJ/mol): -2.796     P(bar):    0.118     
Step:  1199999    NAcc:  600003     fAcc:  0.500      Maxd:  4.18715    E*/N:  -2.78179   P*:     nan        P*cold: nan        Mu*_xs: -0.00000   Cv*/N_xs:  0.00000         E(kJ/mol): -2.775     P(bar):    0.143     
Step:  1219999    NAcc:  610001     fAcc:  0.500      Maxd:  0.91793    E*/N:  -2.83650   P*:     nan        P*cold: nan        Mu*_xs: -0.00000   Cv*/N_xs:  0.00000         E(kJ/mol): -2.829     P(bar):    0.037     
Step:  1239999    NAcc:  620000     fAcc:  0.500      Maxd:  0.30177    E*/N:  -2.85133   P*:     nan        P*cold: nan        Mu*_xs: -0.00000   Cv*/N_xs:  0.00000         E(kJ/mol): -2.844     P(bar):    0.119     
Step:  1259999    NAcc:  630000     fAcc:  0.500      Maxd:  0.37132    E*/N:  -2.84408   P*:     nan        P*cold: nan        Mu*_xs: -0.00000   Cv*/N_xs:  0.00000         E(kJ/mol): -2.837     P(bar):    0.018     
Step:  1279999    NAcc:  639995     fAcc:  0.500      Maxd:  0.36241    E*/N:  -2.85943   P*:     nan        P*cold: nan        Mu*_xs: -0.00000   Cv*/N_xs:  0.00000         E(kJ/mol): -2.852     P(bar):    0.003     
Step:  1299999    NAcc:  649999     fAcc:  0.500      Maxd:  1.77596    E*/N:  -2.76296   P*:     nan        P*cold: nan        Mu*_xs: -0.00000   Cv*/N_xs:  0.00000         E(kJ/mol): -2.756     P(bar):    0.118     
Step:  1319999    NAcc:  659997     fAcc:  0.500      Maxd:  0.61446    E*/N:  -2.80390   P*:     nan        P*cold: nan        Mu*_xs: -0.00000   Cv*/N_xs:  0.00000         E(kJ/mol): -2.797     P(bar):    -0.039    
Step:  1339999    NAcc:  670000     fAcc:  0.500      Maxd:  1.96907    E*/N:  -2.75674   P*:     nan        P*cold: nan        Mu*_xs: -0.00000   Cv*/N_xs:  0.00000         E(kJ/mol): -2.750     P(bar):    0.108     
Step:  1359999    NAcc:  680000     fAcc:  0.500      Maxd:  0.70984    E*/N:  -2.75665   P*:     nan        P*cold: nan        Mu*_xs: -0.00000   Cv*/N_xs:  0.00000         E(kJ/mol): -2.749     P(bar):    0.098     
Step:  1379999    NAcc:  690001     fAcc:  0.500      Maxd:  4.33832    E*/N:  -2.86724   P*:     nan        P*cold: nan        Mu*_xs: -0.00000   Cv*/N_xs:  0.00000         E(kJ/mol): -2.860     P(bar):    0.002     
Step:  1399999    NAcc:  700001     fAcc:  0.500      Maxd:  0.49074    E*/N:  -2.83287   P*:     nan        P*cold: nan        Mu*_xs: -0.00000   Cv*/N_xs:  0.00000         E(kJ/mol): -2.825     P(bar):    0.076     
Step:  1419999    NAcc:  710001     fAcc:  0.500      Maxd:  0.72460    E*/N:  -2.83302   P*:     nan        P*cold: nan        Mu*_xs: -0.00000   Cv*/N_xs:  0.00000         E(kJ/mol): -2.826     P(bar):    -0.006    
Step:  1439999    NAcc:  719994     fAcc:  0.500      Maxd:  0.49236    E*/N:  -2.76000   P*:     nan        P*cold: nan        Mu*_xs: -0.00000   Cv*/N_xs:  0.00000         E(kJ/mol): -2.753     P(bar):    0.045     
Step:  1459999    NAcc:  730000     fAcc:  0.500      Maxd:  0.35324    E*/N:  -2.81568   P*:     nan        P*cold: nan        Mu*_xs: -0.00000   Cv*/N_xs:  0.00000         E(kJ/mol): -2.808     P(bar):    0.004     
Step:  1479999    NAcc:  740001     fAcc:  0.500      Maxd:  0.69374    E*/N:  -2.76175   P*:     nan        P*cold: nan        Mu*_xs: -0.00000   Cv*/N_xs:  0.00000         E(kJ/mol): -2.755     P(bar):    0.046     
Step:  1499999    NAcc:  750000     fAcc:  0.500      Maxd:  1.16040    E*/N:  -2.76944   P*:     nan        P*cold: nan        Mu*_xs: -0.00000   Cv*/N_xs:  0.00000         E(kJ/mol): -2.762     P(bar):    0.037     
Step:  1519999    NAcc:  760001     fAcc:  0.500      Maxd:  0.68978    E*/N:  -2.74834   P*:     nan        P*cold: nan        Mu*_xs: -0.00000   Cv*/N_xs:  0.00000         E(kJ/mol): -2.741     P(bar):    0.089     
Step:  1539999    NAcc:  770002     fAcc:  0.500      Maxd:  1.30409    E*/N:  -2.80800   P*:     nan        P*cold: nan        Mu*_xs: -0.00000   Cv*/N_xs:  0.00000         E(kJ/mol): -2.801     P(bar):    0.163     
Step:  1559999    NAcc:  780000     fAcc:  0.500      Maxd:  2.59734    E*/N:  -2.83947   P*:     nan        P*cold: nan        Mu*_xs: -0.00000   Cv*/N_xs:  0.00000         E(kJ/mol): -2.832     P(bar):    -0.006    
Step:  1579999    NAcc:  789998     fAcc:  0.500      Maxd:  0.42895    E*/N:  -2.80588   P*:     nan        P*cold: nan        Mu*_xs: -0.00000   Cv*/N_xs:  0.00000         E(kJ/mol): -2.799     P(bar):    0.129     
Step:  1599999    NAcc:  799996     fAcc:  0.500      Maxd:  0.38807    E*/N:  -2.89053   P*:     nan        P*cold: nan        Mu*_xs: -0.00000   Cv*/N_xs:  0.00000         E(kJ/mol): -2.883     P(bar):    -0.053    
Step:  1619999    NAcc:  809997     fAcc:  0.500      Maxd:  0.29804    E*/N:  -2.78952   P*:     nan        P*cold: nan        Mu*_xs: -0.00000   Cv*/N_xs:  0.00000         E(kJ/mol): -2.782     P(bar):    0.014     
Step:  1639999    NAcc:  820001     fAcc:  0.500      Maxd:  2.94624    E*/N:  -2.77977   P*:     nan        P*cold: nan        Mu*_xs: -0.00000   Cv*/N_xs:  0.00000         E(kJ/mol): -2.772     P(bar):    0.022     
Step:  1659999    NAcc:  830000     fAcc:  0.500      Maxd:  1.20047    E*/N:  -2.71544   P*:     nan        P*cold: nan        Mu*_xs: -0.00000   Cv*/N_xs:  0.00000         E(kJ/mol): -2.708     P(bar):    0.078     
Step:  1679999    NAcc:  840001     fAcc:  0.500      Maxd:  0.44597    E*/N:  -2.72070   P*:     nan        P*cold: nan        Mu*_xs: -0.00000   Cv*/N_xs:  0.00000         E(kJ/mol): -2.714     P(bar):    0.079     
Step:  1699999    NAcc:  849998     fAcc:  0.500      Maxd:  0.71971    E*/N:  -2.66333   P*:     nan        P*cold: nan        Mu*_xs: -0.00000   Cv*/N_xs:  0.00000         E(kJ/mol): -2.656     P(bar):    0.290     
Step:  1719999    NAcc:  859999     fAcc:  0.500      Maxd:  0.31400    E*/N:  -2.82542   P*:     nan        P*cold: nan        Mu*_xs: -0.00000   Cv*/N_xs:  0.00000         E(kJ/mol): -2.818     P(bar):    0.009     
Step:  1739999    NAcc:  870002     fAcc:  0.500      Maxd:  0.95326    E*/N:  -2.81695   P*:     nan        P*cold: nan        Mu*_xs: -0.00000   Cv*/N_xs:  0.00000         E(kJ/mol): -2.810     P(bar):    -0.015    
Step:  1759999    NAcc:  880000     fAcc:  0.500      Maxd:  0.32206    E*/N:  -2.85316   P*:     nan        P*cold: nan        Mu*_xs: -0.00000   Cv*/N_xs:  0.00000         E(kJ/mol): -2.846     P(bar):    0.034     
Step:  1779999    NAcc:  890000     fAcc:  0.500      Maxd:  0.97820    E*/N:  -2.82634   P*:     nan        P*cold: nan        Mu*_xs: -0.00000   Cv*/N_xs:  0.00000         E(kJ/mol): -2.819     P(bar):    0.040     
Step:  1799999    NAcc:  899999     fAcc:  0.500      Maxd:  0.35449    E*/N:  -2.81921   P*:     nan        P*cold: nan        Mu*_xs: -0.00000   Cv*/N_xs:  0.00000         E(kJ/mol): -2.812     P(bar):    0.072     
Step:  1819999    NAcc:  910000     fAcc:  0.500      Maxd:  0.31975    E*/N:  -2.78703   P*:     nan        P*cold: nan        Mu*_xs: -0.00000   Cv*/N_xs:  0.00000         E(kJ/mol): -2.780     P(bar):    -0.027    
Step:  1839999    NAcc:  919998     fAcc:  0.500      Maxd:  0.96535    E*/N:  -2.80998   P*:     nan        P*cold: nan        Mu*_xs: -0.00000   Cv*/N_xs:  0.00000         E(kJ/mol): -2.803     P(bar):    -0.069    
Step:  1859999    NAcc:  929999     fAcc:  0.500      Maxd:  0.31389    E*/N:  -2.75438   P*:     nan        P*cold: nan        Mu*_xs: -0.00000   Cv*/N_xs:  0.00000         E(kJ/mol): -2.747     P(bar):    0.187     
Step:  1879999    NAcc:  940002     fAcc:  0.500      Maxd:  1.04803    E*/N:  -2.79625   P*:     nan        P*cold: nan        Mu*_xs: -0.00000   Cv*/N_xs:  0.00000         E(kJ/mol): -2.789     P(bar):    0.059     
Step:  1899999    NAcc:  949998     fAcc:  0.500      Maxd:  1.74470    E*/N:  -2.82172   P*:     nan        P*cold: nan        Mu*_xs: -0.00000   Cv*/N_xs:  0.00000         E(kJ/mol): -2.814     P(bar):    0.253     
Step:  1919999    NAcc:  960002     fAcc:  0.500      Maxd:  2.15323    E*/N:  -2.84863   P*:     nan        P*cold: nan        Mu*_xs: -0.00000   Cv*/N_xs:  0.00000         E(kJ/mol): -2.841     P(bar):    -0.008    
Step:  1939999    NAcc:  969998     fAcc:  0.500      Maxd:  0.94439    E*/N:  -2.82864   P*:     nan        P*cold: nan        Mu*_xs: -0.00000   Cv*/N_xs:  0.00000         E(kJ/mol): -2.821     P(bar):    0.148     
Step:  1959999    NAcc:  979999     fAcc:  0.500      Maxd:  0.30784    E*/N:  -2.75970   P*:     nan        P*cold: nan        Mu*_xs: -0.00000   Cv*/N_xs:  0.00000         E(kJ/mol): -2.752     P(bar):    0.129     
Step:  1979999    NAcc:  990002     fAcc:  0.500      Maxd:  1.29223    E*/N:  -2.87711   P*:     nan        P*cold: nan        Mu*_xs: -0.00000   Cv*/N_xs:  0.00000         E(kJ/mol): -2.870     P(bar):    0.039     
Step:  1999999    NAcc:  1000001    fAcc:  0.500      Maxd:  2.60159    E*/N:  -2.86850   P*:     nan        P*cold: nan        Mu*_xs: -0.00000   Cv*/N_xs:  0.00000         E(kJ/mol): -2.861     P(bar):    0.055     
Step:  2019999    NAcc:  1010000    fAcc:  0.500      Maxd:  0.36584    E*/N:  -2.83270   P*:     0.08804    P*cold: -0.39196   Mu*_xs: -2.64339   Cv*/N_xs:  0.23508         E(kJ/mol): -2.825     P(bar):    0.125     
Step:  2039999    NAcc:  1020000    fAcc:  0.500      Maxd:  0.31182    E*/N:  -2.83851   P*:     0.12297    P*cold: -0.35703   Mu*_xs: -2.52160   Cv*/N_xs:  0.31211         E(kJ/mol): -2.831     P(bar):    0.096     
Step:  2059999    NAcc:  1030003    fAcc:  0.500      Maxd:  7.99769    E*/N:  -2.80024   P*:     0.12882    P*cold: -0.35118   Mu*_xs: -2.49561   Cv*/N_xs:  0.38450         E(kJ/mol): -2.793     P(bar):    0.059     
Step:  2079999    NAcc:  1040001    fAcc:  0.500      Maxd:  16.81012   E*/N:  -2.82346   P*:     0.10545    P*cold: -0.37455   Mu*_xs: -2.50647   Cv*/N_xs:  0.36862         E(kJ/mol): -2.816     P(bar):    0.042     
Step:  2099999    NAcc:  1050002    fAcc:  0.500      Maxd:  0.63682    E*/N:  -2.78035   P*:     0.09887    P*cold: -0.38113   Mu*_xs: -2.49654   Cv*/N_xs:  0.41141         E(kJ/mol): -2.773     P(bar):    0.109     
Step:  2119999    NAcc:  1059997    fAcc:  0.500      Maxd:  0.74175    E*/N:  -2.86916   P*:     0.10243    P*cold: -0.37757   Mu*_xs: -2.51257   Cv*/N_xs:  0.48727         E(kJ/mol): -2.862     P(bar):    0.003     
Step:  2139999    NAcc:  1070002    fAcc:  0.500      Maxd:  1.82233    E*/N:  -2.82950   P*:     0.10271    P*cold: -0.37729   Mu*_xs: -2.50676   Cv*/N_xs:  0.53989         E(kJ/mol): -2.822     P(bar):    0.095     
Step:  2159999    NAcc:  1080000    fAcc:  0.500      Maxd:  0.62924    E*/N:  -2.84778   P*:     0.09707    P*cold: -0.38293   Mu*_xs: -2.50525   Cv*/N_xs:  0.50867         E(kJ/mol): -2.840     P(bar):    -0.014    
Step:  2179999    NAcc:  1090001    fAcc:  0.500      Maxd:  0.62752    E*/N:  -2.79073   P*:     0.08978    P*cold: -0.39022   Mu*_xs: -2.50388   Cv*/N_xs:  0.47095         E(kJ/mol): -2.783     P(bar):    0.100     
Step:  2199999    NAcc:  1100002    fAcc:  0.500      Maxd:  1.32991    E*/N:  -2.90175   P*:     0.07989    P*cold: -0.40011   Mu*_xs: -2.49525   Cv*/N_xs:  0.49223         E(kJ/mol): -2.894     P(bar):    0.047     
Step:  2219999    NAcc:  1110002    fAcc:  0.500      Maxd:  1.33761    E*/N:  -2.88918   P*:     0.07891    P*cold: -0.40109   Mu*_xs: -2.49088   Cv*/N_xs:  0.49249         E(kJ/mol): -2.882     P(bar):    -0.082    
Step:  2239999    NAcc:  1119997    fAcc:  0.500      Maxd:  0.29471    E*/N:  -2.92172   P*:     0.07964    P*cold: -0.40036   Mu*_xs: -2.49037   Cv*/N_xs:  0.58519         E(kJ/mol): -2.914     P(bar):    0.131     
Step:  2259999    NAcc:  1130001    fAcc:  0.500      Maxd:  0.64251    E*/N:  -2.92318   P*:     0.08241    P*cold: -0.39759   Mu*_xs: -2.48012   Cv*/N_xs:  0.81153         E(kJ/mol): -2.916     P(bar):    0.020     
Step:  2279999    NAcc:  1139999    fAcc:  0.500      Maxd:  0.79276    E*/N:  -2.87788   P*:     0.08243    P*cold: -0.39757   Mu*_xs: -2.47966   Cv*/N_xs:  0.79223         E(kJ/mol): -2.870     P(bar):    0.018     
Step:  2299999    NAcc:  1149997    fAcc:  0.500      Maxd:  0.68662    E*/N:  -2.83781   P*:     0.07995    P*cold: -0.40005   Mu*_xs: -2.47886   Cv*/N_xs:  0.81431         E(kJ/mol): -2.830     P(bar):    0.132     
Step:  2319999    NAcc:  1160000    fAcc:  0.500      Maxd:  0.86390    E*/N:  -2.81648   P*:     0.08382    P*cold: -0.39618   Mu*_xs: -2.48844   Cv*/N_xs:  0.80431         E(kJ/mol): -2.809     P(bar):    0.137     
Step:  2339999    NAcc:  1170002    fAcc:  0.500      Maxd:  1.04060    E*/N:  -2.91670   P*:     0.08190    P*cold: -0.39810   Mu*_xs: -2.48689   Cv*/N_xs:  0.77284         E(kJ/mol): -2.909     P(bar):    -0.001    
Step:  2359999    NAcc:  1180001    fAcc:  0.500      Maxd:  1.56093    E*/N:  -2.73464   P*:     0.08252    P*cold: -0.39748   Mu*_xs: -2.48782   Cv*/N_xs:  0.83446         E(kJ/mol): -2.727     P(bar):    0.118     
Step:  2379999    NAcc:  1189999    fAcc:  0.500      Maxd:  0.72684    E*/N:  -2.84343   P*:     0.08163    P*cold: -0.39837   Mu*_xs: -2.49361   Cv*/N_xs:  0.88229         E(kJ/mol): -2.836     P(bar):    -0.053    
Step:  2399999    NAcc:  1200001    fAcc:  0.500      Maxd:  1.26991    E*/N:  -2.70178   P*:     0.08021    P*cold: -0.39979   Mu*_xs: -2.49706   Cv*/N_xs:  0.95324         E(kJ/mol): -2.695     P(bar):    0.099     
Step:  2419999    NAcc:  1210001    fAcc:  0.500      Maxd:  0.42658    E*/N:  -2.84664   P*:     0.08133    P*cold: -0.39867   Mu*_xs: -2.50431   Cv*/N_xs:  1.01096         E(kJ/mol): -2.839     P(bar):    0.027     
Step:  2439999    NAcc:  1220001    fAcc:  0.500      Maxd:  1.38595    E*/N:  -2.74462   P*:     0.07943    P*cold: -0.40057   Mu*_xs: -2.50189   Cv*/N_xs:  0.99926         E(kJ/mol): -2.737     P(bar):    0.108     
Step:  2459999    NAcc:  1230000    fAcc:  0.500      Maxd:  0.41761    E*/N:  -2.75781   P*:     0.07803    P*cold: -0.40197   Mu*_xs: -2.50329   Cv*/N_xs:  0.99228         E(kJ/mol): -2.751     P(bar):    0.018     
Step:  2479999    NAcc:  1239999    fAcc:  0.500      Maxd:  0.30051    E*/N:  -2.78413   P*:     0.07695    P*cold: -0.40305   Mu*_xs: -2.50321   Cv*/N_xs:  1.02457         E(kJ/mol): -2.777     P(bar):    0.125     
Step:  2499999    NAcc:  1249999    fAcc:  0.500      Maxd:  0.33510    E*/N:  -2.78913   P*:     0.07653    P*cold: -0.40347   Mu*_xs: -2.50752   Cv*/N_xs:  1.05567         E(kJ/mol): -2.782     P(bar):    0.007     
Step:  2519999    NAcc:  1260000    fAcc:  0.500      Maxd:  0.34811    E*/N:  -2.83115   P*:     0.07441    P*cold: -0.40559   Mu*_xs: -2.50882   Cv*/N_xs:  1.05574         E(kJ/mol): -2.824     P(bar):    0.077     
Step:  2539999    NAcc:  1270001    fAcc:  0.500      Maxd:  2.96408    E*/N:  -2.77037   P*:     0.07269    P*cold: -0.40731   Mu*_xs: -2.51076   Cv*/N_xs:  1.08538         E(kJ/mol): -2.763     P(bar):    0.024     
Step:  2559999    NAcc:  1279999    fAcc:  0.500      Maxd:  0.32979    E*/N:  -2.76021   P*:     0.07236    P*cold: -0.40764   Mu*_xs: -2.51395   Cv*/N_xs:  1.14539         E(kJ/mol): -2.753     P(bar):    0.190     
Step:  2579999    NAcc:  1290001    fAcc:  0.500      Maxd:  1.27266    E*/N:  -2.84487   P*:     0.07225    P*cold: -0.40775   Mu*_xs: -2.51652   Cv*/N_xs:  1.12719         E(kJ/mol): -2.837     P(bar):    -0.018    
Step:  2599999    NAcc:  1299999    fAcc:  0.500      Maxd:  0.35429    E*/N:  -2.82624   P*:     0.07195    P*cold: -0.40805   Mu*_xs: -2.51689   Cv*/N_xs:  1.11419         E(kJ/mol): -2.819     P(bar):    0.047     
Step:  2619999    NAcc:  1310001    fAcc:  0.500      Maxd:  1.73184    E*/N:  -2.77400   P*:     0.07206    P*cold: -0.40794   Mu*_xs: -2.51758   Cv*/N_xs:  1.14399         E(kJ/mol): -2.767     P(bar):    0.104     
Step:  2639999    NAcc:  1320002    fAcc:  0.500      Maxd:  6.02793    E*/N:  -2.78793   P*:     0.07357    P*cold: -0.40643   Mu*_xs: -2.51721   Cv*/N_xs:  1.11705         E(kJ/mol): -2.781     P(bar):    0.119     
Step:  2659999    NAcc:  1330000    fAcc:  0.500      Maxd:  0.32801    E*/N:  -2.82674   P*:     0.07493    P*cold: -0.40507   Mu*_xs: -2.51283   Cv*/N_xs:  1.09927         E(kJ/mol): -2.819     P(bar):    0.024     
Step:  2679999    NAcc:  1339998    fAcc:  0.500      Maxd:  1.51437    E*/N:  -2.81187   P*:     0.07588    P*cold: -0.40412   Mu*_xs: -2.50987   Cv*/N_xs:  1.07466         E(kJ/mol): -2.805     P(bar):    0.148     
Step:  2699999    NAcc:  1350001    fAcc:  0.500      Maxd:  0.88233    E*/N:  -2.88230   P*:     0.07791    P*cold: -0.40209   Mu*_xs: -2.51090   Cv*/N_xs:  1.06831         E(kJ/mol): -2.875     P(bar):    0.119     
Step:  2719999    NAcc:  1360001    fAcc:  0.500      Maxd:  2.22658    E*/N:  -2.90131   P*:     0.07820    P*cold: -0.40180   Mu*_xs: -2.50958   Cv*/N_xs:  1.08703         E(kJ/mol): -2.894     P(bar):    0.074     
Step:  2739999    NAcc:  1370001    fAcc:  0.500      Maxd:  0.48398    E*/N:  -2.92599   P*:     0.07852    P*cold: -0.40148   Mu*_xs: -2.50755   Cv*/N_xs:  1.14481         E(kJ/mol): -2.918     P(bar):    -0.025    
Step:  2759999    NAcc:  1379998    fAcc:  0.500      Maxd:  0.31334    E*/N:  -2.95241   P*:     0.07959    P*cold: -0.40041   Mu*_xs: -2.50838   Cv*/N_xs:  1.20548         E(kJ/mol): -2.945     P(bar):    0.100     
Step:  2779999    NAcc:  1390001    fAcc:  0.500      Maxd:  0.45383    E*/N:  -2.94065   P*:     0.07820    P*cold: -0.40180   Mu*_xs: -2.50494   Cv*/N_xs:  1.41434         E(kJ/mol): -2.933     P(bar):    0.183     
Step:  2799999    NAcc:  1399997    fAcc:  0.500      Maxd:  0.46314    E*/N:  -2.99043   P*:     0.07803    P*cold: -0.40197   Mu*_xs: -2.50281   Cv*/N_xs:  1.60727         E(kJ/mol): -2.983     P(bar):    0.086     
Step:  2819999    NAcc:  1410000    fAcc:  0.500      Maxd:  0.35418    E*/N:  -2.87777   P*:     0.07992    P*cold: -0.40008   Mu*_xs: -2.50305   Cv*/N_xs:  1.68228         E(kJ/mol): -2.870     P(bar):    0.147     
Step:  2839999    NAcc:  1420001    fAcc:  0.500      Maxd:  0.51041    E*/N:  -2.93218   P*:     0.08117    P*cold: -0.39883   Mu*_xs: -2.50048   Cv*/N_xs:  1.70255         E(kJ/mol): -2.924     P(bar):    0.194     
Step:  2859999    NAcc:  1429998    fAcc:  0.500      Maxd:  1.05921    E*/N:  -2.96329   P*:     0.08316    P*cold: -0.39684   Mu*_xs: -2.49718   Cv*/N_xs:  1.73037         E(kJ/mol): -2.956     P(bar):    0.095     
Step:  2879999    NAcc:  1440001    fAcc:  0.500      Maxd:  0.43191    E*/N:  -2.98532   P*:     0.08471    P*cold: -0.39529   Mu*_xs: -2.49646   Cv*/N_xs:  1.81257         E(kJ/mol): -2.978     P(bar):    0.068     
Step:  2899999    NAcc:  1450001    fAcc:  0.500      Maxd:  0.43116    E*/N:  -2.96053   P*:     0.08489    P*cold: -0.39511   Mu*_xs: -2.49333   Cv*/N_xs:  1.88193         E(kJ/mol): -2.953     P(bar):    0.014     
Step:  2919999    NAcc:  1460001    fAcc:  0.500      Maxd:  0.50803    E*/N:  -2.87310   P*:     0.08537    P*cold: -0.39463   Mu*_xs: -2.49349   Cv*/N_xs:  1.89104         E(kJ/mol): -2.866     P(bar):    0.150     
Step:  2939999    NAcc:  1470000    fAcc:  0.500      Maxd:  0.68958    E*/N:  -2.92108   P*:     0.08643    P*cold: -0.39357   Mu*_xs: -2.49448   Cv*/N_xs:  1.87535         E(kJ/mol): -2.913     P(bar):    0.068     
Step:  2959999    NAcc:  1479998    fAcc:  0.500      Maxd:  0.32377    E*/N:  -2.92905   P*:     0.08645    P*cold: -0.39355   Mu*_xs: -2.49291   Cv*/N_xs:  1.85916         E(kJ/mol): -2.921     P(bar):    0.049     
Step:  2979999    NAcc:  1490000    fAcc:  0.500      Maxd:  0.38571    E*/N:  -2.89891   P*:     0.08726    P*cold: -0.39274   Mu*_xs: -2.49285   Cv*/N_xs:  1.88478         E(kJ/mol): -2.891     P(bar):    0.135     
Step:  2999999    NAcc:  1500000    fAcc:  0.500      Maxd:  0.35379    E*/N:  -2.87645   P*:     0.08768    P*cold: -0.39232   Mu*_xs: -2.49262   Cv*/N_xs:  1.86621         E(kJ/mol): -2.869     P(bar):    -0.012    
Step:  3019999    NAcc:  1509998    fAcc:  0.500      Maxd:  0.50960    E*/N:  -2.76546   P*:     0.08735    P*cold: -0.39265   Mu*_xs: -2.49385   Cv*/N_xs:  1.84413         E(kJ/mol): -2.758     P(bar):    0.121     
Step:  3039999    NAcc:  1520002    fAcc:  0.500      Maxd:  1.89782    E*/N:  -2.81302   P*:     0.08674    P*cold: -0.39326   Mu*_xs: -2.49364   Cv*/N_xs:  1.81571         E(kJ/mol): -2.806     P(bar):    0.119     
Step:  3059999    NAcc:  1530001    fAcc:  0.500      Maxd:  0.44616    E*/N:  -2.89062   P*:     0.08637    P*cold: -0.39363   Mu*_xs: -2.49257   Cv*/N_xs:  1.79170         E(kJ/mol): -2.883     P(bar):    0.004     
Step:  3079999    NAcc:  1539999    fAcc:  0.500      Maxd:  0.46616    E*/N:  -2.87167   P*:     0.08616    P*cold: -0.39384   Mu*_xs: -2.49273   Cv*/N_xs:  1.78675         E(kJ/mol): -2.864     P(bar):    0.043     
Step:  3099999    NAcc:  1550001    fAcc:  0.500      Maxd:  1.35515    E*/N:  -2.82365   P*:     0.08696    P*cold: -0.39304   Mu*_xs: -2.49294   Cv*/N_xs:  1.76508         E(kJ/mol): -2.816     P(bar):    0.059     
Step:  3119999    NAcc:  1560000    fAcc:  0.500      Maxd:  0.53021    E*/N:  -2.86167   P*:     0.08681    P*cold: -0.39319   Mu*_xs: -2.49250   Cv*/N_xs:  1.74007         E(kJ/mol): -2.854     P(bar):    0.094     
Step:  3139999    NAcc:  1570001    fAcc:  0.500      Maxd:  0.72749    E*/N:  -2.91016   P*:     0.08740    P*cold: -0.39260   Mu*_xs: -2.49156   Cv*/N_xs:  1.71798         E(kJ/mol): -2.903     P(bar):    -0.007    
Step:  3159999    NAcc:  1580000    fAcc:  0.500      Maxd:  2.61594    E*/N:  -2.85446   P*:     0.08793    P*cold: -0.39207   Mu*_xs: -2.49155   Cv*/N_xs:  1.70444         E(kJ/mol): -2.847     P(bar):    0.057     
Step:  3179999    NAcc:  1589997    fAcc:  0.500      Maxd:  1.15367    E*/N:  -2.92247   P*:     0.08816    P*cold: -0.39184   Mu*_xs: -2.49144   Cv*/N_xs:  1.68864         E(kJ/mol): -2.915     P(bar):    0.089     
Step:  3199999    NAcc:  1600000    fAcc:  0.500      Maxd:  0.58319    E*/N:  -2.90913   P*:     0.08874    P*cold: -0.39126   Mu*_xs: -2.49239   Cv*/N_xs:  1.68634         E(kJ/mol): -2.902     P(bar):    0.102     
Step:  3219999    NAcc:  1610001    fAcc:  0.500      Maxd:  0.42794    E*/N:  -2.94306   P*:     0.08849    P*cold: -0.39151   Mu*_xs: -2.49063   Cv*/N_xs:  1.68297         E(kJ/mol): -2.935     P(bar):    0.048     
Step:  3239999    NAcc:  1619999    fAcc:  0.500      Maxd:  0.32086    E*/N:  -2.89623   P*:     0.08897    P*cold: -0.39103   Mu*_xs: -2.48868   Cv*/N_xs:  1.68535         E(kJ/mol): -2.889     P(bar):    0.128     
Step:  3259999    NAcc:  1629999    fAcc:  0.500      Maxd:  1.76299    E*/N:  -2.94324   P*:     0.08810    P*cold: -0.39190   Mu*_xs: -2.48697   Cv*/N_xs:  1.67491         E(kJ/mol): -2.936     P(bar):    0.026     
Step:  3279999    NAcc:  1639997    fAcc:  0.500      Maxd:  0.34487    E*/N:  -2.90575   P*:     0.08809    P*cold: -0.39191   Mu*_xs: -2.48789   Cv*/N_xs:  1.68754         E(kJ/mol): -2.898     P(bar):    0.067     
Step:  3299999    NAcc:  1649997    fAcc:  0.500      Maxd:  0.35256    E*/N:  -2.82151   P*:     0.08817    P*cold: -0.39183   Mu*_xs: -2.48777   Cv*/N_xs:  1.66746         E(kJ/mol): -2.814     P(bar):    0.129     
Step:  3319999    NAcc:  1660001    fAcc:  0.500      Maxd:  0.97606    E*/N:  -2.86947   P*:     0.08713    P*cold: -0.39287   Mu*_xs: -2.48689   Cv*/N_xs:  1.65725         E(kJ/mol): -2.862     P(bar):    0.108     
Step:  3339999    NAcc:  1670002    fAcc:  0.500      Maxd:  2.05258    E*/N:  -2.87966   P*:     0.08700    P*cold: -0.39300   Mu*_xs: -2.48777   Cv*/N_xs:  1.63859         E(kJ/mol): -2.872     P(bar):    -0.023    
Step:  3359999    NAcc:  1679999    fAcc:  0.500      Maxd:  1.56775    E*/N:  -2.84164   P*:     0.08661    P*cold: -0.39339   Mu*_xs: -2.48716   Cv*/N_xs:  1.61803         E(kJ/mol): -2.834     P(bar):    0.010     
Step:  3379999    NAcc:  1689996    fAcc:  0.500      Maxd:  0.49491    E*/N:  -2.88265   P*:     0.08655    P*cold: -0.39345   Mu*_xs: -2.48734   Cv*/N_xs:  1.59769         E(kJ/mol): -2.875     P(bar):    0.061     
Step:  3399999    NAcc:  1699997    fAcc:  0.500      Maxd:  1.59154    E*/N:  -2.87069   P*:     0.08664    P*cold: -0.39336   Mu*_xs: -2.48680   Cv*/N_xs:  1.57881         E(kJ/mol): -2.863     P(bar):    0.044     
Step:  3419999    NAcc:  1710000    fAcc:  0.500      Maxd:  2.41441    E*/N:  -2.75666   P*:     0.08636    P*cold: -0.39364   Mu*_xs: -2.48728   Cv*/N_xs:  1.56640         E(kJ/mol): -2.749     P(bar):    0.209     
Step:  3439999    NAcc:  1720000    fAcc:  0.500      Maxd:  0.31470    E*/N:  -2.92969   P*:     0.08645    P*cold: -0.39355   Mu*_xs: -2.48798   Cv*/N_xs:  1.56224         E(kJ/mol): -2.922     P(bar):    0.028     
Step:  3459999    NAcc:  1730000    fAcc:  0.500      Maxd:  0.64124    E*/N:  -3.08476   P*:     0.08694    P*cold: -0.39306   Mu*_xs: -2.48607   Cv*/N_xs:  1.62004         E(kJ/mol): -3.077     P(bar):    0.039     
Step:  3479999    NAcc:  1739999    fAcc:  0.500      Maxd:  0.67774    E*/N:  -2.97382   P*:     0.08696    P*cold: -0.39304   Mu*_xs: -2.48380   Cv*/N_xs:  1.71937         E(kJ/mol): -2.966     P(bar):    -0.004    
Step:  3499999    NAcc:  1749999    fAcc:  0.500      Maxd:  0.62525    E*/N:  -2.90922   P*:     0.08664    P*cold: -0.39336   Mu*_xs: -2.48292   Cv*/N_xs:  1.74688         E(kJ/mol): -2.902     P(bar):    0.046     
Step:  3519999    NAcc:  1760001    fAcc:  0.500      Maxd:  3.49188    E*/N:  -2.89943   P*:     0.08624    P*cold: -0.39376   Mu*_xs: -2.48360   Cv*/N_xs:  1.73367         E(kJ/mol): -2.892     P(bar):    0.067     
Step:  3539999    NAcc:  1769998    fAcc:  0.500      Maxd:  1.53228    E*/N:  -2.90782   P*:     0.08596    P*cold: -0.39404   Mu*_xs: -2.48318   Cv*/N_xs:  1.71942         E(kJ/mol): -2.900     P(bar):    0.047     
Step:  3559999    NAcc:  1780000    fAcc:  0.500      Maxd:  1.87457    E*/N:  -2.91881   P*:     0.08573    P*cold: -0.39427   Mu*_xs: -2.48299   Cv*/N_xs:  1.71156         E(kJ/mol): -2.911     P(bar):    0.080     
Step:  3579999    NAcc:  1789999    fAcc:  0.500      Maxd:  0.31823    E*/N:  -2.96150   P*:     0.08527    P*cold: -0.39473   Mu*_xs: -2.48329   Cv*/N_xs:  1.73586         E(kJ/mol): -2.954     P(bar):    0.066     
Step:  3599999    NAcc:  1800001    fAcc:  0.500      Maxd:  0.69153    E*/N:  -2.89117   P*:     0.08506    P*cold: -0.39494   Mu*_xs: -2.48319   Cv*/N_xs:  1.73021         E(kJ/mol): -2.884     P(bar):    0.114     
Step:  3619999    NAcc:  1810002    fAcc:  0.500      Maxd:  1.51939    E*/N:  -2.86231   P*:     0.08553    P*cold: -0.39447   Mu*_xs: -2.48256   Cv*/N_xs:  1.72085         E(kJ/mol): -2.855     P(bar):    0.241     
Step:  3639999    NAcc:  1819999    fAcc:  0.500      Maxd:  0.35081    E*/N:  -2.84752   P*:     0.08639    P*cold: -0.39361   Mu*_xs: -2.48233   Cv*/N_xs:  1.71119         E(kJ/mol): -2.840     P(bar):    0.118     
Step:  3659999    NAcc:  1830000    fAcc:  0.500      Maxd:  0.31053    E*/N:  -2.81492   P*:     0.08667    P*cold: -0.39333   Mu*_xs: -2.48247   Cv*/N_xs:  1.69289         E(kJ/mol): -2.808     P(bar):    0.091     
Step:  3679999    NAcc:  1840001    fAcc:  0.500      Maxd:  2.61579    E*/N:  -2.78656   P*:     0.08673    P*cold: -0.39327   Mu*_xs: -2.48213   Cv*/N_xs:  1.69604         E(kJ/mol): -2.779     P(bar):    0.115     
Step:  3699999    NAcc:  1850000    fAcc:  0.500      Maxd:  0.51246    E*/N:  -2.77951   P*:     0.08677    P*cold: -0.39323   Mu*_xs: -2.48290   Cv*/N_xs:  1.70528         E(kJ/mol): -2.772     P(bar):    0.055     
Step:  3719999    NAcc:  1859999    fAcc:  0.500      Maxd:  0.36490    E*/N:  -2.81988   P*:     0.08708    P*cold: -0.39292   Mu*_xs: -2.48277   Cv*/N_xs:  1.70016         E(kJ/mol): -2.812     P(bar):    0.102     
Step:  3739999    NAcc:  1869997    fAcc:  0.500      Maxd:  0.34569    E*/N:  -2.86173   P*:     0.08703    P*cold: -0.39297   Mu*_xs: -2.48447   Cv*/N_xs:  1.69738         E(kJ/mol): -2.854     P(bar):    0.053     
Step:  3759999    NAcc:  1880001    fAcc:  0.500      Maxd:  1.28098    E*/N:  -2.97141   P*:     0.08683    P*cold: -0.39317   Mu*_xs: -2.48477   Cv*/N_xs:  1.68353         E(kJ/mol): -2.964     P(bar):    0.025     
Step:  3779999    NAcc:  1890000    fAcc:  0.500      Maxd:  0.95804    E*/N:  -2.90913   P*:     0.08683    P*cold: -0.39317   Mu*_xs: -2.48512   Cv*/N_xs:  1.68410         E(kJ/mol): -2.902     P(bar):    0.032     
Step:  3799999    NAcc:  1900000    fAcc:  0.500      Maxd:  2.15077    E*/N:  -2.93375   P*:     0.08694    P*cold: -0.39306   Mu*_xs: -2.48563   Cv*/N_xs:  1.67176         E(kJ/mol): -2.926     P(bar):    -0.005    
Step:  3819999    NAcc:  1909999    fAcc:  0.500      Maxd:  1.22182    E*/N:  -2.90889   P*:     0.08680    P*cold: -0.39320   Mu*_xs: -2.48519   Cv*/N_xs:  1.66322         E(kJ/mol): -2.901     P(bar):    0.039     
Step:  3839999    NAcc:  1920000    fAcc:  0.500      Maxd:  0.33938    E*/N:  -2.83573   P*:     0.08728    P*cold: -0.39272   Mu*_xs: -2.48618   Cv*/N_xs:  1.64872         E(kJ/mol): -2.828     P(bar):    0.187     
Step:  3859999    NAcc:  1929998    fAcc:  0.500      Maxd:  0.33240    E*/N:  -2.87131   P*:     0.08750    P*cold: -0.39250   Mu*_xs: -2.48758   Cv*/N_xs:  1.63557         E(kJ/mol): -2.864     P(bar):    0.032     
Step:  3879999    NAcc:  1940000    fAcc:  0.500      Maxd:  2.16822    E*/N:  -2.85597   P*:     0.08754    P*cold: -0.39246   Mu*_xs: -2.48818   Cv*/N_xs:  1.62070         E(kJ/mol): -2.848     P(bar):    0.069     
Step:  3899999    NAcc:  1950002    fAcc:  0.500      Maxd:  4.33033    E*/N:  -2.85539   P*:     0.08754    P*cold: -0.39246   Mu*_xs: -2.48847   Cv*/N_xs:  1.60836         E(kJ/mol): -2.848     P(bar):    0.128     
Step:  3919999    NAcc:  1960001    fAcc:  0.500      Maxd:  1.96850    E*/N:  -2.93482   P*:     0.08732    P*cold: -0.39268   Mu*_xs: -2.48901   Cv*/N_xs:  1.59545         E(kJ/mol): -2.927     P(bar):    -0.049    
Step:  3939999    NAcc:  1969999    fAcc:  0.500      Maxd:  0.33401    E*/N:  -2.80555   P*:     0.08694    P*cold: -0.39306   Mu*_xs: -2.48828   Cv*/N_xs:  1.58377         E(kJ/mol): -2.798     P(bar):    0.196     
Step:  3959999    NAcc:  1980000    fAcc:  0.500      Maxd:  0.46082    E*/N:  -2.88153   P*:     0.08704    P*cold: -0.39296   Mu*_xs: -2.48827   Cv*/N_xs:  1.57176         E(kJ/mol): -2.874     P(bar):    0.133     
Step:  3979999    NAcc:  1990001    fAcc:  0.500      Maxd:  0.65484    E*/N:  -2.88954   P*:     0.08701    P*cold: -0.39299   Mu*_xs: -2.48812   Cv*/N_xs:  1.56016         E(kJ/mol): -2.882     P(bar):    0.031     
Step:  3999999    NAcc:  2000000    fAcc:  0.500      Maxd:  3.08216    E*/N:  -2.81249   P*:     0.08716    P*cold: -0.39284   Mu*_xs: -2.48815   Cv*/N_xs:  1.55513         E(kJ/mol): -2.805     P(bar):    0.170     
Step:  4019999    NAcc:  2010002    fAcc:  0.500      Maxd:  1.41982    E*/N:  -2.81205   P*:     0.08670    P*cold: -0.39330   Mu*_xs: -2.48863   Cv*/N_xs:  1.54317         E(kJ/mol): -2.805     P(bar):    0.111     
Step:  4039999    NAcc:  2020000    fAcc:  0.500      Maxd:  1.24991    E*/N:  -2.88296   P*:     0.08653    P*cold: -0.39347   Mu*_xs: -2.48787   Cv*/N_xs:  1.53130         E(kJ/mol): -2.875     P(bar):    0.127     
Step:  4059999    NAcc:  2029998    fAcc:  0.500      Maxd:  0.31908    E*/N:  -2.88294   P*:     0.08697    P*cold: -0.39303   Mu*_xs: -2.48805   Cv*/N_xs:  1.51917         E(kJ/mol): -2.875     P(bar):    0.112     
Step:  4079999    NAcc:  2040001    fAcc:  0.500      Maxd:  0.45730    E*/N:  -2.84923   P*:     0.08681    P*cold: -0.39319   Mu*_xs: -2.48826   Cv*/N_xs:  1.50843         E(kJ/mol): -2.842     P(bar):    0.067     
Step:  4099999    NAcc:  2050000    fAcc:  0.500      Maxd:  0.34946    E*/N:  -2.86472   P*:     0.08702    P*cold: -0.39298   Mu*_xs: -2.48924   Cv*/N_xs:  1.49800         E(kJ/mol): -2.857     P(bar):    0.097     
Step:  4119999    NAcc:  2060002    fAcc:  0.500      Maxd:  0.61578    E*/N:  -2.86204   P*:     0.08632    P*cold: -0.39368   Mu*_xs: -2.48971   Cv*/N_xs:  1.49137         E(kJ/mol): -2.855     P(bar):    0.091     
Step:  4139999    NAcc:  2069999    fAcc:  0.500      Maxd:  0.77225    E*/N:  -2.80027   P*:     0.08627    P*cold: -0.39373   Mu*_xs: -2.49027   Cv*/N_xs:  1.48232         E(kJ/mol): -2.793     P(bar):    0.055     
Step:  4159999    NAcc:  2080000    fAcc:  0.500      Maxd:  0.67780    E*/N:  -2.82087   P*:     0.08590    P*cold: -0.39410   Mu*_xs: -2.49000   Cv*/N_xs:  1.47284         E(kJ/mol): -2.813     P(bar):    0.191     
Step:  4179999    NAcc:  2089996    fAcc:  0.500      Maxd:  0.88257    E*/N:  -2.82153   P*:     0.08545    P*cold: -0.39455   Mu*_xs: -2.49020   Cv*/N_xs:  1.46186         E(kJ/mol): -2.814     P(bar):    0.058     
Step:  4199999    NAcc:  2100001    fAcc:  0.500      Maxd:  0.45689    E*/N:  -2.75328   P*:     0.08523    P*cold: -0.39477   Mu*_xs: -2.49081   Cv*/N_xs:  1.46337         E(kJ/mol): -2.746     P(bar):    0.111     
Step:  4219999    NAcc:  2110000    fAcc:  0.500      Maxd:  0.35666    E*/N:  -2.87718   P*:     0.08449    P*cold: -0.39551   Mu*_xs: -2.49115   Cv*/N_xs:  1.46270         E(kJ/mol): -2.870     P(bar):    0.071     
Step:  4239999    NAcc:  2120001    fAcc:  0.500      Maxd:  1.38012    E*/N:  -2.81557   P*:     0.08454    P*cold: -0.39546   Mu*_xs: -2.49102   Cv*/N_xs:  1.45555         E(kJ/mol): -2.808     P(bar):    0.116     
Step:  4259999    NAcc:  2130000    fAcc:  0.500      Maxd:  1.04388    E*/N:  -2.86500   P*:     0.08501    P*cold: -0.39499   Mu*_xs: -2.49107   Cv*/N_xs:  1.44946         E(kJ/mol): -2.857     P(bar):    0.065     
Step:  4279999    NAcc:  2140002    fAcc:  0.500      Maxd:  2.24918    E*/N:  -2.83333   P*:     0.08528    P*cold: -0.39472   Mu*_xs: -2.49162   Cv*/N_xs:  1.44364         E(kJ/mol): -2.826     P(bar):    0.002     
Step:  4299999    NAcc:  2150000    fAcc:  0.500      Maxd:  0.56646    E*/N:  -2.90004   P*:     0.08567    P*cold: -0.39433   Mu*_xs: -2.49169   Cv*/N_xs:  1.43760         E(kJ/mol): -2.892     P(bar):    -0.044    
Step:  4319999    NAcc:  2159999    fAcc:  0.500      Maxd:  1.65667    E*/N:  -2.89412   P*:     0.08571    P*cold: -0.39429   Mu*_xs: -2.49134   Cv*/N_xs:  1.43576         E(kJ/mol): -2.887     P(bar):    0.115     
Step:  4339999    NAcc:  2170001    fAcc:  0.500      Maxd:  0.67536    E*/N:  -2.87053   P*:     0.08607    P*cold: -0.39393   Mu*_xs: -2.49202   Cv*/N_xs:  1.43498         E(kJ/mol): -2.863     P(bar):    0.126     
Step:  4359999    NAcc:  2180000    fAcc:  0.500      Maxd:  0.91695    E*/N:  -2.97762   P*:     0.08623    P*cold: -0.39377   Mu*_xs: -2.49241   Cv*/N_xs:  1.43400         E(kJ/mol): -2.970     P(bar):    -0.005    
Step:  4379999    NAcc:  2190001    fAcc:  0.500      Maxd:  1.17881    E*/N:  -2.98395   P*:     0.08631    P*cold: -0.39369   Mu*_xs: -2.49169   Cv*/N_xs:  1.44247         E(kJ/mol): -2.976     P(bar):    0.114     
Step:  4399999    NAcc:  2200002    fAcc:  0.500      Maxd:  1.07289    E*/N:  -2.94865   P*:     0.08645    P*cold: -0.39355   Mu*_xs: -2.49173   Cv*/N_xs:  1.45093         E(kJ/mol): -2.941     P(bar):    0.027     
Step:  4419999    NAcc:  2210003    fAcc:  0.500      Maxd:  1.27179    E*/N:  -2.98859   P*:     0.08688    P*cold: -0.39312   Mu*_xs: -2.49067   Cv*/N_xs:  1.45147         E(kJ/mol): -2.981     P(bar):    0.068     
Step:  4439999    NAcc:  2220000    fAcc:  0.500      Maxd:  0.33558    E*/N:  -2.92685   P*:     0.08672    P*cold: -0.39328   Mu*_xs: -2.48963   Cv*/N_xs:  1.47654         E(kJ/mol): -2.919     P(bar):    -0.019    
Step:  4459999    NAcc:  2229998    fAcc:  0.500      Maxd:  0.47318    E*/N:  -2.93789   P*:     0.08686    P*cold: -0.39314   Mu*_xs: -2.48889   Cv*/N_xs:  1.47428         E(kJ/mol): -2.930     P(bar):    0.103     
Step:  4479999    NAcc:  2239998    fAcc:  0.500      Maxd:  0.57772    E*/N:  -2.96504   P*:     0.08692    P*cold: -0.39308   Mu*_xs: -2.48825   Cv*/N_xs:  1.50247         E(kJ/mol): -2.957     P(bar):    0.098     
Step:  4499999    NAcc:  2249998    fAcc:  0.500      Maxd:  0.34093    E*/N:  -2.89999   P*:     0.08694    P*cold: -0.39306   Mu*_xs: -2.48748   Cv*/N_xs:  1.50422         E(kJ/mol): -2.892     P(bar):    0.165     
Step:  4519999    NAcc:  2259999    fAcc:  0.500      Maxd:  2.35572    E*/N:  -2.91304   P*:     0.08729    P*cold: -0.39271   Mu*_xs: -2.48678   Cv*/N_xs:  1.50421         E(kJ/mol): -2.905     P(bar):    0.131     
Step:  4539999    NAcc:  2269999    fAcc:  0.500      Maxd:  2.13762    E*/N:  -2.86468   P*:     0.08818    P*cold: -0.39182   Mu*_xs: -2.48748   Cv*/N_xs:  1.49641         E(kJ/mol): -2.857     P(bar):    0.109     
Step:  4559999    NAcc:  2280000    fAcc:  0.500      Maxd:  4.20029    E*/N:  -2.90245   P*:     0.08847    P*cold: -0.39153   Mu*_xs: -2.48790   Cv*/N_xs:  1.48761         E(kJ/mol): -2.895     P(bar):    0.038     
Step:  4579999    NAcc:  2289998    fAcc:  0.500      Maxd:  0.33277    E*/N:  -2.90887   P*:     0.08832    P*cold: -0.39168   Mu*_xs: -2.48718   Cv*/N_xs:  1.48570         E(kJ/mol): -2.901     P(bar):    0.057     
Step:  4599999    NAcc:  2300001    fAcc:  0.500      Maxd:  1.42408    E*/N:  -2.87645   P*:     0.08823    P*cold: -0.39177   Mu*_xs: -2.48600   Cv*/N_xs:  1.47886         E(kJ/mol): -2.869     P(bar):    0.107     
Step:  4619999    NAcc:  2310000    fAcc:  0.500      Maxd:  0.36046    E*/N:  -2.86829   P*:     0.08814    P*cold: -0.39186   Mu*_xs: -2.48589   Cv*/N_xs:  1.47231         E(kJ/mol): -2.861     P(bar):    0.013     
Step:  4639999    NAcc:  2319997    fAcc:  0.500      Maxd:  0.32889    E*/N:  -2.95848   P*:     0.08814    P*cold: -0.39186   Mu*_xs: -2.48577   Cv*/N_xs:  1.46508         E(kJ/mol): -2.951     P(bar):    -0.043    
Step:  4659999    NAcc:  2329999    fAcc:  0.500      Maxd:  2.35424    E*/N:  -2.86408   P*:     0.08855    P*cold: -0.39145   Mu*_xs: -2.48545   Cv*/N_xs:  1.45708         E(kJ/mol): -2.857     P(bar):    0.081     
Step:  4679999    NAcc:  2340002    fAcc:  0.500      Maxd:  1.37099    E*/N:  -2.79712   P*:     0.08839    P*cold: -0.39161   Mu*_xs: -2.48470   Cv*/N_xs:  1.45154         E(kJ/mol): -2.790     P(bar):    0.170     
Step:  4699999    NAcc:  2349999    fAcc:  0.500      Maxd:  0.56030    E*/N:  -2.84791   P*:     0.08839    P*cold: -0.39161   Mu*_xs: -2.48496   Cv*/N_xs:  1.44654         E(kJ/mol): -2.840     P(bar):    0.048     
Step:  4719999    NAcc:  2360000    fAcc:  0.500      Maxd:  8.61113    E*/N:  -2.86547   P*:     0.08825    P*cold: -0.39175   Mu*_xs: -2.48539   Cv*/N_xs:  1.43873         E(kJ/mol): -2.858     P(bar):    -0.001    
Step:  4739999    NAcc:  2370001    fAcc:  0.500      Maxd:  1.30375    E*/N:  -2.88684   P*:     0.08838    P*cold: -0.39162   Mu*_xs: -2.48536   Cv*/N_xs:  1.43031         E(kJ/mol): -2.879     P(bar):    0.123     
Step:  4759999    NAcc:  2380002    fAcc:  0.500      Maxd:  1.32916    E*/N:  -2.89852   P*:     0.08826    P*cold: -0.39174   Mu*_xs: -2.48628   Cv*/N_xs:  1.42307         E(kJ/mol): -2.891     P(bar):    -0.037    
Step:  4779999    NAcc:  2389999    fAcc:  0.500      Maxd:  1.09936    E*/N:  -2.89620   P*:     0.08789    P*cold: -0.39211   Mu*_xs: -2.48605   Cv*/N_xs:  1.41520         E(kJ/mol): -2.889     P(bar):    0.050     
Step:  4799999    NAcc:  2400001    fAcc:  0.500      Maxd:  0.99185    E*/N:  -2.93360   P*:     0.08784    P*cold: -0.39216   Mu*_xs: -2.48570   Cv*/N_xs:  1.40756         E(kJ/mol): -2.926     P(bar):    0.018     
Step:  4819999    NAcc:  2409999    fAcc:  0.500      Maxd:  0.36874    E*/N:  -2.92349   P*:     0.08793    P*cold: -0.39207   Mu*_xs: -2.48555   Cv*/N_xs:  1.40482         E(kJ/mol): -2.916     P(bar):    0.026     
Step:  4839999    NAcc:  2419999    fAcc:  0.500      Maxd:  0.31343    E*/N:  -2.84785   P*:     0.08786    P*cold: -0.39214   Mu*_xs: -2.48565   Cv*/N_xs:  1.40455         E(kJ/mol): -2.840     P(bar):    0.266     
Step:  4859999    NAcc:  2430001    fAcc:  0.500      Maxd:  1.81881    E*/N:  -2.88602   P*:     0.08754    P*cold: -0.39246   Mu*_xs: -2.48612   Cv*/N_xs:  1.39802         E(kJ/mol): -2.878     P(bar):    0.025     
Step:  4879999    NAcc:  2439999    fAcc:  0.500      Maxd:  0.29538    E*/N:  -2.80440   P*:     0.08754    P*cold: -0.39246   Mu*_xs: -2.48627   Cv*/N_xs:  1.39534         E(kJ/mol): -2.797     P(bar):    0.200     
Step:  4899999    NAcc:  2449998    fAcc:  0.500      Maxd:  0.62131    E*/N:  -2.88572   P*:     0.08755    P*cold: -0.39245   Mu*_xs: -2.48660   Cv*/N_xs:  1.38881         E(kJ/mol): -2.878     P(bar):    -0.013    
Step:  4919999    NAcc:  2460000    fAcc:  0.500      Maxd:  3.74532    E*/N:  -2.87061   P*:     0.08754    P*cold: -0.39246   Mu*_xs: -2.48661   Cv*/N_xs:  1.38571         E(kJ/mol): -2.863     P(bar):    0.087     
Step:  4939999    NAcc:  2469998    fAcc:  0.500      Maxd:  0.29591    E*/N:  -2.86420   P*:     0.08730    P*cold: -0.39270   Mu*_xs: -2.48663   Cv*/N_xs:  1.38585         E(kJ/mol): -2.857     P(bar):    0.148     
Step:  4959999    NAcc:  2480001    fAcc:  0.500      Maxd:  0.68664    E*/N:  -2.97325   P*:     0.08743    P*cold: -0.39257   Mu*_xs: -2.48723   Cv*/N_xs:  1.38205         E(kJ/mol): -2.965     P(bar):    0.054     
Step:  4979999    NAcc:  2490000    fAcc:  0.500      Maxd:  0.40642    E*/N:  -2.85778   P*:     0.08747    P*cold: -0.39253   Mu*_xs: -2.48689   Cv*/N_xs:  1.38182         E(kJ/mol): -2.850     P(bar):    0.082     
Step:  4999999    NAcc:  2500002    fAcc:  0.500      Maxd:  0.69496    E*/N:  -2.88974   P*:     0.08709    P*cold: -0.39291   Mu*_xs: -2.48635   Cv*/N_xs:  1.37475         E(kJ/mol): -2.882     P(bar):    0.099     
# Computed average properties: 
 # E*/N:  -2.87230  
 # P*:     0.08709   
 # Cv*/N_xs:   1.37475        
 # Mu*_xs:  -2.48635  
