# Number of atoms:       500
# Atom type:             Ar
# Molar Mass (g/mol):    39.948
# Density (g/cm^3):      1.51951
# LJ sigma (Angstrom):   3.4
# LJ epsilon/kB (K):     120
# LJ cutoff (Angstrom):  13.6
# LJ cutoff (sigma):     4
# Temperature (K):       144
# Number MC steps:       5e+06
# Output frequency:      20000
# Num. den. (atoms/Ang): 0.0228984
# Box length (x):        27.9504
# Box length (y):        27.9504
# Box length (z):        27.9504
# Init. spacing (Ang):   3.1056
# reduc. density (rho*): 0.9
# reduc. temp (T*):      1.2
Step:  19999      NAcc:  6264       fAcc:  0.313      Maxd:  0.25175    E*/N:  -2.54583   P*:     nan        P*cold: nan        Mu*_xs: -0.00000   Cv*/N_xs:  0.00000         E(kJ/mol): -2.539     P(bar):    17.642    
Step:  39999      NAcc:  15924      fAcc:  0.398      Maxd:  0.25175    E*/N:  -5.07591   P*:     nan        P*cold: nan        Mu*_xs: -0.00000   Cv*/N_xs:  0.00000         E(kJ/mol): -5.063     P(bar):    7.181     
Step:  59999      NAcc:  26435      fAcc:  0.441      Maxd:  0.25175    E*/N:  -5.36691   P*:     nan        P*cold: nan        Mu*_xs: -0.00000   Cv*/N_xs:  0.00000         E(kJ/mol): -5.353     P(bar):    5.802     
Step:  79999      NAcc:  37255      fAcc:  0.466      Maxd:  0.25175    E*/N:  -5.41141   P*:     nan        P*cold: nan        Mu*_xs: -0.00000   Cv*/N_xs:  0.00000         E(kJ/mol): -5.397     P(bar):    5.431     
Step:  99999      NAcc:  47983      fAcc:  0.480      Maxd:  0.25175    E*/N:  -5.54876   P*:     nan        P*cold: nan        Mu*_xs: -0.00000   Cv*/N_xs:  0.00000         E(kJ/mol): -5.534     P(bar):    4.947     
Step:  119999     NAcc:  58731      fAcc:  0.489      Maxd:  0.25175    E*/N:  -5.53498   P*:     nan        P*cold: nan        Mu*_xs: -0.00000   Cv*/N_xs:  0.00000         E(kJ/mol): -5.520     P(bar):    4.931     
Step:  139999     NAcc:  69705      fAcc:  0.498      Maxd:  0.25175    E*/N:  -5.59415   P*:     nan        P*cold: nan        Mu*_xs: -0.00000   Cv*/N_xs:  0.00000         E(kJ/mol): -5.579     P(bar):    4.589     
Step:  159999     NAcc:  79999      fAcc:  0.500      Maxd:  0.26715    E*/N:  -5.61429   P*:     nan        P*cold: nan        Mu*_xs: -0.00000   Cv*/N_xs:  0.00000         E(kJ/mol): -5.600     P(bar):    4.427     
Step:  179999     NAcc:  89996      fAcc:  0.500      Maxd:  0.25391    E*/N:  -5.63192   P*:     nan        P*cold: nan        Mu*_xs: -0.00000   Cv*/N_xs:  0.00000         E(kJ/mol): -5.617     P(bar):    4.365     
Step:  199999     NAcc:  99999      fAcc:  0.500      Maxd:  0.24248    E*/N:  -5.66550   P*:     nan        P*cold: nan        Mu*_xs: -0.00000   Cv*/N_xs:  0.00000         E(kJ/mol): -5.651     P(bar):    4.223     
Step:  219999     NAcc:  110001     fAcc:  0.500      Maxd:  0.76160    E*/N:  -5.61057   P*:     nan        P*cold: nan        Mu*_xs: -0.00000   Cv*/N_xs:  0.00000         E(kJ/mol): -5.596     P(bar):    4.395     
Step:  239999     NAcc:  119998     fAcc:  0.500      Maxd:  0.26476    E*/N:  -5.61594   P*:     nan        P*cold: nan        Mu*_xs: -0.00000   Cv*/N_xs:  0.00000         E(kJ/mol): -5.601     P(bar):    4.381     
Step:  259999     NAcc:  129999     fAcc:  0.500      Maxd:  0.34734    E*/N:  -5.70751   P*:     nan        P*cold: nan        Mu*_xs: -0.00000   Cv*/N_xs:  0.00000         E(kJ/mol): -5.693     P(bar):    3.958     
Step:  279999     NAcc:  139983     fAcc:  0.500      Maxd:  0.27566    E*/N:  -5.74258   P*:     nan        P*cold: nan        Mu*_xs: -0.00000   Cv*/N_xs:  0.00000         E(kJ/mol): -5.728     P(bar):    3.886     
Step:  299999     NAcc:  149998     fAcc:  0.500      Maxd:  0.25494    E*/N:  -5.70553   P*:     nan        P*cold: nan        Mu*_xs: -0.00000   Cv*/N_xs:  0.00000         E(kJ/mol): -5.691     P(bar):    4.077     
Step:  319999     NAcc:  159999     fAcc:  0.500      Maxd:  0.27401    E*/N:  -5.72643   P*:     nan        P*cold: nan        Mu*_xs: -0.00000   Cv*/N_xs:  0.00000         E(kJ/mol): -5.711     P(bar):    3.914     
Step:  339999     NAcc:  169999     fAcc:  0.500      Maxd:  0.26556    E*/N:  -5.81689   P*:     nan        P*cold: nan        Mu*_xs: -0.00000   Cv*/N_xs:  0.00000         E(kJ/mol): -5.802     P(bar):    3.546     
Step:  359999     NAcc:  180001     fAcc:  0.500      Maxd:  0.39695    E*/N:  -5.72960   P*:     nan        P*cold: nan        Mu*_xs: -0.00000   Cv*/N_xs:  0.00000         E(kJ/mol): -5.715     P(bar):    3.970     
Step:  379999     NAcc:  189999     fAcc:  0.500      Maxd:  0.26312    E*/N:  -5.65575   P*:     nan        P*cold: nan        Mu*_xs: -0.00000   Cv*/N_xs:  0.00000         E(kJ/mol): -5.641     P(bar):    4.173     
Step:  399999     NAcc:  199999     fAcc:  0.500      Maxd:  0.26017    E*/N:  -5.77060   P*:     nan        P*cold: nan        Mu*_xs: -0.00000   Cv*/N_xs:  0.00000         E(kJ/mol): -5.755     P(bar):    3.756     
Step:  419999     NAcc:  209999     fAcc:  0.500      Maxd:  0.26771    E*/N:  -5.77271   P*:     nan        P*cold: nan        Mu*_xs: -0.00000   Cv*/N_xs:  0.00000         E(kJ/mol): -5.758     P(bar):    3.776     
Step:  439999     NAcc:  219995     fAcc:  0.500      Maxd:  0.26063    E*/N:  -5.75918   P*:     nan        P*cold: nan        Mu*_xs: -0.00000   Cv*/N_xs:  0.00000         E(kJ/mol): -5.744     P(bar):    3.828     
Step:  459999     NAcc:  229996     fAcc:  0.500      Maxd:  0.26425    E*/N:  -5.70569   P*:     nan        P*cold: nan        Mu*_xs: -0.00000   Cv*/N_xs:  0.00000         E(kJ/mol): -5.691     P(bar):    4.098     
Step:  479999     NAcc:  239996     fAcc:  0.500      Maxd:  0.26352    E*/N:  -5.72045   P*:     nan        P*cold: nan        Mu*_xs: -0.00000   Cv*/N_xs:  0.00000         E(kJ/mol): -5.705     P(bar):    4.024     
Step:  499999     NAcc:  250001     fAcc:  0.500      Maxd:  0.40237    E*/N:  -5.75324   P*:     nan        P*cold: nan        Mu*_xs: -0.00000   Cv*/N_xs:  0.00000         E(kJ/mol): -5.738     P(bar):    3.835     
Step:  519999     NAcc:  260000     fAcc:  0.500      Maxd:  0.24990    E*/N:  -5.68243   P*:     nan        P*cold: nan        Mu*_xs: -0.00000   Cv*/N_xs:  0.00000         E(kJ/mol): -5.668     P(bar):    4.106     
Step:  539999     NAcc:  269999     fAcc:  0.500      Maxd:  0.26644    E*/N:  -5.66495   P*:     nan        P*cold: nan        Mu*_xs: -0.00000   Cv*/N_xs:  0.00000         E(kJ/mol): -5.650     P(bar):    4.303     
Step:  559999     NAcc:  280000     fAcc:  0.500      Maxd:  0.22933    E*/N:  -5.77343   P*:     nan        P*cold: nan        Mu*_xs: -0.00000   Cv*/N_xs:  0.00000         E(kJ/mol): -5.758     P(bar):    3.776     
Step:  579999     NAcc:  289998     fAcc:  0.500      Maxd:  0.23544    E*/N:  -5.69202   P*:     nan        P*cold: nan        Mu*_xs: -0.00000   Cv*/N_xs:  0.00000         E(kJ/mol): -5.677     P(bar):    4.121     
Step:  599999     NAcc:  299998     fAcc:  0.500      Maxd:  0.23835    E*/N:  -5.65635   P*:     nan        P*cold: nan        Mu*_xs: -0.00000   Cv*/N_xs:  0.00000         E(kJ/mol): -5.642     P(bar):    4.255     
Step:  619999     NAcc:  309996     fAcc:  0.500      Maxd:  0.25643    E*/N:  -5.57102   P*:     nan        P*cold: nan        Mu*_xs: -0.00000   Cv*/N_xs:  0.00000         E(kJ/mol): -5.556     P(bar):    4.488     
Step:  639999     NAcc:  320000     fAcc:  0.500      Maxd:  0.26058    E*/N:  -5.72114   P*:     nan        P*cold: nan        Mu*_xs: -0.00000   Cv*/N_xs:  0.00000         E(kJ/mol): -5.706     P(bar):    3.968     
Step:  659999     NAcc:  330000     fAcc:  0.500      Maxd:  0.26692    E*/N:  -5.72720   P*:     nan        P*cold: nan        Mu*_xs: -0.00000   Cv*/N_xs:  0.00000         E(kJ/mol): -5.712     P(bar):    3.955     
Step:  679999     NAcc:  339997     fAcc:  0.500      Maxd:  0.26981    E*/N:  -5.69086   P*:     nan        P*cold: nan        Mu*_xs: -0.00000   Cv*/N_xs:  0.00000         E(kJ/mol): -5.676     P(bar):    4.085     
Step:  699999     NAcc:  350000     fAcc:  0.500      Maxd:  0.23764    E*/N:  -5.77961   P*:     nan        P*cold: nan        Mu*_xs: -0.00000   Cv*/N_xs:  0.00000         E(kJ/mol): -5.764     P(bar):    3.792     
Step:  719999     NAcc:  359999     fAcc:  0.500      Maxd:  0.43065    E*/N:  -5.65401   P*:     nan        P*cold: nan        Mu*_xs: -0.00000   Cv*/N_xs:  0.00000         E(kJ/mol): -5.639     P(bar):    4.273     
Step:  739999     NAcc:  369999     fAcc:  0.500      Maxd:  0.25407    E*/N:  -5.68741   P*:     nan        P*cold: nan        Mu*_xs: -0.00000   Cv*/N_xs:  0.00000         E(kJ/mol): -5.673     P(bar):    4.122     
Step:  759999     NAcc:  380001     fAcc:  0.500      Maxd:  0.48324    E*/N:  -5.86602   P*:     nan        P*cold: nan        Mu*_xs: -0.00000   Cv*/N_xs:  0.00000         E(kJ/mol): -5.851     P(bar):    3.430     
Step:  779999     NAcc:  389998     fAcc:  0.500      Maxd:  0.25312    E*/N:  -5.73826   P*:     nan        P*cold: nan        Mu*_xs: -0.00000   Cv*/N_xs:  0.00000         E(kJ/mol): -5.723     P(bar):    3.983     
Step:  799999     NAcc:  400000     fAcc:  0.500      Maxd:  0.31839    E*/N:  -5.76734   P*:     nan        P*cold: nan        Mu*_xs: -0.00000   Cv*/N_xs:  0.00000         E(kJ/mol): -5.752     P(bar):    3.811     
Step:  819999     NAcc:  410000     fAcc:  0.500      Maxd:  0.24434    E*/N:  -5.82211   P*:     nan        P*cold: nan        Mu*_xs: -0.00000   Cv*/N_xs:  0.00000         E(kJ/mol): -5.807     P(bar):    3.496     
Step:  839999     NAcc:  419999     fAcc:  0.500      Maxd:  0.27590    E*/N:  -5.72782   P*:     nan        P*cold: nan        Mu*_xs: -0.00000   Cv*/N_xs:  0.00000         E(kJ/mol): -5.713     P(bar):    3.980     
Step:  859999     NAcc:  429992     fAcc:  0.500      Maxd:  0.24942    E*/N:  -5.71787   P*:     nan        P*cold: nan        Mu*_xs: -0.00000   Cv*/N_xs:  0.00000         E(kJ/mol): -5.703     P(bar):    3.983     
Step:  879999     NAcc:  439992     fAcc:  0.500      Maxd:  0.25916    E*/N:  -5.75662   P*:     nan        P*cold: nan        Mu*_xs: -0.00000   Cv*/N_xs:  0.00000         E(kJ/mol): -5.742     P(bar):    3.872     
Step:  899999     NAcc:  449996     fAcc:  0.500      Maxd:  0.22531    E*/N:  -5.67593   P*:     nan        P*cold: nan        Mu*_xs: -0.00000   Cv*/N_xs:  0.00000         E(kJ/mol): -5.661     P(bar):    4.186     
Step:  919999     NAcc:  459999     fAcc:  0.500      Maxd:  0.27316    E*/N:  -5.75690   P*:     nan        P*cold: nan        Mu*_xs: -0.00000   Cv*/N_xs:  0.00000         E(kJ/mol): -5.742     P(bar):    3.869     
Step:  939999     NAcc:  469998     fAcc:  0.500      Maxd:  0.27626    E*/N:  -5.67161   P*:     nan        P*cold: nan        Mu*_xs: -0.00000   Cv*/N_xs:  0.00000         E(kJ/mol): -5.657     P(bar):    4.134     
Step:  959999     NAcc:  479994     fAcc:  0.500      Maxd:  0.27820    E*/N:  -5.62610   P*:     nan        P*cold: nan        Mu*_xs: -0.00000   Cv*/N_xs:  0.00000         E(kJ/mol): -5.611     P(bar):    4.355     
Step:  979999     NAcc:  490000     fAcc:  0.500      Maxd:  0.53889    E*/N:  -5.68715   P*:     nan        P*cold: nan        Mu*_xs: -0.00000   Cv*/N_xs:  0.00000         E(kJ/mol): -5.672     P(bar):    4.072     
Step:  999999     NAcc:  500001     fAcc:  0.500      Maxd:  0.37508    E*/N:  -5.72556   P*:     nan        P*cold: nan        Mu*_xs: -0.00000   Cv*/N_xs:  0.00000         E(kJ/mol): -5.711     P(bar):    3.938     
Step:  1019999    NAcc:  510000     fAcc:  0.500      Maxd:  0.45863    E*/N:  -5.78803   P*:     nan        P*cold: nan        Mu*_xs: -0.00000   Cv*/N_xs:  0.00000         E(kJ/mol): -5.773     P(bar):    3.659     
Step:  1039999    NAcc:  519995     fAcc:  0.500      Maxd:  0.27468    E*/N:  -5.76946   P*:     nan        P*cold: nan        Mu*_xs: -0.00000   Cv*/N_xs:  0.00000         E(kJ/mol): -5.754     P(bar):    3.755     
Step:  1059999    NAcc:  529997     fAcc:  0.500      Maxd:  0.27303    E*/N:  -5.68079   P*:     nan        P*cold: nan        Mu*_xs: -0.00000   Cv*/N_xs:  0.00000         E(kJ/mol): -5.666     P(bar):    4.163     
Step:  1079999    NAcc:  539994     fAcc:  0.500      Maxd:  0.26930    E*/N:  -5.64880   P*:     nan        P*cold: nan        Mu*_xs: -0.00000   Cv*/N_xs:  0.00000         E(kJ/mol): -5.634     P(bar):    4.193     
Step:  1099999    NAcc:  549998     fAcc:  0.500      Maxd:  0.24181    E*/N:  -5.69202   P*:     nan        P*cold: nan        Mu*_xs: -0.00000   Cv*/N_xs:  0.00000         E(kJ/mol): -5.677     P(bar):    4.041     
Step:  1119999    NAcc:  559994     fAcc:  0.500      Maxd:  0.25763    E*/N:  -5.67648   P*:     nan        P*cold: nan        Mu*_xs: -0.00000   Cv*/N_xs:  0.00000         E(kJ/mol): -5.662     P(bar):    4.107     
Step:  1139999    NAcc:  570000     fAcc:  0.500      Maxd:  0.26074    E*/N:  -5.73749   P*:     nan        P*cold: nan        Mu*_xs: -0.00000   Cv*/N_xs:  0.00000         E(kJ/mol): -5.722     P(bar):    3.955     
Step:  1159999    NAcc:  579999     fAcc:  0.500      Maxd:  0.25360    E*/N:  -5.68021   P*:     nan        P*cold: nan        Mu*_xs: -0.00000   Cv*/N_xs:  0.00000         E(kJ/mol): -5.665     P(bar):    4.176     
Step:  1179999    NAcc:  589999     fAcc:  0.500      Maxd:  0.25641    E*/N:  -5.78896   P*:     nan        P*cold: nan        Mu*_xs: -0.00000   Cv*/N_xs:  0.00000         E(kJ/mol): -5.774     P(bar):    3.763     
Step:  1199999    NAcc:  599998     fAcc:  0.500      Maxd:  0.27572    E*/N:  -5.70170   P*:     nan        P*cold: nan        Mu*_xs: -0.00000   Cv*/N_xs:  0.00000         E(kJ/mol): -5.687     P(bar):    4.116     
Step:  1219999    NAcc:  610000     fAcc:  0.500      Maxd:  0.26010    E*/N:  -5.75834   P*:     nan        P*cold: nan        Mu*_xs: -0.00000   Cv*/N_xs:  0.00000         E(kJ/mol): -5.743     P(bar):    3.806     
Step:  1239999    NAcc:  620000     fAcc:  0.500      Maxd:  0.25906    E*/N:  -5.72378   P*:     nan        P*cold: nan        Mu*_xs: -0.00000   Cv*/N_xs:  0.00000         E(kJ/mol): -5.709     P(bar):    3.999     
Step:  1259999    NAcc:  629993     fAcc:  0.500      Maxd:  0.26736    E*/N:  -5.65820   P*:     nan        P*cold: nan        Mu*_xs: -0.00000   Cv*/N_xs:  0.00000         E(kJ/mol): -5.643     P(bar):    4.211     
Step:  1279999    NAcc:  639994     fAcc:  0.500      Maxd:  0.24653    E*/N:  -5.76396   P*:     nan        P*cold: nan        Mu*_xs: -0.00000   Cv*/N_xs:  0.00000         E(kJ/mol): -5.749     P(bar):    3.848     
Step:  1299999    NAcc:  649997     fAcc:  0.500      Maxd:  0.27739    E*/N:  -5.66404   P*:     nan        P*cold: nan        Mu*_xs: -0.00000   Cv*/N_xs:  0.00000         E(kJ/mol): -5.649     P(bar):    4.232     
Step:  1319999    NAcc:  660001     fAcc:  0.500      Maxd:  0.56705    E*/N:  -5.80836   P*:     nan        P*cold: nan        Mu*_xs: -0.00000   Cv*/N_xs:  0.00000         E(kJ/mol): -5.793     P(bar):    3.638     
Step:  1339999    NAcc:  669995     fAcc:  0.500      Maxd:  0.26597    E*/N:  -5.80041   P*:     nan        P*cold: nan        Mu*_xs: -0.00000   Cv*/N_xs:  0.00000         E(kJ/mol): -5.785     P(bar):    3.726     
Step:  1359999    NAcc:  679980     fAcc:  0.500      Maxd:  0.27754    E*/N:  -5.66645   P*:     nan        P*cold: nan        Mu*_xs: -0.00000   Cv*/N_xs:  0.00000         E(kJ/mol): -5.652     P(bar):    4.233     
Step:  1379999    NAcc:  689997     fAcc:  0.500      Maxd:  0.23870    E*/N:  -5.65035   P*:     nan        P*cold: nan        Mu*_xs: -0.00000   Cv*/N_xs:  0.00000         E(kJ/mol): -5.636     P(bar):    4.379     
Step:  1399999    NAcc:  700000     fAcc:  0.500      Maxd:  0.35165    E*/N:  -5.70259   P*:     nan        P*cold: nan        Mu*_xs: -0.00000   Cv*/N_xs:  0.00000         E(kJ/mol): -5.688     P(bar):    4.033     
Step:  1419999    NAcc:  709996     fAcc:  0.500      Maxd:  0.26571    E*/N:  -5.64249   P*:     nan        P*cold: nan        Mu*_xs: -0.00000   Cv*/N_xs:  0.00000         E(kJ/mol): -5.628     P(bar):    4.341     
Step:  1439999    NAcc:  720000     fAcc:  0.500      Maxd:  0.25540    E*/N:  -5.71604   P*:     nan        P*cold: nan        Mu*_xs: -0.00000   Cv*/N_xs:  0.00000         E(kJ/mol): -5.701     P(bar):    3.980     
Step:  1459999    NAcc:  730001     fAcc:  0.500      Maxd:  0.49324    E*/N:  -5.67609   P*:     nan        P*cold: nan        Mu*_xs: -0.00000   Cv*/N_xs:  0.00000         E(kJ/mol): -5.661     P(bar):    4.209     
Step:  1479999    NAcc:  740000     fAcc:  0.500      Maxd:  0.22938    E*/N:  -5.75891   P*:     nan        P*cold: nan        Mu*_xs: -0.00000   Cv*/N_xs:  0.00000         E(kJ/mol): -5.744     P(bar):    3.750     
Step:  1499999    NAcc:  749999     fAcc:  0.500      Maxd:  0.25553    E*/N:  -5.78704   P*:     nan        P*cold: nan        Mu*_xs: -0.00000   Cv*/N_xs:  0.00000         E(kJ/mol): -5.772     P(bar):    3.724     
Step:  1519999    NAcc:  760000     fAcc:  0.500      Maxd:  0.24099    E*/N:  -5.69817   P*:     nan        P*cold: nan        Mu*_xs: -0.00000   Cv*/N_xs:  0.00000         E(kJ/mol): -5.683     P(bar):    4.110     
Step:  1539999    NAcc:  769994     fAcc:  0.500      Maxd:  0.26155    E*/N:  -5.68287   P*:     nan        P*cold: nan        Mu*_xs: -0.00000   Cv*/N_xs:  0.00000         E(kJ/mol): -5.668     P(bar):    4.124     
Step:  1559999    NAcc:  779998     fAcc:  0.500      Maxd:  0.25483    E*/N:  -5.66455   P*:     nan        P*cold: nan        Mu*_xs: -0.00000   Cv*/N_xs:  0.00000         E(kJ/mol): -5.650     P(bar):    4.282     
Step:  1579999    NAcc:  789998     fAcc:  0.500      Maxd:  0.26974    E*/N:  -5.66648   P*:     nan        P*cold: nan        Mu*_xs: -0.00000   Cv*/N_xs:  0.00000         E(kJ/mol): -5.652     P(bar):    4.218     
Step:  1599999    NAcc:  799999     fAcc:  0.500      Maxd:  0.25643    E*/N:  -5.77614   P*:     nan        P*cold: nan        Mu*_xs: -0.00000   Cv*/N_xs:  0.00000         E(kJ/mol): -5.761     P(bar):    3.793     
Step:  1619999    NAcc:  810000     fAcc:  0.500      Maxd:  0.25928    E*/N:  -5.68499   P*:     nan        P*cold: nan        Mu*_xs: -0.00000   Cv*/N_xs:  0.00000         E(kJ/mol): -5.670     P(bar):    4.148     
Step:  1639999    NAcc:  820000     fAcc:  0.500      Maxd:  0.25676    E*/N:  -5.70623   P*:     nan        P*cold: nan        Mu*_xs: -0.00000   Cv*/N_xs:  0.00000         E(kJ/mol): -5.691     P(bar):    4.097     
Step:  1659999    NAcc:  830000     fAcc:  0.500      Maxd:  0.24100    E*/N:  -5.65965   P*:     nan        P*cold: nan        Mu*_xs: -0.00000   Cv*/N_xs:  0.00000         E(kJ/mol): -5.645     P(bar):    4.264     
Step:  1679999    NAcc:  840000     fAcc:  0.500      Maxd:  2.04788    E*/N:  -5.59844   P*:     nan        P*cold: nan        Mu*_xs: -0.00000   Cv*/N_xs:  0.00000         E(kJ/mol): -5.584     P(bar):    4.463     
Step:  1699999    NAcc:  849999     fAcc:  0.500      Maxd:  0.26157    E*/N:  -5.74606   P*:     nan        P*cold: nan        Mu*_xs: -0.00000   Cv*/N_xs:  0.00000         E(kJ/mol): -5.731     P(bar):    3.843     
Step:  1719999    NAcc:  859996     fAcc:  0.500      Maxd:  0.23369    E*/N:  -5.69671   P*:     nan        P*cold: nan        Mu*_xs: -0.00000   Cv*/N_xs:  0.00000         E(kJ/mol): -5.682     P(bar):    4.101     
Step:  1739999    NAcc:  869995     fAcc:  0.500      Maxd:  0.27861    E*/N:  -5.56936   P*:     nan        P*cold: nan        Mu*_xs: -0.00000   Cv*/N_xs:  0.00000         E(kJ/mol): -5.555     P(bar):    4.579     
Step:  1759999    NAcc:  879999     fAcc:  0.500      Maxd:  0.23475    E*/N:  -5.74520   P*:     nan        P*cold: nan        Mu*_xs: -0.00000   Cv*/N_xs:  0.00000         E(kJ/mol): -5.730     P(bar):    3.951     
Step:  1779999    NAcc:  889992     fAcc:  0.500      Maxd:  0.26747    E*/N:  -5.73428   P*:     nan        P*cold: nan        Mu*_xs: -0.00000   Cv*/N_xs:  0.00000         E(kJ/mol): -5.719     P(bar):    3.973     
Step:  1799999    NAcc:  899996     fAcc:  0.500      Maxd:  0.26774    E*/N:  -5.76585   P*:     nan        P*cold: nan        Mu*_xs: -0.00000   Cv*/N_xs:  0.00000         E(kJ/mol): -5.751     P(bar):    3.769     
Step:  1819999    NAcc:  909994     fAcc:  0.500      Maxd:  0.27118    E*/N:  -5.65520   P*:     nan        P*cold: nan        Mu*_xs: -0.00000   Cv*/N_xs:  0.00000         E(kJ/mol): -5.640     P(bar):    4.247     
Step:  1839999    NAcc:  919994     fAcc:  0.500      Maxd:  0.27729    E*/N:  -5.62272   P*:     nan        P*cold: nan        Mu*_xs: -0.00000   Cv*/N_xs:  0.00000         E(kJ/mol): -5.608     P(bar):    4.361     
Step:  1859999    NAcc:  929994     fAcc:  0.500      Maxd:  0.25275    E*/N:  -5.65307   P*:     nan        P*cold: nan        Mu*_xs: -0.00000   Cv*/N_xs:  0.00000         E(kJ/mol): -5.638     P(bar):    4.256     
Step:  1879999    NAcc:  939999     fAcc:  0.500      Maxd:  0.26841    E*/N:  -5.65720   P*:     nan        P*cold: nan        Mu*_xs: -0.00000   Cv*/N_xs:  0.00000         E(kJ/mol): -5.642     P(bar):    4.211     
Step:  1899999    NAcc:  950000     fAcc:  0.500      Maxd:  0.54241    E*/N:  -5.79693   P*:     nan        P*cold: nan        Mu*_xs: -0.00000   Cv*/N_xs:  0.00000         E(kJ/mol): -5.782     P(bar):    3.660     
Step:  1919999    NAcc:  959999     fAcc:  0.500      Maxd:  0.26714    E*/N:  -5.73877   P*:     nan        P*cold: nan        Mu*_xs: -0.00000   Cv*/N_xs:  0.00000         E(kJ/mol): -5.724     P(bar):    3.871     
Step:  1939999    NAcc:  969977     fAcc:  0.500      Maxd:  0.26741    E*/N:  -5.70141   P*:     nan        P*cold: nan        Mu*_xs: -0.00000   Cv*/N_xs:  0.00000         E(kJ/mol): -5.686     P(bar):    4.106     
Step:  1959999    NAcc:  980000     fAcc:  0.500      Maxd:  0.26735    E*/N:  -5.80889   P*:     nan        P*cold: nan        Mu*_xs: -0.00000   Cv*/N_xs:  0.00000         E(kJ/mol): -5.794     P(bar):    3.622     
Step:  1979999    NAcc:  989996     fAcc:  0.500      Maxd:  0.27856    E*/N:  -5.66275   P*:     nan        P*cold: nan        Mu*_xs: -0.00000   Cv*/N_xs:  0.00000         E(kJ/mol): -5.648     P(bar):    4.181     
Step:  1999999    NAcc:  999997     fAcc:  0.500      Maxd:  0.23993    E*/N:  -5.73293   P*:     nan        P*cold: nan        Mu*_xs: -0.00000   Cv*/N_xs:  0.00000         E(kJ/mol): -5.718     P(bar):    3.988     
Step:  2019999    NAcc:  1009999    fAcc:  0.500      Maxd:  0.26343    E*/N:  -5.64896   P*:     4.89589    P*cold: 3.81589    Mu*_xs: 6.24211    Cv*/N_xs:  0.64336         E(kJ/mol): -5.634     P(bar):    4.309     
Step:  2039999    NAcc:  1020001    fAcc:  0.500      Maxd:  0.33629    E*/N:  -5.70651   P*:     4.88259    P*cold: 3.80259    Mu*_xs: 6.87092    Cv*/N_xs:  0.73854         E(kJ/mol): -5.692     P(bar):    3.986     
Step:  2059999    NAcc:  1030000    fAcc:  0.500      Maxd:  0.22799    E*/N:  -5.75136   P*:     4.86116    P*cold: 3.78116    Mu*_xs: 7.04467    Cv*/N_xs:  0.66808         E(kJ/mol): -5.736     P(bar):    3.891     
Step:  2079999    NAcc:  1039997    fAcc:  0.500      Maxd:  0.26343    E*/N:  -5.77546   P*:     4.79449    P*cold: 3.71449    Mu*_xs: 7.38822    Cv*/N_xs:  0.93854         E(kJ/mol): -5.760     P(bar):    3.717     
Step:  2099999    NAcc:  1049999    fAcc:  0.500      Maxd:  0.26370    E*/N:  -5.71843   P*:     4.75355    P*cold: 3.67355    Mu*_xs: 7.65397    Cv*/N_xs:  1.02215         E(kJ/mol): -5.703     P(bar):    4.014     
Step:  2119999    NAcc:  1059999    fAcc:  0.500      Maxd:  0.25487    E*/N:  -5.79058   P*:     4.79890    P*cold: 3.71890    Mu*_xs: 7.57292    Cv*/N_xs:  1.21261         E(kJ/mol): -5.775     P(bar):    3.696     
Step:  2139999    NAcc:  1069997    fAcc:  0.500      Maxd:  0.24260    E*/N:  -5.68938   P*:     4.77775    P*cold: 3.69775    Mu*_xs: 6.76879    Cv*/N_xs:  1.29876         E(kJ/mol): -5.674     P(bar):    4.125     
Step:  2159999    NAcc:  1079999    fAcc:  0.500      Maxd:  0.26536    E*/N:  -5.71436   P*:     4.76997    P*cold: 3.68997    Mu*_xs: 6.90429    Cv*/N_xs:  1.24829         E(kJ/mol): -5.699     P(bar):    4.009     
Step:  2179999    NAcc:  1089994    fAcc:  0.500      Maxd:  0.27134    E*/N:  -5.78864   P*:     4.75548    P*cold: 3.67548    Mu*_xs: 6.87101    Cv*/N_xs:  1.21975         E(kJ/mol): -5.773     P(bar):    3.605     
Step:  2199999    NAcc:  1099997    fAcc:  0.500      Maxd:  0.27250    E*/N:  -5.70648   P*:     4.75044    P*cold: 3.67044    Mu*_xs: 6.99714    Cv*/N_xs:  1.13856         E(kJ/mol): -5.692     P(bar):    3.996     
Step:  2219999    NAcc:  1110000    fAcc:  0.500      Maxd:  0.22516    E*/N:  -5.77838   P*:     4.74686    P*cold: 3.66686    Mu*_xs: 7.11116    Cv*/N_xs:  1.18912         E(kJ/mol): -5.763     P(bar):    3.725     
Step:  2239999    NAcc:  1119989    fAcc:  0.500      Maxd:  0.27760    E*/N:  -5.67146   P*:     4.75657    P*cold: 3.67657    Mu*_xs: 7.11503    Cv*/N_xs:  1.20886         E(kJ/mol): -5.657     P(bar):    4.163     
Step:  2259999    NAcc:  1129995    fAcc:  0.500      Maxd:  0.24826    E*/N:  -5.68636   P*:     4.76124    P*cold: 3.68124    Mu*_xs: 6.89053    Cv*/N_xs:  1.15516         E(kJ/mol): -5.671     P(bar):    4.106     
Step:  2279999    NAcc:  1140000    fAcc:  0.500      Maxd:  0.24939    E*/N:  -5.81255   P*:     4.75070    P*cold: 3.67070    Mu*_xs: 5.86880    Cv*/N_xs:  1.14121         E(kJ/mol): -5.797     P(bar):    3.591     
Step:  2299999    NAcc:  1149990    fAcc:  0.500      Maxd:  0.27691    E*/N:  -5.71277   P*:     4.74083    P*cold: 3.66083    Mu*_xs: 5.55598    Cv*/N_xs:  1.15191         E(kJ/mol): -5.698     P(bar):    3.975     
Step:  2319999    NAcc:  1160001    fAcc:  0.500      Maxd:  0.53882    E*/N:  -5.76361   P*:     4.73395    P*cold: 3.65395    Mu*_xs: 4.25052    Cv*/N_xs:  1.16224         E(kJ/mol): -5.749     P(bar):    3.789     
Step:  2339999    NAcc:  1170001    fAcc:  0.500      Maxd:  0.33817    E*/N:  -5.74157   P*:     4.73019    P*cold: 3.65019    Mu*_xs: 4.32252    Cv*/N_xs:  1.12760         E(kJ/mol): -5.727     P(bar):    3.839     
Step:  2359999    NAcc:  1179996    fAcc:  0.500      Maxd:  0.25108    E*/N:  -5.75009   P*:     4.73373    P*cold: 3.65373    Mu*_xs: 4.39099    Cv*/N_xs:  1.12172         E(kJ/mol): -5.735     P(bar):    3.867     
Step:  2379999    NAcc:  1189985    fAcc:  0.500      Maxd:  0.27265    E*/N:  -5.70065   P*:     4.72837    P*cold: 3.64837    Mu*_xs: 4.43250    Cv*/N_xs:  1.12185         E(kJ/mol): -5.686     P(bar):    4.073     
Step:  2399999    NAcc:  1199999    fAcc:  0.500      Maxd:  0.26926    E*/N:  -5.68631   P*:     4.73488    P*cold: 3.65488    Mu*_xs: 4.43523    Cv*/N_xs:  1.12009         E(kJ/mol): -5.671     P(bar):    4.184     
Step:  2419999    NAcc:  1209999    fAcc:  0.500      Maxd:  0.26050    E*/N:  -5.70218   P*:     4.74871    P*cold: 3.66871    Mu*_xs: 4.49378    Cv*/N_xs:  1.14353         E(kJ/mol): -5.687     P(bar):    4.066     
Step:  2439999    NAcc:  1220001    fAcc:  0.500      Maxd:  0.33548    E*/N:  -5.68836   P*:     4.75096    P*cold: 3.67096    Mu*_xs: 4.54960    Cv*/N_xs:  1.12440         E(kJ/mol): -5.673     P(bar):    4.073     
Step:  2459999    NAcc:  1229976    fAcc:  0.500      Maxd:  0.27755    E*/N:  -5.60373   P*:     4.75848    P*cold: 3.67848    Mu*_xs: 4.60294    Cv*/N_xs:  1.14591         E(kJ/mol): -5.589     P(bar):    4.441     
Step:  2479999    NAcc:  1239999    fAcc:  0.500      Maxd:  0.22411    E*/N:  -5.67603   P*:     4.77289    P*cold: 3.69289    Mu*_xs: 3.59430    Cv*/N_xs:  1.24653         E(kJ/mol): -5.661     P(bar):    4.147     
Step:  2499999    NAcc:  1249999    fAcc:  0.500      Maxd:  0.24537    E*/N:  -5.73825   P*:     4.77342    P*cold: 3.69342    Mu*_xs: 3.63921    Cv*/N_xs:  1.26667         E(kJ/mol): -5.723     P(bar):    3.988     
Step:  2519999    NAcc:  1259993    fAcc:  0.500      Maxd:  0.26759    E*/N:  -5.64698   P*:     4.78887    P*cold: 3.70887    Mu*_xs: 3.60085    Cv*/N_xs:  1.33866         E(kJ/mol): -5.632     P(bar):    4.267     
Step:  2539999    NAcc:  1269996    fAcc:  0.500      Maxd:  0.27205    E*/N:  -5.73832   P*:     4.79444    P*cold: 3.71444    Mu*_xs: 3.63862    Cv*/N_xs:  1.33060         E(kJ/mol): -5.723     P(bar):    3.896     
Step:  2559999    NAcc:  1279999    fAcc:  0.500      Maxd:  0.25759    E*/N:  -5.68701   P*:     4.79603    P*cold: 3.71603    Mu*_xs: 3.68186    Cv*/N_xs:  1.30284         E(kJ/mol): -5.672     P(bar):    4.059     
Step:  2579999    NAcc:  1289996    fAcc:  0.500      Maxd:  0.27693    E*/N:  -5.71560   P*:     4.79045    P*cold: 3.71045    Mu*_xs: 3.72392    Cv*/N_xs:  1.29368         E(kJ/mol): -5.701     P(bar):    3.975     
Step:  2599999    NAcc:  1299996    fAcc:  0.500      Maxd:  0.23645    E*/N:  -5.73934   P*:     4.78762    P*cold: 3.70762    Mu*_xs: 3.76460    Cv*/N_xs:  1.26726         E(kJ/mol): -5.724     P(bar):    3.933     
Step:  2619999    NAcc:  1309999    fAcc:  0.500      Maxd:  0.22928    E*/N:  -5.66826   P*:     4.78517    P*cold: 3.70517    Mu*_xs: 3.80257    Cv*/N_xs:  1.24094         E(kJ/mol): -5.653     P(bar):    4.234     
Step:  2639999    NAcc:  1319996    fAcc:  0.500      Maxd:  0.25967    E*/N:  -5.66502   P*:     4.78295    P*cold: 3.70295    Mu*_xs: 3.83166    Cv*/N_xs:  1.23092         E(kJ/mol): -5.650     P(bar):    4.159     
Step:  2659999    NAcc:  1329991    fAcc:  0.500      Maxd:  0.27798    E*/N:  -5.71880   P*:     4.78723    P*cold: 3.70723    Mu*_xs: 3.85075    Cv*/N_xs:  1.22639         E(kJ/mol): -5.704     P(bar):    3.980     
Step:  2679999    NAcc:  1339995    fAcc:  0.500      Maxd:  0.25357    E*/N:  -5.75894   P*:     4.78994    P*cold: 3.70994    Mu*_xs: 3.83165    Cv*/N_xs:  1.21701         E(kJ/mol): -5.744     P(bar):    3.810     
Step:  2699999    NAcc:  1349999    fAcc:  0.500      Maxd:  0.27077    E*/N:  -5.73492   P*:     4.79502    P*cold: 3.71502    Mu*_xs: 3.84347    Cv*/N_xs:  1.22449         E(kJ/mol): -5.720     P(bar):    3.942     
Step:  2719999    NAcc:  1359999    fAcc:  0.500      Maxd:  0.23968    E*/N:  -5.77754   P*:     4.79841    P*cold: 3.71841    Mu*_xs: 3.87694    Cv*/N_xs:  1.21527         E(kJ/mol): -5.762     P(bar):    3.789     
Step:  2739999    NAcc:  1369990    fAcc:  0.500      Maxd:  0.25774    E*/N:  -5.71179   P*:     4.80273    P*cold: 3.72273    Mu*_xs: 3.90964    Cv*/N_xs:  1.20751         E(kJ/mol): -5.697     P(bar):    4.016     
Step:  2759999    NAcc:  1379993    fAcc:  0.500      Maxd:  0.27111    E*/N:  -5.71278   P*:     4.80497    P*cold: 3.72497    Mu*_xs: 3.52584    Cv*/N_xs:  1.20453         E(kJ/mol): -5.698     P(bar):    4.037     
Step:  2779999    NAcc:  1389996    fAcc:  0.500      Maxd:  0.27563    E*/N:  -5.70687   P*:     4.80216    P*cold: 3.72216    Mu*_xs: 3.55653    Cv*/N_xs:  1.18735         E(kJ/mol): -5.692     P(bar):    4.060     
Step:  2799999    NAcc:  1399999    fAcc:  0.500      Maxd:  0.27282    E*/N:  -5.64420   P*:     4.80472    P*cold: 3.72472    Mu*_xs: 3.58687    Cv*/N_xs:  1.17694         E(kJ/mol): -5.629     P(bar):    4.301     
Step:  2819999    NAcc:  1409995    fAcc:  0.500      Maxd:  0.23487    E*/N:  -5.67690   P*:     4.81122    P*cold: 3.73122    Mu*_xs: 3.51196    Cv*/N_xs:  1.18787         E(kJ/mol): -5.662     P(bar):    4.268     
Step:  2839999    NAcc:  1419997    fAcc:  0.500      Maxd:  0.27220    E*/N:  -5.71261   P*:     4.81634    P*cold: 3.73634    Mu*_xs: 3.53668    Cv*/N_xs:  1.19438         E(kJ/mol): -5.698     P(bar):    4.048     
Step:  2859999    NAcc:  1429998    fAcc:  0.500      Maxd:  0.26768    E*/N:  -5.76239   P*:     4.81205    P*cold: 3.73205    Mu*_xs: 2.96274    Cv*/N_xs:  1.20428         E(kJ/mol): -5.747     P(bar):    3.871     
Step:  2879999    NAcc:  1439997    fAcc:  0.500      Maxd:  0.22379    E*/N:  -5.68019   P*:     4.81112    P*cold: 3.73112    Mu*_xs: 1.89843    Cv*/N_xs:  1.18973         E(kJ/mol): -5.665     P(bar):    4.218     
Step:  2899999    NAcc:  1449980    fAcc:  0.500      Maxd:  0.27474    E*/N:  -5.71008   P*:     4.81571    P*cold: 3.73571    Mu*_xs: 1.54015    Cv*/N_xs:  1.17609         E(kJ/mol): -5.695     P(bar):    4.133     
Step:  2919999    NAcc:  1459999    fAcc:  0.500      Maxd:  0.25672    E*/N:  -5.68145   P*:     4.81599    P*cold: 3.73599    Mu*_xs: 1.56651    Cv*/N_xs:  1.15984         E(kJ/mol): -5.667     P(bar):    4.239     
Step:  2939999    NAcc:  1469998    fAcc:  0.500      Maxd:  0.24738    E*/N:  -5.71852   P*:     4.81975    P*cold: 3.73975    Mu*_xs: 1.58826    Cv*/N_xs:  1.15540         E(kJ/mol): -5.704     P(bar):    3.979     
Step:  2959999    NAcc:  1479983    fAcc:  0.500      Maxd:  0.27606    E*/N:  -5.68693   P*:     4.82286    P*cold: 3.74286    Mu*_xs: 1.61309    Cv*/N_xs:  1.14500         E(kJ/mol): -5.672     P(bar):    4.235     
Step:  2979999    NAcc:  1490000    fAcc:  0.500      Maxd:  0.27434    E*/N:  -5.67018   P*:     4.82316    P*cold: 3.74316    Mu*_xs: 1.63310    Cv*/N_xs:  1.13336         E(kJ/mol): -5.655     P(bar):    4.267     
Step:  2999999    NAcc:  1499990    fAcc:  0.500      Maxd:  0.27641    E*/N:  -5.70694   P*:     4.82351    P*cold: 3.74351    Mu*_xs: 1.51631    Cv*/N_xs:  1.12438         E(kJ/mol): -5.692     P(bar):    4.162     
Step:  3019999    NAcc:  1509999    fAcc:  0.500      Maxd:  0.26709    E*/N:  -5.64768   P*:     4.81960    P*cold: 3.73960    Mu*_xs: 1.47408    Cv*/N_xs:  1.14797         E(kJ/mol): -5.633     P(bar):    4.311     
Step:  3039999    NAcc:  1520000    fAcc:  0.500      Maxd:  0.24284    E*/N:  -5.61715   P*:     4.81902    P*cold: 3.73902    Mu*_xs: 1.47366    Cv*/N_xs:  1.15361         E(kJ/mol): -5.602     P(bar):    4.441     
Step:  3059999    NAcc:  1529996    fAcc:  0.500      Maxd:  0.22476    E*/N:  -5.80266   P*:     4.81238    P*cold: 3.73238    Mu*_xs: 1.49570    Cv*/N_xs:  1.18933         E(kJ/mol): -5.787     P(bar):    3.639     
Step:  3079999    NAcc:  1539999    fAcc:  0.500      Maxd:  0.27202    E*/N:  -5.79650   P*:     4.80544    P*cold: 3.72544    Mu*_xs: 1.51805    Cv*/N_xs:  1.21903         E(kJ/mol): -5.781     P(bar):    3.710     
Step:  3099999    NAcc:  1550000    fAcc:  0.500      Maxd:  0.33554    E*/N:  -5.68248   P*:     4.80064    P*cold: 3.72064    Mu*_xs: 1.53788    Cv*/N_xs:  1.23045         E(kJ/mol): -5.668     P(bar):    4.116     
Step:  3119999    NAcc:  1559999    fAcc:  0.500      Maxd:  0.25634    E*/N:  -5.75653   P*:     4.79954    P*cold: 3.71954    Mu*_xs: 1.54051    Cv*/N_xs:  1.22497         E(kJ/mol): -5.741     P(bar):    3.878     
Step:  3139999    NAcc:  1570000    fAcc:  0.500      Maxd:  0.34268    E*/N:  -5.72052   P*:     4.80188    P*cold: 3.72188    Mu*_xs: 1.56175    Cv*/N_xs:  1.21819         E(kJ/mol): -5.706     P(bar):    3.999     
Step:  3159999    NAcc:  1579995    fAcc:  0.500      Maxd:  0.27271    E*/N:  -5.70598   P*:     4.80116    P*cold: 3.72116    Mu*_xs: 1.58262    Cv*/N_xs:  1.20572         E(kJ/mol): -5.691     P(bar):    4.034     
Step:  3179999    NAcc:  1589990    fAcc:  0.500      Maxd:  0.27428    E*/N:  -5.69797   P*:     4.79893    P*cold: 3.71893    Mu*_xs: 1.60309    Cv*/N_xs:  1.20791         E(kJ/mol): -5.683     P(bar):    4.039     
Step:  3199999    NAcc:  1599996    fAcc:  0.500      Maxd:  0.23186    E*/N:  -5.71178   P*:     4.80117    P*cold: 3.72117    Mu*_xs: 1.62307    Cv*/N_xs:  1.20819         E(kJ/mol): -5.697     P(bar):    4.060     
Step:  3219999    NAcc:  1610000    fAcc:  0.500      Maxd:  0.23180    E*/N:  -5.74683   P*:     4.80381    P*cold: 3.72381    Mu*_xs: 1.64212    Cv*/N_xs:  1.21518         E(kJ/mol): -5.732     P(bar):    3.902     
Step:  3239999    NAcc:  1619998    fAcc:  0.500      Maxd:  0.24542    E*/N:  -5.70924   P*:     4.80393    P*cold: 3.72393    Mu*_xs: 1.66147    Cv*/N_xs:  1.20017         E(kJ/mol): -5.694     P(bar):    4.015     
Step:  3259999    NAcc:  1629997    fAcc:  0.500      Maxd:  0.26471    E*/N:  -5.66711   P*:     4.80440    P*cold: 3.72440    Mu*_xs: 1.68067    Cv*/N_xs:  1.18955         E(kJ/mol): -5.652     P(bar):    4.172     
Step:  3279999    NAcc:  1640000    fAcc:  0.500      Maxd:  0.22449    E*/N:  -5.65577   P*:     4.80740    P*cold: 3.72740    Mu*_xs: 1.69954    Cv*/N_xs:  1.18858         E(kJ/mol): -5.641     P(bar):    4.177     
Step:  3299999    NAcc:  1649998    fAcc:  0.500      Maxd:  0.26213    E*/N:  -5.77953   P*:     4.80687    P*cold: 3.72687    Mu*_xs: 1.51266    Cv*/N_xs:  1.17899         E(kJ/mol): -5.764     P(bar):    3.675     
Step:  3319999    NAcc:  1659998    fAcc:  0.500      Maxd:  0.23774    E*/N:  -5.66484   P*:     4.80594    P*cold: 3.72594    Mu*_xs: 1.29683    Cv*/N_xs:  1.17140         E(kJ/mol): -5.650     P(bar):    4.191     
Step:  3339999    NAcc:  1669993    fAcc:  0.500      Maxd:  0.27678    E*/N:  -5.69414   P*:     4.80699    P*cold: 3.72699    Mu*_xs: 1.31483    Cv*/N_xs:  1.16428         E(kJ/mol): -5.679     P(bar):    4.051     
Step:  3359999    NAcc:  1679994    fAcc:  0.500      Maxd:  0.26557    E*/N:  -5.64101   P*:     4.80679    P*cold: 3.72679    Mu*_xs: 1.33260    Cv*/N_xs:  1.15736         E(kJ/mol): -5.626     P(bar):    4.302     
Step:  3379999    NAcc:  1689993    fAcc:  0.500      Maxd:  0.27512    E*/N:  -5.70813   P*:     4.80982    P*cold: 3.72982    Mu*_xs: 1.35011    Cv*/N_xs:  1.16539         E(kJ/mol): -5.693     P(bar):    3.999     
Step:  3399999    NAcc:  1699985    fAcc:  0.500      Maxd:  0.27915    E*/N:  -5.68356   P*:     4.80898    P*cold: 3.72898    Mu*_xs: 1.34054    Cv*/N_xs:  1.15118         E(kJ/mol): -5.669     P(bar):    4.159     
Step:  3419999    NAcc:  1709998    fAcc:  0.500      Maxd:  0.23187    E*/N:  -5.74787   P*:     4.80738    P*cold: 3.72738    Mu*_xs: 1.35756    Cv*/N_xs:  1.14318         E(kJ/mol): -5.733     P(bar):    3.930     
Step:  3439999    NAcc:  1720000    fAcc:  0.500      Maxd:  0.73048    E*/N:  -5.69914   P*:     4.80828    P*cold: 3.72828    Mu*_xs: 1.36594    Cv*/N_xs:  1.13989         E(kJ/mol): -5.684     P(bar):    4.000     
Step:  3459999    NAcc:  1730000    fAcc:  0.500      Maxd:  0.26805    E*/N:  -5.68783   P*:     4.80591    P*cold: 3.72591    Mu*_xs: 1.38249    Cv*/N_xs:  1.13464         E(kJ/mol): -5.673     P(bar):    4.049     
Step:  3479999    NAcc:  1739999    fAcc:  0.500      Maxd:  0.24525    E*/N:  -5.70060   P*:     4.80676    P*cold: 3.72676    Mu*_xs: 1.39881    Cv*/N_xs:  1.13441         E(kJ/mol): -5.686     P(bar):    4.028     
Step:  3499999    NAcc:  1750001    fAcc:  0.500      Maxd:  0.51406    E*/N:  -5.69749   P*:     4.80398    P*cold: 3.72398    Mu*_xs: 1.41467    Cv*/N_xs:  1.14707         E(kJ/mol): -5.683     P(bar):    4.050     
Step:  3519999    NAcc:  1760001    fAcc:  0.500      Maxd:  0.49586    E*/N:  -5.74694   P*:     4.80392    P*cold: 3.72392    Mu*_xs: 1.42978    Cv*/N_xs:  1.14380         E(kJ/mol): -5.732     P(bar):    3.918     
Step:  3539999    NAcc:  1769998    fAcc:  0.500      Maxd:  0.24501    E*/N:  -5.73351   P*:     4.80250    P*cold: 3.72250    Mu*_xs: 1.40327    Cv*/N_xs:  1.14265         E(kJ/mol): -5.718     P(bar):    3.892     
Step:  3559999    NAcc:  1780000    fAcc:  0.500      Maxd:  0.96509    E*/N:  -5.69922   P*:     4.80246    P*cold: 3.72246    Mu*_xs: 1.41861    Cv*/N_xs:  1.14483         E(kJ/mol): -5.684     P(bar):    4.023     
Step:  3579999    NAcc:  1789999    fAcc:  0.500      Maxd:  0.23639    E*/N:  -5.67649   P*:     4.80384    P*cold: 3.72384    Mu*_xs: 1.36798    Cv*/N_xs:  1.13922         E(kJ/mol): -5.662     P(bar):    4.223     
Step:  3599999    NAcc:  1799998    fAcc:  0.500      Maxd:  0.24355    E*/N:  -5.69654   P*:     4.80295    P*cold: 3.72295    Mu*_xs: 1.38185    Cv*/N_xs:  1.13116         E(kJ/mol): -5.682     P(bar):    4.037     
Step:  3619999    NAcc:  1809998    fAcc:  0.500      Maxd:  0.25085    E*/N:  -5.79452   P*:     4.80199    P*cold: 3.72199    Mu*_xs: 1.39676    Cv*/N_xs:  1.12495         E(kJ/mol): -5.779     P(bar):    3.689     
Step:  3639999    NAcc:  1819996    fAcc:  0.500      Maxd:  0.27377    E*/N:  -5.77503   P*:     4.79945    P*cold: 3.71945    Mu*_xs: 1.41075    Cv*/N_xs:  1.12759         E(kJ/mol): -5.760     P(bar):    3.763     
Step:  3659999    NAcc:  1830001    fAcc:  0.500      Maxd:  0.70889    E*/N:  -5.70339   P*:     4.79698    P*cold: 3.71698    Mu*_xs: 1.42498    Cv*/N_xs:  1.12765         E(kJ/mol): -5.688     P(bar):    3.994     
Step:  3679999    NAcc:  1840000    fAcc:  0.500      Maxd:  0.30277    E*/N:  -5.74480   P*:     4.79807    P*cold: 3.71807    Mu*_xs: 1.43935    Cv*/N_xs:  1.12725         E(kJ/mol): -5.730     P(bar):    3.942     
Step:  3699999    NAcc:  1849993    fAcc:  0.500      Maxd:  0.27736    E*/N:  -5.67815   P*:     4.79455    P*cold: 3.71455    Mu*_xs: 1.45355    Cv*/N_xs:  1.13667         E(kJ/mol): -5.663     P(bar):    4.188     
Step:  3719999    NAcc:  1860000    fAcc:  0.500      Maxd:  0.22689    E*/N:  -5.73705   P*:     4.79363    P*cold: 3.71363    Mu*_xs: 1.41277    Cv*/N_xs:  1.12755         E(kJ/mol): -5.722     P(bar):    3.930     
Step:  3739999    NAcc:  1869998    fAcc:  0.500      Maxd:  0.27542    E*/N:  -5.74215   P*:     4.79575    P*cold: 3.71575    Mu*_xs: 1.42632    Cv*/N_xs:  1.12822         E(kJ/mol): -5.727     P(bar):    3.923     
Step:  3759999    NAcc:  1879999    fAcc:  0.500      Maxd:  0.25358    E*/N:  -5.70775   P*:     4.79357    P*cold: 3.71357    Mu*_xs: 1.43988    Cv*/N_xs:  1.14143         E(kJ/mol): -5.693     P(bar):    4.059     
Step:  3779999    NAcc:  1890000    fAcc:  0.500      Maxd:  0.26969    E*/N:  -5.61430   P*:     4.79415    P*cold: 3.71415    Mu*_xs: 1.45311    Cv*/N_xs:  1.13445         E(kJ/mol): -5.600     P(bar):    4.471     
Step:  3799999    NAcc:  1899983    fAcc:  0.500      Maxd:  0.26627    E*/N:  -5.59178   P*:     4.79815    P*cold: 3.71815    Mu*_xs: 1.31916    Cv*/N_xs:  1.14651         E(kJ/mol): -5.577     P(bar):    4.529     
Step:  3819999    NAcc:  1909996    fAcc:  0.500      Maxd:  0.24669    E*/N:  -5.63313   P*:     4.80045    P*cold: 3.72045    Mu*_xs: 1.33218    Cv*/N_xs:  1.15072         E(kJ/mol): -5.618     P(bar):    4.415     
Step:  3839999    NAcc:  1920000    fAcc:  0.500      Maxd:  0.24731    E*/N:  -5.71422   P*:     4.79996    P*cold: 3.71996    Mu*_xs: 1.34265    Cv*/N_xs:  1.15860         E(kJ/mol): -5.699     P(bar):    4.075     
Step:  3859999    NAcc:  1929999    fAcc:  0.500      Maxd:  0.24657    E*/N:  -5.66462   P*:     4.80168    P*cold: 3.72168    Mu*_xs: 1.35500    Cv*/N_xs:  1.15231         E(kJ/mol): -5.650     P(bar):    4.314     
Step:  3879999    NAcc:  1940000    fAcc:  0.500      Maxd:  0.25672    E*/N:  -5.66048   P*:     4.80092    P*cold: 3.72092    Mu*_xs: 1.36782    Cv*/N_xs:  1.16041         E(kJ/mol): -5.646     P(bar):    4.287     
Step:  3899999    NAcc:  1950001    fAcc:  0.500      Maxd:  0.53527    E*/N:  -5.64982   P*:     4.80389    P*cold: 3.72389    Mu*_xs: 1.37644    Cv*/N_xs:  1.16152         E(kJ/mol): -5.635     P(bar):    4.384     
Step:  3919999    NAcc:  1959992    fAcc:  0.500      Maxd:  0.26668    E*/N:  -5.62050   P*:     4.80717    P*cold: 3.72717    Mu*_xs: 1.38867    Cv*/N_xs:  1.16847         E(kJ/mol): -5.606     P(bar):    4.433     
Step:  3939999    NAcc:  1969999    fAcc:  0.500      Maxd:  0.23301    E*/N:  -5.69139   P*:     4.80978    P*cold: 3.72978    Mu*_xs: 1.40110    Cv*/N_xs:  1.16780         E(kJ/mol): -5.676     P(bar):    4.136     
Step:  3959999    NAcc:  1980000    fAcc:  0.500      Maxd:  0.25692    E*/N:  -5.73941   P*:     4.81186    P*cold: 3.73186    Mu*_xs: 1.41339    Cv*/N_xs:  1.16868         E(kJ/mol): -5.724     P(bar):    3.954     
Step:  3979999    NAcc:  1990001    fAcc:  0.500      Maxd:  0.35436    E*/N:  -5.72288   P*:     4.81062    P*cold: 3.73062    Mu*_xs: 1.42546    Cv*/N_xs:  1.16688         E(kJ/mol): -5.708     P(bar):    4.015     
Step:  3999999    NAcc:  2000000    fAcc:  0.500      Maxd:  0.31675    E*/N:  -5.67688   P*:     4.81269    P*cold: 3.73269    Mu*_xs: 1.43751    Cv*/N_xs:  1.16413         E(kJ/mol): -5.662     P(bar):    4.153     
Step:  4019999    NAcc:  2009998    fAcc:  0.500      Maxd:  0.24850    E*/N:  -5.63984   P*:     4.81432    P*cold: 3.73432    Mu*_xs: 1.44420    Cv*/N_xs:  1.16859         E(kJ/mol): -5.625     P(bar):    4.350     
Step:  4039999    NAcc:  2020002    fAcc:  0.500      Maxd:  0.69473    E*/N:  -5.51555   P*:     4.81731    P*cold: 3.73731    Mu*_xs: 1.45602    Cv*/N_xs:  1.18392         E(kJ/mol): -5.501     P(bar):    4.776     
Step:  4059999    NAcc:  2029996    fAcc:  0.500      Maxd:  0.25815    E*/N:  -5.69624   P*:     4.82092    P*cold: 3.74092    Mu*_xs: 1.46758    Cv*/N_xs:  1.20810         E(kJ/mol): -5.681     P(bar):    4.070     
Step:  4079999    NAcc:  2040001    fAcc:  0.500      Maxd:  0.78939    E*/N:  -5.64328   P*:     4.82187    P*cold: 3.74187    Mu*_xs: 1.47733    Cv*/N_xs:  1.20482         E(kJ/mol): -5.629     P(bar):    4.324     
Step:  4099999    NAcc:  2050001    fAcc:  0.500      Maxd:  0.37454    E*/N:  -5.71894   P*:     4.82316    P*cold: 3.74316    Mu*_xs: 1.48762    Cv*/N_xs:  1.20389         E(kJ/mol): -5.704     P(bar):    4.019     
Step:  4119999    NAcc:  2060000    fAcc:  0.500      Maxd:  0.47017    E*/N:  -5.75333   P*:     4.82105    P*cold: 3.74105    Mu*_xs: 1.49159    Cv*/N_xs:  1.20190         E(kJ/mol): -5.738     P(bar):    3.807     
Step:  4139999    NAcc:  2070000    fAcc:  0.500      Maxd:  0.35812    E*/N:  -5.59439   P*:     4.82051    P*cold: 3.74051    Mu*_xs: 1.50053    Cv*/N_xs:  1.20710         E(kJ/mol): -5.580     P(bar):    4.474     
Step:  4159999    NAcc:  2079998    fAcc:  0.500      Maxd:  0.23989    E*/N:  -5.72238   P*:     4.81993    P*cold: 3.73993    Mu*_xs: 1.50690    Cv*/N_xs:  1.20569         E(kJ/mol): -5.707     P(bar):    3.906     
Step:  4179999    NAcc:  2089990    fAcc:  0.500      Maxd:  0.26597    E*/N:  -5.63739   P*:     4.81994    P*cold: 3.73994    Mu*_xs: 1.51761    Cv*/N_xs:  1.19898         E(kJ/mol): -5.623     P(bar):    4.329     
Step:  4199999    NAcc:  2100001    fAcc:  0.500      Maxd:  0.38801    E*/N:  -5.79452   P*:     4.82276    P*cold: 3.74276    Mu*_xs: 1.52837    Cv*/N_xs:  1.20868         E(kJ/mol): -5.779     P(bar):    3.738     
Step:  4219999    NAcc:  2109998    fAcc:  0.500      Maxd:  0.22703    E*/N:  -5.72995   P*:     4.82077    P*cold: 3.74077    Mu*_xs: 1.53923    Cv*/N_xs:  1.21192         E(kJ/mol): -5.715     P(bar):    3.978     
Step:  4239999    NAcc:  2119995    fAcc:  0.500      Maxd:  0.27677    E*/N:  -5.73552   P*:     4.81902    P*cold: 3.73902    Mu*_xs: 1.54999    Cv*/N_xs:  1.20903         E(kJ/mol): -5.720     P(bar):    3.914     
Step:  4259999    NAcc:  2130000    fAcc:  0.500      Maxd:  0.27354    E*/N:  -5.68593   P*:     4.81877    P*cold: 3.73877    Mu*_xs: 1.56051    Cv*/N_xs:  1.20430         E(kJ/mol): -5.671     P(bar):    4.120     
Step:  4279999    NAcc:  2140001    fAcc:  0.500      Maxd:  0.57912    E*/N:  -5.72126   P*:     4.81966    P*cold: 3.73966    Mu*_xs: 1.57084    Cv*/N_xs:  1.20451         E(kJ/mol): -5.706     P(bar):    3.969     
Step:  4299999    NAcc:  2149999    fAcc:  0.500      Maxd:  0.41340    E*/N:  -5.71560   P*:     4.82041    P*cold: 3.74041    Mu*_xs: 1.56590    Cv*/N_xs:  1.20423         E(kJ/mol): -5.701     P(bar):    4.045     
Step:  4319999    NAcc:  2159997    fAcc:  0.500      Maxd:  0.26657    E*/N:  -5.70651   P*:     4.82147    P*cold: 3.74147    Mu*_xs: 1.57583    Cv*/N_xs:  1.20304         E(kJ/mol): -5.692     P(bar):    4.146     
Step:  4339999    NAcc:  2169998    fAcc:  0.500      Maxd:  0.26973    E*/N:  -5.62046   P*:     4.82341    P*cold: 3.74341    Mu*_xs: 1.58564    Cv*/N_xs:  1.20901         E(kJ/mol): -5.606     P(bar):    4.386     
Step:  4359999    NAcc:  2179999    fAcc:  0.500      Maxd:  0.27581    E*/N:  -5.68451   P*:     4.82313    P*cold: 3.74313    Mu*_xs: 1.59567    Cv*/N_xs:  1.20606         E(kJ/mol): -5.670     P(bar):    4.089     
Step:  4379999    NAcc:  2189995    fAcc:  0.500      Maxd:  0.26598    E*/N:  -5.59705   P*:     4.82373    P*cold: 3.74373    Mu*_xs: 1.60479    Cv*/N_xs:  1.20081         E(kJ/mol): -5.582     P(bar):    4.480     
Step:  4399999    NAcc:  2199995    fAcc:  0.500      Maxd:  0.27672    E*/N:  -5.63854   P*:     4.82446    P*cold: 3.74446    Mu*_xs: 1.61164    Cv*/N_xs:  1.19973         E(kJ/mol): -5.624     P(bar):    4.312     
Step:  4419999    NAcc:  2210001    fAcc:  0.500      Maxd:  0.34885    E*/N:  -5.68226   P*:     4.82609    P*cold: 3.74609    Mu*_xs: 1.62143    Cv*/N_xs:  1.19626         E(kJ/mol): -5.667     P(bar):    4.186     
Step:  4439999    NAcc:  2219996    fAcc:  0.500      Maxd:  0.26280    E*/N:  -5.76442   P*:     4.82525    P*cold: 3.74525    Mu*_xs: 1.63075    Cv*/N_xs:  1.19998         E(kJ/mol): -5.749     P(bar):    3.870     
Step:  4459999    NAcc:  2230000    fAcc:  0.500      Maxd:  0.44057    E*/N:  -5.74120   P*:     4.82434    P*cold: 3.74434    Mu*_xs: 1.64052    Cv*/N_xs:  1.20049         E(kJ/mol): -5.726     P(bar):    4.003     
Step:  4479999    NAcc:  2239997    fAcc:  0.500      Maxd:  0.27479    E*/N:  -5.64666   P*:     4.82624    P*cold: 3.74624    Mu*_xs: 1.64995    Cv*/N_xs:  1.19886         E(kJ/mol): -5.632     P(bar):    4.356     
Step:  4499999    NAcc:  2249999    fAcc:  0.500      Maxd:  0.27015    E*/N:  -5.62261   P*:     4.82965    P*cold: 3.74965    Mu*_xs: 1.65951    Cv*/N_xs:  1.22021         E(kJ/mol): -5.608     P(bar):    4.387     
Step:  4519999    NAcc:  2259996    fAcc:  0.500      Maxd:  0.26287    E*/N:  -5.56061   P*:     4.83266    P*cold: 3.75266    Mu*_xs: 1.66904    Cv*/N_xs:  1.23432         E(kJ/mol): -5.546     P(bar):    4.682     
Step:  4539999    NAcc:  2269996    fAcc:  0.500      Maxd:  0.25274    E*/N:  -5.66301   P*:     4.83435    P*cold: 3.75435    Mu*_xs: 1.67392    Cv*/N_xs:  1.23777         E(kJ/mol): -5.648     P(bar):    4.149     
Step:  4559999    NAcc:  2280000    fAcc:  0.500      Maxd:  0.25922    E*/N:  -5.66789   P*:     4.83490    P*cold: 3.75490    Mu*_xs: 1.68331    Cv*/N_xs:  1.23197         E(kJ/mol): -5.653     P(bar):    4.205     
Step:  4579999    NAcc:  2290000    fAcc:  0.500      Maxd:  0.24674    E*/N:  -5.69987   P*:     4.83424    P*cold: 3.75424    Mu*_xs: 1.69253    Cv*/N_xs:  1.22685         E(kJ/mol): -5.685     P(bar):    4.067     
Step:  4599999    NAcc:  2299999    fAcc:  0.500      Maxd:  0.27212    E*/N:  -5.72325   P*:     4.83406    P*cold: 3.75406    Mu*_xs: 1.70173    Cv*/N_xs:  1.22012         E(kJ/mol): -5.708     P(bar):    4.033     
Step:  4619999    NAcc:  2309999    fAcc:  0.500      Maxd:  0.26314    E*/N:  -5.64424   P*:     4.83418    P*cold: 3.75418    Mu*_xs: 1.71087    Cv*/N_xs:  1.21492         E(kJ/mol): -5.629     P(bar):    4.258     
Step:  4639999    NAcc:  2319998    fAcc:  0.500      Maxd:  0.24662    E*/N:  -5.72262   P*:     4.83710    P*cold: 3.75710    Mu*_xs: 1.71747    Cv*/N_xs:  1.23075         E(kJ/mol): -5.708     P(bar):    3.969     
Step:  4659999    NAcc:  2329998    fAcc:  0.500      Maxd:  0.26348    E*/N:  -5.72717   P*:     4.83685    P*cold: 3.75685    Mu*_xs: 1.72653    Cv*/N_xs:  1.22917         E(kJ/mol): -5.712     P(bar):    3.964     
Step:  4679999    NAcc:  2339995    fAcc:  0.500      Maxd:  0.25023    E*/N:  -5.66849   P*:     4.83777    P*cold: 3.75777    Mu*_xs: 1.73528    Cv*/N_xs:  1.22888         E(kJ/mol): -5.654     P(bar):    4.164     
Step:  4699999    NAcc:  2349997    fAcc:  0.500      Maxd:  0.26553    E*/N:  -5.83452   P*:     4.83524    P*cold: 3.75524    Mu*_xs: 1.73278    Cv*/N_xs:  1.24215         E(kJ/mol): -5.819     P(bar):    3.491     
Step:  4719999    NAcc:  2359997    fAcc:  0.500      Maxd:  0.24929    E*/N:  -5.78332   P*:     4.83230    P*cold: 3.75230    Mu*_xs: 1.74161    Cv*/N_xs:  1.26493         E(kJ/mol): -5.768     P(bar):    3.759     
Step:  4739999    NAcc:  2369998    fAcc:  0.500      Maxd:  0.24447    E*/N:  -5.77901   P*:     4.83069    P*cold: 3.75069    Mu*_xs: 1.74988    Cv*/N_xs:  1.26612         E(kJ/mol): -5.764     P(bar):    3.655     
Step:  4759999    NAcc:  2379999    fAcc:  0.500      Maxd:  0.23265    E*/N:  -5.73187   P*:     4.82870    P*cold: 3.74870    Mu*_xs: 1.75850    Cv*/N_xs:  1.26846         E(kJ/mol): -5.717     P(bar):    3.976     
Step:  4779999    NAcc:  2389999    fAcc:  0.500      Maxd:  0.25936    E*/N:  -5.72554   P*:     4.82839    P*cold: 3.74839    Mu*_xs: 1.75514    Cv*/N_xs:  1.26700         E(kJ/mol): -5.711     P(bar):    3.978     
Step:  4799999    NAcc:  2400001    fAcc:  0.500      Maxd:  0.34602    E*/N:  -5.75981   P*:     4.82524    P*cold: 3.74524    Mu*_xs: 1.76273    Cv*/N_xs:  1.28776         E(kJ/mol): -5.745     P(bar):    3.826     
Step:  4819999    NAcc:  2410000    fAcc:  0.500      Maxd:  0.23114    E*/N:  -5.71292   P*:     4.82296    P*cold: 3.74296    Mu*_xs: 1.77127    Cv*/N_xs:  1.29233         E(kJ/mol): -5.698     P(bar):    3.953     
Step:  4839999    NAcc:  2419996    fAcc:  0.500      Maxd:  0.26132    E*/N:  -5.69858   P*:     4.82343    P*cold: 3.74343    Mu*_xs: 1.77367    Cv*/N_xs:  1.28735         E(kJ/mol): -5.684     P(bar):    4.078     
Step:  4859999    NAcc:  2430001    fAcc:  0.500      Maxd:  0.55229    E*/N:  -5.78122   P*:     4.82278    P*cold: 3.74278    Mu*_xs: 1.77761    Cv*/N_xs:  1.28145         E(kJ/mol): -5.766     P(bar):    3.748     
Step:  4879999    NAcc:  2440000    fAcc:  0.500      Maxd:  0.50696    E*/N:  -5.59515   P*:     4.82337    P*cold: 3.74337    Mu*_xs: 1.78569    Cv*/N_xs:  1.28559         E(kJ/mol): -5.580     P(bar):    4.477     
Step:  4899999    NAcc:  2449995    fAcc:  0.500      Maxd:  0.27427    E*/N:  -5.67153   P*:     4.82491    P*cold: 3.74491    Mu*_xs: 1.79145    Cv*/N_xs:  1.28595         E(kJ/mol): -5.657     P(bar):    4.194     
Step:  4919999    NAcc:  2459997    fAcc:  0.500      Maxd:  0.25717    E*/N:  -5.68106   P*:     4.82608    P*cold: 3.74608    Mu*_xs: 1.79902    Cv*/N_xs:  1.28355         E(kJ/mol): -5.666     P(bar):    4.145     
Step:  4939999    NAcc:  2469999    fAcc:  0.500      Maxd:  0.24831    E*/N:  -5.61536   P*:     4.82882    P*cold: 3.74882    Mu*_xs: 1.80605    Cv*/N_xs:  1.30526         E(kJ/mol): -5.601     P(bar):    4.392     
Step:  4959999    NAcc:  2479985    fAcc:  0.500      Maxd:  0.27551    E*/N:  -5.71437   P*:     4.83139    P*cold: 3.75139    Mu*_xs: 1.81102    Cv*/N_xs:  1.32619         E(kJ/mol): -5.699     P(bar):    4.091     
Step:  4979999    NAcc:  2489997    fAcc:  0.500      Maxd:  0.26390    E*/N:  -5.65268   P*:     4.83213    P*cold: 3.75213    Mu*_xs: 1.81853    Cv*/N_xs:  1.32326         E(kJ/mol): -5.638     P(bar):    4.273     
Step:  4999999    NAcc:  2499997    fAcc:  0.500      Maxd:  0.27940    E*/N:  -5.65187   P*:     4.83367    P*cold: 3.75367    Mu*_xs: 1.82656    Cv*/N_xs:  1.32715         E(kJ/mol): -5.637     P(bar):    4.266     
# Computed average properties: 
 # E*/N:  -5.70074  
 # P*:     4.83367   
 # Cv*/N_xs:   1.32715        
 # Mu*_xs:  1.82656   
