# Number of atoms:       500
# Atom type:             Ar
# Molar Mass (g/mol):    39.948
# Density (g/cm^3):      1.18184
# LJ sigma (Angstrom):   3.4
# LJ epsilon/kB (K):     120
# LJ cutoff (Angstrom):  13.6
# LJ cutoff (sigma):     4
# Temperature (K):       144
# Number MC steps:       5e+06
# Output frequency:      20000
# Num. den. (atoms/Ang): 0.0178099
# Box length (x):        30.3927
# Box length (y):        30.3927
# Box length (z):        30.3927
# Init. spacing (Ang):   3.37697
# reduc. density (rho*): 0.7
# reduc. temp (T*):      1.2
Step:  19999      NAcc:  9208       fAcc:  0.460      Maxd:  0.27375    E*/N:  -4.17986   P*:     nan        P*cold: nan        Mu*_xs: -0.00000   Cv*/N_xs:  0.00000         E(kJ/mol): -4.169     P(bar):    4.014     
Step:  39999      NAcc:  20002      fAcc:  0.500      Maxd:  0.51034    E*/N:  -4.63438   P*:     nan        P*cold: nan        Mu*_xs: -0.00000   Cv*/N_xs:  0.00000         E(kJ/mol): -4.622     P(bar):    1.613     
Step:  59999      NAcc:  29999      fAcc:  0.500      Maxd:  0.69865    E*/N:  -4.76623   P*:     nan        P*cold: nan        Mu*_xs: -0.00000   Cv*/N_xs:  0.00000         E(kJ/mol): -4.754     P(bar):    0.947     
Step:  79999      NAcc:  40000      fAcc:  0.500      Maxd:  0.26360    E*/N:  -4.66195   P*:     nan        P*cold: nan        Mu*_xs: -0.00000   Cv*/N_xs:  0.00000         E(kJ/mol): -4.650     P(bar):    1.104     
Step:  99999      NAcc:  49999      fAcc:  0.500      Maxd:  0.29780    E*/N:  -4.63178   P*:     nan        P*cold: nan        Mu*_xs: -0.00000   Cv*/N_xs:  0.00000         E(kJ/mol): -4.620     P(bar):    1.044     
Step:  119999     NAcc:  59999      fAcc:  0.500      Maxd:  0.28085    E*/N:  -4.64397   P*:     nan        P*cold: nan        Mu*_xs: -0.00000   Cv*/N_xs:  0.00000         E(kJ/mol): -4.632     P(bar):    1.098     
Step:  139999     NAcc:  69995      fAcc:  0.500      Maxd:  0.30126    E*/N:  -4.66396   P*:     nan        P*cold: nan        Mu*_xs: -0.00000   Cv*/N_xs:  0.00000         E(kJ/mol): -4.652     P(bar):    0.941     
Step:  159999     NAcc:  79998      fAcc:  0.500      Maxd:  0.25345    E*/N:  -4.62902   P*:     nan        P*cold: nan        Mu*_xs: -0.00000   Cv*/N_xs:  0.00000         E(kJ/mol): -4.617     P(bar):    1.024     
Step:  179999     NAcc:  90001      fAcc:  0.500      Maxd:  0.43502    E*/N:  -4.70159   P*:     nan        P*cold: nan        Mu*_xs: -0.00000   Cv*/N_xs:  0.00000         E(kJ/mol): -4.689     P(bar):    0.646     
Step:  199999     NAcc:  100001     fAcc:  0.500      Maxd:  0.73663    E*/N:  -4.66810   P*:     nan        P*cold: nan        Mu*_xs: -0.00000   Cv*/N_xs:  0.00000         E(kJ/mol): -4.656     P(bar):    0.706     
Step:  219999     NAcc:  109999     fAcc:  0.500      Maxd:  0.28684    E*/N:  -4.65254   P*:     nan        P*cold: nan        Mu*_xs: -0.00000   Cv*/N_xs:  0.00000         E(kJ/mol): -4.640     P(bar):    0.744     
Step:  239999     NAcc:  120000     fAcc:  0.500      Maxd:  1.10165    E*/N:  -4.64200   P*:     nan        P*cold: nan        Mu*_xs: -0.00000   Cv*/N_xs:  0.00000         E(kJ/mol): -4.630     P(bar):    0.786     
Step:  259999     NAcc:  129999     fAcc:  0.500      Maxd:  1.59556    E*/N:  -4.69031   P*:     nan        P*cold: nan        Mu*_xs: -0.00000   Cv*/N_xs:  0.00000         E(kJ/mol): -4.678     P(bar):    0.573     
Step:  279999     NAcc:  140000     fAcc:  0.500      Maxd:  0.29642    E*/N:  -4.61362   P*:     nan        P*cold: nan        Mu*_xs: -0.00000   Cv*/N_xs:  0.00000         E(kJ/mol): -4.602     P(bar):    0.871     
Step:  299999     NAcc:  150000     fAcc:  0.500      Maxd:  0.25828    E*/N:  -4.63367   P*:     nan        P*cold: nan        Mu*_xs: -0.00000   Cv*/N_xs:  0.00000         E(kJ/mol): -4.622     P(bar):    0.887     
Step:  319999     NAcc:  160001     fAcc:  0.500      Maxd:  0.54779    E*/N:  -4.64463   P*:     nan        P*cold: nan        Mu*_xs: -0.00000   Cv*/N_xs:  0.00000         E(kJ/mol): -4.632     P(bar):    0.818     
Step:  339999     NAcc:  169999     fAcc:  0.500      Maxd:  0.26089    E*/N:  -4.66764   P*:     nan        P*cold: nan        Mu*_xs: -0.00000   Cv*/N_xs:  0.00000         E(kJ/mol): -4.655     P(bar):    0.678     
Step:  359999     NAcc:  180001     fAcc:  0.500      Maxd:  0.38531    E*/N:  -4.70294   P*:     nan        P*cold: nan        Mu*_xs: -0.00000   Cv*/N_xs:  0.00000         E(kJ/mol): -4.691     P(bar):    0.477     
Step:  379999     NAcc:  190000     fAcc:  0.500      Maxd:  0.69757    E*/N:  -4.66560   P*:     nan        P*cold: nan        Mu*_xs: -0.00000   Cv*/N_xs:  0.00000         E(kJ/mol): -4.653     P(bar):    0.721     
Step:  399999     NAcc:  199999     fAcc:  0.500      Maxd:  0.29928    E*/N:  -4.70555   P*:     nan        P*cold: nan        Mu*_xs: -0.00000   Cv*/N_xs:  0.00000         E(kJ/mol): -4.693     P(bar):    0.519     
Step:  419999     NAcc:  210001     fAcc:  0.500      Maxd:  1.74629    E*/N:  -4.68137   P*:     nan        P*cold: nan        Mu*_xs: -0.00000   Cv*/N_xs:  0.00000         E(kJ/mol): -4.669     P(bar):    0.676     
Step:  439999     NAcc:  220000     fAcc:  0.500      Maxd:  0.84301    E*/N:  -4.65282   P*:     nan        P*cold: nan        Mu*_xs: -0.00000   Cv*/N_xs:  0.00000         E(kJ/mol): -4.641     P(bar):    0.861     
Step:  459999     NAcc:  230000     fAcc:  0.500      Maxd:  0.25338    E*/N:  -4.70659   P*:     nan        P*cold: nan        Mu*_xs: -0.00000   Cv*/N_xs:  0.00000         E(kJ/mol): -4.694     P(bar):    0.548     
Step:  479999     NAcc:  239998     fAcc:  0.500      Maxd:  0.26921    E*/N:  -4.61061   P*:     nan        P*cold: nan        Mu*_xs: -0.00000   Cv*/N_xs:  0.00000         E(kJ/mol): -4.599     P(bar):    0.781     
Step:  499999     NAcc:  249998     fAcc:  0.500      Maxd:  0.30118    E*/N:  -4.62243   P*:     nan        P*cold: nan        Mu*_xs: -0.00000   Cv*/N_xs:  0.00000         E(kJ/mol): -4.610     P(bar):    0.758     
Step:  519999     NAcc:  260000     fAcc:  0.500      Maxd:  0.24374    E*/N:  -4.64321   P*:     nan        P*cold: nan        Mu*_xs: -0.00000   Cv*/N_xs:  0.00000         E(kJ/mol): -4.631     P(bar):    0.736     
Step:  539999     NAcc:  269998     fAcc:  0.500      Maxd:  0.95601    E*/N:  -4.64295   P*:     nan        P*cold: nan        Mu*_xs: -0.00000   Cv*/N_xs:  0.00000         E(kJ/mol): -4.631     P(bar):    0.707     
Step:  559999     NAcc:  279998     fAcc:  0.500      Maxd:  0.24405    E*/N:  -4.61449   P*:     nan        P*cold: nan        Mu*_xs: -0.00000   Cv*/N_xs:  0.00000         E(kJ/mol): -4.602     P(bar):    0.840     
Step:  579999     NAcc:  290000     fAcc:  0.500      Maxd:  0.37349    E*/N:  -4.66325   P*:     nan        P*cold: nan        Mu*_xs: -0.00000   Cv*/N_xs:  0.00000         E(kJ/mol): -4.651     P(bar):    0.565     
Step:  599999     NAcc:  300000     fAcc:  0.500      Maxd:  0.29162    E*/N:  -4.70354   P*:     nan        P*cold: nan        Mu*_xs: -0.00000   Cv*/N_xs:  0.00000         E(kJ/mol): -4.691     P(bar):    0.578     
Step:  619999     NAcc:  310000     fAcc:  0.500      Maxd:  0.73831    E*/N:  -4.64808   P*:     nan        P*cold: nan        Mu*_xs: -0.00000   Cv*/N_xs:  0.00000         E(kJ/mol): -4.636     P(bar):    0.838     
Step:  639999     NAcc:  319998     fAcc:  0.500      Maxd:  0.29620    E*/N:  -4.62283   P*:     nan        P*cold: nan        Mu*_xs: -0.00000   Cv*/N_xs:  0.00000         E(kJ/mol): -4.611     P(bar):    0.866     
Step:  659999     NAcc:  330000     fAcc:  0.500      Maxd:  0.30325    E*/N:  -4.63015   P*:     nan        P*cold: nan        Mu*_xs: -0.00000   Cv*/N_xs:  0.00000         E(kJ/mol): -4.618     P(bar):    0.855     
Step:  679999     NAcc:  340000     fAcc:  0.500      Maxd:  0.27373    E*/N:  -4.70168   P*:     nan        P*cold: nan        Mu*_xs: -0.00000   Cv*/N_xs:  0.00000         E(kJ/mol): -4.689     P(bar):    0.651     
Step:  699999     NAcc:  349998     fAcc:  0.500      Maxd:  0.30311    E*/N:  -4.58675   P*:     nan        P*cold: nan        Mu*_xs: -0.00000   Cv*/N_xs:  0.00000         E(kJ/mol): -4.575     P(bar):    0.870     
Step:  719999     NAcc:  359999     fAcc:  0.500      Maxd:  0.26838    E*/N:  -4.67819   P*:     nan        P*cold: nan        Mu*_xs: -0.00000   Cv*/N_xs:  0.00000         E(kJ/mol): -4.666     P(bar):    0.533     
Step:  739999     NAcc:  370001     fAcc:  0.500      Maxd:  1.54457    E*/N:  -4.69203   P*:     nan        P*cold: nan        Mu*_xs: -0.00000   Cv*/N_xs:  0.00000         E(kJ/mol): -4.680     P(bar):    0.530     
Step:  759999     NAcc:  379998     fAcc:  0.500      Maxd:  0.24555    E*/N:  -4.64086   P*:     nan        P*cold: nan        Mu*_xs: -0.00000   Cv*/N_xs:  0.00000         E(kJ/mol): -4.629     P(bar):    0.761     
Step:  779999     NAcc:  389998     fAcc:  0.500      Maxd:  0.25869    E*/N:  -4.61559   P*:     nan        P*cold: nan        Mu*_xs: -0.00000   Cv*/N_xs:  0.00000         E(kJ/mol): -4.604     P(bar):    0.870     
Step:  799999     NAcc:  399999     fAcc:  0.500      Maxd:  0.41456    E*/N:  -4.68306   P*:     nan        P*cold: nan        Mu*_xs: -0.00000   Cv*/N_xs:  0.00000         E(kJ/mol): -4.671     P(bar):    0.646     
Step:  819999     NAcc:  410001     fAcc:  0.500      Maxd:  1.62969    E*/N:  -4.66868   P*:     nan        P*cold: nan        Mu*_xs: -0.00000   Cv*/N_xs:  0.00000         E(kJ/mol): -4.656     P(bar):    0.686     
Step:  839999     NAcc:  420000     fAcc:  0.500      Maxd:  0.24563    E*/N:  -4.65673   P*:     nan        P*cold: nan        Mu*_xs: -0.00000   Cv*/N_xs:  0.00000         E(kJ/mol): -4.645     P(bar):    0.678     
Step:  859999     NAcc:  430000     fAcc:  0.500      Maxd:  0.72215    E*/N:  -4.69291   P*:     nan        P*cold: nan        Mu*_xs: -0.00000   Cv*/N_xs:  0.00000         E(kJ/mol): -4.681     P(bar):    0.474     
Step:  879999     NAcc:  440002     fAcc:  0.500      Maxd:  0.69033    E*/N:  -4.68197   P*:     nan        P*cold: nan        Mu*_xs: -0.00000   Cv*/N_xs:  0.00000         E(kJ/mol): -4.670     P(bar):    0.471     
Step:  899999     NAcc:  450000     fAcc:  0.500      Maxd:  0.28813    E*/N:  -4.64641   P*:     nan        P*cold: nan        Mu*_xs: -0.00000   Cv*/N_xs:  0.00000         E(kJ/mol): -4.634     P(bar):    0.621     
Step:  919999     NAcc:  459999     fAcc:  0.500      Maxd:  0.29946    E*/N:  -4.71037   P*:     nan        P*cold: nan        Mu*_xs: -0.00000   Cv*/N_xs:  0.00000         E(kJ/mol): -4.698     P(bar):    0.475     
Step:  939999     NAcc:  470000     fAcc:  0.500      Maxd:  1.16577    E*/N:  -4.60460   P*:     nan        P*cold: nan        Mu*_xs: -0.00000   Cv*/N_xs:  0.00000         E(kJ/mol): -4.593     P(bar):    0.880     
Step:  959999     NAcc:  479999     fAcc:  0.500      Maxd:  0.26681    E*/N:  -4.66898   P*:     nan        P*cold: nan        Mu*_xs: -0.00000   Cv*/N_xs:  0.00000         E(kJ/mol): -4.657     P(bar):    0.681     
Step:  979999     NAcc:  490001     fAcc:  0.500      Maxd:  0.83261    E*/N:  -4.66817   P*:     nan        P*cold: nan        Mu*_xs: -0.00000   Cv*/N_xs:  0.00000         E(kJ/mol): -4.656     P(bar):    0.710     
Step:  999999     NAcc:  500000     fAcc:  0.500      Maxd:  0.27982    E*/N:  -4.75448   P*:     nan        P*cold: nan        Mu*_xs: -0.00000   Cv*/N_xs:  0.00000         E(kJ/mol): -4.742     P(bar):    0.393     
Step:  1019999    NAcc:  509999     fAcc:  0.500      Maxd:  0.67282    E*/N:  -4.64765   P*:     nan        P*cold: nan        Mu*_xs: -0.00000   Cv*/N_xs:  0.00000         E(kJ/mol): -4.635     P(bar):    0.744     
Step:  1039999    NAcc:  520000     fAcc:  0.500      Maxd:  0.32188    E*/N:  -4.78564   P*:     nan        P*cold: nan        Mu*_xs: -0.00000   Cv*/N_xs:  0.00000         E(kJ/mol): -4.773     P(bar):    0.278     
Step:  1059999    NAcc:  529999     fAcc:  0.500      Maxd:  0.29784    E*/N:  -4.57745   P*:     nan        P*cold: nan        Mu*_xs: -0.00000   Cv*/N_xs:  0.00000         E(kJ/mol): -4.565     P(bar):    0.969     
Step:  1079999    NAcc:  539999     fAcc:  0.500      Maxd:  0.26011    E*/N:  -4.57194   P*:     nan        P*cold: nan        Mu*_xs: -0.00000   Cv*/N_xs:  0.00000         E(kJ/mol): -4.560     P(bar):    0.854     
Step:  1099999    NAcc:  550000     fAcc:  0.500      Maxd:  0.29897    E*/N:  -4.61446   P*:     nan        P*cold: nan        Mu*_xs: -0.00000   Cv*/N_xs:  0.00000         E(kJ/mol): -4.602     P(bar):    0.950     
Step:  1119999    NAcc:  560001     fAcc:  0.500      Maxd:  1.21236    E*/N:  -4.69561   P*:     nan        P*cold: nan        Mu*_xs: -0.00000   Cv*/N_xs:  0.00000         E(kJ/mol): -4.683     P(bar):    0.632     
Step:  1139999    NAcc:  570000     fAcc:  0.500      Maxd:  0.29452    E*/N:  -4.65479   P*:     nan        P*cold: nan        Mu*_xs: -0.00000   Cv*/N_xs:  0.00000         E(kJ/mol): -4.643     P(bar):    0.710     
Step:  1159999    NAcc:  579998     fAcc:  0.500      Maxd:  0.26156    E*/N:  -4.69502   P*:     nan        P*cold: nan        Mu*_xs: -0.00000   Cv*/N_xs:  0.00000         E(kJ/mol): -4.683     P(bar):    0.598     
Step:  1179999    NAcc:  590001     fAcc:  0.500      Maxd:  0.83461    E*/N:  -4.64518   P*:     nan        P*cold: nan        Mu*_xs: -0.00000   Cv*/N_xs:  0.00000         E(kJ/mol): -4.633     P(bar):    0.834     
Step:  1199999    NAcc:  599998     fAcc:  0.500      Maxd:  0.38688    E*/N:  -4.62850   P*:     nan        P*cold: nan        Mu*_xs: -0.00000   Cv*/N_xs:  0.00000         E(kJ/mol): -4.616     P(bar):    0.884     
Step:  1219999    NAcc:  609999     fAcc:  0.500      Maxd:  0.31427    E*/N:  -4.65771   P*:     nan        P*cold: nan        Mu*_xs: -0.00000   Cv*/N_xs:  0.00000         E(kJ/mol): -4.646     P(bar):    0.728     
Step:  1239999    NAcc:  620000     fAcc:  0.500      Maxd:  0.26157    E*/N:  -4.76434   P*:     nan        P*cold: nan        Mu*_xs: -0.00000   Cv*/N_xs:  0.00000         E(kJ/mol): -4.752     P(bar):    0.386     
Step:  1259999    NAcc:  629998     fAcc:  0.500      Maxd:  0.26098    E*/N:  -4.72385   P*:     nan        P*cold: nan        Mu*_xs: -0.00000   Cv*/N_xs:  0.00000         E(kJ/mol): -4.711     P(bar):    0.543     
Step:  1279999    NAcc:  640001     fAcc:  0.500      Maxd:  0.55812    E*/N:  -4.55977   P*:     nan        P*cold: nan        Mu*_xs: -0.00000   Cv*/N_xs:  0.00000         E(kJ/mol): -4.548     P(bar):    1.061     
Step:  1299999    NAcc:  649999     fAcc:  0.500      Maxd:  0.28712    E*/N:  -4.66181   P*:     nan        P*cold: nan        Mu*_xs: -0.00000   Cv*/N_xs:  0.00000         E(kJ/mol): -4.650     P(bar):    0.761     
Step:  1319999    NAcc:  659999     fAcc:  0.500      Maxd:  0.26849    E*/N:  -4.65334   P*:     nan        P*cold: nan        Mu*_xs: -0.00000   Cv*/N_xs:  0.00000         E(kJ/mol): -4.641     P(bar):    0.705     
Step:  1339999    NAcc:  670000     fAcc:  0.500      Maxd:  0.28228    E*/N:  -4.61172   P*:     nan        P*cold: nan        Mu*_xs: -0.00000   Cv*/N_xs:  0.00000         E(kJ/mol): -4.600     P(bar):    0.931     
Step:  1359999    NAcc:  680000     fAcc:  0.500      Maxd:  0.29917    E*/N:  -4.75498   P*:     nan        P*cold: nan        Mu*_xs: -0.00000   Cv*/N_xs:  0.00000         E(kJ/mol): -4.743     P(bar):    0.470     
Step:  1379999    NAcc:  690001     fAcc:  0.500      Maxd:  0.60246    E*/N:  -4.69212   P*:     nan        P*cold: nan        Mu*_xs: -0.00000   Cv*/N_xs:  0.00000         E(kJ/mol): -4.680     P(bar):    0.643     
Step:  1399999    NAcc:  700002     fAcc:  0.500      Maxd:  0.52075    E*/N:  -4.63171   P*:     nan        P*cold: nan        Mu*_xs: -0.00000   Cv*/N_xs:  0.00000         E(kJ/mol): -4.620     P(bar):    0.869     
Step:  1419999    NAcc:  710000     fAcc:  0.500      Maxd:  0.24745    E*/N:  -4.70270   P*:     nan        P*cold: nan        Mu*_xs: -0.00000   Cv*/N_xs:  0.00000         E(kJ/mol): -4.690     P(bar):    0.683     
Step:  1439999    NAcc:  720002     fAcc:  0.500      Maxd:  1.39764    E*/N:  -4.76501   P*:     nan        P*cold: nan        Mu*_xs: -0.00000   Cv*/N_xs:  0.00000         E(kJ/mol): -4.753     P(bar):    0.333     
Step:  1459999    NAcc:  729999     fAcc:  0.500      Maxd:  0.30380    E*/N:  -4.68310   P*:     nan        P*cold: nan        Mu*_xs: -0.00000   Cv*/N_xs:  0.00000         E(kJ/mol): -4.671     P(bar):    0.558     
Step:  1479999    NAcc:  739999     fAcc:  0.500      Maxd:  0.29733    E*/N:  -4.67206   P*:     nan        P*cold: nan        Mu*_xs: -0.00000   Cv*/N_xs:  0.00000         E(kJ/mol): -4.660     P(bar):    0.644     
Step:  1499999    NAcc:  749998     fAcc:  0.500      Maxd:  0.87634    E*/N:  -4.65772   P*:     nan        P*cold: nan        Mu*_xs: -0.00000   Cv*/N_xs:  0.00000         E(kJ/mol): -4.646     P(bar):    0.721     
Step:  1519999    NAcc:  760000     fAcc:  0.500      Maxd:  0.70021    E*/N:  -4.66810   P*:     nan        P*cold: nan        Mu*_xs: -0.00000   Cv*/N_xs:  0.00000         E(kJ/mol): -4.656     P(bar):    0.675     
Step:  1539999    NAcc:  769999     fAcc:  0.500      Maxd:  0.32458    E*/N:  -4.62863   P*:     nan        P*cold: nan        Mu*_xs: -0.00000   Cv*/N_xs:  0.00000         E(kJ/mol): -4.617     P(bar):    0.910     
Step:  1559999    NAcc:  779999     fAcc:  0.500      Maxd:  0.62091    E*/N:  -4.68430   P*:     nan        P*cold: nan        Mu*_xs: -0.00000   Cv*/N_xs:  0.00000         E(kJ/mol): -4.672     P(bar):    0.620     
Step:  1579999    NAcc:  790000     fAcc:  0.500      Maxd:  0.25954    E*/N:  -4.61609   P*:     nan        P*cold: nan        Mu*_xs: -0.00000   Cv*/N_xs:  0.00000         E(kJ/mol): -4.604     P(bar):    0.922     
Step:  1599999    NAcc:  799999     fAcc:  0.500      Maxd:  0.27070    E*/N:  -4.68640   P*:     nan        P*cold: nan        Mu*_xs: -0.00000   Cv*/N_xs:  0.00000         E(kJ/mol): -4.674     P(bar):    0.661     
Step:  1619999    NAcc:  809998     fAcc:  0.500      Maxd:  0.37553    E*/N:  -4.62216   P*:     nan        P*cold: nan        Mu*_xs: -0.00000   Cv*/N_xs:  0.00000         E(kJ/mol): -4.610     P(bar):    0.854     
Step:  1639999    NAcc:  820000     fAcc:  0.500      Maxd:  0.25962    E*/N:  -4.77010   P*:     nan        P*cold: nan        Mu*_xs: -0.00000   Cv*/N_xs:  0.00000         E(kJ/mol): -4.758     P(bar):    0.374     
Step:  1659999    NAcc:  830000     fAcc:  0.500      Maxd:  0.45874    E*/N:  -4.66936   P*:     nan        P*cold: nan        Mu*_xs: -0.00000   Cv*/N_xs:  0.00000         E(kJ/mol): -4.657     P(bar):    0.599     
Step:  1679999    NAcc:  840000     fAcc:  0.500      Maxd:  0.27751    E*/N:  -4.69296   P*:     nan        P*cold: nan        Mu*_xs: -0.00000   Cv*/N_xs:  0.00000         E(kJ/mol): -4.681     P(bar):    0.596     
Step:  1699999    NAcc:  849999     fAcc:  0.500      Maxd:  1.33526    E*/N:  -4.57333   P*:     nan        P*cold: nan        Mu*_xs: -0.00000   Cv*/N_xs:  0.00000         E(kJ/mol): -4.561     P(bar):    1.029     
Step:  1719999    NAcc:  859999     fAcc:  0.500      Maxd:  0.26562    E*/N:  -4.67196   P*:     nan        P*cold: nan        Mu*_xs: -0.00000   Cv*/N_xs:  0.00000         E(kJ/mol): -4.660     P(bar):    0.559     
Step:  1739999    NAcc:  870001     fAcc:  0.500      Maxd:  1.23679    E*/N:  -4.67525   P*:     nan        P*cold: nan        Mu*_xs: -0.00000   Cv*/N_xs:  0.00000         E(kJ/mol): -4.663     P(bar):    0.702     
Step:  1759999    NAcc:  879999     fAcc:  0.500      Maxd:  0.25621    E*/N:  -4.69294   P*:     nan        P*cold: nan        Mu*_xs: -0.00000   Cv*/N_xs:  0.00000         E(kJ/mol): -4.681     P(bar):    0.633     
Step:  1779999    NAcc:  889999     fAcc:  0.500      Maxd:  0.26931    E*/N:  -4.64987   P*:     nan        P*cold: nan        Mu*_xs: -0.00000   Cv*/N_xs:  0.00000         E(kJ/mol): -4.638     P(bar):    0.673     
Step:  1799999    NAcc:  899999     fAcc:  0.500      Maxd:  0.28693    E*/N:  -4.64628   P*:     nan        P*cold: nan        Mu*_xs: -0.00000   Cv*/N_xs:  0.00000         E(kJ/mol): -4.634     P(bar):    0.623     
Step:  1819999    NAcc:  909999     fAcc:  0.500      Maxd:  0.83204    E*/N:  -4.65191   P*:     nan        P*cold: nan        Mu*_xs: -0.00000   Cv*/N_xs:  0.00000         E(kJ/mol): -4.640     P(bar):    0.656     
Step:  1839999    NAcc:  919999     fAcc:  0.500      Maxd:  0.25706    E*/N:  -4.60926   P*:     nan        P*cold: nan        Mu*_xs: -0.00000   Cv*/N_xs:  0.00000         E(kJ/mol): -4.597     P(bar):    0.835     
Step:  1859999    NAcc:  930000     fAcc:  0.500      Maxd:  0.72409    E*/N:  -4.69456   P*:     nan        P*cold: nan        Mu*_xs: -0.00000   Cv*/N_xs:  0.00000         E(kJ/mol): -4.682     P(bar):    0.463     
Step:  1879999    NAcc:  939999     fAcc:  0.500      Maxd:  0.25823    E*/N:  -4.75155   P*:     nan        P*cold: nan        Mu*_xs: -0.00000   Cv*/N_xs:  0.00000         E(kJ/mol): -4.739     P(bar):    0.404     
Step:  1899999    NAcc:  950000     fAcc:  0.500      Maxd:  0.28666    E*/N:  -4.68059   P*:     nan        P*cold: nan        Mu*_xs: -0.00000   Cv*/N_xs:  0.00000         E(kJ/mol): -4.668     P(bar):    0.591     
Step:  1919999    NAcc:  959998     fAcc:  0.500      Maxd:  0.67255    E*/N:  -4.62277   P*:     nan        P*cold: nan        Mu*_xs: -0.00000   Cv*/N_xs:  0.00000         E(kJ/mol): -4.611     P(bar):    0.786     
Step:  1939999    NAcc:  969999     fAcc:  0.500      Maxd:  0.29438    E*/N:  -4.60485   P*:     nan        P*cold: nan        Mu*_xs: -0.00000   Cv*/N_xs:  0.00000         E(kJ/mol): -4.593     P(bar):    0.866     
Step:  1959999    NAcc:  979995     fAcc:  0.500      Maxd:  0.30375    E*/N:  -4.60059   P*:     nan        P*cold: nan        Mu*_xs: -0.00000   Cv*/N_xs:  0.00000         E(kJ/mol): -4.589     P(bar):    0.870     
Step:  1979999    NAcc:  990000     fAcc:  0.500      Maxd:  0.30140    E*/N:  -4.66253   P*:     nan        P*cold: nan        Mu*_xs: -0.00000   Cv*/N_xs:  0.00000         E(kJ/mol): -4.650     P(bar):    0.678     
Step:  1999999    NAcc:  1000001    fAcc:  0.500      Maxd:  0.52122    E*/N:  -4.71610   P*:     nan        P*cold: nan        Mu*_xs: -0.00000   Cv*/N_xs:  0.00000         E(kJ/mol): -4.704     P(bar):    0.471     
Step:  2019999    NAcc:  1009998    fAcc:  0.500      Maxd:  0.27529    E*/N:  -4.64516   P*:     0.73456    P*cold: -0.10544   Mu*_xs: -2.62913   Cv*/N_xs:  0.40836         E(kJ/mol): -4.633     P(bar):    0.804     
Step:  2039999    NAcc:  1020001    fAcc:  0.500      Maxd:  0.56219    E*/N:  -4.64256   P*:     0.80823    P*cold: -0.03177   Mu*_xs: -2.49038   Cv*/N_xs:  0.50928         E(kJ/mol): -4.630     P(bar):    0.792     
Step:  2059999    NAcc:  1030000    fAcc:  0.500      Maxd:  0.72855    E*/N:  -4.69098   P*:     0.77689    P*cold: -0.06311   Mu*_xs: -2.41467   Cv*/N_xs:  0.60868         E(kJ/mol): -4.679     P(bar):    0.604     
Step:  2079999    NAcc:  1039999    fAcc:  0.500      Maxd:  0.27912    E*/N:  -4.70070   P*:     0.79091    P*cold: -0.04909   Mu*_xs: -2.31932   Cv*/N_xs:  0.58587         E(kJ/mol): -4.688     P(bar):    0.514     
Step:  2099999    NAcc:  1050000    fAcc:  0.500      Maxd:  0.43503    E*/N:  -4.75132   P*:     0.73887    P*cold: -0.10113   Mu*_xs: -2.20989   Cv*/N_xs:  0.65631         E(kJ/mol): -4.739     P(bar):    0.379     
Step:  2119999    NAcc:  1060002    fAcc:  0.500      Maxd:  0.73463    E*/N:  -4.65654   P*:     0.75146    P*cold: -0.08854   Mu*_xs: -2.23891   Cv*/N_xs:  0.67542         E(kJ/mol): -4.644     P(bar):    0.590     
Step:  2139999    NAcc:  1069999    fAcc:  0.500      Maxd:  0.25782    E*/N:  -4.67613   P*:     0.74295    P*cold: -0.09705   Mu*_xs: -2.20402   Cv*/N_xs:  0.67732         E(kJ/mol): -4.664     P(bar):    0.523     
Step:  2159999    NAcc:  1079999    fAcc:  0.500      Maxd:  0.27683    E*/N:  -4.60478   P*:     0.73497    P*cold: -0.10503   Mu*_xs: -2.14255   Cv*/N_xs:  0.65910         E(kJ/mol): -4.593     P(bar):    0.806     
Step:  2179999    NAcc:  1089995    fAcc:  0.500      Maxd:  0.29739    E*/N:  -4.61683   P*:     0.73991    P*cold: -0.10009   Mu*_xs: -2.14990   Cv*/N_xs:  0.64016         E(kJ/mol): -4.605     P(bar):    0.798     
Step:  2199999    NAcc:  1100000    fAcc:  0.500      Maxd:  0.53237    E*/N:  -4.70227   P*:     0.74580    P*cold: -0.09420   Mu*_xs: -2.17532   Cv*/N_xs:  0.64089         E(kJ/mol): -4.690     P(bar):    0.500     
Step:  2219999    NAcc:  1110001    fAcc:  0.500      Maxd:  0.89138    E*/N:  -4.69383   P*:     0.75150    P*cold: -0.08850   Mu*_xs: -2.14256   Cv*/N_xs:  0.61452         E(kJ/mol): -4.682     P(bar):    0.601     
Step:  2239999    NAcc:  1119999    fAcc:  0.500      Maxd:  0.45309    E*/N:  -4.62827   P*:     0.76112    P*cold: -0.07888   Mu*_xs: -2.13631   Cv*/N_xs:  0.62694         E(kJ/mol): -4.616     P(bar):    0.786     
Step:  2259999    NAcc:  1129998    fAcc:  0.500      Maxd:  0.53413    E*/N:  -4.70633   P*:     0.77452    P*cold: -0.06548   Mu*_xs: -2.11971   Cv*/N_xs:  0.65046         E(kJ/mol): -4.694     P(bar):    0.475     
Step:  2279999    NAcc:  1140001    fAcc:  0.500      Maxd:  0.52591    E*/N:  -4.59294   P*:     0.77798    P*cold: -0.06202   Mu*_xs: -2.10704   Cv*/N_xs:  0.72073         E(kJ/mol): -4.581     P(bar):    0.866     
Step:  2299999    NAcc:  1150000    fAcc:  0.500      Maxd:  0.25255    E*/N:  -4.71743   P*:     0.77986    P*cold: -0.06014   Mu*_xs: -2.09487   Cv*/N_xs:  0.72555         E(kJ/mol): -4.705     P(bar):    0.500     
Step:  2319999    NAcc:  1159999    fAcc:  0.500      Maxd:  0.62717    E*/N:  -4.65775   P*:     0.78145    P*cold: -0.05855   Mu*_xs: -2.06688   Cv*/N_xs:  0.70220         E(kJ/mol): -4.646     P(bar):    0.625     
Step:  2339999    NAcc:  1170000    fAcc:  0.500      Maxd:  1.18305    E*/N:  -4.70887   P*:     0.78481    P*cold: -0.05519   Mu*_xs: -2.06293   Cv*/N_xs:  0.70328         E(kJ/mol): -4.697     P(bar):    0.579     
Step:  2359999    NAcc:  1180000    fAcc:  0.500      Maxd:  0.30368    E*/N:  -4.70981   P*:     0.78029    P*cold: -0.05971   Mu*_xs: -2.05778   Cv*/N_xs:  0.69154         E(kJ/mol): -4.697     P(bar):    0.449     
Step:  2379999    NAcc:  1190000    fAcc:  0.500      Maxd:  0.27785    E*/N:  -4.60595   P*:     0.77915    P*cold: -0.06085   Mu*_xs: -2.03906   Cv*/N_xs:  0.68834         E(kJ/mol): -4.594     P(bar):    0.925     
Step:  2399999    NAcc:  1199999    fAcc:  0.500      Maxd:  0.29455    E*/N:  -4.65839   P*:     0.78288    P*cold: -0.05712   Mu*_xs: -2.04928   Cv*/N_xs:  0.69717         E(kJ/mol): -4.646     P(bar):    0.758     
Step:  2419999    NAcc:  1209999    fAcc:  0.500      Maxd:  0.35666    E*/N:  -4.62254   P*:     0.78422    P*cold: -0.05578   Mu*_xs: -2.06131   Cv*/N_xs:  0.69007         E(kJ/mol): -4.610     P(bar):    0.841     
Step:  2439999    NAcc:  1219999    fAcc:  0.500      Maxd:  0.24522    E*/N:  -4.68930   P*:     0.78798    P*cold: -0.05202   Mu*_xs: -2.08876   Cv*/N_xs:  0.67254         E(kJ/mol): -4.677     P(bar):    0.624     
Step:  2459999    NAcc:  1229998    fAcc:  0.500      Maxd:  0.72311    E*/N:  -4.62021   P*:     0.78223    P*cold: -0.05777   Mu*_xs: -2.08624   Cv*/N_xs:  0.68558         E(kJ/mol): -4.608     P(bar):    0.761     
Step:  2479999    NAcc:  1240001    fAcc:  0.500      Maxd:  0.58053    E*/N:  -4.66179   P*:     0.78452    P*cold: -0.05548   Mu*_xs: -2.09044   Cv*/N_xs:  0.68283         E(kJ/mol): -4.650     P(bar):    0.781     
Step:  2499999    NAcc:  1250001    fAcc:  0.500      Maxd:  0.74631    E*/N:  -4.68717   P*:     0.78806    P*cold: -0.05194   Mu*_xs: -2.09735   Cv*/N_xs:  0.67231         E(kJ/mol): -4.675     P(bar):    0.627     
Step:  2519999    NAcc:  1260000    fAcc:  0.500      Maxd:  0.45659    E*/N:  -4.69938   P*:     0.78591    P*cold: -0.05409   Mu*_xs: -2.13509   Cv*/N_xs:  0.67500         E(kJ/mol): -4.687     P(bar):    0.563     
Step:  2539999    NAcc:  1269997    fAcc:  0.500      Maxd:  0.27182    E*/N:  -4.67172   P*:     0.78222    P*cold: -0.05778   Mu*_xs: -2.12304   Cv*/N_xs:  0.66973         E(kJ/mol): -4.659     P(bar):    0.689     
Step:  2559999    NAcc:  1280001    fAcc:  0.500      Maxd:  0.50598    E*/N:  -4.65642   P*:     0.78281    P*cold: -0.05719   Mu*_xs: -2.10447   Cv*/N_xs:  0.65507         E(kJ/mol): -4.644     P(bar):    0.695     
Step:  2579999    NAcc:  1290000    fAcc:  0.500      Maxd:  0.46538    E*/N:  -4.67570   P*:     0.78356    P*cold: -0.05644   Mu*_xs: -2.11431   Cv*/N_xs:  0.64447         E(kJ/mol): -4.663     P(bar):    0.696     
Step:  2599999    NAcc:  1299999    fAcc:  0.500      Maxd:  0.53533    E*/N:  -4.69229   P*:     0.78215    P*cold: -0.05785   Mu*_xs: -2.09628   Cv*/N_xs:  0.63851         E(kJ/mol): -4.680     P(bar):    0.544     
Step:  2619999    NAcc:  1310001    fAcc:  0.500      Maxd:  0.54330    E*/N:  -4.70493   P*:     0.77954    P*cold: -0.06046   Mu*_xs: -2.08746   Cv*/N_xs:  0.64510         E(kJ/mol): -4.693     P(bar):    0.497     
Step:  2639999    NAcc:  1320000    fAcc:  0.500      Maxd:  0.74154    E*/N:  -4.62570   P*:     0.77451    P*cold: -0.06549   Mu*_xs: -2.10101   Cv*/N_xs:  0.66145         E(kJ/mol): -4.614     P(bar):    0.769     
Step:  2659999    NAcc:  1330001    fAcc:  0.500      Maxd:  0.39460    E*/N:  -4.62690   P*:     0.77882    P*cold: -0.06118   Mu*_xs: -2.09344   Cv*/N_xs:  0.66708         E(kJ/mol): -4.615     P(bar):    0.902     
Step:  2679999    NAcc:  1339999    fAcc:  0.500      Maxd:  1.02950    E*/N:  -4.66473   P*:     0.77554    P*cold: -0.06446   Mu*_xs: -2.08762   Cv*/N_xs:  0.66621         E(kJ/mol): -4.653     P(bar):    0.689     
Step:  2699999    NAcc:  1350000    fAcc:  0.500      Maxd:  0.26288    E*/N:  -4.63414   P*:     0.77296    P*cold: -0.06704   Mu*_xs: -2.08737   Cv*/N_xs:  0.66884         E(kJ/mol): -4.622     P(bar):    0.705     
Step:  2719999    NAcc:  1360000    fAcc:  0.500      Maxd:  0.70288    E*/N:  -4.68466   P*:     0.77676    P*cold: -0.06324   Mu*_xs: -2.09165   Cv*/N_xs:  0.68435         E(kJ/mol): -4.672     P(bar):    0.629     
Step:  2739999    NAcc:  1370001    fAcc:  0.500      Maxd:  0.52462    E*/N:  -4.66433   P*:     0.78090    P*cold: -0.05910   Mu*_xs: -2.09546   Cv*/N_xs:  0.67254         E(kJ/mol): -4.652     P(bar):    0.771     
Step:  2759999    NAcc:  1380000    fAcc:  0.500      Maxd:  0.26328    E*/N:  -4.63899   P*:     0.78357    P*cold: -0.05643   Mu*_xs: -2.11976   Cv*/N_xs:  0.65977         E(kJ/mol): -4.627     P(bar):    0.818     
Step:  2779999    NAcc:  1389999    fAcc:  0.500      Maxd:  0.57414    E*/N:  -4.66672   P*:     0.78285    P*cold: -0.05715   Mu*_xs: -2.11590   Cv*/N_xs:  0.66300         E(kJ/mol): -4.655     P(bar):    0.681     
Step:  2799999    NAcc:  1400000    fAcc:  0.500      Maxd:  0.30331    E*/N:  -4.76277   P*:     0.78335    P*cold: -0.05665   Mu*_xs: -2.11680   Cv*/N_xs:  0.66230         E(kJ/mol): -4.750     P(bar):    0.385     
Step:  2819999    NAcc:  1410000    fAcc:  0.500      Maxd:  0.25730    E*/N:  -4.65305   P*:     0.78691    P*cold: -0.05309   Mu*_xs: -2.11822   Cv*/N_xs:  0.67753         E(kJ/mol): -4.641     P(bar):    0.779     
Step:  2839999    NAcc:  1420000    fAcc:  0.500      Maxd:  0.26829    E*/N:  -4.69068   P*:     0.79075    P*cold: -0.04925   Mu*_xs: -2.12846   Cv*/N_xs:  0.67736         E(kJ/mol): -4.678     P(bar):    0.605     
Step:  2859999    NAcc:  1430000    fAcc:  0.500      Maxd:  0.40264    E*/N:  -4.80155   P*:     0.79035    P*cold: -0.04965   Mu*_xs: -2.12587   Cv*/N_xs:  0.70884         E(kJ/mol): -4.789     P(bar):    0.227     
Step:  2879999    NAcc:  1440000    fAcc:  0.500      Maxd:  0.30264    E*/N:  -4.66318   P*:     0.78644    P*cold: -0.05356   Mu*_xs: -2.13144   Cv*/N_xs:  0.72777         E(kJ/mol): -4.651     P(bar):    0.755     
Step:  2899999    NAcc:  1449999    fAcc:  0.500      Maxd:  0.42227    E*/N:  -4.66377   P*:     0.79002    P*cold: -0.04998   Mu*_xs: -2.13267   Cv*/N_xs:  0.73858         E(kJ/mol): -4.652     P(bar):    0.612     
Step:  2919999    NAcc:  1460001    fAcc:  0.500      Maxd:  1.01864    E*/N:  -4.60838   P*:     0.78955    P*cold: -0.05045   Mu*_xs: -2.13341   Cv*/N_xs:  0.73300         E(kJ/mol): -4.596     P(bar):    0.858     
Step:  2939999    NAcc:  1469994    fAcc:  0.500      Maxd:  0.30046    E*/N:  -4.70605   P*:     0.79371    P*cold: -0.04629   Mu*_xs: -2.13497   Cv*/N_xs:  0.74552         E(kJ/mol): -4.694     P(bar):    0.543     
Step:  2959999    NAcc:  1480000    fAcc:  0.500      Maxd:  0.26697    E*/N:  -4.71284   P*:     0.79343    P*cold: -0.04657   Mu*_xs: -2.13337   Cv*/N_xs:  0.73883         E(kJ/mol): -4.700     P(bar):    0.495     
Step:  2979999    NAcc:  1489999    fAcc:  0.500      Maxd:  0.24946    E*/N:  -4.72942   P*:     0.79083    P*cold: -0.04917   Mu*_xs: -2.12960   Cv*/N_xs:  0.73098         E(kJ/mol): -4.717     P(bar):    0.371     
Step:  2999999    NAcc:  1499999    fAcc:  0.500      Maxd:  0.63139    E*/N:  -4.72403   P*:     0.78846    P*cold: -0.05154   Mu*_xs: -2.11705   Cv*/N_xs:  0.73301         E(kJ/mol): -4.712     P(bar):    0.470     
Step:  3019999    NAcc:  1509998    fAcc:  0.500      Maxd:  0.53803    E*/N:  -4.54326   P*:     0.78702    P*cold: -0.05298   Mu*_xs: -2.11221   Cv*/N_xs:  0.73529         E(kJ/mol): -4.531     P(bar):    1.060     
Step:  3039999    NAcc:  1519999    fAcc:  0.500      Maxd:  0.25261    E*/N:  -4.67630   P*:     0.78662    P*cold: -0.05338   Mu*_xs: -2.11098   Cv*/N_xs:  0.72993         E(kJ/mol): -4.664     P(bar):    0.530     
Step:  3059999    NAcc:  1529999    fAcc:  0.500      Maxd:  0.52684    E*/N:  -4.69167   P*:     0.78485    P*cold: -0.05515   Mu*_xs: -2.10971   Cv*/N_xs:  0.72832         E(kJ/mol): -4.679     P(bar):    0.603     
Step:  3079999    NAcc:  1539998    fAcc:  0.500      Maxd:  0.47818    E*/N:  -4.72424   P*:     0.78446    P*cold: -0.05554   Mu*_xs: -2.10445   Cv*/N_xs:  0.72540         E(kJ/mol): -4.712     P(bar):    0.379     
Step:  3099999    NAcc:  1550000    fAcc:  0.500      Maxd:  0.27165    E*/N:  -4.63866   P*:     0.78293    P*cold: -0.05707   Mu*_xs: -2.10514   Cv*/N_xs:  0.73221         E(kJ/mol): -4.627     P(bar):    0.643     
Step:  3119999    NAcc:  1559999    fAcc:  0.500      Maxd:  0.29197    E*/N:  -4.70656   P*:     0.78279    P*cold: -0.05721   Mu*_xs: -2.10362   Cv*/N_xs:  0.72670         E(kJ/mol): -4.694     P(bar):    0.433     
Step:  3139999    NAcc:  1570000    fAcc:  0.500      Maxd:  0.39532    E*/N:  -4.68759   P*:     0.78157    P*cold: -0.05843   Mu*_xs: -2.09902   Cv*/N_xs:  0.72158         E(kJ/mol): -4.675     P(bar):    0.534     
Step:  3159999    NAcc:  1579999    fAcc:  0.500      Maxd:  0.36671    E*/N:  -4.59377   P*:     0.78186    P*cold: -0.05814   Mu*_xs: -2.09373   Cv*/N_xs:  0.72143         E(kJ/mol): -4.582     P(bar):    0.887     
Step:  3179999    NAcc:  1590000    fAcc:  0.500      Maxd:  0.26923    E*/N:  -4.63502   P*:     0.78439    P*cold: -0.05561   Mu*_xs: -2.08726   Cv*/N_xs:  0.73806         E(kJ/mol): -4.623     P(bar):    0.741     
Step:  3199999    NAcc:  1599998    fAcc:  0.500      Maxd:  0.61156    E*/N:  -4.69253   P*:     0.78569    P*cold: -0.05431   Mu*_xs: -2.08248   Cv*/N_xs:  0.74382         E(kJ/mol): -4.680     P(bar):    0.548     
Step:  3219999    NAcc:  1610000    fAcc:  0.500      Maxd:  0.42962    E*/N:  -4.65737   P*:     0.78663    P*cold: -0.05337   Mu*_xs: -2.07896   Cv*/N_xs:  0.74632         E(kJ/mol): -4.645     P(bar):    0.536     
Step:  3239999    NAcc:  1620000    fAcc:  0.500      Maxd:  0.27072    E*/N:  -4.63512   P*:     0.78540    P*cold: -0.05460   Mu*_xs: -2.07554   Cv*/N_xs:  0.73961         E(kJ/mol): -4.623     P(bar):    0.641     
Step:  3259999    NAcc:  1629997    fAcc:  0.500      Maxd:  0.25500    E*/N:  -4.63292   P*:     0.78395    P*cold: -0.05605   Mu*_xs: -2.07201   Cv*/N_xs:  0.73068         E(kJ/mol): -4.621     P(bar):    0.726     
Step:  3279999    NAcc:  1640001    fAcc:  0.500      Maxd:  0.58084    E*/N:  -4.67198   P*:     0.78425    P*cold: -0.05575   Mu*_xs: -2.07182   Cv*/N_xs:  0.72957         E(kJ/mol): -4.660     P(bar):    0.683     
Step:  3299999    NAcc:  1650000    fAcc:  0.500      Maxd:  0.29695    E*/N:  -4.71466   P*:     0.78346    P*cold: -0.05654   Mu*_xs: -2.07400   Cv*/N_xs:  0.72825         E(kJ/mol): -4.702     P(bar):    0.562     
Step:  3319999    NAcc:  1659999    fAcc:  0.500      Maxd:  0.26797    E*/N:  -4.71346   P*:     0.78390    P*cold: -0.05610   Mu*_xs: -2.07002   Cv*/N_xs:  0.72617         E(kJ/mol): -4.701     P(bar):    0.461     
Step:  3339999    NAcc:  1670000    fAcc:  0.500      Maxd:  0.28387    E*/N:  -4.65275   P*:     0.78279    P*cold: -0.05721   Mu*_xs: -2.06975   Cv*/N_xs:  0.72371         E(kJ/mol): -4.641     P(bar):    0.686     
Step:  3359999    NAcc:  1680000    fAcc:  0.500      Maxd:  0.28579    E*/N:  -4.62893   P*:     0.78494    P*cold: -0.05506   Mu*_xs: -2.07404   Cv*/N_xs:  0.72533         E(kJ/mol): -4.617     P(bar):    0.791     
Step:  3379999    NAcc:  1690000    fAcc:  0.500      Maxd:  1.63740    E*/N:  -4.59982   P*:     0.78736    P*cold: -0.05264   Mu*_xs: -2.06888   Cv*/N_xs:  0.73109         E(kJ/mol): -4.588     P(bar):    0.783     
Step:  3399999    NAcc:  1700000    fAcc:  0.500      Maxd:  0.56284    E*/N:  -4.64594   P*:     0.78836    P*cold: -0.05164   Mu*_xs: -2.06600   Cv*/N_xs:  0.73266         E(kJ/mol): -4.634     P(bar):    0.754     
Step:  3419999    NAcc:  1709998    fAcc:  0.500      Maxd:  0.25528    E*/N:  -4.64323   P*:     0.79086    P*cold: -0.04914   Mu*_xs: -2.07150   Cv*/N_xs:  0.73431         E(kJ/mol): -4.631     P(bar):    0.707     
Step:  3439999    NAcc:  1720000    fAcc:  0.500      Maxd:  0.29181    E*/N:  -4.65882   P*:     0.78877    P*cold: -0.05123   Mu*_xs: -2.06868   Cv*/N_xs:  0.73563         E(kJ/mol): -4.647     P(bar):    0.586     
Step:  3459999    NAcc:  1730001    fAcc:  0.500      Maxd:  0.42990    E*/N:  -4.69012   P*:     0.78642    P*cold: -0.05358   Mu*_xs: -2.06444   Cv*/N_xs:  0.73526         E(kJ/mol): -4.678     P(bar):    0.513     
Step:  3479999    NAcc:  1740001    fAcc:  0.500      Maxd:  0.36928    E*/N:  -4.69573   P*:     0.78548    P*cold: -0.05452   Mu*_xs: -2.06606   Cv*/N_xs:  0.72994         E(kJ/mol): -4.683     P(bar):    0.503     
Step:  3499999    NAcc:  1750000    fAcc:  0.500      Maxd:  0.52502    E*/N:  -4.68569   P*:     0.78558    P*cold: -0.05442   Mu*_xs: -2.06524   Cv*/N_xs:  0.72934         E(kJ/mol): -4.673     P(bar):    0.593     
Step:  3519999    NAcc:  1760002    fAcc:  0.500      Maxd:  0.58796    E*/N:  -4.64564   P*:     0.78712    P*cold: -0.05288   Mu*_xs: -2.06363   Cv*/N_xs:  0.72744         E(kJ/mol): -4.633     P(bar):    0.760     
Step:  3539999    NAcc:  1770000    fAcc:  0.500      Maxd:  0.30293    E*/N:  -4.52311   P*:     0.78757    P*cold: -0.05243   Mu*_xs: -2.06302   Cv*/N_xs:  0.72944         E(kJ/mol): -4.511     P(bar):    1.140     
Step:  3559999    NAcc:  1779998    fAcc:  0.500      Maxd:  0.28720    E*/N:  -4.70144   P*:     0.78941    P*cold: -0.05059   Mu*_xs: -2.06377   Cv*/N_xs:  0.73024         E(kJ/mol): -4.689     P(bar):    0.483     
Step:  3579999    NAcc:  1789999    fAcc:  0.500      Maxd:  0.28584    E*/N:  -4.61259   P*:     0.78989    P*cold: -0.05011   Mu*_xs: -2.06218   Cv*/N_xs:  0.72486         E(kJ/mol): -4.601     P(bar):    0.756     
Step:  3599999    NAcc:  1799999    fAcc:  0.500      Maxd:  0.30113    E*/N:  -4.75279   P*:     0.78888    P*cold: -0.05112   Mu*_xs: -2.06010   Cv*/N_xs:  0.72221         E(kJ/mol): -4.740     P(bar):    0.405     
Step:  3619999    NAcc:  1810000    fAcc:  0.500      Maxd:  0.27482    E*/N:  -4.69249   P*:     0.78775    P*cold: -0.05225   Mu*_xs: -2.05994   Cv*/N_xs:  0.72518         E(kJ/mol): -4.680     P(bar):    0.617     
Step:  3639999    NAcc:  1819998    fAcc:  0.500      Maxd:  0.29672    E*/N:  -4.61756   P*:     0.78854    P*cold: -0.05146   Mu*_xs: -2.06729   Cv*/N_xs:  0.72254         E(kJ/mol): -4.605     P(bar):    0.796     
Step:  3659999    NAcc:  1829998    fAcc:  0.500      Maxd:  0.24801    E*/N:  -4.67901   P*:     0.78785    P*cold: -0.05215   Mu*_xs: -2.07446   Cv*/N_xs:  0.72423         E(kJ/mol): -4.667     P(bar):    0.609     
Step:  3679999    NAcc:  1840001    fAcc:  0.500      Maxd:  0.88468    E*/N:  -4.64003   P*:     0.78785    P*cold: -0.05215   Mu*_xs: -2.07744   Cv*/N_xs:  0.72108         E(kJ/mol): -4.628     P(bar):    0.880     
Step:  3699999    NAcc:  1849998    fAcc:  0.500      Maxd:  0.29399    E*/N:  -4.66914   P*:     0.78782    P*cold: -0.05218   Mu*_xs: -2.08921   Cv*/N_xs:  0.71939         E(kJ/mol): -4.657     P(bar):    0.673     
Step:  3719999    NAcc:  1859998    fAcc:  0.500      Maxd:  0.38744    E*/N:  -4.69302   P*:     0.78849    P*cold: -0.05151   Mu*_xs: -2.08714   Cv*/N_xs:  0.71511         E(kJ/mol): -4.681     P(bar):    0.517     
Step:  3739999    NAcc:  1869997    fAcc:  0.500      Maxd:  0.24329    E*/N:  -4.73439   P*:     0.78703    P*cold: -0.05297   Mu*_xs: -2.08496   Cv*/N_xs:  0.72248         E(kJ/mol): -4.722     P(bar):    0.525     
Step:  3759999    NAcc:  1880000    fAcc:  0.500      Maxd:  0.35761    E*/N:  -4.64698   P*:     0.78631    P*cold: -0.05369   Mu*_xs: -2.08946   Cv*/N_xs:  0.72597         E(kJ/mol): -4.635     P(bar):    0.657     
Step:  3779999    NAcc:  1889999    fAcc:  0.500      Maxd:  0.27554    E*/N:  -4.64357   P*:     0.78587    P*cold: -0.05413   Mu*_xs: -2.08928   Cv*/N_xs:  0.72600         E(kJ/mol): -4.631     P(bar):    0.772     
Step:  3799999    NAcc:  1900001    fAcc:  0.500      Maxd:  0.43783    E*/N:  -4.74044   P*:     0.78551    P*cold: -0.05449   Mu*_xs: -2.09020   Cv*/N_xs:  0.72361         E(kJ/mol): -4.728     P(bar):    0.391     
Step:  3819999    NAcc:  1910000    fAcc:  0.500      Maxd:  0.46858    E*/N:  -4.63260   P*:     0.78437    P*cold: -0.05563   Mu*_xs: -2.08607   Cv*/N_xs:  0.72446         E(kJ/mol): -4.620     P(bar):    0.836     
Step:  3839999    NAcc:  1920000    fAcc:  0.500      Maxd:  0.24551    E*/N:  -4.64151   P*:     0.78546    P*cold: -0.05454   Mu*_xs: -2.08355   Cv*/N_xs:  0.72477         E(kJ/mol): -4.629     P(bar):    0.764     
Step:  3859999    NAcc:  1930001    fAcc:  0.500      Maxd:  0.88324    E*/N:  -4.69012   P*:     0.78659    P*cold: -0.05341   Mu*_xs: -2.08696   Cv*/N_xs:  0.72467         E(kJ/mol): -4.678     P(bar):    0.654     
Step:  3879999    NAcc:  1940002    fAcc:  0.500      Maxd:  1.20884    E*/N:  -4.64177   P*:     0.78772    P*cold: -0.05228   Mu*_xs: -2.08848   Cv*/N_xs:  0.72109         E(kJ/mol): -4.630     P(bar):    0.835     
Step:  3899999    NAcc:  1950001    fAcc:  0.500      Maxd:  0.59343    E*/N:  -4.65073   P*:     0.79042    P*cold: -0.04958   Mu*_xs: -2.09169   Cv*/N_xs:  0.71760         E(kJ/mol): -4.639     P(bar):    0.804     
Step:  3919999    NAcc:  1959998    fAcc:  0.500      Maxd:  0.25024    E*/N:  -4.59319   P*:     0.79215    P*cold: -0.04785   Mu*_xs: -2.09139   Cv*/N_xs:  0.72015         E(kJ/mol): -4.581     P(bar):    0.942     
Step:  3939999    NAcc:  1970000    fAcc:  0.500      Maxd:  0.31913    E*/N:  -4.62986   P*:     0.79309    P*cold: -0.04691   Mu*_xs: -2.09759   Cv*/N_xs:  0.71865         E(kJ/mol): -4.618     P(bar):    0.698     
Step:  3959999    NAcc:  1979997    fAcc:  0.500      Maxd:  0.24937    E*/N:  -4.63590   P*:     0.79329    P*cold: -0.04671   Mu*_xs: -2.09569   Cv*/N_xs:  0.71553         E(kJ/mol): -4.624     P(bar):    0.702     
Step:  3979999    NAcc:  1990001    fAcc:  0.500      Maxd:  0.39082    E*/N:  -4.77020   P*:     0.79200    P*cold: -0.04800   Mu*_xs: -2.09461   Cv*/N_xs:  0.72119         E(kJ/mol): -4.758     P(bar):    0.294     
Step:  3999999    NAcc:  2000001    fAcc:  0.500      Maxd:  0.58374    E*/N:  -4.68291   P*:     0.79190    P*cold: -0.04810   Mu*_xs: -2.09778   Cv*/N_xs:  0.72268         E(kJ/mol): -4.671     P(bar):    0.615     
Step:  4019999    NAcc:  2010001    fAcc:  0.500      Maxd:  2.53149    E*/N:  -4.65706   P*:     0.79065    P*cold: -0.04935   Mu*_xs: -2.09498   Cv*/N_xs:  0.72150         E(kJ/mol): -4.645     P(bar):    0.647     
Step:  4039999    NAcc:  2020001    fAcc:  0.500      Maxd:  0.56549    E*/N:  -4.61220   P*:     0.78879    P*cold: -0.05121   Mu*_xs: -2.09194   Cv*/N_xs:  0.72293         E(kJ/mol): -4.600     P(bar):    0.780     
Step:  4059999    NAcc:  2030002    fAcc:  0.500      Maxd:  0.98874    E*/N:  -4.56941   P*:     0.79102    P*cold: -0.04898   Mu*_xs: -2.09929   Cv*/N_xs:  0.73849         E(kJ/mol): -4.557     P(bar):    0.954     
Step:  4079999    NAcc:  2039999    fAcc:  0.500      Maxd:  0.26952    E*/N:  -4.55082   P*:     0.79257    P*cold: -0.04743   Mu*_xs: -2.09820   Cv*/N_xs:  0.74597         E(kJ/mol): -4.539     P(bar):    1.023     
Step:  4099999    NAcc:  2049998    fAcc:  0.500      Maxd:  0.29920    E*/N:  -4.63145   P*:     0.79329    P*cold: -0.04671   Mu*_xs: -2.10241   Cv*/N_xs:  0.74423         E(kJ/mol): -4.619     P(bar):    0.875     
Step:  4119999    NAcc:  2060000    fAcc:  0.500      Maxd:  0.41517    E*/N:  -4.60681   P*:     0.79454    P*cold: -0.04546   Mu*_xs: -2.10003   Cv*/N_xs:  0.74406         E(kJ/mol): -4.595     P(bar):    0.834     
Step:  4139999    NAcc:  2070000    fAcc:  0.500      Maxd:  0.25598    E*/N:  -4.62099   P*:     0.79484    P*cold: -0.04516   Mu*_xs: -2.10315   Cv*/N_xs:  0.74135         E(kJ/mol): -4.609     P(bar):    0.820     
Step:  4159999    NAcc:  2080001    fAcc:  0.500      Maxd:  0.58264    E*/N:  -4.64420   P*:     0.79416    P*cold: -0.04584   Mu*_xs: -2.10478   Cv*/N_xs:  0.74301         E(kJ/mol): -4.632     P(bar):    0.702     
Step:  4179999    NAcc:  2089997    fAcc:  0.500      Maxd:  0.59102    E*/N:  -4.68733   P*:     0.79322    P*cold: -0.04678   Mu*_xs: -2.10508   Cv*/N_xs:  0.74159         E(kJ/mol): -4.675     P(bar):    0.625     
Step:  4199999    NAcc:  2100000    fAcc:  0.500      Maxd:  0.25116    E*/N:  -4.66575   P*:     0.79390    P*cold: -0.04610   Mu*_xs: -2.10240   Cv*/N_xs:  0.74012         E(kJ/mol): -4.654     P(bar):    0.683     
Step:  4219999    NAcc:  2109999    fAcc:  0.500      Maxd:  0.27219    E*/N:  -4.63504   P*:     0.79665    P*cold: -0.04335   Mu*_xs: -2.10501   Cv*/N_xs:  0.75366         E(kJ/mol): -4.623     P(bar):    0.741     
Step:  4239999    NAcc:  2120003    fAcc:  0.500      Maxd:  1.10599    E*/N:  -4.70656   P*:     0.79685    P*cold: -0.04315   Mu*_xs: -2.10786   Cv*/N_xs:  0.75146         E(kJ/mol): -4.694     P(bar):    0.511     
Step:  4259999    NAcc:  2130002    fAcc:  0.500      Maxd:  0.80087    E*/N:  -4.66718   P*:     0.79675    P*cold: -0.04325   Mu*_xs: -2.10519   Cv*/N_xs:  0.74943         E(kJ/mol): -4.655     P(bar):    0.624     
Step:  4279999    NAcc:  2139998    fAcc:  0.500      Maxd:  0.28583    E*/N:  -4.64356   P*:     0.79724    P*cold: -0.04276   Mu*_xs: -2.10287   Cv*/N_xs:  0.74782         E(kJ/mol): -4.631     P(bar):    0.657     
Step:  4299999    NAcc:  2149999    fAcc:  0.500      Maxd:  0.27988    E*/N:  -4.64760   P*:     0.79767    P*cold: -0.04233   Mu*_xs: -2.10237   Cv*/N_xs:  0.74723         E(kJ/mol): -4.635     P(bar):    0.705     
Step:  4319999    NAcc:  2160001    fAcc:  0.500      Maxd:  0.40536    E*/N:  -4.68210   P*:     0.79740    P*cold: -0.04260   Mu*_xs: -2.10279   Cv*/N_xs:  0.74976         E(kJ/mol): -4.670     P(bar):    0.576     
Step:  4339999    NAcc:  2169999    fAcc:  0.500      Maxd:  0.26816    E*/N:  -4.72379   P*:     0.79583    P*cold: -0.04417   Mu*_xs: -2.09876   Cv*/N_xs:  0.74915         E(kJ/mol): -4.711     P(bar):    0.427     
Step:  4359999    NAcc:  2179998    fAcc:  0.500      Maxd:  0.32536    E*/N:  -4.72605   P*:     0.79363    P*cold: -0.04637   Mu*_xs: -2.09860   Cv*/N_xs:  0.76342         E(kJ/mol): -4.714     P(bar):    0.541     
Step:  4379999    NAcc:  2190001    fAcc:  0.500      Maxd:  1.22848    E*/N:  -4.69540   P*:     0.79333    P*cold: -0.04667   Mu*_xs: -2.10095   Cv*/N_xs:  0.76177         E(kJ/mol): -4.683     P(bar):    0.665     
Step:  4399999    NAcc:  2200001    fAcc:  0.500      Maxd:  1.52450    E*/N:  -4.69481   P*:     0.79473    P*cold: -0.04527   Mu*_xs: -2.10242   Cv*/N_xs:  0.76219         E(kJ/mol): -4.683     P(bar):    0.675     
Step:  4419999    NAcc:  2210002    fAcc:  0.500      Maxd:  0.78389    E*/N:  -4.61731   P*:     0.79622    P*cold: -0.04378   Mu*_xs: -2.10465   Cv*/N_xs:  0.76126         E(kJ/mol): -4.605     P(bar):    0.996     
Step:  4439999    NAcc:  2219997    fAcc:  0.500      Maxd:  0.25367    E*/N:  -4.62027   P*:     0.79663    P*cold: -0.04337   Mu*_xs: -2.10630   Cv*/N_xs:  0.75836         E(kJ/mol): -4.608     P(bar):    0.996     
Step:  4459999    NAcc:  2229998    fAcc:  0.500      Maxd:  0.25045    E*/N:  -4.66037   P*:     0.79611    P*cold: -0.04389   Mu*_xs: -2.10538   Cv*/N_xs:  0.75896         E(kJ/mol): -4.648     P(bar):    0.728     
Step:  4479999    NAcc:  2240001    fAcc:  0.500      Maxd:  0.58731    E*/N:  -4.69169   P*:     0.79485    P*cold: -0.04515   Mu*_xs: -2.10748   Cv*/N_xs:  0.75968         E(kJ/mol): -4.679     P(bar):    0.584     
Step:  4499999    NAcc:  2250002    fAcc:  0.500      Maxd:  1.14108    E*/N:  -4.67779   P*:     0.79385    P*cold: -0.04615   Mu*_xs: -2.10868   Cv*/N_xs:  0.75871         E(kJ/mol): -4.666     P(bar):    0.564     
Step:  4519999    NAcc:  2260000    fAcc:  0.500      Maxd:  0.26920    E*/N:  -4.67224   P*:     0.79322    P*cold: -0.04678   Mu*_xs: -2.10686   Cv*/N_xs:  0.75587         E(kJ/mol): -4.660     P(bar):    0.672     
Step:  4539999    NAcc:  2270000    fAcc:  0.500      Maxd:  0.27930    E*/N:  -4.67929   P*:     0.79316    P*cold: -0.04684   Mu*_xs: -2.11254   Cv*/N_xs:  0.75527         E(kJ/mol): -4.667     P(bar):    0.635     
Step:  4559999    NAcc:  2280001    fAcc:  0.500      Maxd:  1.14141    E*/N:  -4.70467   P*:     0.79236    P*cold: -0.04764   Mu*_xs: -2.10961   Cv*/N_xs:  0.75641         E(kJ/mol): -4.692     P(bar):    0.446     
Step:  4579999    NAcc:  2290000    fAcc:  0.500      Maxd:  0.26854    E*/N:  -4.71564   P*:     0.79194    P*cold: -0.04806   Mu*_xs: -2.10813   Cv*/N_xs:  0.75665         E(kJ/mol): -4.703     P(bar):    0.452     
Step:  4599999    NAcc:  2300000    fAcc:  0.500      Maxd:  1.16454    E*/N:  -4.65729   P*:     0.79153    P*cold: -0.04847   Mu*_xs: -2.10758   Cv*/N_xs:  0.75450         E(kJ/mol): -4.645     P(bar):    0.773     
Step:  4619999    NAcc:  2310000    fAcc:  0.500      Maxd:  0.26527    E*/N:  -4.70439   P*:     0.79187    P*cold: -0.04813   Mu*_xs: -2.10630   Cv*/N_xs:  0.75202         E(kJ/mol): -4.692     P(bar):    0.630     
Step:  4639999    NAcc:  2320000    fAcc:  0.500      Maxd:  0.27064    E*/N:  -4.71358   P*:     0.79215    P*cold: -0.04785   Mu*_xs: -2.10739   Cv*/N_xs:  0.74977         E(kJ/mol): -4.701     P(bar):    0.676     
Step:  4659999    NAcc:  2330000    fAcc:  0.500      Maxd:  0.27173    E*/N:  -4.62597   P*:     0.79356    P*cold: -0.04644   Mu*_xs: -2.10536   Cv*/N_xs:  0.75001         E(kJ/mol): -4.614     P(bar):    0.845     
Step:  4679999    NAcc:  2340001    fAcc:  0.500      Maxd:  0.87909    E*/N:  -4.68524   P*:     0.79383    P*cold: -0.04617   Mu*_xs: -2.10527   Cv*/N_xs:  0.74839         E(kJ/mol): -4.673     P(bar):    0.586     
Step:  4699999    NAcc:  2350002    fAcc:  0.500      Maxd:  0.74145    E*/N:  -4.66804   P*:     0.79280    P*cold: -0.04720   Mu*_xs: -2.10506   Cv*/N_xs:  0.74819         E(kJ/mol): -4.656     P(bar):    0.532     
Step:  4719999    NAcc:  2359998    fAcc:  0.500      Maxd:  0.43766    E*/N:  -4.72567   P*:     0.79242    P*cold: -0.04758   Mu*_xs: -2.10531   Cv*/N_xs:  0.74592         E(kJ/mol): -4.713     P(bar):    0.447     
Step:  4739999    NAcc:  2370001    fAcc:  0.500      Maxd:  1.18584    E*/N:  -4.72584   P*:     0.79129    P*cold: -0.04871   Mu*_xs: -2.10187   Cv*/N_xs:  0.74716         E(kJ/mol): -4.713     P(bar):    0.420     
Step:  4759999    NAcc:  2380001    fAcc:  0.500      Maxd:  0.50825    E*/N:  -4.64265   P*:     0.79079    P*cold: -0.04921   Mu*_xs: -2.10035   Cv*/N_xs:  0.74543         E(kJ/mol): -4.630     P(bar):    0.682     
Step:  4779999    NAcc:  2389999    fAcc:  0.500      Maxd:  0.26265    E*/N:  -4.61542   P*:     0.79080    P*cold: -0.04920   Mu*_xs: -2.10083   Cv*/N_xs:  0.74225         E(kJ/mol): -4.603     P(bar):    0.800     
Step:  4799999    NAcc:  2399998    fAcc:  0.500      Maxd:  0.35482    E*/N:  -4.63884   P*:     0.79290    P*cold: -0.04710   Mu*_xs: -2.10469   Cv*/N_xs:  0.75183         E(kJ/mol): -4.627     P(bar):    0.857     
Step:  4819999    NAcc:  2409999    fAcc:  0.500      Maxd:  0.28500    E*/N:  -4.66283   P*:     0.79421    P*cold: -0.04579   Mu*_xs: -2.10671   Cv*/N_xs:  0.75254         E(kJ/mol): -4.651     P(bar):    0.668     
Step:  4839999    NAcc:  2420001    fAcc:  0.500      Maxd:  0.59321    E*/N:  -4.58151   P*:     0.79472    P*cold: -0.04528   Mu*_xs: -2.10564   Cv*/N_xs:  0.74868         E(kJ/mol): -4.570     P(bar):    0.899     
Step:  4859999    NAcc:  2429999    fAcc:  0.500      Maxd:  0.29577    E*/N:  -4.65782   P*:     0.79412    P*cold: -0.04588   Mu*_xs: -2.10515   Cv*/N_xs:  0.74857         E(kJ/mol): -4.646     P(bar):    0.548     
Step:  4879999    NAcc:  2440001    fAcc:  0.500      Maxd:  0.59755    E*/N:  -4.66340   P*:     0.79488    P*cold: -0.04512   Mu*_xs: -2.10897   Cv*/N_xs:  0.75108         E(kJ/mol): -4.651     P(bar):    0.727     
Step:  4899999    NAcc:  2450002    fAcc:  0.500      Maxd:  0.60192    E*/N:  -4.64192   P*:     0.79481    P*cold: -0.04519   Mu*_xs: -2.10987   Cv*/N_xs:  0.74887         E(kJ/mol): -4.630     P(bar):    0.732     
Step:  4919999    NAcc:  2460001    fAcc:  0.500      Maxd:  0.57051    E*/N:  -4.68506   P*:     0.79513    P*cold: -0.04487   Mu*_xs: -2.11003   Cv*/N_xs:  0.74615         E(kJ/mol): -4.673     P(bar):    0.619     
Step:  4939999    NAcc:  2469997    fAcc:  0.500      Maxd:  0.29014    E*/N:  -4.67748   P*:     0.79514    P*cold: -0.04486   Mu*_xs: -2.10970   Cv*/N_xs:  0.74498         E(kJ/mol): -4.665     P(bar):    0.486     
Step:  4959999    NAcc:  2479999    fAcc:  0.500      Maxd:  0.27624    E*/N:  -4.64204   P*:     0.79405    P*cold: -0.04595   Mu*_xs: -2.11070   Cv*/N_xs:  0.74583         E(kJ/mol): -4.630     P(bar):    0.668     
Step:  4979999    NAcc:  2489997    fAcc:  0.500      Maxd:  0.27043    E*/N:  -4.73817   P*:     0.79302    P*cold: -0.04698   Mu*_xs: -2.10744   Cv*/N_xs:  0.74633         E(kJ/mol): -4.726     P(bar):    0.336     
Step:  4999999    NAcc:  2499999    fAcc:  0.500      Maxd:  0.47272    E*/N:  -4.64794   P*:     0.79163    P*cold: -0.04837   Mu*_xs: -2.10524   Cv*/N_xs:  0.74951         E(kJ/mol): -4.636     P(bar):    0.622     
# Computed average properties: 
 # E*/N:  -4.66440  
 # P*:     0.79163   
 # Cv*/N_xs:   0.74951        
 # Mu*_xs:  -2.10524  
