# Number of atoms:       500
# Atom type:             Ar
# Molar Mass (g/mol):    39.948
# Density (g/cm^3):      1.51951
# LJ sigma (Angstrom):   3.4
# LJ epsilon/kB (K):     120
# LJ cutoff (Angstrom):  13.6
# LJ cutoff (sigma):     4
# Temperature (K):       144
# Number MC steps:       5e+06
# Output frequency:      20000
# Num. den. (atoms/Ang): 0.0228984
# Box length (x):        27.9504
# Box length (y):        27.9504
# Box length (z):        27.9504
# Init. spacing (Ang):   3.1056
# reduc. density (rho*): 0.9
# reduc. temp (T*):      1.2
Step:  19999      NAcc:  5931       fAcc:  0.297      Maxd:  0.25175    E*/N:  -2.34441   P*:     nan        P*cold: nan        Mu*_xs: -0.00000   Cv*/N_xs:  0.00000         E(kJ/mol): -2.338     P(bar):    18.415    
Step:  39999      NAcc:  15711      fAcc:  0.393      Maxd:  0.25175    E*/N:  -5.03214   P*:     nan        P*cold: nan        Mu*_xs: -0.00000   Cv*/N_xs:  0.00000         E(kJ/mol): -5.019     P(bar):    7.518     
Step:  59999      NAcc:  26113      fAcc:  0.435      Maxd:  0.25175    E*/N:  -5.38893   P*:     nan        P*cold: nan        Mu*_xs: -0.00000   Cv*/N_xs:  0.00000         E(kJ/mol): -5.375     P(bar):    5.805     
Step:  79999      NAcc:  36859      fAcc:  0.461      Maxd:  0.25175    E*/N:  -5.45940   P*:     nan        P*cold: nan        Mu*_xs: -0.00000   Cv*/N_xs:  0.00000         E(kJ/mol): -5.445     P(bar):    5.254     
Step:  99999      NAcc:  47697      fAcc:  0.477      Maxd:  0.25175    E*/N:  -5.55291   P*:     nan        P*cold: nan        Mu*_xs: -0.00000   Cv*/N_xs:  0.00000         E(kJ/mol): -5.538     P(bar):    4.818     
Step:  119999     NAcc:  58689      fAcc:  0.489      Maxd:  0.25175    E*/N:  -5.54870   P*:     nan        P*cold: nan        Mu*_xs: -0.00000   Cv*/N_xs:  0.00000         E(kJ/mol): -5.534     P(bar):    4.873     
Step:  139999     NAcc:  69625      fAcc:  0.497      Maxd:  0.25175    E*/N:  -5.64390   P*:     nan        P*cold: nan        Mu*_xs: -0.00000   Cv*/N_xs:  0.00000         E(kJ/mol): -5.629     P(bar):    4.363     
Step:  159999     NAcc:  79983      fAcc:  0.500      Maxd:  0.27167    E*/N:  -5.68575   P*:     nan        P*cold: nan        Mu*_xs: -0.00000   Cv*/N_xs:  0.00000         E(kJ/mol): -5.671     P(bar):    4.225     
Step:  179999     NAcc:  89998      fAcc:  0.500      Maxd:  0.26462    E*/N:  -5.57357   P*:     nan        P*cold: nan        Mu*_xs: -0.00000   Cv*/N_xs:  0.00000         E(kJ/mol): -5.559     P(bar):    4.606     
Step:  199999     NAcc:  99993      fAcc:  0.500      Maxd:  0.24412    E*/N:  -5.62734   P*:     nan        P*cold: nan        Mu*_xs: -0.00000   Cv*/N_xs:  0.00000         E(kJ/mol): -5.613     P(bar):    4.375     
Step:  219999     NAcc:  109985     fAcc:  0.500      Maxd:  0.27338    E*/N:  -5.66963   P*:     nan        P*cold: nan        Mu*_xs: -0.00000   Cv*/N_xs:  0.00000         E(kJ/mol): -5.655     P(bar):    4.245     
Step:  239999     NAcc:  119989     fAcc:  0.500      Maxd:  0.27704    E*/N:  -5.63444   P*:     nan        P*cold: nan        Mu*_xs: -0.00000   Cv*/N_xs:  0.00000         E(kJ/mol): -5.620     P(bar):    4.346     
Step:  259999     NAcc:  129982     fAcc:  0.500      Maxd:  0.27752    E*/N:  -5.69062   P*:     nan        P*cold: nan        Mu*_xs: -0.00000   Cv*/N_xs:  0.00000         E(kJ/mol): -5.676     P(bar):    4.186     
Step:  279999     NAcc:  140000     fAcc:  0.500      Maxd:  0.25044    E*/N:  -5.56519   P*:     nan        P*cold: nan        Mu*_xs: -0.00000   Cv*/N_xs:  0.00000         E(kJ/mol): -5.551     P(bar):    4.665     
Step:  299999     NAcc:  150000     fAcc:  0.500      Maxd:  0.26569    E*/N:  -5.74003   P*:     nan        P*cold: nan        Mu*_xs: -0.00000   Cv*/N_xs:  0.00000         E(kJ/mol): -5.725     P(bar):    3.897     
Step:  319999     NAcc:  159997     fAcc:  0.500      Maxd:  0.27401    E*/N:  -5.67360   P*:     nan        P*cold: nan        Mu*_xs: -0.00000   Cv*/N_xs:  0.00000         E(kJ/mol): -5.659     P(bar):    4.179     
Step:  339999     NAcc:  169999     fAcc:  0.500      Maxd:  0.23483    E*/N:  -5.67200   P*:     nan        P*cold: nan        Mu*_xs: -0.00000   Cv*/N_xs:  0.00000         E(kJ/mol): -5.657     P(bar):    4.147     
Step:  359999     NAcc:  179988     fAcc:  0.500      Maxd:  0.26703    E*/N:  -5.58458   P*:     nan        P*cold: nan        Mu*_xs: -0.00000   Cv*/N_xs:  0.00000         E(kJ/mol): -5.570     P(bar):    4.629     
Step:  379999     NAcc:  190000     fAcc:  0.500      Maxd:  0.33279    E*/N:  -5.65754   P*:     nan        P*cold: nan        Mu*_xs: -0.00000   Cv*/N_xs:  0.00000         E(kJ/mol): -5.643     P(bar):    4.310     
Step:  399999     NAcc:  199999     fAcc:  0.500      Maxd:  0.23122    E*/N:  -5.70094   P*:     nan        P*cold: nan        Mu*_xs: -0.00000   Cv*/N_xs:  0.00000         E(kJ/mol): -5.686     P(bar):    4.041     
Step:  419999     NAcc:  210000     fAcc:  0.500      Maxd:  0.26200    E*/N:  -5.70359   P*:     nan        P*cold: nan        Mu*_xs: -0.00000   Cv*/N_xs:  0.00000         E(kJ/mol): -5.689     P(bar):    4.088     
Step:  439999     NAcc:  219997     fAcc:  0.500      Maxd:  0.25578    E*/N:  -5.63421   P*:     nan        P*cold: nan        Mu*_xs: -0.00000   Cv*/N_xs:  0.00000         E(kJ/mol): -5.619     P(bar):    4.376     
Step:  459999     NAcc:  229998     fAcc:  0.500      Maxd:  0.26717    E*/N:  -5.71255   P*:     nan        P*cold: nan        Mu*_xs: -0.00000   Cv*/N_xs:  0.00000         E(kJ/mol): -5.698     P(bar):    4.037     
Step:  479999     NAcc:  239998     fAcc:  0.500      Maxd:  0.27914    E*/N:  -5.68206   P*:     nan        P*cold: nan        Mu*_xs: -0.00000   Cv*/N_xs:  0.00000         E(kJ/mol): -5.667     P(bar):    4.173     
Step:  499999     NAcc:  249998     fAcc:  0.500      Maxd:  0.25913    E*/N:  -5.73012   P*:     nan        P*cold: nan        Mu*_xs: -0.00000   Cv*/N_xs:  0.00000         E(kJ/mol): -5.715     P(bar):    4.038     
Step:  519999     NAcc:  259998     fAcc:  0.500      Maxd:  0.22984    E*/N:  -5.72140   P*:     nan        P*cold: nan        Mu*_xs: -0.00000   Cv*/N_xs:  0.00000         E(kJ/mol): -5.706     P(bar):    4.036     
Step:  539999     NAcc:  269994     fAcc:  0.500      Maxd:  0.27657    E*/N:  -5.75579   P*:     nan        P*cold: nan        Mu*_xs: -0.00000   Cv*/N_xs:  0.00000         E(kJ/mol): -5.741     P(bar):    3.869     
Step:  559999     NAcc:  279996     fAcc:  0.500      Maxd:  0.26392    E*/N:  -5.72768   P*:     nan        P*cold: nan        Mu*_xs: -0.00000   Cv*/N_xs:  0.00000         E(kJ/mol): -5.713     P(bar):    3.955     
Step:  579999     NAcc:  289998     fAcc:  0.500      Maxd:  0.24660    E*/N:  -5.68232   P*:     nan        P*cold: nan        Mu*_xs: -0.00000   Cv*/N_xs:  0.00000         E(kJ/mol): -5.667     P(bar):    4.117     
Step:  599999     NAcc:  299998     fAcc:  0.500      Maxd:  0.24238    E*/N:  -5.79540   P*:     nan        P*cold: nan        Mu*_xs: -0.00000   Cv*/N_xs:  0.00000         E(kJ/mol): -5.780     P(bar):    3.712     
Step:  619999     NAcc:  309999     fAcc:  0.500      Maxd:  0.23728    E*/N:  -5.74586   P*:     nan        P*cold: nan        Mu*_xs: -0.00000   Cv*/N_xs:  0.00000         E(kJ/mol): -5.731     P(bar):    3.850     
Step:  639999     NAcc:  319991     fAcc:  0.500      Maxd:  0.27198    E*/N:  -5.82161   P*:     nan        P*cold: nan        Mu*_xs: -0.00000   Cv*/N_xs:  0.00000         E(kJ/mol): -5.806     P(bar):    3.547     
Step:  659999     NAcc:  329993     fAcc:  0.500      Maxd:  0.26598    E*/N:  -5.77309   P*:     nan        P*cold: nan        Mu*_xs: -0.00000   Cv*/N_xs:  0.00000         E(kJ/mol): -5.758     P(bar):    3.731     
Step:  679999     NAcc:  339996     fAcc:  0.500      Maxd:  0.27610    E*/N:  -5.69127   P*:     nan        P*cold: nan        Mu*_xs: -0.00000   Cv*/N_xs:  0.00000         E(kJ/mol): -5.676     P(bar):    4.057     
Step:  699999     NAcc:  349999     fAcc:  0.500      Maxd:  0.23421    E*/N:  -5.69939   P*:     nan        P*cold: nan        Mu*_xs: -0.00000   Cv*/N_xs:  0.00000         E(kJ/mol): -5.684     P(bar):    4.061     
Step:  719999     NAcc:  359994     fAcc:  0.500      Maxd:  0.25792    E*/N:  -5.75221   P*:     nan        P*cold: nan        Mu*_xs: -0.00000   Cv*/N_xs:  0.00000         E(kJ/mol): -5.737     P(bar):    3.828     
Step:  739999     NAcc:  369995     fAcc:  0.500      Maxd:  0.27486    E*/N:  -5.72451   P*:     nan        P*cold: nan        Mu*_xs: -0.00000   Cv*/N_xs:  0.00000         E(kJ/mol): -5.710     P(bar):    3.942     
Step:  759999     NAcc:  379998     fAcc:  0.500      Maxd:  0.25192    E*/N:  -5.70498   P*:     nan        P*cold: nan        Mu*_xs: -0.00000   Cv*/N_xs:  0.00000         E(kJ/mol): -5.690     P(bar):    4.015     
Step:  779999     NAcc:  389995     fAcc:  0.500      Maxd:  0.27411    E*/N:  -5.71861   P*:     nan        P*cold: nan        Mu*_xs: -0.00000   Cv*/N_xs:  0.00000         E(kJ/mol): -5.704     P(bar):    3.942     
Step:  799999     NAcc:  399998     fAcc:  0.500      Maxd:  0.27185    E*/N:  -5.71926   P*:     nan        P*cold: nan        Mu*_xs: -0.00000   Cv*/N_xs:  0.00000         E(kJ/mol): -5.704     P(bar):    3.937     
Step:  819999     NAcc:  409994     fAcc:  0.500      Maxd:  0.22541    E*/N:  -5.66876   P*:     nan        P*cold: nan        Mu*_xs: -0.00000   Cv*/N_xs:  0.00000         E(kJ/mol): -5.654     P(bar):    4.164     
Step:  839999     NAcc:  420001     fAcc:  0.500      Maxd:  0.34739    E*/N:  -5.81327   P*:     nan        P*cold: nan        Mu*_xs: -0.00000   Cv*/N_xs:  0.00000         E(kJ/mol): -5.798     P(bar):    3.658     
Step:  859999     NAcc:  430000     fAcc:  0.500      Maxd:  0.25549    E*/N:  -5.80922   P*:     nan        P*cold: nan        Mu*_xs: -0.00000   Cv*/N_xs:  0.00000         E(kJ/mol): -5.794     P(bar):    3.671     
Step:  879999     NAcc:  439996     fAcc:  0.500      Maxd:  0.26520    E*/N:  -5.74469   P*:     nan        P*cold: nan        Mu*_xs: -0.00000   Cv*/N_xs:  0.00000         E(kJ/mol): -5.730     P(bar):    3.944     
Step:  899999     NAcc:  449995     fAcc:  0.500      Maxd:  0.27694    E*/N:  -5.70373   P*:     nan        P*cold: nan        Mu*_xs: -0.00000   Cv*/N_xs:  0.00000         E(kJ/mol): -5.689     P(bar):    4.073     
Step:  919999     NAcc:  459992     fAcc:  0.500      Maxd:  0.27467    E*/N:  -5.76588   P*:     nan        P*cold: nan        Mu*_xs: -0.00000   Cv*/N_xs:  0.00000         E(kJ/mol): -5.751     P(bar):    3.748     
Step:  939999     NAcc:  470000     fAcc:  0.500      Maxd:  0.27159    E*/N:  -5.70061   P*:     nan        P*cold: nan        Mu*_xs: -0.00000   Cv*/N_xs:  0.00000         E(kJ/mol): -5.686     P(bar):    4.133     
Step:  959999     NAcc:  479999     fAcc:  0.500      Maxd:  0.27302    E*/N:  -5.75225   P*:     nan        P*cold: nan        Mu*_xs: -0.00000   Cv*/N_xs:  0.00000         E(kJ/mol): -5.737     P(bar):    3.874     
Step:  979999     NAcc:  489999     fAcc:  0.500      Maxd:  0.23617    E*/N:  -5.57278   P*:     nan        P*cold: nan        Mu*_xs: -0.00000   Cv*/N_xs:  0.00000         E(kJ/mol): -5.558     P(bar):    4.520     
Step:  999999     NAcc:  500000     fAcc:  0.500      Maxd:  0.54269    E*/N:  -5.66748   P*:     nan        P*cold: nan        Mu*_xs: -0.00000   Cv*/N_xs:  0.00000         E(kJ/mol): -5.653     P(bar):    4.158     
Step:  1019999    NAcc:  510000     fAcc:  0.500      Maxd:  0.51968    E*/N:  -5.69563   P*:     nan        P*cold: nan        Mu*_xs: -0.00000   Cv*/N_xs:  0.00000         E(kJ/mol): -5.681     P(bar):    4.054     
Step:  1039999    NAcc:  519998     fAcc:  0.500      Maxd:  0.23547    E*/N:  -5.63053   P*:     nan        P*cold: nan        Mu*_xs: -0.00000   Cv*/N_xs:  0.00000         E(kJ/mol): -5.616     P(bar):    4.301     
Step:  1059999    NAcc:  529996     fAcc:  0.500      Maxd:  0.27330    E*/N:  -5.68038   P*:     nan        P*cold: nan        Mu*_xs: -0.00000   Cv*/N_xs:  0.00000         E(kJ/mol): -5.666     P(bar):    4.129     
Step:  1079999    NAcc:  539996     fAcc:  0.500      Maxd:  0.25245    E*/N:  -5.68191   P*:     nan        P*cold: nan        Mu*_xs: -0.00000   Cv*/N_xs:  0.00000         E(kJ/mol): -5.667     P(bar):    4.195     
Step:  1099999    NAcc:  549995     fAcc:  0.500      Maxd:  0.25207    E*/N:  -5.67686   P*:     nan        P*cold: nan        Mu*_xs: -0.00000   Cv*/N_xs:  0.00000         E(kJ/mol): -5.662     P(bar):    4.147     
Step:  1119999    NAcc:  560000     fAcc:  0.500      Maxd:  0.27140    E*/N:  -5.66711   P*:     nan        P*cold: nan        Mu*_xs: -0.00000   Cv*/N_xs:  0.00000         E(kJ/mol): -5.652     P(bar):    4.259     
Step:  1139999    NAcc:  569997     fAcc:  0.500      Maxd:  0.26449    E*/N:  -5.74659   P*:     nan        P*cold: nan        Mu*_xs: -0.00000   Cv*/N_xs:  0.00000         E(kJ/mol): -5.732     P(bar):    3.945     
Step:  1159999    NAcc:  579997     fAcc:  0.500      Maxd:  0.26442    E*/N:  -5.65573   P*:     nan        P*cold: nan        Mu*_xs: -0.00000   Cv*/N_xs:  0.00000         E(kJ/mol): -5.641     P(bar):    4.215     
Step:  1179999    NAcc:  589998     fAcc:  0.500      Maxd:  0.24640    E*/N:  -5.66537   P*:     nan        P*cold: nan        Mu*_xs: -0.00000   Cv*/N_xs:  0.00000         E(kJ/mol): -5.651     P(bar):    4.299     
Step:  1199999    NAcc:  599999     fAcc:  0.500      Maxd:  0.27787    E*/N:  -5.67275   P*:     nan        P*cold: nan        Mu*_xs: -0.00000   Cv*/N_xs:  0.00000         E(kJ/mol): -5.658     P(bar):    4.207     
Step:  1219999    NAcc:  610000     fAcc:  0.500      Maxd:  0.23454    E*/N:  -5.61389   P*:     nan        P*cold: nan        Mu*_xs: -0.00000   Cv*/N_xs:  0.00000         E(kJ/mol): -5.599     P(bar):    4.433     
Step:  1239999    NAcc:  619996     fAcc:  0.500      Maxd:  0.23383    E*/N:  -5.66375   P*:     nan        P*cold: nan        Mu*_xs: -0.00000   Cv*/N_xs:  0.00000         E(kJ/mol): -5.649     P(bar):    4.243     
Step:  1259999    NAcc:  629998     fAcc:  0.500      Maxd:  0.27107    E*/N:  -5.63155   P*:     nan        P*cold: nan        Mu*_xs: -0.00000   Cv*/N_xs:  0.00000         E(kJ/mol): -5.617     P(bar):    4.405     
Step:  1279999    NAcc:  639997     fAcc:  0.500      Maxd:  0.26450    E*/N:  -5.66714   P*:     nan        P*cold: nan        Mu*_xs: -0.00000   Cv*/N_xs:  0.00000         E(kJ/mol): -5.652     P(bar):    4.228     
Step:  1299999    NAcc:  650000     fAcc:  0.500      Maxd:  0.25494    E*/N:  -5.61718   P*:     nan        P*cold: nan        Mu*_xs: -0.00000   Cv*/N_xs:  0.00000         E(kJ/mol): -5.602     P(bar):    4.391     
Step:  1319999    NAcc:  659999     fAcc:  0.500      Maxd:  0.26556    E*/N:  -5.66238   P*:     nan        P*cold: nan        Mu*_xs: -0.00000   Cv*/N_xs:  0.00000         E(kJ/mol): -5.648     P(bar):    4.259     
Step:  1339999    NAcc:  669995     fAcc:  0.500      Maxd:  0.27374    E*/N:  -5.73215   P*:     nan        P*cold: nan        Mu*_xs: -0.00000   Cv*/N_xs:  0.00000         E(kJ/mol): -5.717     P(bar):    3.938     
Step:  1359999    NAcc:  679992     fAcc:  0.500      Maxd:  0.27732    E*/N:  -5.74611   P*:     nan        P*cold: nan        Mu*_xs: -0.00000   Cv*/N_xs:  0.00000         E(kJ/mol): -5.731     P(bar):    3.788     
Step:  1379999    NAcc:  689996     fAcc:  0.500      Maxd:  0.24164    E*/N:  -5.75906   P*:     nan        P*cold: nan        Mu*_xs: -0.00000   Cv*/N_xs:  0.00000         E(kJ/mol): -5.744     P(bar):    3.882     
Step:  1399999    NAcc:  699998     fAcc:  0.500      Maxd:  0.27636    E*/N:  -5.71143   P*:     nan        P*cold: nan        Mu*_xs: -0.00000   Cv*/N_xs:  0.00000         E(kJ/mol): -5.696     P(bar):    4.013     
Step:  1419999    NAcc:  709999     fAcc:  0.500      Maxd:  0.23355    E*/N:  -5.80545   P*:     nan        P*cold: nan        Mu*_xs: -0.00000   Cv*/N_xs:  0.00000         E(kJ/mol): -5.790     P(bar):    3.634     
Step:  1439999    NAcc:  720000     fAcc:  0.500      Maxd:  0.23361    E*/N:  -5.68138   P*:     nan        P*cold: nan        Mu*_xs: -0.00000   Cv*/N_xs:  0.00000         E(kJ/mol): -5.666     P(bar):    4.166     
Step:  1459999    NAcc:  730000     fAcc:  0.500      Maxd:  0.33548    E*/N:  -5.76900   P*:     nan        P*cold: nan        Mu*_xs: -0.00000   Cv*/N_xs:  0.00000         E(kJ/mol): -5.754     P(bar):    3.789     
Step:  1479999    NAcc:  739999     fAcc:  0.500      Maxd:  0.23828    E*/N:  -5.75511   P*:     nan        P*cold: nan        Mu*_xs: -0.00000   Cv*/N_xs:  0.00000         E(kJ/mol): -5.740     P(bar):    3.847     
Step:  1499999    NAcc:  749991     fAcc:  0.500      Maxd:  0.27650    E*/N:  -5.67950   P*:     nan        P*cold: nan        Mu*_xs: -0.00000   Cv*/N_xs:  0.00000         E(kJ/mol): -5.665     P(bar):    4.202     
Step:  1519999    NAcc:  759994     fAcc:  0.500      Maxd:  0.27533    E*/N:  -5.60068   P*:     nan        P*cold: nan        Mu*_xs: -0.00000   Cv*/N_xs:  0.00000         E(kJ/mol): -5.586     P(bar):    4.542     
Step:  1539999    NAcc:  769997     fAcc:  0.500      Maxd:  0.23924    E*/N:  -5.75526   P*:     nan        P*cold: nan        Mu*_xs: -0.00000   Cv*/N_xs:  0.00000         E(kJ/mol): -5.740     P(bar):    3.940     
Step:  1559999    NAcc:  779999     fAcc:  0.500      Maxd:  0.30041    E*/N:  -5.71413   P*:     nan        P*cold: nan        Mu*_xs: -0.00000   Cv*/N_xs:  0.00000         E(kJ/mol): -5.699     P(bar):    3.998     
Step:  1579999    NAcc:  790000     fAcc:  0.500      Maxd:  0.26129    E*/N:  -5.72047   P*:     nan        P*cold: nan        Mu*_xs: -0.00000   Cv*/N_xs:  0.00000         E(kJ/mol): -5.705     P(bar):    4.018     
Step:  1599999    NAcc:  799992     fAcc:  0.500      Maxd:  0.26248    E*/N:  -5.81483   P*:     nan        P*cold: nan        Mu*_xs: -0.00000   Cv*/N_xs:  0.00000         E(kJ/mol): -5.800     P(bar):    3.611     
Step:  1619999    NAcc:  810000     fAcc:  0.500      Maxd:  0.73766    E*/N:  -5.74566   P*:     nan        P*cold: nan        Mu*_xs: -0.00000   Cv*/N_xs:  0.00000         E(kJ/mol): -5.731     P(bar):    3.786     
Step:  1639999    NAcc:  819996     fAcc:  0.500      Maxd:  0.27714    E*/N:  -5.59875   P*:     nan        P*cold: nan        Mu*_xs: -0.00000   Cv*/N_xs:  0.00000         E(kJ/mol): -5.584     P(bar):    4.463     
Step:  1659999    NAcc:  829997     fAcc:  0.500      Maxd:  0.25528    E*/N:  -5.74387   P*:     nan        P*cold: nan        Mu*_xs: -0.00000   Cv*/N_xs:  0.00000         E(kJ/mol): -5.729     P(bar):    3.885     
Step:  1679999    NAcc:  839998     fAcc:  0.500      Maxd:  0.25592    E*/N:  -5.65716   P*:     nan        P*cold: nan        Mu*_xs: -0.00000   Cv*/N_xs:  0.00000         E(kJ/mol): -5.642     P(bar):    4.219     
Step:  1699999    NAcc:  849997     fAcc:  0.500      Maxd:  0.27349    E*/N:  -5.66712   P*:     nan        P*cold: nan        Mu*_xs: -0.00000   Cv*/N_xs:  0.00000         E(kJ/mol): -5.652     P(bar):    4.194     
Step:  1719999    NAcc:  859990     fAcc:  0.500      Maxd:  0.27853    E*/N:  -5.57013   P*:     nan        P*cold: nan        Mu*_xs: -0.00000   Cv*/N_xs:  0.00000         E(kJ/mol): -5.556     P(bar):    4.648     
Step:  1739999    NAcc:  869995     fAcc:  0.500      Maxd:  0.26453    E*/N:  -5.66469   P*:     nan        P*cold: nan        Mu*_xs: -0.00000   Cv*/N_xs:  0.00000         E(kJ/mol): -5.650     P(bar):    4.282     
Step:  1759999    NAcc:  880000     fAcc:  0.500      Maxd:  0.23896    E*/N:  -5.60558   P*:     nan        P*cold: nan        Mu*_xs: -0.00000   Cv*/N_xs:  0.00000         E(kJ/mol): -5.591     P(bar):    4.415     
Step:  1779999    NAcc:  890001     fAcc:  0.500      Maxd:  0.34289    E*/N:  -5.61747   P*:     nan        P*cold: nan        Mu*_xs: -0.00000   Cv*/N_xs:  0.00000         E(kJ/mol): -5.603     P(bar):    4.377     
Step:  1799999    NAcc:  899998     fAcc:  0.500      Maxd:  0.22677    E*/N:  -5.71786   P*:     nan        P*cold: nan        Mu*_xs: -0.00000   Cv*/N_xs:  0.00000         E(kJ/mol): -5.703     P(bar):    4.021     
Step:  1819999    NAcc:  909996     fAcc:  0.500      Maxd:  0.24960    E*/N:  -5.74137   P*:     nan        P*cold: nan        Mu*_xs: -0.00000   Cv*/N_xs:  0.00000         E(kJ/mol): -5.726     P(bar):    3.922     
Step:  1839999    NAcc:  919997     fAcc:  0.500      Maxd:  0.23317    E*/N:  -5.72839   P*:     nan        P*cold: nan        Mu*_xs: -0.00000   Cv*/N_xs:  0.00000         E(kJ/mol): -5.713     P(bar):    3.984     
Step:  1859999    NAcc:  930001     fAcc:  0.500      Maxd:  0.38199    E*/N:  -5.71557   P*:     nan        P*cold: nan        Mu*_xs: -0.00000   Cv*/N_xs:  0.00000         E(kJ/mol): -5.701     P(bar):    4.002     
Step:  1879999    NAcc:  940001     fAcc:  0.500      Maxd:  0.37657    E*/N:  -5.71511   P*:     nan        P*cold: nan        Mu*_xs: -0.00000   Cv*/N_xs:  0.00000         E(kJ/mol): -5.700     P(bar):    4.100     
Step:  1899999    NAcc:  949998     fAcc:  0.500      Maxd:  0.24805    E*/N:  -5.61605   P*:     nan        P*cold: nan        Mu*_xs: -0.00000   Cv*/N_xs:  0.00000         E(kJ/mol): -5.601     P(bar):    4.360     
Step:  1919999    NAcc:  959998     fAcc:  0.500      Maxd:  0.25600    E*/N:  -5.69089   P*:     nan        P*cold: nan        Mu*_xs: -0.00000   Cv*/N_xs:  0.00000         E(kJ/mol): -5.676     P(bar):    4.076     
Step:  1939999    NAcc:  970001     fAcc:  0.500      Maxd:  0.35125    E*/N:  -5.56773   P*:     nan        P*cold: nan        Mu*_xs: -0.00000   Cv*/N_xs:  0.00000         E(kJ/mol): -5.553     P(bar):    4.674     
Step:  1959999    NAcc:  980000     fAcc:  0.500      Maxd:  0.25833    E*/N:  -5.73833   P*:     nan        P*cold: nan        Mu*_xs: -0.00000   Cv*/N_xs:  0.00000         E(kJ/mol): -5.723     P(bar):    3.965     
Step:  1979999    NAcc:  989995     fAcc:  0.500      Maxd:  0.24528    E*/N:  -5.67617   P*:     nan        P*cold: nan        Mu*_xs: -0.00000   Cv*/N_xs:  0.00000         E(kJ/mol): -5.661     P(bar):    4.177     
Step:  1999999    NAcc:  1000000    fAcc:  0.500      Maxd:  0.25982    E*/N:  -5.72599   P*:     nan        P*cold: nan        Mu*_xs: -0.00000   Cv*/N_xs:  0.00000         E(kJ/mol): -5.711     P(bar):    4.040     
Step:  2019999    NAcc:  1010000    fAcc:  0.500      Maxd:  0.31038    E*/N:  -5.65660   P*:     5.09864    P*cold: 4.01864    Mu*_xs: 7.10024    Cv*/N_xs:  0.40451         E(kJ/mol): -5.642     P(bar):    4.377     
Step:  2039999    NAcc:  1020000    fAcc:  0.500      Maxd:  0.24211    E*/N:  -5.66070   P*:     5.05967    P*cold: 3.97967    Mu*_xs: 6.14923    Cv*/N_xs:  0.58890         E(kJ/mol): -5.646     P(bar):    4.329     
Step:  2059999    NAcc:  1029997    fAcc:  0.500      Maxd:  0.27675    E*/N:  -5.61112   P*:     5.08087    P*cold: 4.00087    Mu*_xs: 6.08588    Cv*/N_xs:  0.76585         E(kJ/mol): -5.596     P(bar):    4.442     
Step:  2079999    NAcc:  1040001    fAcc:  0.500      Maxd:  0.73351    E*/N:  -5.72550   P*:     5.03958    P*cold: 3.95958    Mu*_xs: 6.43095    Cv*/N_xs:  0.72368         E(kJ/mol): -5.711     P(bar):    3.917     
Step:  2099999    NAcc:  1049990    fAcc:  0.500      Maxd:  0.26336    E*/N:  -5.81008   P*:     4.95679    P*cold: 3.87679    Mu*_xs: 6.63789    Cv*/N_xs:  0.93296         E(kJ/mol): -5.795     P(bar):    3.551     
Step:  2119999    NAcc:  1059998    fAcc:  0.500      Maxd:  0.23034    E*/N:  -5.75386   P*:     4.94181    P*cold: 3.86181    Mu*_xs: 6.84925    Cv*/N_xs:  1.00835         E(kJ/mol): -5.739     P(bar):    3.797     
Step:  2139999    NAcc:  1069998    fAcc:  0.500      Maxd:  0.26957    E*/N:  -5.75029   P*:     4.90754    P*cold: 3.82754    Mu*_xs: 6.99440    Cv*/N_xs:  1.07595         E(kJ/mol): -5.735     P(bar):    3.899     
Step:  2159999    NAcc:  1079995    fAcc:  0.500      Maxd:  0.24388    E*/N:  -5.70923   P*:     4.89307    P*cold: 3.81307    Mu*_xs: 7.15223    Cv*/N_xs:  1.09883         E(kJ/mol): -5.694     P(bar):    4.085     
Step:  2179999    NAcc:  1090001    fAcc:  0.500      Maxd:  0.55342    E*/N:  -5.70311   P*:     4.87733    P*cold: 3.79733    Mu*_xs: 6.90235    Cv*/N_xs:  1.06106         E(kJ/mol): -5.688     P(bar):    4.120     
Step:  2199999    NAcc:  1099991    fAcc:  0.500      Maxd:  0.27913    E*/N:  -5.67537   P*:     4.86497    P*cold: 3.78497    Mu*_xs: 7.02474    Cv*/N_xs:  1.05028         E(kJ/mol): -5.661     P(bar):    4.129     
Step:  2219999    NAcc:  1110000    fAcc:  0.500      Maxd:  0.32349    E*/N:  -5.76052   P*:     4.84608    P*cold: 3.76608    Mu*_xs: 5.80703    Cv*/N_xs:  1.02447         E(kJ/mol): -5.745     P(bar):    3.849     
Step:  2239999    NAcc:  1119998    fAcc:  0.500      Maxd:  0.39338    E*/N:  -5.75703   P*:     4.83654    P*cold: 3.75654    Mu*_xs: 5.82266    Cv*/N_xs:  1.01133         E(kJ/mol): -5.742     P(bar):    3.790     
Step:  2259999    NAcc:  1129979    fAcc:  0.500      Maxd:  0.27934    E*/N:  -5.63448   P*:     4.83012    P*cold: 3.75012    Mu*_xs: 5.61824    Cv*/N_xs:  1.00953         E(kJ/mol): -5.620     P(bar):    4.353     
Step:  2279999    NAcc:  1140000    fAcc:  0.500      Maxd:  0.26160    E*/N:  -5.68668   P*:     4.82837    P*cold: 3.74837    Mu*_xs: 5.49739    Cv*/N_xs:  0.97702         E(kJ/mol): -5.672     P(bar):    4.129     
Step:  2299999    NAcc:  1149999    fAcc:  0.500      Maxd:  0.22584    E*/N:  -5.73905   P*:     4.82051    P*cold: 3.74051    Mu*_xs: 5.43916    Cv*/N_xs:  0.99410         E(kJ/mol): -5.724     P(bar):    3.895     
Step:  2319999    NAcc:  1159993    fAcc:  0.500      Maxd:  0.27865    E*/N:  -5.66774   P*:     4.81587    P*cold: 3.73587    Mu*_xs: 5.51648    Cv*/N_xs:  1.03273         E(kJ/mol): -5.653     P(bar):    4.240     
Step:  2339999    NAcc:  1169999    fAcc:  0.500      Maxd:  0.27712    E*/N:  -5.73044   P*:     4.81430    P*cold: 3.73430    Mu*_xs: 5.04461    Cv*/N_xs:  0.98846         E(kJ/mol): -5.715     P(bar):    3.967     
Step:  2359999    NAcc:  1179999    fAcc:  0.500      Maxd:  0.23093    E*/N:  -5.82875   P*:     4.80198    P*cold: 3.72198    Mu*_xs: 5.11088    Cv*/N_xs:  1.01833         E(kJ/mol): -5.813     P(bar):    3.473     
Step:  2379999    NAcc:  1189995    fAcc:  0.500      Maxd:  0.27942    E*/N:  -5.83219   P*:     4.78592    P*cold: 3.70592    Mu*_xs: 5.17488    Cv*/N_xs:  1.06841         E(kJ/mol): -5.817     P(bar):    3.502     
Step:  2399999    NAcc:  1199999    fAcc:  0.500      Maxd:  0.27581    E*/N:  -5.70949   P*:     4.77354    P*cold: 3.69354    Mu*_xs: 5.04749    Cv*/N_xs:  1.11151         E(kJ/mol): -5.695     P(bar):    4.011     
Step:  2419999    NAcc:  1210000    fAcc:  0.500      Maxd:  0.26332    E*/N:  -5.71131   P*:     4.77899    P*cold: 3.69899    Mu*_xs: 5.10534    Cv*/N_xs:  1.09716         E(kJ/mol): -5.696     P(bar):    4.034     
Step:  2439999    NAcc:  1219999    fAcc:  0.500      Maxd:  0.26312    E*/N:  -5.73603   P*:     4.77923    P*cold: 3.69923    Mu*_xs: 5.15968    Cv*/N_xs:  1.09920         E(kJ/mol): -5.721     P(bar):    3.986     
Step:  2459999    NAcc:  1229999    fAcc:  0.500      Maxd:  0.24759    E*/N:  -5.78323   P*:     4.77528    P*cold: 3.69528    Mu*_xs: 5.19433    Cv*/N_xs:  1.09261         E(kJ/mol): -5.768     P(bar):    3.768     
Step:  2479999    NAcc:  1240000    fAcc:  0.500      Maxd:  0.22732    E*/N:  -5.73731   P*:     4.76459    P*cold: 3.68459    Mu*_xs: 5.21663    Cv*/N_xs:  1.11474         E(kJ/mol): -5.722     P(bar):    3.899     
Step:  2499999    NAcc:  1249997    fAcc:  0.500      Maxd:  0.27095    E*/N:  -5.75874   P*:     4.75810    P*cold: 3.67810    Mu*_xs: 5.23199    Cv*/N_xs:  1.09615         E(kJ/mol): -5.744     P(bar):    3.772     
Step:  2519999    NAcc:  1259999    fAcc:  0.500      Maxd:  0.27595    E*/N:  -5.70533   P*:     4.74978    P*cold: 3.66978    Mu*_xs: 5.25406    Cv*/N_xs:  1.13713         E(kJ/mol): -5.690     P(bar):    4.103     
Step:  2539999    NAcc:  1269997    fAcc:  0.500      Maxd:  0.27582    E*/N:  -5.75235   P*:     4.74771    P*cold: 3.66771    Mu*_xs: 3.59666    Cv*/N_xs:  1.11837         E(kJ/mol): -5.737     P(bar):    3.817     
Step:  2559999    NAcc:  1279989    fAcc:  0.500      Maxd:  0.26340    E*/N:  -5.77043   P*:     4.73974    P*cold: 3.65974    Mu*_xs: 3.63343    Cv*/N_xs:  1.11292         E(kJ/mol): -5.755     P(bar):    3.821     
Step:  2579999    NAcc:  1290000    fAcc:  0.500      Maxd:  0.23008    E*/N:  -5.75050   P*:     4.73652    P*cold: 3.65652    Mu*_xs: 3.67528    Cv*/N_xs:  1.10399         E(kJ/mol): -5.735     P(bar):    3.824     
Step:  2599999    NAcc:  1299997    fAcc:  0.500      Maxd:  0.27741    E*/N:  -5.78675   P*:     4.72527    P*cold: 3.64527    Mu*_xs: 3.71593    Cv*/N_xs:  1.13577         E(kJ/mol): -5.772     P(bar):    3.716     
Step:  2619999    NAcc:  1309996    fAcc:  0.500      Maxd:  0.24519    E*/N:  -5.65754   P*:     4.72328    P*cold: 3.64328    Mu*_xs: 3.75528    Cv*/N_xs:  1.11987         E(kJ/mol): -5.643     P(bar):    4.268     
Step:  2639999    NAcc:  1320000    fAcc:  0.500      Maxd:  0.22893    E*/N:  -5.70485   P*:     4.72797    P*cold: 3.64797    Mu*_xs: 3.79114    Cv*/N_xs:  1.12669         E(kJ/mol): -5.690     P(bar):    4.050     
Step:  2659999    NAcc:  1329999    fAcc:  0.500      Maxd:  0.34237    E*/N:  -5.67453   P*:     4.73185    P*cold: 3.65185    Mu*_xs: 3.82767    Cv*/N_xs:  1.11891         E(kJ/mol): -5.660     P(bar):    4.163     
Step:  2679999    NAcc:  1339994    fAcc:  0.500      Maxd:  0.26288    E*/N:  -5.73068   P*:     4.73119    P*cold: 3.65119    Mu*_xs: 3.86219    Cv*/N_xs:  1.10732         E(kJ/mol): -5.716     P(bar):    3.914     
Step:  2699999    NAcc:  1349991    fAcc:  0.500      Maxd:  0.27219    E*/N:  -5.65548   P*:     4.72946    P*cold: 3.64946    Mu*_xs: 3.41077    Cv*/N_xs:  1.10669         E(kJ/mol): -5.641     P(bar):    4.228     
Step:  2719999    NAcc:  1360000    fAcc:  0.500      Maxd:  0.24786    E*/N:  -5.73341   P*:     4.73341    P*cold: 3.65341    Mu*_xs: 3.44454    Cv*/N_xs:  1.10448         E(kJ/mol): -5.718     P(bar):    3.894     
Step:  2739999    NAcc:  1370000    fAcc:  0.500      Maxd:  0.59879    E*/N:  -5.62267   P*:     4.73657    P*cold: 3.65657    Mu*_xs: 3.47701    Cv*/N_xs:  1.09751         E(kJ/mol): -5.608     P(bar):    4.414     
Step:  2759999    NAcc:  1379991    fAcc:  0.500      Maxd:  0.26540    E*/N:  -5.64516   P*:     4.74623    P*cold: 3.66623    Mu*_xs: 3.50878    Cv*/N_xs:  1.11741         E(kJ/mol): -5.630     P(bar):    4.403     
Step:  2779999    NAcc:  1389998    fAcc:  0.500      Maxd:  0.22615    E*/N:  -5.68900   P*:     4.75260    P*cold: 3.67260    Mu*_xs: 3.53995    Cv*/N_xs:  1.12943         E(kJ/mol): -5.674     P(bar):    4.072     
Step:  2799999    NAcc:  1400000    fAcc:  0.500      Maxd:  0.74420    E*/N:  -5.63578   P*:     4.75596    P*cold: 3.67596    Mu*_xs: 3.56051    Cv*/N_xs:  1.12133         E(kJ/mol): -5.621     P(bar):    4.344     
Step:  2819999    NAcc:  1410001    fAcc:  0.500      Maxd:  0.97877    E*/N:  -5.68765   P*:     4.75550    P*cold: 3.67550    Mu*_xs: 3.59014    Cv*/N_xs:  1.11159         E(kJ/mol): -5.673     P(bar):    4.156     
Step:  2839999    NAcc:  1419999    fAcc:  0.500      Maxd:  0.23440    E*/N:  -5.75973   P*:     4.75989    P*cold: 3.67989    Mu*_xs: 3.61002    Cv*/N_xs:  1.10425         E(kJ/mol): -5.745     P(bar):    3.904     
Step:  2859999    NAcc:  1430000    fAcc:  0.500      Maxd:  0.26828    E*/N:  -5.79313   P*:     4.75649    P*cold: 3.67649    Mu*_xs: 3.21034    Cv*/N_xs:  1.10625         E(kJ/mol): -5.778     P(bar):    3.689     
Step:  2879999    NAcc:  1439999    fAcc:  0.500      Maxd:  0.28770    E*/N:  -5.61515   P*:     4.75751    P*cold: 3.67751    Mu*_xs: 3.23713    Cv*/N_xs:  1.09787         E(kJ/mol): -5.600     P(bar):    4.458     
Step:  2899999    NAcc:  1449994    fAcc:  0.500      Maxd:  0.27515    E*/N:  -5.62821   P*:     4.76253    P*cold: 3.68253    Mu*_xs: 3.26407    Cv*/N_xs:  1.10226         E(kJ/mol): -5.613     P(bar):    4.313     
Step:  2919999    NAcc:  1459999    fAcc:  0.500      Maxd:  0.22758    E*/N:  -5.64541   P*:     4.76834    P*cold: 3.68834    Mu*_xs: 3.29045    Cv*/N_xs:  1.11706         E(kJ/mol): -5.631     P(bar):    4.294     
Step:  2939999    NAcc:  1469996    fAcc:  0.500      Maxd:  0.24731    E*/N:  -5.71569   P*:     4.77368    P*cold: 3.69368    Mu*_xs: 3.31621    Cv*/N_xs:  1.13293         E(kJ/mol): -5.701     P(bar):    4.042     
Step:  2959999    NAcc:  1479998    fAcc:  0.500      Maxd:  0.26257    E*/N:  -5.69422   P*:     4.77175    P*cold: 3.69175    Mu*_xs: 3.33926    Cv*/N_xs:  1.12658         E(kJ/mol): -5.679     P(bar):    4.112     
Step:  2979999    NAcc:  1489997    fAcc:  0.500      Maxd:  0.23470    E*/N:  -5.67545   P*:     4.77162    P*cold: 3.69162    Mu*_xs: 3.36253    Cv*/N_xs:  1.11140         E(kJ/mol): -5.661     P(bar):    4.242     
Step:  2999999    NAcc:  1500001    fAcc:  0.500      Maxd:  0.55340    E*/N:  -5.72438   P*:     4.76761    P*cold: 3.68761    Mu*_xs: 3.04843    Cv*/N_xs:  1.11652         E(kJ/mol): -5.709     P(bar):    3.938     
Step:  3019999    NAcc:  1509995    fAcc:  0.500      Maxd:  0.24645    E*/N:  -5.77038   P*:     4.76164    P*cold: 3.68164    Mu*_xs: 3.07214    Cv*/N_xs:  1.13526         E(kJ/mol): -5.755     P(bar):    3.738     
Step:  3039999    NAcc:  1519994    fAcc:  0.500      Maxd:  0.26816    E*/N:  -5.70381   P*:     4.75963    P*cold: 3.67963    Mu*_xs: 3.02463    Cv*/N_xs:  1.12348         E(kJ/mol): -5.689     P(bar):    4.073     
Step:  3059999    NAcc:  1529995    fAcc:  0.500      Maxd:  0.26903    E*/N:  -5.78810   P*:     4.76048    P*cold: 3.68048    Mu*_xs: 3.04719    Cv*/N_xs:  1.10830         E(kJ/mol): -5.773     P(bar):    3.785     
Step:  3079999    NAcc:  1540000    fAcc:  0.500      Maxd:  0.25970    E*/N:  -5.69124   P*:     4.76478    P*cold: 3.68478    Mu*_xs: 3.02491    Cv*/N_xs:  1.11252         E(kJ/mol): -5.676     P(bar):    4.171     
Step:  3099999    NAcc:  1549989    fAcc:  0.500      Maxd:  0.27683    E*/N:  -5.65751   P*:     4.77137    P*cold: 3.69137    Mu*_xs: 3.04648    Cv*/N_xs:  1.13847         E(kJ/mol): -5.643     P(bar):    4.231     
Step:  3119999    NAcc:  1559998    fAcc:  0.500      Maxd:  0.23011    E*/N:  -5.63828   P*:     4.77806    P*cold: 3.69806    Mu*_xs: 3.06788    Cv*/N_xs:  1.16074         E(kJ/mol): -5.624     P(bar):    4.379     
Step:  3139999    NAcc:  1569999    fAcc:  0.500      Maxd:  0.27045    E*/N:  -5.62623   P*:     4.78576    P*cold: 3.70576    Mu*_xs: 3.08893    Cv*/N_xs:  1.20681         E(kJ/mol): -5.611     P(bar):    4.360     
Step:  3159999    NAcc:  1579998    fAcc:  0.500      Maxd:  0.26212    E*/N:  -5.73553   P*:     4.78628    P*cold: 3.70628    Mu*_xs: 3.10296    Cv*/N_xs:  1.19618         E(kJ/mol): -5.721     P(bar):    3.950     
Step:  3179999    NAcc:  1589999    fAcc:  0.500      Maxd:  0.25423    E*/N:  -5.72797   P*:     4.78664    P*cold: 3.70664    Mu*_xs: 3.04637    Cv*/N_xs:  1.18967         E(kJ/mol): -5.713     P(bar):    3.997     
Step:  3199999    NAcc:  1599998    fAcc:  0.500      Maxd:  0.22697    E*/N:  -5.66361   P*:     4.78869    P*cold: 3.70869    Mu*_xs: 3.06642    Cv*/N_xs:  1.18609         E(kJ/mol): -5.649     P(bar):    4.239     
Step:  3219999    NAcc:  1609992    fAcc:  0.500      Maxd:  0.27573    E*/N:  -5.65146   P*:     4.79356    P*cold: 3.71356    Mu*_xs: 3.08625    Cv*/N_xs:  1.20053         E(kJ/mol): -5.637     P(bar):    4.253     
Step:  3239999    NAcc:  1619993    fAcc:  0.500      Maxd:  0.27504    E*/N:  -5.68285   P*:     4.79639    P*cold: 3.71639    Mu*_xs: 3.10569    Cv*/N_xs:  1.19156         E(kJ/mol): -5.668     P(bar):    4.211     
Step:  3259999    NAcc:  1629998    fAcc:  0.500      Maxd:  0.26979    E*/N:  -5.71237   P*:     4.79495    P*cold: 3.71495    Mu*_xs: 3.08035    Cv*/N_xs:  1.18744         E(kJ/mol): -5.697     P(bar):    4.032     
Step:  3279999    NAcc:  1639995    fAcc:  0.500      Maxd:  0.25880    E*/N:  -5.74968   P*:     4.79298    P*cold: 3.71298    Mu*_xs: 3.09925    Cv*/N_xs:  1.18294         E(kJ/mol): -5.735     P(bar):    3.983     
Step:  3299999    NAcc:  1649996    fAcc:  0.500      Maxd:  0.27684    E*/N:  -5.69107   P*:     4.79593    P*cold: 3.71593    Mu*_xs: 3.11785    Cv*/N_xs:  1.17825         E(kJ/mol): -5.676     P(bar):    4.091     
Step:  3319999    NAcc:  1659998    fAcc:  0.500      Maxd:  0.26325    E*/N:  -5.73023   P*:     4.79793    P*cold: 3.71793    Mu*_xs: 3.11492    Cv*/N_xs:  1.17266         E(kJ/mol): -5.715     P(bar):    3.982     
Step:  3339999    NAcc:  1669998    fAcc:  0.500      Maxd:  0.26677    E*/N:  -5.53383   P*:     4.80014    P*cold: 3.72014    Mu*_xs: 3.13249    Cv*/N_xs:  1.18155         E(kJ/mol): -5.519     P(bar):    4.717     
Step:  3359999    NAcc:  1680000    fAcc:  0.500      Maxd:  0.26024    E*/N:  -5.59876   P*:     4.80292    P*cold: 3.72292    Mu*_xs: 3.14831    Cv*/N_xs:  1.19254         E(kJ/mol): -5.584     P(bar):    4.444     
Step:  3379999    NAcc:  1689999    fAcc:  0.500      Maxd:  0.24408    E*/N:  -5.68804   P*:     4.80395    P*cold: 3.72395    Mu*_xs: 3.16548    Cv*/N_xs:  1.18594         E(kJ/mol): -5.673     P(bar):    4.072     
Step:  3399999    NAcc:  1699998    fAcc:  0.500      Maxd:  0.37018    E*/N:  -5.64288   P*:     4.80861    P*cold: 3.72861    Mu*_xs: 3.18273    Cv*/N_xs:  1.21306         E(kJ/mol): -5.628     P(bar):    4.245     
Step:  3419999    NAcc:  1709999    fAcc:  0.500      Maxd:  0.39727    E*/N:  -5.63705   P*:     4.80913    P*cold: 3.72913    Mu*_xs: 3.19832    Cv*/N_xs:  1.20413         E(kJ/mol): -5.622     P(bar):    4.291     
Step:  3439999    NAcc:  1720000    fAcc:  0.500      Maxd:  0.23455    E*/N:  -5.55563   P*:     4.81176    P*cold: 3.73176    Mu*_xs: 3.21018    Cv*/N_xs:  1.19835         E(kJ/mol): -5.541     P(bar):    4.656     
Step:  3459999    NAcc:  1729996    fAcc:  0.500      Maxd:  0.27644    E*/N:  -5.75746   P*:     4.81581    P*cold: 3.73581    Mu*_xs: 3.22636    Cv*/N_xs:  1.22125         E(kJ/mol): -5.742     P(bar):    3.918     
Step:  3479999    NAcc:  1740000    fAcc:  0.500      Maxd:  0.24396    E*/N:  -5.71460   P*:     4.81953    P*cold: 3.73953    Mu*_xs: 3.22438    Cv*/N_xs:  1.23425         E(kJ/mol): -5.700     P(bar):    4.037     
Step:  3499999    NAcc:  1749999    fAcc:  0.500      Maxd:  0.33532    E*/N:  -5.61533   P*:     4.82129    P*cold: 3.74129    Mu*_xs: 3.23685    Cv*/N_xs:  1.23734         E(kJ/mol): -5.601     P(bar):    4.403     
Step:  3519999    NAcc:  1759989    fAcc:  0.500      Maxd:  0.27293    E*/N:  -5.58948   P*:     4.82458    P*cold: 3.74458    Mu*_xs: 3.25120    Cv*/N_xs:  1.24354         E(kJ/mol): -5.575     P(bar):    4.565     
Step:  3539999    NAcc:  1769998    fAcc:  0.500      Maxd:  0.23187    E*/N:  -5.73701   P*:     4.82455    P*cold: 3.74455    Mu*_xs: 3.26685    Cv*/N_xs:  1.23369         E(kJ/mol): -5.722     P(bar):    3.869     
Step:  3559999    NAcc:  1779999    fAcc:  0.500      Maxd:  0.24336    E*/N:  -5.68092   P*:     4.82355    P*cold: 3.74355    Mu*_xs: 3.28233    Cv*/N_xs:  1.23358         E(kJ/mol): -5.666     P(bar):    4.187     
Step:  3579999    NAcc:  1789999    fAcc:  0.500      Maxd:  0.27157    E*/N:  -5.76446   P*:     4.82345    P*cold: 3.74345    Mu*_xs: 3.29757    Cv*/N_xs:  1.22575         E(kJ/mol): -5.749     P(bar):    3.759     
Step:  3599999    NAcc:  1799990    fAcc:  0.500      Maxd:  0.27672    E*/N:  -5.72028   P*:     4.82054    P*cold: 3.74054    Mu*_xs: 3.26586    Cv*/N_xs:  1.22606         E(kJ/mol): -5.705     P(bar):    4.009     
Step:  3619999    NAcc:  1809999    fAcc:  0.500      Maxd:  0.25760    E*/N:  -5.70983   P*:     4.81734    P*cold: 3.73734    Mu*_xs: 3.28076    Cv*/N_xs:  1.23706         E(kJ/mol): -5.695     P(bar):    4.016     
Step:  3639999    NAcc:  1819989    fAcc:  0.500      Maxd:  0.27479    E*/N:  -5.65895   P*:     4.81579    P*cold: 3.73579    Mu*_xs: 3.29549    Cv*/N_xs:  1.23415         E(kJ/mol): -5.644     P(bar):    4.230     
Step:  3659999    NAcc:  1830000    fAcc:  0.500      Maxd:  0.65823    E*/N:  -5.68950   P*:     4.81643    P*cold: 3.73643    Mu*_xs: 3.25332    Cv*/N_xs:  1.23274         E(kJ/mol): -5.675     P(bar):    4.193     
Step:  3679999    NAcc:  1839999    fAcc:  0.500      Maxd:  0.24306    E*/N:  -5.68521   P*:     4.81669    P*cold: 3.73669    Mu*_xs: 3.26541    Cv*/N_xs:  1.22503         E(kJ/mol): -5.670     P(bar):    4.087     
Step:  3699999    NAcc:  1849991    fAcc:  0.500      Maxd:  0.27335    E*/N:  -5.69676   P*:     4.81670    P*cold: 3.73670    Mu*_xs: 3.27961    Cv*/N_xs:  1.21926         E(kJ/mol): -5.682     P(bar):    4.048     
Step:  3719999    NAcc:  1859999    fAcc:  0.500      Maxd:  0.27404    E*/N:  -5.62689   P*:     4.81659    P*cold: 3.73659    Mu*_xs: 3.29361    Cv*/N_xs:  1.21232         E(kJ/mol): -5.612     P(bar):    4.367     
Step:  3739999    NAcc:  1870001    fAcc:  0.500      Maxd:  0.40009    E*/N:  -5.73924   P*:     4.81880    P*cold: 3.73880    Mu*_xs: 2.06245    Cv*/N_xs:  1.21122         E(kJ/mol): -5.724     P(bar):    3.872     
Step:  3759999    NAcc:  1879997    fAcc:  0.500      Maxd:  0.23200    E*/N:  -5.74845   P*:     4.81650    P*cold: 3.73650    Mu*_xs: 2.07611    Cv*/N_xs:  1.20802         E(kJ/mol): -5.733     P(bar):    3.785     
Step:  3779999    NAcc:  1890000    fAcc:  0.500      Maxd:  0.26072    E*/N:  -5.65201   P*:     4.81437    P*cold: 3.73437    Mu*_xs: 2.08936    Cv*/N_xs:  1.21993         E(kJ/mol): -5.637     P(bar):    4.190     
Step:  3799999    NAcc:  1899995    fAcc:  0.500      Maxd:  0.26942    E*/N:  -5.65880   P*:     4.81524    P*cold: 3.73524    Mu*_xs: 2.10259    Cv*/N_xs:  1.21432         E(kJ/mol): -5.644     P(bar):    4.207     
Step:  3819999    NAcc:  1909997    fAcc:  0.500      Maxd:  0.25722    E*/N:  -5.61292   P*:     4.81862    P*cold: 3.73862    Mu*_xs: 2.11372    Cv*/N_xs:  1.22426         E(kJ/mol): -5.598     P(bar):    4.471     
Step:  3839999    NAcc:  1919994    fAcc:  0.500      Maxd:  0.27841    E*/N:  -5.65660   P*:     4.82068    P*cold: 3.74068    Mu*_xs: 2.12658    Cv*/N_xs:  1.22056         E(kJ/mol): -5.642     P(bar):    4.252     
Step:  3859999    NAcc:  1929998    fAcc:  0.500      Maxd:  0.25884    E*/N:  -5.71308   P*:     4.82383    P*cold: 3.74383    Mu*_xs: 2.13954    Cv*/N_xs:  1.23035         E(kJ/mol): -5.698     P(bar):    4.066     
Step:  3879999    NAcc:  1940000    fAcc:  0.500      Maxd:  0.98963    E*/N:  -5.63029   P*:     4.82391    P*cold: 3.74391    Mu*_xs: 2.15023    Cv*/N_xs:  1.23807         E(kJ/mol): -5.616     P(bar):    4.316     
Step:  3899999    NAcc:  1949997    fAcc:  0.500      Maxd:  0.23659    E*/N:  -5.69023   P*:     4.82424    P*cold: 3.74424    Mu*_xs: 2.16082    Cv*/N_xs:  1.23241         E(kJ/mol): -5.675     P(bar):    4.098     
Step:  3919999    NAcc:  1959999    fAcc:  0.500      Maxd:  0.26634    E*/N:  -5.66464   P*:     4.82348    P*cold: 3.74348    Mu*_xs: 2.17306    Cv*/N_xs:  1.22576         E(kJ/mol): -5.650     P(bar):    4.231     
Step:  3939999    NAcc:  1970000    fAcc:  0.500      Maxd:  1.07303    E*/N:  -5.72861   P*:     4.82254    P*cold: 3.74254    Mu*_xs: 2.18548    Cv*/N_xs:  1.21711         E(kJ/mol): -5.714     P(bar):    3.980     
Step:  3959999    NAcc:  1979996    fAcc:  0.500      Maxd:  0.27814    E*/N:  -5.70041   P*:     4.82227    P*cold: 3.74227    Mu*_xs: 2.08558    Cv*/N_xs:  1.20855         E(kJ/mol): -5.685     P(bar):    4.022     
Step:  3979999    NAcc:  1989998    fAcc:  0.500      Maxd:  0.25576    E*/N:  -5.70870   P*:     4.82205    P*cold: 3.74205    Mu*_xs: 2.07843    Cv*/N_xs:  1.20104         E(kJ/mol): -5.694     P(bar):    4.023     
Step:  3999999    NAcc:  1999999    fAcc:  0.500      Maxd:  0.26508    E*/N:  -5.68725   P*:     4.82197    P*cold: 3.74197    Mu*_xs: 2.08466    Cv*/N_xs:  1.19514         E(kJ/mol): -5.672     P(bar):    4.142     
Step:  4019999    NAcc:  2009998    fAcc:  0.500      Maxd:  0.22453    E*/N:  -5.78034   P*:     4.82106    P*cold: 3.74106    Mu*_xs: 2.09299    Cv*/N_xs:  1.18768         E(kJ/mol): -5.765     P(bar):    3.710     
Step:  4039999    NAcc:  2019994    fAcc:  0.500      Maxd:  0.25480    E*/N:  -5.66467   P*:     4.82053    P*cold: 3.74053    Mu*_xs: 2.10431    Cv*/N_xs:  1.18005         E(kJ/mol): -5.650     P(bar):    4.178     
Step:  4059999    NAcc:  2029998    fAcc:  0.500      Maxd:  0.25410    E*/N:  -5.66932   P*:     4.82319    P*cold: 3.74319    Mu*_xs: 2.11585    Cv*/N_xs:  1.18536         E(kJ/mol): -5.654     P(bar):    4.146     
Step:  4079999    NAcc:  2040001    fAcc:  0.500      Maxd:  0.36811    E*/N:  -5.56297   P*:     4.82557    P*cold: 3.74557    Mu*_xs: 2.12744    Cv*/N_xs:  1.19710         E(kJ/mol): -5.548     P(bar):    4.622     
Step:  4099999    NAcc:  2050000    fAcc:  0.500      Maxd:  0.75307    E*/N:  -5.61344   P*:     4.82734    P*cold: 3.74734    Mu*_xs: 2.13889    Cv*/N_xs:  1.21172         E(kJ/mol): -5.599     P(bar):    4.355     
Step:  4119999    NAcc:  2060000    fAcc:  0.500      Maxd:  0.35331    E*/N:  -5.65120   P*:     4.82869    P*cold: 3.74869    Mu*_xs: 2.14942    Cv*/N_xs:  1.21247         E(kJ/mol): -5.636     P(bar):    4.318     
Step:  4139999    NAcc:  2069991    fAcc:  0.500      Maxd:  0.27421    E*/N:  -5.70308   P*:     4.82947    P*cold: 3.74947    Mu*_xs: 2.16048    Cv*/N_xs:  1.20748         E(kJ/mol): -5.688     P(bar):    4.123     
Step:  4159999    NAcc:  2080001    fAcc:  0.500      Maxd:  0.57678    E*/N:  -5.63438   P*:     4.82976    P*cold: 3.74976    Mu*_xs: 2.17165    Cv*/N_xs:  1.19895         E(kJ/mol): -5.620     P(bar):    4.329     
Step:  4179999    NAcc:  2089996    fAcc:  0.500      Maxd:  0.27380    E*/N:  -5.62639   P*:     4.83106    P*cold: 3.75106    Mu*_xs: 2.17921    Cv*/N_xs:  1.20212         E(kJ/mol): -5.612     P(bar):    4.306     
Step:  4199999    NAcc:  2100001    fAcc:  0.500      Maxd:  0.36464    E*/N:  -5.72303   P*:     4.83160    P*cold: 3.75160    Mu*_xs: 2.18827    Cv*/N_xs:  1.19911         E(kJ/mol): -5.708     P(bar):    3.986     
Step:  4219999    NAcc:  2109998    fAcc:  0.500      Maxd:  0.27278    E*/N:  -5.73106   P*:     4.83102    P*cold: 3.75102    Mu*_xs: 2.19876    Cv*/N_xs:  1.19762         E(kJ/mol): -5.716     P(bar):    3.906     
Step:  4239999    NAcc:  2120001    fAcc:  0.500      Maxd:  0.36019    E*/N:  -5.72627   P*:     4.82801    P*cold: 3.74801    Mu*_xs: 2.20937    Cv*/N_xs:  1.20227         E(kJ/mol): -5.711     P(bar):    3.933     
Step:  4259999    NAcc:  2129998    fAcc:  0.500      Maxd:  0.63058    E*/N:  -5.75593   P*:     4.82578    P*cold: 3.74578    Mu*_xs: 2.22003    Cv*/N_xs:  1.20468         E(kJ/mol): -5.741     P(bar):    3.819     
Step:  4279999    NAcc:  2139992    fAcc:  0.500      Maxd:  0.24635    E*/N:  -5.79866   P*:     4.82399    P*cold: 3.74399    Mu*_xs: 2.22954    Cv*/N_xs:  1.20490         E(kJ/mol): -5.783     P(bar):    3.697     
Step:  4299999    NAcc:  2150000    fAcc:  0.500      Maxd:  0.66982    E*/N:  -5.68823   P*:     4.82297    P*cold: 3.74297    Mu*_xs: 2.18317    Cv*/N_xs:  1.20326         E(kJ/mol): -5.673     P(bar):    4.109     
Step:  4319999    NAcc:  2159996    fAcc:  0.500      Maxd:  0.27101    E*/N:  -5.66521   P*:     4.82361    P*cold: 3.74361    Mu*_xs: 2.19303    Cv*/N_xs:  1.19945         E(kJ/mol): -5.650     P(bar):    4.201     
Step:  4339999    NAcc:  2169996    fAcc:  0.500      Maxd:  0.22596    E*/N:  -5.61401   P*:     4.82600    P*cold: 3.74600    Mu*_xs: 2.16042    Cv*/N_xs:  1.20904         E(kJ/mol): -5.599     P(bar):    4.452     
Step:  4359999    NAcc:  2179991    fAcc:  0.500      Maxd:  0.26597    E*/N:  -5.57037   P*:     4.82893    P*cold: 3.74893    Mu*_xs: 2.17063    Cv*/N_xs:  1.22307         E(kJ/mol): -5.556     P(bar):    4.611     
Step:  4379999    NAcc:  2189999    fAcc:  0.500      Maxd:  0.22778    E*/N:  -5.62330   P*:     4.83103    P*cold: 3.75103    Mu*_xs: 2.17985    Cv*/N_xs:  1.22518         E(kJ/mol): -5.609     P(bar):    4.432     
Step:  4399999    NAcc:  2199988    fAcc:  0.500      Maxd:  0.26471    E*/N:  -5.69246   P*:     4.83085    P*cold: 3.75085    Mu*_xs: 2.18984    Cv*/N_xs:  1.22046         E(kJ/mol): -5.678     P(bar):    4.086     
Step:  4419999    NAcc:  2209992    fAcc:  0.500      Maxd:  0.27782    E*/N:  -5.63102   P*:     4.83114    P*cold: 3.75114    Mu*_xs: 2.19036    Cv*/N_xs:  1.21707         E(kJ/mol): -5.616     P(bar):    4.395     
Step:  4439999    NAcc:  2219998    fAcc:  0.500      Maxd:  0.25953    E*/N:  -5.71849   P*:     4.83123    P*cold: 3.75123    Mu*_xs: 2.17927    Cv*/N_xs:  1.21798         E(kJ/mol): -5.704     P(bar):    3.973     
Step:  4459999    NAcc:  2230000    fAcc:  0.500      Maxd:  0.26711    E*/N:  -5.68139   P*:     4.83234    P*cold: 3.75234    Mu*_xs: 2.11733    Cv*/N_xs:  1.22327         E(kJ/mol): -5.667     P(bar):    4.180     
Step:  4479999    NAcc:  2240001    fAcc:  0.500      Maxd:  0.35851    E*/N:  -5.68274   P*:     4.83199    P*cold: 3.75199    Mu*_xs: 1.97373    Cv*/N_xs:  1.22110         E(kJ/mol): -5.668     P(bar):    4.081     
Step:  4499999    NAcc:  2249997    fAcc:  0.500      Maxd:  0.27334    E*/N:  -5.65713   P*:     4.83228    P*cold: 3.75228    Mu*_xs: 1.98141    Cv*/N_xs:  1.21631         E(kJ/mol): -5.642     P(bar):    4.246     
Step:  4519999    NAcc:  2259998    fAcc:  0.500      Maxd:  0.27832    E*/N:  -5.66317   P*:     4.83294    P*cold: 3.75294    Mu*_xs: 1.99094    Cv*/N_xs:  1.21326         E(kJ/mol): -5.648     P(bar):    4.182     
Step:  4539999    NAcc:  2269996    fAcc:  0.500      Maxd:  0.27396    E*/N:  -5.66780   P*:     4.83334    P*cold: 3.75334    Mu*_xs: 1.99929    Cv*/N_xs:  1.21178         E(kJ/mol): -5.653     P(bar):    4.151     
Step:  4559999    NAcc:  2280000    fAcc:  0.500      Maxd:  0.24984    E*/N:  -5.73839   P*:     4.83340    P*cold: 3.75340    Mu*_xs: 2.00868    Cv*/N_xs:  1.20843         E(kJ/mol): -5.723     P(bar):    3.864     
Step:  4579999    NAcc:  2290001    fAcc:  0.500      Maxd:  0.77343    E*/N:  -5.57033   P*:     4.83628    P*cold: 3.75628    Mu*_xs: 2.01802    Cv*/N_xs:  1.23934         E(kJ/mol): -5.556     P(bar):    4.547     
Step:  4599999    NAcc:  2299997    fAcc:  0.500      Maxd:  0.25766    E*/N:  -5.65704   P*:     4.83865    P*cold: 3.75865    Mu*_xs: 2.02593    Cv*/N_xs:  1.25978         E(kJ/mol): -5.642     P(bar):    4.224     
Step:  4619999    NAcc:  2310000    fAcc:  0.500      Maxd:  0.34974    E*/N:  -5.68338   P*:     4.84207    P*cold: 3.76207    Mu*_xs: 2.03507    Cv*/N_xs:  1.28076         E(kJ/mol): -5.668     P(bar):    4.203     
Step:  4639999    NAcc:  2319997    fAcc:  0.500      Maxd:  0.26847    E*/N:  -5.63303   P*:     4.84235    P*cold: 3.76235    Mu*_xs: 2.04417    Cv*/N_xs:  1.27628         E(kJ/mol): -5.618     P(bar):    4.365     
Step:  4659999    NAcc:  2329997    fAcc:  0.500      Maxd:  0.24166    E*/N:  -5.72426   P*:     4.84258    P*cold: 3.76258    Mu*_xs: 2.05320    Cv*/N_xs:  1.27061         E(kJ/mol): -5.709     P(bar):    3.960     
Step:  4679999    NAcc:  2339995    fAcc:  0.500      Maxd:  0.24040    E*/N:  -5.66915   P*:     4.84491    P*cold: 3.76491    Mu*_xs: 2.06218    Cv*/N_xs:  1.27630         E(kJ/mol): -5.654     P(bar):    4.195     
Step:  4699999    NAcc:  2349997    fAcc:  0.500      Maxd:  0.26480    E*/N:  -5.79344   P*:     4.84409    P*cold: 3.76409    Mu*_xs: 2.07110    Cv*/N_xs:  1.28059         E(kJ/mol): -5.778     P(bar):    3.626     
Step:  4719999    NAcc:  2359993    fAcc:  0.500      Maxd:  0.26295    E*/N:  -5.66592   P*:     4.84407    P*cold: 3.76407    Mu*_xs: 2.07917    Cv*/N_xs:  1.27662         E(kJ/mol): -5.651     P(bar):    4.138     
Step:  4739999    NAcc:  2369995    fAcc:  0.500      Maxd:  0.26626    E*/N:  -5.71458   P*:     4.84326    P*cold: 3.76326    Mu*_xs: 2.08796    Cv*/N_xs:  1.27333         E(kJ/mol): -5.700     P(bar):    4.062     
Step:  4759999    NAcc:  2379997    fAcc:  0.500      Maxd:  0.26092    E*/N:  -5.71728   P*:     4.84331    P*cold: 3.76331    Mu*_xs: 2.08331    Cv*/N_xs:  1.26710         E(kJ/mol): -5.702     P(bar):    3.980     
Step:  4779999    NAcc:  2389994    fAcc:  0.500      Maxd:  0.26747    E*/N:  -5.76519   P*:     4.84264    P*cold: 3.76264    Mu*_xs: 2.09194    Cv*/N_xs:  1.26428         E(kJ/mol): -5.750     P(bar):    3.812     
Step:  4799999    NAcc:  2400000    fAcc:  0.500      Maxd:  0.24638    E*/N:  -5.77256   P*:     4.84129    P*cold: 3.76129    Mu*_xs: 2.09996    Cv*/N_xs:  1.26638         E(kJ/mol): -5.757     P(bar):    3.819     
Step:  4819999    NAcc:  2410000    fAcc:  0.500      Maxd:  0.26230    E*/N:  -5.63881   P*:     4.84094    P*cold: 3.76094    Mu*_xs: 2.08889    Cv*/N_xs:  1.26693         E(kJ/mol): -5.624     P(bar):    4.331     
Step:  4839999    NAcc:  2419998    fAcc:  0.500      Maxd:  0.24768    E*/N:  -5.62761   P*:     4.84061    P*cold: 3.76061    Mu*_xs: 2.09608    Cv*/N_xs:  1.26223         E(kJ/mol): -5.613     P(bar):    4.373     
Step:  4859999    NAcc:  2430001    fAcc:  0.500      Maxd:  0.57156    E*/N:  -5.79598   P*:     4.83916    P*cold: 3.75916    Mu*_xs: 2.10323    Cv*/N_xs:  1.26587         E(kJ/mol): -5.781     P(bar):    3.729     
Step:  4879999    NAcc:  2439997    fAcc:  0.500      Maxd:  0.26862    E*/N:  -5.72015   P*:     4.83771    P*cold: 3.75771    Mu*_xs: 2.11100    Cv*/N_xs:  1.26612         E(kJ/mol): -5.705     P(bar):    3.982     
Step:  4899999    NAcc:  2449997    fAcc:  0.500      Maxd:  0.27841    E*/N:  -5.75154   P*:     4.83731    P*cold: 3.75731    Mu*_xs: 2.11885    Cv*/N_xs:  1.26245         E(kJ/mol): -5.736     P(bar):    3.866     
Step:  4919999    NAcc:  2459982    fAcc:  0.500      Maxd:  0.27675    E*/N:  -5.81608   P*:     4.83581    P*cold: 3.75581    Mu*_xs: 2.12710    Cv*/N_xs:  1.26509         E(kJ/mol): -5.801     P(bar):    3.628     
Step:  4939999    NAcc:  2470002    fAcc:  0.500      Maxd:  0.99388    E*/N:  -5.73894   P*:     4.83437    P*cold: 3.75437    Mu*_xs: 2.13528    Cv*/N_xs:  1.26603         E(kJ/mol): -5.724     P(bar):    3.940     
Step:  4959999    NAcc:  2479999    fAcc:  0.500      Maxd:  0.23295    E*/N:  -5.68828   P*:     4.83343    P*cold: 3.75343    Mu*_xs: 2.14342    Cv*/N_xs:  1.26244         E(kJ/mol): -5.673     P(bar):    4.070     
Step:  4979999    NAcc:  2489999    fAcc:  0.500      Maxd:  0.26910    E*/N:  -5.69220   P*:     4.83335    P*cold: 3.75335    Mu*_xs: 2.15150    Cv*/N_xs:  1.25832         E(kJ/mol): -5.677     P(bar):    4.168     
Step:  4999999    NAcc:  2499997    fAcc:  0.500      Maxd:  0.27174    E*/N:  -5.66404   P*:     4.83191    P*cold: 3.75191    Mu*_xs: 2.15952    Cv*/N_xs:  1.26004         E(kJ/mol): -5.649     P(bar):    4.204     
# Computed average properties: 
 # E*/N:  -5.69980  
 # P*:     4.83191   
 # Cv*/N_xs:   1.26004        
 # Mu*_xs:  2.15952   
