# Number of atoms:       500
# Atom type:             Ar
# Molar Mass (g/mol):    39.948
# Density (g/cm^3):      0.844174
# LJ sigma (Angstrom):   3.4
# LJ epsilon/kB (K):     120
# LJ cutoff (Angstrom):  13.6
# LJ cutoff (sigma):     4
# Temperature (K):       144
# Number MC steps:       5e+06
# Output frequency:      20000
# Num. den. (atoms/Ang): 0.0127214
# Box length (x):        34
# Box length (y):        34
# Box length (z):        34
# Init. spacing (Ang):   3.77778
# reduc. density (rho*): 0.5
# reduc. temp (T*):      1.2
Step:  19999      NAcc:  10001      fAcc:  0.500      Maxd:  1.91099    E*/N:  -3.66431   P*:     nan        P*cold: nan        Mu*_xs: -0.00000   Cv*/N_xs:  0.00000         E(kJ/mol): -3.655     P(bar):    0.528     
Step:  39999      NAcc:  19998      fAcc:  0.500      Maxd:  0.28238    E*/N:  -3.67792   P*:     nan        P*cold: nan        Mu*_xs: -0.00000   Cv*/N_xs:  0.00000         E(kJ/mol): -3.668     P(bar):    0.297     
Step:  59999      NAcc:  29999      fAcc:  0.500      Maxd:  0.28731    E*/N:  -3.58769   P*:     nan        P*cold: nan        Mu*_xs: -0.00000   Cv*/N_xs:  0.00000         E(kJ/mol): -3.578     P(bar):    0.228     
Step:  79999      NAcc:  40000      fAcc:  0.500      Maxd:  0.38979    E*/N:  -3.68469   P*:     nan        P*cold: nan        Mu*_xs: -0.00000   Cv*/N_xs:  0.00000         E(kJ/mol): -3.675     P(bar):    0.048     
Step:  99999      NAcc:  49999      fAcc:  0.500      Maxd:  0.31617    E*/N:  -3.53382   P*:     nan        P*cold: nan        Mu*_xs: -0.00000   Cv*/N_xs:  0.00000         E(kJ/mol): -3.525     P(bar):    0.286     
Step:  119999     NAcc:  60000      fAcc:  0.500      Maxd:  1.16425    E*/N:  -3.61858   P*:     nan        P*cold: nan        Mu*_xs: -0.00000   Cv*/N_xs:  0.00000         E(kJ/mol): -3.609     P(bar):    0.094     
Step:  139999     NAcc:  70001      fAcc:  0.500      Maxd:  0.69554    E*/N:  -3.57067   P*:     nan        P*cold: nan        Mu*_xs: -0.00000   Cv*/N_xs:  0.00000         E(kJ/mol): -3.561     P(bar):    0.023     
Step:  159999     NAcc:  79999      fAcc:  0.500      Maxd:  0.33242    E*/N:  -3.49301   P*:     nan        P*cold: nan        Mu*_xs: -0.00000   Cv*/N_xs:  0.00000         E(kJ/mol): -3.484     P(bar):    0.228     
Step:  179999     NAcc:  89999      fAcc:  0.500      Maxd:  0.31555    E*/N:  -3.50484   P*:     nan        P*cold: nan        Mu*_xs: -0.00000   Cv*/N_xs:  0.00000         E(kJ/mol): -3.496     P(bar):    0.181     
Step:  199999     NAcc:  100001     fAcc:  0.500      Maxd:  0.43699    E*/N:  -3.50550   P*:     nan        P*cold: nan        Mu*_xs: -0.00000   Cv*/N_xs:  0.00000         E(kJ/mol): -3.496     P(bar):    0.061     
Step:  219999     NAcc:  110000     fAcc:  0.500      Maxd:  2.73303    E*/N:  -3.44041   P*:     nan        P*cold: nan        Mu*_xs: -0.00000   Cv*/N_xs:  0.00000         E(kJ/mol): -3.431     P(bar):    0.042     
Step:  239999     NAcc:  119998     fAcc:  0.500      Maxd:  0.37973    E*/N:  -3.45306   P*:     nan        P*cold: nan        Mu*_xs: -0.00000   Cv*/N_xs:  0.00000         E(kJ/mol): -3.444     P(bar):    0.065     
Step:  259999     NAcc:  130001     fAcc:  0.500      Maxd:  2.09483    E*/N:  -3.54250   P*:     nan        P*cold: nan        Mu*_xs: -0.00000   Cv*/N_xs:  0.00000         E(kJ/mol): -3.533     P(bar):    -0.112    
Step:  279999     NAcc:  139999     fAcc:  0.500      Maxd:  0.77297    E*/N:  -3.45804   P*:     nan        P*cold: nan        Mu*_xs: -0.00000   Cv*/N_xs:  0.00000         E(kJ/mol): -3.449     P(bar):    0.123     
Step:  299999     NAcc:  150002     fAcc:  0.500      Maxd:  0.93434    E*/N:  -3.41854   P*:     nan        P*cold: nan        Mu*_xs: -0.00000   Cv*/N_xs:  0.00000         E(kJ/mol): -3.410     P(bar):    0.042     
Step:  319999     NAcc:  159999     fAcc:  0.500      Maxd:  0.31504    E*/N:  -3.45419   P*:     nan        P*cold: nan        Mu*_xs: -0.00000   Cv*/N_xs:  0.00000         E(kJ/mol): -3.445     P(bar):    -0.008    
Step:  339999     NAcc:  170002     fAcc:  0.500      Maxd:  0.96071    E*/N:  -3.40320   P*:     nan        P*cold: nan        Mu*_xs: -0.00000   Cv*/N_xs:  0.00000         E(kJ/mol): -3.394     P(bar):    0.117     
Step:  359999     NAcc:  180000     fAcc:  0.500      Maxd:  0.33223    E*/N:  -3.39568   P*:     nan        P*cold: nan        Mu*_xs: -0.00000   Cv*/N_xs:  0.00000         E(kJ/mol): -3.387     P(bar):    0.141     
Step:  379999     NAcc:  190001     fAcc:  0.500      Maxd:  0.93346    E*/N:  -3.40888   P*:     nan        P*cold: nan        Mu*_xs: -0.00000   Cv*/N_xs:  0.00000         E(kJ/mol): -3.400     P(bar):    0.161     
Step:  399999     NAcc:  199998     fAcc:  0.500      Maxd:  0.31855    E*/N:  -3.43811   P*:     nan        P*cold: nan        Mu*_xs: -0.00000   Cv*/N_xs:  0.00000         E(kJ/mol): -3.429     P(bar):    0.133     
Step:  419999     NAcc:  210000     fAcc:  0.500      Maxd:  1.89634    E*/N:  -3.39159   P*:     nan        P*cold: nan        Mu*_xs: -0.00000   Cv*/N_xs:  0.00000         E(kJ/mol): -3.383     P(bar):    0.067     
Step:  439999     NAcc:  220000     fAcc:  0.500      Maxd:  0.82612    E*/N:  -3.44491   P*:     nan        P*cold: nan        Mu*_xs: -0.00000   Cv*/N_xs:  0.00000         E(kJ/mol): -3.436     P(bar):    0.068     
Step:  459999     NAcc:  229998     fAcc:  0.500      Maxd:  0.30156    E*/N:  -3.42150   P*:     nan        P*cold: nan        Mu*_xs: -0.00000   Cv*/N_xs:  0.00000         E(kJ/mol): -3.413     P(bar):    0.228     
Step:  479999     NAcc:  240001     fAcc:  0.500      Maxd:  0.45690    E*/N:  -3.35500   P*:     nan        P*cold: nan        Mu*_xs: -0.00000   Cv*/N_xs:  0.00000         E(kJ/mol): -3.346     P(bar):    0.166     
Step:  499999     NAcc:  250000     fAcc:  0.500      Maxd:  0.89621    E*/N:  -3.34720   P*:     nan        P*cold: nan        Mu*_xs: -0.00000   Cv*/N_xs:  0.00000         E(kJ/mol): -3.338     P(bar):    0.319     
Step:  519999     NAcc:  260001     fAcc:  0.500      Maxd:  1.17282    E*/N:  -3.44152   P*:     nan        P*cold: nan        Mu*_xs: -0.00000   Cv*/N_xs:  0.00000         E(kJ/mol): -3.433     P(bar):    0.165     
Step:  539999     NAcc:  270002     fAcc:  0.500      Maxd:  0.87583    E*/N:  -3.44939   P*:     nan        P*cold: nan        Mu*_xs: -0.00000   Cv*/N_xs:  0.00000         E(kJ/mol): -3.440     P(bar):    0.049     
Step:  559999     NAcc:  280002     fAcc:  0.500      Maxd:  0.93876    E*/N:  -3.45469   P*:     nan        P*cold: nan        Mu*_xs: -0.00000   Cv*/N_xs:  0.00000         E(kJ/mol): -3.446     P(bar):    0.027     
Step:  579999     NAcc:  290001     fAcc:  0.500      Maxd:  0.87608    E*/N:  -3.42567   P*:     nan        P*cold: nan        Mu*_xs: -0.00000   Cv*/N_xs:  0.00000         E(kJ/mol): -3.417     P(bar):    0.071     
Step:  599999     NAcc:  300001     fAcc:  0.500      Maxd:  1.65838    E*/N:  -3.45805   P*:     nan        P*cold: nan        Mu*_xs: -0.00000   Cv*/N_xs:  0.00000         E(kJ/mol): -3.449     P(bar):    -0.020    
Step:  619999     NAcc:  310000     fAcc:  0.500      Maxd:  3.38927    E*/N:  -3.52137   P*:     nan        P*cold: nan        Mu*_xs: -0.00000   Cv*/N_xs:  0.00000         E(kJ/mol): -3.512     P(bar):    -0.070    
Step:  639999     NAcc:  320000     fAcc:  0.500      Maxd:  0.42240    E*/N:  -3.41604   P*:     nan        P*cold: nan        Mu*_xs: -0.00000   Cv*/N_xs:  0.00000         E(kJ/mol): -3.407     P(bar):    0.159     
Step:  659999     NAcc:  330001     fAcc:  0.500      Maxd:  3.74089    E*/N:  -3.47402   P*:     nan        P*cold: nan        Mu*_xs: -0.00000   Cv*/N_xs:  0.00000         E(kJ/mol): -3.465     P(bar):    -0.001    
Step:  679999     NAcc:  339997     fAcc:  0.500      Maxd:  0.43651    E*/N:  -3.42504   P*:     nan        P*cold: nan        Mu*_xs: -0.00000   Cv*/N_xs:  0.00000         E(kJ/mol): -3.416     P(bar):    0.099     
Step:  699999     NAcc:  350003     fAcc:  0.500      Maxd:  1.16130    E*/N:  -3.50513   P*:     nan        P*cold: nan        Mu*_xs: -0.00000   Cv*/N_xs:  0.00000         E(kJ/mol): -3.496     P(bar):    -0.095    
Step:  719999     NAcc:  360000     fAcc:  0.500      Maxd:  1.23172    E*/N:  -3.48391   P*:     nan        P*cold: nan        Mu*_xs: -0.00000   Cv*/N_xs:  0.00000         E(kJ/mol): -3.475     P(bar):    0.007     
Step:  739999     NAcc:  369999     fAcc:  0.500      Maxd:  0.29410    E*/N:  -3.46660   P*:     nan        P*cold: nan        Mu*_xs: -0.00000   Cv*/N_xs:  0.00000         E(kJ/mol): -3.458     P(bar):    -0.102    
Step:  759999     NAcc:  380001     fAcc:  0.500      Maxd:  0.45155    E*/N:  -3.47702   P*:     nan        P*cold: nan        Mu*_xs: -0.00000   Cv*/N_xs:  0.00000         E(kJ/mol): -3.468     P(bar):    -0.037    
Step:  779999     NAcc:  390001     fAcc:  0.500      Maxd:  0.40576    E*/N:  -3.36833   P*:     nan        P*cold: nan        Mu*_xs: -0.00000   Cv*/N_xs:  0.00000         E(kJ/mol): -3.360     P(bar):    0.202     
Step:  799999     NAcc:  400000     fAcc:  0.500      Maxd:  0.30210    E*/N:  -3.41027   P*:     nan        P*cold: nan        Mu*_xs: -0.00000   Cv*/N_xs:  0.00000         E(kJ/mol): -3.401     P(bar):    0.063     
Step:  819999     NAcc:  410001     fAcc:  0.500      Maxd:  0.86751    E*/N:  -3.45049   P*:     nan        P*cold: nan        Mu*_xs: -0.00000   Cv*/N_xs:  0.00000         E(kJ/mol): -3.441     P(bar):    0.036     
Step:  839999     NAcc:  420000     fAcc:  0.500      Maxd:  1.71617    E*/N:  -3.46233   P*:     nan        P*cold: nan        Mu*_xs: -0.00000   Cv*/N_xs:  0.00000         E(kJ/mol): -3.453     P(bar):    0.083     
Step:  859999     NAcc:  429997     fAcc:  0.500      Maxd:  0.31557    E*/N:  -3.44816   P*:     nan        P*cold: nan        Mu*_xs: -0.00000   Cv*/N_xs:  0.00000         E(kJ/mol): -3.439     P(bar):    0.112     
Step:  879999     NAcc:  439997     fAcc:  0.500      Maxd:  1.06988    E*/N:  -3.35822   P*:     nan        P*cold: nan        Mu*_xs: -0.00000   Cv*/N_xs:  0.00000         E(kJ/mol): -3.349     P(bar):    0.243     
Step:  899999     NAcc:  450000     fAcc:  0.500      Maxd:  0.30562    E*/N:  -3.38286   P*:     nan        P*cold: nan        Mu*_xs: -0.00000   Cv*/N_xs:  0.00000         E(kJ/mol): -3.374     P(bar):    0.171     
Step:  919999     NAcc:  460000     fAcc:  0.500      Maxd:  1.15803    E*/N:  -3.43647   P*:     nan        P*cold: nan        Mu*_xs: -0.00000   Cv*/N_xs:  0.00000         E(kJ/mol): -3.427     P(bar):    0.018     
Step:  939999     NAcc:  470001     fAcc:  0.500      Maxd:  0.72445    E*/N:  -3.38664   P*:     nan        P*cold: nan        Mu*_xs: -0.00000   Cv*/N_xs:  0.00000         E(kJ/mol): -3.378     P(bar):    0.202     
Step:  959999     NAcc:  480000     fAcc:  0.500      Maxd:  0.80059    E*/N:  -3.44495   P*:     nan        P*cold: nan        Mu*_xs: -0.00000   Cv*/N_xs:  0.00000         E(kJ/mol): -3.436     P(bar):    0.091     
Step:  979999     NAcc:  490002     fAcc:  0.500      Maxd:  1.77139    E*/N:  -3.42240   P*:     nan        P*cold: nan        Mu*_xs: -0.00000   Cv*/N_xs:  0.00000         E(kJ/mol): -3.413     P(bar):    0.071     
Step:  999999     NAcc:  500001     fAcc:  0.500      Maxd:  1.26673    E*/N:  -3.45555   P*:     nan        P*cold: nan        Mu*_xs: -0.00000   Cv*/N_xs:  0.00000         E(kJ/mol): -3.446     P(bar):    0.186     
Step:  1019999    NAcc:  509999     fAcc:  0.500      Maxd:  0.30573    E*/N:  -3.39984   P*:     nan        P*cold: nan        Mu*_xs: -0.00000   Cv*/N_xs:  0.00000         E(kJ/mol): -3.391     P(bar):    0.094     
Step:  1039999    NAcc:  519998     fAcc:  0.500      Maxd:  0.32696    E*/N:  -3.46656   P*:     nan        P*cold: nan        Mu*_xs: -0.00000   Cv*/N_xs:  0.00000         E(kJ/mol): -3.457     P(bar):    0.057     
Step:  1059999    NAcc:  530000     fAcc:  0.500      Maxd:  2.41482    E*/N:  -3.38353   P*:     nan        P*cold: nan        Mu*_xs: -0.00000   Cv*/N_xs:  0.00000         E(kJ/mol): -3.375     P(bar):    -0.013    
Step:  1079999    NAcc:  539999     fAcc:  0.500      Maxd:  0.52701    E*/N:  -3.47405   P*:     nan        P*cold: nan        Mu*_xs: -0.00000   Cv*/N_xs:  0.00000         E(kJ/mol): -3.465     P(bar):    -0.090    
Step:  1099999    NAcc:  549997     fAcc:  0.500      Maxd:  0.29559    E*/N:  -3.38799   P*:     nan        P*cold: nan        Mu*_xs: -0.00000   Cv*/N_xs:  0.00000         E(kJ/mol): -3.379     P(bar):    -0.054    
Step:  1119999    NAcc:  559999     fAcc:  0.500      Maxd:  0.32559    E*/N:  -3.37833   P*:     nan        P*cold: nan        Mu*_xs: -0.00000   Cv*/N_xs:  0.00000         E(kJ/mol): -3.369     P(bar):    0.096     
Step:  1139999    NAcc:  569999     fAcc:  0.500      Maxd:  1.13982    E*/N:  -3.33011   P*:     nan        P*cold: nan        Mu*_xs: -0.00000   Cv*/N_xs:  0.00000         E(kJ/mol): -3.321     P(bar):    0.236     
Step:  1159999    NAcc:  580000     fAcc:  0.500      Maxd:  0.31875    E*/N:  -3.43510   P*:     nan        P*cold: nan        Mu*_xs: -0.00000   Cv*/N_xs:  0.00000         E(kJ/mol): -3.426     P(bar):    0.057     
Step:  1179999    NAcc:  589998     fAcc:  0.500      Maxd:  0.40579    E*/N:  -3.35791   P*:     nan        P*cold: nan        Mu*_xs: -0.00000   Cv*/N_xs:  0.00000         E(kJ/mol): -3.349     P(bar):    0.253     
Step:  1199999    NAcc:  600001     fAcc:  0.500      Maxd:  1.72400    E*/N:  -3.46681   P*:     nan        P*cold: nan        Mu*_xs: -0.00000   Cv*/N_xs:  0.00000         E(kJ/mol): -3.458     P(bar):    0.004     
Step:  1219999    NAcc:  610000     fAcc:  0.500      Maxd:  1.92102    E*/N:  -3.45963   P*:     nan        P*cold: nan        Mu*_xs: -0.00000   Cv*/N_xs:  0.00000         E(kJ/mol): -3.451     P(bar):    -0.073    
Step:  1239999    NAcc:  619999     fAcc:  0.500      Maxd:  0.39587    E*/N:  -3.39206   P*:     nan        P*cold: nan        Mu*_xs: -0.00000   Cv*/N_xs:  0.00000         E(kJ/mol): -3.383     P(bar):    0.150     
Step:  1259999    NAcc:  630001     fAcc:  0.500      Maxd:  0.47209    E*/N:  -3.42437   P*:     nan        P*cold: nan        Mu*_xs: -0.00000   Cv*/N_xs:  0.00000         E(kJ/mol): -3.415     P(bar):    0.140     
Step:  1279999    NAcc:  640002     fAcc:  0.500      Maxd:  0.61118    E*/N:  -3.46651   P*:     nan        P*cold: nan        Mu*_xs: -0.00000   Cv*/N_xs:  0.00000         E(kJ/mol): -3.457     P(bar):    -0.026    
Step:  1299999    NAcc:  650000     fAcc:  0.500      Maxd:  0.33007    E*/N:  -3.51477   P*:     nan        P*cold: nan        Mu*_xs: -0.00000   Cv*/N_xs:  0.00000         E(kJ/mol): -3.506     P(bar):    -0.150    
Step:  1319999    NAcc:  660001     fAcc:  0.500      Maxd:  0.58061    E*/N:  -3.44890   P*:     nan        P*cold: nan        Mu*_xs: -0.00000   Cv*/N_xs:  0.00000         E(kJ/mol): -3.440     P(bar):    -0.068    
Step:  1339999    NAcc:  669998     fAcc:  0.500      Maxd:  0.63987    E*/N:  -3.40434   P*:     nan        P*cold: nan        Mu*_xs: -0.00000   Cv*/N_xs:  0.00000         E(kJ/mol): -3.395     P(bar):    0.025     
Step:  1359999    NAcc:  680000     fAcc:  0.500      Maxd:  0.27632    E*/N:  -3.36842   P*:     nan        P*cold: nan        Mu*_xs: -0.00000   Cv*/N_xs:  0.00000         E(kJ/mol): -3.360     P(bar):    0.113     
Step:  1379999    NAcc:  689998     fAcc:  0.500      Maxd:  0.61723    E*/N:  -3.41099   P*:     nan        P*cold: nan        Mu*_xs: -0.00000   Cv*/N_xs:  0.00000         E(kJ/mol): -3.402     P(bar):    0.079     
Step:  1399999    NAcc:  700000     fAcc:  0.500      Maxd:  1.79703    E*/N:  -3.41629   P*:     nan        P*cold: nan        Mu*_xs: -0.00000   Cv*/N_xs:  0.00000         E(kJ/mol): -3.407     P(bar):    0.070     
Step:  1419999    NAcc:  709998     fAcc:  0.500      Maxd:  0.32332    E*/N:  -3.41157   P*:     nan        P*cold: nan        Mu*_xs: -0.00000   Cv*/N_xs:  0.00000         E(kJ/mol): -3.403     P(bar):    -0.015    
Step:  1439999    NAcc:  720002     fAcc:  0.500      Maxd:  0.59539    E*/N:  -3.38056   P*:     nan        P*cold: nan        Mu*_xs: -0.00000   Cv*/N_xs:  0.00000         E(kJ/mol): -3.372     P(bar):    0.163     
Step:  1459999    NAcc:  730001     fAcc:  0.500      Maxd:  0.41743    E*/N:  -3.34637   P*:     nan        P*cold: nan        Mu*_xs: -0.00000   Cv*/N_xs:  0.00000         E(kJ/mol): -3.338     P(bar):    0.084     
Step:  1479999    NAcc:  739998     fAcc:  0.500      Maxd:  0.31165    E*/N:  -3.36724   P*:     nan        P*cold: nan        Mu*_xs: -0.00000   Cv*/N_xs:  0.00000         E(kJ/mol): -3.358     P(bar):    0.168     
Step:  1499999    NAcc:  749998     fAcc:  0.500      Maxd:  0.27774    E*/N:  -3.39801   P*:     nan        P*cold: nan        Mu*_xs: -0.00000   Cv*/N_xs:  0.00000         E(kJ/mol): -3.389     P(bar):    0.046     
Step:  1519999    NAcc:  759998     fAcc:  0.500      Maxd:  0.30832    E*/N:  -3.39803   P*:     nan        P*cold: nan        Mu*_xs: -0.00000   Cv*/N_xs:  0.00000         E(kJ/mol): -3.389     P(bar):    -0.083    
Step:  1539999    NAcc:  770002     fAcc:  0.500      Maxd:  0.60978    E*/N:  -3.39534   P*:     nan        P*cold: nan        Mu*_xs: -0.00000   Cv*/N_xs:  0.00000         E(kJ/mol): -3.386     P(bar):    0.012     
Step:  1559999    NAcc:  780001     fAcc:  0.500      Maxd:  0.63092    E*/N:  -3.36329   P*:     nan        P*cold: nan        Mu*_xs: -0.00000   Cv*/N_xs:  0.00000         E(kJ/mol): -3.354     P(bar):    0.169     
Step:  1579999    NAcc:  790002     fAcc:  0.500      Maxd:  0.66867    E*/N:  -3.39781   P*:     nan        P*cold: nan        Mu*_xs: -0.00000   Cv*/N_xs:  0.00000         E(kJ/mol): -3.389     P(bar):    0.081     
Step:  1599999    NAcc:  800000     fAcc:  0.500      Maxd:  1.17005    E*/N:  -3.36158   P*:     nan        P*cold: nan        Mu*_xs: -0.00000   Cv*/N_xs:  0.00000         E(kJ/mol): -3.353     P(bar):    0.085     
Step:  1619999    NAcc:  809999     fAcc:  0.500      Maxd:  0.89996    E*/N:  -3.36104   P*:     nan        P*cold: nan        Mu*_xs: -0.00000   Cv*/N_xs:  0.00000         E(kJ/mol): -3.352     P(bar):    0.198     
Step:  1639999    NAcc:  819998     fAcc:  0.500      Maxd:  0.64842    E*/N:  -3.41954   P*:     nan        P*cold: nan        Mu*_xs: -0.00000   Cv*/N_xs:  0.00000         E(kJ/mol): -3.411     P(bar):    -0.019    
Step:  1659999    NAcc:  830000     fAcc:  0.500      Maxd:  0.38621    E*/N:  -3.36026   P*:     nan        P*cold: nan        Mu*_xs: -0.00000   Cv*/N_xs:  0.00000         E(kJ/mol): -3.351     P(bar):    0.069     
Step:  1679999    NAcc:  840001     fAcc:  0.500      Maxd:  0.44326    E*/N:  -3.38865   P*:     nan        P*cold: nan        Mu*_xs: -0.00000   Cv*/N_xs:  0.00000         E(kJ/mol): -3.380     P(bar):    0.085     
Step:  1699999    NAcc:  850001     fAcc:  0.500      Maxd:  1.31499    E*/N:  -3.37980   P*:     nan        P*cold: nan        Mu*_xs: -0.00000   Cv*/N_xs:  0.00000         E(kJ/mol): -3.371     P(bar):    0.009     
Step:  1719999    NAcc:  860002     fAcc:  0.500      Maxd:  0.58518    E*/N:  -3.34065   P*:     nan        P*cold: nan        Mu*_xs: -0.00000   Cv*/N_xs:  0.00000         E(kJ/mol): -3.332     P(bar):    0.045     
Step:  1739999    NAcc:  869999     fAcc:  0.500      Maxd:  0.97442    E*/N:  -3.40682   P*:     nan        P*cold: nan        Mu*_xs: -0.00000   Cv*/N_xs:  0.00000         E(kJ/mol): -3.398     P(bar):    -0.000    
Step:  1759999    NAcc:  879998     fAcc:  0.500      Maxd:  0.65731    E*/N:  -3.32926   P*:     nan        P*cold: nan        Mu*_xs: -0.00000   Cv*/N_xs:  0.00000         E(kJ/mol): -3.321     P(bar):    0.176     
Step:  1779999    NAcc:  890001     fAcc:  0.500      Maxd:  0.56068    E*/N:  -3.35453   P*:     nan        P*cold: nan        Mu*_xs: -0.00000   Cv*/N_xs:  0.00000         E(kJ/mol): -3.346     P(bar):    0.129     
Step:  1799999    NAcc:  899997     fAcc:  0.500      Maxd:  0.27291    E*/N:  -3.40339   P*:     nan        P*cold: nan        Mu*_xs: -0.00000   Cv*/N_xs:  0.00000         E(kJ/mol): -3.394     P(bar):    -0.038    
Step:  1819999    NAcc:  909998     fAcc:  0.500      Maxd:  0.30047    E*/N:  -3.32639   P*:     nan        P*cold: nan        Mu*_xs: -0.00000   Cv*/N_xs:  0.00000         E(kJ/mol): -3.318     P(bar):    0.145     
Step:  1839999    NAcc:  920000     fAcc:  0.500      Maxd:  0.34875    E*/N:  -3.39514   P*:     nan        P*cold: nan        Mu*_xs: -0.00000   Cv*/N_xs:  0.00000         E(kJ/mol): -3.386     P(bar):    -0.022    
Step:  1859999    NAcc:  930000     fAcc:  0.500      Maxd:  3.26029    E*/N:  -3.39886   P*:     nan        P*cold: nan        Mu*_xs: -0.00000   Cv*/N_xs:  0.00000         E(kJ/mol): -3.390     P(bar):    -0.076    
Step:  1879999    NAcc:  939999     fAcc:  0.500      Maxd:  0.45264    E*/N:  -3.29093   P*:     nan        P*cold: nan        Mu*_xs: -0.00000   Cv*/N_xs:  0.00000         E(kJ/mol): -3.282     P(bar):    0.249     
Step:  1899999    NAcc:  950000     fAcc:  0.500      Maxd:  0.28007    E*/N:  -3.41846   P*:     nan        P*cold: nan        Mu*_xs: -0.00000   Cv*/N_xs:  0.00000         E(kJ/mol): -3.410     P(bar):    0.018     
Step:  1919999    NAcc:  960001     fAcc:  0.500      Maxd:  0.41157    E*/N:  -3.35171   P*:     nan        P*cold: nan        Mu*_xs: -0.00000   Cv*/N_xs:  0.00000         E(kJ/mol): -3.343     P(bar):    0.153     
Step:  1939999    NAcc:  970002     fAcc:  0.500      Maxd:  0.84981    E*/N:  -3.33198   P*:     nan        P*cold: nan        Mu*_xs: -0.00000   Cv*/N_xs:  0.00000         E(kJ/mol): -3.323     P(bar):    0.158     
Step:  1959999    NAcc:  979999     fAcc:  0.500      Maxd:  0.29197    E*/N:  -3.36575   P*:     nan        P*cold: nan        Mu*_xs: -0.00000   Cv*/N_xs:  0.00000         E(kJ/mol): -3.357     P(bar):    -0.073    
Step:  1979999    NAcc:  990000     fAcc:  0.500      Maxd:  2.15477    E*/N:  -3.38780   P*:     nan        P*cold: nan        Mu*_xs: -0.00000   Cv*/N_xs:  0.00000         E(kJ/mol): -3.379     P(bar):    0.066     
Step:  1999999    NAcc:  999999     fAcc:  0.500      Maxd:  0.27960    E*/N:  -3.40117   P*:     nan        P*cold: nan        Mu*_xs: -0.00000   Cv*/N_xs:  0.00000         E(kJ/mol): -3.392     P(bar):    0.034     
Step:  2019999    NAcc:  1009999    fAcc:  0.500      Maxd:  1.13353    E*/N:  -3.41064   P*:     0.07052    P*cold: -0.52948   Mu*_xs: -2.81131   Cv*/N_xs:  0.49044         E(kJ/mol): -3.402     P(bar):    -0.015    
Step:  2039999    NAcc:  1020000    fAcc:  0.500      Maxd:  0.30499    E*/N:  -3.36143   P*:     0.10556    P*cold: -0.49444   Mu*_xs: -2.89935   Cv*/N_xs:  0.42668         E(kJ/mol): -3.353     P(bar):    0.165     
Step:  2059999    NAcc:  1029999    fAcc:  0.500      Maxd:  0.31898    E*/N:  -3.37544   P*:     0.10835    P*cold: -0.49165   Mu*_xs: -2.81472   Cv*/N_xs:  0.35912         E(kJ/mol): -3.367     P(bar):    0.135     
Step:  2079999    NAcc:  1039999    fAcc:  0.500      Maxd:  3.72749    E*/N:  -3.35842   P*:     0.09007    P*cold: -0.50993   Mu*_xs: -2.78896   Cv*/N_xs:  0.36090         E(kJ/mol): -3.350     P(bar):    0.041     
Step:  2099999    NAcc:  1050002    fAcc:  0.500      Maxd:  0.57075    E*/N:  -3.36844   P*:     0.08562    P*cold: -0.51438   Mu*_xs: -2.77434   Cv*/N_xs:  0.38910         E(kJ/mol): -3.360     P(bar):    0.074     
Step:  2119999    NAcc:  1059999    fAcc:  0.500      Maxd:  0.83392    E*/N:  -3.41672   P*:     0.07668    P*cold: -0.52332   Mu*_xs: -2.76498   Cv*/N_xs:  0.37460         E(kJ/mol): -3.408     P(bar):    -0.128    
Step:  2139999    NAcc:  1069999    fAcc:  0.500      Maxd:  1.25277    E*/N:  -3.38924   P*:     0.07572    P*cold: -0.52428   Mu*_xs: -2.79095   Cv*/N_xs:  0.37824         E(kJ/mol): -3.380     P(bar):    0.035     
Step:  2159999    NAcc:  1080000    fAcc:  0.500      Maxd:  0.99026    E*/N:  -3.39232   P*:     0.06437    P*cold: -0.53563   Mu*_xs: -2.81008   Cv*/N_xs:  0.42462         E(kJ/mol): -3.383     P(bar):    0.069     
Step:  2179999    NAcc:  1090002    fAcc:  0.500      Maxd:  0.73913    E*/N:  -3.39125   P*:     0.06576    P*cold: -0.53424   Mu*_xs: -2.79477   Cv*/N_xs:  0.47185         E(kJ/mol): -3.382     P(bar):    0.005     
Step:  2199999    NAcc:  1100001    fAcc:  0.500      Maxd:  0.60479    E*/N:  -3.28709   P*:     0.05781    P*cold: -0.54219   Mu*_xs: -2.78998   Cv*/N_xs:  0.47578         E(kJ/mol): -3.278     P(bar):    0.178     
Step:  2219999    NAcc:  1109999    fAcc:  0.500      Maxd:  1.79375    E*/N:  -3.38326   P*:     0.04899    P*cold: -0.55101   Mu*_xs: -2.79260   Cv*/N_xs:  0.45436         E(kJ/mol): -3.374     P(bar):    0.072     
Step:  2239999    NAcc:  1119998    fAcc:  0.500      Maxd:  1.31394    E*/N:  -3.42947   P*:     0.05172    P*cold: -0.54828   Mu*_xs: -2.79019   Cv*/N_xs:  0.47699         E(kJ/mol): -3.420     P(bar):    0.106     
Step:  2259999    NAcc:  1130001    fAcc:  0.500      Maxd:  0.86291    E*/N:  -3.35242   P*:     0.05430    P*cold: -0.54570   Mu*_xs: -2.78196   Cv*/N_xs:  0.48089         E(kJ/mol): -3.344     P(bar):    0.124     
Step:  2279999    NAcc:  1140001    fAcc:  0.500      Maxd:  0.42489    E*/N:  -3.48797   P*:     0.05975    P*cold: -0.54025   Mu*_xs: -2.77389   Cv*/N_xs:  0.57527         E(kJ/mol): -3.479     P(bar):    -0.017    
Step:  2299999    NAcc:  1150000    fAcc:  0.500      Maxd:  0.85648    E*/N:  -3.41145   P*:     0.05546    P*cold: -0.54454   Mu*_xs: -2.77596   Cv*/N_xs:  0.61611         E(kJ/mol): -3.403     P(bar):    -0.016    
Step:  2319999    NAcc:  1160001    fAcc:  0.500      Maxd:  0.47762    E*/N:  -3.32866   P*:     0.05406    P*cold: -0.54594   Mu*_xs: -2.77357   Cv*/N_xs:  0.59116         E(kJ/mol): -3.320     P(bar):    0.150     
Step:  2339999    NAcc:  1170000    fAcc:  0.500      Maxd:  1.24018    E*/N:  -3.38270   P*:     0.05534    P*cold: -0.54466   Mu*_xs: -2.78248   Cv*/N_xs:  0.58274         E(kJ/mol): -3.374     P(bar):    0.090     
Step:  2359999    NAcc:  1179999    fAcc:  0.500      Maxd:  0.28264    E*/N:  -3.37446   P*:     0.05212    P*cold: -0.54788   Mu*_xs: -2.78394   Cv*/N_xs:  0.56021         E(kJ/mol): -3.366     P(bar):    0.068     
Step:  2379999    NAcc:  1189998    fAcc:  0.500      Maxd:  0.39993    E*/N:  -3.35493   P*:     0.05415    P*cold: -0.54585   Mu*_xs: -2.78512   Cv*/N_xs:  0.55767         E(kJ/mol): -3.346     P(bar):    0.080     
Step:  2399999    NAcc:  1200002    fAcc:  0.500      Maxd:  1.98355    E*/N:  -3.33907   P*:     0.05488    P*cold: -0.54512   Mu*_xs: -2.78950   Cv*/N_xs:  0.56067         E(kJ/mol): -3.330     P(bar):    0.017     
Step:  2419999    NAcc:  1209998    fAcc:  0.500      Maxd:  0.83559    E*/N:  -3.44894   P*:     0.05117    P*cold: -0.54883   Mu*_xs: -2.79318   Cv*/N_xs:  0.56660         E(kJ/mol): -3.440     P(bar):    -0.111    
Step:  2439999    NAcc:  1220001    fAcc:  0.500      Maxd:  0.86260    E*/N:  -3.40682   P*:     0.05282    P*cold: -0.54718   Mu*_xs: -2.79245   Cv*/N_xs:  0.57624         E(kJ/mol): -3.398     P(bar):    0.098     
Step:  2459999    NAcc:  1230000    fAcc:  0.500      Maxd:  0.32965    E*/N:  -3.43873   P*:     0.05400    P*cold: -0.54600   Mu*_xs: -2.78830   Cv*/N_xs:  0.58589         E(kJ/mol): -3.430     P(bar):    0.060     
Step:  2479999    NAcc:  1240000    fAcc:  0.500      Maxd:  0.33372    E*/N:  -3.43588   P*:     0.05201    P*cold: -0.54799   Mu*_xs: -2.78823   Cv*/N_xs:  0.62514         E(kJ/mol): -3.427     P(bar):    0.008     
Step:  2499999    NAcc:  1250000    fAcc:  0.500      Maxd:  1.86145    E*/N:  -3.40353   P*:     0.05054    P*cold: -0.54946   Mu*_xs: -2.78589   Cv*/N_xs:  0.62095         E(kJ/mol): -3.395     P(bar):    -0.012    
Step:  2519999    NAcc:  1260000    fAcc:  0.500      Maxd:  0.30109    E*/N:  -3.36341   P*:     0.05344    P*cold: -0.54656   Mu*_xs: -2.78661   Cv*/N_xs:  0.60691         E(kJ/mol): -3.355     P(bar):    0.124     
Step:  2539999    NAcc:  1269997    fAcc:  0.500      Maxd:  0.40676    E*/N:  -3.42760   P*:     0.05539    P*cold: -0.54461   Mu*_xs: -2.78589   Cv*/N_xs:  0.60782         E(kJ/mol): -3.419     P(bar):    0.008     
Step:  2559999    NAcc:  1280002    fAcc:  0.500      Maxd:  0.85602    E*/N:  -3.38517   P*:     0.05137    P*cold: -0.54863   Mu*_xs: -2.78404   Cv*/N_xs:  0.59520         E(kJ/mol): -3.376     P(bar):    -0.026    
Step:  2579999    NAcc:  1290001    fAcc:  0.500      Maxd:  0.44481    E*/N:  -3.35479   P*:     0.04904    P*cold: -0.55096   Mu*_xs: -2.78842   Cv*/N_xs:  0.59446         E(kJ/mol): -3.346     P(bar):    0.065     
Step:  2599999    NAcc:  1299999    fAcc:  0.500      Maxd:  0.30521    E*/N:  -3.41371   P*:     0.04983    P*cold: -0.55017   Mu*_xs: -2.79003   Cv*/N_xs:  0.60082         E(kJ/mol): -3.405     P(bar):    0.035     
Step:  2619999    NAcc:  1309999    fAcc:  0.500      Maxd:  2.00388    E*/N:  -3.34569   P*:     0.05096    P*cold: -0.54904   Mu*_xs: -2.79499   Cv*/N_xs:  0.59237         E(kJ/mol): -3.337     P(bar):    0.132     
Step:  2639999    NAcc:  1320001    fAcc:  0.500      Maxd:  0.66110    E*/N:  -3.45222   P*:     0.05185    P*cold: -0.54815   Mu*_xs: -2.79401   Cv*/N_xs:  0.58334         E(kJ/mol): -3.443     P(bar):    -0.083    
Step:  2659999    NAcc:  1330002    fAcc:  0.500      Maxd:  1.87292    E*/N:  -3.41048   P*:     0.05271    P*cold: -0.54729   Mu*_xs: -2.79584   Cv*/N_xs:  0.58331         E(kJ/mol): -3.402     P(bar):    0.037     
Step:  2679999    NAcc:  1340001    fAcc:  0.500      Maxd:  1.21623    E*/N:  -3.29833   P*:     0.05172    P*cold: -0.54828   Mu*_xs: -2.79629   Cv*/N_xs:  0.58378         E(kJ/mol): -3.290     P(bar):    0.153     
Step:  2699999    NAcc:  1350000    fAcc:  0.500      Maxd:  0.39804    E*/N:  -3.33590   P*:     0.05232    P*cold: -0.54768   Mu*_xs: -2.80239   Cv*/N_xs:  0.59312         E(kJ/mol): -3.327     P(bar):    0.123     
Step:  2719999    NAcc:  1360000    fAcc:  0.500      Maxd:  0.32407    E*/N:  -3.36505   P*:     0.05430    P*cold: -0.54570   Mu*_xs: -2.80316   Cv*/N_xs:  0.62212         E(kJ/mol): -3.356     P(bar):    0.158     
Step:  2739999    NAcc:  1370002    fAcc:  0.500      Maxd:  0.60174    E*/N:  -3.35630   P*:     0.05636    P*cold: -0.54364   Mu*_xs: -2.80902   Cv*/N_xs:  0.63599         E(kJ/mol): -3.348     P(bar):    0.088     
Step:  2759999    NAcc:  1379999    fAcc:  0.500      Maxd:  0.33105    E*/N:  -3.33569   P*:     0.05624    P*cold: -0.54376   Mu*_xs: -2.80943   Cv*/N_xs:  0.65182         E(kJ/mol): -3.327     P(bar):    0.081     
Step:  2779999    NAcc:  1389999    fAcc:  0.500      Maxd:  0.31663    E*/N:  -3.35952   P*:     0.05890    P*cold: -0.54110   Mu*_xs: -2.81009   Cv*/N_xs:  0.66121         E(kJ/mol): -3.351     P(bar):    0.117     
Step:  2799999    NAcc:  1400001    fAcc:  0.500      Maxd:  5.97696    E*/N:  -3.41369   P*:     0.05879    P*cold: -0.54121   Mu*_xs: -2.81017   Cv*/N_xs:  0.65192         E(kJ/mol): -3.405     P(bar):    0.010     
Step:  2819999    NAcc:  1410000    fAcc:  0.500      Maxd:  1.97779    E*/N:  -3.35151   P*:     0.06020    P*cold: -0.53980   Mu*_xs: -2.80886   Cv*/N_xs:  0.64335         E(kJ/mol): -3.343     P(bar):    0.114     
Step:  2839999    NAcc:  1420001    fAcc:  0.500      Maxd:  1.70060    E*/N:  -3.42126   P*:     0.06269    P*cold: -0.53731   Mu*_xs: -2.81096   Cv*/N_xs:  0.65069         E(kJ/mol): -3.412     P(bar):    0.080     
Step:  2859999    NAcc:  1430000    fAcc:  0.500      Maxd:  0.46906    E*/N:  -3.39340   P*:     0.06450    P*cold: -0.53550   Mu*_xs: -2.81098   Cv*/N_xs:  0.64522         E(kJ/mol): -3.385     P(bar):    0.115     
Step:  2879999    NAcc:  1439999    fAcc:  0.500      Maxd:  1.84671    E*/N:  -3.40731   P*:     0.06480    P*cold: -0.53520   Mu*_xs: -2.80952   Cv*/N_xs:  0.64196         E(kJ/mol): -3.398     P(bar):    0.043     
Step:  2899999    NAcc:  1450001    fAcc:  0.500      Maxd:  1.17395    E*/N:  -3.41935   P*:     0.06604    P*cold: -0.53396   Mu*_xs: -2.81401   Cv*/N_xs:  0.63320         E(kJ/mol): -3.410     P(bar):    0.074     
Step:  2919999    NAcc:  1460000    fAcc:  0.500      Maxd:  0.28016    E*/N:  -3.37016   P*:     0.06651    P*cold: -0.53349   Mu*_xs: -2.81424   Cv*/N_xs:  0.62409         E(kJ/mol): -3.361     P(bar):    0.058     
Step:  2939999    NAcc:  1469997    fAcc:  0.500      Maxd:  0.30294    E*/N:  -3.34837   P*:     0.06722    P*cold: -0.53278   Mu*_xs: -2.81327   Cv*/N_xs:  0.62264         E(kJ/mol): -3.340     P(bar):    0.313     
Step:  2959999    NAcc:  1480001    fAcc:  0.500      Maxd:  0.46245    E*/N:  -3.33679   P*:     0.06813    P*cold: -0.53187   Mu*_xs: -2.81631   Cv*/N_xs:  0.62049         E(kJ/mol): -3.328     P(bar):    0.068     
Step:  2979999    NAcc:  1490001    fAcc:  0.500      Maxd:  0.45934    E*/N:  -3.34114   P*:     0.06726    P*cold: -0.53274   Mu*_xs: -2.81554   Cv*/N_xs:  0.62097         E(kJ/mol): -3.332     P(bar):    0.071     
Step:  2999999    NAcc:  1500001    fAcc:  0.500      Maxd:  0.67875    E*/N:  -3.34051   P*:     0.06692    P*cold: -0.53308   Mu*_xs: -2.81811   Cv*/N_xs:  0.61979         E(kJ/mol): -3.332     P(bar):    0.120     
Step:  3019999    NAcc:  1510000    fAcc:  0.500      Maxd:  0.29724    E*/N:  -3.40412   P*:     0.06643    P*cold: -0.53357   Mu*_xs: -2.81801   Cv*/N_xs:  0.61760         E(kJ/mol): -3.395     P(bar):    -0.046    
Step:  3039999    NAcc:  1519999    fAcc:  0.500      Maxd:  0.33547    E*/N:  -3.35444   P*:     0.06648    P*cold: -0.53352   Mu*_xs: -2.81852   Cv*/N_xs:  0.62018         E(kJ/mol): -3.346     P(bar):    0.146     
Step:  3059999    NAcc:  1529999    fAcc:  0.500      Maxd:  0.29644    E*/N:  -3.42486   P*:     0.06556    P*cold: -0.53444   Mu*_xs: -2.81709   Cv*/N_xs:  0.61533         E(kJ/mol): -3.416     P(bar):    -0.091    
Step:  3079999    NAcc:  1540002    fAcc:  0.500      Maxd:  1.71677    E*/N:  -3.36459   P*:     0.06485    P*cold: -0.53515   Mu*_xs: -2.81619   Cv*/N_xs:  0.61181         E(kJ/mol): -3.356     P(bar):    0.020     
Step:  3099999    NAcc:  1550000    fAcc:  0.500      Maxd:  5.02213    E*/N:  -3.38961   P*:     0.06423    P*cold: -0.53577   Mu*_xs: -2.81681   Cv*/N_xs:  0.61140         E(kJ/mol): -3.381     P(bar):    -0.014    
Step:  3119999    NAcc:  1560000    fAcc:  0.500      Maxd:  0.33332    E*/N:  -3.36552   P*:     0.06275    P*cold: -0.53725   Mu*_xs: -2.81608   Cv*/N_xs:  0.60515         E(kJ/mol): -3.357     P(bar):    0.148     
Step:  3139999    NAcc:  1569999    fAcc:  0.500      Maxd:  0.28581    E*/N:  -3.42449   P*:     0.06213    P*cold: -0.53787   Mu*_xs: -2.81626   Cv*/N_xs:  0.60992         E(kJ/mol): -3.416     P(bar):    -0.013    
Step:  3159999    NAcc:  1579997    fAcc:  0.500      Maxd:  0.66704    E*/N:  -3.38103   P*:     0.06124    P*cold: -0.53876   Mu*_xs: -2.81668   Cv*/N_xs:  0.61673         E(kJ/mol): -3.372     P(bar):    0.195     
Step:  3179999    NAcc:  1590003    fAcc:  0.500      Maxd:  1.29827    E*/N:  -3.37389   P*:     0.06224    P*cold: -0.53776   Mu*_xs: -2.81831   Cv*/N_xs:  0.61572         E(kJ/mol): -3.365     P(bar):    0.048     
Step:  3199999    NAcc:  1600000    fAcc:  0.500      Maxd:  0.65301    E*/N:  -3.43219   P*:     0.06071    P*cold: -0.53929   Mu*_xs: -2.81661   Cv*/N_xs:  0.61257         E(kJ/mol): -3.423     P(bar):    -0.148    
Step:  3219999    NAcc:  1610001    fAcc:  0.500      Maxd:  1.85884    E*/N:  -3.37468   P*:     0.06037    P*cold: -0.53963   Mu*_xs: -2.81484   Cv*/N_xs:  0.61089         E(kJ/mol): -3.366     P(bar):    0.196     
Step:  3239999    NAcc:  1620002    fAcc:  0.500      Maxd:  0.61663    E*/N:  -3.39119   P*:     0.06176    P*cold: -0.53824   Mu*_xs: -2.81423   Cv*/N_xs:  0.60603         E(kJ/mol): -3.382     P(bar):    0.046     
Step:  3259999    NAcc:  1629999    fAcc:  0.500      Maxd:  0.33202    E*/N:  -3.37288   P*:     0.06157    P*cold: -0.53843   Mu*_xs: -2.81538   Cv*/N_xs:  0.60256         E(kJ/mol): -3.364     P(bar):    0.121     
Step:  3279999    NAcc:  1639998    fAcc:  0.500      Maxd:  0.27941    E*/N:  -3.42614   P*:     0.06227    P*cold: -0.53773   Mu*_xs: -2.81534   Cv*/N_xs:  0.60121         E(kJ/mol): -3.417     P(bar):    -0.066    
Step:  3299999    NAcc:  1650001    fAcc:  0.500      Maxd:  1.77080    E*/N:  -3.39282   P*:     0.06193    P*cold: -0.53807   Mu*_xs: -2.81531   Cv*/N_xs:  0.59629         E(kJ/mol): -3.384     P(bar):    0.130     
Step:  3319999    NAcc:  1659999    fAcc:  0.500      Maxd:  0.51428    E*/N:  -3.48037   P*:     0.06165    P*cold: -0.53835   Mu*_xs: -2.81313   Cv*/N_xs:  0.61215         E(kJ/mol): -3.471     P(bar):    0.060     
Step:  3339999    NAcc:  1670000    fAcc:  0.500      Maxd:  0.29252    E*/N:  -3.40863   P*:     0.06288    P*cold: -0.53712   Mu*_xs: -2.81515   Cv*/N_xs:  0.62819         E(kJ/mol): -3.400     P(bar):    0.087     
Step:  3359999    NAcc:  1680000    fAcc:  0.500      Maxd:  0.35350    E*/N:  -3.37478   P*:     0.06376    P*cold: -0.53624   Mu*_xs: -2.81526   Cv*/N_xs:  0.62770         E(kJ/mol): -3.366     P(bar):    0.109     
Step:  3379999    NAcc:  1690002    fAcc:  0.500      Maxd:  0.73616    E*/N:  -3.45006   P*:     0.06410    P*cold: -0.53590   Mu*_xs: -2.81415   Cv*/N_xs:  0.62418         E(kJ/mol): -3.441     P(bar):    -0.005    
Step:  3399999    NAcc:  1700000    fAcc:  0.500      Maxd:  1.22613    E*/N:  -3.28729   P*:     0.06377    P*cold: -0.53623   Mu*_xs: -2.81263   Cv*/N_xs:  0.62926         E(kJ/mol): -3.279     P(bar):    0.215     
Step:  3419999    NAcc:  1710001    fAcc:  0.500      Maxd:  1.23416    E*/N:  -3.38264   P*:     0.06441    P*cold: -0.53559   Mu*_xs: -2.81221   Cv*/N_xs:  0.62818         E(kJ/mol): -3.374     P(bar):    -0.047    
Step:  3439999    NAcc:  1719999    fAcc:  0.500      Maxd:  1.79467    E*/N:  -3.33668   P*:     0.06381    P*cold: -0.53619   Mu*_xs: -2.81116   Cv*/N_xs:  0.62539         E(kJ/mol): -3.328     P(bar):    0.107     
Step:  3459999    NAcc:  1730000    fAcc:  0.500      Maxd:  0.32976    E*/N:  -3.36884   P*:     0.06373    P*cold: -0.53627   Mu*_xs: -2.81094   Cv*/N_xs:  0.62076         E(kJ/mol): -3.360     P(bar):    0.082     
Step:  3479999    NAcc:  1739998    fAcc:  0.500      Maxd:  0.41293    E*/N:  -3.34283   P*:     0.06420    P*cold: -0.53580   Mu*_xs: -2.81161   Cv*/N_xs:  0.61820         E(kJ/mol): -3.334     P(bar):    0.101     
Step:  3499999    NAcc:  1750001    fAcc:  0.500      Maxd:  0.94577    E*/N:  -3.41906   P*:     0.06369    P*cold: -0.53631   Mu*_xs: -2.81268   Cv*/N_xs:  0.61491         E(kJ/mol): -3.410     P(bar):    0.090     
Step:  3519999    NAcc:  1760000    fAcc:  0.500      Maxd:  0.78284    E*/N:  -3.33263   P*:     0.06416    P*cold: -0.53584   Mu*_xs: -2.81353   Cv*/N_xs:  0.61078         E(kJ/mol): -3.324     P(bar):    0.179     
Step:  3539999    NAcc:  1769998    fAcc:  0.500      Maxd:  0.31077    E*/N:  -3.38442   P*:     0.06358    P*cold: -0.53642   Mu*_xs: -2.81093   Cv*/N_xs:  0.60824         E(kJ/mol): -3.376     P(bar):    0.064     
Step:  3559999    NAcc:  1780001    fAcc:  0.500      Maxd:  2.51624    E*/N:  -3.34348   P*:     0.06361    P*cold: -0.53639   Mu*_xs: -2.81076   Cv*/N_xs:  0.60594         E(kJ/mol): -3.335     P(bar):    0.135     
Step:  3579999    NAcc:  1790000    fAcc:  0.500      Maxd:  0.63786    E*/N:  -3.39790   P*:     0.06301    P*cold: -0.53699   Mu*_xs: -2.80924   Cv*/N_xs:  0.60366         E(kJ/mol): -3.389     P(bar):    -0.061    
Step:  3599999    NAcc:  1800001    fAcc:  0.500      Maxd:  0.45477    E*/N:  -3.37468   P*:     0.06340    P*cold: -0.53660   Mu*_xs: -2.80981   Cv*/N_xs:  0.60146         E(kJ/mol): -3.366     P(bar):    0.046     
Step:  3619999    NAcc:  1810001    fAcc:  0.500      Maxd:  0.63136    E*/N:  -3.36046   P*:     0.06334    P*cold: -0.53666   Mu*_xs: -2.80998   Cv*/N_xs:  0.59897         E(kJ/mol): -3.352     P(bar):    0.195     
Step:  3639999    NAcc:  1819998    fAcc:  0.500      Maxd:  1.03227    E*/N:  -3.39280   P*:     0.06382    P*cold: -0.53618   Mu*_xs: -2.81090   Cv*/N_xs:  0.59665         E(kJ/mol): -3.384     P(bar):    -0.002    
Step:  3659999    NAcc:  1830001    fAcc:  0.500      Maxd:  2.82866    E*/N:  -3.37391   P*:     0.06337    P*cold: -0.53663   Mu*_xs: -2.81156   Cv*/N_xs:  0.59328         E(kJ/mol): -3.365     P(bar):    0.065     
Step:  3679999    NAcc:  1840000    fAcc:  0.500      Maxd:  1.84793    E*/N:  -3.35578   P*:     0.06428    P*cold: -0.53572   Mu*_xs: -2.81278   Cv*/N_xs:  0.59260         E(kJ/mol): -3.347     P(bar):    0.115     
Step:  3699999    NAcc:  1850001    fAcc:  0.500      Maxd:  0.47757    E*/N:  -3.36706   P*:     0.06563    P*cold: -0.53437   Mu*_xs: -2.81232   Cv*/N_xs:  0.59152         E(kJ/mol): -3.358     P(bar):    0.174     
Step:  3719999    NAcc:  1860002    fAcc:  0.500      Maxd:  0.94688    E*/N:  -3.42606   P*:     0.06642    P*cold: -0.53358   Mu*_xs: -2.81179   Cv*/N_xs:  0.59410         E(kJ/mol): -3.417     P(bar):    0.092     
Step:  3739999    NAcc:  1869998    fAcc:  0.500      Maxd:  2.67586    E*/N:  -3.40277   P*:     0.06691    P*cold: -0.53309   Mu*_xs: -2.81235   Cv*/N_xs:  0.59183         E(kJ/mol): -3.394     P(bar):    0.030     
Step:  3759999    NAcc:  1880001    fAcc:  0.500      Maxd:  1.39081    E*/N:  -3.41279   P*:     0.06675    P*cold: -0.53325   Mu*_xs: -2.81165   Cv*/N_xs:  0.58854         E(kJ/mol): -3.404     P(bar):    0.071     
Step:  3779999    NAcc:  1889998    fAcc:  0.500      Maxd:  0.27743    E*/N:  -3.43250   P*:     0.06624    P*cold: -0.53376   Mu*_xs: -2.81181   Cv*/N_xs:  0.60447         E(kJ/mol): -3.424     P(bar):    0.007     
Step:  3799999    NAcc:  1899999    fAcc:  0.500      Maxd:  1.25167    E*/N:  -3.38965   P*:     0.06560    P*cold: -0.53440   Mu*_xs: -2.81210   Cv*/N_xs:  0.60281         E(kJ/mol): -3.381     P(bar):    -0.056    
Step:  3819999    NAcc:  1910000    fAcc:  0.500      Maxd:  0.87710    E*/N:  -3.28461   P*:     0.06558    P*cold: -0.53442   Mu*_xs: -2.81351   Cv*/N_xs:  0.61164         E(kJ/mol): -3.276     P(bar):    0.213     
Step:  3839999    NAcc:  1919998    fAcc:  0.500      Maxd:  0.59360    E*/N:  -3.42736   P*:     0.06632    P*cold: -0.53368   Mu*_xs: -2.81363   Cv*/N_xs:  0.61592         E(kJ/mol): -3.418     P(bar):    -0.009    
Step:  3859999    NAcc:  1929999    fAcc:  0.500      Maxd:  0.33294    E*/N:  -3.36868   P*:     0.06585    P*cold: -0.53415   Mu*_xs: -2.81408   Cv*/N_xs:  0.61459         E(kJ/mol): -3.360     P(bar):    0.017     
Step:  3879999    NAcc:  1940001    fAcc:  0.500      Maxd:  4.31557    E*/N:  -3.34658   P*:     0.06542    P*cold: -0.53458   Mu*_xs: -2.81485   Cv*/N_xs:  0.62172         E(kJ/mol): -3.338     P(bar):    0.239     
Step:  3899999    NAcc:  1949996    fAcc:  0.500      Maxd:  0.43017    E*/N:  -3.39745   P*:     0.06623    P*cold: -0.53377   Mu*_xs: -2.81585   Cv*/N_xs:  0.62227         E(kJ/mol): -3.389     P(bar):    0.089     
Step:  3919999    NAcc:  1960002    fAcc:  0.500      Maxd:  0.70332    E*/N:  -3.37811   P*:     0.06658    P*cold: -0.53342   Mu*_xs: -2.81628   Cv*/N_xs:  0.61981         E(kJ/mol): -3.369     P(bar):    0.198     
Step:  3939999    NAcc:  1970001    fAcc:  0.500      Maxd:  0.42943    E*/N:  -3.38634   P*:     0.06635    P*cold: -0.53365   Mu*_xs: -2.81669   Cv*/N_xs:  0.62035         E(kJ/mol): -3.377     P(bar):    0.100     
Step:  3959999    NAcc:  1980001    fAcc:  0.500      Maxd:  3.79361    E*/N:  -3.40189   P*:     0.06610    P*cold: -0.53390   Mu*_xs: -2.81540   Cv*/N_xs:  0.62123         E(kJ/mol): -3.393     P(bar):    0.099     
Step:  3979999    NAcc:  1990000    fAcc:  0.500      Maxd:  0.28408    E*/N:  -3.38654   P*:     0.06636    P*cold: -0.53364   Mu*_xs: -2.81435   Cv*/N_xs:  0.61930         E(kJ/mol): -3.378     P(bar):    0.082     
Step:  3999999    NAcc:  2000001    fAcc:  0.500      Maxd:  1.77626    E*/N:  -3.41651   P*:     0.06693    P*cold: -0.53307   Mu*_xs: -2.81375   Cv*/N_xs:  0.62079         E(kJ/mol): -3.408     P(bar):    0.184     
Step:  4019999    NAcc:  2009999    fAcc:  0.500      Maxd:  2.16491    E*/N:  -3.36844   P*:     0.06811    P*cold: -0.53189   Mu*_xs: -2.81301   Cv*/N_xs:  0.62050         E(kJ/mol): -3.360     P(bar):    0.285     
Step:  4039999    NAcc:  2020001    fAcc:  0.500      Maxd:  3.76734    E*/N:  -3.33555   P*:     0.06847    P*cold: -0.53153   Mu*_xs: -2.81203   Cv*/N_xs:  0.61789         E(kJ/mol): -3.327     P(bar):    0.178     
Step:  4059999    NAcc:  2030000    fAcc:  0.500      Maxd:  2.27504    E*/N:  -3.41302   P*:     0.06930    P*cold: -0.53070   Mu*_xs: -2.81263   Cv*/N_xs:  0.61681         E(kJ/mol): -3.404     P(bar):    0.003     
Step:  4079999    NAcc:  2039998    fAcc:  0.500      Maxd:  0.28177    E*/N:  -3.37378   P*:     0.06919    P*cold: -0.53081   Mu*_xs: -2.81264   Cv*/N_xs:  0.61373         E(kJ/mol): -3.365     P(bar):    0.136     
Step:  4099999    NAcc:  2050001    fAcc:  0.500      Maxd:  0.40514    E*/N:  -3.37552   P*:     0.06941    P*cold: -0.53059   Mu*_xs: -2.81303   Cv*/N_xs:  0.61849         E(kJ/mol): -3.367     P(bar):    0.028     
Step:  4119999    NAcc:  2060001    fAcc:  0.500      Maxd:  0.99835    E*/N:  -3.40529   P*:     0.06968    P*cold: -0.53032   Mu*_xs: -2.81247   Cv*/N_xs:  0.61475         E(kJ/mol): -3.396     P(bar):    0.070     
Step:  4139999    NAcc:  2069999    fAcc:  0.500      Maxd:  0.30112    E*/N:  -3.40618   P*:     0.06911    P*cold: -0.53089   Mu*_xs: -2.81198   Cv*/N_xs:  0.61074         E(kJ/mol): -3.397     P(bar):    -0.004    
Step:  4159999    NAcc:  2079999    fAcc:  0.500      Maxd:  0.32904    E*/N:  -3.41260   P*:     0.06923    P*cold: -0.53077   Mu*_xs: -2.81064   Cv*/N_xs:  0.61305         E(kJ/mol): -3.404     P(bar):    -0.038    
Step:  4179999    NAcc:  2089999    fAcc:  0.500      Maxd:  0.72566    E*/N:  -3.39172   P*:     0.06931    P*cold: -0.53069   Mu*_xs: -2.81044   Cv*/N_xs:  0.61646         E(kJ/mol): -3.383     P(bar):    0.140     
Step:  4199999    NAcc:  2100002    fAcc:  0.500      Maxd:  1.16963    E*/N:  -3.44477   P*:     0.06867    P*cold: -0.53133   Mu*_xs: -2.80986   Cv*/N_xs:  0.61482         E(kJ/mol): -3.436     P(bar):    -0.072    
Step:  4219999    NAcc:  2110000    fAcc:  0.500      Maxd:  0.41307    E*/N:  -3.45010   P*:     0.06861    P*cold: -0.53139   Mu*_xs: -2.81168   Cv*/N_xs:  0.61593         E(kJ/mol): -3.441     P(bar):    0.001     
Step:  4239999    NAcc:  2120001    fAcc:  0.500      Maxd:  0.58920    E*/N:  -3.30608   P*:     0.06769    P*cold: -0.53231   Mu*_xs: -2.81236   Cv*/N_xs:  0.61763         E(kJ/mol): -3.297     P(bar):    0.153     
Step:  4259999    NAcc:  2130001    fAcc:  0.500      Maxd:  2.97021    E*/N:  -3.39952   P*:     0.06776    P*cold: -0.53224   Mu*_xs: -2.81199   Cv*/N_xs:  0.61678         E(kJ/mol): -3.391     P(bar):    0.026     
Step:  4279999    NAcc:  2140002    fAcc:  0.500      Maxd:  0.89340    E*/N:  -3.36480   P*:     0.06863    P*cold: -0.53137   Mu*_xs: -2.81276   Cv*/N_xs:  0.61745         E(kJ/mol): -3.356     P(bar):    0.115     
Step:  4299999    NAcc:  2149998    fAcc:  0.500      Maxd:  0.52934    E*/N:  -3.33619   P*:     0.06880    P*cold: -0.53120   Mu*_xs: -2.81197   Cv*/N_xs:  0.61493         E(kJ/mol): -3.327     P(bar):    0.213     
Step:  4319999    NAcc:  2160002    fAcc:  0.500      Maxd:  2.49334    E*/N:  -3.40540   P*:     0.06931    P*cold: -0.53069   Mu*_xs: -2.81304   Cv*/N_xs:  0.61475         E(kJ/mol): -3.396     P(bar):    0.066     
Step:  4339999    NAcc:  2170000    fAcc:  0.500      Maxd:  1.07160    E*/N:  -3.47447   P*:     0.06903    P*cold: -0.53097   Mu*_xs: -2.81227   Cv*/N_xs:  0.61838         E(kJ/mol): -3.465     P(bar):    -0.028    
Step:  4359999    NAcc:  2180000    fAcc:  0.500      Maxd:  0.28212    E*/N:  -3.40700   P*:     0.06898    P*cold: -0.53102   Mu*_xs: -2.81156   Cv*/N_xs:  0.62051         E(kJ/mol): -3.398     P(bar):    0.053     
Step:  4379999    NAcc:  2190000    fAcc:  0.500      Maxd:  0.40140    E*/N:  -3.43782   P*:     0.06918    P*cold: -0.53082   Mu*_xs: -2.81261   Cv*/N_xs:  0.62570         E(kJ/mol): -3.429     P(bar):    0.049     
Step:  4399999    NAcc:  2200002    fAcc:  0.500      Maxd:  0.65793    E*/N:  -3.45126   P*:     0.06859    P*cold: -0.53141   Mu*_xs: -2.81162   Cv*/N_xs:  0.63428         E(kJ/mol): -3.442     P(bar):    -0.022    
Step:  4419999    NAcc:  2210001    fAcc:  0.500      Maxd:  1.34766    E*/N:  -3.42757   P*:     0.06913    P*cold: -0.53087   Mu*_xs: -2.81133   Cv*/N_xs:  0.63241         E(kJ/mol): -3.419     P(bar):    0.157     
Step:  4439999    NAcc:  2220002    fAcc:  0.500      Maxd:  2.05162    E*/N:  -3.42524   P*:     0.06871    P*cold: -0.53129   Mu*_xs: -2.81112   Cv*/N_xs:  0.64145         E(kJ/mol): -3.416     P(bar):    -0.005    
Step:  4459999    NAcc:  2230000    fAcc:  0.500      Maxd:  2.47869    E*/N:  -3.47853   P*:     0.06789    P*cold: -0.53211   Mu*_xs: -2.80976   Cv*/N_xs:  0.64397         E(kJ/mol): -3.469     P(bar):    -0.077    
Step:  4479999    NAcc:  2239998    fAcc:  0.500      Maxd:  0.71412    E*/N:  -3.35060   P*:     0.06813    P*cold: -0.53187   Mu*_xs: -2.80974   Cv*/N_xs:  0.64624         E(kJ/mol): -3.342     P(bar):    0.252     
Step:  4499999    NAcc:  2250000    fAcc:  0.500      Maxd:  0.28901    E*/N:  -3.39411   P*:     0.06819    P*cold: -0.53181   Mu*_xs: -2.80995   Cv*/N_xs:  0.64580         E(kJ/mol): -3.385     P(bar):    0.043     
Step:  4519999    NAcc:  2260000    fAcc:  0.500      Maxd:  0.43396    E*/N:  -3.42747   P*:     0.06806    P*cold: -0.53194   Mu*_xs: -2.80971   Cv*/N_xs:  0.64333         E(kJ/mol): -3.418     P(bar):    0.010     
Step:  4539999    NAcc:  2269998    fAcc:  0.500      Maxd:  0.61714    E*/N:  -3.34985   P*:     0.06803    P*cold: -0.53197   Mu*_xs: -2.80926   Cv*/N_xs:  0.64493         E(kJ/mol): -3.341     P(bar):    0.152     
Step:  4559999    NAcc:  2279999    fAcc:  0.500      Maxd:  0.31385    E*/N:  -3.41352   P*:     0.06761    P*cold: -0.53239   Mu*_xs: -2.80857   Cv*/N_xs:  0.64447         E(kJ/mol): -3.405     P(bar):    -0.009    
Step:  4579999    NAcc:  2290000    fAcc:  0.500      Maxd:  0.46761    E*/N:  -3.31633   P*:     0.06797    P*cold: -0.53203   Mu*_xs: -2.80865   Cv*/N_xs:  0.65058         E(kJ/mol): -3.308     P(bar):    0.198     
Step:  4599999    NAcc:  2300000    fAcc:  0.500      Maxd:  0.33784    E*/N:  -3.36046   P*:     0.06834    P*cold: -0.53166   Mu*_xs: -2.80811   Cv*/N_xs:  0.65653         E(kJ/mol): -3.352     P(bar):    0.062     
Step:  4619999    NAcc:  2309998    fAcc:  0.500      Maxd:  1.53114    E*/N:  -3.39459   P*:     0.06757    P*cold: -0.53243   Mu*_xs: -2.80765   Cv*/N_xs:  0.65449         E(kJ/mol): -3.386     P(bar):    -0.055    
Step:  4639999    NAcc:  2320000    fAcc:  0.500      Maxd:  0.33149    E*/N:  -3.39502   P*:     0.06796    P*cold: -0.53204   Mu*_xs: -2.80802   Cv*/N_xs:  0.66039         E(kJ/mol): -3.386     P(bar):    0.009     
Step:  4659999    NAcc:  2329999    fAcc:  0.500      Maxd:  0.28488    E*/N:  -3.43135   P*:     0.06748    P*cold: -0.53252   Mu*_xs: -2.80759   Cv*/N_xs:  0.65911         E(kJ/mol): -3.422     P(bar):    -0.020    
Step:  4679999    NAcc:  2340001    fAcc:  0.500      Maxd:  0.65940    E*/N:  -3.40412   P*:     0.06723    P*cold: -0.53277   Mu*_xs: -2.80718   Cv*/N_xs:  0.65614         E(kJ/mol): -3.395     P(bar):    -0.037    
Step:  4699999    NAcc:  2350000    fAcc:  0.500      Maxd:  0.72816    E*/N:  -3.40893   P*:     0.06709    P*cold: -0.53291   Mu*_xs: -2.80623   Cv*/N_xs:  0.65441         E(kJ/mol): -3.400     P(bar):    0.032     
Step:  4719999    NAcc:  2360000    fAcc:  0.500      Maxd:  0.28128    E*/N:  -3.33457   P*:     0.06665    P*cold: -0.53335   Mu*_xs: -2.80589   Cv*/N_xs:  0.65319         E(kJ/mol): -3.326     P(bar):    0.078     
Step:  4739999    NAcc:  2369999    fAcc:  0.500      Maxd:  0.28705    E*/N:  -3.38973   P*:     0.06634    P*cold: -0.53366   Mu*_xs: -2.80602   Cv*/N_xs:  0.65314         E(kJ/mol): -3.381     P(bar):    0.149     
Step:  4759999    NAcc:  2379999    fAcc:  0.500      Maxd:  0.29140    E*/N:  -3.43755   P*:     0.06653    P*cold: -0.53347   Mu*_xs: -2.80683   Cv*/N_xs:  0.65256         E(kJ/mol): -3.429     P(bar):    0.120     
Step:  4779999    NAcc:  2390001    fAcc:  0.500      Maxd:  0.60867    E*/N:  -3.40934   P*:     0.06671    P*cold: -0.53329   Mu*_xs: -2.80680   Cv*/N_xs:  0.65222         E(kJ/mol): -3.400     P(bar):    0.034     
Step:  4799999    NAcc:  2400001    fAcc:  0.500      Maxd:  0.60944    E*/N:  -3.41870   P*:     0.06667    P*cold: -0.53333   Mu*_xs: -2.80633   Cv*/N_xs:  0.65093         E(kJ/mol): -3.410     P(bar):    0.055     
Step:  4819999    NAcc:  2410002    fAcc:  0.500      Maxd:  2.76550    E*/N:  -3.42023   P*:     0.06708    P*cold: -0.53292   Mu*_xs: -2.80605   Cv*/N_xs:  0.65756         E(kJ/mol): -3.411     P(bar):    0.119     
Step:  4839999    NAcc:  2420001    fAcc:  0.500      Maxd:  0.42975    E*/N:  -3.38058   P*:     0.06746    P*cold: -0.53254   Mu*_xs: -2.80586   Cv*/N_xs:  0.65963         E(kJ/mol): -3.372     P(bar):    0.200     
Step:  4859999    NAcc:  2430000    fAcc:  0.500      Maxd:  0.56677    E*/N:  -3.39590   P*:     0.06789    P*cold: -0.53211   Mu*_xs: -2.80539   Cv*/N_xs:  0.65939         E(kJ/mol): -3.387     P(bar):    0.150     
Step:  4879999    NAcc:  2440000    fAcc:  0.500      Maxd:  0.27217    E*/N:  -3.40579   P*:     0.06746    P*cold: -0.53254   Mu*_xs: -2.80513   Cv*/N_xs:  0.66250         E(kJ/mol): -3.397     P(bar):    0.107     
Step:  4899999    NAcc:  2450000    fAcc:  0.500      Maxd:  3.79656    E*/N:  -3.41114   P*:     0.06723    P*cold: -0.53277   Mu*_xs: -2.80553   Cv*/N_xs:  0.66538         E(kJ/mol): -3.402     P(bar):    -0.007    
Step:  4919999    NAcc:  2460000    fAcc:  0.500      Maxd:  0.31113    E*/N:  -3.36237   P*:     0.06767    P*cold: -0.53233   Mu*_xs: -2.80531   Cv*/N_xs:  0.66454         E(kJ/mol): -3.354     P(bar):    0.301     
Step:  4939999    NAcc:  2470000    fAcc:  0.500      Maxd:  3.48241    E*/N:  -3.37484   P*:     0.06816    P*cold: -0.53184   Mu*_xs: -2.80693   Cv*/N_xs:  0.66432         E(kJ/mol): -3.366     P(bar):    0.123     
Step:  4959999    NAcc:  2480000    fAcc:  0.500      Maxd:  0.28000    E*/N:  -3.36649   P*:     0.06882    P*cold: -0.53118   Mu*_xs: -2.80665   Cv*/N_xs:  0.66842         E(kJ/mol): -3.358     P(bar):    0.342     
Step:  4979999    NAcc:  2489998    fAcc:  0.500      Maxd:  0.30520    E*/N:  -3.40328   P*:     0.06930    P*cold: -0.53070   Mu*_xs: -2.80633   Cv*/N_xs:  0.67096         E(kJ/mol): -3.394     P(bar):    0.186     
Step:  4999999    NAcc:  2500001    fAcc:  0.500      Maxd:  0.67664    E*/N:  -3.42533   P*:     0.06935    P*cold: -0.53065   Mu*_xs: -2.80634   Cv*/N_xs:  0.67027         E(kJ/mol): -3.416     P(bar):    -0.087    
# Computed average properties: 
 # E*/N:  -3.39054  
 # P*:     0.06935   
 # Cv*/N_xs:   0.67027        
 # Mu*_xs:  -2.80634  
