# Number of atoms:       500
# Atom type:             Ar
# Molar Mass (g/mol):    39.948
# Density (g/cm^3):      1.01301
# LJ sigma (Angstrom):   3.4
# LJ epsilon/kB (K):     120
# LJ cutoff (Angstrom):  13.6
# LJ cutoff (sigma):     4
# Temperature (K):       144
# Number MC steps:       5e+06
# Output frequency:      20000
# Num. den. (atoms/Ang): 0.0152656
# Box length (x):        31.9952
# Box length (y):        31.9952
# Box length (z):        31.9952
# Init. spacing (Ang):   3.55502
# reduc. density (rho*): 0.6
# reduc. temp (T*):      1.2
Step:  19999      NAcc:  10000      fAcc:  0.500      Maxd:  2.49845    E*/N:  -4.00061   P*:     nan        P*cold: nan        Mu*_xs: -0.00000   Cv*/N_xs:  0.00000         E(kJ/mol): -3.990     P(bar):    1.648     
Step:  39999      NAcc:  20000      fAcc:  0.500      Maxd:  0.29960    E*/N:  -4.14910   P*:     nan        P*cold: nan        Mu*_xs: -0.00000   Cv*/N_xs:  0.00000         E(kJ/mol): -4.138     P(bar):    0.604     
Step:  59999      NAcc:  30000      fAcc:  0.500      Maxd:  1.41580    E*/N:  -4.13970   P*:     nan        P*cold: nan        Mu*_xs: -0.00000   Cv*/N_xs:  0.00000         E(kJ/mol): -4.129     P(bar):    0.402     
Step:  79999      NAcc:  39999      fAcc:  0.500      Maxd:  0.41439    E*/N:  -4.07624   P*:     nan        P*cold: nan        Mu*_xs: -0.00000   Cv*/N_xs:  0.00000         E(kJ/mol): -4.066     P(bar):    0.403     
Step:  99999      NAcc:  49998      fAcc:  0.500      Maxd:  0.26916    E*/N:  -4.04692   P*:     nan        P*cold: nan        Mu*_xs: -0.00000   Cv*/N_xs:  0.00000         E(kJ/mol): -4.036     P(bar):    0.522     
Step:  119999     NAcc:  59999      fAcc:  0.500      Maxd:  0.36271    E*/N:  -4.09425   P*:     nan        P*cold: nan        Mu*_xs: -0.00000   Cv*/N_xs:  0.00000         E(kJ/mol): -4.084     P(bar):    0.370     
Step:  139999     NAcc:  69999      fAcc:  0.500      Maxd:  3.05219    E*/N:  -4.14467   P*:     nan        P*cold: nan        Mu*_xs: -0.00000   Cv*/N_xs:  0.00000         E(kJ/mol): -4.134     P(bar):    0.163     
Step:  159999     NAcc:  80001      fAcc:  0.500      Maxd:  0.78112    E*/N:  -4.11323   P*:     nan        P*cold: nan        Mu*_xs: -0.00000   Cv*/N_xs:  0.00000         E(kJ/mol): -4.102     P(bar):    0.130     
Step:  179999     NAcc:  89999      fAcc:  0.500      Maxd:  0.42280    E*/N:  -4.10075   P*:     nan        P*cold: nan        Mu*_xs: -0.00000   Cv*/N_xs:  0.00000         E(kJ/mol): -4.090     P(bar):    0.208     
Step:  199999     NAcc:  100002     fAcc:  0.500      Maxd:  2.85991    E*/N:  -4.06897   P*:     nan        P*cold: nan        Mu*_xs: -0.00000   Cv*/N_xs:  0.00000         E(kJ/mol): -4.058     P(bar):    0.239     
Step:  219999     NAcc:  110000     fAcc:  0.500      Maxd:  0.27278    E*/N:  -4.04895   P*:     nan        P*cold: nan        Mu*_xs: -0.00000   Cv*/N_xs:  0.00000         E(kJ/mol): -4.038     P(bar):    0.250     
Step:  239999     NAcc:  120000     fAcc:  0.500      Maxd:  1.18088    E*/N:  -4.02612   P*:     nan        P*cold: nan        Mu*_xs: -0.00000   Cv*/N_xs:  0.00000         E(kJ/mol): -4.016     P(bar):    0.438     
Step:  259999     NAcc:  130002     fAcc:  0.500      Maxd:  0.55180    E*/N:  -4.03366   P*:     nan        P*cold: nan        Mu*_xs: -0.00000   Cv*/N_xs:  0.00000         E(kJ/mol): -4.023     P(bar):    0.453     
Step:  279999     NAcc:  140000     fAcc:  0.500      Maxd:  0.25701    E*/N:  -4.05543   P*:     nan        P*cold: nan        Mu*_xs: -0.00000   Cv*/N_xs:  0.00000         E(kJ/mol): -4.045     P(bar):    0.101     
Step:  299999     NAcc:  150000     fAcc:  0.500      Maxd:  0.28595    E*/N:  -4.06921   P*:     nan        P*cold: nan        Mu*_xs: -0.00000   Cv*/N_xs:  0.00000         E(kJ/mol): -4.059     P(bar):    0.050     
Step:  319999     NAcc:  160001     fAcc:  0.500      Maxd:  0.81356    E*/N:  -4.05394   P*:     nan        P*cold: nan        Mu*_xs: -0.00000   Cv*/N_xs:  0.00000         E(kJ/mol): -4.043     P(bar):    0.066     
Step:  339999     NAcc:  170000     fAcc:  0.500      Maxd:  0.26387    E*/N:  -4.01731   P*:     nan        P*cold: nan        Mu*_xs: -0.00000   Cv*/N_xs:  0.00000         E(kJ/mol): -4.007     P(bar):    0.197     
Step:  359999     NAcc:  180001     fAcc:  0.500      Maxd:  1.78306    E*/N:  -4.06517   P*:     nan        P*cold: nan        Mu*_xs: -0.00000   Cv*/N_xs:  0.00000         E(kJ/mol): -4.055     P(bar):    0.130     
Step:  379999     NAcc:  190002     fAcc:  0.500      Maxd:  0.57831    E*/N:  -4.01594   P*:     nan        P*cold: nan        Mu*_xs: -0.00000   Cv*/N_xs:  0.00000         E(kJ/mol): -4.005     P(bar):    0.207     
Step:  399999     NAcc:  200000     fAcc:  0.500      Maxd:  0.29066    E*/N:  -4.02244   P*:     nan        P*cold: nan        Mu*_xs: -0.00000   Cv*/N_xs:  0.00000         E(kJ/mol): -4.012     P(bar):    0.298     
Step:  419999     NAcc:  210000     fAcc:  0.500      Maxd:  1.54167    E*/N:  -3.96805   P*:     nan        P*cold: nan        Mu*_xs: -0.00000   Cv*/N_xs:  0.00000         E(kJ/mol): -3.958     P(bar):    0.369     
Step:  439999     NAcc:  220000     fAcc:  0.500      Maxd:  0.32715    E*/N:  -3.99006   P*:     nan        P*cold: nan        Mu*_xs: -0.00000   Cv*/N_xs:  0.00000         E(kJ/mol): -3.980     P(bar):    0.360     
Step:  459999     NAcc:  229999     fAcc:  0.500      Maxd:  0.41847    E*/N:  -3.98537   P*:     nan        P*cold: nan        Mu*_xs: -0.00000   Cv*/N_xs:  0.00000         E(kJ/mol): -3.975     P(bar):    0.267     
Step:  479999     NAcc:  240000     fAcc:  0.500      Maxd:  0.40772    E*/N:  -3.92860   P*:     nan        P*cold: nan        Mu*_xs: -0.00000   Cv*/N_xs:  0.00000         E(kJ/mol): -3.918     P(bar):    0.490     
Step:  499999     NAcc:  250000     fAcc:  0.500      Maxd:  0.43888    E*/N:  -3.97778   P*:     nan        P*cold: nan        Mu*_xs: -0.00000   Cv*/N_xs:  0.00000         E(kJ/mol): -3.967     P(bar):    0.477     
Step:  519999     NAcc:  259999     fAcc:  0.500      Maxd:  0.27809    E*/N:  -4.05272   P*:     nan        P*cold: nan        Mu*_xs: -0.00000   Cv*/N_xs:  0.00000         E(kJ/mol): -4.042     P(bar):    0.154     
Step:  539999     NAcc:  269999     fAcc:  0.500      Maxd:  1.72834    E*/N:  -3.98074   P*:     nan        P*cold: nan        Mu*_xs: -0.00000   Cv*/N_xs:  0.00000         E(kJ/mol): -3.970     P(bar):    0.331     
Step:  559999     NAcc:  280000     fAcc:  0.500      Maxd:  0.39776    E*/N:  -4.05025   P*:     nan        P*cold: nan        Mu*_xs: -0.00000   Cv*/N_xs:  0.00000         E(kJ/mol): -4.040     P(bar):    -0.009    
Step:  579999     NAcc:  289998     fAcc:  0.500      Maxd:  0.72011    E*/N:  -4.01611   P*:     nan        P*cold: nan        Mu*_xs: -0.00000   Cv*/N_xs:  0.00000         E(kJ/mol): -4.006     P(bar):    0.125     
Step:  599999     NAcc:  300001     fAcc:  0.500      Maxd:  1.34382    E*/N:  -3.96919   P*:     nan        P*cold: nan        Mu*_xs: -0.00000   Cv*/N_xs:  0.00000         E(kJ/mol): -3.959     P(bar):    0.412     
Step:  619999     NAcc:  310000     fAcc:  0.500      Maxd:  0.27444    E*/N:  -3.98101   P*:     nan        P*cold: nan        Mu*_xs: -0.00000   Cv*/N_xs:  0.00000         E(kJ/mol): -3.971     P(bar):    0.411     
Step:  639999     NAcc:  320000     fAcc:  0.500      Maxd:  0.26084    E*/N:  -4.07622   P*:     nan        P*cold: nan        Mu*_xs: -0.00000   Cv*/N_xs:  0.00000         E(kJ/mol): -4.066     P(bar):    0.041     
Step:  659999     NAcc:  330001     fAcc:  0.500      Maxd:  0.86030    E*/N:  -4.03435   P*:     nan        P*cold: nan        Mu*_xs: -0.00000   Cv*/N_xs:  0.00000         E(kJ/mol): -4.024     P(bar):    0.093     
Step:  679999     NAcc:  340002     fAcc:  0.500      Maxd:  0.68481    E*/N:  -4.01844   P*:     nan        P*cold: nan        Mu*_xs: -0.00000   Cv*/N_xs:  0.00000         E(kJ/mol): -4.008     P(bar):    0.281     
Step:  699999     NAcc:  349997     fAcc:  0.500      Maxd:  0.31294    E*/N:  -4.04495   P*:     nan        P*cold: nan        Mu*_xs: -0.00000   Cv*/N_xs:  0.00000         E(kJ/mol): -4.034     P(bar):    0.119     
Step:  719999     NAcc:  359998     fAcc:  0.500      Maxd:  0.28762    E*/N:  -3.99098   P*:     nan        P*cold: nan        Mu*_xs: -0.00000   Cv*/N_xs:  0.00000         E(kJ/mol): -3.981     P(bar):    0.208     
Step:  739999     NAcc:  370003     fAcc:  0.500      Maxd:  1.14292    E*/N:  -4.01044   P*:     nan        P*cold: nan        Mu*_xs: -0.00000   Cv*/N_xs:  0.00000         E(kJ/mol): -4.000     P(bar):    0.192     
Step:  759999     NAcc:  380000     fAcc:  0.500      Maxd:  0.30484    E*/N:  -4.05343   P*:     nan        P*cold: nan        Mu*_xs: -0.00000   Cv*/N_xs:  0.00000         E(kJ/mol): -4.043     P(bar):    0.194     
Step:  779999     NAcc:  389999     fAcc:  0.500      Maxd:  0.28973    E*/N:  -4.03076   P*:     nan        P*cold: nan        Mu*_xs: -0.00000   Cv*/N_xs:  0.00000         E(kJ/mol): -4.020     P(bar):    0.242     
Step:  799999     NAcc:  400003     fAcc:  0.500      Maxd:  1.26150    E*/N:  -4.04503   P*:     nan        P*cold: nan        Mu*_xs: -0.00000   Cv*/N_xs:  0.00000         E(kJ/mol): -4.034     P(bar):    0.180     
Step:  819999     NAcc:  410001     fAcc:  0.500      Maxd:  0.55815    E*/N:  -3.94467   P*:     nan        P*cold: nan        Mu*_xs: -0.00000   Cv*/N_xs:  0.00000         E(kJ/mol): -3.934     P(bar):    0.521     
Step:  839999     NAcc:  419998     fAcc:  0.500      Maxd:  0.27311    E*/N:  -4.00385   P*:     nan        P*cold: nan        Mu*_xs: -0.00000   Cv*/N_xs:  0.00000         E(kJ/mol): -3.993     P(bar):    0.237     
Step:  859999     NAcc:  430000     fAcc:  0.500      Maxd:  0.42696    E*/N:  -4.06312   P*:     nan        P*cold: nan        Mu*_xs: -0.00000   Cv*/N_xs:  0.00000         E(kJ/mol): -4.052     P(bar):    -0.081    
Step:  879999     NAcc:  440000     fAcc:  0.500      Maxd:  0.31669    E*/N:  -3.99979   P*:     nan        P*cold: nan        Mu*_xs: -0.00000   Cv*/N_xs:  0.00000         E(kJ/mol): -3.989     P(bar):    0.388     
Step:  899999     NAcc:  450000     fAcc:  0.500      Maxd:  0.31877    E*/N:  -4.05953   P*:     nan        P*cold: nan        Mu*_xs: -0.00000   Cv*/N_xs:  0.00000         E(kJ/mol): -4.049     P(bar):    0.099     
Step:  919999     NAcc:  459999     fAcc:  0.500      Maxd:  0.28224    E*/N:  -3.98977   P*:     nan        P*cold: nan        Mu*_xs: -0.00000   Cv*/N_xs:  0.00000         E(kJ/mol): -3.979     P(bar):    0.311     
Step:  939999     NAcc:  470000     fAcc:  0.500      Maxd:  0.28788    E*/N:  -3.96258   P*:     nan        P*cold: nan        Mu*_xs: -0.00000   Cv*/N_xs:  0.00000         E(kJ/mol): -3.952     P(bar):    0.470     
Step:  959999     NAcc:  479998     fAcc:  0.500      Maxd:  0.30336    E*/N:  -4.03266   P*:     nan        P*cold: nan        Mu*_xs: -0.00000   Cv*/N_xs:  0.00000         E(kJ/mol): -4.022     P(bar):    0.174     
Step:  979999     NAcc:  490000     fAcc:  0.500      Maxd:  0.25702    E*/N:  -4.03276   P*:     nan        P*cold: nan        Mu*_xs: -0.00000   Cv*/N_xs:  0.00000         E(kJ/mol): -4.022     P(bar):    0.267     
Step:  999999     NAcc:  500000     fAcc:  0.500      Maxd:  0.53483    E*/N:  -4.01994   P*:     nan        P*cold: nan        Mu*_xs: -0.00000   Cv*/N_xs:  0.00000         E(kJ/mol): -4.009     P(bar):    0.324     
Step:  1019999    NAcc:  510000     fAcc:  0.500      Maxd:  0.25935    E*/N:  -4.06474   P*:     nan        P*cold: nan        Mu*_xs: -0.00000   Cv*/N_xs:  0.00000         E(kJ/mol): -4.054     P(bar):    0.150     
Step:  1039999    NAcc:  520001     fAcc:  0.500      Maxd:  0.39790    E*/N:  -4.08663   P*:     nan        P*cold: nan        Mu*_xs: -0.00000   Cv*/N_xs:  0.00000         E(kJ/mol): -4.076     P(bar):    0.077     
Step:  1059999    NAcc:  530000     fAcc:  0.500      Maxd:  1.62165    E*/N:  -4.02400   P*:     nan        P*cold: nan        Mu*_xs: -0.00000   Cv*/N_xs:  0.00000         E(kJ/mol): -4.013     P(bar):    0.245     
Step:  1079999    NAcc:  540001     fAcc:  0.500      Maxd:  0.63815    E*/N:  -4.04630   P*:     nan        P*cold: nan        Mu*_xs: -0.00000   Cv*/N_xs:  0.00000         E(kJ/mol): -4.036     P(bar):    0.182     
Step:  1099999    NAcc:  549999     fAcc:  0.500      Maxd:  0.41419    E*/N:  -4.04270   P*:     nan        P*cold: nan        Mu*_xs: -0.00000   Cv*/N_xs:  0.00000         E(kJ/mol): -4.032     P(bar):    0.195     
Step:  1119999    NAcc:  559998     fAcc:  0.500      Maxd:  0.74016    E*/N:  -4.08152   P*:     nan        P*cold: nan        Mu*_xs: -0.00000   Cv*/N_xs:  0.00000         E(kJ/mol): -4.071     P(bar):    0.042     
Step:  1139999    NAcc:  569999     fAcc:  0.500      Maxd:  2.17608    E*/N:  -4.04086   P*:     nan        P*cold: nan        Mu*_xs: -0.00000   Cv*/N_xs:  0.00000         E(kJ/mol): -4.030     P(bar):    0.436     
Step:  1159999    NAcc:  579999     fAcc:  0.500      Maxd:  0.31470    E*/N:  -4.00369   P*:     nan        P*cold: nan        Mu*_xs: -0.00000   Cv*/N_xs:  0.00000         E(kJ/mol): -3.993     P(bar):    0.484     
Step:  1179999    NAcc:  589998     fAcc:  0.500      Maxd:  0.31581    E*/N:  -4.01195   P*:     nan        P*cold: nan        Mu*_xs: -0.00000   Cv*/N_xs:  0.00000         E(kJ/mol): -4.001     P(bar):    0.256     
Step:  1199999    NAcc:  599996     fAcc:  0.500      Maxd:  0.30092    E*/N:  -4.05183   P*:     nan        P*cold: nan        Mu*_xs: -0.00000   Cv*/N_xs:  0.00000         E(kJ/mol): -4.041     P(bar):    0.252     
Step:  1219999    NAcc:  609999     fAcc:  0.500      Maxd:  0.26511    E*/N:  -3.98124   P*:     nan        P*cold: nan        Mu*_xs: -0.00000   Cv*/N_xs:  0.00000         E(kJ/mol): -3.971     P(bar):    0.211     
Step:  1239999    NAcc:  620002     fAcc:  0.500      Maxd:  1.93944    E*/N:  -4.10692   P*:     nan        P*cold: nan        Mu*_xs: -0.00000   Cv*/N_xs:  0.00000         E(kJ/mol): -4.096     P(bar):    0.012     
Step:  1259999    NAcc:  629999     fAcc:  0.500      Maxd:  0.30427    E*/N:  -4.01137   P*:     nan        P*cold: nan        Mu*_xs: -0.00000   Cv*/N_xs:  0.00000         E(kJ/mol): -4.001     P(bar):    0.203     
Step:  1279999    NAcc:  640000     fAcc:  0.500      Maxd:  1.06489    E*/N:  -4.06087   P*:     nan        P*cold: nan        Mu*_xs: -0.00000   Cv*/N_xs:  0.00000         E(kJ/mol): -4.050     P(bar):    0.174     
Step:  1299999    NAcc:  649998     fAcc:  0.500      Maxd:  0.31934    E*/N:  -4.02642   P*:     nan        P*cold: nan        Mu*_xs: -0.00000   Cv*/N_xs:  0.00000         E(kJ/mol): -4.016     P(bar):    0.347     
Step:  1319999    NAcc:  659998     fAcc:  0.500      Maxd:  0.74306    E*/N:  -4.04037   P*:     nan        P*cold: nan        Mu*_xs: -0.00000   Cv*/N_xs:  0.00000         E(kJ/mol): -4.030     P(bar):    0.258     
Step:  1339999    NAcc:  670000     fAcc:  0.500      Maxd:  0.26433    E*/N:  -4.05534   P*:     nan        P*cold: nan        Mu*_xs: -0.00000   Cv*/N_xs:  0.00000         E(kJ/mol): -4.045     P(bar):    0.202     
Step:  1359999    NAcc:  680001     fAcc:  0.500      Maxd:  0.41886    E*/N:  -4.07233   P*:     nan        P*cold: nan        Mu*_xs: -0.00000   Cv*/N_xs:  0.00000         E(kJ/mol): -4.062     P(bar):    0.206     
Step:  1379999    NAcc:  689998     fAcc:  0.500      Maxd:  0.31405    E*/N:  -4.03516   P*:     nan        P*cold: nan        Mu*_xs: -0.00000   Cv*/N_xs:  0.00000         E(kJ/mol): -4.025     P(bar):    0.231     
Step:  1399999    NAcc:  700000     fAcc:  0.500      Maxd:  0.25852    E*/N:  -4.02036   P*:     nan        P*cold: nan        Mu*_xs: -0.00000   Cv*/N_xs:  0.00000         E(kJ/mol): -4.010     P(bar):    0.254     
Step:  1419999    NAcc:  710002     fAcc:  0.500      Maxd:  0.56772    E*/N:  -4.05808   P*:     nan        P*cold: nan        Mu*_xs: -0.00000   Cv*/N_xs:  0.00000         E(kJ/mol): -4.047     P(bar):    0.116     
Step:  1439999    NAcc:  719997     fAcc:  0.500      Maxd:  0.62975    E*/N:  -4.04646   P*:     nan        P*cold: nan        Mu*_xs: -0.00000   Cv*/N_xs:  0.00000         E(kJ/mol): -4.036     P(bar):    0.114     
Step:  1459999    NAcc:  729999     fAcc:  0.500      Maxd:  0.56208    E*/N:  -4.02609   P*:     nan        P*cold: nan        Mu*_xs: -0.00000   Cv*/N_xs:  0.00000         E(kJ/mol): -4.016     P(bar):    0.376     
Step:  1479999    NAcc:  740000     fAcc:  0.500      Maxd:  0.28578    E*/N:  -4.03259   P*:     nan        P*cold: nan        Mu*_xs: -0.00000   Cv*/N_xs:  0.00000         E(kJ/mol): -4.022     P(bar):    0.212     
Step:  1499999    NAcc:  749999     fAcc:  0.500      Maxd:  0.74951    E*/N:  -4.02457   P*:     nan        P*cold: nan        Mu*_xs: -0.00000   Cv*/N_xs:  0.00000         E(kJ/mol): -4.014     P(bar):    0.202     
Step:  1519999    NAcc:  759999     fAcc:  0.500      Maxd:  0.29732    E*/N:  -4.04421   P*:     nan        P*cold: nan        Mu*_xs: -0.00000   Cv*/N_xs:  0.00000         E(kJ/mol): -4.034     P(bar):    0.136     
Step:  1539999    NAcc:  770000     fAcc:  0.500      Maxd:  0.36002    E*/N:  -4.01354   P*:     nan        P*cold: nan        Mu*_xs: -0.00000   Cv*/N_xs:  0.00000         E(kJ/mol): -4.003     P(bar):    0.258     
Step:  1559999    NAcc:  780001     fAcc:  0.500      Maxd:  0.37928    E*/N:  -3.98779   P*:     nan        P*cold: nan        Mu*_xs: -0.00000   Cv*/N_xs:  0.00000         E(kJ/mol): -3.977     P(bar):    0.347     
Step:  1579999    NAcc:  789999     fAcc:  0.500      Maxd:  0.26432    E*/N:  -3.96571   P*:     nan        P*cold: nan        Mu*_xs: -0.00000   Cv*/N_xs:  0.00000         E(kJ/mol): -3.955     P(bar):    0.380     
Step:  1599999    NAcc:  799999     fAcc:  0.500      Maxd:  0.28933    E*/N:  -4.07545   P*:     nan        P*cold: nan        Mu*_xs: -0.00000   Cv*/N_xs:  0.00000         E(kJ/mol): -4.065     P(bar):    0.093     
Step:  1619999    NAcc:  809999     fAcc:  0.500      Maxd:  1.08075    E*/N:  -4.07258   P*:     nan        P*cold: nan        Mu*_xs: -0.00000   Cv*/N_xs:  0.00000         E(kJ/mol): -4.062     P(bar):    0.214     
Step:  1639999    NAcc:  820000     fAcc:  0.500      Maxd:  2.62015    E*/N:  -4.04239   P*:     nan        P*cold: nan        Mu*_xs: -0.00000   Cv*/N_xs:  0.00000         E(kJ/mol): -4.032     P(bar):    0.301     
Step:  1659999    NAcc:  829998     fAcc:  0.500      Maxd:  0.36268    E*/N:  -4.03571   P*:     nan        P*cold: nan        Mu*_xs: -0.00000   Cv*/N_xs:  0.00000         E(kJ/mol): -4.025     P(bar):    0.302     
Step:  1679999    NAcc:  839999     fAcc:  0.500      Maxd:  0.26686    E*/N:  -4.05743   P*:     nan        P*cold: nan        Mu*_xs: -0.00000   Cv*/N_xs:  0.00000         E(kJ/mol): -4.047     P(bar):    0.166     
Step:  1699999    NAcc:  850000     fAcc:  0.500      Maxd:  0.90136    E*/N:  -4.02184   P*:     nan        P*cold: nan        Mu*_xs: -0.00000   Cv*/N_xs:  0.00000         E(kJ/mol): -4.011     P(bar):    0.172     
Step:  1719999    NAcc:  859999     fAcc:  0.500      Maxd:  0.35187    E*/N:  -3.98420   P*:     nan        P*cold: nan        Mu*_xs: -0.00000   Cv*/N_xs:  0.00000         E(kJ/mol): -3.974     P(bar):    0.280     
Step:  1739999    NAcc:  870000     fAcc:  0.500      Maxd:  0.28391    E*/N:  -4.06473   P*:     nan        P*cold: nan        Mu*_xs: -0.00000   Cv*/N_xs:  0.00000         E(kJ/mol): -4.054     P(bar):    0.103     
Step:  1759999    NAcc:  880000     fAcc:  0.500      Maxd:  0.38508    E*/N:  -4.00555   P*:     nan        P*cold: nan        Mu*_xs: -0.00000   Cv*/N_xs:  0.00000         E(kJ/mol): -3.995     P(bar):    0.317     
Step:  1779999    NAcc:  889999     fAcc:  0.500      Maxd:  0.29360    E*/N:  -4.01127   P*:     nan        P*cold: nan        Mu*_xs: -0.00000   Cv*/N_xs:  0.00000         E(kJ/mol): -4.001     P(bar):    0.312     
Step:  1799999    NAcc:  899997     fAcc:  0.500      Maxd:  0.31883    E*/N:  -4.05280   P*:     nan        P*cold: nan        Mu*_xs: -0.00000   Cv*/N_xs:  0.00000         E(kJ/mol): -4.042     P(bar):    0.272     
Step:  1819999    NAcc:  909998     fAcc:  0.500      Maxd:  0.27476    E*/N:  -4.02467   P*:     nan        P*cold: nan        Mu*_xs: -0.00000   Cv*/N_xs:  0.00000         E(kJ/mol): -4.014     P(bar):    0.164     
Step:  1839999    NAcc:  920000     fAcc:  0.500      Maxd:  0.42611    E*/N:  -4.07302   P*:     nan        P*cold: nan        Mu*_xs: -0.00000   Cv*/N_xs:  0.00000         E(kJ/mol): -4.062     P(bar):    0.043     
Step:  1859999    NAcc:  929999     fAcc:  0.500      Maxd:  0.48953    E*/N:  -4.02140   P*:     nan        P*cold: nan        Mu*_xs: -0.00000   Cv*/N_xs:  0.00000         E(kJ/mol): -4.011     P(bar):    0.135     
Step:  1879999    NAcc:  939999     fAcc:  0.500      Maxd:  0.76108    E*/N:  -4.03657   P*:     nan        P*cold: nan        Mu*_xs: -0.00000   Cv*/N_xs:  0.00000         E(kJ/mol): -4.026     P(bar):    0.133     
Step:  1899999    NAcc:  949996     fAcc:  0.500      Maxd:  0.31623    E*/N:  -3.96353   P*:     nan        P*cold: nan        Mu*_xs: -0.00000   Cv*/N_xs:  0.00000         E(kJ/mol): -3.953     P(bar):    0.429     
Step:  1919999    NAcc:  960000     fAcc:  0.500      Maxd:  0.94710    E*/N:  -4.02539   P*:     nan        P*cold: nan        Mu*_xs: -0.00000   Cv*/N_xs:  0.00000         E(kJ/mol): -4.015     P(bar):    0.176     
Step:  1939999    NAcc:  970001     fAcc:  0.500      Maxd:  1.81587    E*/N:  -3.93091   P*:     nan        P*cold: nan        Mu*_xs: -0.00000   Cv*/N_xs:  0.00000         E(kJ/mol): -3.921     P(bar):    0.479     
Step:  1959999    NAcc:  980003     fAcc:  0.500      Maxd:  1.27501    E*/N:  -4.05545   P*:     nan        P*cold: nan        Mu*_xs: -0.00000   Cv*/N_xs:  0.00000         E(kJ/mol): -4.045     P(bar):    0.114     
Step:  1979999    NAcc:  990000     fAcc:  0.500      Maxd:  1.13118    E*/N:  -4.01271   P*:     nan        P*cold: nan        Mu*_xs: -0.00000   Cv*/N_xs:  0.00000         E(kJ/mol): -4.002     P(bar):    0.249     
Step:  1999999    NAcc:  999999     fAcc:  0.500      Maxd:  0.29029    E*/N:  -3.97538   P*:     nan        P*cold: nan        Mu*_xs: -0.00000   Cv*/N_xs:  0.00000         E(kJ/mol): -3.965     P(bar):    0.296     
Step:  2019999    NAcc:  1010000    fAcc:  0.500      Maxd:  0.47403    E*/N:  -3.95935   P*:     0.23009    P*cold: -0.48991   Mu*_xs: -2.82205   Cv*/N_xs:  0.53689         E(kJ/mol): -3.949     P(bar):    0.306     
Step:  2039999    NAcc:  1020002    fAcc:  0.500      Maxd:  0.58781    E*/N:  -4.03124   P*:     0.23853    P*cold: -0.48147   Mu*_xs: -2.76714   Cv*/N_xs:  0.50813         E(kJ/mol): -4.021     P(bar):    0.246     
Step:  2059999    NAcc:  1029999    fAcc:  0.500      Maxd:  0.31194    E*/N:  -4.03635   P*:     0.23543    P*cold: -0.48457   Mu*_xs: -2.76100   Cv*/N_xs:  0.44269         E(kJ/mol): -4.026     P(bar):    0.154     
Step:  2079999    NAcc:  1040000    fAcc:  0.500      Maxd:  0.30052    E*/N:  -4.01769   P*:     0.24171    P*cold: -0.47829   Mu*_xs: -2.75854   Cv*/N_xs:  0.42117         E(kJ/mol): -4.007     P(bar):    0.194     
Step:  2099999    NAcc:  1050002    fAcc:  0.500      Maxd:  0.60638    E*/N:  -4.04461   P*:     0.23297    P*cold: -0.48703   Mu*_xs: -2.74014   Cv*/N_xs:  0.44896         E(kJ/mol): -4.034     P(bar):    0.077     
Step:  2119999    NAcc:  1059999    fAcc:  0.500      Maxd:  1.00090    E*/N:  -3.97500   P*:     0.22263    P*cold: -0.49737   Mu*_xs: -2.74954   Cv*/N_xs:  0.46858         E(kJ/mol): -3.965     P(bar):    0.303     
Step:  2139999    NAcc:  1069998    fAcc:  0.500      Maxd:  0.26689    E*/N:  -4.04097   P*:     0.23531    P*cold: -0.48469   Mu*_xs: -2.72404   Cv*/N_xs:  0.47199         E(kJ/mol): -4.030     P(bar):    0.117     
Step:  2159999    NAcc:  1079998    fAcc:  0.500      Maxd:  0.26850    E*/N:  -3.99811   P*:     0.25204    P*cold: -0.46796   Mu*_xs: -2.73036   Cv*/N_xs:  0.49075         E(kJ/mol): -3.988     P(bar):    0.380     
Step:  2179999    NAcc:  1090001    fAcc:  0.500      Maxd:  0.38801    E*/N:  -4.03056   P*:     0.25914    P*cold: -0.46086   Mu*_xs: -2.73933   Cv*/N_xs:  0.48489         E(kJ/mol): -4.020     P(bar):    0.240     
Step:  2199999    NAcc:  1099999    fAcc:  0.500      Maxd:  0.29026    E*/N:  -4.06218   P*:     0.25517    P*cold: -0.46483   Mu*_xs: -2.75734   Cv*/N_xs:  0.56894         E(kJ/mol): -4.052     P(bar):    0.188     
Step:  2219999    NAcc:  1110000    fAcc:  0.500      Maxd:  0.55973    E*/N:  -4.07975   P*:     0.25335    P*cold: -0.46665   Mu*_xs: -2.76456   Cv*/N_xs:  0.59533         E(kJ/mol): -4.069     P(bar):    0.034     
Step:  2239999    NAcc:  1120001    fAcc:  0.500      Maxd:  1.14538    E*/N:  -3.99522   P*:     0.25219    P*cold: -0.46781   Mu*_xs: -2.75862   Cv*/N_xs:  0.58845         E(kJ/mol): -3.985     P(bar):    0.258     
Step:  2259999    NAcc:  1130000    fAcc:  0.500      Maxd:  0.79402    E*/N:  -4.01618   P*:     0.25654    P*cold: -0.46346   Mu*_xs: -2.76285   Cv*/N_xs:  0.57215         E(kJ/mol): -4.006     P(bar):    0.217     
Step:  2279999    NAcc:  1140000    fAcc:  0.500      Maxd:  0.29921    E*/N:  -4.03004   P*:     0.26237    P*cold: -0.45763   Mu*_xs: -2.76221   Cv*/N_xs:  0.59832         E(kJ/mol): -4.019     P(bar):    0.243     
Step:  2299999    NAcc:  1150002    fAcc:  0.500      Maxd:  1.01543    E*/N:  -3.97401   P*:     0.26338    P*cold: -0.45662   Mu*_xs: -2.76633   Cv*/N_xs:  0.59483         E(kJ/mol): -3.964     P(bar):    0.288     
Step:  2319999    NAcc:  1159998    fAcc:  0.500      Maxd:  0.88878    E*/N:  -4.12561   P*:     0.25306    P*cold: -0.46694   Mu*_xs: -2.77196   Cv*/N_xs:  0.60228         E(kJ/mol): -4.115     P(bar):    -0.147    
Step:  2339999    NAcc:  1170001    fAcc:  0.500      Maxd:  0.39860    E*/N:  -4.00613   P*:     0.25261    P*cold: -0.46739   Mu*_xs: -2.77463   Cv*/N_xs:  0.61356         E(kJ/mol): -3.996     P(bar):    0.325     
Step:  2359999    NAcc:  1180000    fAcc:  0.500      Maxd:  0.27179    E*/N:  -4.01372   P*:     0.25491    P*cold: -0.46509   Mu*_xs: -2.77493   Cv*/N_xs:  0.59882         E(kJ/mol): -4.003     P(bar):    0.162     
Step:  2379999    NAcc:  1189997    fAcc:  0.500      Maxd:  1.22502    E*/N:  -4.00351   P*:     0.25790    P*cold: -0.46210   Mu*_xs: -2.77806   Cv*/N_xs:  0.59618         E(kJ/mol): -3.993     P(bar):    0.373     
Step:  2399999    NAcc:  1200001    fAcc:  0.500      Maxd:  0.93707    E*/N:  -4.05847   P*:     0.25980    P*cold: -0.46020   Mu*_xs: -2.77278   Cv*/N_xs:  0.59086         E(kJ/mol): -4.048     P(bar):    0.043     
Step:  2419999    NAcc:  1209999    fAcc:  0.500      Maxd:  0.64394    E*/N:  -3.99194   P*:     0.26057    P*cold: -0.45943   Mu*_xs: -2.76760   Cv*/N_xs:  0.57894         E(kJ/mol): -3.981     P(bar):    0.229     
Step:  2439999    NAcc:  1220000    fAcc:  0.500      Maxd:  0.30738    E*/N:  -3.98728   P*:     0.26376    P*cold: -0.45624   Mu*_xs: -2.76573   Cv*/N_xs:  0.57802         E(kJ/mol): -3.977     P(bar):    0.330     
Step:  2459999    NAcc:  1230000    fAcc:  0.500      Maxd:  0.26483    E*/N:  -3.95043   P*:     0.26634    P*cold: -0.45366   Mu*_xs: -2.76979   Cv*/N_xs:  0.58856         E(kJ/mol): -3.940     P(bar):    0.436     
Step:  2479999    NAcc:  1240002    fAcc:  0.500      Maxd:  0.55998    E*/N:  -4.03607   P*:     0.26870    P*cold: -0.45130   Mu*_xs: -2.77132   Cv*/N_xs:  0.58395         E(kJ/mol): -4.026     P(bar):    0.184     
Step:  2499999    NAcc:  1250001    fAcc:  0.500      Maxd:  1.08256    E*/N:  -4.02692   P*:     0.27252    P*cold: -0.44748   Mu*_xs: -2.77105   Cv*/N_xs:  0.57664         E(kJ/mol): -4.016     P(bar):    0.361     
Step:  2519999    NAcc:  1260000    fAcc:  0.500      Maxd:  0.25816    E*/N:  -4.05793   P*:     0.27234    P*cold: -0.44766   Mu*_xs: -2.77386   Cv*/N_xs:  0.56368         E(kJ/mol): -4.047     P(bar):    0.135     
Step:  2539999    NAcc:  1269999    fAcc:  0.500      Maxd:  0.64449    E*/N:  -3.99254   P*:     0.27217    P*cold: -0.44783   Mu*_xs: -2.78120   Cv*/N_xs:  0.56482         E(kJ/mol): -3.982     P(bar):    0.413     
Step:  2559999    NAcc:  1280001    fAcc:  0.500      Maxd:  0.39936    E*/N:  -4.00990   P*:     0.26995    P*cold: -0.45005   Mu*_xs: -2.78125   Cv*/N_xs:  0.55816         E(kJ/mol): -3.999     P(bar):    0.232     
Step:  2579999    NAcc:  1289999    fAcc:  0.500      Maxd:  0.31631    E*/N:  -4.02064   P*:     0.27215    P*cold: -0.44785   Mu*_xs: -2.77592   Cv*/N_xs:  0.55376         E(kJ/mol): -4.010     P(bar):    0.263     
Step:  2599999    NAcc:  1300000    fAcc:  0.500      Maxd:  0.28559    E*/N:  -4.10786   P*:     0.26917    P*cold: -0.45083   Mu*_xs: -2.77193   Cv*/N_xs:  0.56076         E(kJ/mol): -4.097     P(bar):    -0.172    
Step:  2619999    NAcc:  1310001    fAcc:  0.500      Maxd:  0.53415    E*/N:  -3.94646   P*:     0.26676    P*cold: -0.45324   Mu*_xs: -2.76366   Cv*/N_xs:  0.55578         E(kJ/mol): -3.936     P(bar):    0.393     
Step:  2639999    NAcc:  1320002    fAcc:  0.500      Maxd:  1.63013    E*/N:  -4.02732   P*:     0.26356    P*cold: -0.45644   Mu*_xs: -2.76032   Cv*/N_xs:  0.55273         E(kJ/mol): -4.017     P(bar):    0.157     
Step:  2659999    NAcc:  1330002    fAcc:  0.500      Maxd:  1.37800    E*/N:  -4.02001   P*:     0.26637    P*cold: -0.45363   Mu*_xs: -2.75692   Cv*/N_xs:  0.54756         E(kJ/mol): -4.009     P(bar):    0.294     
Step:  2679999    NAcc:  1340000    fAcc:  0.500      Maxd:  0.39148    E*/N:  -3.97703   P*:     0.26810    P*cold: -0.45190   Mu*_xs: -2.75608   Cv*/N_xs:  0.54174         E(kJ/mol): -3.967     P(bar):    0.343     
Step:  2699999    NAcc:  1349999    fAcc:  0.500      Maxd:  0.29117    E*/N:  -3.98161   P*:     0.26828    P*cold: -0.45172   Mu*_xs: -2.76029   Cv*/N_xs:  0.53286         E(kJ/mol): -3.971     P(bar):    0.420     
Step:  2719999    NAcc:  1360000    fAcc:  0.500      Maxd:  0.31969    E*/N:  -4.04626   P*:     0.27332    P*cold: -0.44668   Mu*_xs: -2.76229   Cv*/N_xs:  0.54586         E(kJ/mol): -4.036     P(bar):    0.192     
Step:  2739999    NAcc:  1369999    fAcc:  0.500      Maxd:  0.29002    E*/N:  -3.95896   P*:     0.27477    P*cold: -0.44523   Mu*_xs: -2.76526   Cv*/N_xs:  0.54459         E(kJ/mol): -3.949     P(bar):    0.467     
Step:  2759999    NAcc:  1379998    fAcc:  0.500      Maxd:  1.44562    E*/N:  -3.99103   P*:     0.27490    P*cold: -0.44510   Mu*_xs: -2.76507   Cv*/N_xs:  0.54699         E(kJ/mol): -3.981     P(bar):    0.152     
Step:  2779999    NAcc:  1389999    fAcc:  0.500      Maxd:  0.31086    E*/N:  -3.99021   P*:     0.27365    P*cold: -0.44635   Mu*_xs: -2.76387   Cv*/N_xs:  0.54246         E(kJ/mol): -3.980     P(bar):    0.266     
Step:  2799999    NAcc:  1399997    fAcc:  0.500      Maxd:  0.31875    E*/N:  -3.99503   P*:     0.27393    P*cold: -0.44607   Mu*_xs: -2.76422   Cv*/N_xs:  0.54090         E(kJ/mol): -3.985     P(bar):    0.235     
Step:  2819999    NAcc:  1410000    fAcc:  0.500      Maxd:  0.27899    E*/N:  -4.02804   P*:     0.27007    P*cold: -0.44993   Mu*_xs: -2.76424   Cv*/N_xs:  0.53559         E(kJ/mol): -4.017     P(bar):    0.056     
Step:  2839999    NAcc:  1420001    fAcc:  0.500      Maxd:  0.44699    E*/N:  -4.02373   P*:     0.26982    P*cold: -0.45018   Mu*_xs: -2.76661   Cv*/N_xs:  0.52703         E(kJ/mol): -4.013     P(bar):    0.360     
Step:  2859999    NAcc:  1429997    fAcc:  0.500      Maxd:  0.57623    E*/N:  -3.99592   P*:     0.27021    P*cold: -0.44979   Mu*_xs: -2.77118   Cv*/N_xs:  0.53154         E(kJ/mol): -3.985     P(bar):    0.359     
Step:  2879999    NAcc:  1440001    fAcc:  0.500      Maxd:  0.40369    E*/N:  -4.04213   P*:     0.26827    P*cold: -0.45173   Mu*_xs: -2.77849   Cv*/N_xs:  0.54068         E(kJ/mol): -4.032     P(bar):    0.087     
Step:  2899999    NAcc:  1449996    fAcc:  0.500      Maxd:  0.31112    E*/N:  -3.97860   P*:     0.27097    P*cold: -0.44903   Mu*_xs: -2.77962   Cv*/N_xs:  0.54277         E(kJ/mol): -3.968     P(bar):    0.386     
Step:  2919999    NAcc:  1460000    fAcc:  0.500      Maxd:  2.20429    E*/N:  -4.03327   P*:     0.27409    P*cold: -0.44591   Mu*_xs: -2.77655   Cv*/N_xs:  0.54149         E(kJ/mol): -4.023     P(bar):    0.444     
Step:  2939999    NAcc:  1469996    fAcc:  0.500      Maxd:  0.31098    E*/N:  -4.07243   P*:     0.27423    P*cold: -0.44577   Mu*_xs: -2.77799   Cv*/N_xs:  0.55616         E(kJ/mol): -4.062     P(bar):    0.219     
Step:  2959999    NAcc:  1480000    fAcc:  0.500      Maxd:  0.29080    E*/N:  -4.02114   P*:     0.27492    P*cold: -0.44508   Mu*_xs: -2.77229   Cv*/N_xs:  0.57060         E(kJ/mol): -4.011     P(bar):    0.386     
Step:  2979999    NAcc:  1489997    fAcc:  0.500      Maxd:  0.29900    E*/N:  -4.01363   P*:     0.27473    P*cold: -0.44527   Mu*_xs: -2.76922   Cv*/N_xs:  0.56388         E(kJ/mol): -4.003     P(bar):    0.233     
Step:  2999999    NAcc:  1499998    fAcc:  0.500      Maxd:  0.28191    E*/N:  -4.05373   P*:     0.27538    P*cold: -0.44462   Mu*_xs: -2.77214   Cv*/N_xs:  0.56200         E(kJ/mol): -4.043     P(bar):    0.075     
Step:  3019999    NAcc:  1509998    fAcc:  0.500      Maxd:  1.09061    E*/N:  -3.96162   P*:     0.27396    P*cold: -0.44604   Mu*_xs: -2.77017   Cv*/N_xs:  0.55506         E(kJ/mol): -3.951     P(bar):    0.373     
Step:  3039999    NAcc:  1520000    fAcc:  0.500      Maxd:  1.74296    E*/N:  -4.03559   P*:     0.27360    P*cold: -0.44640   Mu*_xs: -2.77065   Cv*/N_xs:  0.55606         E(kJ/mol): -4.025     P(bar):    0.073     
Step:  3059999    NAcc:  1530001    fAcc:  0.500      Maxd:  0.78168    E*/N:  -3.98249   P*:     0.27381    P*cold: -0.44619   Mu*_xs: -2.77216   Cv*/N_xs:  0.55440         E(kJ/mol): -3.972     P(bar):    0.445     
Step:  3079999    NAcc:  1540000    fAcc:  0.500      Maxd:  0.27891    E*/N:  -4.08007   P*:     0.27394    P*cold: -0.44606   Mu*_xs: -2.77118   Cv*/N_xs:  0.55463         E(kJ/mol): -4.069     P(bar):    0.098     
Step:  3099999    NAcc:  1550000    fAcc:  0.500      Maxd:  0.27836    E*/N:  -4.04210   P*:     0.27363    P*cold: -0.44637   Mu*_xs: -2.76894   Cv*/N_xs:  0.56061         E(kJ/mol): -4.032     P(bar):    0.294     
Step:  3119999    NAcc:  1560001    fAcc:  0.500      Maxd:  1.36508    E*/N:  -4.02853   P*:     0.27306    P*cold: -0.44694   Mu*_xs: -2.76834   Cv*/N_xs:  0.55957         E(kJ/mol): -4.018     P(bar):    0.221     
Step:  3139999    NAcc:  1570000    fAcc:  0.500      Maxd:  0.80115    E*/N:  -4.00735   P*:     0.27058    P*cold: -0.44942   Mu*_xs: -2.76530   Cv*/N_xs:  0.56667         E(kJ/mol): -3.997     P(bar):    0.205     
Step:  3159999    NAcc:  1579998    fAcc:  0.500      Maxd:  0.26128    E*/N:  -4.03680   P*:     0.27000    P*cold: -0.45000   Mu*_xs: -2.76445   Cv*/N_xs:  0.56518         E(kJ/mol): -4.026     P(bar):    0.186     
Step:  3179999    NAcc:  1589998    fAcc:  0.500      Maxd:  0.26279    E*/N:  -4.05396   P*:     0.26952    P*cold: -0.45048   Mu*_xs: -2.76407   Cv*/N_xs:  0.56685         E(kJ/mol): -4.043     P(bar):    0.156     
Step:  3199999    NAcc:  1600001    fAcc:  0.500      Maxd:  2.40253    E*/N:  -4.07844   P*:     0.26889    P*cold: -0.45111   Mu*_xs: -2.76407   Cv*/N_xs:  0.56934         E(kJ/mol): -4.068     P(bar):    0.104     
Step:  3219999    NAcc:  1610002    fAcc:  0.500      Maxd:  0.91263    E*/N:  -4.02431   P*:     0.26908    P*cold: -0.45092   Mu*_xs: -2.76176   Cv*/N_xs:  0.57499         E(kJ/mol): -4.014     P(bar):    0.314     
Step:  3239999    NAcc:  1619997    fAcc:  0.500      Maxd:  0.25979    E*/N:  -4.02929   P*:     0.27110    P*cold: -0.44890   Mu*_xs: -2.76220   Cv*/N_xs:  0.57723         E(kJ/mol): -4.019     P(bar):    0.358     
Step:  3259999    NAcc:  1629999    fAcc:  0.500      Maxd:  0.47069    E*/N:  -4.02719   P*:     0.27220    P*cold: -0.44780   Mu*_xs: -2.76302   Cv*/N_xs:  0.58444         E(kJ/mol): -4.017     P(bar):    0.431     
Step:  3279999    NAcc:  1640000    fAcc:  0.500      Maxd:  0.31317    E*/N:  -4.01638   P*:     0.27257    P*cold: -0.44743   Mu*_xs: -2.76127   Cv*/N_xs:  0.58673         E(kJ/mol): -4.006     P(bar):    0.366     
Step:  3299999    NAcc:  1650002    fAcc:  0.500      Maxd:  1.15148    E*/N:  -4.07683   P*:     0.27493    P*cold: -0.44507   Mu*_xs: -2.76007   Cv*/N_xs:  0.58422         E(kJ/mol): -4.066     P(bar):    0.159     
Step:  3319999    NAcc:  1660003    fAcc:  0.500      Maxd:  1.61432    E*/N:  -4.07129   P*:     0.27518    P*cold: -0.44482   Mu*_xs: -2.76200   Cv*/N_xs:  0.58088         E(kJ/mol): -4.061     P(bar):    0.122     
Step:  3339999    NAcc:  1669998    fAcc:  0.500      Maxd:  0.28547    E*/N:  -4.06690   P*:     0.27556    P*cold: -0.44444   Mu*_xs: -2.75813   Cv*/N_xs:  0.58259         E(kJ/mol): -4.056     P(bar):    0.141     
Step:  3359999    NAcc:  1680001    fAcc:  0.500      Maxd:  0.60849    E*/N:  -4.02814   P*:     0.27294    P*cold: -0.44706   Mu*_xs: -2.75725   Cv*/N_xs:  0.58974         E(kJ/mol): -4.018     P(bar):    0.356     
Step:  3379999    NAcc:  1690001    fAcc:  0.500      Maxd:  0.63975    E*/N:  -3.98763   P*:     0.27201    P*cold: -0.44799   Mu*_xs: -2.76013   Cv*/N_xs:  0.59455         E(kJ/mol): -3.977     P(bar):    0.506     
Step:  3399999    NAcc:  1700000    fAcc:  0.500      Maxd:  0.26087    E*/N:  -4.02153   P*:     0.27502    P*cold: -0.44498   Mu*_xs: -2.75939   Cv*/N_xs:  0.59890         E(kJ/mol): -4.011     P(bar):    0.392     
Step:  3419999    NAcc:  1710001    fAcc:  0.500      Maxd:  1.63437    E*/N:  -4.00629   P*:     0.27663    P*cold: -0.44337   Mu*_xs: -2.75981   Cv*/N_xs:  0.59989         E(kJ/mol): -3.996     P(bar):    0.260     
Step:  3439999    NAcc:  1720000    fAcc:  0.500      Maxd:  0.31541    E*/N:  -4.06792   P*:     0.27671    P*cold: -0.44329   Mu*_xs: -2.76172   Cv*/N_xs:  0.59808         E(kJ/mol): -4.057     P(bar):    -0.038    
Step:  3459999    NAcc:  1730000    fAcc:  0.500      Maxd:  0.46841    E*/N:  -4.04626   P*:     0.27686    P*cold: -0.44314   Mu*_xs: -2.76169   Cv*/N_xs:  0.59529         E(kJ/mol): -4.036     P(bar):    0.115     
Step:  3479999    NAcc:  1740000    fAcc:  0.500      Maxd:  0.28636    E*/N:  -4.06066   P*:     0.27495    P*cold: -0.44505   Mu*_xs: -2.76213   Cv*/N_xs:  0.59121         E(kJ/mol): -4.050     P(bar):    -0.003    
Step:  3499999    NAcc:  1750001    fAcc:  0.500      Maxd:  2.15126    E*/N:  -4.04251   P*:     0.27238    P*cold: -0.44762   Mu*_xs: -2.76263   Cv*/N_xs:  0.59026         E(kJ/mol): -4.032     P(bar):    0.027     
Step:  3519999    NAcc:  1760001    fAcc:  0.500      Maxd:  0.38782    E*/N:  -4.00674   P*:     0.27254    P*cold: -0.44746   Mu*_xs: -2.76312   Cv*/N_xs:  0.59863         E(kJ/mol): -3.996     P(bar):    0.182     
Step:  3539999    NAcc:  1770000    fAcc:  0.500      Maxd:  1.56718    E*/N:  -4.06685   P*:     0.27139    P*cold: -0.44861   Mu*_xs: -2.76262   Cv*/N_xs:  0.59553         E(kJ/mol): -4.056     P(bar):    0.079     
Step:  3559999    NAcc:  1780000    fAcc:  0.500      Maxd:  0.56538    E*/N:  -3.97422   P*:     0.27149    P*cold: -0.44851   Mu*_xs: -2.76349   Cv*/N_xs:  0.59585         E(kJ/mol): -3.964     P(bar):    0.374     
Step:  3579999    NAcc:  1790000    fAcc:  0.500      Maxd:  0.25618    E*/N:  -4.05130   P*:     0.27076    P*cold: -0.44924   Mu*_xs: -2.76239   Cv*/N_xs:  0.59894         E(kJ/mol): -4.041     P(bar):    0.140     
Step:  3599999    NAcc:  1800003    fAcc:  0.500      Maxd:  0.79722    E*/N:  -4.10925   P*:     0.26921    P*cold: -0.45079   Mu*_xs: -2.76152   Cv*/N_xs:  0.59959         E(kJ/mol): -4.098     P(bar):    -0.122    
Step:  3619999    NAcc:  1810000    fAcc:  0.500      Maxd:  0.29638    E*/N:  -4.01321   P*:     0.26944    P*cold: -0.45056   Mu*_xs: -2.76484   Cv*/N_xs:  0.60179         E(kJ/mol): -4.003     P(bar):    0.221     
Step:  3639999    NAcc:  1820001    fAcc:  0.500      Maxd:  0.88768    E*/N:  -3.98374   P*:     0.26909    P*cold: -0.45091   Mu*_xs: -2.76445   Cv*/N_xs:  0.60126         E(kJ/mol): -3.973     P(bar):    0.231     
Step:  3659999    NAcc:  1830002    fAcc:  0.500      Maxd:  1.99230    E*/N:  -4.00390   P*:     0.26874    P*cold: -0.45126   Mu*_xs: -2.76364   Cv*/N_xs:  0.59927         E(kJ/mol): -3.993     P(bar):    0.228     
Step:  3679999    NAcc:  1840001    fAcc:  0.500      Maxd:  0.45257    E*/N:  -4.05496   P*:     0.26958    P*cold: -0.45042   Mu*_xs: -2.76221   Cv*/N_xs:  0.60542         E(kJ/mol): -4.044     P(bar):    0.202     
Step:  3699999    NAcc:  1849998    fAcc:  0.500      Maxd:  1.40102    E*/N:  -4.04246   P*:     0.26944    P*cold: -0.45056   Mu*_xs: -2.76166   Cv*/N_xs:  0.60285         E(kJ/mol): -4.032     P(bar):    0.138     
Step:  3719999    NAcc:  1860000    fAcc:  0.500      Maxd:  0.30400    E*/N:  -4.00709   P*:     0.26989    P*cold: -0.45011   Mu*_xs: -2.76066   Cv*/N_xs:  0.60093         E(kJ/mol): -3.997     P(bar):    0.284     
Step:  3739999    NAcc:  1869997    fAcc:  0.500      Maxd:  0.31946    E*/N:  -4.04863   P*:     0.26891    P*cold: -0.45109   Mu*_xs: -2.76226   Cv*/N_xs:  0.60338         E(kJ/mol): -4.038     P(bar):    0.287     
Step:  3759999    NAcc:  1880000    fAcc:  0.500      Maxd:  0.29229    E*/N:  -4.04166   P*:     0.26793    P*cold: -0.45207   Mu*_xs: -2.76221   Cv*/N_xs:  0.60425         E(kJ/mol): -4.031     P(bar):    0.125     
Step:  3779999    NAcc:  1889999    fAcc:  0.500      Maxd:  0.28392    E*/N:  -3.96712   P*:     0.26790    P*cold: -0.45210   Mu*_xs: -2.76418   Cv*/N_xs:  0.60258         E(kJ/mol): -3.957     P(bar):    0.482     
Step:  3799999    NAcc:  1900001    fAcc:  0.500      Maxd:  0.95132    E*/N:  -4.04645   P*:     0.26753    P*cold: -0.45247   Mu*_xs: -2.76530   Cv*/N_xs:  0.60610         E(kJ/mol): -4.036     P(bar):    0.121     
Step:  3819999    NAcc:  1910000    fAcc:  0.500      Maxd:  0.68680    E*/N:  -3.96881   P*:     0.26821    P*cold: -0.45179   Mu*_xs: -2.76614   Cv*/N_xs:  0.60466         E(kJ/mol): -3.958     P(bar):    0.437     
Step:  3839999    NAcc:  1920001    fAcc:  0.500      Maxd:  1.69154    E*/N:  -4.01728   P*:     0.26879    P*cold: -0.45121   Mu*_xs: -2.76775   Cv*/N_xs:  0.60241         E(kJ/mol): -4.007     P(bar):    0.237     
Step:  3859999    NAcc:  1929999    fAcc:  0.500      Maxd:  0.30579    E*/N:  -4.00795   P*:     0.26836    P*cold: -0.45164   Mu*_xs: -2.77080   Cv*/N_xs:  0.60016         E(kJ/mol): -3.997     P(bar):    0.328     
Step:  3879999    NAcc:  1939999    fAcc:  0.500      Maxd:  0.37419    E*/N:  -4.01106   P*:     0.26823    P*cold: -0.45177   Mu*_xs: -2.77097   Cv*/N_xs:  0.60218         E(kJ/mol): -4.001     P(bar):    0.124     
Step:  3899999    NAcc:  1950000    fAcc:  0.500      Maxd:  0.65018    E*/N:  -3.95945   P*:     0.26772    P*cold: -0.45228   Mu*_xs: -2.76982   Cv*/N_xs:  0.60118         E(kJ/mol): -3.949     P(bar):    0.319     
Step:  3919999    NAcc:  1960000    fAcc:  0.500      Maxd:  0.42550    E*/N:  -4.03651   P*:     0.26747    P*cold: -0.45253   Mu*_xs: -2.76869   Cv*/N_xs:  0.60275         E(kJ/mol): -4.026     P(bar):    0.190     
Step:  3939999    NAcc:  1970001    fAcc:  0.500      Maxd:  1.52506    E*/N:  -4.01745   P*:     0.26647    P*cold: -0.45353   Mu*_xs: -2.76896   Cv*/N_xs:  0.60019         E(kJ/mol): -4.007     P(bar):    0.092     
Step:  3959999    NAcc:  1979998    fAcc:  0.500      Maxd:  0.28862    E*/N:  -3.96919   P*:     0.26644    P*cold: -0.45356   Mu*_xs: -2.76618   Cv*/N_xs:  0.60062         E(kJ/mol): -3.959     P(bar):    0.381     
Step:  3979999    NAcc:  1990001    fAcc:  0.500      Maxd:  0.58927    E*/N:  -4.03479   P*:     0.26574    P*cold: -0.45426   Mu*_xs: -2.76729   Cv*/N_xs:  0.59947         E(kJ/mol): -4.024     P(bar):    0.154     
Step:  3999999    NAcc:  1999999    fAcc:  0.500      Maxd:  0.31872    E*/N:  -3.97817   P*:     0.26506    P*cold: -0.45494   Mu*_xs: -2.76644   Cv*/N_xs:  0.59993         E(kJ/mol): -3.968     P(bar):    0.313     
Step:  4019999    NAcc:  2010001    fAcc:  0.500      Maxd:  0.62470    E*/N:  -4.03142   P*:     0.26557    P*cold: -0.45443   Mu*_xs: -2.76876   Cv*/N_xs:  0.60035         E(kJ/mol): -4.021     P(bar):    0.213     
Step:  4039999    NAcc:  2019999    fAcc:  0.500      Maxd:  0.29715    E*/N:  -4.07601   P*:     0.26519    P*cold: -0.45481   Mu*_xs: -2.76913   Cv*/N_xs:  0.59831         E(kJ/mol): -4.065     P(bar):    -0.011    
Step:  4059999    NAcc:  2029999    fAcc:  0.500      Maxd:  0.28771    E*/N:  -3.96835   P*:     0.26491    P*cold: -0.45509   Mu*_xs: -2.76873   Cv*/N_xs:  0.59669         E(kJ/mol): -3.958     P(bar):    0.418     
Step:  4079999    NAcc:  2040000    fAcc:  0.500      Maxd:  0.61897    E*/N:  -3.99356   P*:     0.26555    P*cold: -0.45445   Mu*_xs: -2.77063   Cv*/N_xs:  0.59511         E(kJ/mol): -3.983     P(bar):    0.354     
Step:  4099999    NAcc:  2049999    fAcc:  0.500      Maxd:  0.29546    E*/N:  -4.01474   P*:     0.26593    P*cold: -0.45407   Mu*_xs: -2.77232   Cv*/N_xs:  0.59379         E(kJ/mol): -4.004     P(bar):    0.392     
Step:  4119999    NAcc:  2059997    fAcc:  0.500      Maxd:  0.29732    E*/N:  -3.99832   P*:     0.26696    P*cold: -0.45304   Mu*_xs: -2.77233   Cv*/N_xs:  0.59335         E(kJ/mol): -3.988     P(bar):    0.402     
Step:  4139999    NAcc:  2070001    fAcc:  0.500      Maxd:  0.40794    E*/N:  -4.06390   P*:     0.26741    P*cold: -0.45259   Mu*_xs: -2.77078   Cv*/N_xs:  0.59318         E(kJ/mol): -4.053     P(bar):    0.254     
Step:  4159999    NAcc:  2080001    fAcc:  0.500      Maxd:  0.45387    E*/N:  -4.07460   P*:     0.26751    P*cold: -0.45249   Mu*_xs: -2.77028   Cv*/N_xs:  0.59515         E(kJ/mol): -4.064     P(bar):    0.114     
Step:  4179999    NAcc:  2089997    fAcc:  0.500      Maxd:  0.26644    E*/N:  -4.03312   P*:     0.26743    P*cold: -0.45257   Mu*_xs: -2.76960   Cv*/N_xs:  0.59307         E(kJ/mol): -4.023     P(bar):    0.271     
Step:  4199999    NAcc:  2100001    fAcc:  0.500      Maxd:  0.40217    E*/N:  -4.02275   P*:     0.26749    P*cold: -0.45251   Mu*_xs: -2.77054   Cv*/N_xs:  0.59296         E(kJ/mol): -4.012     P(bar):    0.304     
Step:  4219999    NAcc:  2109999    fAcc:  0.500      Maxd:  0.34763    E*/N:  -4.07288   P*:     0.26824    P*cold: -0.45176   Mu*_xs: -2.77058   Cv*/N_xs:  0.59214         E(kJ/mol): -4.062     P(bar):    0.291     
Step:  4239999    NAcc:  2120000    fAcc:  0.500      Maxd:  1.06516    E*/N:  -4.01677   P*:     0.26928    P*cold: -0.45072   Mu*_xs: -2.76975   Cv*/N_xs:  0.59235         E(kJ/mol): -4.006     P(bar):    0.477     
Step:  4259999    NAcc:  2130000    fAcc:  0.500      Maxd:  0.30329    E*/N:  -4.08436   P*:     0.26950    P*cold: -0.45050   Mu*_xs: -2.77142   Cv*/N_xs:  0.59269         E(kJ/mol): -4.074     P(bar):    0.010     
Step:  4279999    NAcc:  2140000    fAcc:  0.500      Maxd:  0.56583    E*/N:  -3.98544   P*:     0.26829    P*cold: -0.45171   Mu*_xs: -2.77039   Cv*/N_xs:  0.59106         E(kJ/mol): -3.975     P(bar):    0.308     
Step:  4299999    NAcc:  2150002    fAcc:  0.500      Maxd:  0.60285    E*/N:  -4.03118   P*:     0.26858    P*cold: -0.45142   Mu*_xs: -2.77081   Cv*/N_xs:  0.58872         E(kJ/mol): -4.021     P(bar):    0.216     
Step:  4319999    NAcc:  2159999    fAcc:  0.500      Maxd:  0.35674    E*/N:  -4.02808   P*:     0.26823    P*cold: -0.45177   Mu*_xs: -2.76930   Cv*/N_xs:  0.59050         E(kJ/mol): -4.018     P(bar):    0.228     
Step:  4339999    NAcc:  2169997    fAcc:  0.500      Maxd:  0.51385    E*/N:  -4.02810   P*:     0.26790    P*cold: -0.45210   Mu*_xs: -2.76929   Cv*/N_xs:  0.58872         E(kJ/mol): -4.018     P(bar):    0.135     
Step:  4359999    NAcc:  2179997    fAcc:  0.500      Maxd:  1.27896    E*/N:  -4.05717   P*:     0.26671    P*cold: -0.45329   Mu*_xs: -2.76771   Cv*/N_xs:  0.58815         E(kJ/mol): -4.047     P(bar):    -0.024    
Step:  4379999    NAcc:  2189999    fAcc:  0.500      Maxd:  0.29434    E*/N:  -4.00425   P*:     0.26550    P*cold: -0.45450   Mu*_xs: -2.76897   Cv*/N_xs:  0.58533         E(kJ/mol): -3.994     P(bar):    0.131     
Step:  4399999    NAcc:  2200001    fAcc:  0.500      Maxd:  0.39604    E*/N:  -4.06721   P*:     0.26441    P*cold: -0.45559   Mu*_xs: -2.76708   Cv*/N_xs:  0.58643         E(kJ/mol): -4.057     P(bar):    -0.044    
Step:  4419999    NAcc:  2210003    fAcc:  0.500      Maxd:  0.85332    E*/N:  -4.00304   P*:     0.26369    P*cold: -0.45631   Mu*_xs: -2.76623   Cv*/N_xs:  0.58715         E(kJ/mol): -3.993     P(bar):    0.179     
Step:  4439999    NAcc:  2219998    fAcc:  0.500      Maxd:  0.30447    E*/N:  -4.03626   P*:     0.26375    P*cold: -0.45625   Mu*_xs: -2.76638   Cv*/N_xs:  0.58689         E(kJ/mol): -4.026     P(bar):    0.069     
Step:  4459999    NAcc:  2230001    fAcc:  0.500      Maxd:  0.43867    E*/N:  -4.01029   P*:     0.26329    P*cold: -0.45671   Mu*_xs: -2.76557   Cv*/N_xs:  0.58794         E(kJ/mol): -4.000     P(bar):    0.248     
Step:  4479999    NAcc:  2239999    fAcc:  0.500      Maxd:  0.27353    E*/N:  -4.01402   P*:     0.26441    P*cold: -0.45559   Mu*_xs: -2.76743   Cv*/N_xs:  0.59071         E(kJ/mol): -4.004     P(bar):    0.325     
Step:  4499999    NAcc:  2250000    fAcc:  0.500      Maxd:  0.64497    E*/N:  -4.02914   P*:     0.26424    P*cold: -0.45576   Mu*_xs: -2.76656   Cv*/N_xs:  0.58827         E(kJ/mol): -4.019     P(bar):    0.202     
Step:  4519999    NAcc:  2260000    fAcc:  0.500      Maxd:  0.27306    E*/N:  -4.03781   P*:     0.26452    P*cold: -0.45548   Mu*_xs: -2.76823   Cv*/N_xs:  0.58691         E(kJ/mol): -4.027     P(bar):    0.217     
Step:  4539999    NAcc:  2270000    fAcc:  0.500      Maxd:  0.31058    E*/N:  -4.02430   P*:     0.26409    P*cold: -0.45591   Mu*_xs: -2.76618   Cv*/N_xs:  0.58498         E(kJ/mol): -4.014     P(bar):    0.126     
Step:  4559999    NAcc:  2280000    fAcc:  0.500      Maxd:  0.31332    E*/N:  -4.03302   P*:     0.26292    P*cold: -0.45708   Mu*_xs: -2.76441   Cv*/N_xs:  0.58342         E(kJ/mol): -4.022     P(bar):    0.147     
Step:  4579999    NAcc:  2289998    fAcc:  0.500      Maxd:  0.28211    E*/N:  -3.93890   P*:     0.26325    P*cold: -0.45675   Mu*_xs: -2.76444   Cv*/N_xs:  0.58304         E(kJ/mol): -3.929     P(bar):    0.494     
Step:  4599999    NAcc:  2300001    fAcc:  0.500      Maxd:  0.77908    E*/N:  -3.98233   P*:     0.26382    P*cold: -0.45618   Mu*_xs: -2.76509   Cv*/N_xs:  0.58269         E(kJ/mol): -3.972     P(bar):    0.329     
Step:  4619999    NAcc:  2310000    fAcc:  0.500      Maxd:  0.44026    E*/N:  -4.02675   P*:     0.26378    P*cold: -0.45622   Mu*_xs: -2.76412   Cv*/N_xs:  0.58243         E(kJ/mol): -4.016     P(bar):    0.082     
Step:  4639999    NAcc:  2319999    fAcc:  0.500      Maxd:  0.91546    E*/N:  -4.00964   P*:     0.26305    P*cold: -0.45695   Mu*_xs: -2.76434   Cv*/N_xs:  0.58029         E(kJ/mol): -3.999     P(bar):    0.220     
Step:  4659999    NAcc:  2330001    fAcc:  0.500      Maxd:  0.39622    E*/N:  -3.95205   P*:     0.26413    P*cold: -0.45587   Mu*_xs: -2.76425   Cv*/N_xs:  0.58421         E(kJ/mol): -3.942     P(bar):    0.370     
Step:  4679999    NAcc:  2339999    fAcc:  0.500      Maxd:  0.27904    E*/N:  -3.98641   P*:     0.26376    P*cold: -0.45624   Mu*_xs: -2.76212   Cv*/N_xs:  0.58346         E(kJ/mol): -3.976     P(bar):    0.295     
Step:  4699999    NAcc:  2349998    fAcc:  0.500      Maxd:  0.65631    E*/N:  -4.02362   P*:     0.26419    P*cold: -0.45581   Mu*_xs: -2.76249   Cv*/N_xs:  0.58558         E(kJ/mol): -4.013     P(bar):    0.178     
Step:  4719999    NAcc:  2359998    fAcc:  0.500      Maxd:  0.30660    E*/N:  -4.06280   P*:     0.26469    P*cold: -0.45531   Mu*_xs: -2.76355   Cv*/N_xs:  0.58923         E(kJ/mol): -4.052     P(bar):    0.170     
Step:  4739999    NAcc:  2370001    fAcc:  0.500      Maxd:  0.64122    E*/N:  -4.01964   P*:     0.26390    P*cold: -0.45610   Mu*_xs: -2.76323   Cv*/N_xs:  0.58869         E(kJ/mol): -4.009     P(bar):    0.163     
Step:  4759999    NAcc:  2380000    fAcc:  0.500      Maxd:  0.31716    E*/N:  -4.09880   P*:     0.26251    P*cold: -0.45749   Mu*_xs: -2.76097   Cv*/N_xs:  0.59262         E(kJ/mol): -4.088     P(bar):    -0.132    
Step:  4779999    NAcc:  2390000    fAcc:  0.500      Maxd:  0.42217    E*/N:  -4.00633   P*:     0.26183    P*cold: -0.45817   Mu*_xs: -2.76000   Cv*/N_xs:  0.59495         E(kJ/mol): -3.996     P(bar):    0.144     
Step:  4799999    NAcc:  2400000    fAcc:  0.500      Maxd:  0.26523    E*/N:  -4.04055   P*:     0.26267    P*cold: -0.45733   Mu*_xs: -2.76021   Cv*/N_xs:  0.59417         E(kJ/mol): -4.030     P(bar):    0.238     
Step:  4819999    NAcc:  2410001    fAcc:  0.500      Maxd:  1.11953    E*/N:  -4.05492   P*:     0.26121    P*cold: -0.45879   Mu*_xs: -2.76003   Cv*/N_xs:  0.59912         E(kJ/mol): -4.044     P(bar):    0.151     
Step:  4839999    NAcc:  2419998    fAcc:  0.500      Maxd:  0.29202    E*/N:  -4.04941   P*:     0.26038    P*cold: -0.45962   Mu*_xs: -2.76075   Cv*/N_xs:  0.59946         E(kJ/mol): -4.039     P(bar):    0.178     
Step:  4859999    NAcc:  2429999    fAcc:  0.500      Maxd:  0.83919    E*/N:  -4.04523   P*:     0.25895    P*cold: -0.46105   Mu*_xs: -2.76100   Cv*/N_xs:  0.60075         E(kJ/mol): -4.035     P(bar):    0.010     
Step:  4879999    NAcc:  2440001    fAcc:  0.500      Maxd:  0.53736    E*/N:  -4.04188   P*:     0.25817    P*cold: -0.46183   Mu*_xs: -2.75991   Cv*/N_xs:  0.59914         E(kJ/mol): -4.031     P(bar):    0.115     
Step:  4899999    NAcc:  2449999    fAcc:  0.500      Maxd:  0.61750    E*/N:  -3.99500   P*:     0.25699    P*cold: -0.46301   Mu*_xs: -2.75728   Cv*/N_xs:  0.59833         E(kJ/mol): -3.985     P(bar):    0.217     
Step:  4919999    NAcc:  2460001    fAcc:  0.500      Maxd:  0.38902    E*/N:  -4.02623   P*:     0.25724    P*cold: -0.46276   Mu*_xs: -2.75741   Cv*/N_xs:  0.59867         E(kJ/mol): -4.016     P(bar):    0.112     
Step:  4939999    NAcc:  2469998    fAcc:  0.500      Maxd:  0.26163    E*/N:  -3.97212   P*:     0.25741    P*cold: -0.46259   Mu*_xs: -2.75810   Cv*/N_xs:  0.59827         E(kJ/mol): -3.962     P(bar):    0.384     
Step:  4959999    NAcc:  2479998    fAcc:  0.500      Maxd:  0.44626    E*/N:  -3.95893   P*:     0.25754    P*cold: -0.46246   Mu*_xs: -2.75747   Cv*/N_xs:  0.60141         E(kJ/mol): -3.949     P(bar):    0.351     
Step:  4979999    NAcc:  2489996    fAcc:  0.500      Maxd:  0.29692    E*/N:  -4.02447   P*:     0.25772    P*cold: -0.46228   Mu*_xs: -2.75789   Cv*/N_xs:  0.60720         E(kJ/mol): -4.014     P(bar):    0.153     
Step:  4999999    NAcc:  2499998    fAcc:  0.500      Maxd:  0.27674    E*/N:  -4.05986   P*:     0.25723    P*cold: -0.46277   Mu*_xs: -2.75853   Cv*/N_xs:  0.60759         E(kJ/mol): -4.049     P(bar):    0.165     
# Computed average properties: 
 # E*/N:  -4.02391  
 # P*:     0.25723   
 # Cv*/N_xs:   0.60759        
 # Mu*_xs:  -2.75853  
