# Number of atoms:       500
# Atom type:             Ar
# Molar Mass (g/mol):    39.948
# Density (g/cm^3):      0.844174
# LJ sigma (Angstrom):   3.4
# LJ epsilon/kB (K):     120
# LJ cutoff (Angstrom):  13.6
# LJ cutoff (sigma):     4
# Temperature (K):       144
# Number MC steps:       5e+06
# Output frequency:      20000
# Num. den. (atoms/Ang): 0.0127214
# Box length (x):        34
# Box length (y):        34
# Box length (z):        34
# Init. spacing (Ang):   3.77778
# reduc. density (rho*): 0.5
# reduc. temp (T*):      1.2
Step:  19999      NAcc:  9999       fAcc:  0.500      Maxd:  0.61825    E*/N:  -3.61342   P*:     nan        P*cold: nan        Mu*_xs: -0.00000   Cv*/N_xs:  0.00000         E(kJ/mol): -3.604     P(bar):    0.261     
Step:  39999      NAcc:  20000      fAcc:  0.500      Maxd:  0.31237    E*/N:  -3.55867   P*:     nan        P*cold: nan        Mu*_xs: -0.00000   Cv*/N_xs:  0.00000         E(kJ/mol): -3.549     P(bar):    0.229     
Step:  59999      NAcc:  30001      fAcc:  0.500      Maxd:  4.00968    E*/N:  -3.57082   P*:     nan        P*cold: nan        Mu*_xs: -0.00000   Cv*/N_xs:  0.00000         E(kJ/mol): -3.561     P(bar):    0.070     
Step:  79999      NAcc:  40000      fAcc:  0.500      Maxd:  0.31815    E*/N:  -3.48176   P*:     nan        P*cold: nan        Mu*_xs: -0.00000   Cv*/N_xs:  0.00000         E(kJ/mol): -3.473     P(bar):    0.157     
Step:  99999      NAcc:  50002      fAcc:  0.500      Maxd:  2.68595    E*/N:  -3.57122   P*:     nan        P*cold: nan        Mu*_xs: -0.00000   Cv*/N_xs:  0.00000         E(kJ/mol): -3.562     P(bar):    -0.071    
Step:  119999     NAcc:  60000      fAcc:  0.500      Maxd:  0.32484    E*/N:  -3.47835   P*:     nan        P*cold: nan        Mu*_xs: -0.00000   Cv*/N_xs:  0.00000         E(kJ/mol): -3.469     P(bar):    0.029     
Step:  139999     NAcc:  69999      fAcc:  0.500      Maxd:  0.64262    E*/N:  -3.46542   P*:     nan        P*cold: nan        Mu*_xs: -0.00000   Cv*/N_xs:  0.00000         E(kJ/mol): -3.456     P(bar):    0.079     
Step:  159999     NAcc:  80000      fAcc:  0.500      Maxd:  0.64392    E*/N:  -3.43592   P*:     nan        P*cold: nan        Mu*_xs: -0.00000   Cv*/N_xs:  0.00000         E(kJ/mol): -3.427     P(bar):    0.127     
Step:  179999     NAcc:  90001      fAcc:  0.500      Maxd:  0.61740    E*/N:  -3.41392   P*:     nan        P*cold: nan        Mu*_xs: -0.00000   Cv*/N_xs:  0.00000         E(kJ/mol): -3.405     P(bar):    0.166     
Step:  199999     NAcc:  100001     fAcc:  0.500      Maxd:  0.42833    E*/N:  -3.47828   P*:     nan        P*cold: nan        Mu*_xs: -0.00000   Cv*/N_xs:  0.00000         E(kJ/mol): -3.469     P(bar):    0.138     
Step:  219999     NAcc:  110000     fAcc:  0.500      Maxd:  2.38315    E*/N:  -3.40835   P*:     nan        P*cold: nan        Mu*_xs: -0.00000   Cv*/N_xs:  0.00000         E(kJ/mol): -3.399     P(bar):    0.059     
Step:  239999     NAcc:  119997     fAcc:  0.500      Maxd:  0.29940    E*/N:  -3.45129   P*:     nan        P*cold: nan        Mu*_xs: -0.00000   Cv*/N_xs:  0.00000         E(kJ/mol): -3.442     P(bar):    0.233     
Step:  259999     NAcc:  130001     fAcc:  0.500      Maxd:  1.01761    E*/N:  -3.39258   P*:     nan        P*cold: nan        Mu*_xs: -0.00000   Cv*/N_xs:  0.00000         E(kJ/mol): -3.384     P(bar):    0.277     
Step:  279999     NAcc:  139999     fAcc:  0.500      Maxd:  0.76603    E*/N:  -3.45280   P*:     nan        P*cold: nan        Mu*_xs: -0.00000   Cv*/N_xs:  0.00000         E(kJ/mol): -3.444     P(bar):    0.237     
Step:  299999     NAcc:  150000     fAcc:  0.500      Maxd:  0.32923    E*/N:  -3.46706   P*:     nan        P*cold: nan        Mu*_xs: -0.00000   Cv*/N_xs:  0.00000         E(kJ/mol): -3.458     P(bar):    0.218     
Step:  319999     NAcc:  160000     fAcc:  0.500      Maxd:  0.31409    E*/N:  -3.47598   P*:     nan        P*cold: nan        Mu*_xs: -0.00000   Cv*/N_xs:  0.00000         E(kJ/mol): -3.467     P(bar):    -0.108    
Step:  339999     NAcc:  170001     fAcc:  0.500      Maxd:  0.98114    E*/N:  -3.40264   P*:     nan        P*cold: nan        Mu*_xs: -0.00000   Cv*/N_xs:  0.00000         E(kJ/mol): -3.394     P(bar):    0.037     
Step:  359999     NAcc:  180001     fAcc:  0.500      Maxd:  0.42849    E*/N:  -3.42966   P*:     nan        P*cold: nan        Mu*_xs: -0.00000   Cv*/N_xs:  0.00000         E(kJ/mol): -3.421     P(bar):    -0.001    
Step:  379999     NAcc:  190003     fAcc:  0.500      Maxd:  1.33513    E*/N:  -3.41730   P*:     nan        P*cold: nan        Mu*_xs: -0.00000   Cv*/N_xs:  0.00000         E(kJ/mol): -3.408     P(bar):    0.193     
Step:  399999     NAcc:  200002     fAcc:  0.500      Maxd:  0.98883    E*/N:  -3.40224   P*:     nan        P*cold: nan        Mu*_xs: -0.00000   Cv*/N_xs:  0.00000         E(kJ/mol): -3.393     P(bar):    0.168     
Step:  419999     NAcc:  209998     fAcc:  0.500      Maxd:  0.28177    E*/N:  -3.42049   P*:     nan        P*cold: nan        Mu*_xs: -0.00000   Cv*/N_xs:  0.00000         E(kJ/mol): -3.412     P(bar):    0.107     
Step:  439999     NAcc:  219999     fAcc:  0.500      Maxd:  0.30209    E*/N:  -3.39864   P*:     nan        P*cold: nan        Mu*_xs: -0.00000   Cv*/N_xs:  0.00000         E(kJ/mol): -3.390     P(bar):    0.085     
Step:  459999     NAcc:  229998     fAcc:  0.500      Maxd:  0.32274    E*/N:  -3.31987   P*:     nan        P*cold: nan        Mu*_xs: -0.00000   Cv*/N_xs:  0.00000         E(kJ/mol): -3.311     P(bar):    0.131     
Step:  479999     NAcc:  240000     fAcc:  0.500      Maxd:  0.28426    E*/N:  -3.35298   P*:     nan        P*cold: nan        Mu*_xs: -0.00000   Cv*/N_xs:  0.00000         E(kJ/mol): -3.344     P(bar):    0.017     
Step:  499999     NAcc:  250000     fAcc:  0.500      Maxd:  1.73471    E*/N:  -3.33624   P*:     nan        P*cold: nan        Mu*_xs: -0.00000   Cv*/N_xs:  0.00000         E(kJ/mol): -3.328     P(bar):    0.146     
Step:  519999     NAcc:  260002     fAcc:  0.500      Maxd:  0.63993    E*/N:  -3.38842   P*:     nan        P*cold: nan        Mu*_xs: -0.00000   Cv*/N_xs:  0.00000         E(kJ/mol): -3.380     P(bar):    -0.013    
Step:  539999     NAcc:  269999     fAcc:  0.500      Maxd:  1.66496    E*/N:  -3.40688   P*:     nan        P*cold: nan        Mu*_xs: -0.00000   Cv*/N_xs:  0.00000         E(kJ/mol): -3.398     P(bar):    -0.060    
Step:  559999     NAcc:  279999     fAcc:  0.500      Maxd:  1.17052    E*/N:  -3.39678   P*:     nan        P*cold: nan        Mu*_xs: -0.00000   Cv*/N_xs:  0.00000         E(kJ/mol): -3.388     P(bar):    -0.041    
Step:  579999     NAcc:  290000     fAcc:  0.500      Maxd:  0.40236    E*/N:  -3.42707   P*:     nan        P*cold: nan        Mu*_xs: -0.00000   Cv*/N_xs:  0.00000         E(kJ/mol): -3.418     P(bar):    0.018     
Step:  599999     NAcc:  300002     fAcc:  0.500      Maxd:  0.69060    E*/N:  -3.38632   P*:     nan        P*cold: nan        Mu*_xs: -0.00000   Cv*/N_xs:  0.00000         E(kJ/mol): -3.377     P(bar):    0.023     
Step:  619999     NAcc:  310001     fAcc:  0.500      Maxd:  0.88604    E*/N:  -3.44664   P*:     nan        P*cold: nan        Mu*_xs: -0.00000   Cv*/N_xs:  0.00000         E(kJ/mol): -3.438     P(bar):    -0.059    
Step:  639999     NAcc:  320000     fAcc:  0.500      Maxd:  0.33691    E*/N:  -3.47147   P*:     nan        P*cold: nan        Mu*_xs: -0.00000   Cv*/N_xs:  0.00000         E(kJ/mol): -3.462     P(bar):    -0.022    
Step:  659999     NAcc:  330002     fAcc:  0.500      Maxd:  0.85340    E*/N:  -3.44930   P*:     nan        P*cold: nan        Mu*_xs: -0.00000   Cv*/N_xs:  0.00000         E(kJ/mol): -3.440     P(bar):    -0.021    
Step:  679999     NAcc:  340000     fAcc:  0.500      Maxd:  0.30382    E*/N:  -3.40218   P*:     nan        P*cold: nan        Mu*_xs: -0.00000   Cv*/N_xs:  0.00000         E(kJ/mol): -3.393     P(bar):    0.074     
Step:  699999     NAcc:  349999     fAcc:  0.500      Maxd:  0.27756    E*/N:  -3.40913   P*:     nan        P*cold: nan        Mu*_xs: -0.00000   Cv*/N_xs:  0.00000         E(kJ/mol): -3.400     P(bar):    0.045     
Step:  719999     NAcc:  359998     fAcc:  0.500      Maxd:  0.32104    E*/N:  -3.43533   P*:     nan        P*cold: nan        Mu*_xs: -0.00000   Cv*/N_xs:  0.00000         E(kJ/mol): -3.426     P(bar):    -0.027    
Step:  739999     NAcc:  370001     fAcc:  0.500      Maxd:  0.47844    E*/N:  -3.36596   P*:     nan        P*cold: nan        Mu*_xs: -0.00000   Cv*/N_xs:  0.00000         E(kJ/mol): -3.357     P(bar):    0.268     
Step:  759999     NAcc:  380000     fAcc:  0.500      Maxd:  0.29300    E*/N:  -3.33977   P*:     nan        P*cold: nan        Mu*_xs: -0.00000   Cv*/N_xs:  0.00000         E(kJ/mol): -3.331     P(bar):    0.184     
Step:  779999     NAcc:  390000     fAcc:  0.500      Maxd:  0.34446    E*/N:  -3.33043   P*:     nan        P*cold: nan        Mu*_xs: -0.00000   Cv*/N_xs:  0.00000         E(kJ/mol): -3.322     P(bar):    0.235     
Step:  799999     NAcc:  399999     fAcc:  0.500      Maxd:  0.36334    E*/N:  -3.33790   P*:     nan        P*cold: nan        Mu*_xs: -0.00000   Cv*/N_xs:  0.00000         E(kJ/mol): -3.329     P(bar):    0.245     
Step:  819999     NAcc:  410000     fAcc:  0.500      Maxd:  0.41264    E*/N:  -3.39099   P*:     nan        P*cold: nan        Mu*_xs: -0.00000   Cv*/N_xs:  0.00000         E(kJ/mol): -3.382     P(bar):    0.049     
Step:  839999     NAcc:  420000     fAcc:  0.500      Maxd:  1.35722    E*/N:  -3.42251   P*:     nan        P*cold: nan        Mu*_xs: -0.00000   Cv*/N_xs:  0.00000         E(kJ/mol): -3.414     P(bar):    0.011     
Step:  859999     NAcc:  429999     fAcc:  0.500      Maxd:  0.56604    E*/N:  -3.39277   P*:     nan        P*cold: nan        Mu*_xs: -0.00000   Cv*/N_xs:  0.00000         E(kJ/mol): -3.384     P(bar):    0.182     
Step:  879999     NAcc:  439999     fAcc:  0.500      Maxd:  0.33715    E*/N:  -3.38802   P*:     nan        P*cold: nan        Mu*_xs: -0.00000   Cv*/N_xs:  0.00000         E(kJ/mol): -3.379     P(bar):    0.134     
Step:  899999     NAcc:  450000     fAcc:  0.500      Maxd:  0.45947    E*/N:  -3.45230   P*:     nan        P*cold: nan        Mu*_xs: -0.00000   Cv*/N_xs:  0.00000         E(kJ/mol): -3.443     P(bar):    0.032     
Step:  919999     NAcc:  460000     fAcc:  0.500      Maxd:  0.29385    E*/N:  -3.43753   P*:     nan        P*cold: nan        Mu*_xs: -0.00000   Cv*/N_xs:  0.00000         E(kJ/mol): -3.429     P(bar):    0.116     
Step:  939999     NAcc:  470000     fAcc:  0.500      Maxd:  0.74674    E*/N:  -3.49525   P*:     nan        P*cold: nan        Mu*_xs: -0.00000   Cv*/N_xs:  0.00000         E(kJ/mol): -3.486     P(bar):    0.025     
Step:  959999     NAcc:  480000     fAcc:  0.500      Maxd:  0.81130    E*/N:  -3.41022   P*:     nan        P*cold: nan        Mu*_xs: -0.00000   Cv*/N_xs:  0.00000         E(kJ/mol): -3.401     P(bar):    0.057     
Step:  979999     NAcc:  490001     fAcc:  0.500      Maxd:  1.34284    E*/N:  -3.39295   P*:     nan        P*cold: nan        Mu*_xs: -0.00000   Cv*/N_xs:  0.00000         E(kJ/mol): -3.384     P(bar):    -0.012    
Step:  999999     NAcc:  500000     fAcc:  0.500      Maxd:  0.70199    E*/N:  -3.36894   P*:     nan        P*cold: nan        Mu*_xs: -0.00000   Cv*/N_xs:  0.00000         E(kJ/mol): -3.360     P(bar):    0.130     
Step:  1019999    NAcc:  510000     fAcc:  0.500      Maxd:  0.33905    E*/N:  -3.44412   P*:     nan        P*cold: nan        Mu*_xs: -0.00000   Cv*/N_xs:  0.00000         E(kJ/mol): -3.435     P(bar):    -0.043    
Step:  1039999    NAcc:  519998     fAcc:  0.500      Maxd:  0.44314    E*/N:  -3.37682   P*:     nan        P*cold: nan        Mu*_xs: -0.00000   Cv*/N_xs:  0.00000         E(kJ/mol): -3.368     P(bar):    -0.044    
Step:  1059999    NAcc:  530000     fAcc:  0.500      Maxd:  1.27221    E*/N:  -3.31307   P*:     nan        P*cold: nan        Mu*_xs: -0.00000   Cv*/N_xs:  0.00000         E(kJ/mol): -3.304     P(bar):    0.175     
Step:  1079999    NAcc:  540000     fAcc:  0.500      Maxd:  0.45633    E*/N:  -3.45221   P*:     nan        P*cold: nan        Mu*_xs: -0.00000   Cv*/N_xs:  0.00000         E(kJ/mol): -3.443     P(bar):    -0.126    
Step:  1099999    NAcc:  550000     fAcc:  0.500      Maxd:  0.80069    E*/N:  -3.42354   P*:     nan        P*cold: nan        Mu*_xs: -0.00000   Cv*/N_xs:  0.00000         E(kJ/mol): -3.415     P(bar):    0.020     
Step:  1119999    NAcc:  560001     fAcc:  0.500      Maxd:  0.57086    E*/N:  -3.40828   P*:     nan        P*cold: nan        Mu*_xs: -0.00000   Cv*/N_xs:  0.00000         E(kJ/mol): -3.399     P(bar):    0.038     
Step:  1139999    NAcc:  570002     fAcc:  0.500      Maxd:  2.02059    E*/N:  -3.37665   P*:     nan        P*cold: nan        Mu*_xs: -0.00000   Cv*/N_xs:  0.00000         E(kJ/mol): -3.368     P(bar):    0.076     
Step:  1159999    NAcc:  580000     fAcc:  0.500      Maxd:  0.38049    E*/N:  -3.37254   P*:     nan        P*cold: nan        Mu*_xs: -0.00000   Cv*/N_xs:  0.00000         E(kJ/mol): -3.364     P(bar):    0.094     
Step:  1179999    NAcc:  590000     fAcc:  0.500      Maxd:  1.19782    E*/N:  -3.35230   P*:     nan        P*cold: nan        Mu*_xs: -0.00000   Cv*/N_xs:  0.00000         E(kJ/mol): -3.344     P(bar):    0.109     
Step:  1199999    NAcc:  600002     fAcc:  0.500      Maxd:  1.71712    E*/N:  -3.37223   P*:     nan        P*cold: nan        Mu*_xs: -0.00000   Cv*/N_xs:  0.00000         E(kJ/mol): -3.363     P(bar):    0.036     
Step:  1219999    NAcc:  610001     fAcc:  0.500      Maxd:  1.96434    E*/N:  -3.36785   P*:     nan        P*cold: nan        Mu*_xs: -0.00000   Cv*/N_xs:  0.00000         E(kJ/mol): -3.359     P(bar):    0.006     
Step:  1239999    NAcc:  619997     fAcc:  0.500      Maxd:  0.42272    E*/N:  -3.41129   P*:     nan        P*cold: nan        Mu*_xs: -0.00000   Cv*/N_xs:  0.00000         E(kJ/mol): -3.402     P(bar):    0.036     
Step:  1259999    NAcc:  629998     fAcc:  0.500      Maxd:  0.71814    E*/N:  -3.47492   P*:     nan        P*cold: nan        Mu*_xs: -0.00000   Cv*/N_xs:  0.00000         E(kJ/mol): -3.466     P(bar):    0.023     
Step:  1279999    NAcc:  639999     fAcc:  0.500      Maxd:  0.27376    E*/N:  -3.42072   P*:     nan        P*cold: nan        Mu*_xs: -0.00000   Cv*/N_xs:  0.00000         E(kJ/mol): -3.412     P(bar):    -0.047    
Step:  1299999    NAcc:  650002     fAcc:  0.500      Maxd:  1.37278    E*/N:  -3.42498   P*:     nan        P*cold: nan        Mu*_xs: -0.00000   Cv*/N_xs:  0.00000         E(kJ/mol): -3.416     P(bar):    0.150     
Step:  1319999    NAcc:  660000     fAcc:  0.500      Maxd:  0.27993    E*/N:  -3.41118   P*:     nan        P*cold: nan        Mu*_xs: -0.00000   Cv*/N_xs:  0.00000         E(kJ/mol): -3.402     P(bar):    0.071     
Step:  1339999    NAcc:  670001     fAcc:  0.500      Maxd:  0.61213    E*/N:  -3.34629   P*:     nan        P*cold: nan        Mu*_xs: -0.00000   Cv*/N_xs:  0.00000         E(kJ/mol): -3.338     P(bar):    0.223     
Step:  1359999    NAcc:  680001     fAcc:  0.500      Maxd:  0.76002    E*/N:  -3.33908   P*:     nan        P*cold: nan        Mu*_xs: -0.00000   Cv*/N_xs:  0.00000         E(kJ/mol): -3.330     P(bar):    0.089     
Step:  1379999    NAcc:  690003     fAcc:  0.500      Maxd:  0.86467    E*/N:  -3.36136   P*:     nan        P*cold: nan        Mu*_xs: -0.00000   Cv*/N_xs:  0.00000         E(kJ/mol): -3.353     P(bar):    0.087     
Step:  1399999    NAcc:  700000     fAcc:  0.500      Maxd:  1.12448    E*/N:  -3.36018   P*:     nan        P*cold: nan        Mu*_xs: -0.00000   Cv*/N_xs:  0.00000         E(kJ/mol): -3.351     P(bar):    0.136     
Step:  1419999    NAcc:  710000     fAcc:  0.500      Maxd:  0.33645    E*/N:  -3.37296   P*:     nan        P*cold: nan        Mu*_xs: -0.00000   Cv*/N_xs:  0.00000         E(kJ/mol): -3.364     P(bar):    0.039     
Step:  1439999    NAcc:  720000     fAcc:  0.500      Maxd:  2.62965    E*/N:  -3.34108   P*:     nan        P*cold: nan        Mu*_xs: -0.00000   Cv*/N_xs:  0.00000         E(kJ/mol): -3.332     P(bar):    0.163     
Step:  1459999    NAcc:  730001     fAcc:  0.500      Maxd:  3.51356    E*/N:  -3.41012   P*:     nan        P*cold: nan        Mu*_xs: -0.00000   Cv*/N_xs:  0.00000         E(kJ/mol): -3.401     P(bar):    -0.042    
Step:  1479999    NAcc:  740001     fAcc:  0.500      Maxd:  15.16856   E*/N:  -3.39884   P*:     nan        P*cold: nan        Mu*_xs: -0.00000   Cv*/N_xs:  0.00000         E(kJ/mol): -3.390     P(bar):    0.084     
Step:  1499999    NAcc:  750001     fAcc:  0.500      Maxd:  1.71368    E*/N:  -3.34174   P*:     nan        P*cold: nan        Mu*_xs: -0.00000   Cv*/N_xs:  0.00000         E(kJ/mol): -3.333     P(bar):    0.040     
Step:  1519999    NAcc:  760000     fAcc:  0.500      Maxd:  1.58967    E*/N:  -3.37275   P*:     nan        P*cold: nan        Mu*_xs: -0.00000   Cv*/N_xs:  0.00000         E(kJ/mol): -3.364     P(bar):    0.008     
Step:  1539999    NAcc:  770001     fAcc:  0.500      Maxd:  0.56001    E*/N:  -3.29154   P*:     nan        P*cold: nan        Mu*_xs: -0.00000   Cv*/N_xs:  0.00000         E(kJ/mol): -3.283     P(bar):    0.154     
Step:  1559999    NAcc:  780001     fAcc:  0.500      Maxd:  0.73231    E*/N:  -3.41772   P*:     nan        P*cold: nan        Mu*_xs: -0.00000   Cv*/N_xs:  0.00000         E(kJ/mol): -3.409     P(bar):    -0.193    
Step:  1579999    NAcc:  789999     fAcc:  0.500      Maxd:  0.51483    E*/N:  -3.32983   P*:     nan        P*cold: nan        Mu*_xs: -0.00000   Cv*/N_xs:  0.00000         E(kJ/mol): -3.321     P(bar):    0.120     
Step:  1599999    NAcc:  800000     fAcc:  0.500      Maxd:  0.31254    E*/N:  -3.38817   P*:     nan        P*cold: nan        Mu*_xs: -0.00000   Cv*/N_xs:  0.00000         E(kJ/mol): -3.379     P(bar):    -0.007    
Step:  1619999    NAcc:  810002     fAcc:  0.500      Maxd:  1.26803    E*/N:  -3.31555   P*:     nan        P*cold: nan        Mu*_xs: -0.00000   Cv*/N_xs:  0.00000         E(kJ/mol): -3.307     P(bar):    0.165     
Step:  1639999    NAcc:  819997     fAcc:  0.500      Maxd:  0.27729    E*/N:  -3.39587   P*:     nan        P*cold: nan        Mu*_xs: -0.00000   Cv*/N_xs:  0.00000         E(kJ/mol): -3.387     P(bar):    -0.091    
Step:  1659999    NAcc:  830004     fAcc:  0.500      Maxd:  1.55910    E*/N:  -3.37736   P*:     nan        P*cold: nan        Mu*_xs: -0.00000   Cv*/N_xs:  0.00000         E(kJ/mol): -3.369     P(bar):    -0.049    
Step:  1679999    NAcc:  839999     fAcc:  0.500      Maxd:  0.79708    E*/N:  -3.40872   P*:     nan        P*cold: nan        Mu*_xs: -0.00000   Cv*/N_xs:  0.00000         E(kJ/mol): -3.400     P(bar):    0.011     
Step:  1699999    NAcc:  849999     fAcc:  0.500      Maxd:  0.27317    E*/N:  -3.38274   P*:     nan        P*cold: nan        Mu*_xs: -0.00000   Cv*/N_xs:  0.00000         E(kJ/mol): -3.374     P(bar):    0.084     
Step:  1719999    NAcc:  860000     fAcc:  0.500      Maxd:  0.71465    E*/N:  -3.40812   P*:     nan        P*cold: nan        Mu*_xs: -0.00000   Cv*/N_xs:  0.00000         E(kJ/mol): -3.399     P(bar):    0.047     
Step:  1739999    NAcc:  870000     fAcc:  0.500      Maxd:  0.69856    E*/N:  -3.42317   P*:     nan        P*cold: nan        Mu*_xs: -0.00000   Cv*/N_xs:  0.00000         E(kJ/mol): -3.414     P(bar):    0.012     
Step:  1759999    NAcc:  880002     fAcc:  0.500      Maxd:  0.85353    E*/N:  -3.37049   P*:     nan        P*cold: nan        Mu*_xs: -0.00000   Cv*/N_xs:  0.00000         E(kJ/mol): -3.362     P(bar):    0.031     
Step:  1779999    NAcc:  890000     fAcc:  0.500      Maxd:  0.29642    E*/N:  -3.29864   P*:     nan        P*cold: nan        Mu*_xs: -0.00000   Cv*/N_xs:  0.00000         E(kJ/mol): -3.290     P(bar):    0.187     
Step:  1799999    NAcc:  900000     fAcc:  0.500      Maxd:  0.32213    E*/N:  -3.32674   P*:     nan        P*cold: nan        Mu*_xs: -0.00000   Cv*/N_xs:  0.00000         E(kJ/mol): -3.318     P(bar):    0.219     
Step:  1819999    NAcc:  909998     fAcc:  0.500      Maxd:  0.30624    E*/N:  -3.39650   P*:     nan        P*cold: nan        Mu*_xs: -0.00000   Cv*/N_xs:  0.00000         E(kJ/mol): -3.388     P(bar):    0.080     
Step:  1839999    NAcc:  920001     fAcc:  0.500      Maxd:  0.62918    E*/N:  -3.44808   P*:     nan        P*cold: nan        Mu*_xs: -0.00000   Cv*/N_xs:  0.00000         E(kJ/mol): -3.439     P(bar):    0.059     
Step:  1859999    NAcc:  930001     fAcc:  0.500      Maxd:  1.32444    E*/N:  -3.45341   P*:     nan        P*cold: nan        Mu*_xs: -0.00000   Cv*/N_xs:  0.00000         E(kJ/mol): -3.444     P(bar):    0.076     
Step:  1879999    NAcc:  940001     fAcc:  0.500      Maxd:  2.66176    E*/N:  -3.53716   P*:     nan        P*cold: nan        Mu*_xs: -0.00000   Cv*/N_xs:  0.00000         E(kJ/mol): -3.528     P(bar):    -0.173    
Step:  1899999    NAcc:  949999     fAcc:  0.500      Maxd:  0.42455    E*/N:  -3.43640   P*:     nan        P*cold: nan        Mu*_xs: -0.00000   Cv*/N_xs:  0.00000         E(kJ/mol): -3.427     P(bar):    -0.142    
Step:  1919999    NAcc:  960000     fAcc:  0.500      Maxd:  1.32583    E*/N:  -3.38956   P*:     nan        P*cold: nan        Mu*_xs: -0.00000   Cv*/N_xs:  0.00000         E(kJ/mol): -3.381     P(bar):    0.012     
Step:  1939999    NAcc:  970000     fAcc:  0.500      Maxd:  4.02900    E*/N:  -3.36522   P*:     nan        P*cold: nan        Mu*_xs: -0.00000   Cv*/N_xs:  0.00000         E(kJ/mol): -3.356     P(bar):    0.142     
Step:  1959999    NAcc:  979998     fAcc:  0.500      Maxd:  0.29359    E*/N:  -3.37596   P*:     nan        P*cold: nan        Mu*_xs: -0.00000   Cv*/N_xs:  0.00000         E(kJ/mol): -3.367     P(bar):    0.091     
Step:  1979999    NAcc:  989998     fAcc:  0.500      Maxd:  1.00562    E*/N:  -3.41034   P*:     nan        P*cold: nan        Mu*_xs: -0.00000   Cv*/N_xs:  0.00000         E(kJ/mol): -3.401     P(bar):    0.066     
Step:  1999999    NAcc:  1000000    fAcc:  0.500      Maxd:  0.44194    E*/N:  -3.38222   P*:     nan        P*cold: nan        Mu*_xs: -0.00000   Cv*/N_xs:  0.00000         E(kJ/mol): -3.373     P(bar):    0.063     
Step:  2019999    NAcc:  1010001    fAcc:  0.500      Maxd:  0.47775    E*/N:  -3.37844   P*:     0.06502    P*cold: -0.53498   Mu*_xs: -2.83676   Cv*/N_xs:  0.18525         E(kJ/mol): -3.370     P(bar):    0.107     
Step:  2039999    NAcc:  1019999    fAcc:  0.500      Maxd:  1.11833    E*/N:  -3.41609   P*:     0.06203    P*cold: -0.53797   Mu*_xs: -2.84354   Cv*/N_xs:  0.41469         E(kJ/mol): -3.407     P(bar):    -0.044    
Step:  2059999    NAcc:  1030002    fAcc:  0.500      Maxd:  0.62740    E*/N:  -3.38828   P*:     0.08398    P*cold: -0.51602   Mu*_xs: -2.84823   Cv*/N_xs:  0.41230         E(kJ/mol): -3.379     P(bar):    0.030     
Step:  2079999    NAcc:  1040000    fAcc:  0.500      Maxd:  0.32504    E*/N:  -3.38278   P*:     0.07721    P*cold: -0.52279   Mu*_xs: -2.83286   Cv*/N_xs:  0.45734         E(kJ/mol): -3.374     P(bar):    -0.082    
Step:  2099999    NAcc:  1049999    fAcc:  0.500      Maxd:  3.27817    E*/N:  -3.38179   P*:     0.06369    P*cold: -0.53631   Mu*_xs: -2.80076   Cv*/N_xs:  0.43989         E(kJ/mol): -3.373     P(bar):    -0.056    
Step:  2119999    NAcc:  1060000    fAcc:  0.500      Maxd:  0.72299    E*/N:  -3.36196   P*:     0.06783    P*cold: -0.53217   Mu*_xs: -2.79493   Cv*/N_xs:  0.54770         E(kJ/mol): -3.353     P(bar):    0.026     
Step:  2139999    NAcc:  1069999    fAcc:  0.500      Maxd:  0.56821    E*/N:  -3.40168   P*:     0.06687    P*cold: -0.53313   Mu*_xs: -2.79164   Cv*/N_xs:  0.52091         E(kJ/mol): -3.393     P(bar):    0.140     
Step:  2159999    NAcc:  1080000    fAcc:  0.500      Maxd:  3.57150    E*/N:  -3.34407   P*:     0.07534    P*cold: -0.52466   Mu*_xs: -2.77852   Cv*/N_xs:  0.57413         E(kJ/mol): -3.335     P(bar):    0.160     
Step:  2179999    NAcc:  1089999    fAcc:  0.500      Maxd:  0.30549    E*/N:  -3.38253   P*:     0.07796    P*cold: -0.52204   Mu*_xs: -2.77871   Cv*/N_xs:  0.58689         E(kJ/mol): -3.374     P(bar):    0.144     
Step:  2199999    NAcc:  1100003    fAcc:  0.500      Maxd:  0.86526    E*/N:  -3.38407   P*:     0.08198    P*cold: -0.51802   Mu*_xs: -2.78379   Cv*/N_xs:  0.57990         E(kJ/mol): -3.375     P(bar):    0.176     
Step:  2219999    NAcc:  1110001    fAcc:  0.500      Maxd:  1.44548    E*/N:  -3.39621   P*:     0.08837    P*cold: -0.51163   Mu*_xs: -2.78496   Cv*/N_xs:  0.64447         E(kJ/mol): -3.387     P(bar):    0.157     
Step:  2239999    NAcc:  1120000    fAcc:  0.500      Maxd:  0.29476    E*/N:  -3.39465   P*:     0.09903    P*cold: -0.50097   Mu*_xs: -2.79152   Cv*/N_xs:  0.62529         E(kJ/mol): -3.386     P(bar):    0.116     
Step:  2259999    NAcc:  1129998    fAcc:  0.500      Maxd:  0.31263    E*/N:  -3.40837   P*:     0.09761    P*cold: -0.50239   Mu*_xs: -2.78430   Cv*/N_xs:  0.62743         E(kJ/mol): -3.399     P(bar):    0.104     
Step:  2279999    NAcc:  1139999    fAcc:  0.500      Maxd:  0.30475    E*/N:  -3.43537   P*:     0.09827    P*cold: -0.50173   Mu*_xs: -2.78869   Cv*/N_xs:  0.65771         E(kJ/mol): -3.426     P(bar):    0.019     
Step:  2299999    NAcc:  1149998    fAcc:  0.500      Maxd:  0.82656    E*/N:  -3.42691   P*:     0.09794    P*cold: -0.50206   Mu*_xs: -2.77786   Cv*/N_xs:  0.66838         E(kJ/mol): -3.418     P(bar):    0.199     
Step:  2319999    NAcc:  1159998    fAcc:  0.500      Maxd:  1.39684    E*/N:  -3.44311   P*:     0.10451    P*cold: -0.49549   Mu*_xs: -2.76654   Cv*/N_xs:  0.74790         E(kJ/mol): -3.434     P(bar):    0.219     
Step:  2339999    NAcc:  1170000    fAcc:  0.500      Maxd:  0.29192    E*/N:  -3.49291   P*:     0.10691    P*cold: -0.49309   Mu*_xs: -2.75481   Cv*/N_xs:  0.90783         E(kJ/mol): -3.484     P(bar):    0.136     
Step:  2359999    NAcc:  1179997    fAcc:  0.500      Maxd:  0.32609    E*/N:  -3.34942   P*:     0.11273    P*cold: -0.48727   Mu*_xs: -2.75588   Cv*/N_xs:  0.92890         E(kJ/mol): -3.341     P(bar):    0.204     
Step:  2379999    NAcc:  1190001    fAcc:  0.500      Maxd:  0.79137    E*/N:  -3.41991   P*:     0.11586    P*cold: -0.48414   Mu*_xs: -2.75909   Cv*/N_xs:  0.90378         E(kJ/mol): -3.411     P(bar):    0.148     
Step:  2399999    NAcc:  1200002    fAcc:  0.500      Maxd:  1.21840    E*/N:  -3.32093   P*:     0.11536    P*cold: -0.48464   Mu*_xs: -2.76107   Cv*/N_xs:  0.90278         E(kJ/mol): -3.312     P(bar):    0.338     
Step:  2419999    NAcc:  1210002    fAcc:  0.500      Maxd:  0.96333    E*/N:  -3.39033   P*:     0.12024    P*cold: -0.47976   Mu*_xs: -2.76518   Cv*/N_xs:  0.90033         E(kJ/mol): -3.381     P(bar):    0.052     
Step:  2439999    NAcc:  1220000    fAcc:  0.500      Maxd:  1.28038    E*/N:  -3.38192   P*:     0.12142    P*cold: -0.47858   Mu*_xs: -2.76390   Cv*/N_xs:  0.87794         E(kJ/mol): -3.373     P(bar):    0.147     
Step:  2459999    NAcc:  1230000    fAcc:  0.500      Maxd:  0.32457    E*/N:  -3.38772   P*:     0.12296    P*cold: -0.47704   Mu*_xs: -2.76490   Cv*/N_xs:  0.85964         E(kJ/mol): -3.379     P(bar):    0.075     
Step:  2479999    NAcc:  1239999    fAcc:  0.500      Maxd:  0.43476    E*/N:  -3.34490   P*:     0.11947    P*cold: -0.48053   Mu*_xs: -2.76490   Cv*/N_xs:  0.84857         E(kJ/mol): -3.336     P(bar):    0.164     
Step:  2499999    NAcc:  1249999    fAcc:  0.500      Maxd:  0.33248    E*/N:  -3.34778   P*:     0.11627    P*cold: -0.48373   Mu*_xs: -2.76854   Cv*/N_xs:  0.82868         E(kJ/mol): -3.339     P(bar):    0.134     
Step:  2519999    NAcc:  1259997    fAcc:  0.500      Maxd:  0.27902    E*/N:  -3.39975   P*:     0.11667    P*cold: -0.48333   Mu*_xs: -2.77634   Cv*/N_xs:  0.83474         E(kJ/mol): -3.391     P(bar):    0.052     
Step:  2539999    NAcc:  1270001    fAcc:  0.500      Maxd:  0.60179    E*/N:  -3.36112   P*:     0.11390    P*cold: -0.48610   Mu*_xs: -2.77545   Cv*/N_xs:  0.81114         E(kJ/mol): -3.352     P(bar):    0.174     
Step:  2559999    NAcc:  1279999    fAcc:  0.500      Maxd:  0.28212    E*/N:  -3.35500   P*:     0.11503    P*cold: -0.48497   Mu*_xs: -2.78116   Cv*/N_xs:  0.80636         E(kJ/mol): -3.346     P(bar):    0.130     
Step:  2579999    NAcc:  1290000    fAcc:  0.500      Maxd:  1.56029    E*/N:  -3.37685   P*:     0.11379    P*cold: -0.48621   Mu*_xs: -2.78476   Cv*/N_xs:  0.78653         E(kJ/mol): -3.368     P(bar):    0.100     
Step:  2599999    NAcc:  1299997    fAcc:  0.500      Maxd:  0.85135    E*/N:  -3.43035   P*:     0.11182    P*cold: -0.48818   Mu*_xs: -2.78569   Cv*/N_xs:  0.77324         E(kJ/mol): -3.421     P(bar):    -0.062    
Step:  2619999    NAcc:  1309999    fAcc:  0.500      Maxd:  0.30891    E*/N:  -3.38570   P*:     0.11012    P*cold: -0.48988   Mu*_xs: -2.78437   Cv*/N_xs:  0.77040         E(kJ/mol): -3.377     P(bar):    -0.055    
Step:  2639999    NAcc:  1319998    fAcc:  0.500      Maxd:  1.69948    E*/N:  -3.42047   P*:     0.11017    P*cold: -0.48983   Mu*_xs: -2.78399   Cv*/N_xs:  0.75615         E(kJ/mol): -3.412     P(bar):    0.205     
Step:  2659999    NAcc:  1330001    fAcc:  0.500      Maxd:  0.95105    E*/N:  -3.41792   P*:     0.11038    P*cold: -0.48962   Mu*_xs: -2.78548   Cv*/N_xs:  0.74705         E(kJ/mol): -3.409     P(bar):    0.187     
Step:  2679999    NAcc:  1339998    fAcc:  0.500      Maxd:  1.71021    E*/N:  -3.44764   P*:     0.11039    P*cold: -0.48961   Mu*_xs: -2.78055   Cv*/N_xs:  0.75310         E(kJ/mol): -3.439     P(bar):    0.007     
Step:  2699999    NAcc:  1350001    fAcc:  0.500      Maxd:  0.64317    E*/N:  -3.48231   P*:     0.11011    P*cold: -0.48989   Mu*_xs: -2.77946   Cv*/N_xs:  0.76049         E(kJ/mol): -3.473     P(bar):    -0.113    
Step:  2719999    NAcc:  1360000    fAcc:  0.500      Maxd:  0.95038    E*/N:  -3.39817   P*:     0.10979    P*cold: -0.49021   Mu*_xs: -2.77979   Cv*/N_xs:  0.77446         E(kJ/mol): -3.389     P(bar):    0.073     
Step:  2739999    NAcc:  1370000    fAcc:  0.500      Maxd:  0.31370    E*/N:  -3.42113   P*:     0.10818    P*cold: -0.49182   Mu*_xs: -2.77869   Cv*/N_xs:  0.76348         E(kJ/mol): -3.412     P(bar):    0.056     
Step:  2759999    NAcc:  1379999    fAcc:  0.500      Maxd:  0.31670    E*/N:  -3.31791   P*:     0.10889    P*cold: -0.49111   Mu*_xs: -2.77753   Cv*/N_xs:  0.76396         E(kJ/mol): -3.309     P(bar):    0.101     
Step:  2779999    NAcc:  1390002    fAcc:  0.500      Maxd:  5.77098    E*/N:  -3.41975   P*:     0.10902    P*cold: -0.49098   Mu*_xs: -2.78145   Cv*/N_xs:  0.78942         E(kJ/mol): -3.411     P(bar):    0.005     
Step:  2799999    NAcc:  1399998    fAcc:  0.500      Maxd:  3.07405    E*/N:  -3.42724   P*:     0.10721    P*cold: -0.49279   Mu*_xs: -2.77984   Cv*/N_xs:  0.79431         E(kJ/mol): -3.418     P(bar):    0.104     
Step:  2819999    NAcc:  1409999    fAcc:  0.500      Maxd:  0.70640    E*/N:  -3.38481   P*:     0.10821    P*cold: -0.49179   Mu*_xs: -2.77843   Cv*/N_xs:  0.78428         E(kJ/mol): -3.376     P(bar):    0.154     
Step:  2839999    NAcc:  1419998    fAcc:  0.500      Maxd:  0.46403    E*/N:  -3.44790   P*:     0.11006    P*cold: -0.48994   Mu*_xs: -2.77639   Cv*/N_xs:  0.77644         E(kJ/mol): -3.439     P(bar):    -0.017    
Step:  2859999    NAcc:  1430000    fAcc:  0.500      Maxd:  0.59535    E*/N:  -3.40459   P*:     0.10944    P*cold: -0.49056   Mu*_xs: -2.77827   Cv*/N_xs:  0.77169         E(kJ/mol): -3.396     P(bar):    0.171     
Step:  2879999    NAcc:  1440001    fAcc:  0.500      Maxd:  0.43370    E*/N:  -3.38993   P*:     0.10864    P*cold: -0.49136   Mu*_xs: -2.77495   Cv*/N_xs:  0.76681         E(kJ/mol): -3.381     P(bar):    0.144     
Step:  2899999    NAcc:  1449999    fAcc:  0.500      Maxd:  0.53876    E*/N:  -3.40340   P*:     0.11002    P*cold: -0.48998   Mu*_xs: -2.77535   Cv*/N_xs:  0.75675         E(kJ/mol): -3.394     P(bar):    0.219     
Step:  2919999    NAcc:  1460001    fAcc:  0.500      Maxd:  0.44261    E*/N:  -3.44036   P*:     0.11228    P*cold: -0.48772   Mu*_xs: -2.77403   Cv*/N_xs:  0.74896         E(kJ/mol): -3.431     P(bar):    0.121     
Step:  2939999    NAcc:  1470000    fAcc:  0.500      Maxd:  0.62975    E*/N:  -3.47751   P*:     0.11151    P*cold: -0.48849   Mu*_xs: -2.77251   Cv*/N_xs:  0.77092         E(kJ/mol): -3.468     P(bar):    0.156     
Step:  2959999    NAcc:  1480001    fAcc:  0.500      Maxd:  1.25207    E*/N:  -3.37416   P*:     0.11223    P*cold: -0.48777   Mu*_xs: -2.77278   Cv*/N_xs:  0.77235         E(kJ/mol): -3.365     P(bar):    0.205     
Step:  2979999    NAcc:  1489999    fAcc:  0.500      Maxd:  1.23341    E*/N:  -3.49995   P*:     0.11166    P*cold: -0.48834   Mu*_xs: -2.77179   Cv*/N_xs:  0.77737         E(kJ/mol): -3.491     P(bar):    -0.044    
Step:  2999999    NAcc:  1500000    fAcc:  0.500      Maxd:  0.44530    E*/N:  -3.39787   P*:     0.11130    P*cold: -0.48870   Mu*_xs: -2.77023   Cv*/N_xs:  0.77671         E(kJ/mol): -3.389     P(bar):    0.075     
Step:  3019999    NAcc:  1509999    fAcc:  0.500      Maxd:  0.27394    E*/N:  -3.35243   P*:     0.10978    P*cold: -0.49022   Mu*_xs: -2.76999   Cv*/N_xs:  0.77105         E(kJ/mol): -3.344     P(bar):    0.060     
Step:  3039999    NAcc:  1520001    fAcc:  0.500      Maxd:  0.40036    E*/N:  -3.32984   P*:     0.11004    P*cold: -0.48996   Mu*_xs: -2.76964   Cv*/N_xs:  0.79657         E(kJ/mol): -3.321     P(bar):    0.210     
Step:  3059999    NAcc:  1530000    fAcc:  0.500      Maxd:  0.28309    E*/N:  -3.41238   P*:     0.11291    P*cold: -0.48709   Mu*_xs: -2.76963   Cv*/N_xs:  0.82369         E(kJ/mol): -3.403     P(bar):    0.057     
Step:  3079999    NAcc:  1540000    fAcc:  0.500      Maxd:  0.28889    E*/N:  -3.45170   P*:     0.11218    P*cold: -0.48782   Mu*_xs: -2.76898   Cv*/N_xs:  0.82439         E(kJ/mol): -3.443     P(bar):    0.081     
Step:  3099999    NAcc:  1550002    fAcc:  0.500      Maxd:  2.82949    E*/N:  -3.41247   P*:     0.11067    P*cold: -0.48933   Mu*_xs: -2.76725   Cv*/N_xs:  0.83120         E(kJ/mol): -3.404     P(bar):    0.021     
Step:  3119999    NAcc:  1560000    fAcc:  0.500      Maxd:  0.31364    E*/N:  -3.43156   P*:     0.11182    P*cold: -0.48818   Mu*_xs: -2.76707   Cv*/N_xs:  0.82998         E(kJ/mol): -3.423     P(bar):    0.112     
Step:  3139999    NAcc:  1570000    fAcc:  0.500      Maxd:  0.84345    E*/N:  -3.39006   P*:     0.11125    P*cold: -0.48875   Mu*_xs: -2.76562   Cv*/N_xs:  0.82088         E(kJ/mol): -3.381     P(bar):    0.077     
Step:  3159999    NAcc:  1580001    fAcc:  0.500      Maxd:  0.70253    E*/N:  -3.39019   P*:     0.11179    P*cold: -0.48821   Mu*_xs: -2.76362   Cv*/N_xs:  0.81791         E(kJ/mol): -3.381     P(bar):    0.119     
Step:  3179999    NAcc:  1590001    fAcc:  0.500      Maxd:  0.55979    E*/N:  -3.40764   P*:     0.11130    P*cold: -0.48870   Mu*_xs: -2.76637   Cv*/N_xs:  0.81347         E(kJ/mol): -3.399     P(bar):    0.090     
Step:  3199999    NAcc:  1600001    fAcc:  0.500      Maxd:  0.91319    E*/N:  -3.41503   P*:     0.11071    P*cold: -0.48929   Mu*_xs: -2.76723   Cv*/N_xs:  0.80849         E(kJ/mol): -3.406     P(bar):    0.108     
Step:  3219999    NAcc:  1610000    fAcc:  0.500      Maxd:  0.30637    E*/N:  -3.42617   P*:     0.11079    P*cold: -0.48921   Mu*_xs: -2.76588   Cv*/N_xs:  0.80744         E(kJ/mol): -3.417     P(bar):    0.132     
Step:  3239999    NAcc:  1619998    fAcc:  0.500      Maxd:  0.30127    E*/N:  -3.45015   P*:     0.11190    P*cold: -0.48810   Mu*_xs: -2.76372   Cv*/N_xs:  0.82308         E(kJ/mol): -3.441     P(bar):    0.091     
Step:  3259999    NAcc:  1629997    fAcc:  0.500      Maxd:  0.31699    E*/N:  -3.40912   P*:     0.11133    P*cold: -0.48867   Mu*_xs: -2.76325   Cv*/N_xs:  0.83063         E(kJ/mol): -3.400     P(bar):    0.047     
Step:  3279999    NAcc:  1640000    fAcc:  0.500      Maxd:  1.84733    E*/N:  -3.41758   P*:     0.11317    P*cold: -0.48683   Mu*_xs: -2.76526   Cv*/N_xs:  0.82312         E(kJ/mol): -3.409     P(bar):    0.176     
Step:  3299999    NAcc:  1650000    fAcc:  0.500      Maxd:  0.30631    E*/N:  -3.34984   P*:     0.11436    P*cold: -0.48564   Mu*_xs: -2.76400   Cv*/N_xs:  0.81803         E(kJ/mol): -3.341     P(bar):    0.324     
Step:  3319999    NAcc:  1660000    fAcc:  0.500      Maxd:  1.25998    E*/N:  -3.42095   P*:     0.11418    P*cold: -0.48582   Mu*_xs: -2.76153   Cv*/N_xs:  0.83194         E(kJ/mol): -3.412     P(bar):    0.231     
Step:  3339999    NAcc:  1669998    fAcc:  0.500      Maxd:  0.27816    E*/N:  -3.52122   P*:     0.11493    P*cold: -0.48507   Mu*_xs: -2.76139   Cv*/N_xs:  0.85894         E(kJ/mol): -3.512     P(bar):    0.089     
Step:  3359999    NAcc:  1680001    fAcc:  0.500      Maxd:  1.17971    E*/N:  -3.47103   P*:     0.11627    P*cold: -0.48373   Mu*_xs: -2.76081   Cv*/N_xs:  0.88022         E(kJ/mol): -3.462     P(bar):    0.118     
Step:  3379999    NAcc:  1689999    fAcc:  0.500      Maxd:  0.48297    E*/N:  -3.48333   P*:     0.11786    P*cold: -0.48214   Mu*_xs: -2.75849   Cv*/N_xs:  0.89600         E(kJ/mol): -3.474     P(bar):    0.145     
Step:  3399999    NAcc:  1699996    fAcc:  0.500      Maxd:  0.33248    E*/N:  -3.43680   P*:     0.11819    P*cold: -0.48181   Mu*_xs: -2.75854   Cv*/N_xs:  0.91465         E(kJ/mol): -3.428     P(bar):    0.071     
Step:  3419999    NAcc:  1710001    fAcc:  0.500      Maxd:  0.84449    E*/N:  -3.42200   P*:     0.11780    P*cold: -0.48220   Mu*_xs: -2.75704   Cv*/N_xs:  0.90888         E(kJ/mol): -3.413     P(bar):    0.193     
Step:  3439999    NAcc:  1720000    fAcc:  0.500      Maxd:  0.41013    E*/N:  -3.45302   P*:     0.11761    P*cold: -0.48239   Mu*_xs: -2.75917   Cv*/N_xs:  0.90020         E(kJ/mol): -3.444     P(bar):    0.021     
Step:  3459999    NAcc:  1730000    fAcc:  0.500      Maxd:  0.42445    E*/N:  -3.45345   P*:     0.11663    P*cold: -0.48337   Mu*_xs: -2.75821   Cv*/N_xs:  0.89287         E(kJ/mol): -3.444     P(bar):    0.009     
Step:  3479999    NAcc:  1740000    fAcc:  0.500      Maxd:  0.77191    E*/N:  -3.44439   P*:     0.11569    P*cold: -0.48431   Mu*_xs: -2.76027   Cv*/N_xs:  0.88737         E(kJ/mol): -3.435     P(bar):    0.043     
Step:  3499999    NAcc:  1750001    fAcc:  0.500      Maxd:  0.78400    E*/N:  -3.45984   P*:     0.11449    P*cold: -0.48551   Mu*_xs: -2.76062   Cv*/N_xs:  0.88402         E(kJ/mol): -3.451     P(bar):    -0.013    
Step:  3519999    NAcc:  1760001    fAcc:  0.500      Maxd:  0.60941    E*/N:  -3.45165   P*:     0.11369    P*cold: -0.48631   Mu*_xs: -2.76005   Cv*/N_xs:  0.87762         E(kJ/mol): -3.443     P(bar):    -0.071    
Step:  3539999    NAcc:  1769999    fAcc:  0.500      Maxd:  0.29045    E*/N:  -3.43013   P*:     0.11347    P*cold: -0.48653   Mu*_xs: -2.76102   Cv*/N_xs:  0.88328         E(kJ/mol): -3.421     P(bar):    -0.038    
Step:  3559999    NAcc:  1780000    fAcc:  0.500      Maxd:  0.76255    E*/N:  -3.41360   P*:     0.11380    P*cold: -0.48620   Mu*_xs: -2.76029   Cv*/N_xs:  0.87818         E(kJ/mol): -3.405     P(bar):    0.182     
Step:  3579999    NAcc:  1789998    fAcc:  0.500      Maxd:  0.41974    E*/N:  -3.42623   P*:     0.11453    P*cold: -0.48547   Mu*_xs: -2.76098   Cv*/N_xs:  0.87077         E(kJ/mol): -3.417     P(bar):    0.085     
Step:  3599999    NAcc:  1799998    fAcc:  0.500      Maxd:  0.50584    E*/N:  -3.39129   P*:     0.11540    P*cold: -0.48460   Mu*_xs: -2.76244   Cv*/N_xs:  0.86466         E(kJ/mol): -3.382     P(bar):    0.047     
Step:  3619999    NAcc:  1810000    fAcc:  0.500      Maxd:  0.64721    E*/N:  -3.36587   P*:     0.11459    P*cold: -0.48541   Mu*_xs: -2.76270   Cv*/N_xs:  0.86475         E(kJ/mol): -3.357     P(bar):    0.108     
Step:  3639999    NAcc:  1820001    fAcc:  0.500      Maxd:  0.89114    E*/N:  -3.37524   P*:     0.11479    P*cold: -0.48521   Mu*_xs: -2.76362   Cv*/N_xs:  0.87736         E(kJ/mol): -3.366     P(bar):    -0.084    
Step:  3659999    NAcc:  1829994    fAcc:  0.500      Maxd:  0.27831    E*/N:  -3.39691   P*:     0.11432    P*cold: -0.48568   Mu*_xs: -2.76304   Cv*/N_xs:  0.87742         E(kJ/mol): -3.388     P(bar):    0.096     
Step:  3679999    NAcc:  1840000    fAcc:  0.500      Maxd:  1.58177    E*/N:  -3.41798   P*:     0.11466    P*cold: -0.48534   Mu*_xs: -2.76439   Cv*/N_xs:  0.87144         E(kJ/mol): -3.409     P(bar):    0.060     
Step:  3699999    NAcc:  1850002    fAcc:  0.500      Maxd:  0.60782    E*/N:  -3.38964   P*:     0.11344    P*cold: -0.48656   Mu*_xs: -2.76472   Cv*/N_xs:  0.86705         E(kJ/mol): -3.381     P(bar):    0.151     
Step:  3719999    NAcc:  1860000    fAcc:  0.500      Maxd:  0.33273    E*/N:  -3.32056   P*:     0.11355    P*cold: -0.48645   Mu*_xs: -2.76498   Cv*/N_xs:  0.86254         E(kJ/mol): -3.312     P(bar):    0.303     
Step:  3739999    NAcc:  1870000    fAcc:  0.500      Maxd:  0.62154    E*/N:  -3.38078   P*:     0.11273    P*cold: -0.48727   Mu*_xs: -2.76319   Cv*/N_xs:  0.85854         E(kJ/mol): -3.372     P(bar):    -0.033    
Step:  3759999    NAcc:  1880001    fAcc:  0.500      Maxd:  0.69954    E*/N:  -3.38627   P*:     0.11164    P*cold: -0.48836   Mu*_xs: -2.76329   Cv*/N_xs:  0.85545         E(kJ/mol): -3.377     P(bar):    0.111     
Step:  3779999    NAcc:  1890001    fAcc:  0.500      Maxd:  0.82240    E*/N:  -3.36649   P*:     0.11098    P*cold: -0.48902   Mu*_xs: -2.76311   Cv*/N_xs:  0.85695         E(kJ/mol): -3.358     P(bar):    0.024     
Step:  3799999    NAcc:  1899999    fAcc:  0.500      Maxd:  0.54595    E*/N:  -3.36311   P*:     0.11023    P*cold: -0.48977   Mu*_xs: -2.76498   Cv*/N_xs:  0.86330         E(kJ/mol): -3.354     P(bar):    0.060     
Step:  3819999    NAcc:  1910001    fAcc:  0.500      Maxd:  1.16197    E*/N:  -3.40216   P*:     0.10985    P*cold: -0.49015   Mu*_xs: -2.76522   Cv*/N_xs:  0.85818         E(kJ/mol): -3.393     P(bar):    0.068     
Step:  3839999    NAcc:  1920000    fAcc:  0.500      Maxd:  0.28334    E*/N:  -3.35605   P*:     0.10918    P*cold: -0.49082   Mu*_xs: -2.76631   Cv*/N_xs:  0.85332         E(kJ/mol): -3.347     P(bar):    0.072     
Step:  3859999    NAcc:  1929998    fAcc:  0.500      Maxd:  0.29155    E*/N:  -3.37419   P*:     0.10844    P*cold: -0.49156   Mu*_xs: -2.76647   Cv*/N_xs:  0.85557         E(kJ/mol): -3.365     P(bar):    0.002     
Step:  3879999    NAcc:  1940000    fAcc:  0.500      Maxd:  0.31596    E*/N:  -3.40253   P*:     0.10843    P*cold: -0.49157   Mu*_xs: -2.76759   Cv*/N_xs:  0.85706         E(kJ/mol): -3.394     P(bar):    0.049     
Step:  3899999    NAcc:  1949997    fAcc:  0.500      Maxd:  0.33412    E*/N:  -3.44830   P*:     0.10829    P*cold: -0.49171   Mu*_xs: -2.76869   Cv*/N_xs:  0.86277         E(kJ/mol): -3.439     P(bar):    0.071     
Step:  3919999    NAcc:  1960000    fAcc:  0.500      Maxd:  1.78507    E*/N:  -3.45145   P*:     0.10891    P*cold: -0.49109   Mu*_xs: -2.76859   Cv*/N_xs:  0.85866         E(kJ/mol): -3.442     P(bar):    0.045     
Step:  3939999    NAcc:  1969999    fAcc:  0.500      Maxd:  0.31844    E*/N:  -3.37822   P*:     0.10834    P*cold: -0.49166   Mu*_xs: -2.76718   Cv*/N_xs:  0.85651         E(kJ/mol): -3.369     P(bar):    0.162     
Step:  3959999    NAcc:  1979999    fAcc:  0.500      Maxd:  0.51792    E*/N:  -3.40297   P*:     0.10909    P*cold: -0.49091   Mu*_xs: -2.76870   Cv*/N_xs:  0.85218         E(kJ/mol): -3.394     P(bar):    0.188     
Step:  3979999    NAcc:  1990001    fAcc:  0.500      Maxd:  0.78235    E*/N:  -3.40463   P*:     0.10957    P*cold: -0.49043   Mu*_xs: -2.76796   Cv*/N_xs:  0.85206         E(kJ/mol): -3.396     P(bar):    0.001     
Step:  3999999    NAcc:  2000001    fAcc:  0.500      Maxd:  1.87172    E*/N:  -3.36721   P*:     0.10928    P*cold: -0.49072   Mu*_xs: -2.76985   Cv*/N_xs:  0.85735         E(kJ/mol): -3.358     P(bar):    -0.012    
Step:  4019999    NAcc:  2009997    fAcc:  0.500      Maxd:  0.53790    E*/N:  -3.22761   P*:     0.10963    P*cold: -0.49037   Mu*_xs: -2.76971   Cv*/N_xs:  0.87144         E(kJ/mol): -3.219     P(bar):    0.488     
Step:  4039999    NAcc:  2020000    fAcc:  0.500      Maxd:  0.96147    E*/N:  -3.39174   P*:     0.10901    P*cold: -0.49099   Mu*_xs: -2.76992   Cv*/N_xs:  0.87439         E(kJ/mol): -3.383     P(bar):    0.037     
Step:  4059999    NAcc:  2029994    fAcc:  0.500      Maxd:  0.29226    E*/N:  -3.36696   P*:     0.10829    P*cold: -0.49171   Mu*_xs: -2.77159   Cv*/N_xs:  0.86933         E(kJ/mol): -3.358     P(bar):    0.066     
Step:  4079999    NAcc:  2040001    fAcc:  0.500      Maxd:  0.98244    E*/N:  -3.37386   P*:     0.10783    P*cold: -0.49217   Mu*_xs: -2.77213   Cv*/N_xs:  0.86600         E(kJ/mol): -3.365     P(bar):    0.098     
Step:  4099999    NAcc:  2049998    fAcc:  0.500      Maxd:  1.44337    E*/N:  -3.35436   P*:     0.10811    P*cold: -0.49189   Mu*_xs: -2.77283   Cv*/N_xs:  0.87142         E(kJ/mol): -3.346     P(bar):    0.001     
Step:  4119999    NAcc:  2060000    fAcc:  0.500      Maxd:  0.30074    E*/N:  -3.40533   P*:     0.10803    P*cold: -0.49197   Mu*_xs: -2.77454   Cv*/N_xs:  0.86777         E(kJ/mol): -3.396     P(bar):    0.003     
Step:  4139999    NAcc:  2070002    fAcc:  0.500      Maxd:  2.45456    E*/N:  -3.41991   P*:     0.10711    P*cold: -0.49289   Mu*_xs: -2.77500   Cv*/N_xs:  0.86278         E(kJ/mol): -3.411     P(bar):    0.010     
Step:  4159999    NAcc:  2080003    fAcc:  0.500      Maxd:  0.89086    E*/N:  -3.45653   P*:     0.10607    P*cold: -0.49393   Mu*_xs: -2.77442   Cv*/N_xs:  0.86206         E(kJ/mol): -3.447     P(bar):    -0.056    
Step:  4179999    NAcc:  2090004    fAcc:  0.500      Maxd:  1.32100    E*/N:  -3.35337   P*:     0.10773    P*cold: -0.49227   Mu*_xs: -2.77630   Cv*/N_xs:  0.88169         E(kJ/mol): -3.345     P(bar):    0.173     
Step:  4199999    NAcc:  2100001    fAcc:  0.500      Maxd:  1.14529    E*/N:  -3.38838   P*:     0.10837    P*cold: -0.49163   Mu*_xs: -2.77721   Cv*/N_xs:  0.88100         E(kJ/mol): -3.380     P(bar):    0.017     
Step:  4219999    NAcc:  2110000    fAcc:  0.500      Maxd:  0.83411    E*/N:  -3.35260   P*:     0.10817    P*cold: -0.49183   Mu*_xs: -2.77691   Cv*/N_xs:  0.87639         E(kJ/mol): -3.344     P(bar):    0.272     
Step:  4239999    NAcc:  2119999    fAcc:  0.500      Maxd:  1.05632    E*/N:  -3.37903   P*:     0.10834    P*cold: -0.49166   Mu*_xs: -2.77810   Cv*/N_xs:  0.87134         E(kJ/mol): -3.370     P(bar):    0.155     
Step:  4259999    NAcc:  2130000    fAcc:  0.500      Maxd:  0.33180    E*/N:  -3.29555   P*:     0.10861    P*cold: -0.49139   Mu*_xs: -2.77774   Cv*/N_xs:  0.87013         E(kJ/mol): -3.287     P(bar):    0.200     
Step:  4279999    NAcc:  2139999    fAcc:  0.500      Maxd:  0.45434    E*/N:  -3.34915   P*:     0.10882    P*cold: -0.49118   Mu*_xs: -2.77731   Cv*/N_xs:  0.87147         E(kJ/mol): -3.340     P(bar):    0.233     
Step:  4299999    NAcc:  2150000    fAcc:  0.500      Maxd:  0.44156    E*/N:  -3.36026   P*:     0.10893    P*cold: -0.49107   Mu*_xs: -2.77714   Cv*/N_xs:  0.86543         E(kJ/mol): -3.351     P(bar):    0.218     
Step:  4319999    NAcc:  2159999    fAcc:  0.500      Maxd:  0.28161    E*/N:  -3.40176   P*:     0.10887    P*cold: -0.49113   Mu*_xs: -2.77770   Cv*/N_xs:  0.86081         E(kJ/mol): -3.393     P(bar):    0.128     
Step:  4339999    NAcc:  2170000    fAcc:  0.500      Maxd:  0.43357    E*/N:  -3.39473   P*:     0.10921    P*cold: -0.49079   Mu*_xs: -2.77703   Cv*/N_xs:  0.85799         E(kJ/mol): -3.386     P(bar):    0.164     
Step:  4359999    NAcc:  2179999    fAcc:  0.500      Maxd:  0.65675    E*/N:  -3.38864   P*:     0.10958    P*cold: -0.49042   Mu*_xs: -2.77748   Cv*/N_xs:  0.85314         E(kJ/mol): -3.380     P(bar):    0.118     
Step:  4379999    NAcc:  2190002    fAcc:  0.500      Maxd:  1.46006    E*/N:  -3.32311   P*:     0.10937    P*cold: -0.49063   Mu*_xs: -2.77780   Cv*/N_xs:  0.84915         E(kJ/mol): -3.314     P(bar):    0.279     
Step:  4399999    NAcc:  2200000    fAcc:  0.500      Maxd:  0.82551    E*/N:  -3.45037   P*:     0.10840    P*cold: -0.49160   Mu*_xs: -2.77702   Cv*/N_xs:  0.85207         E(kJ/mol): -3.441     P(bar):    -0.072    
Step:  4419999    NAcc:  2210000    fAcc:  0.500      Maxd:  2.59225    E*/N:  -3.35761   P*:     0.10787    P*cold: -0.49213   Mu*_xs: -2.77687   Cv*/N_xs:  0.85430         E(kJ/mol): -3.349     P(bar):    0.139     
Step:  4439999    NAcc:  2220000    fAcc:  0.500      Maxd:  1.14207    E*/N:  -3.42441   P*:     0.10795    P*cold: -0.49205   Mu*_xs: -2.77657   Cv*/N_xs:  0.84941         E(kJ/mol): -3.415     P(bar):    0.045     
Step:  4459999    NAcc:  2230001    fAcc:  0.500      Maxd:  0.42036    E*/N:  -3.47474   P*:     0.10815    P*cold: -0.49185   Mu*_xs: -2.77666   Cv*/N_xs:  0.85159         E(kJ/mol): -3.466     P(bar):    0.045     
Step:  4479999    NAcc:  2239998    fAcc:  0.500      Maxd:  0.72949    E*/N:  -3.40956   P*:     0.10860    P*cold: -0.49140   Mu*_xs: -2.77568   Cv*/N_xs:  0.85153         E(kJ/mol): -3.401     P(bar):    0.182     
Step:  4499999    NAcc:  2250000    fAcc:  0.500      Maxd:  0.79933    E*/N:  -3.45585   P*:     0.10870    P*cold: -0.49130   Mu*_xs: -2.77658   Cv*/N_xs:  0.84881         E(kJ/mol): -3.447     P(bar):    -0.052    
Step:  4519999    NAcc:  2260000    fAcc:  0.500      Maxd:  0.47873    E*/N:  -3.42128   P*:     0.10838    P*cold: -0.49162   Mu*_xs: -2.77707   Cv*/N_xs:  0.84647         E(kJ/mol): -3.412     P(bar):    -0.014    
Step:  4539999    NAcc:  2270000    fAcc:  0.500      Maxd:  0.56309    E*/N:  -3.47228   P*:     0.10840    P*cold: -0.49160   Mu*_xs: -2.77631   Cv*/N_xs:  0.84423         E(kJ/mol): -3.463     P(bar):    0.031     
Step:  4559999    NAcc:  2280001    fAcc:  0.500      Maxd:  1.61738    E*/N:  -3.48648   P*:     0.10834    P*cold: -0.49166   Mu*_xs: -2.77494   Cv*/N_xs:  0.84650         E(kJ/mol): -3.477     P(bar):    0.073     
Step:  4579999    NAcc:  2289999    fAcc:  0.500      Maxd:  0.56508    E*/N:  -3.37986   P*:     0.10838    P*cold: -0.49162   Mu*_xs: -2.77406   Cv*/N_xs:  0.85429         E(kJ/mol): -3.371     P(bar):    0.158     
Step:  4599999    NAcc:  2300001    fAcc:  0.500      Maxd:  0.57093    E*/N:  -3.40491   P*:     0.10893    P*cold: -0.49107   Mu*_xs: -2.77382   Cv*/N_xs:  0.84982         E(kJ/mol): -3.396     P(bar):    0.229     
Step:  4619999    NAcc:  2310000    fAcc:  0.500      Maxd:  0.63267    E*/N:  -3.47225   P*:     0.10919    P*cold: -0.49081   Mu*_xs: -2.77382   Cv*/N_xs:  0.85149         E(kJ/mol): -3.463     P(bar):    -0.004    
Step:  4639999    NAcc:  2319997    fAcc:  0.500      Maxd:  0.52671    E*/N:  -3.42560   P*:     0.10907    P*cold: -0.49093   Mu*_xs: -2.77402   Cv*/N_xs:  0.85044         E(kJ/mol): -3.417     P(bar):    0.095     
Step:  4659999    NAcc:  2330000    fAcc:  0.500      Maxd:  0.32589    E*/N:  -3.40078   P*:     0.10902    P*cold: -0.49098   Mu*_xs: -2.77393   Cv*/N_xs:  0.84713         E(kJ/mol): -3.392     P(bar):    0.112     
Step:  4679999    NAcc:  2340000    fAcc:  0.500      Maxd:  0.30566    E*/N:  -3.35858   P*:     0.10900    P*cold: -0.49100   Mu*_xs: -2.77388   Cv*/N_xs:  0.84516         E(kJ/mol): -3.350     P(bar):    0.152     
Step:  4699999    NAcc:  2350002    fAcc:  0.500      Maxd:  0.80408    E*/N:  -3.41912   P*:     0.10866    P*cold: -0.49134   Mu*_xs: -2.77426   Cv*/N_xs:  0.84125         E(kJ/mol): -3.410     P(bar):    -0.023    
Step:  4719999    NAcc:  2359998    fAcc:  0.500      Maxd:  0.32886    E*/N:  -3.43530   P*:     0.10843    P*cold: -0.49157   Mu*_xs: -2.77426   Cv*/N_xs:  0.83637         E(kJ/mol): -3.426     P(bar):    0.033     
Step:  4739999    NAcc:  2370002    fAcc:  0.500      Maxd:  1.20616    E*/N:  -3.39348   P*:     0.10796    P*cold: -0.49204   Mu*_xs: -2.77504   Cv*/N_xs:  0.83836         E(kJ/mol): -3.385     P(bar):    0.229     
Step:  4759999    NAcc:  2380001    fAcc:  0.500      Maxd:  1.09860    E*/N:  -3.36140   P*:     0.10842    P*cold: -0.49158   Mu*_xs: -2.77450   Cv*/N_xs:  0.83426         E(kJ/mol): -3.353     P(bar):    0.286     
Step:  4779999    NAcc:  2390002    fAcc:  0.500      Maxd:  1.40212    E*/N:  -3.51650   P*:     0.10811    P*cold: -0.49189   Mu*_xs: -2.77473   Cv*/N_xs:  0.84199         E(kJ/mol): -3.507     P(bar):    -0.033    
Step:  4799999    NAcc:  2399998    fAcc:  0.500      Maxd:  0.31024    E*/N:  -3.38004   P*:     0.10814    P*cold: -0.49186   Mu*_xs: -2.77496   Cv*/N_xs:  0.84592         E(kJ/mol): -3.371     P(bar):    0.084     
Step:  4819999    NAcc:  2410000    fAcc:  0.500      Maxd:  0.38221    E*/N:  -3.45611   P*:     0.10825    P*cold: -0.49175   Mu*_xs: -2.77468   Cv*/N_xs:  0.84237         E(kJ/mol): -3.447     P(bar):    0.003     
Step:  4839999    NAcc:  2420001    fAcc:  0.500      Maxd:  0.68714    E*/N:  -3.43756   P*:     0.10795    P*cold: -0.49205   Mu*_xs: -2.77392   Cv*/N_xs:  0.83842         E(kJ/mol): -3.429     P(bar):    0.027     
Step:  4859999    NAcc:  2430001    fAcc:  0.500      Maxd:  1.70856    E*/N:  -3.36387   P*:     0.10792    P*cold: -0.49208   Mu*_xs: -2.77378   Cv*/N_xs:  0.83612         E(kJ/mol): -3.355     P(bar):    0.177     
Step:  4879999    NAcc:  2439998    fAcc:  0.500      Maxd:  0.30472    E*/N:  -3.33071   P*:     0.10747    P*cold: -0.49253   Mu*_xs: -2.77390   Cv*/N_xs:  0.83472         E(kJ/mol): -3.322     P(bar):    0.195     
Step:  4899999    NAcc:  2449997    fAcc:  0.500      Maxd:  0.45628    E*/N:  -3.47751   P*:     0.10674    P*cold: -0.49326   Mu*_xs: -2.77372   Cv*/N_xs:  0.83367         E(kJ/mol): -3.468     P(bar):    -0.012    
Step:  4919999    NAcc:  2459997    fAcc:  0.500      Maxd:  0.28940    E*/N:  -3.45730   P*:     0.10719    P*cold: -0.49281   Mu*_xs: -2.77401   Cv*/N_xs:  0.83724         E(kJ/mol): -3.448     P(bar):    0.051     
Step:  4939999    NAcc:  2470000    fAcc:  0.500      Maxd:  0.30283    E*/N:  -3.39267   P*:     0.10681    P*cold: -0.49319   Mu*_xs: -2.77384   Cv*/N_xs:  0.83388         E(kJ/mol): -3.384     P(bar):    0.081     
Step:  4959999    NAcc:  2480000    fAcc:  0.500      Maxd:  0.30004    E*/N:  -3.38741   P*:     0.10703    P*cold: -0.49297   Mu*_xs: -2.77394   Cv*/N_xs:  0.82972         E(kJ/mol): -3.379     P(bar):    0.094     
Step:  4979999    NAcc:  2490001    fAcc:  0.500      Maxd:  0.60770    E*/N:  -3.40527   P*:     0.10638    P*cold: -0.49362   Mu*_xs: -2.77410   Cv*/N_xs:  0.82601         E(kJ/mol): -3.396     P(bar):    0.050     
Step:  4999999    NAcc:  2499998    fAcc:  0.500      Maxd:  0.33703    E*/N:  -3.41137   P*:     0.10556    P*cold: -0.49444   Mu*_xs: -2.77303   Cv*/N_xs:  0.82745         E(kJ/mol): -3.402     P(bar):    0.137     
# Computed average properties: 
 # E*/N:  -3.40634  
 # P*:     0.10556   
 # Cv*/N_xs:   0.82745        
 # Mu*_xs:  -2.77303  
