# Number of atoms:       500
# Atom type:             Ar
# Molar Mass (g/mol):    39.948
# Density (g/cm^3):      0.168835
# LJ sigma (Angstrom):   3.4
# LJ epsilon/kB (K):     120
# LJ cutoff (Angstrom):  13.6
# LJ cutoff (sigma):     4
# Temperature (K):       144
# Number MC steps:       5e+06
# Output frequency:      20000
# Num. den. (atoms/Ang): 0.00254427
# Box length (x):        58.1392
# Box length (y):        58.1392
# Box length (z):        58.1392
# Init. spacing (Ang):   6.45991
# reduc. density (rho*): 0.1
# reduc. temp (T*):      1.2
Step:  19999      NAcc:  9999       fAcc:  0.500      Maxd:  0.53992    E*/N:  -0.87106   P*:     nan        P*cold: nan        Mu*_xs: -0.00000   Cv*/N_xs:  0.00000         E(kJ/mol): -0.869     P(bar):    0.056     
Step:  39999      NAcc:  20005      fAcc:  0.500      Maxd:  29.39977   E*/N:  -0.78552   P*:     nan        P*cold: nan        Mu*_xs: -0.00000   Cv*/N_xs:  0.00000         E(kJ/mol): -0.783     P(bar):    0.074     
Step:  59999      NAcc:  30010      fAcc:  0.500      Maxd:  32.02924   E*/N:  -0.77668   P*:     nan        P*cold: nan        Mu*_xs: -0.00000   Cv*/N_xs:  0.00000         E(kJ/mol): -0.775     P(bar):    0.086     
Step:  79999      NAcc:  39999      fAcc:  0.500      Maxd:  2.69270    E*/N:  -0.86074   P*:     nan        P*cold: nan        Mu*_xs: -0.00000   Cv*/N_xs:  0.00000         E(kJ/mol): -0.858     P(bar):    0.069     
Step:  99999      NAcc:  50000      fAcc:  0.500      Maxd:  2.40815    E*/N:  -0.83916   P*:     nan        P*cold: nan        Mu*_xs: -0.00000   Cv*/N_xs:  0.00000         E(kJ/mol): -0.837     P(bar):    0.048     
Step:  119999     NAcc:  60000      fAcc:  0.500      Maxd:  26.90005   E*/N:  -0.76937   P*:     nan        P*cold: nan        Mu*_xs: -0.00000   Cv*/N_xs:  0.00000         E(kJ/mol): -0.767     P(bar):    0.075     
Step:  139999     NAcc:  70000      fAcc:  0.500      Maxd:  0.95624    E*/N:  -0.85706   P*:     nan        P*cold: nan        Mu*_xs: -0.00000   Cv*/N_xs:  0.00000         E(kJ/mol): -0.855     P(bar):    0.051     
Step:  159999     NAcc:  80003      fAcc:  0.500      Maxd:  33.08293   E*/N:  -0.84542   P*:     nan        P*cold: nan        Mu*_xs: -0.00000   Cv*/N_xs:  0.00000         E(kJ/mol): -0.843     P(bar):    0.068     
Step:  179999     NAcc:  90002      fAcc:  0.500      Maxd:  31.35691   E*/N:  -0.85552   P*:     nan        P*cold: nan        Mu*_xs: -0.00000   Cv*/N_xs:  0.00000         E(kJ/mol): -0.853     P(bar):    0.058     
Step:  199999     NAcc:  99998      fAcc:  0.500      Maxd:  9.56733    E*/N:  -0.81781   P*:     nan        P*cold: nan        Mu*_xs: -0.00000   Cv*/N_xs:  0.00000         E(kJ/mol): -0.816     P(bar):    0.062     
Step:  219999     NAcc:  110000     fAcc:  0.500      Maxd:  0.54789    E*/N:  -0.85108   P*:     nan        P*cold: nan        Mu*_xs: -0.00000   Cv*/N_xs:  0.00000         E(kJ/mol): -0.849     P(bar):    0.073     
Step:  239999     NAcc:  120005     fAcc:  0.500      Maxd:  9.13437    E*/N:  -0.86050   P*:     nan        P*cold: nan        Mu*_xs: -0.00000   Cv*/N_xs:  0.00000         E(kJ/mol): -0.858     P(bar):    0.066     
Step:  259999     NAcc:  129999     fAcc:  0.500      Maxd:  12.86696   E*/N:  -0.83020   P*:     nan        P*cold: nan        Mu*_xs: -0.00000   Cv*/N_xs:  0.00000         E(kJ/mol): -0.828     P(bar):    0.059     
Step:  279999     NAcc:  140000     fAcc:  0.500      Maxd:  0.50698    E*/N:  -0.89863   P*:     nan        P*cold: nan        Mu*_xs: -0.00000   Cv*/N_xs:  0.00000         E(kJ/mol): -0.896     P(bar):    0.057     
Step:  299999     NAcc:  150001     fAcc:  0.500      Maxd:  29.50770   E*/N:  -0.79253   P*:     nan        P*cold: nan        Mu*_xs: -0.00000   Cv*/N_xs:  0.00000         E(kJ/mol): -0.790     P(bar):    0.050     
Step:  319999     NAcc:  160005     fAcc:  0.500      Maxd:  32.30017   E*/N:  -0.84266   P*:     nan        P*cold: nan        Mu*_xs: -0.00000   Cv*/N_xs:  0.00000         E(kJ/mol): -0.840     P(bar):    0.071     
Step:  339999     NAcc:  170002     fAcc:  0.500      Maxd:  30.65338   E*/N:  -0.85570   P*:     nan        P*cold: nan        Mu*_xs: -0.00000   Cv*/N_xs:  0.00000         E(kJ/mol): -0.853     P(bar):    0.075     
Step:  359999     NAcc:  180002     fAcc:  0.500      Maxd:  30.64608   E*/N:  -0.89928   P*:     nan        P*cold: nan        Mu*_xs: -0.00000   Cv*/N_xs:  0.00000         E(kJ/mol): -0.897     P(bar):    0.081     
Step:  379999     NAcc:  190001     fAcc:  0.500      Maxd:  1.03540    E*/N:  -0.83475   P*:     nan        P*cold: nan        Mu*_xs: -0.00000   Cv*/N_xs:  0.00000         E(kJ/mol): -0.833     P(bar):    0.074     
Step:  399999     NAcc:  200005     fAcc:  0.500      Maxd:  6.04159    E*/N:  -0.82702   P*:     nan        P*cold: nan        Mu*_xs: -0.00000   Cv*/N_xs:  0.00000         E(kJ/mol): -0.825     P(bar):    0.069     
Step:  419999     NAcc:  209998     fAcc:  0.500      Maxd:  0.55947    E*/N:  -0.92341   P*:     nan        P*cold: nan        Mu*_xs: -0.00000   Cv*/N_xs:  0.00000         E(kJ/mol): -0.921     P(bar):    0.064     
Step:  439999     NAcc:  220002     fAcc:  0.500      Maxd:  11.62137   E*/N:  -0.86867   P*:     nan        P*cold: nan        Mu*_xs: -0.00000   Cv*/N_xs:  0.00000         E(kJ/mol): -0.866     P(bar):    0.066     
Step:  459999     NAcc:  230002     fAcc:  0.500      Maxd:  3.35657    E*/N:  -0.88351   P*:     nan        P*cold: nan        Mu*_xs: -0.00000   Cv*/N_xs:  0.00000         E(kJ/mol): -0.881     P(bar):    0.064     
Step:  479999     NAcc:  240004     fAcc:  0.500      Maxd:  31.32355   E*/N:  -0.84615   P*:     nan        P*cold: nan        Mu*_xs: -0.00000   Cv*/N_xs:  0.00000         E(kJ/mol): -0.844     P(bar):    0.076     
Step:  499999     NAcc:  250002     fAcc:  0.500      Maxd:  1.56259    E*/N:  -0.89614   P*:     nan        P*cold: nan        Mu*_xs: -0.00000   Cv*/N_xs:  0.00000         E(kJ/mol): -0.894     P(bar):    0.058     
Step:  519999     NAcc:  260001     fAcc:  0.500      Maxd:  14.44404   E*/N:  -0.86791   P*:     nan        P*cold: nan        Mu*_xs: -0.00000   Cv*/N_xs:  0.00000         E(kJ/mol): -0.866     P(bar):    0.056     
Step:  539999     NAcc:  270003     fAcc:  0.500      Maxd:  33.61710   E*/N:  -0.80975   P*:     nan        P*cold: nan        Mu*_xs: -0.00000   Cv*/N_xs:  0.00000         E(kJ/mol): -0.808     P(bar):    0.069     
Step:  559999     NAcc:  279999     fAcc:  0.500      Maxd:  10.31360   E*/N:  -0.78757   P*:     nan        P*cold: nan        Mu*_xs: -0.00000   Cv*/N_xs:  0.00000         E(kJ/mol): -0.786     P(bar):    0.071     
Step:  579999     NAcc:  290006     fAcc:  0.500      Maxd:  32.50848   E*/N:  -0.82601   P*:     nan        P*cold: nan        Mu*_xs: -0.00000   Cv*/N_xs:  0.00000         E(kJ/mol): -0.824     P(bar):    0.066     
Step:  599999     NAcc:  300003     fAcc:  0.500      Maxd:  32.61487   E*/N:  -0.76761   P*:     nan        P*cold: nan        Mu*_xs: -0.00000   Cv*/N_xs:  0.00000         E(kJ/mol): -0.766     P(bar):    0.064     
Step:  619999     NAcc:  309999     fAcc:  0.500      Maxd:  10.42044   E*/N:  -0.80176   P*:     nan        P*cold: nan        Mu*_xs: -0.00000   Cv*/N_xs:  0.00000         E(kJ/mol): -0.800     P(bar):    0.068     
Step:  639999     NAcc:  319999     fAcc:  0.500      Maxd:  10.92021   E*/N:  -0.82173   P*:     nan        P*cold: nan        Mu*_xs: -0.00000   Cv*/N_xs:  0.00000         E(kJ/mol): -0.820     P(bar):    0.079     
Step:  659999     NAcc:  330005     fAcc:  0.500      Maxd:  31.66635   E*/N:  -0.87010   P*:     nan        P*cold: nan        Mu*_xs: -0.00000   Cv*/N_xs:  0.00000         E(kJ/mol): -0.868     P(bar):    0.075     
Step:  679999     NAcc:  340000     fAcc:  0.500      Maxd:  0.52917    E*/N:  -0.95860   P*:     nan        P*cold: nan        Mu*_xs: -0.00000   Cv*/N_xs:  0.00000         E(kJ/mol): -0.956     P(bar):    0.085     
Step:  699999     NAcc:  350004     fAcc:  0.500      Maxd:  2.41692    E*/N:  -0.84092   P*:     nan        P*cold: nan        Mu*_xs: -0.00000   Cv*/N_xs:  0.00000         E(kJ/mol): -0.839     P(bar):    0.062     
Step:  719999     NAcc:  360001     fAcc:  0.500      Maxd:  32.69099   E*/N:  -0.74405   P*:     nan        P*cold: nan        Mu*_xs: -0.00000   Cv*/N_xs:  0.00000         E(kJ/mol): -0.742     P(bar):    0.069     
Step:  739999     NAcc:  370003     fAcc:  0.500      Maxd:  2.11654    E*/N:  -0.89932   P*:     nan        P*cold: nan        Mu*_xs: -0.00000   Cv*/N_xs:  0.00000         E(kJ/mol): -0.897     P(bar):    0.066     
Step:  759999     NAcc:  380001     fAcc:  0.500      Maxd:  9.37852    E*/N:  -0.80659   P*:     nan        P*cold: nan        Mu*_xs: -0.00000   Cv*/N_xs:  0.00000         E(kJ/mol): -0.804     P(bar):    0.087     
Step:  779999     NAcc:  390000     fAcc:  0.500      Maxd:  17.78423   E*/N:  -0.91369   P*:     nan        P*cold: nan        Mu*_xs: -0.00000   Cv*/N_xs:  0.00000         E(kJ/mol): -0.911     P(bar):    0.059     
Step:  799999     NAcc:  399999     fAcc:  0.500      Maxd:  10.64050   E*/N:  -0.81284   P*:     nan        P*cold: nan        Mu*_xs: -0.00000   Cv*/N_xs:  0.00000         E(kJ/mol): -0.811     P(bar):    0.073     
Step:  819999     NAcc:  410000     fAcc:  0.500      Maxd:  0.57208    E*/N:  -0.87184   P*:     nan        P*cold: nan        Mu*_xs: -0.00000   Cv*/N_xs:  0.00000         E(kJ/mol): -0.870     P(bar):    0.055     
Step:  839999     NAcc:  419998     fAcc:  0.500      Maxd:  1.87598    E*/N:  -0.80282   P*:     nan        P*cold: nan        Mu*_xs: -0.00000   Cv*/N_xs:  0.00000         E(kJ/mol): -0.801     P(bar):    0.066     
Step:  859999     NAcc:  429999     fAcc:  0.500      Maxd:  1.43429    E*/N:  -0.81911   P*:     nan        P*cold: nan        Mu*_xs: -0.00000   Cv*/N_xs:  0.00000         E(kJ/mol): -0.817     P(bar):    0.053     
Step:  879999     NAcc:  440001     fAcc:  0.500      Maxd:  32.71875   E*/N:  -0.82614   P*:     nan        P*cold: nan        Mu*_xs: -0.00000   Cv*/N_xs:  0.00000         E(kJ/mol): -0.824     P(bar):    0.073     
Step:  899999     NAcc:  450007     fAcc:  0.500      Maxd:  30.61052   E*/N:  -0.81665   P*:     nan        P*cold: nan        Mu*_xs: -0.00000   Cv*/N_xs:  0.00000         E(kJ/mol): -0.815     P(bar):    0.072     
Step:  919999     NAcc:  460004     fAcc:  0.500      Maxd:  34.72041   E*/N:  -0.81013   P*:     nan        P*cold: nan        Mu*_xs: -0.00000   Cv*/N_xs:  0.00000         E(kJ/mol): -0.808     P(bar):    0.067     
Step:  939999     NAcc:  469998     fAcc:  0.500      Maxd:  6.89115    E*/N:  -0.87937   P*:     nan        P*cold: nan        Mu*_xs: -0.00000   Cv*/N_xs:  0.00000         E(kJ/mol): -0.877     P(bar):    0.072     
Step:  959999     NAcc:  480001     fAcc:  0.500      Maxd:  31.45092   E*/N:  -0.82386   P*:     nan        P*cold: nan        Mu*_xs: -0.00000   Cv*/N_xs:  0.00000         E(kJ/mol): -0.822     P(bar):    0.060     
Step:  979999     NAcc:  490002     fAcc:  0.500      Maxd:  2.44963    E*/N:  -0.83060   P*:     nan        P*cold: nan        Mu*_xs: -0.00000   Cv*/N_xs:  0.00000         E(kJ/mol): -0.828     P(bar):    0.067     
Step:  999999     NAcc:  500003     fAcc:  0.500      Maxd:  34.68737   E*/N:  -0.90868   P*:     nan        P*cold: nan        Mu*_xs: -0.00000   Cv*/N_xs:  0.00000         E(kJ/mol): -0.906     P(bar):    0.075     
Step:  1019999    NAcc:  510001     fAcc:  0.500      Maxd:  2.93375    E*/N:  -0.84849   P*:     nan        P*cold: nan        Mu*_xs: -0.00000   Cv*/N_xs:  0.00000         E(kJ/mol): -0.846     P(bar):    0.087     
Step:  1039999    NAcc:  520004     fAcc:  0.500      Maxd:  30.01343   E*/N:  -0.84007   P*:     nan        P*cold: nan        Mu*_xs: -0.00000   Cv*/N_xs:  0.00000         E(kJ/mol): -0.838     P(bar):    0.060     
Step:  1059999    NAcc:  530004     fAcc:  0.500      Maxd:  30.35396   E*/N:  -0.76396   P*:     nan        P*cold: nan        Mu*_xs: -0.00000   Cv*/N_xs:  0.00000         E(kJ/mol): -0.762     P(bar):    0.078     
Step:  1079999    NAcc:  539999     fAcc:  0.500      Maxd:  16.07184   E*/N:  -0.83208   P*:     nan        P*cold: nan        Mu*_xs: -0.00000   Cv*/N_xs:  0.00000         E(kJ/mol): -0.830     P(bar):    0.067     
Step:  1099999    NAcc:  549999     fAcc:  0.500      Maxd:  1.68768    E*/N:  -0.84855   P*:     nan        P*cold: nan        Mu*_xs: -0.00000   Cv*/N_xs:  0.00000         E(kJ/mol): -0.846     P(bar):    0.066     
Step:  1119999    NAcc:  560001     fAcc:  0.500      Maxd:  30.46178   E*/N:  -0.87200   P*:     nan        P*cold: nan        Mu*_xs: -0.00000   Cv*/N_xs:  0.00000         E(kJ/mol): -0.870     P(bar):    0.056     
Step:  1139999    NAcc:  570002     fAcc:  0.500      Maxd:  21.59861   E*/N:  -0.83651   P*:     nan        P*cold: nan        Mu*_xs: -0.00000   Cv*/N_xs:  0.00000         E(kJ/mol): -0.834     P(bar):    0.064     
Step:  1159999    NAcc:  580002     fAcc:  0.500      Maxd:  7.94767    E*/N:  -0.82093   P*:     nan        P*cold: nan        Mu*_xs: -0.00000   Cv*/N_xs:  0.00000         E(kJ/mol): -0.819     P(bar):    0.077     
Step:  1179999    NAcc:  590008     fAcc:  0.500      Maxd:  32.10794   E*/N:  -0.82901   P*:     nan        P*cold: nan        Mu*_xs: -0.00000   Cv*/N_xs:  0.00000         E(kJ/mol): -0.827     P(bar):    0.071     
Step:  1199999    NAcc:  600004     fAcc:  0.500      Maxd:  4.99573    E*/N:  -0.82702   P*:     nan        P*cold: nan        Mu*_xs: -0.00000   Cv*/N_xs:  0.00000         E(kJ/mol): -0.825     P(bar):    0.074     
Step:  1219999    NAcc:  610000     fAcc:  0.500      Maxd:  0.50109    E*/N:  -0.85986   P*:     nan        P*cold: nan        Mu*_xs: -0.00000   Cv*/N_xs:  0.00000         E(kJ/mol): -0.858     P(bar):    0.052     
Step:  1239999    NAcc:  620003     fAcc:  0.500      Maxd:  2.34909    E*/N:  -0.84945   P*:     nan        P*cold: nan        Mu*_xs: -0.00000   Cv*/N_xs:  0.00000         E(kJ/mol): -0.847     P(bar):    0.064     
Step:  1259999    NAcc:  630000     fAcc:  0.500      Maxd:  8.40257    E*/N:  -0.86435   P*:     nan        P*cold: nan        Mu*_xs: -0.00000   Cv*/N_xs:  0.00000         E(kJ/mol): -0.862     P(bar):    0.052     
Step:  1279999    NAcc:  639999     fAcc:  0.500      Maxd:  0.73106    E*/N:  -0.85361   P*:     nan        P*cold: nan        Mu*_xs: -0.00000   Cv*/N_xs:  0.00000         E(kJ/mol): -0.851     P(bar):    0.071     
Step:  1299999    NAcc:  650003     fAcc:  0.500      Maxd:  31.07392   E*/N:  -0.78227   P*:     nan        P*cold: nan        Mu*_xs: -0.00000   Cv*/N_xs:  0.00000         E(kJ/mol): -0.780     P(bar):    0.084     
Step:  1319999    NAcc:  660002     fAcc:  0.500      Maxd:  29.18108   E*/N:  -0.81933   P*:     nan        P*cold: nan        Mu*_xs: -0.00000   Cv*/N_xs:  0.00000         E(kJ/mol): -0.817     P(bar):    0.061     
Step:  1339999    NAcc:  669998     fAcc:  0.500      Maxd:  7.07299    E*/N:  -0.90725   P*:     nan        P*cold: nan        Mu*_xs: -0.00000   Cv*/N_xs:  0.00000         E(kJ/mol): -0.905     P(bar):    0.063     
Step:  1359999    NAcc:  680000     fAcc:  0.500      Maxd:  0.70221    E*/N:  -0.86667   P*:     nan        P*cold: nan        Mu*_xs: -0.00000   Cv*/N_xs:  0.00000         E(kJ/mol): -0.864     P(bar):    0.052     
Step:  1379999    NAcc:  690000     fAcc:  0.500      Maxd:  0.48074    E*/N:  -0.82155   P*:     nan        P*cold: nan        Mu*_xs: -0.00000   Cv*/N_xs:  0.00000         E(kJ/mol): -0.819     P(bar):    0.063     
Step:  1399999    NAcc:  700001     fAcc:  0.500      Maxd:  29.73583   E*/N:  -0.87044   P*:     nan        P*cold: nan        Mu*_xs: -0.00000   Cv*/N_xs:  0.00000         E(kJ/mol): -0.868     P(bar):    0.055     
Step:  1419999    NAcc:  709999     fAcc:  0.500      Maxd:  1.62334    E*/N:  -0.85215   P*:     nan        P*cold: nan        Mu*_xs: -0.00000   Cv*/N_xs:  0.00000         E(kJ/mol): -0.850     P(bar):    0.077     
Step:  1439999    NAcc:  720002     fAcc:  0.500      Maxd:  34.01717   E*/N:  -0.83985   P*:     nan        P*cold: nan        Mu*_xs: -0.00000   Cv*/N_xs:  0.00000         E(kJ/mol): -0.838     P(bar):    0.065     
Step:  1459999    NAcc:  730002     fAcc:  0.500      Maxd:  2.45775    E*/N:  -0.87320   P*:     nan        P*cold: nan        Mu*_xs: -0.00000   Cv*/N_xs:  0.00000         E(kJ/mol): -0.871     P(bar):    0.062     
Step:  1479999    NAcc:  740003     fAcc:  0.500      Maxd:  34.24033   E*/N:  -0.90071   P*:     nan        P*cold: nan        Mu*_xs: -0.00000   Cv*/N_xs:  0.00000         E(kJ/mol): -0.898     P(bar):    0.065     
Step:  1499999    NAcc:  750002     fAcc:  0.500      Maxd:  31.72267   E*/N:  -0.83813   P*:     nan        P*cold: nan        Mu*_xs: -0.00000   Cv*/N_xs:  0.00000         E(kJ/mol): -0.836     P(bar):    0.070     
Step:  1519999    NAcc:  760001     fAcc:  0.500      Maxd:  1.49243    E*/N:  -0.82699   P*:     nan        P*cold: nan        Mu*_xs: -0.00000   Cv*/N_xs:  0.00000         E(kJ/mol): -0.825     P(bar):    0.063     
Step:  1539999    NAcc:  770001     fAcc:  0.500      Maxd:  30.70725   E*/N:  -0.82480   P*:     nan        P*cold: nan        Mu*_xs: -0.00000   Cv*/N_xs:  0.00000         E(kJ/mol): -0.823     P(bar):    0.067     
Step:  1559999    NAcc:  779999     fAcc:  0.500      Maxd:  1.58413    E*/N:  -0.87824   P*:     nan        P*cold: nan        Mu*_xs: -0.00000   Cv*/N_xs:  0.00000         E(kJ/mol): -0.876     P(bar):    0.060     
Step:  1579999    NAcc:  790002     fAcc:  0.500      Maxd:  6.84573    E*/N:  -0.84356   P*:     nan        P*cold: nan        Mu*_xs: -0.00000   Cv*/N_xs:  0.00000         E(kJ/mol): -0.841     P(bar):    0.062     
Step:  1599999    NAcc:  800001     fAcc:  0.500      Maxd:  3.84826    E*/N:  -0.89157   P*:     nan        P*cold: nan        Mu*_xs: -0.00000   Cv*/N_xs:  0.00000         E(kJ/mol): -0.889     P(bar):    0.086     
Step:  1619999    NAcc:  810003     fAcc:  0.500      Maxd:  29.99424   E*/N:  -0.82225   P*:     nan        P*cold: nan        Mu*_xs: -0.00000   Cv*/N_xs:  0.00000         E(kJ/mol): -0.820     P(bar):    0.067     
Step:  1639999    NAcc:  820002     fAcc:  0.500      Maxd:  6.16555    E*/N:  -0.75262   P*:     nan        P*cold: nan        Mu*_xs: -0.00000   Cv*/N_xs:  0.00000         E(kJ/mol): -0.751     P(bar):    0.072     
Step:  1659999    NAcc:  830005     fAcc:  0.500      Maxd:  21.92719   E*/N:  -0.87462   P*:     nan        P*cold: nan        Mu*_xs: -0.00000   Cv*/N_xs:  0.00000         E(kJ/mol): -0.872     P(bar):    0.059     
Step:  1679999    NAcc:  840001     fAcc:  0.500      Maxd:  0.78240    E*/N:  -0.81829   P*:     nan        P*cold: nan        Mu*_xs: -0.00000   Cv*/N_xs:  0.00000         E(kJ/mol): -0.816     P(bar):    0.066     
Step:  1699999    NAcc:  850002     fAcc:  0.500      Maxd:  33.79344   E*/N:  -0.76331   P*:     nan        P*cold: nan        Mu*_xs: -0.00000   Cv*/N_xs:  0.00000         E(kJ/mol): -0.761     P(bar):    0.067     
Step:  1719999    NAcc:  860001     fAcc:  0.500      Maxd:  34.75515   E*/N:  -0.83820   P*:     nan        P*cold: nan        Mu*_xs: -0.00000   Cv*/N_xs:  0.00000         E(kJ/mol): -0.836     P(bar):    0.075     
Step:  1739999    NAcc:  870000     fAcc:  0.500      Maxd:  13.79021   E*/N:  -0.79158   P*:     nan        P*cold: nan        Mu*_xs: -0.00000   Cv*/N_xs:  0.00000         E(kJ/mol): -0.790     P(bar):    0.069     
Step:  1759999    NAcc:  880005     fAcc:  0.500      Maxd:  31.40364   E*/N:  -0.83135   P*:     nan        P*cold: nan        Mu*_xs: -0.00000   Cv*/N_xs:  0.00000         E(kJ/mol): -0.829     P(bar):    0.078     
Step:  1779999    NAcc:  890002     fAcc:  0.500      Maxd:  30.25379   E*/N:  -0.81545   P*:     nan        P*cold: nan        Mu*_xs: -0.00000   Cv*/N_xs:  0.00000         E(kJ/mol): -0.813     P(bar):    0.058     
Step:  1799999    NAcc:  900005     fAcc:  0.500      Maxd:  4.18872    E*/N:  -0.81407   P*:     nan        P*cold: nan        Mu*_xs: -0.00000   Cv*/N_xs:  0.00000         E(kJ/mol): -0.812     P(bar):    0.061     
Step:  1819999    NAcc:  910003     fAcc:  0.500      Maxd:  34.11057   E*/N:  -0.82762   P*:     nan        P*cold: nan        Mu*_xs: -0.00000   Cv*/N_xs:  0.00000         E(kJ/mol): -0.825     P(bar):    0.068     
Step:  1839999    NAcc:  920005     fAcc:  0.500      Maxd:  29.51400   E*/N:  -0.80250   P*:     nan        P*cold: nan        Mu*_xs: -0.00000   Cv*/N_xs:  0.00000         E(kJ/mol): -0.800     P(bar):    0.061     
Step:  1859999    NAcc:  930002     fAcc:  0.500      Maxd:  1.59277    E*/N:  -0.77921   P*:     nan        P*cold: nan        Mu*_xs: -0.00000   Cv*/N_xs:  0.00000         E(kJ/mol): -0.777     P(bar):    0.078     
Step:  1879999    NAcc:  940005     fAcc:  0.500      Maxd:  9.16897    E*/N:  -0.78945   P*:     nan        P*cold: nan        Mu*_xs: -0.00000   Cv*/N_xs:  0.00000         E(kJ/mol): -0.787     P(bar):    0.066     
Step:  1899999    NAcc:  950001     fAcc:  0.500      Maxd:  29.55939   E*/N:  -0.80990   P*:     nan        P*cold: nan        Mu*_xs: -0.00000   Cv*/N_xs:  0.00000         E(kJ/mol): -0.808     P(bar):    0.063     
Step:  1919999    NAcc:  960010     fAcc:  0.500      Maxd:  31.32026   E*/N:  -0.78261   P*:     nan        P*cold: nan        Mu*_xs: -0.00000   Cv*/N_xs:  0.00000         E(kJ/mol): -0.781     P(bar):    0.073     
Step:  1939999    NAcc:  970000     fAcc:  0.500      Maxd:  0.72389    E*/N:  -0.83375   P*:     nan        P*cold: nan        Mu*_xs: -0.00000   Cv*/N_xs:  0.00000         E(kJ/mol): -0.832     P(bar):    0.067     
Step:  1959999    NAcc:  979999     fAcc:  0.500      Maxd:  3.89078    E*/N:  -0.87232   P*:     nan        P*cold: nan        Mu*_xs: -0.00000   Cv*/N_xs:  0.00000         E(kJ/mol): -0.870     P(bar):    0.062     
Step:  1979999    NAcc:  990000     fAcc:  0.500      Maxd:  0.56325    E*/N:  -0.87119   P*:     nan        P*cold: nan        Mu*_xs: -0.00000   Cv*/N_xs:  0.00000         E(kJ/mol): -0.869     P(bar):    0.057     
Step:  1999999    NAcc:  1000004    fAcc:  0.500      Maxd:  31.66884   E*/N:  -0.79972   P*:     nan        P*cold: nan        Mu*_xs: -0.00000   Cv*/N_xs:  0.00000         E(kJ/mol): -0.798     P(bar):    0.070     
Step:  2019999    NAcc:  1010000    fAcc:  0.500      Maxd:  23.50753   E*/N:  -0.86604   P*:     0.07765    P*cold: -0.04235   Mu*_xs: -0.86450   Cv*/N_xs:  0.72672         E(kJ/mol): -0.864     P(bar):    0.061     
Step:  2039999    NAcc:  1020002    fAcc:  0.500      Maxd:  31.95648   E*/N:  -0.78413   P*:     0.07947    P*cold: -0.04053   Mu*_xs: -0.85745   Cv*/N_xs:  0.55404         E(kJ/mol): -0.782     P(bar):    0.079     
Step:  2059999    NAcc:  1030002    fAcc:  0.500      Maxd:  5.65807    E*/N:  -0.77310   P*:     0.08033    P*cold: -0.03967   Mu*_xs: -0.84425   Cv*/N_xs:  0.81033         E(kJ/mol): -0.771     P(bar):    0.061     
Step:  2079999    NAcc:  1039999    fAcc:  0.500      Maxd:  6.48236    E*/N:  -0.79824   P*:     0.07944    P*cold: -0.04056   Mu*_xs: -0.84427   Cv*/N_xs:  0.82316         E(kJ/mol): -0.796     P(bar):    0.062     
Step:  2099999    NAcc:  1050010    fAcc:  0.500      Maxd:  31.70250   E*/N:  -0.82553   P*:     0.07949    P*cold: -0.04051   Mu*_xs: -0.84077   Cv*/N_xs:  0.75435         E(kJ/mol): -0.823     P(bar):    0.056     
Step:  2119999    NAcc:  1060013    fAcc:  0.500      Maxd:  29.22470   E*/N:  -0.80627   P*:     0.07983    P*cold: -0.04017   Mu*_xs: -0.84147   Cv*/N_xs:  0.69256         E(kJ/mol): -0.804     P(bar):    0.062     
Step:  2139999    NAcc:  1070000    fAcc:  0.500      Maxd:  0.52766    E*/N:  -0.78673   P*:     0.08021    P*cold: -0.03979   Mu*_xs: -0.83886   Cv*/N_xs:  0.63037         E(kJ/mol): -0.785     P(bar):    0.084     
Step:  2159999    NAcc:  1079999    fAcc:  0.500      Maxd:  2.51548    E*/N:  -0.88547   P*:     0.08022    P*cold: -0.03978   Mu*_xs: -0.84133   Cv*/N_xs:  0.62501         E(kJ/mol): -0.883     P(bar):    0.075     
Step:  2179999    NAcc:  1090001    fAcc:  0.500      Maxd:  1.69729    E*/N:  -0.78919   P*:     0.08037    P*cold: -0.03963   Mu*_xs: -0.83822   Cv*/N_xs:  0.59017         E(kJ/mol): -0.787     P(bar):    0.071     
Step:  2199999    NAcc:  1100003    fAcc:  0.500      Maxd:  32.50027   E*/N:  -0.89773   P*:     0.08065    P*cold: -0.03935   Mu*_xs: -0.83919   Cv*/N_xs:  0.58810         E(kJ/mol): -0.895     P(bar):    0.069     
Step:  2219999    NAcc:  1110000    fAcc:  0.500      Maxd:  0.56630    E*/N:  -0.90034   P*:     0.08005    P*cold: -0.03995   Mu*_xs: -0.83772   Cv*/N_xs:  0.66688         E(kJ/mol): -0.898     P(bar):    0.073     
Step:  2239999    NAcc:  1119998    fAcc:  0.500      Maxd:  4.53489    E*/N:  -0.93159   P*:     0.07954    P*cold: -0.04046   Mu*_xs: -0.83858   Cv*/N_xs:  0.77905         E(kJ/mol): -0.929     P(bar):    0.046     
Step:  2259999    NAcc:  1130001    fAcc:  0.500      Maxd:  4.15228    E*/N:  -0.86026   P*:     0.07997    P*cold: -0.04003   Mu*_xs: -0.83957   Cv*/N_xs:  0.74750         E(kJ/mol): -0.858     P(bar):    0.071     
Step:  2279999    NAcc:  1140002    fAcc:  0.500      Maxd:  33.96656   E*/N:  -0.88488   P*:     0.08005    P*cold: -0.03995   Mu*_xs: -0.84030   Cv*/N_xs:  0.71808         E(kJ/mol): -0.883     P(bar):    0.063     
Step:  2299999    NAcc:  1150005    fAcc:  0.500      Maxd:  30.05181   E*/N:  -0.84524   P*:     0.08040    P*cold: -0.03960   Mu*_xs: -0.84184   Cv*/N_xs:  0.69135         E(kJ/mol): -0.843     P(bar):    0.059     
Step:  2319999    NAcc:  1160000    fAcc:  0.500      Maxd:  23.03963   E*/N:  -0.86395   P*:     0.08043    P*cold: -0.03957   Mu*_xs: -0.84124   Cv*/N_xs:  0.68730         E(kJ/mol): -0.862     P(bar):    0.071     
Step:  2339999    NAcc:  1170002    fAcc:  0.500      Maxd:  3.75854    E*/N:  -0.86627   P*:     0.08035    P*cold: -0.03965   Mu*_xs: -0.84186   Cv*/N_xs:  0.70375         E(kJ/mol): -0.864     P(bar):    0.068     
Step:  2359999    NAcc:  1179999    fAcc:  0.500      Maxd:  2.53539    E*/N:  -0.84276   P*:     0.08021    P*cold: -0.03979   Mu*_xs: -0.84188   Cv*/N_xs:  0.68471         E(kJ/mol): -0.841     P(bar):    0.069     
Step:  2379999    NAcc:  1190004    fAcc:  0.500      Maxd:  4.25469    E*/N:  -0.83460   P*:     0.08011    P*cold: -0.03989   Mu*_xs: -0.84184   Cv*/N_xs:  0.67606         E(kJ/mol): -0.832     P(bar):    0.070     
Step:  2399999    NAcc:  1200001    fAcc:  0.500      Maxd:  33.67256   E*/N:  -0.79712   P*:     0.07986    P*cold: -0.04014   Mu*_xs: -0.84211   Cv*/N_xs:  0.67574         E(kJ/mol): -0.795     P(bar):    0.070     
Step:  2419999    NAcc:  1210002    fAcc:  0.500      Maxd:  31.96379   E*/N:  -0.89955   P*:     0.07978    P*cold: -0.04022   Mu*_xs: -0.84272   Cv*/N_xs:  0.67566         E(kJ/mol): -0.897     P(bar):    0.057     
Step:  2439999    NAcc:  1220002    fAcc:  0.500      Maxd:  34.50148   E*/N:  -0.80587   P*:     0.07949    P*cold: -0.04051   Mu*_xs: -0.84244   Cv*/N_xs:  0.67258         E(kJ/mol): -0.804     P(bar):    0.070     
Step:  2459999    NAcc:  1230000    fAcc:  0.500      Maxd:  27.90032   E*/N:  -0.79986   P*:     0.07956    P*cold: -0.04044   Mu*_xs: -0.84262   Cv*/N_xs:  0.68358         E(kJ/mol): -0.798     P(bar):    0.059     
Step:  2479999    NAcc:  1240000    fAcc:  0.500      Maxd:  4.19990    E*/N:  -0.80639   P*:     0.07943    P*cold: -0.04057   Mu*_xs: -0.84208   Cv*/N_xs:  0.66968         E(kJ/mol): -0.804     P(bar):    0.061     
Step:  2499999    NAcc:  1250001    fAcc:  0.500      Maxd:  1.07834    E*/N:  -0.92452   P*:     0.07942    P*cold: -0.04058   Mu*_xs: -0.84278   Cv*/N_xs:  0.67001         E(kJ/mol): -0.922     P(bar):    0.073     
Step:  2519999    NAcc:  1260005    fAcc:  0.500      Maxd:  29.94312   E*/N:  -0.77175   P*:     0.07953    P*cold: -0.04047   Mu*_xs: -0.84304   Cv*/N_xs:  0.72674         E(kJ/mol): -0.770     P(bar):    0.064     
Step:  2539999    NAcc:  1270000    fAcc:  0.500      Maxd:  12.19441   E*/N:  -0.88200   P*:     0.07950    P*cold: -0.04050   Mu*_xs: -0.84294   Cv*/N_xs:  0.71377         E(kJ/mol): -0.880     P(bar):    0.066     
Step:  2559999    NAcc:  1280001    fAcc:  0.500      Maxd:  2.12635    E*/N:  -0.78809   P*:     0.07955    P*cold: -0.04045   Mu*_xs: -0.84292   Cv*/N_xs:  0.73448         E(kJ/mol): -0.786     P(bar):    0.052     
Step:  2579999    NAcc:  1290005    fAcc:  0.500      Maxd:  29.82444   E*/N:  -0.78217   P*:     0.07960    P*cold: -0.04040   Mu*_xs: -0.84304   Cv*/N_xs:  0.73007         E(kJ/mol): -0.780     P(bar):    0.094     
Step:  2599999    NAcc:  1299998    fAcc:  0.500      Maxd:  1.69517    E*/N:  -0.80041   P*:     0.07972    P*cold: -0.04028   Mu*_xs: -0.84382   Cv*/N_xs:  0.72629         E(kJ/mol): -0.798     P(bar):    0.075     
Step:  2619999    NAcc:  1310002    fAcc:  0.500      Maxd:  34.06722   E*/N:  -0.84787   P*:     0.07968    P*cold: -0.04032   Mu*_xs: -0.84362   Cv*/N_xs:  0.71295         E(kJ/mol): -0.846     P(bar):    0.050     
Step:  2639999    NAcc:  1320001    fAcc:  0.500      Maxd:  34.80935   E*/N:  -0.81032   P*:     0.07957    P*cold: -0.04043   Mu*_xs: -0.84353   Cv*/N_xs:  0.72264         E(kJ/mol): -0.808     P(bar):    0.077     
Step:  2659999    NAcc:  1330008    fAcc:  0.500      Maxd:  32.58273   E*/N:  -0.83346   P*:     0.07958    P*cold: -0.04042   Mu*_xs: -0.84311   Cv*/N_xs:  0.71312         E(kJ/mol): -0.831     P(bar):    0.057     
Step:  2679999    NAcc:  1340001    fAcc:  0.500      Maxd:  30.43747   E*/N:  -0.83144   P*:     0.07966    P*cold: -0.04034   Mu*_xs: -0.84392   Cv*/N_xs:  0.70243         E(kJ/mol): -0.829     P(bar):    0.068     
Step:  2699999    NAcc:  1349998    fAcc:  0.500      Maxd:  1.63604    E*/N:  -0.85234   P*:     0.07970    P*cold: -0.04030   Mu*_xs: -0.84401   Cv*/N_xs:  0.69865         E(kJ/mol): -0.850     P(bar):    0.070     
Step:  2719999    NAcc:  1360004    fAcc:  0.500      Maxd:  30.76772   E*/N:  -0.77921   P*:     0.07971    P*cold: -0.04029   Mu*_xs: -0.84404   Cv*/N_xs:  0.68970         E(kJ/mol): -0.777     P(bar):    0.069     
Step:  2739999    NAcc:  1370001    fAcc:  0.500      Maxd:  0.77181    E*/N:  -0.86141   P*:     0.07972    P*cold: -0.04028   Mu*_xs: -0.84419   Cv*/N_xs:  0.72942         E(kJ/mol): -0.859     P(bar):    0.066     
Step:  2759999    NAcc:  1380006    fAcc:  0.500      Maxd:  29.08267   E*/N:  -0.83224   P*:     0.07982    P*cold: -0.04018   Mu*_xs: -0.84453   Cv*/N_xs:  0.72125         E(kJ/mol): -0.830     P(bar):    0.069     
Step:  2779999    NAcc:  1390002    fAcc:  0.500      Maxd:  33.14472   E*/N:  -0.83925   P*:     0.07983    P*cold: -0.04017   Mu*_xs: -0.84476   Cv*/N_xs:  0.72690         E(kJ/mol): -0.837     P(bar):    0.067     
Step:  2799999    NAcc:  1400004    fAcc:  0.500      Maxd:  33.19494   E*/N:  -0.83807   P*:     0.07983    P*cold: -0.04017   Mu*_xs: -0.84448   Cv*/N_xs:  0.72307         E(kJ/mol): -0.836     P(bar):    0.065     
Step:  2819999    NAcc:  1409999    fAcc:  0.500      Maxd:  4.30297    E*/N:  -0.84640   P*:     0.07986    P*cold: -0.04014   Mu*_xs: -0.84431   Cv*/N_xs:  0.73053         E(kJ/mol): -0.844     P(bar):    0.062     
Step:  2839999    NAcc:  1419999    fAcc:  0.500      Maxd:  4.79349    E*/N:  -0.80890   P*:     0.07986    P*cold: -0.04014   Mu*_xs: -0.84453   Cv*/N_xs:  0.73691         E(kJ/mol): -0.807     P(bar):    0.068     
Step:  2859999    NAcc:  1430001    fAcc:  0.500      Maxd:  10.06013   E*/N:  -0.94362   P*:     0.07982    P*cold: -0.04018   Mu*_xs: -0.84436   Cv*/N_xs:  0.76863         E(kJ/mol): -0.941     P(bar):    0.066     
Step:  2879999    NAcc:  1440001    fAcc:  0.500      Maxd:  27.39499   E*/N:  -0.80088   P*:     0.07986    P*cold: -0.04014   Mu*_xs: -0.84461   Cv*/N_xs:  0.79003         E(kJ/mol): -0.799     P(bar):    0.073     
Step:  2899999    NAcc:  1450004    fAcc:  0.500      Maxd:  31.19008   E*/N:  -0.83498   P*:     0.07993    P*cold: -0.04007   Mu*_xs: -0.84452   Cv*/N_xs:  0.79530         E(kJ/mol): -0.833     P(bar):    0.058     
Step:  2919999    NAcc:  1460001    fAcc:  0.500      Maxd:  0.76650    E*/N:  -0.82184   P*:     0.07998    P*cold: -0.04002   Mu*_xs: -0.84502   Cv*/N_xs:  0.78242         E(kJ/mol): -0.820     P(bar):    0.050     
Step:  2939999    NAcc:  1469999    fAcc:  0.500      Maxd:  14.55275   E*/N:  -0.80916   P*:     0.08001    P*cold: -0.03999   Mu*_xs: -0.84510   Cv*/N_xs:  0.77531         E(kJ/mol): -0.807     P(bar):    0.084     
Step:  2959999    NAcc:  1480001    fAcc:  0.500      Maxd:  33.79380   E*/N:  -0.82238   P*:     0.08004    P*cold: -0.03996   Mu*_xs: -0.84531   Cv*/N_xs:  0.76976         E(kJ/mol): -0.820     P(bar):    0.073     
Step:  2979999    NAcc:  1490002    fAcc:  0.500      Maxd:  29.49733   E*/N:  -0.83872   P*:     0.08011    P*cold: -0.03989   Mu*_xs: -0.84528   Cv*/N_xs:  0.76283         E(kJ/mol): -0.837     P(bar):    0.082     
Step:  2999999    NAcc:  1500002    fAcc:  0.500      Maxd:  31.76745   E*/N:  -0.81947   P*:     0.08016    P*cold: -0.03984   Mu*_xs: -0.84523   Cv*/N_xs:  0.75393         E(kJ/mol): -0.817     P(bar):    0.071     
Step:  3019999    NAcc:  1510001    fAcc:  0.500      Maxd:  4.77963    E*/N:  -0.83234   P*:     0.08022    P*cold: -0.03978   Mu*_xs: -0.84468   Cv*/N_xs:  0.75473         E(kJ/mol): -0.830     P(bar):    0.072     
Step:  3039999    NAcc:  1520006    fAcc:  0.500      Maxd:  31.14584   E*/N:  -0.84092   P*:     0.08019    P*cold: -0.03981   Mu*_xs: -0.84462   Cv*/N_xs:  0.74872         E(kJ/mol): -0.839     P(bar):    0.069     
Step:  3059999    NAcc:  1529999    fAcc:  0.500      Maxd:  8.08543    E*/N:  -0.84580   P*:     0.08023    P*cold: -0.03977   Mu*_xs: -0.84444   Cv*/N_xs:  0.74211         E(kJ/mol): -0.844     P(bar):    0.066     
Step:  3079999    NAcc:  1540005    fAcc:  0.500      Maxd:  31.63401   E*/N:  -0.81849   P*:     0.08031    P*cold: -0.03969   Mu*_xs: -0.84453   Cv*/N_xs:  0.73423         E(kJ/mol): -0.816     P(bar):    0.075     
Step:  3099999    NAcc:  1550000    fAcc:  0.500      Maxd:  0.48028    E*/N:  -0.86332   P*:     0.08025    P*cold: -0.03975   Mu*_xs: -0.84470   Cv*/N_xs:  0.73654         E(kJ/mol): -0.861     P(bar):    0.058     
Step:  3119999    NAcc:  1560001    fAcc:  0.500      Maxd:  4.74058    E*/N:  -0.80492   P*:     0.08023    P*cold: -0.03977   Mu*_xs: -0.84452   Cv*/N_xs:  0.73387         E(kJ/mol): -0.803     P(bar):    0.059     
Step:  3139999    NAcc:  1570005    fAcc:  0.500      Maxd:  32.70663   E*/N:  -0.86535   P*:     0.08014    P*cold: -0.03986   Mu*_xs: -0.84411   Cv*/N_xs:  0.72920         E(kJ/mol): -0.863     P(bar):    0.067     
Step:  3159999    NAcc:  1580000    fAcc:  0.500      Maxd:  0.57233    E*/N:  -0.83167   P*:     0.08009    P*cold: -0.03991   Mu*_xs: -0.84418   Cv*/N_xs:  0.72625         E(kJ/mol): -0.829     P(bar):    0.072     
Step:  3179999    NAcc:  1589999    fAcc:  0.500      Maxd:  0.56112    E*/N:  -0.86363   P*:     0.08006    P*cold: -0.03994   Mu*_xs: -0.84411   Cv*/N_xs:  0.72999         E(kJ/mol): -0.861     P(bar):    0.077     
Step:  3199999    NAcc:  1599998    fAcc:  0.500      Maxd:  1.24246    E*/N:  -0.82134   P*:     0.08008    P*cold: -0.03992   Mu*_xs: -0.84420   Cv*/N_xs:  0.72395         E(kJ/mol): -0.819     P(bar):    0.064     
Step:  3219999    NAcc:  1610006    fAcc:  0.500      Maxd:  32.02732   E*/N:  -0.80353   P*:     0.08014    P*cold: -0.03986   Mu*_xs: -0.84441   Cv*/N_xs:  0.72707         E(kJ/mol): -0.801     P(bar):    0.075     
Step:  3239999    NAcc:  1620001    fAcc:  0.500      Maxd:  34.73490   E*/N:  -0.88216   P*:     0.08015    P*cold: -0.03985   Mu*_xs: -0.84462   Cv*/N_xs:  0.72487         E(kJ/mol): -0.880     P(bar):    0.069     
Step:  3259999    NAcc:  1630001    fAcc:  0.500      Maxd:  19.65346   E*/N:  -0.84708   P*:     0.08009    P*cold: -0.03991   Mu*_xs: -0.84441   Cv*/N_xs:  0.72661         E(kJ/mol): -0.845     P(bar):    0.071     
Step:  3279999    NAcc:  1640000    fAcc:  0.500      Maxd:  0.51162    E*/N:  -0.85669   P*:     0.08001    P*cold: -0.03999   Mu*_xs: -0.84445   Cv*/N_xs:  0.72669         E(kJ/mol): -0.854     P(bar):    0.070     
Step:  3299999    NAcc:  1649998    fAcc:  0.500      Maxd:  2.98531    E*/N:  -0.81871   P*:     0.08002    P*cold: -0.03998   Mu*_xs: -0.84444   Cv*/N_xs:  0.72358         E(kJ/mol): -0.817     P(bar):    0.063     
Step:  3319999    NAcc:  1660002    fAcc:  0.500      Maxd:  33.17227   E*/N:  -0.80923   P*:     0.08003    P*cold: -0.03997   Mu*_xs: -0.84449   Cv*/N_xs:  0.71821         E(kJ/mol): -0.807     P(bar):    0.086     
Step:  3339999    NAcc:  1670000    fAcc:  0.500      Maxd:  23.54402   E*/N:  -0.88444   P*:     0.08003    P*cold: -0.03997   Mu*_xs: -0.84433   Cv*/N_xs:  0.71724         E(kJ/mol): -0.882     P(bar):    0.064     
Step:  3359999    NAcc:  1680002    fAcc:  0.500      Maxd:  0.98318    E*/N:  -0.78698   P*:     0.08011    P*cold: -0.03989   Mu*_xs: -0.84424   Cv*/N_xs:  0.71432         E(kJ/mol): -0.785     P(bar):    0.065     
Step:  3379999    NAcc:  1690003    fAcc:  0.500      Maxd:  31.48178   E*/N:  -0.84835   P*:     0.08013    P*cold: -0.03987   Mu*_xs: -0.84415   Cv*/N_xs:  0.72557         E(kJ/mol): -0.846     P(bar):    0.070     
Step:  3399999    NAcc:  1700001    fAcc:  0.500      Maxd:  33.32379   E*/N:  -0.78222   P*:     0.08018    P*cold: -0.03982   Mu*_xs: -0.84414   Cv*/N_xs:  0.72376         E(kJ/mol): -0.780     P(bar):    0.063     
Step:  3419999    NAcc:  1709999    fAcc:  0.500      Maxd:  3.82944    E*/N:  -0.87457   P*:     0.08013    P*cold: -0.03987   Mu*_xs: -0.84417   Cv*/N_xs:  0.71852         E(kJ/mol): -0.872     P(bar):    0.067     
Step:  3439999    NAcc:  1720000    fAcc:  0.500      Maxd:  15.66557   E*/N:  -0.78906   P*:     0.08010    P*cold: -0.03990   Mu*_xs: -0.84448   Cv*/N_xs:  0.71640         E(kJ/mol): -0.787     P(bar):    0.072     
Step:  3459999    NAcc:  1730003    fAcc:  0.500      Maxd:  31.98401   E*/N:  -0.89103   P*:     0.08018    P*cold: -0.03982   Mu*_xs: -0.84415   Cv*/N_xs:  0.71458         E(kJ/mol): -0.889     P(bar):    0.053     
Step:  3479999    NAcc:  1740003    fAcc:  0.500      Maxd:  33.94031   E*/N:  -0.76200   P*:     0.08020    P*cold: -0.03980   Mu*_xs: -0.84396   Cv*/N_xs:  0.72511         E(kJ/mol): -0.760     P(bar):    0.085     
Step:  3499999    NAcc:  1750005    fAcc:  0.500      Maxd:  30.93692   E*/N:  -0.74214   P*:     0.08024    P*cold: -0.03976   Mu*_xs: -0.84418   Cv*/N_xs:  0.72773         E(kJ/mol): -0.740     P(bar):    0.090     
Step:  3519999    NAcc:  1760004    fAcc:  0.500      Maxd:  32.42874   E*/N:  -0.83471   P*:     0.08027    P*cold: -0.03973   Mu*_xs: -0.84412   Cv*/N_xs:  0.72615         E(kJ/mol): -0.833     P(bar):    0.059     
Step:  3539999    NAcc:  1770002    fAcc:  0.500      Maxd:  33.32659   E*/N:  -0.74231   P*:     0.08025    P*cold: -0.03975   Mu*_xs: -0.84398   Cv*/N_xs:  0.72357         E(kJ/mol): -0.740     P(bar):    0.073     
Step:  3559999    NAcc:  1780002    fAcc:  0.500      Maxd:  9.46782    E*/N:  -0.85605   P*:     0.08026    P*cold: -0.03974   Mu*_xs: -0.84394   Cv*/N_xs:  0.72888         E(kJ/mol): -0.854     P(bar):    0.057     
Step:  3579999    NAcc:  1790000    fAcc:  0.500      Maxd:  25.55064   E*/N:  -0.84727   P*:     0.08027    P*cold: -0.03973   Mu*_xs: -0.84393   Cv*/N_xs:  0.72471         E(kJ/mol): -0.845     P(bar):    0.070     
Step:  3599999    NAcc:  1800002    fAcc:  0.500      Maxd:  29.47156   E*/N:  -0.77742   P*:     0.08023    P*cold: -0.03977   Mu*_xs: -0.84392   Cv*/N_xs:  0.72359         E(kJ/mol): -0.775     P(bar):    0.078     
Step:  3619999    NAcc:  1810002    fAcc:  0.500      Maxd:  31.84319   E*/N:  -0.83826   P*:     0.08025    P*cold: -0.03975   Mu*_xs: -0.84381   Cv*/N_xs:  0.73259         E(kJ/mol): -0.836     P(bar):    0.066     
Step:  3639999    NAcc:  1820003    fAcc:  0.500      Maxd:  30.91635   E*/N:  -0.89041   P*:     0.08025    P*cold: -0.03975   Mu*_xs: -0.84362   Cv*/N_xs:  0.75024         E(kJ/mol): -0.888     P(bar):    0.059     
Step:  3659999    NAcc:  1830007    fAcc:  0.500      Maxd:  31.57403   E*/N:  -0.75675   P*:     0.08028    P*cold: -0.03972   Mu*_xs: -0.84372   Cv*/N_xs:  0.75387         E(kJ/mol): -0.755     P(bar):    0.074     
Step:  3679999    NAcc:  1840005    fAcc:  0.500      Maxd:  34.83143   E*/N:  -0.82538   P*:     0.08025    P*cold: -0.03975   Mu*_xs: -0.84332   Cv*/N_xs:  0.75133         E(kJ/mol): -0.823     P(bar):    0.080     
Step:  3699999    NAcc:  1850002    fAcc:  0.500      Maxd:  30.08486   E*/N:  -0.75061   P*:     0.08027    P*cold: -0.03973   Mu*_xs: -0.84322   Cv*/N_xs:  0.75171         E(kJ/mol): -0.749     P(bar):    0.069     
Step:  3719999    NAcc:  1860004    fAcc:  0.500      Maxd:  29.39994   E*/N:  -0.80887   P*:     0.08030    P*cold: -0.03970   Mu*_xs: -0.84304   Cv*/N_xs:  0.75280         E(kJ/mol): -0.807     P(bar):    0.074     
Step:  3739999    NAcc:  1870001    fAcc:  0.500      Maxd:  29.61462   E*/N:  -0.83148   P*:     0.08028    P*cold: -0.03972   Mu*_xs: -0.84311   Cv*/N_xs:  0.74791         E(kJ/mol): -0.829     P(bar):    0.068     
Step:  3759999    NAcc:  1880004    fAcc:  0.500      Maxd:  29.17333   E*/N:  -0.84572   P*:     0.08019    P*cold: -0.03981   Mu*_xs: -0.84330   Cv*/N_xs:  0.74781         E(kJ/mol): -0.844     P(bar):    0.050     
Step:  3779999    NAcc:  1890003    fAcc:  0.500      Maxd:  33.28140   E*/N:  -0.80763   P*:     0.08018    P*cold: -0.03982   Mu*_xs: -0.84338   Cv*/N_xs:  0.74466         E(kJ/mol): -0.806     P(bar):    0.069     
Step:  3799999    NAcc:  1899999    fAcc:  0.500      Maxd:  1.73377    E*/N:  -0.83911   P*:     0.08014    P*cold: -0.03986   Mu*_xs: -0.84328   Cv*/N_xs:  0.74073         E(kJ/mol): -0.837     P(bar):    0.065     
Step:  3819999    NAcc:  1909999    fAcc:  0.500      Maxd:  0.55630    E*/N:  -0.79525   P*:     0.08010    P*cold: -0.03990   Mu*_xs: -0.84340   Cv*/N_xs:  0.74169         E(kJ/mol): -0.793     P(bar):    0.068     
Step:  3839999    NAcc:  1920002    fAcc:  0.500      Maxd:  31.91929   E*/N:  -0.84612   P*:     0.08009    P*cold: -0.03991   Mu*_xs: -0.84341   Cv*/N_xs:  0.74140         E(kJ/mol): -0.844     P(bar):    0.061     
Step:  3859999    NAcc:  1929999    fAcc:  0.500      Maxd:  16.80777   E*/N:  -0.82168   P*:     0.08005    P*cold: -0.03995   Mu*_xs: -0.84350   Cv*/N_xs:  0.73834         E(kJ/mol): -0.820     P(bar):    0.060     
Step:  3879999    NAcc:  1940002    fAcc:  0.500      Maxd:  29.41012   E*/N:  -0.80771   P*:     0.08002    P*cold: -0.03998   Mu*_xs: -0.84354   Cv*/N_xs:  0.73647         E(kJ/mol): -0.806     P(bar):    0.071     
Step:  3899999    NAcc:  1949999    fAcc:  0.500      Maxd:  1.29446    E*/N:  -0.87727   P*:     0.08000    P*cold: -0.04000   Mu*_xs: -0.84354   Cv*/N_xs:  0.73740         E(kJ/mol): -0.875     P(bar):    0.062     
Step:  3919999    NAcc:  1960005    fAcc:  0.500      Maxd:  29.96855   E*/N:  -0.78301   P*:     0.07996    P*cold: -0.04004   Mu*_xs: -0.84361   Cv*/N_xs:  0.73805         E(kJ/mol): -0.781     P(bar):    0.070     
Step:  3939999    NAcc:  1970005    fAcc:  0.500      Maxd:  30.50654   E*/N:  -0.83807   P*:     0.07998    P*cold: -0.04002   Mu*_xs: -0.84362   Cv*/N_xs:  0.74679         E(kJ/mol): -0.836     P(bar):    0.063     
Step:  3959999    NAcc:  1980004    fAcc:  0.500      Maxd:  31.64306   E*/N:  -0.78885   P*:     0.07996    P*cold: -0.04004   Mu*_xs: -0.84363   Cv*/N_xs:  0.74266         E(kJ/mol): -0.787     P(bar):    0.077     
Step:  3979999    NAcc:  1989999    fAcc:  0.500      Maxd:  10.38191   E*/N:  -0.73710   P*:     0.07994    P*cold: -0.04006   Mu*_xs: -0.84361   Cv*/N_xs:  0.74267         E(kJ/mol): -0.735     P(bar):    0.087     
Step:  3999999    NAcc:  2000002    fAcc:  0.500      Maxd:  29.34610   E*/N:  -0.86605   P*:     0.07994    P*cold: -0.04006   Mu*_xs: -0.84366   Cv*/N_xs:  0.74039         E(kJ/mol): -0.864     P(bar):    0.064     
Step:  4019999    NAcc:  2010004    fAcc:  0.500      Maxd:  31.28172   E*/N:  -0.82837   P*:     0.07992    P*cold: -0.04008   Mu*_xs: -0.84374   Cv*/N_xs:  0.74112         E(kJ/mol): -0.826     P(bar):    0.064     
Step:  4039999    NAcc:  2020001    fAcc:  0.500      Maxd:  29.09067   E*/N:  -0.87546   P*:     0.07995    P*cold: -0.04005   Mu*_xs: -0.84369   Cv*/N_xs:  0.73907         E(kJ/mol): -0.873     P(bar):    0.066     
Step:  4059999    NAcc:  2030001    fAcc:  0.500      Maxd:  30.22735   E*/N:  -0.78345   P*:     0.07995    P*cold: -0.04005   Mu*_xs: -0.84365   Cv*/N_xs:  0.73924         E(kJ/mol): -0.781     P(bar):    0.049     
Step:  4079999    NAcc:  2040002    fAcc:  0.500      Maxd:  4.25588    E*/N:  -0.84839   P*:     0.07992    P*cold: -0.04008   Mu*_xs: -0.84343   Cv*/N_xs:  0.73493         E(kJ/mol): -0.846     P(bar):    0.072     
Step:  4099999    NAcc:  2050002    fAcc:  0.500      Maxd:  31.30675   E*/N:  -0.79530   P*:     0.07991    P*cold: -0.04009   Mu*_xs: -0.84360   Cv*/N_xs:  0.73374         E(kJ/mol): -0.793     P(bar):    0.065     
Step:  4119999    NAcc:  2060002    fAcc:  0.500      Maxd:  32.57896   E*/N:  -0.85505   P*:     0.07989    P*cold: -0.04011   Mu*_xs: -0.84368   Cv*/N_xs:  0.73280         E(kJ/mol): -0.853     P(bar):    0.069     
Step:  4139999    NAcc:  2070003    fAcc:  0.500      Maxd:  33.63226   E*/N:  -0.84849   P*:     0.07987    P*cold: -0.04013   Mu*_xs: -0.84376   Cv*/N_xs:  0.72776         E(kJ/mol): -0.846     P(bar):    0.058     
Step:  4159999    NAcc:  2079997    fAcc:  0.500      Maxd:  6.75759    E*/N:  -0.83392   P*:     0.07986    P*cold: -0.04014   Mu*_xs: -0.84396   Cv*/N_xs:  0.72706         E(kJ/mol): -0.832     P(bar):    0.065     
Step:  4179999    NAcc:  2090003    fAcc:  0.500      Maxd:  26.36616   E*/N:  -0.86486   P*:     0.07986    P*cold: -0.04014   Mu*_xs: -0.84379   Cv*/N_xs:  0.72289         E(kJ/mol): -0.863     P(bar):    0.068     
Step:  4199999    NAcc:  2100002    fAcc:  0.500      Maxd:  8.32124    E*/N:  -0.89532   P*:     0.07986    P*cold: -0.04014   Mu*_xs: -0.84386   Cv*/N_xs:  0.72907         E(kJ/mol): -0.893     P(bar):    0.054     
Step:  4219999    NAcc:  2110001    fAcc:  0.500      Maxd:  32.38578   E*/N:  -0.81480   P*:     0.07983    P*cold: -0.04017   Mu*_xs: -0.84422   Cv*/N_xs:  0.72857         E(kJ/mol): -0.813     P(bar):    0.061     
Step:  4239999    NAcc:  2119999    fAcc:  0.500      Maxd:  8.43263    E*/N:  -0.84664   P*:     0.07985    P*cold: -0.04015   Mu*_xs: -0.84415   Cv*/N_xs:  0.72683         E(kJ/mol): -0.844     P(bar):    0.063     
Step:  4259999    NAcc:  2130002    fAcc:  0.500      Maxd:  31.49078   E*/N:  -0.74259   P*:     0.07984    P*cold: -0.04016   Mu*_xs: -0.84417   Cv*/N_xs:  0.72436         E(kJ/mol): -0.741     P(bar):    0.076     
Step:  4279999    NAcc:  2140002    fAcc:  0.500      Maxd:  1.01476    E*/N:  -0.76903   P*:     0.07982    P*cold: -0.04018   Mu*_xs: -0.84416   Cv*/N_xs:  0.72540         E(kJ/mol): -0.767     P(bar):    0.065     
Step:  4299999    NAcc:  2150002    fAcc:  0.500      Maxd:  31.87238   E*/N:  -0.85416   P*:     0.07983    P*cold: -0.04017   Mu*_xs: -0.84430   Cv*/N_xs:  0.72274         E(kJ/mol): -0.852     P(bar):    0.060     
Step:  4319999    NAcc:  2160000    fAcc:  0.500      Maxd:  9.89162    E*/N:  -0.86459   P*:     0.07985    P*cold: -0.04015   Mu*_xs: -0.84441   Cv*/N_xs:  0.72219         E(kJ/mol): -0.862     P(bar):    0.068     
Step:  4339999    NAcc:  2169999    fAcc:  0.500      Maxd:  0.66744    E*/N:  -0.75483   P*:     0.07984    P*cold: -0.04016   Mu*_xs: -0.84431   Cv*/N_xs:  0.72327         E(kJ/mol): -0.753     P(bar):    0.078     
Step:  4359999    NAcc:  2180003    fAcc:  0.500      Maxd:  29.40409   E*/N:  -0.84440   P*:     0.07985    P*cold: -0.04015   Mu*_xs: -0.84445   Cv*/N_xs:  0.72160         E(kJ/mol): -0.842     P(bar):    0.072     
Step:  4379999    NAcc:  2190001    fAcc:  0.500      Maxd:  31.39854   E*/N:  -0.81606   P*:     0.07986    P*cold: -0.04014   Mu*_xs: -0.84457   Cv*/N_xs:  0.71878         E(kJ/mol): -0.814     P(bar):    0.064     
Step:  4399999    NAcc:  2200000    fAcc:  0.500      Maxd:  25.98291   E*/N:  -0.88362   P*:     0.07986    P*cold: -0.04014   Mu*_xs: -0.84439   Cv*/N_xs:  0.72067         E(kJ/mol): -0.881     P(bar):    0.067     
Step:  4419999    NAcc:  2210003    fAcc:  0.500      Maxd:  2.10438    E*/N:  -0.84650   P*:     0.07983    P*cold: -0.04017   Mu*_xs: -0.84447   Cv*/N_xs:  0.72908         E(kJ/mol): -0.844     P(bar):    0.054     
Step:  4439999    NAcc:  2219999    fAcc:  0.500      Maxd:  1.07935    E*/N:  -0.84354   P*:     0.07983    P*cold: -0.04017   Mu*_xs: -0.84445   Cv*/N_xs:  0.72790         E(kJ/mol): -0.841     P(bar):    0.065     
Step:  4459999    NAcc:  2229998    fAcc:  0.500      Maxd:  2.73877    E*/N:  -0.86581   P*:     0.07983    P*cold: -0.04017   Mu*_xs: -0.84456   Cv*/N_xs:  0.72779         E(kJ/mol): -0.864     P(bar):    0.064     
Step:  4479999    NAcc:  2240000    fAcc:  0.500      Maxd:  0.71742    E*/N:  -0.81489   P*:     0.07987    P*cold: -0.04013   Mu*_xs: -0.84457   Cv*/N_xs:  0.72679         E(kJ/mol): -0.813     P(bar):    0.078     
Step:  4499999    NAcc:  2250007    fAcc:  0.500      Maxd:  34.08927   E*/N:  -0.85652   P*:     0.07988    P*cold: -0.04012   Mu*_xs: -0.84462   Cv*/N_xs:  0.72395         E(kJ/mol): -0.854     P(bar):    0.058     
Step:  4519999    NAcc:  2260000    fAcc:  0.500      Maxd:  0.47769    E*/N:  -0.82274   P*:     0.07986    P*cold: -0.04014   Mu*_xs: -0.84447   Cv*/N_xs:  0.72341         E(kJ/mol): -0.821     P(bar):    0.059     
Step:  4539999    NAcc:  2270004    fAcc:  0.500      Maxd:  3.34901    E*/N:  -0.84818   P*:     0.07991    P*cold: -0.04009   Mu*_xs: -0.84467   Cv*/N_xs:  0.72054         E(kJ/mol): -0.846     P(bar):    0.057     
Step:  4559999    NAcc:  2280001    fAcc:  0.500      Maxd:  14.95530   E*/N:  -0.84176   P*:     0.07991    P*cold: -0.04009   Mu*_xs: -0.84467   Cv*/N_xs:  0.71796         E(kJ/mol): -0.840     P(bar):    0.059     
Step:  4579999    NAcc:  2290003    fAcc:  0.500      Maxd:  12.84957   E*/N:  -0.85148   P*:     0.07991    P*cold: -0.04009   Mu*_xs: -0.84472   Cv*/N_xs:  0.71490         E(kJ/mol): -0.849     P(bar):    0.059     
Step:  4599999    NAcc:  2299999    fAcc:  0.500      Maxd:  6.82065    E*/N:  -0.83456   P*:     0.07991    P*cold: -0.04009   Mu*_xs: -0.84471   Cv*/N_xs:  0.71350         E(kJ/mol): -0.832     P(bar):    0.068     
Step:  4619999    NAcc:  2310000    fAcc:  0.500      Maxd:  1.31794    E*/N:  -0.81448   P*:     0.07991    P*cold: -0.04009   Mu*_xs: -0.84473   Cv*/N_xs:  0.71291         E(kJ/mol): -0.812     P(bar):    0.066     
Step:  4639999    NAcc:  2319998    fAcc:  0.500      Maxd:  9.57664    E*/N:  -0.90420   P*:     0.07992    P*cold: -0.04008   Mu*_xs: -0.84478   Cv*/N_xs:  0.70979         E(kJ/mol): -0.902     P(bar):    0.059     
Step:  4659999    NAcc:  2330001    fAcc:  0.500      Maxd:  31.26270   E*/N:  -0.78433   P*:     0.07992    P*cold: -0.04008   Mu*_xs: -0.84463   Cv*/N_xs:  0.71150         E(kJ/mol): -0.782     P(bar):    0.079     
Step:  4679999    NAcc:  2339999    fAcc:  0.500      Maxd:  6.91384    E*/N:  -0.84330   P*:     0.07994    P*cold: -0.04006   Mu*_xs: -0.84468   Cv*/N_xs:  0.71189         E(kJ/mol): -0.841     P(bar):    0.065     
Step:  4699999    NAcc:  2350000    fAcc:  0.500      Maxd:  3.09061    E*/N:  -0.81912   P*:     0.07994    P*cold: -0.04006   Mu*_xs: -0.84459   Cv*/N_xs:  0.71067         E(kJ/mol): -0.817     P(bar):    0.071     
Step:  4719999    NAcc:  2360002    fAcc:  0.500      Maxd:  4.21301    E*/N:  -0.93313   P*:     0.07997    P*cold: -0.04003   Mu*_xs: -0.84464   Cv*/N_xs:  0.71139         E(kJ/mol): -0.931     P(bar):    0.078     
Step:  4739999    NAcc:  2370000    fAcc:  0.500      Maxd:  24.27698   E*/N:  -0.81491   P*:     0.07998    P*cold: -0.04002   Mu*_xs: -0.84449   Cv*/N_xs:  0.71406         E(kJ/mol): -0.813     P(bar):    0.062     
Step:  4759999    NAcc:  2380003    fAcc:  0.500      Maxd:  33.95826   E*/N:  -0.79513   P*:     0.07997    P*cold: -0.04003   Mu*_xs: -0.84463   Cv*/N_xs:  0.71187         E(kJ/mol): -0.793     P(bar):    0.071     
Step:  4779999    NAcc:  2390001    fAcc:  0.500      Maxd:  2.40844    E*/N:  -0.77733   P*:     0.07999    P*cold: -0.04001   Mu*_xs: -0.84455   Cv*/N_xs:  0.70929         E(kJ/mol): -0.775     P(bar):    0.064     
Step:  4799999    NAcc:  2400000    fAcc:  0.500      Maxd:  0.48477    E*/N:  -0.87270   P*:     0.07997    P*cold: -0.04003   Mu*_xs: -0.84459   Cv*/N_xs:  0.70775         E(kJ/mol): -0.870     P(bar):    0.061     
Step:  4819999    NAcc:  2409999    fAcc:  0.500      Maxd:  7.27870    E*/N:  -0.86567   P*:     0.08002    P*cold: -0.03998   Mu*_xs: -0.84453   Cv*/N_xs:  0.70706         E(kJ/mol): -0.863     P(bar):    0.078     
Step:  4839999    NAcc:  2420003    fAcc:  0.500      Maxd:  33.08679   E*/N:  -0.82364   P*:     0.08002    P*cold: -0.03998   Mu*_xs: -0.84449   Cv*/N_xs:  0.70437         E(kJ/mol): -0.821     P(bar):    0.060     
Step:  4859999    NAcc:  2430002    fAcc:  0.500      Maxd:  29.99328   E*/N:  -0.84615   P*:     0.08002    P*cold: -0.03998   Mu*_xs: -0.84442   Cv*/N_xs:  0.70302         E(kJ/mol): -0.844     P(bar):    0.060     
Step:  4879999    NAcc:  2440004    fAcc:  0.500      Maxd:  31.58962   E*/N:  -0.91081   P*:     0.08002    P*cold: -0.03998   Mu*_xs: -0.84437   Cv*/N_xs:  0.70407         E(kJ/mol): -0.908     P(bar):    0.069     
Step:  4899999    NAcc:  2450004    fAcc:  0.500      Maxd:  2.99798    E*/N:  -0.82981   P*:     0.08001    P*cold: -0.03999   Mu*_xs: -0.84458   Cv*/N_xs:  0.70660         E(kJ/mol): -0.828     P(bar):    0.052     
Step:  4919999    NAcc:  2460001    fAcc:  0.500      Maxd:  26.15449   E*/N:  -0.77936   P*:     0.08001    P*cold: -0.03999   Mu*_xs: -0.84450   Cv*/N_xs:  0.70490         E(kJ/mol): -0.777     P(bar):    0.073     
Step:  4939999    NAcc:  2470008    fAcc:  0.500      Maxd:  29.66609   E*/N:  -0.76074   P*:     0.08002    P*cold: -0.03998   Mu*_xs: -0.84449   Cv*/N_xs:  0.70372         E(kJ/mol): -0.759     P(bar):    0.057     
Step:  4959999    NAcc:  2479999    fAcc:  0.500      Maxd:  4.04204    E*/N:  -0.85342   P*:     0.08001    P*cold: -0.03999   Mu*_xs: -0.84462   Cv*/N_xs:  0.70149         E(kJ/mol): -0.851     P(bar):    0.069     
Step:  4979999    NAcc:  2490002    fAcc:  0.500      Maxd:  1.62443    E*/N:  -0.76327   P*:     0.08002    P*cold: -0.03998   Mu*_xs: -0.84463   Cv*/N_xs:  0.70207         E(kJ/mol): -0.761     P(bar):    0.093     
Step:  4999999    NAcc:  2500006    fAcc:  0.500      Maxd:  33.12317   E*/N:  -0.80702   P*:     0.08003    P*cold: -0.03997   Mu*_xs: -0.84459   Cv*/N_xs:  0.70187         E(kJ/mol): -0.805     P(bar):    0.069     
# Computed average properties: 
 # E*/N:  -0.82717  
 # P*:     0.08003   
 # Cv*/N_xs:   0.70187        
 # Mu*_xs:  -0.84459  
