# Number of atoms:       500
# Atom type:             Ar
# Molar Mass (g/mol):    39.948
# Density (g/cm^3):      0.168835
# LJ sigma (Angstrom):   3.4
# LJ epsilon/kB (K):     120
# LJ cutoff (Angstrom):  13.6
# LJ cutoff (sigma):     4
# Temperature (K):       144
# Number MC steps:       5e+06
# Output frequency:      20000
# Num. den. (atoms/Ang): 0.00254427
# Box length (x):        58.1392
# Box length (y):        58.1392
# Box length (z):        58.1392
# Init. spacing (Ang):   6.45991
# reduc. density (rho*): 0.1
# reduc. temp (T*):      1.2
Step:  19999      NAcc:  10004      fAcc:  0.500      Maxd:  4.35840    E*/N:  -0.78179   P*:     nan        P*cold: nan        Mu*_xs: -0.00000   Cv*/N_xs:  0.00000         E(kJ/mol): -0.780     P(bar):    0.075     
Step:  39999      NAcc:  20002      fAcc:  0.500      Maxd:  34.74470   E*/N:  -0.83566   P*:     nan        P*cold: nan        Mu*_xs: -0.00000   Cv*/N_xs:  0.00000         E(kJ/mol): -0.833     P(bar):    0.052     
Step:  59999      NAcc:  29999      fAcc:  0.500      Maxd:  17.64748   E*/N:  -0.76494   P*:     nan        P*cold: nan        Mu*_xs: -0.00000   Cv*/N_xs:  0.00000         E(kJ/mol): -0.763     P(bar):    0.073     
Step:  79999      NAcc:  39998      fAcc:  0.500      Maxd:  2.46486    E*/N:  -0.90785   P*:     nan        P*cold: nan        Mu*_xs: -0.00000   Cv*/N_xs:  0.00000         E(kJ/mol): -0.905     P(bar):    0.058     
Step:  99999      NAcc:  50002      fAcc:  0.500      Maxd:  33.56562   E*/N:  -0.79597   P*:     nan        P*cold: nan        Mu*_xs: -0.00000   Cv*/N_xs:  0.00000         E(kJ/mol): -0.794     P(bar):    0.068     
Step:  119999     NAcc:  59999      fAcc:  0.500      Maxd:  1.60103    E*/N:  -0.85804   P*:     nan        P*cold: nan        Mu*_xs: -0.00000   Cv*/N_xs:  0.00000         E(kJ/mol): -0.856     P(bar):    0.071     
Step:  139999     NAcc:  70001      fAcc:  0.500      Maxd:  34.79028   E*/N:  -0.79263   P*:     nan        P*cold: nan        Mu*_xs: -0.00000   Cv*/N_xs:  0.00000         E(kJ/mol): -0.791     P(bar):    0.070     
Step:  159999     NAcc:  80004      fAcc:  0.500      Maxd:  30.51961   E*/N:  -0.84642   P*:     nan        P*cold: nan        Mu*_xs: -0.00000   Cv*/N_xs:  0.00000         E(kJ/mol): -0.844     P(bar):    0.077     
Step:  179999     NAcc:  90000      fAcc:  0.500      Maxd:  26.55283   E*/N:  -0.81037   P*:     nan        P*cold: nan        Mu*_xs: -0.00000   Cv*/N_xs:  0.00000         E(kJ/mol): -0.808     P(bar):    0.081     
Step:  199999     NAcc:  100001     fAcc:  0.500      Maxd:  31.94369   E*/N:  -0.88672   P*:     nan        P*cold: nan        Mu*_xs: -0.00000   Cv*/N_xs:  0.00000         E(kJ/mol): -0.884     P(bar):    0.051     
Step:  219999     NAcc:  110001     fAcc:  0.500      Maxd:  22.22233   E*/N:  -0.83337   P*:     nan        P*cold: nan        Mu*_xs: -0.00000   Cv*/N_xs:  0.00000         E(kJ/mol): -0.831     P(bar):    0.063     
Step:  239999     NAcc:  120001     fAcc:  0.500      Maxd:  13.15018   E*/N:  -0.86345   P*:     nan        P*cold: nan        Mu*_xs: -0.00000   Cv*/N_xs:  0.00000         E(kJ/mol): -0.861     P(bar):    0.060     
Step:  259999     NAcc:  130000     fAcc:  0.500      Maxd:  3.45161    E*/N:  -0.86690   P*:     nan        P*cold: nan        Mu*_xs: -0.00000   Cv*/N_xs:  0.00000         E(kJ/mol): -0.865     P(bar):    0.063     
Step:  279999     NAcc:  140002     fAcc:  0.500      Maxd:  31.16306   E*/N:  -0.80678   P*:     nan        P*cold: nan        Mu*_xs: -0.00000   Cv*/N_xs:  0.00000         E(kJ/mol): -0.805     P(bar):    0.075     
Step:  299999     NAcc:  150001     fAcc:  0.500      Maxd:  10.99464   E*/N:  -0.81098   P*:     nan        P*cold: nan        Mu*_xs: -0.00000   Cv*/N_xs:  0.00000         E(kJ/mol): -0.809     P(bar):    0.069     
Step:  319999     NAcc:  160000     fAcc:  0.500      Maxd:  4.33525    E*/N:  -0.78773   P*:     nan        P*cold: nan        Mu*_xs: -0.00000   Cv*/N_xs:  0.00000         E(kJ/mol): -0.786     P(bar):    0.074     
Step:  339999     NAcc:  170001     fAcc:  0.500      Maxd:  18.79100   E*/N:  -0.80220   P*:     nan        P*cold: nan        Mu*_xs: -0.00000   Cv*/N_xs:  0.00000         E(kJ/mol): -0.800     P(bar):    0.073     
Step:  359999     NAcc:  179999     fAcc:  0.500      Maxd:  6.73509    E*/N:  -0.81107   P*:     nan        P*cold: nan        Mu*_xs: -0.00000   Cv*/N_xs:  0.00000         E(kJ/mol): -0.809     P(bar):    0.053     
Step:  379999     NAcc:  190000     fAcc:  0.500      Maxd:  15.23785   E*/N:  -0.85858   P*:     nan        P*cold: nan        Mu*_xs: -0.00000   Cv*/N_xs:  0.00000         E(kJ/mol): -0.856     P(bar):    0.060     
Step:  399999     NAcc:  200001     fAcc:  0.500      Maxd:  30.66980   E*/N:  -0.83390   P*:     nan        P*cold: nan        Mu*_xs: -0.00000   Cv*/N_xs:  0.00000         E(kJ/mol): -0.832     P(bar):    0.063     
Step:  419999     NAcc:  210001     fAcc:  0.500      Maxd:  10.86951   E*/N:  -0.83232   P*:     nan        P*cold: nan        Mu*_xs: -0.00000   Cv*/N_xs:  0.00000         E(kJ/mol): -0.830     P(bar):    0.077     
Step:  439999     NAcc:  220000     fAcc:  0.500      Maxd:  25.39928   E*/N:  -0.83256   P*:     nan        P*cold: nan        Mu*_xs: -0.00000   Cv*/N_xs:  0.00000         E(kJ/mol): -0.830     P(bar):    0.070     
Step:  459999     NAcc:  230001     fAcc:  0.500      Maxd:  31.05743   E*/N:  -0.89631   P*:     nan        P*cold: nan        Mu*_xs: -0.00000   Cv*/N_xs:  0.00000         E(kJ/mol): -0.894     P(bar):    0.072     
Step:  479999     NAcc:  240000     fAcc:  0.500      Maxd:  1.31788    E*/N:  -0.80100   P*:     nan        P*cold: nan        Mu*_xs: -0.00000   Cv*/N_xs:  0.00000         E(kJ/mol): -0.799     P(bar):    0.063     
Step:  499999     NAcc:  250004     fAcc:  0.500      Maxd:  2.77209    E*/N:  -0.96246   P*:     nan        P*cold: nan        Mu*_xs: -0.00000   Cv*/N_xs:  0.00000         E(kJ/mol): -0.960     P(bar):    0.055     
Step:  519999     NAcc:  260000     fAcc:  0.500      Maxd:  2.87825    E*/N:  -0.84070   P*:     nan        P*cold: nan        Mu*_xs: -0.00000   Cv*/N_xs:  0.00000         E(kJ/mol): -0.839     P(bar):    0.070     
Step:  539999     NAcc:  270003     fAcc:  0.500      Maxd:  3.05582    E*/N:  -0.90934   P*:     nan        P*cold: nan        Mu*_xs: -0.00000   Cv*/N_xs:  0.00000         E(kJ/mol): -0.907     P(bar):    0.060     
Step:  559999     NAcc:  280001     fAcc:  0.500      Maxd:  1.45099    E*/N:  -0.87279   P*:     nan        P*cold: nan        Mu*_xs: -0.00000   Cv*/N_xs:  0.00000         E(kJ/mol): -0.871     P(bar):    0.068     
Step:  579999     NAcc:  290002     fAcc:  0.500      Maxd:  1.47482    E*/N:  -0.78915   P*:     nan        P*cold: nan        Mu*_xs: -0.00000   Cv*/N_xs:  0.00000         E(kJ/mol): -0.787     P(bar):    0.082     
Step:  599999     NAcc:  299999     fAcc:  0.500      Maxd:  11.37769   E*/N:  -0.81591   P*:     nan        P*cold: nan        Mu*_xs: -0.00000   Cv*/N_xs:  0.00000         E(kJ/mol): -0.814     P(bar):    0.060     
Step:  619999     NAcc:  310000     fAcc:  0.500      Maxd:  9.42708    E*/N:  -0.93592   P*:     nan        P*cold: nan        Mu*_xs: -0.00000   Cv*/N_xs:  0.00000         E(kJ/mol): -0.933     P(bar):    0.063     
Step:  639999     NAcc:  320002     fAcc:  0.500      Maxd:  3.15241    E*/N:  -0.83509   P*:     nan        P*cold: nan        Mu*_xs: -0.00000   Cv*/N_xs:  0.00000         E(kJ/mol): -0.833     P(bar):    0.068     
Step:  659999     NAcc:  330003     fAcc:  0.500      Maxd:  14.85244   E*/N:  -0.82481   P*:     nan        P*cold: nan        Mu*_xs: -0.00000   Cv*/N_xs:  0.00000         E(kJ/mol): -0.823     P(bar):    0.057     
Step:  679999     NAcc:  340002     fAcc:  0.500      Maxd:  32.50216   E*/N:  -0.77862   P*:     nan        P*cold: nan        Mu*_xs: -0.00000   Cv*/N_xs:  0.00000         E(kJ/mol): -0.777     P(bar):    0.081     
Step:  699999     NAcc:  350004     fAcc:  0.500      Maxd:  3.87605    E*/N:  -0.80854   P*:     nan        P*cold: nan        Mu*_xs: -0.00000   Cv*/N_xs:  0.00000         E(kJ/mol): -0.806     P(bar):    0.069     
Step:  719999     NAcc:  360004     fAcc:  0.500      Maxd:  29.44150   E*/N:  -0.84118   P*:     nan        P*cold: nan        Mu*_xs: -0.00000   Cv*/N_xs:  0.00000         E(kJ/mol): -0.839     P(bar):    0.052     
Step:  739999     NAcc:  369998     fAcc:  0.500      Maxd:  0.53679    E*/N:  -0.85370   P*:     nan        P*cold: nan        Mu*_xs: -0.00000   Cv*/N_xs:  0.00000         E(kJ/mol): -0.851     P(bar):    0.067     
Step:  759999     NAcc:  380000     fAcc:  0.500      Maxd:  27.82908   E*/N:  -0.79424   P*:     nan        P*cold: nan        Mu*_xs: -0.00000   Cv*/N_xs:  0.00000         E(kJ/mol): -0.792     P(bar):    0.071     
Step:  779999     NAcc:  390001     fAcc:  0.500      Maxd:  32.30129   E*/N:  -0.91678   P*:     nan        P*cold: nan        Mu*_xs: -0.00000   Cv*/N_xs:  0.00000         E(kJ/mol): -0.914     P(bar):    0.064     
Step:  799999     NAcc:  400002     fAcc:  0.500      Maxd:  31.13415   E*/N:  -0.82559   P*:     nan        P*cold: nan        Mu*_xs: -0.00000   Cv*/N_xs:  0.00000         E(kJ/mol): -0.823     P(bar):    0.074     
Step:  819999     NAcc:  410002     fAcc:  0.500      Maxd:  2.64050    E*/N:  -0.84053   P*:     nan        P*cold: nan        Mu*_xs: -0.00000   Cv*/N_xs:  0.00000         E(kJ/mol): -0.838     P(bar):    0.074     
Step:  839999     NAcc:  420001     fAcc:  0.500      Maxd:  31.15835   E*/N:  -0.93058   P*:     nan        P*cold: nan        Mu*_xs: -0.00000   Cv*/N_xs:  0.00000         E(kJ/mol): -0.928     P(bar):    0.071     
Step:  859999     NAcc:  430003     fAcc:  0.500      Maxd:  3.43996    E*/N:  -0.85620   P*:     nan        P*cold: nan        Mu*_xs: -0.00000   Cv*/N_xs:  0.00000         E(kJ/mol): -0.854     P(bar):    0.066     
Step:  879999     NAcc:  440003     fAcc:  0.500      Maxd:  5.32275    E*/N:  -0.85139   P*:     nan        P*cold: nan        Mu*_xs: -0.00000   Cv*/N_xs:  0.00000         E(kJ/mol): -0.849     P(bar):    0.063     
Step:  899999     NAcc:  449999     fAcc:  0.500      Maxd:  16.10220   E*/N:  -0.80091   P*:     nan        P*cold: nan        Mu*_xs: -0.00000   Cv*/N_xs:  0.00000         E(kJ/mol): -0.799     P(bar):    0.059     
Step:  919999     NAcc:  460003     fAcc:  0.500      Maxd:  9.04263    E*/N:  -0.80914   P*:     nan        P*cold: nan        Mu*_xs: -0.00000   Cv*/N_xs:  0.00000         E(kJ/mol): -0.807     P(bar):    0.071     
Step:  939999     NAcc:  470005     fAcc:  0.500      Maxd:  33.65058   E*/N:  -0.81699   P*:     nan        P*cold: nan        Mu*_xs: -0.00000   Cv*/N_xs:  0.00000         E(kJ/mol): -0.815     P(bar):    0.069     
Step:  959999     NAcc:  480002     fAcc:  0.500      Maxd:  22.21593   E*/N:  -0.83706   P*:     nan        P*cold: nan        Mu*_xs: -0.00000   Cv*/N_xs:  0.00000         E(kJ/mol): -0.835     P(bar):    0.061     
Step:  979999     NAcc:  490005     fAcc:  0.500      Maxd:  29.78001   E*/N:  -0.74747   P*:     nan        P*cold: nan        Mu*_xs: -0.00000   Cv*/N_xs:  0.00000         E(kJ/mol): -0.746     P(bar):    0.105     
Step:  999999     NAcc:  500001     fAcc:  0.500      Maxd:  29.61675   E*/N:  -0.84996   P*:     nan        P*cold: nan        Mu*_xs: -0.00000   Cv*/N_xs:  0.00000         E(kJ/mol): -0.848     P(bar):    0.063     
Step:  1019999    NAcc:  510001     fAcc:  0.500      Maxd:  34.23016   E*/N:  -0.79373   P*:     nan        P*cold: nan        Mu*_xs: -0.00000   Cv*/N_xs:  0.00000         E(kJ/mol): -0.792     P(bar):    0.076     
Step:  1039999    NAcc:  520001     fAcc:  0.500      Maxd:  15.79994   E*/N:  -0.85305   P*:     nan        P*cold: nan        Mu*_xs: -0.00000   Cv*/N_xs:  0.00000         E(kJ/mol): -0.851     P(bar):    0.062     
Step:  1059999    NAcc:  530001     fAcc:  0.500      Maxd:  0.67686    E*/N:  -0.86812   P*:     nan        P*cold: nan        Mu*_xs: -0.00000   Cv*/N_xs:  0.00000         E(kJ/mol): -0.866     P(bar):    0.055     
Step:  1079999    NAcc:  539999     fAcc:  0.500      Maxd:  2.01708    E*/N:  -0.83518   P*:     nan        P*cold: nan        Mu*_xs: -0.00000   Cv*/N_xs:  0.00000         E(kJ/mol): -0.833     P(bar):    0.070     
Step:  1099999    NAcc:  550000     fAcc:  0.500      Maxd:  25.67844   E*/N:  -0.85162   P*:     nan        P*cold: nan        Mu*_xs: -0.00000   Cv*/N_xs:  0.00000         E(kJ/mol): -0.849     P(bar):    0.052     
Step:  1119999    NAcc:  560002     fAcc:  0.500      Maxd:  4.59574    E*/N:  -0.84877   P*:     nan        P*cold: nan        Mu*_xs: -0.00000   Cv*/N_xs:  0.00000         E(kJ/mol): -0.847     P(bar):    0.060     
Step:  1139999    NAcc:  570006     fAcc:  0.500      Maxd:  32.71565   E*/N:  -0.84540   P*:     nan        P*cold: nan        Mu*_xs: -0.00000   Cv*/N_xs:  0.00000         E(kJ/mol): -0.843     P(bar):    0.067     
Step:  1159999    NAcc:  579999     fAcc:  0.500      Maxd:  1.86510    E*/N:  -0.77743   P*:     nan        P*cold: nan        Mu*_xs: -0.00000   Cv*/N_xs:  0.00000         E(kJ/mol): -0.775     P(bar):    0.054     
Step:  1179999    NAcc:  590003     fAcc:  0.500      Maxd:  6.68641    E*/N:  -0.83831   P*:     nan        P*cold: nan        Mu*_xs: -0.00000   Cv*/N_xs:  0.00000         E(kJ/mol): -0.836     P(bar):    0.057     
Step:  1199999    NAcc:  600000     fAcc:  0.500      Maxd:  15.30683   E*/N:  -0.79601   P*:     nan        P*cold: nan        Mu*_xs: -0.00000   Cv*/N_xs:  0.00000         E(kJ/mol): -0.794     P(bar):    0.075     
Step:  1219999    NAcc:  610000     fAcc:  0.500      Maxd:  0.50906    E*/N:  -0.84271   P*:     nan        P*cold: nan        Mu*_xs: -0.00000   Cv*/N_xs:  0.00000         E(kJ/mol): -0.840     P(bar):    0.075     
Step:  1239999    NAcc:  620003     fAcc:  0.500      Maxd:  29.68051   E*/N:  -0.75884   P*:     nan        P*cold: nan        Mu*_xs: -0.00000   Cv*/N_xs:  0.00000         E(kJ/mol): -0.757     P(bar):    0.065     
Step:  1259999    NAcc:  630000     fAcc:  0.500      Maxd:  1.71296    E*/N:  -0.79635   P*:     nan        P*cold: nan        Mu*_xs: -0.00000   Cv*/N_xs:  0.00000         E(kJ/mol): -0.794     P(bar):    0.064     
Step:  1279999    NAcc:  640003     fAcc:  0.500      Maxd:  34.25274   E*/N:  -0.80221   P*:     nan        P*cold: nan        Mu*_xs: -0.00000   Cv*/N_xs:  0.00000         E(kJ/mol): -0.800     P(bar):    0.080     
Step:  1299999    NAcc:  650002     fAcc:  0.500      Maxd:  3.05496    E*/N:  -0.78087   P*:     nan        P*cold: nan        Mu*_xs: -0.00000   Cv*/N_xs:  0.00000         E(kJ/mol): -0.779     P(bar):    0.062     
Step:  1319999    NAcc:  660003     fAcc:  0.500      Maxd:  33.78500   E*/N:  -0.76600   P*:     nan        P*cold: nan        Mu*_xs: -0.00000   Cv*/N_xs:  0.00000         E(kJ/mol): -0.764     P(bar):    0.067     
Step:  1339999    NAcc:  670001     fAcc:  0.500      Maxd:  0.74550    E*/N:  -0.78721   P*:     nan        P*cold: nan        Mu*_xs: -0.00000   Cv*/N_xs:  0.00000         E(kJ/mol): -0.785     P(bar):    0.060     
Step:  1359999    NAcc:  679998     fAcc:  0.500      Maxd:  6.24365    E*/N:  -0.89502   P*:     nan        P*cold: nan        Mu*_xs: -0.00000   Cv*/N_xs:  0.00000         E(kJ/mol): -0.893     P(bar):    0.047     
Step:  1379999    NAcc:  690003     fAcc:  0.500      Maxd:  4.27126    E*/N:  -0.80864   P*:     nan        P*cold: nan        Mu*_xs: -0.00000   Cv*/N_xs:  0.00000         E(kJ/mol): -0.807     P(bar):    0.060     
Step:  1399999    NAcc:  700001     fAcc:  0.500      Maxd:  33.50863   E*/N:  -0.88705   P*:     nan        P*cold: nan        Mu*_xs: -0.00000   Cv*/N_xs:  0.00000         E(kJ/mol): -0.885     P(bar):    0.065     
Step:  1419999    NAcc:  710001     fAcc:  0.500      Maxd:  32.04006   E*/N:  -0.83831   P*:     nan        P*cold: nan        Mu*_xs: -0.00000   Cv*/N_xs:  0.00000         E(kJ/mol): -0.836     P(bar):    0.060     
Step:  1439999    NAcc:  720000     fAcc:  0.500      Maxd:  2.12381    E*/N:  -0.84534   P*:     nan        P*cold: nan        Mu*_xs: -0.00000   Cv*/N_xs:  0.00000         E(kJ/mol): -0.843     P(bar):    0.059     
Step:  1459999    NAcc:  730002     fAcc:  0.500      Maxd:  26.68062   E*/N:  -0.89527   P*:     nan        P*cold: nan        Mu*_xs: -0.00000   Cv*/N_xs:  0.00000         E(kJ/mol): -0.893     P(bar):    0.059     
Step:  1479999    NAcc:  739998     fAcc:  0.500      Maxd:  2.63430    E*/N:  -0.86743   P*:     nan        P*cold: nan        Mu*_xs: -0.00000   Cv*/N_xs:  0.00000         E(kJ/mol): -0.865     P(bar):    0.083     
Step:  1499999    NAcc:  749998     fAcc:  0.500      Maxd:  6.55834    E*/N:  -0.81894   P*:     nan        P*cold: nan        Mu*_xs: -0.00000   Cv*/N_xs:  0.00000         E(kJ/mol): -0.817     P(bar):    0.068     
Step:  1519999    NAcc:  760000     fAcc:  0.500      Maxd:  6.12193    E*/N:  -0.84808   P*:     nan        P*cold: nan        Mu*_xs: -0.00000   Cv*/N_xs:  0.00000         E(kJ/mol): -0.846     P(bar):    0.057     
Step:  1539999    NAcc:  770000     fAcc:  0.500      Maxd:  7.02611    E*/N:  -0.84746   P*:     nan        P*cold: nan        Mu*_xs: -0.00000   Cv*/N_xs:  0.00000         E(kJ/mol): -0.845     P(bar):    0.071     
Step:  1559999    NAcc:  780002     fAcc:  0.500      Maxd:  33.38628   E*/N:  -0.78325   P*:     nan        P*cold: nan        Mu*_xs: -0.00000   Cv*/N_xs:  0.00000         E(kJ/mol): -0.781     P(bar):    0.060     
Step:  1579999    NAcc:  790007     fAcc:  0.500      Maxd:  31.07897   E*/N:  -0.80588   P*:     nan        P*cold: nan        Mu*_xs: -0.00000   Cv*/N_xs:  0.00000         E(kJ/mol): -0.804     P(bar):    0.081     
Step:  1599999    NAcc:  800001     fAcc:  0.500      Maxd:  3.34633    E*/N:  -0.82059   P*:     nan        P*cold: nan        Mu*_xs: -0.00000   Cv*/N_xs:  0.00000         E(kJ/mol): -0.818     P(bar):    0.071     
Step:  1619999    NAcc:  810003     fAcc:  0.500      Maxd:  31.22798   E*/N:  -0.82478   P*:     nan        P*cold: nan        Mu*_xs: -0.00000   Cv*/N_xs:  0.00000         E(kJ/mol): -0.823     P(bar):    0.068     
Step:  1639999    NAcc:  820001     fAcc:  0.500      Maxd:  33.16293   E*/N:  -0.83110   P*:     nan        P*cold: nan        Mu*_xs: -0.00000   Cv*/N_xs:  0.00000         E(kJ/mol): -0.829     P(bar):    0.061     
Step:  1659999    NAcc:  830000     fAcc:  0.500      Maxd:  15.07902   E*/N:  -0.82225   P*:     nan        P*cold: nan        Mu*_xs: -0.00000   Cv*/N_xs:  0.00000         E(kJ/mol): -0.820     P(bar):    0.064     
Step:  1679999    NAcc:  839999     fAcc:  0.500      Maxd:  4.44336    E*/N:  -0.80811   P*:     nan        P*cold: nan        Mu*_xs: -0.00000   Cv*/N_xs:  0.00000         E(kJ/mol): -0.806     P(bar):    0.065     
Step:  1699999    NAcc:  850004     fAcc:  0.500      Maxd:  31.55179   E*/N:  -0.84682   P*:     nan        P*cold: nan        Mu*_xs: -0.00000   Cv*/N_xs:  0.00000         E(kJ/mol): -0.845     P(bar):    0.065     
Step:  1719999    NAcc:  860000     fAcc:  0.500      Maxd:  2.28877    E*/N:  -0.81814   P*:     nan        P*cold: nan        Mu*_xs: -0.00000   Cv*/N_xs:  0.00000         E(kJ/mol): -0.816     P(bar):    0.080     
Step:  1739999    NAcc:  870003     fAcc:  0.500      Maxd:  29.68969   E*/N:  -0.90980   P*:     nan        P*cold: nan        Mu*_xs: -0.00000   Cv*/N_xs:  0.00000         E(kJ/mol): -0.907     P(bar):    0.076     
Step:  1759999    NAcc:  880003     fAcc:  0.500      Maxd:  34.69468   E*/N:  -0.79992   P*:     nan        P*cold: nan        Mu*_xs: -0.00000   Cv*/N_xs:  0.00000         E(kJ/mol): -0.798     P(bar):    0.081     
Step:  1779999    NAcc:  890001     fAcc:  0.500      Maxd:  31.61674   E*/N:  -0.93243   P*:     nan        P*cold: nan        Mu*_xs: -0.00000   Cv*/N_xs:  0.00000         E(kJ/mol): -0.930     P(bar):    0.064     
Step:  1799999    NAcc:  900007     fAcc:  0.500      Maxd:  29.10185   E*/N:  -0.76493   P*:     nan        P*cold: nan        Mu*_xs: -0.00000   Cv*/N_xs:  0.00000         E(kJ/mol): -0.763     P(bar):    0.062     
Step:  1819999    NAcc:  910002     fAcc:  0.500      Maxd:  31.26314   E*/N:  -0.81049   P*:     nan        P*cold: nan        Mu*_xs: -0.00000   Cv*/N_xs:  0.00000         E(kJ/mol): -0.808     P(bar):    0.072     
Step:  1839999    NAcc:  920002     fAcc:  0.500      Maxd:  31.53086   E*/N:  -0.76810   P*:     nan        P*cold: nan        Mu*_xs: -0.00000   Cv*/N_xs:  0.00000         E(kJ/mol): -0.766     P(bar):    0.061     
Step:  1859999    NAcc:  930002     fAcc:  0.500      Maxd:  30.39917   E*/N:  -0.86446   P*:     nan        P*cold: nan        Mu*_xs: -0.00000   Cv*/N_xs:  0.00000         E(kJ/mol): -0.862     P(bar):    0.062     
Step:  1879999    NAcc:  940001     fAcc:  0.500      Maxd:  30.82117   E*/N:  -0.83940   P*:     nan        P*cold: nan        Mu*_xs: -0.00000   Cv*/N_xs:  0.00000         E(kJ/mol): -0.837     P(bar):    0.064     
Step:  1899999    NAcc:  950001     fAcc:  0.500      Maxd:  7.18247    E*/N:  -0.79823   P*:     nan        P*cold: nan        Mu*_xs: -0.00000   Cv*/N_xs:  0.00000         E(kJ/mol): -0.796     P(bar):    0.058     
Step:  1919999    NAcc:  960004     fAcc:  0.500      Maxd:  30.11986   E*/N:  -0.83326   P*:     nan        P*cold: nan        Mu*_xs: -0.00000   Cv*/N_xs:  0.00000         E(kJ/mol): -0.831     P(bar):    0.045     
Step:  1939999    NAcc:  970001     fAcc:  0.500      Maxd:  5.05333    E*/N:  -0.82092   P*:     nan        P*cold: nan        Mu*_xs: -0.00000   Cv*/N_xs:  0.00000         E(kJ/mol): -0.819     P(bar):    0.067     
Step:  1959999    NAcc:  980001     fAcc:  0.500      Maxd:  8.16949    E*/N:  -0.86258   P*:     nan        P*cold: nan        Mu*_xs: -0.00000   Cv*/N_xs:  0.00000         E(kJ/mol): -0.860     P(bar):    0.043     
Step:  1979999    NAcc:  990007     fAcc:  0.500      Maxd:  32.59342   E*/N:  -0.76958   P*:     nan        P*cold: nan        Mu*_xs: -0.00000   Cv*/N_xs:  0.00000         E(kJ/mol): -0.768     P(bar):    0.077     
Step:  1999999    NAcc:  1000002    fAcc:  0.500      Maxd:  32.54491   E*/N:  -0.83746   P*:     nan        P*cold: nan        Mu*_xs: -0.00000   Cv*/N_xs:  0.00000         E(kJ/mol): -0.835     P(bar):    0.061     
Step:  2019999    NAcc:  1010001    fAcc:  0.500      Maxd:  32.41518   E*/N:  -0.85539   P*:     0.07667    P*cold: -0.04333   Mu*_xs: -0.84381   Cv*/N_xs:  0.42688         E(kJ/mol): -0.853     P(bar):    0.053     
Step:  2039999    NAcc:  1020003    fAcc:  0.500      Maxd:  15.29559   E*/N:  -0.83165   P*:     0.07974    P*cold: -0.04026   Mu*_xs: -0.85477   Cv*/N_xs:  0.64837         E(kJ/mol): -0.829     P(bar):    0.067     
Step:  2059999    NAcc:  1029998    fAcc:  0.500      Maxd:  0.56837    E*/N:  -0.83884   P*:     0.08026    P*cold: -0.03974   Mu*_xs: -0.85083   Cv*/N_xs:  0.55972         E(kJ/mol): -0.837     P(bar):    0.064     
Step:  2079999    NAcc:  1040002    fAcc:  0.500      Maxd:  1.15290    E*/N:  -0.78415   P*:     0.08077    P*cold: -0.03923   Mu*_xs: -0.84824   Cv*/N_xs:  0.48456         E(kJ/mol): -0.782     P(bar):    0.072     
Step:  2099999    NAcc:  1050003    fAcc:  0.500      Maxd:  32.76775   E*/N:  -0.86321   P*:     0.08073    P*cold: -0.03927   Mu*_xs: -0.84773   Cv*/N_xs:  0.52645         E(kJ/mol): -0.861     P(bar):    0.078     
Step:  2119999    NAcc:  1060003    fAcc:  0.500      Maxd:  34.61563   E*/N:  -0.78056   P*:     0.07983    P*cold: -0.04017   Mu*_xs: -0.84793   Cv*/N_xs:  0.55535         E(kJ/mol): -0.779     P(bar):    0.061     
Step:  2139999    NAcc:  1070000    fAcc:  0.500      Maxd:  27.30030   E*/N:  -0.81820   P*:     0.08009    P*cold: -0.03991   Mu*_xs: -0.84927   Cv*/N_xs:  0.53692         E(kJ/mol): -0.816     P(bar):    0.060     
Step:  2159999    NAcc:  1079999    fAcc:  0.500      Maxd:  0.52319    E*/N:  -0.77876   P*:     0.07994    P*cold: -0.04006   Mu*_xs: -0.84877   Cv*/N_xs:  0.51290         E(kJ/mol): -0.777     P(bar):    0.073     
Step:  2179999    NAcc:  1090001    fAcc:  0.500      Maxd:  31.01271   E*/N:  -0.76940   P*:     0.08024    P*cold: -0.03976   Mu*_xs: -0.84981   Cv*/N_xs:  0.52832         E(kJ/mol): -0.767     P(bar):    0.063     
Step:  2199999    NAcc:  1100002    fAcc:  0.500      Maxd:  33.62610   E*/N:  -0.82617   P*:     0.07983    P*cold: -0.04017   Mu*_xs: -0.85074   Cv*/N_xs:  0.51048         E(kJ/mol): -0.824     P(bar):    0.057     
Step:  2219999    NAcc:  1110001    fAcc:  0.500      Maxd:  11.07684   E*/N:  -0.84274   P*:     0.07971    P*cold: -0.04029   Mu*_xs: -0.85021   Cv*/N_xs:  0.51082         E(kJ/mol): -0.841     P(bar):    0.068     
Step:  2239999    NAcc:  1120007    fAcc:  0.500      Maxd:  31.10724   E*/N:  -0.81795   P*:     0.07986    P*cold: -0.04014   Mu*_xs: -0.84985   Cv*/N_xs:  0.56385         E(kJ/mol): -0.816     P(bar):    0.075     
Step:  2259999    NAcc:  1130000    fAcc:  0.500      Maxd:  23.89065   E*/N:  -0.81073   P*:     0.07989    P*cold: -0.04011   Mu*_xs: -0.85060   Cv*/N_xs:  0.54883         E(kJ/mol): -0.809     P(bar):    0.063     
Step:  2279999    NAcc:  1140001    fAcc:  0.500      Maxd:  15.08859   E*/N:  -0.79458   P*:     0.08024    P*cold: -0.03976   Mu*_xs: -0.84903   Cv*/N_xs:  0.54954         E(kJ/mol): -0.793     P(bar):    0.070     
Step:  2299999    NAcc:  1150001    fAcc:  0.500      Maxd:  8.49466    E*/N:  -0.83335   P*:     0.08045    P*cold: -0.03955   Mu*_xs: -0.84882   Cv*/N_xs:  0.53086         E(kJ/mol): -0.831     P(bar):    0.061     
Step:  2319999    NAcc:  1160002    fAcc:  0.500      Maxd:  29.99931   E*/N:  -0.74167   P*:     0.08039    P*cold: -0.03961   Mu*_xs: -0.84951   Cv*/N_xs:  0.54289         E(kJ/mol): -0.740     P(bar):    0.075     
Step:  2339999    NAcc:  1170002    fAcc:  0.500      Maxd:  30.65282   E*/N:  -0.81903   P*:     0.08046    P*cold: -0.03954   Mu*_xs: -0.84924   Cv*/N_xs:  0.53821         E(kJ/mol): -0.817     P(bar):    0.043     
Step:  2359999    NAcc:  1180007    fAcc:  0.500      Maxd:  34.81199   E*/N:  -0.82985   P*:     0.08031    P*cold: -0.03969   Mu*_xs: -0.84971   Cv*/N_xs:  0.53800         E(kJ/mol): -0.828     P(bar):    0.059     
Step:  2379999    NAcc:  1190001    fAcc:  0.500      Maxd:  4.73488    E*/N:  -0.82170   P*:     0.08026    P*cold: -0.03974   Mu*_xs: -0.84940   Cv*/N_xs:  0.52792         E(kJ/mol): -0.820     P(bar):    0.064     
Step:  2399999    NAcc:  1200005    fAcc:  0.500      Maxd:  19.92554   E*/N:  -0.88698   P*:     0.08048    P*cold: -0.03952   Mu*_xs: -0.84851   Cv*/N_xs:  0.52804         E(kJ/mol): -0.885     P(bar):    0.069     
Step:  2419999    NAcc:  1210003    fAcc:  0.500      Maxd:  30.05375   E*/N:  -0.80492   P*:     0.08058    P*cold: -0.03942   Mu*_xs: -0.84832   Cv*/N_xs:  0.55452         E(kJ/mol): -0.803     P(bar):    0.070     
Step:  2439999    NAcc:  1220003    fAcc:  0.500      Maxd:  29.97894   E*/N:  -0.80162   P*:     0.08053    P*cold: -0.03947   Mu*_xs: -0.84813   Cv*/N_xs:  0.59424         E(kJ/mol): -0.800     P(bar):    0.069     
Step:  2459999    NAcc:  1230002    fAcc:  0.500      Maxd:  1.18835    E*/N:  -0.83899   P*:     0.08048    P*cold: -0.03952   Mu*_xs: -0.84800   Cv*/N_xs:  0.58181         E(kJ/mol): -0.837     P(bar):    0.057     
Step:  2479999    NAcc:  1240004    fAcc:  0.500      Maxd:  33.54773   E*/N:  -0.80646   P*:     0.08026    P*cold: -0.03974   Mu*_xs: -0.84747   Cv*/N_xs:  0.58642         E(kJ/mol): -0.804     P(bar):    0.057     
Step:  2499999    NAcc:  1249998    fAcc:  0.500      Maxd:  11.42245   E*/N:  -0.76981   P*:     0.08025    P*cold: -0.03975   Mu*_xs: -0.84691   Cv*/N_xs:  0.57967         E(kJ/mol): -0.768     P(bar):    0.080     
Step:  2519999    NAcc:  1259999    fAcc:  0.500      Maxd:  3.98081    E*/N:  -0.83961   P*:     0.08035    P*cold: -0.03965   Mu*_xs: -0.84686   Cv*/N_xs:  0.58428         E(kJ/mol): -0.837     P(bar):    0.065     
Step:  2539999    NAcc:  1270001    fAcc:  0.500      Maxd:  4.28933    E*/N:  -0.91205   P*:     0.08014    P*cold: -0.03986   Mu*_xs: -0.84750   Cv*/N_xs:  0.63542         E(kJ/mol): -0.910     P(bar):    0.047     
Step:  2559999    NAcc:  1280002    fAcc:  0.500      Maxd:  33.07392   E*/N:  -0.81425   P*:     0.08006    P*cold: -0.03994   Mu*_xs: -0.84767   Cv*/N_xs:  0.62944         E(kJ/mol): -0.812     P(bar):    0.061     
Step:  2579999    NAcc:  1290001    fAcc:  0.500      Maxd:  2.41123    E*/N:  -0.78180   P*:     0.08007    P*cold: -0.03993   Mu*_xs: -0.84765   Cv*/N_xs:  0.63164         E(kJ/mol): -0.780     P(bar):    0.071     
Step:  2599999    NAcc:  1300001    fAcc:  0.500      Maxd:  34.83453   E*/N:  -0.83409   P*:     0.08024    P*cold: -0.03976   Mu*_xs: -0.84713   Cv*/N_xs:  0.62954         E(kJ/mol): -0.832     P(bar):    0.049     
Step:  2619999    NAcc:  1310002    fAcc:  0.500      Maxd:  3.58896    E*/N:  -0.81793   P*:     0.08024    P*cold: -0.03976   Mu*_xs: -0.84690   Cv*/N_xs:  0.61764         E(kJ/mol): -0.816     P(bar):    0.076     
Step:  2639999    NAcc:  1320004    fAcc:  0.500      Maxd:  30.42133   E*/N:  -0.86130   P*:     0.08035    P*cold: -0.03965   Mu*_xs: -0.84616   Cv*/N_xs:  0.61221         E(kJ/mol): -0.859     P(bar):    0.069     
Step:  2659999    NAcc:  1330003    fAcc:  0.500      Maxd:  33.15047   E*/N:  -0.79883   P*:     0.08037    P*cold: -0.03963   Mu*_xs: -0.84575   Cv*/N_xs:  0.61134         E(kJ/mol): -0.797     P(bar):    0.053     
Step:  2679999    NAcc:  1340005    fAcc:  0.500      Maxd:  30.42203   E*/N:  -0.76398   P*:     0.08036    P*cold: -0.03964   Mu*_xs: -0.84508   Cv*/N_xs:  0.61594         E(kJ/mol): -0.762     P(bar):    0.068     
Step:  2699999    NAcc:  1350003    fAcc:  0.500      Maxd:  30.72096   E*/N:  -0.80469   P*:     0.08048    P*cold: -0.03952   Mu*_xs: -0.84492   Cv*/N_xs:  0.62148         E(kJ/mol): -0.803     P(bar):    0.068     
Step:  2719999    NAcc:  1360001    fAcc:  0.500      Maxd:  1.07713    E*/N:  -0.80091   P*:     0.08048    P*cold: -0.03952   Mu*_xs: -0.84446   Cv*/N_xs:  0.61900         E(kJ/mol): -0.799     P(bar):    0.065     
Step:  2739999    NAcc:  1370003    fAcc:  0.500      Maxd:  1.54837    E*/N:  -0.79148   P*:     0.08046    P*cold: -0.03954   Mu*_xs: -0.84396   Cv*/N_xs:  0.60980         E(kJ/mol): -0.789     P(bar):    0.060     
Step:  2759999    NAcc:  1380002    fAcc:  0.500      Maxd:  30.22602   E*/N:  -0.80578   P*:     0.08045    P*cold: -0.03955   Mu*_xs: -0.84381   Cv*/N_xs:  0.60832         E(kJ/mol): -0.804     P(bar):    0.057     
Step:  2779999    NAcc:  1389999    fAcc:  0.500      Maxd:  0.56819    E*/N:  -0.88483   P*:     0.08045    P*cold: -0.03955   Mu*_xs: -0.84306   Cv*/N_xs:  0.61517         E(kJ/mol): -0.883     P(bar):    0.072     
Step:  2799999    NAcc:  1400004    fAcc:  0.500      Maxd:  31.85905   E*/N:  -0.81483   P*:     0.08040    P*cold: -0.03960   Mu*_xs: -0.84285   Cv*/N_xs:  0.60841         E(kJ/mol): -0.813     P(bar):    0.057     
Step:  2819999    NAcc:  1410002    fAcc:  0.500      Maxd:  30.50856   E*/N:  -0.80209   P*:     0.08038    P*cold: -0.03962   Mu*_xs: -0.84328   Cv*/N_xs:  0.59992         E(kJ/mol): -0.800     P(bar):    0.073     
Step:  2839999    NAcc:  1420003    fAcc:  0.500      Maxd:  34.56148   E*/N:  -0.79614   P*:     0.08039    P*cold: -0.03961   Mu*_xs: -0.84380   Cv*/N_xs:  0.59912         E(kJ/mol): -0.794     P(bar):    0.076     
Step:  2859999    NAcc:  1430003    fAcc:  0.500      Maxd:  32.37501   E*/N:  -0.81104   P*:     0.08040    P*cold: -0.03960   Mu*_xs: -0.84384   Cv*/N_xs:  0.59291         E(kJ/mol): -0.809     P(bar):    0.076     
Step:  2879999    NAcc:  1440004    fAcc:  0.500      Maxd:  31.47199   E*/N:  -0.79613   P*:     0.08054    P*cold: -0.03946   Mu*_xs: -0.84326   Cv*/N_xs:  0.58683         E(kJ/mol): -0.794     P(bar):    0.071     
Step:  2899999    NAcc:  1450001    fAcc:  0.500      Maxd:  3.98971    E*/N:  -0.89125   P*:     0.08051    P*cold: -0.03949   Mu*_xs: -0.84293   Cv*/N_xs:  0.58427         E(kJ/mol): -0.889     P(bar):    0.069     
Step:  2919999    NAcc:  1460004    fAcc:  0.500      Maxd:  30.94133   E*/N:  -0.81801   P*:     0.08035    P*cold: -0.03965   Mu*_xs: -0.84316   Cv*/N_xs:  0.58021         E(kJ/mol): -0.816     P(bar):    0.070     
Step:  2939999    NAcc:  1470004    fAcc:  0.500      Maxd:  30.64100   E*/N:  -0.81381   P*:     0.08036    P*cold: -0.03964   Mu*_xs: -0.84339   Cv*/N_xs:  0.57766         E(kJ/mol): -0.812     P(bar):    0.074     
Step:  2959999    NAcc:  1480003    fAcc:  0.500      Maxd:  29.15896   E*/N:  -0.78959   P*:     0.08031    P*cold: -0.03969   Mu*_xs: -0.84373   Cv*/N_xs:  0.57642         E(kJ/mol): -0.788     P(bar):    0.069     
Step:  2979999    NAcc:  1490000    fAcc:  0.500      Maxd:  17.57768   E*/N:  -0.81681   P*:     0.08034    P*cold: -0.03966   Mu*_xs: -0.84388   Cv*/N_xs:  0.57591         E(kJ/mol): -0.815     P(bar):    0.068     
Step:  2999999    NAcc:  1499998    fAcc:  0.500      Maxd:  0.53970    E*/N:  -0.78084   P*:     0.08029    P*cold: -0.03971   Mu*_xs: -0.84359   Cv*/N_xs:  0.56823         E(kJ/mol): -0.779     P(bar):    0.075     
Step:  3019999    NAcc:  1509999    fAcc:  0.500      Maxd:  15.88260   E*/N:  -0.90135   P*:     0.08033    P*cold: -0.03967   Mu*_xs: -0.84317   Cv*/N_xs:  0.56832         E(kJ/mol): -0.899     P(bar):    0.063     
Step:  3039999    NAcc:  1520001    fAcc:  0.500      Maxd:  14.14387   E*/N:  -0.83157   P*:     0.08029    P*cold: -0.03971   Mu*_xs: -0.84356   Cv*/N_xs:  0.56902         E(kJ/mol): -0.829     P(bar):    0.066     
Step:  3059999    NAcc:  1530006    fAcc:  0.500      Maxd:  32.01600   E*/N:  -0.86652   P*:     0.08036    P*cold: -0.03964   Mu*_xs: -0.84362   Cv*/N_xs:  0.60007         E(kJ/mol): -0.864     P(bar):    0.065     
Step:  3079999    NAcc:  1540005    fAcc:  0.500      Maxd:  31.28718   E*/N:  -0.81916   P*:     0.08030    P*cold: -0.03970   Mu*_xs: -0.84332   Cv*/N_xs:  0.61022         E(kJ/mol): -0.817     P(bar):    0.056     
Step:  3099999    NAcc:  1550004    fAcc:  0.500      Maxd:  31.57881   E*/N:  -0.84153   P*:     0.08025    P*cold: -0.03975   Mu*_xs: -0.84300   Cv*/N_xs:  0.61020         E(kJ/mol): -0.839     P(bar):    0.085     
Step:  3119999    NAcc:  1560002    fAcc:  0.500      Maxd:  1.26818    E*/N:  -0.89567   P*:     0.08020    P*cold: -0.03980   Mu*_xs: -0.84305   Cv*/N_xs:  0.60509         E(kJ/mol): -0.893     P(bar):    0.052     
Step:  3139999    NAcc:  1570001    fAcc:  0.500      Maxd:  34.81969   E*/N:  -0.83173   P*:     0.08018    P*cold: -0.03982   Mu*_xs: -0.84311   Cv*/N_xs:  0.60778         E(kJ/mol): -0.830     P(bar):    0.066     
Step:  3159999    NAcc:  1579998    fAcc:  0.500      Maxd:  4.46525    E*/N:  -0.82793   P*:     0.08015    P*cold: -0.03985   Mu*_xs: -0.84290   Cv*/N_xs:  0.60702         E(kJ/mol): -0.826     P(bar):    0.057     
Step:  3179999    NAcc:  1590003    fAcc:  0.500      Maxd:  4.74311    E*/N:  -0.81055   P*:     0.08018    P*cold: -0.03982   Mu*_xs: -0.84261   Cv*/N_xs:  0.60863         E(kJ/mol): -0.808     P(bar):    0.059     
Step:  3199999    NAcc:  1600002    fAcc:  0.500      Maxd:  31.80299   E*/N:  -0.89703   P*:     0.08021    P*cold: -0.03979   Mu*_xs: -0.84295   Cv*/N_xs:  0.61690         E(kJ/mol): -0.895     P(bar):    0.068     
Step:  3219999    NAcc:  1610002    fAcc:  0.500      Maxd:  7.89607    E*/N:  -0.80665   P*:     0.08022    P*cold: -0.03978   Mu*_xs: -0.84265   Cv*/N_xs:  0.62030         E(kJ/mol): -0.805     P(bar):    0.061     
Step:  3239999    NAcc:  1620000    fAcc:  0.500      Maxd:  10.68842   E*/N:  -0.81750   P*:     0.08021    P*cold: -0.03979   Mu*_xs: -0.84267   Cv*/N_xs:  0.61393         E(kJ/mol): -0.815     P(bar):    0.061     
Step:  3259999    NAcc:  1630001    fAcc:  0.500      Maxd:  11.78817   E*/N:  -0.82970   P*:     0.08022    P*cold: -0.03978   Mu*_xs: -0.84274   Cv*/N_xs:  0.61054         E(kJ/mol): -0.828     P(bar):    0.064     
Step:  3279999    NAcc:  1640001    fAcc:  0.500      Maxd:  2.71494    E*/N:  -0.83723   P*:     0.08021    P*cold: -0.03979   Mu*_xs: -0.84229   Cv*/N_xs:  0.60488         E(kJ/mol): -0.835     P(bar):    0.070     
Step:  3299999    NAcc:  1650003    fAcc:  0.500      Maxd:  4.97090    E*/N:  -0.92598   P*:     0.08025    P*cold: -0.03975   Mu*_xs: -0.84228   Cv*/N_xs:  0.62029         E(kJ/mol): -0.924     P(bar):    0.059     
Step:  3319999    NAcc:  1660005    fAcc:  0.500      Maxd:  31.09653   E*/N:  -0.83517   P*:     0.08027    P*cold: -0.03973   Mu*_xs: -0.84260   Cv*/N_xs:  0.61963         E(kJ/mol): -0.833     P(bar):    0.066     
Step:  3339999    NAcc:  1670004    fAcc:  0.500      Maxd:  33.80153   E*/N:  -0.88418   P*:     0.08023    P*cold: -0.03977   Mu*_xs: -0.84270   Cv*/N_xs:  0.63396         E(kJ/mol): -0.882     P(bar):    0.069     
Step:  3359999    NAcc:  1680002    fAcc:  0.500      Maxd:  33.81887   E*/N:  -0.77665   P*:     0.08018    P*cold: -0.03982   Mu*_xs: -0.84281   Cv*/N_xs:  0.63142         E(kJ/mol): -0.775     P(bar):    0.069     
Step:  3379999    NAcc:  1690002    fAcc:  0.500      Maxd:  34.46053   E*/N:  -0.84046   P*:     0.08019    P*cold: -0.03981   Mu*_xs: -0.84278   Cv*/N_xs:  0.62795         E(kJ/mol): -0.838     P(bar):    0.072     
Step:  3399999    NAcc:  1700003    fAcc:  0.500      Maxd:  3.57362    E*/N:  -0.82224   P*:     0.08023    P*cold: -0.03977   Mu*_xs: -0.84270   Cv*/N_xs:  0.62553         E(kJ/mol): -0.820     P(bar):    0.065     
Step:  3419999    NAcc:  1710001    fAcc:  0.500      Maxd:  30.75763   E*/N:  -0.73859   P*:     0.08019    P*cold: -0.03981   Mu*_xs: -0.84271   Cv*/N_xs:  0.62630         E(kJ/mol): -0.737     P(bar):    0.063     
Step:  3439999    NAcc:  1720006    fAcc:  0.500      Maxd:  29.08733   E*/N:  -0.78205   P*:     0.08018    P*cold: -0.03982   Mu*_xs: -0.84288   Cv*/N_xs:  0.63021         E(kJ/mol): -0.780     P(bar):    0.065     
Step:  3459999    NAcc:  1730001    fAcc:  0.500      Maxd:  34.33302   E*/N:  -0.79464   P*:     0.08014    P*cold: -0.03986   Mu*_xs: -0.84269   Cv*/N_xs:  0.62564         E(kJ/mol): -0.793     P(bar):    0.058     
Step:  3479999    NAcc:  1740008    fAcc:  0.500      Maxd:  29.97549   E*/N:  -0.85667   P*:     0.08012    P*cold: -0.03988   Mu*_xs: -0.84267   Cv*/N_xs:  0.62498         E(kJ/mol): -0.854     P(bar):    0.057     
Step:  3499999    NAcc:  1750001    fAcc:  0.500      Maxd:  1.02834    E*/N:  -0.85099   P*:     0.08019    P*cold: -0.03981   Mu*_xs: -0.84279   Cv*/N_xs:  0.62483         E(kJ/mol): -0.849     P(bar):    0.064     
Step:  3519999    NAcc:  1760003    fAcc:  0.500      Maxd:  21.12668   E*/N:  -0.82025   P*:     0.08014    P*cold: -0.03986   Mu*_xs: -0.84292   Cv*/N_xs:  0.61883         E(kJ/mol): -0.818     P(bar):    0.064     
Step:  3539999    NAcc:  1770003    fAcc:  0.500      Maxd:  1.57179    E*/N:  -0.80843   P*:     0.08015    P*cold: -0.03985   Mu*_xs: -0.84308   Cv*/N_xs:  0.61521         E(kJ/mol): -0.806     P(bar):    0.068     
Step:  3559999    NAcc:  1780001    fAcc:  0.500      Maxd:  34.56804   E*/N:  -0.82723   P*:     0.08020    P*cold: -0.03980   Mu*_xs: -0.84304   Cv*/N_xs:  0.61114         E(kJ/mol): -0.825     P(bar):    0.064     
Step:  3579999    NAcc:  1790003    fAcc:  0.500      Maxd:  21.63616   E*/N:  -0.80142   P*:     0.08013    P*cold: -0.03987   Mu*_xs: -0.84319   Cv*/N_xs:  0.61103         E(kJ/mol): -0.799     P(bar):    0.065     
Step:  3599999    NAcc:  1800002    fAcc:  0.500      Maxd:  27.26997   E*/N:  -0.86100   P*:     0.08012    P*cold: -0.03988   Mu*_xs: -0.84323   Cv*/N_xs:  0.61141         E(kJ/mol): -0.859     P(bar):    0.057     
Step:  3619999    NAcc:  1810000    fAcc:  0.500      Maxd:  0.48296    E*/N:  -0.76412   P*:     0.08014    P*cold: -0.03986   Mu*_xs: -0.84308   Cv*/N_xs:  0.61908         E(kJ/mol): -0.762     P(bar):    0.066     
Step:  3639999    NAcc:  1820001    fAcc:  0.500      Maxd:  1.80267    E*/N:  -0.87645   P*:     0.08018    P*cold: -0.03982   Mu*_xs: -0.84326   Cv*/N_xs:  0.62041         E(kJ/mol): -0.874     P(bar):    0.060     
Step:  3659999    NAcc:  1830001    fAcc:  0.500      Maxd:  29.28132   E*/N:  -0.85360   P*:     0.08018    P*cold: -0.03982   Mu*_xs: -0.84336   Cv*/N_xs:  0.62671         E(kJ/mol): -0.851     P(bar):    0.056     
Step:  3679999    NAcc:  1840000    fAcc:  0.500      Maxd:  6.20885    E*/N:  -0.86770   P*:     0.08015    P*cold: -0.03985   Mu*_xs: -0.84356   Cv*/N_xs:  0.62915         E(kJ/mol): -0.865     P(bar):    0.063     
Step:  3699999    NAcc:  1850001    fAcc:  0.500      Maxd:  10.81266   E*/N:  -0.81779   P*:     0.08012    P*cold: -0.03988   Mu*_xs: -0.84351   Cv*/N_xs:  0.62609         E(kJ/mol): -0.816     P(bar):    0.060     
Step:  3719999    NAcc:  1859998    fAcc:  0.500      Maxd:  1.63255    E*/N:  -0.80586   P*:     0.08016    P*cold: -0.03984   Mu*_xs: -0.84377   Cv*/N_xs:  0.62408         E(kJ/mol): -0.804     P(bar):    0.078     
Step:  3739999    NAcc:  1870002    fAcc:  0.500      Maxd:  32.80883   E*/N:  -0.85516   P*:     0.08014    P*cold: -0.03986   Mu*_xs: -0.84342   Cv*/N_xs:  0.62631         E(kJ/mol): -0.853     P(bar):    0.080     
Step:  3759999    NAcc:  1880002    fAcc:  0.500      Maxd:  20.51965   E*/N:  -0.93587   P*:     0.08015    P*cold: -0.03985   Mu*_xs: -0.84322   Cv*/N_xs:  0.63334         E(kJ/mol): -0.933     P(bar):    0.077     
Step:  3779999    NAcc:  1889999    fAcc:  0.500      Maxd:  10.18494   E*/N:  -0.83625   P*:     0.08019    P*cold: -0.03981   Mu*_xs: -0.84295   Cv*/N_xs:  0.64542         E(kJ/mol): -0.834     P(bar):    0.062     
Step:  3799999    NAcc:  1900002    fAcc:  0.500      Maxd:  1.51750    E*/N:  -0.79780   P*:     0.08024    P*cold: -0.03976   Mu*_xs: -0.84301   Cv*/N_xs:  0.64615         E(kJ/mol): -0.796     P(bar):    0.066     
Step:  3819999    NAcc:  1910004    fAcc:  0.500      Maxd:  31.65625   E*/N:  -0.84772   P*:     0.08026    P*cold: -0.03974   Mu*_xs: -0.84287   Cv*/N_xs:  0.65456         E(kJ/mol): -0.845     P(bar):    0.066     
Step:  3839999    NAcc:  1920001    fAcc:  0.500      Maxd:  31.07535   E*/N:  -0.80616   P*:     0.08024    P*cold: -0.03976   Mu*_xs: -0.84288   Cv*/N_xs:  0.65333         E(kJ/mol): -0.804     P(bar):    0.053     
Step:  3859999    NAcc:  1930005    fAcc:  0.500      Maxd:  34.81777   E*/N:  -0.91235   P*:     0.08026    P*cold: -0.03974   Mu*_xs: -0.84295   Cv*/N_xs:  0.65739         E(kJ/mol): -0.910     P(bar):    0.086     
Step:  3879999    NAcc:  1940004    fAcc:  0.500      Maxd:  31.94416   E*/N:  -0.82298   P*:     0.08019    P*cold: -0.03981   Mu*_xs: -0.84286   Cv*/N_xs:  0.66499         E(kJ/mol): -0.821     P(bar):    0.060     
Step:  3899999    NAcc:  1950003    fAcc:  0.500      Maxd:  33.52654   E*/N:  -0.84629   P*:     0.08014    P*cold: -0.03986   Mu*_xs: -0.84260   Cv*/N_xs:  0.66862         E(kJ/mol): -0.844     P(bar):    0.072     
Step:  3919999    NAcc:  1960002    fAcc:  0.500      Maxd:  6.44265    E*/N:  -0.81091   P*:     0.08019    P*cold: -0.03981   Mu*_xs: -0.84282   Cv*/N_xs:  0.66515         E(kJ/mol): -0.809     P(bar):    0.076     
Step:  3939999    NAcc:  1970006    fAcc:  0.500      Maxd:  32.28313   E*/N:  -0.82194   P*:     0.08019    P*cold: -0.03981   Mu*_xs: -0.84261   Cv*/N_xs:  0.66076         E(kJ/mol): -0.820     P(bar):    0.069     
Step:  3959999    NAcc:  1980003    fAcc:  0.500      Maxd:  3.23410    E*/N:  -0.83159   P*:     0.08016    P*cold: -0.03984   Mu*_xs: -0.84252   Cv*/N_xs:  0.66077         E(kJ/mol): -0.829     P(bar):    0.059     
Step:  3979999    NAcc:  1990005    fAcc:  0.500      Maxd:  30.20334   E*/N:  -0.78750   P*:     0.08013    P*cold: -0.03987   Mu*_xs: -0.84271   Cv*/N_xs:  0.65636         E(kJ/mol): -0.785     P(bar):    0.062     
Step:  3999999    NAcc:  2000002    fAcc:  0.500      Maxd:  31.55689   E*/N:  -0.83613   P*:     0.08013    P*cold: -0.03987   Mu*_xs: -0.84271   Cv*/N_xs:  0.65466         E(kJ/mol): -0.834     P(bar):    0.066     
Step:  4019999    NAcc:  2010001    fAcc:  0.500      Maxd:  20.53840   E*/N:  -0.85765   P*:     0.08015    P*cold: -0.03985   Mu*_xs: -0.84291   Cv*/N_xs:  0.65209         E(kJ/mol): -0.855     P(bar):    0.070     
Step:  4039999    NAcc:  2019999    fAcc:  0.500      Maxd:  15.51122   E*/N:  -0.85485   P*:     0.08015    P*cold: -0.03985   Mu*_xs: -0.84289   Cv*/N_xs:  0.64891         E(kJ/mol): -0.853     P(bar):    0.066     
Step:  4059999    NAcc:  2030002    fAcc:  0.500      Maxd:  31.85978   E*/N:  -0.81100   P*:     0.08016    P*cold: -0.03984   Mu*_xs: -0.84276   Cv*/N_xs:  0.65190         E(kJ/mol): -0.809     P(bar):    0.062     
Step:  4079999    NAcc:  2040003    fAcc:  0.500      Maxd:  30.40244   E*/N:  -0.75144   P*:     0.08017    P*cold: -0.03983   Mu*_xs: -0.84266   Cv*/N_xs:  0.65632         E(kJ/mol): -0.749     P(bar):    0.084     
Step:  4099999    NAcc:  2049999    fAcc:  0.500      Maxd:  16.55957   E*/N:  -0.80765   P*:     0.08018    P*cold: -0.03982   Mu*_xs: -0.84274   Cv*/N_xs:  0.65761         E(kJ/mol): -0.806     P(bar):    0.065     
Step:  4119999    NAcc:  2060002    fAcc:  0.500      Maxd:  1.00984    E*/N:  -0.82529   P*:     0.08018    P*cold: -0.03982   Mu*_xs: -0.84283   Cv*/N_xs:  0.65588         E(kJ/mol): -0.823     P(bar):    0.055     
Step:  4139999    NAcc:  2070000    fAcc:  0.500      Maxd:  12.62286   E*/N:  -0.82834   P*:     0.08015    P*cold: -0.03985   Mu*_xs: -0.84292   Cv*/N_xs:  0.65312         E(kJ/mol): -0.826     P(bar):    0.055     
Step:  4159999    NAcc:  2080008    fAcc:  0.500      Maxd:  32.53907   E*/N:  -0.79985   P*:     0.08012    P*cold: -0.03988   Mu*_xs: -0.84293   Cv*/N_xs:  0.65124         E(kJ/mol): -0.798     P(bar):    0.057     
Step:  4179999    NAcc:  2090000    fAcc:  0.500      Maxd:  0.47283    E*/N:  -0.81512   P*:     0.08010    P*cold: -0.03990   Mu*_xs: -0.84301   Cv*/N_xs:  0.64954         E(kJ/mol): -0.813     P(bar):    0.063     
Step:  4199999    NAcc:  2100003    fAcc:  0.500      Maxd:  29.98874   E*/N:  -0.87845   P*:     0.08013    P*cold: -0.03987   Mu*_xs: -0.84330   Cv*/N_xs:  0.64730         E(kJ/mol): -0.876     P(bar):    0.058     
Step:  4219999    NAcc:  2110002    fAcc:  0.500      Maxd:  31.67990   E*/N:  -0.78004   P*:     0.08012    P*cold: -0.03988   Mu*_xs: -0.84322   Cv*/N_xs:  0.65300         E(kJ/mol): -0.778     P(bar):    0.074     
Step:  4239999    NAcc:  2120001    fAcc:  0.500      Maxd:  32.11164   E*/N:  -0.82707   P*:     0.08008    P*cold: -0.03992   Mu*_xs: -0.84307   Cv*/N_xs:  0.65183         E(kJ/mol): -0.825     P(bar):    0.057     
Step:  4259999    NAcc:  2130000    fAcc:  0.500      Maxd:  26.53314   E*/N:  -0.87377   P*:     0.08008    P*cold: -0.03992   Mu*_xs: -0.84297   Cv*/N_xs:  0.64873         E(kJ/mol): -0.871     P(bar):    0.090     
Step:  4279999    NAcc:  2139999    fAcc:  0.500      Maxd:  1.12477    E*/N:  -0.78112   P*:     0.08010    P*cold: -0.03990   Mu*_xs: -0.84311   Cv*/N_xs:  0.64740         E(kJ/mol): -0.779     P(bar):    0.069     
Step:  4299999    NAcc:  2150003    fAcc:  0.500      Maxd:  3.59175    E*/N:  -0.78378   P*:     0.08013    P*cold: -0.03987   Mu*_xs: -0.84322   Cv*/N_xs:  0.64906         E(kJ/mol): -0.782     P(bar):    0.064     
Step:  4319999    NAcc:  2160002    fAcc:  0.500      Maxd:  33.69494   E*/N:  -0.73582   P*:     0.08013    P*cold: -0.03987   Mu*_xs: -0.84344   Cv*/N_xs:  0.65467         E(kJ/mol): -0.734     P(bar):    0.085     
Step:  4339999    NAcc:  2170004    fAcc:  0.500      Maxd:  32.23433   E*/N:  -0.84817   P*:     0.08011    P*cold: -0.03989   Mu*_xs: -0.84351   Cv*/N_xs:  0.65236         E(kJ/mol): -0.846     P(bar):    0.074     
Step:  4359999    NAcc:  2180003    fAcc:  0.500      Maxd:  7.15914    E*/N:  -0.77254   P*:     0.08014    P*cold: -0.03986   Mu*_xs: -0.84356   Cv*/N_xs:  0.65116         E(kJ/mol): -0.771     P(bar):    0.067     
Step:  4379999    NAcc:  2190004    fAcc:  0.500      Maxd:  29.68554   E*/N:  -0.77559   P*:     0.08016    P*cold: -0.03984   Mu*_xs: -0.84362   Cv*/N_xs:  0.65152         E(kJ/mol): -0.774     P(bar):    0.061     
Step:  4399999    NAcc:  2199999    fAcc:  0.500      Maxd:  4.31575    E*/N:  -0.77201   P*:     0.08016    P*cold: -0.03984   Mu*_xs: -0.84368   Cv*/N_xs:  0.64987         E(kJ/mol): -0.770     P(bar):    0.083     
Step:  4419999    NAcc:  2210000    fAcc:  0.500      Maxd:  0.66848    E*/N:  -0.84203   P*:     0.08017    P*cold: -0.03983   Mu*_xs: -0.84376   Cv*/N_xs:  0.64690         E(kJ/mol): -0.840     P(bar):    0.066     
Step:  4439999    NAcc:  2220006    fAcc:  0.500      Maxd:  32.34951   E*/N:  -0.85530   P*:     0.08019    P*cold: -0.03981   Mu*_xs: -0.84361   Cv*/N_xs:  0.64573         E(kJ/mol): -0.853     P(bar):    0.054     
Step:  4459999    NAcc:  2230003    fAcc:  0.500      Maxd:  34.62171   E*/N:  -0.85470   P*:     0.08022    P*cold: -0.03978   Mu*_xs: -0.84359   Cv*/N_xs:  0.64217         E(kJ/mol): -0.852     P(bar):    0.075     
Step:  4479999    NAcc:  2240000    fAcc:  0.500      Maxd:  15.13915   E*/N:  -0.83904   P*:     0.08021    P*cold: -0.03979   Mu*_xs: -0.84360   Cv*/N_xs:  0.63957         E(kJ/mol): -0.837     P(bar):    0.066     
Step:  4499999    NAcc:  2250003    fAcc:  0.500      Maxd:  32.18100   E*/N:  -0.88084   P*:     0.08021    P*cold: -0.03979   Mu*_xs: -0.84365   Cv*/N_xs:  0.63929         E(kJ/mol): -0.879     P(bar):    0.080     
Step:  4519999    NAcc:  2259999    fAcc:  0.500      Maxd:  16.24741   E*/N:  -0.81652   P*:     0.08020    P*cold: -0.03980   Mu*_xs: -0.84365   Cv*/N_xs:  0.63998         E(kJ/mol): -0.814     P(bar):    0.072     
Step:  4539999    NAcc:  2270005    fAcc:  0.500      Maxd:  34.83213   E*/N:  -0.84129   P*:     0.08019    P*cold: -0.03981   Mu*_xs: -0.84370   Cv*/N_xs:  0.63650         E(kJ/mol): -0.839     P(bar):    0.055     
Step:  4559999    NAcc:  2280004    fAcc:  0.500      Maxd:  31.81357   E*/N:  -0.81587   P*:     0.08019    P*cold: -0.03981   Mu*_xs: -0.84371   Cv*/N_xs:  0.63872         E(kJ/mol): -0.814     P(bar):    0.070     
Step:  4579999    NAcc:  2290004    fAcc:  0.500      Maxd:  26.14242   E*/N:  -0.82660   P*:     0.08017    P*cold: -0.03983   Mu*_xs: -0.84380   Cv*/N_xs:  0.63658         E(kJ/mol): -0.824     P(bar):    0.063     
Step:  4599999    NAcc:  2300001    fAcc:  0.500      Maxd:  33.27304   E*/N:  -0.79097   P*:     0.08015    P*cold: -0.03985   Mu*_xs: -0.84379   Cv*/N_xs:  0.63585         E(kJ/mol): -0.789     P(bar):    0.064     
Step:  4619999    NAcc:  2309998    fAcc:  0.500      Maxd:  0.49825    E*/N:  -0.83780   P*:     0.08013    P*cold: -0.03987   Mu*_xs: -0.84385   Cv*/N_xs:  0.63371         E(kJ/mol): -0.836     P(bar):    0.064     
Step:  4639999    NAcc:  2320002    fAcc:  0.500      Maxd:  1.48891    E*/N:  -0.82272   P*:     0.08009    P*cold: -0.03991   Mu*_xs: -0.84381   Cv*/N_xs:  0.63580         E(kJ/mol): -0.821     P(bar):    0.071     
Step:  4659999    NAcc:  2330009    fAcc:  0.500      Maxd:  33.07487   E*/N:  -0.75079   P*:     0.08010    P*cold: -0.03990   Mu*_xs: -0.84370   Cv*/N_xs:  0.63397         E(kJ/mol): -0.749     P(bar):    0.059     
Step:  4679999    NAcc:  2340009    fAcc:  0.500      Maxd:  31.64109   E*/N:  -0.78068   P*:     0.08010    P*cold: -0.03990   Mu*_xs: -0.84385   Cv*/N_xs:  0.64057         E(kJ/mol): -0.779     P(bar):    0.058     
Step:  4699999    NAcc:  2350003    fAcc:  0.500      Maxd:  33.93990   E*/N:  -0.83926   P*:     0.08007    P*cold: -0.03993   Mu*_xs: -0.84401   Cv*/N_xs:  0.64190         E(kJ/mol): -0.837     P(bar):    0.057     
Step:  4719999    NAcc:  2359998    fAcc:  0.500      Maxd:  2.46448    E*/N:  -0.85667   P*:     0.08002    P*cold: -0.03998   Mu*_xs: -0.84405   Cv*/N_xs:  0.64117         E(kJ/mol): -0.854     P(bar):    0.063     
Step:  4739999    NAcc:  2369998    fAcc:  0.500      Maxd:  2.51312    E*/N:  -0.79241   P*:     0.08002    P*cold: -0.03998   Mu*_xs: -0.84415   Cv*/N_xs:  0.64036         E(kJ/mol): -0.790     P(bar):    0.078     
Step:  4759999    NAcc:  2380000    fAcc:  0.500      Maxd:  2.50875    E*/N:  -0.87122   P*:     0.08001    P*cold: -0.03999   Mu*_xs: -0.84414   Cv*/N_xs:  0.63733         E(kJ/mol): -0.869     P(bar):    0.063     
Step:  4779999    NAcc:  2390000    fAcc:  0.500      Maxd:  10.79812   E*/N:  -0.85404   P*:     0.08001    P*cold: -0.03999   Mu*_xs: -0.84410   Cv*/N_xs:  0.63952         E(kJ/mol): -0.852     P(bar):    0.065     
Step:  4799999    NAcc:  2400002    fAcc:  0.500      Maxd:  6.11890    E*/N:  -0.82446   P*:     0.08000    P*cold: -0.04000   Mu*_xs: -0.84412   Cv*/N_xs:  0.63844         E(kJ/mol): -0.822     P(bar):    0.061     
Step:  4819999    NAcc:  2410005    fAcc:  0.500      Maxd:  32.43817   E*/N:  -0.78051   P*:     0.08001    P*cold: -0.03999   Mu*_xs: -0.84401   Cv*/N_xs:  0.64013         E(kJ/mol): -0.778     P(bar):    0.064     
Step:  4839999    NAcc:  2420001    fAcc:  0.500      Maxd:  33.83249   E*/N:  -0.78122   P*:     0.08001    P*cold: -0.03999   Mu*_xs: -0.84390   Cv*/N_xs:  0.63942         E(kJ/mol): -0.779     P(bar):    0.074     
Step:  4859999    NAcc:  2430004    fAcc:  0.500      Maxd:  5.73336    E*/N:  -0.80326   P*:     0.08002    P*cold: -0.03998   Mu*_xs: -0.84390   Cv*/N_xs:  0.64248         E(kJ/mol): -0.801     P(bar):    0.058     
Step:  4879999    NAcc:  2440002    fAcc:  0.500      Maxd:  7.40952    E*/N:  -0.83084   P*:     0.08001    P*cold: -0.03999   Mu*_xs: -0.84387   Cv*/N_xs:  0.64233         E(kJ/mol): -0.829     P(bar):    0.073     
Step:  4899999    NAcc:  2450001    fAcc:  0.500      Maxd:  18.08535   E*/N:  -0.79537   P*:     0.08004    P*cold: -0.03996   Mu*_xs: -0.84370   Cv*/N_xs:  0.63910         E(kJ/mol): -0.793     P(bar):    0.056     
Step:  4919999    NAcc:  2460003    fAcc:  0.500      Maxd:  34.19185   E*/N:  -0.87091   P*:     0.08003    P*cold: -0.03997   Mu*_xs: -0.84358   Cv*/N_xs:  0.63748         E(kJ/mol): -0.869     P(bar):    0.080     
Step:  4939999    NAcc:  2470002    fAcc:  0.500      Maxd:  30.96401   E*/N:  -0.87920   P*:     0.08005    P*cold: -0.03995   Mu*_xs: -0.84368   Cv*/N_xs:  0.63593         E(kJ/mol): -0.877     P(bar):    0.064     
Step:  4959999    NAcc:  2480000    fAcc:  0.500      Maxd:  26.41829   E*/N:  -0.81499   P*:     0.08003    P*cold: -0.03997   Mu*_xs: -0.84365   Cv*/N_xs:  0.63475         E(kJ/mol): -0.813     P(bar):    0.062     
Step:  4979999    NAcc:  2489999    fAcc:  0.500      Maxd:  6.29364    E*/N:  -0.83185   P*:     0.08004    P*cold: -0.03996   Mu*_xs: -0.84356   Cv*/N_xs:  0.63503         E(kJ/mol): -0.830     P(bar):    0.055     
Step:  4999999    NAcc:  2500000    fAcc:  0.500      Maxd:  25.45125   E*/N:  -0.77469   P*:     0.08006    P*cold: -0.03994   Mu*_xs: -0.84351   Cv*/N_xs:  0.63601         E(kJ/mol): -0.773     P(bar):    0.070     
# Computed average properties: 
 # E*/N:  -0.82577  
 # P*:     0.08006   
 # Cv*/N_xs:   0.63601        
 # Mu*_xs:  -0.84351  
