# Number of atoms:       500
# Atom type:             Ar
# Molar Mass (g/mol):    39.948
# Density (g/cm^3):      1.01301
# LJ sigma (Angstrom):   3.4
# LJ epsilon/kB (K):     120
# LJ cutoff (Angstrom):  13.6
# LJ cutoff (sigma):     4
# Temperature (K):       144
# Number MC steps:       5e+06
# Output frequency:      20000
# Num. den. (atoms/Ang): 0.0152656
# Box length (x):        31.9952
# Box length (y):        31.9952
# Box length (z):        31.9952
# Init. spacing (Ang):   3.55502
# reduc. density (rho*): 0.6
# reduc. temp (T*):      1.2
Step:  19999      NAcc:  10001      fAcc:  0.500      Maxd:  1.28692    E*/N:  -3.96336   P*:     nan        P*cold: nan        Mu*_xs: -0.00000   Cv*/N_xs:  0.00000         E(kJ/mol): -3.953     P(bar):    1.780     
Step:  39999      NAcc:  19997      fAcc:  0.500      Maxd:  0.48410    E*/N:  -4.18815   P*:     nan        P*cold: nan        Mu*_xs: -0.00000   Cv*/N_xs:  0.00000         E(kJ/mol): -4.177     P(bar):    0.759     
Step:  59999      NAcc:  29997      fAcc:  0.500      Maxd:  0.28149    E*/N:  -4.24044   P*:     nan        P*cold: nan        Mu*_xs: -0.00000   Cv*/N_xs:  0.00000         E(kJ/mol): -4.229     P(bar):    0.405     
Step:  79999      NAcc:  40000      fAcc:  0.500      Maxd:  2.38842    E*/N:  -4.21237   P*:     nan        P*cold: nan        Mu*_xs: -0.00000   Cv*/N_xs:  0.00000         E(kJ/mol): -4.201     P(bar):    0.250     
Step:  99999      NAcc:  49999      fAcc:  0.500      Maxd:  0.32920    E*/N:  -4.18856   P*:     nan        P*cold: nan        Mu*_xs: -0.00000   Cv*/N_xs:  0.00000         E(kJ/mol): -4.178     P(bar):    0.388     
Step:  119999     NAcc:  60000      fAcc:  0.500      Maxd:  3.80944    E*/N:  -4.15343   P*:     nan        P*cold: nan        Mu*_xs: -0.00000   Cv*/N_xs:  0.00000         E(kJ/mol): -4.143     P(bar):    0.436     
Step:  139999     NAcc:  69998      fAcc:  0.500      Maxd:  0.26662    E*/N:  -4.12680   P*:     nan        P*cold: nan        Mu*_xs: -0.00000   Cv*/N_xs:  0.00000         E(kJ/mol): -4.116     P(bar):    0.461     
Step:  159999     NAcc:  80002      fAcc:  0.500      Maxd:  0.55662    E*/N:  -4.09691   P*:     nan        P*cold: nan        Mu*_xs: -0.00000   Cv*/N_xs:  0.00000         E(kJ/mol): -4.086     P(bar):    0.296     
Step:  179999     NAcc:  90000      fAcc:  0.500      Maxd:  0.29896    E*/N:  -4.07891   P*:     nan        P*cold: nan        Mu*_xs: -0.00000   Cv*/N_xs:  0.00000         E(kJ/mol): -4.068     P(bar):    0.495     
Step:  199999     NAcc:  100001     fAcc:  0.500      Maxd:  0.45751    E*/N:  -4.12960   P*:     nan        P*cold: nan        Mu*_xs: -0.00000   Cv*/N_xs:  0.00000         E(kJ/mol): -4.119     P(bar):    0.209     
Step:  219999     NAcc:  110000     fAcc:  0.500      Maxd:  0.28230    E*/N:  -4.09683   P*:     nan        P*cold: nan        Mu*_xs: -0.00000   Cv*/N_xs:  0.00000         E(kJ/mol): -4.086     P(bar):    0.284     
Step:  239999     NAcc:  120002     fAcc:  0.500      Maxd:  0.90805    E*/N:  -4.10084   P*:     nan        P*cold: nan        Mu*_xs: -0.00000   Cv*/N_xs:  0.00000         E(kJ/mol): -4.090     P(bar):    0.128     
Step:  259999     NAcc:  130000     fAcc:  0.500      Maxd:  0.27609    E*/N:  -4.06938   P*:     nan        P*cold: nan        Mu*_xs: -0.00000   Cv*/N_xs:  0.00000         E(kJ/mol): -4.059     P(bar):    0.175     
Step:  279999     NAcc:  140001     fAcc:  0.500      Maxd:  0.40684    E*/N:  -4.07008   P*:     nan        P*cold: nan        Mu*_xs: -0.00000   Cv*/N_xs:  0.00000         E(kJ/mol): -4.059     P(bar):    0.276     
Step:  299999     NAcc:  150000     fAcc:  0.500      Maxd:  0.29853    E*/N:  -4.03921   P*:     nan        P*cold: nan        Mu*_xs: -0.00000   Cv*/N_xs:  0.00000         E(kJ/mol): -4.029     P(bar):    0.215     
Step:  319999     NAcc:  159999     fAcc:  0.500      Maxd:  0.78730    E*/N:  -4.02831   P*:     nan        P*cold: nan        Mu*_xs: -0.00000   Cv*/N_xs:  0.00000         E(kJ/mol): -4.018     P(bar):    0.225     
Step:  339999     NAcc:  169999     fAcc:  0.500      Maxd:  0.31317    E*/N:  -4.03365   P*:     nan        P*cold: nan        Mu*_xs: -0.00000   Cv*/N_xs:  0.00000         E(kJ/mol): -4.023     P(bar):    0.272     
Step:  359999     NAcc:  180001     fAcc:  0.500      Maxd:  0.45392    E*/N:  -3.96567   P*:     nan        P*cold: nan        Mu*_xs: -0.00000   Cv*/N_xs:  0.00000         E(kJ/mol): -3.955     P(bar):    0.373     
Step:  379999     NAcc:  190000     fAcc:  0.500      Maxd:  0.26713    E*/N:  -4.00924   P*:     nan        P*cold: nan        Mu*_xs: -0.00000   Cv*/N_xs:  0.00000         E(kJ/mol): -3.999     P(bar):    0.346     
Step:  399999     NAcc:  199998     fAcc:  0.500      Maxd:  0.31657    E*/N:  -3.92554   P*:     nan        P*cold: nan        Mu*_xs: -0.00000   Cv*/N_xs:  0.00000         E(kJ/mol): -3.915     P(bar):    0.571     
Step:  419999     NAcc:  210001     fAcc:  0.500      Maxd:  1.34396    E*/N:  -4.03657   P*:     nan        P*cold: nan        Mu*_xs: -0.00000   Cv*/N_xs:  0.00000         E(kJ/mol): -4.026     P(bar):    0.207     
Step:  439999     NAcc:  220001     fAcc:  0.500      Maxd:  1.78449    E*/N:  -4.03753   P*:     nan        P*cold: nan        Mu*_xs: -0.00000   Cv*/N_xs:  0.00000         E(kJ/mol): -4.027     P(bar):    0.165     
Step:  459999     NAcc:  229999     fAcc:  0.500      Maxd:  0.47679    E*/N:  -4.01462   P*:     nan        P*cold: nan        Mu*_xs: -0.00000   Cv*/N_xs:  0.00000         E(kJ/mol): -4.004     P(bar):    0.130     
Step:  479999     NAcc:  240000     fAcc:  0.500      Maxd:  0.28285    E*/N:  -3.94208   P*:     nan        P*cold: nan        Mu*_xs: -0.00000   Cv*/N_xs:  0.00000         E(kJ/mol): -3.932     P(bar):    0.372     
Step:  499999     NAcc:  250002     fAcc:  0.500      Maxd:  2.45652    E*/N:  -3.88352   P*:     nan        P*cold: nan        Mu*_xs: -0.00000   Cv*/N_xs:  0.00000         E(kJ/mol): -3.873     P(bar):    0.549     
Step:  519999     NAcc:  260002     fAcc:  0.500      Maxd:  1.18825    E*/N:  -3.97149   P*:     nan        P*cold: nan        Mu*_xs: -0.00000   Cv*/N_xs:  0.00000         E(kJ/mol): -3.961     P(bar):    0.273     
Step:  539999     NAcc:  270001     fAcc:  0.500      Maxd:  1.27235    E*/N:  -3.96835   P*:     nan        P*cold: nan        Mu*_xs: -0.00000   Cv*/N_xs:  0.00000         E(kJ/mol): -3.958     P(bar):    0.347     
Step:  559999     NAcc:  280001     fAcc:  0.500      Maxd:  0.78449    E*/N:  -4.01058   P*:     nan        P*cold: nan        Mu*_xs: -0.00000   Cv*/N_xs:  0.00000         E(kJ/mol): -4.000     P(bar):    0.299     
Step:  579999     NAcc:  290001     fAcc:  0.500      Maxd:  0.40551    E*/N:  -3.98172   P*:     nan        P*cold: nan        Mu*_xs: -0.00000   Cv*/N_xs:  0.00000         E(kJ/mol): -3.971     P(bar):    0.261     
Step:  599999     NAcc:  299999     fAcc:  0.500      Maxd:  1.35870    E*/N:  -4.02342   P*:     nan        P*cold: nan        Mu*_xs: -0.00000   Cv*/N_xs:  0.00000         E(kJ/mol): -4.013     P(bar):    0.089     
Step:  619999     NAcc:  310000     fAcc:  0.500      Maxd:  3.23028    E*/N:  -4.05449   P*:     nan        P*cold: nan        Mu*_xs: -0.00000   Cv*/N_xs:  0.00000         E(kJ/mol): -4.044     P(bar):    0.221     
Step:  639999     NAcc:  320001     fAcc:  0.500      Maxd:  0.39244    E*/N:  -4.00187   P*:     nan        P*cold: nan        Mu*_xs: -0.00000   Cv*/N_xs:  0.00000         E(kJ/mol): -3.991     P(bar):    0.173     
Step:  659999     NAcc:  330001     fAcc:  0.500      Maxd:  0.38197    E*/N:  -4.03062   P*:     nan        P*cold: nan        Mu*_xs: -0.00000   Cv*/N_xs:  0.00000         E(kJ/mol): -4.020     P(bar):    0.115     
Step:  679999     NAcc:  340001     fAcc:  0.500      Maxd:  0.66022    E*/N:  -4.02142   P*:     nan        P*cold: nan        Mu*_xs: -0.00000   Cv*/N_xs:  0.00000         E(kJ/mol): -4.011     P(bar):    0.193     
Step:  699999     NAcc:  350000     fAcc:  0.500      Maxd:  4.82755    E*/N:  -4.02451   P*:     nan        P*cold: nan        Mu*_xs: -0.00000   Cv*/N_xs:  0.00000         E(kJ/mol): -4.014     P(bar):    0.059     
Step:  719999     NAcc:  360001     fAcc:  0.500      Maxd:  1.67110    E*/N:  -4.02009   P*:     nan        P*cold: nan        Mu*_xs: -0.00000   Cv*/N_xs:  0.00000         E(kJ/mol): -4.010     P(bar):    0.209     
Step:  739999     NAcc:  370001     fAcc:  0.500      Maxd:  1.48779    E*/N:  -4.03188   P*:     nan        P*cold: nan        Mu*_xs: -0.00000   Cv*/N_xs:  0.00000         E(kJ/mol): -4.021     P(bar):    0.261     
Step:  759999     NAcc:  379998     fAcc:  0.500      Maxd:  0.31327    E*/N:  -4.11144   P*:     nan        P*cold: nan        Mu*_xs: -0.00000   Cv*/N_xs:  0.00000         E(kJ/mol): -4.101     P(bar):    -0.084    
Step:  779999     NAcc:  390001     fAcc:  0.500      Maxd:  0.40689    E*/N:  -4.02346   P*:     nan        P*cold: nan        Mu*_xs: -0.00000   Cv*/N_xs:  0.00000         E(kJ/mol): -4.013     P(bar):    0.217     
Step:  799999     NAcc:  400001     fAcc:  0.500      Maxd:  0.45407    E*/N:  -4.07276   P*:     nan        P*cold: nan        Mu*_xs: -0.00000   Cv*/N_xs:  0.00000         E(kJ/mol): -4.062     P(bar):    0.136     
Step:  819999     NAcc:  410000     fAcc:  0.500      Maxd:  0.39664    E*/N:  -4.04766   P*:     nan        P*cold: nan        Mu*_xs: -0.00000   Cv*/N_xs:  0.00000         E(kJ/mol): -4.037     P(bar):    0.164     
Step:  839999     NAcc:  420000     fAcc:  0.500      Maxd:  0.37099    E*/N:  -4.01411   P*:     nan        P*cold: nan        Mu*_xs: -0.00000   Cv*/N_xs:  0.00000         E(kJ/mol): -4.004     P(bar):    0.238     
Step:  859999     NAcc:  429999     fAcc:  0.500      Maxd:  0.27373    E*/N:  -4.03043   P*:     nan        P*cold: nan        Mu*_xs: -0.00000   Cv*/N_xs:  0.00000         E(kJ/mol): -4.020     P(bar):    0.216     
Step:  879999     NAcc:  440002     fAcc:  0.500      Maxd:  1.45625    E*/N:  -4.06787   P*:     nan        P*cold: nan        Mu*_xs: -0.00000   Cv*/N_xs:  0.00000         E(kJ/mol): -4.057     P(bar):    0.209     
Step:  899999     NAcc:  449997     fAcc:  0.500      Maxd:  0.26757    E*/N:  -3.99948   P*:     nan        P*cold: nan        Mu*_xs: -0.00000   Cv*/N_xs:  0.00000         E(kJ/mol): -3.989     P(bar):    0.489     
Step:  919999     NAcc:  459999     fAcc:  0.500      Maxd:  0.51353    E*/N:  -4.02259   P*:     nan        P*cold: nan        Mu*_xs: -0.00000   Cv*/N_xs:  0.00000         E(kJ/mol): -4.012     P(bar):    0.197     
Step:  939999     NAcc:  470002     fAcc:  0.500      Maxd:  0.54576    E*/N:  -4.03557   P*:     nan        P*cold: nan        Mu*_xs: -0.00000   Cv*/N_xs:  0.00000         E(kJ/mol): -4.025     P(bar):    -0.060    
Step:  959999     NAcc:  479999     fAcc:  0.500      Maxd:  0.58600    E*/N:  -4.02288   P*:     nan        P*cold: nan        Mu*_xs: -0.00000   Cv*/N_xs:  0.00000         E(kJ/mol): -4.012     P(bar):    0.045     
Step:  979999     NAcc:  489998     fAcc:  0.500      Maxd:  0.31703    E*/N:  -4.05997   P*:     nan        P*cold: nan        Mu*_xs: -0.00000   Cv*/N_xs:  0.00000         E(kJ/mol): -4.049     P(bar):    0.049     
Step:  999999     NAcc:  499997     fAcc:  0.500      Maxd:  0.30193    E*/N:  -3.97340   P*:     nan        P*cold: nan        Mu*_xs: -0.00000   Cv*/N_xs:  0.00000         E(kJ/mol): -3.963     P(bar):    0.369     
Step:  1019999    NAcc:  509999     fAcc:  0.500      Maxd:  0.28610    E*/N:  -4.02116   P*:     nan        P*cold: nan        Mu*_xs: -0.00000   Cv*/N_xs:  0.00000         E(kJ/mol): -4.011     P(bar):    0.169     
Step:  1039999    NAcc:  520000     fAcc:  0.500      Maxd:  0.62892    E*/N:  -4.05061   P*:     nan        P*cold: nan        Mu*_xs: -0.00000   Cv*/N_xs:  0.00000         E(kJ/mol): -4.040     P(bar):    0.029     
Step:  1059999    NAcc:  530000     fAcc:  0.500      Maxd:  0.29714    E*/N:  -4.00235   P*:     nan        P*cold: nan        Mu*_xs: -0.00000   Cv*/N_xs:  0.00000         E(kJ/mol): -3.992     P(bar):    0.293     
Step:  1079999    NAcc:  540000     fAcc:  0.500      Maxd:  0.28612    E*/N:  -4.00957   P*:     nan        P*cold: nan        Mu*_xs: -0.00000   Cv*/N_xs:  0.00000         E(kJ/mol): -3.999     P(bar):    0.048     
Step:  1099999    NAcc:  549997     fAcc:  0.500      Maxd:  0.28157    E*/N:  -3.94347   P*:     nan        P*cold: nan        Mu*_xs: -0.00000   Cv*/N_xs:  0.00000         E(kJ/mol): -3.933     P(bar):    0.317     
Step:  1119999    NAcc:  560002     fAcc:  0.500      Maxd:  1.78811    E*/N:  -4.00790   P*:     nan        P*cold: nan        Mu*_xs: -0.00000   Cv*/N_xs:  0.00000         E(kJ/mol): -3.997     P(bar):    0.141     
Step:  1139999    NAcc:  569999     fAcc:  0.500      Maxd:  0.45385    E*/N:  -3.97072   P*:     nan        P*cold: nan        Mu*_xs: -0.00000   Cv*/N_xs:  0.00000         E(kJ/mol): -3.960     P(bar):    0.252     
Step:  1159999    NAcc:  580000     fAcc:  0.500      Maxd:  1.24864    E*/N:  -4.06970   P*:     nan        P*cold: nan        Mu*_xs: -0.00000   Cv*/N_xs:  0.00000         E(kJ/mol): -4.059     P(bar):    -0.113    
Step:  1179999    NAcc:  589998     fAcc:  0.500      Maxd:  0.41828    E*/N:  -3.96590   P*:     nan        P*cold: nan        Mu*_xs: -0.00000   Cv*/N_xs:  0.00000         E(kJ/mol): -3.956     P(bar):    0.274     
Step:  1199999    NAcc:  600000     fAcc:  0.500      Maxd:  0.29289    E*/N:  -4.02255   P*:     nan        P*cold: nan        Mu*_xs: -0.00000   Cv*/N_xs:  0.00000         E(kJ/mol): -4.012     P(bar):    0.155     
Step:  1219999    NAcc:  610003     fAcc:  0.500      Maxd:  1.33372    E*/N:  -3.97948   P*:     nan        P*cold: nan        Mu*_xs: -0.00000   Cv*/N_xs:  0.00000         E(kJ/mol): -3.969     P(bar):    0.227     
Step:  1239999    NAcc:  620000     fAcc:  0.500      Maxd:  1.02508    E*/N:  -3.93516   P*:     nan        P*cold: nan        Mu*_xs: -0.00000   Cv*/N_xs:  0.00000         E(kJ/mol): -3.925     P(bar):    0.368     
Step:  1259999    NAcc:  630001     fAcc:  0.500      Maxd:  0.39144    E*/N:  -4.04315   P*:     nan        P*cold: nan        Mu*_xs: -0.00000   Cv*/N_xs:  0.00000         E(kJ/mol): -4.033     P(bar):    0.099     
Step:  1279999    NAcc:  640001     fAcc:  0.500      Maxd:  2.37330    E*/N:  -4.02993   P*:     nan        P*cold: nan        Mu*_xs: -0.00000   Cv*/N_xs:  0.00000         E(kJ/mol): -4.019     P(bar):    0.164     
Step:  1299999    NAcc:  650000     fAcc:  0.500      Maxd:  1.56999    E*/N:  -4.03596   P*:     nan        P*cold: nan        Mu*_xs: -0.00000   Cv*/N_xs:  0.00000         E(kJ/mol): -4.025     P(bar):    0.169     
Step:  1319999    NAcc:  659999     fAcc:  0.500      Maxd:  0.26281    E*/N:  -3.97292   P*:     nan        P*cold: nan        Mu*_xs: -0.00000   Cv*/N_xs:  0.00000         E(kJ/mol): -3.963     P(bar):    0.294     
Step:  1339999    NAcc:  669999     fAcc:  0.500      Maxd:  0.55433    E*/N:  -4.01496   P*:     nan        P*cold: nan        Mu*_xs: -0.00000   Cv*/N_xs:  0.00000         E(kJ/mol): -4.004     P(bar):    0.354     
Step:  1359999    NAcc:  679999     fAcc:  0.500      Maxd:  1.17923    E*/N:  -4.07684   P*:     nan        P*cold: nan        Mu*_xs: -0.00000   Cv*/N_xs:  0.00000         E(kJ/mol): -4.066     P(bar):    0.125     
Step:  1379999    NAcc:  689998     fAcc:  0.500      Maxd:  0.29773    E*/N:  -4.06276   P*:     nan        P*cold: nan        Mu*_xs: -0.00000   Cv*/N_xs:  0.00000         E(kJ/mol): -4.052     P(bar):    0.139     
Step:  1399999    NAcc:  699998     fAcc:  0.500      Maxd:  0.26661    E*/N:  -4.02910   P*:     nan        P*cold: nan        Mu*_xs: -0.00000   Cv*/N_xs:  0.00000         E(kJ/mol): -4.019     P(bar):    0.332     
Step:  1419999    NAcc:  709999     fAcc:  0.500      Maxd:  0.25898    E*/N:  -4.03736   P*:     nan        P*cold: nan        Mu*_xs: -0.00000   Cv*/N_xs:  0.00000         E(kJ/mol): -4.027     P(bar):    0.221     
Step:  1439999    NAcc:  719998     fAcc:  0.500      Maxd:  0.31866    E*/N:  -4.03926   P*:     nan        P*cold: nan        Mu*_xs: -0.00000   Cv*/N_xs:  0.00000         E(kJ/mol): -4.029     P(bar):    0.130     
Step:  1459999    NAcc:  730002     fAcc:  0.500      Maxd:  0.80878    E*/N:  -4.14095   P*:     nan        P*cold: nan        Mu*_xs: -0.00000   Cv*/N_xs:  0.00000         E(kJ/mol): -4.130     P(bar):    -0.022    
Step:  1479999    NAcc:  740001     fAcc:  0.500      Maxd:  0.45969    E*/N:  -4.02751   P*:     nan        P*cold: nan        Mu*_xs: -0.00000   Cv*/N_xs:  0.00000         E(kJ/mol): -4.017     P(bar):    0.095     
Step:  1499999    NAcc:  749998     fAcc:  0.500      Maxd:  0.29605    E*/N:  -4.09091   P*:     nan        P*cold: nan        Mu*_xs: -0.00000   Cv*/N_xs:  0.00000         E(kJ/mol): -4.080     P(bar):    -0.033    
Step:  1519999    NAcc:  759999     fAcc:  0.500      Maxd:  0.29288    E*/N:  -4.07174   P*:     nan        P*cold: nan        Mu*_xs: -0.00000   Cv*/N_xs:  0.00000         E(kJ/mol): -4.061     P(bar):    0.017     
Step:  1539999    NAcc:  770000     fAcc:  0.500      Maxd:  0.27740    E*/N:  -4.02788   P*:     nan        P*cold: nan        Mu*_xs: -0.00000   Cv*/N_xs:  0.00000         E(kJ/mol): -4.017     P(bar):    -0.008    
Step:  1559999    NAcc:  779998     fAcc:  0.500      Maxd:  0.61917    E*/N:  -3.95260   P*:     nan        P*cold: nan        Mu*_xs: -0.00000   Cv*/N_xs:  0.00000         E(kJ/mol): -3.942     P(bar):    0.304     
Step:  1579999    NAcc:  790000     fAcc:  0.500      Maxd:  0.27327    E*/N:  -4.02521   P*:     nan        P*cold: nan        Mu*_xs: -0.00000   Cv*/N_xs:  0.00000         E(kJ/mol): -4.015     P(bar):    0.255     
Step:  1599999    NAcc:  799999     fAcc:  0.500      Maxd:  0.27211    E*/N:  -3.99815   P*:     nan        P*cold: nan        Mu*_xs: -0.00000   Cv*/N_xs:  0.00000         E(kJ/mol): -3.988     P(bar):    0.228     
Step:  1619999    NAcc:  810002     fAcc:  0.500      Maxd:  1.27755    E*/N:  -3.96392   P*:     nan        P*cold: nan        Mu*_xs: -0.00000   Cv*/N_xs:  0.00000         E(kJ/mol): -3.954     P(bar):    0.385     
Step:  1639999    NAcc:  820000     fAcc:  0.500      Maxd:  0.27117    E*/N:  -3.98231   P*:     nan        P*cold: nan        Mu*_xs: -0.00000   Cv*/N_xs:  0.00000         E(kJ/mol): -3.972     P(bar):    0.164     
Step:  1659999    NAcc:  829998     fAcc:  0.500      Maxd:  0.26480    E*/N:  -4.10706   P*:     nan        P*cold: nan        Mu*_xs: -0.00000   Cv*/N_xs:  0.00000         E(kJ/mol): -4.096     P(bar):    -0.000    
Step:  1679999    NAcc:  839997     fAcc:  0.500      Maxd:  0.30012    E*/N:  -3.98869   P*:     nan        P*cold: nan        Mu*_xs: -0.00000   Cv*/N_xs:  0.00000         E(kJ/mol): -3.978     P(bar):    0.099     
Step:  1699999    NAcc:  849997     fAcc:  0.500      Maxd:  0.28361    E*/N:  -4.02698   P*:     nan        P*cold: nan        Mu*_xs: -0.00000   Cv*/N_xs:  0.00000         E(kJ/mol): -4.016     P(bar):    0.130     
Step:  1719999    NAcc:  859999     fAcc:  0.500      Maxd:  0.41856    E*/N:  -4.07547   P*:     nan        P*cold: nan        Mu*_xs: -0.00000   Cv*/N_xs:  0.00000         E(kJ/mol): -4.065     P(bar):    0.220     
Step:  1739999    NAcc:  869997     fAcc:  0.500      Maxd:  0.61957    E*/N:  -4.07185   P*:     nan        P*cold: nan        Mu*_xs: -0.00000   Cv*/N_xs:  0.00000         E(kJ/mol): -4.061     P(bar):    -0.089    
Step:  1759999    NAcc:  879999     fAcc:  0.500      Maxd:  0.70205    E*/N:  -4.02783   P*:     nan        P*cold: nan        Mu*_xs: -0.00000   Cv*/N_xs:  0.00000         E(kJ/mol): -4.017     P(bar):    0.156     
Step:  1779999    NAcc:  889999     fAcc:  0.500      Maxd:  0.48511    E*/N:  -3.98263   P*:     nan        P*cold: nan        Mu*_xs: -0.00000   Cv*/N_xs:  0.00000         E(kJ/mol): -3.972     P(bar):    0.246     
Step:  1799999    NAcc:  900000     fAcc:  0.500      Maxd:  0.40013    E*/N:  -4.05882   P*:     nan        P*cold: nan        Mu*_xs: -0.00000   Cv*/N_xs:  0.00000         E(kJ/mol): -4.048     P(bar):    0.215     
Step:  1819999    NAcc:  909999     fAcc:  0.500      Maxd:  0.26556    E*/N:  -4.01441   P*:     nan        P*cold: nan        Mu*_xs: -0.00000   Cv*/N_xs:  0.00000         E(kJ/mol): -4.004     P(bar):    0.227     
Step:  1839999    NAcc:  920001     fAcc:  0.500      Maxd:  0.56167    E*/N:  -4.01670   P*:     nan        P*cold: nan        Mu*_xs: -0.00000   Cv*/N_xs:  0.00000         E(kJ/mol): -4.006     P(bar):    0.222     
Step:  1859999    NAcc:  929999     fAcc:  0.500      Maxd:  0.91741    E*/N:  -4.03958   P*:     nan        P*cold: nan        Mu*_xs: -0.00000   Cv*/N_xs:  0.00000         E(kJ/mol): -4.029     P(bar):    0.180     
Step:  1879999    NAcc:  940001     fAcc:  0.500      Maxd:  0.55014    E*/N:  -3.99486   P*:     nan        P*cold: nan        Mu*_xs: -0.00000   Cv*/N_xs:  0.00000         E(kJ/mol): -3.984     P(bar):    0.172     
Step:  1899999    NAcc:  949999     fAcc:  0.500      Maxd:  0.26678    E*/N:  -4.03095   P*:     nan        P*cold: nan        Mu*_xs: -0.00000   Cv*/N_xs:  0.00000         E(kJ/mol): -4.020     P(bar):    0.165     
Step:  1919999    NAcc:  960000     fAcc:  0.500      Maxd:  1.06888    E*/N:  -4.06078   P*:     nan        P*cold: nan        Mu*_xs: -0.00000   Cv*/N_xs:  0.00000         E(kJ/mol): -4.050     P(bar):    0.231     
Step:  1939999    NAcc:  970002     fAcc:  0.500      Maxd:  0.87199    E*/N:  -4.00792   P*:     nan        P*cold: nan        Mu*_xs: -0.00000   Cv*/N_xs:  0.00000         E(kJ/mol): -3.997     P(bar):    0.251     
Step:  1959999    NAcc:  979999     fAcc:  0.500      Maxd:  0.28688    E*/N:  -4.08256   P*:     nan        P*cold: nan        Mu*_xs: -0.00000   Cv*/N_xs:  0.00000         E(kJ/mol): -4.072     P(bar):    0.019     
Step:  1979999    NAcc:  990000     fAcc:  0.500      Maxd:  0.28389    E*/N:  -3.99898   P*:     nan        P*cold: nan        Mu*_xs: -0.00000   Cv*/N_xs:  0.00000         E(kJ/mol): -3.989     P(bar):    0.248     
Step:  1999999    NAcc:  1000001    fAcc:  0.500      Maxd:  0.38525    E*/N:  -4.09650   P*:     nan        P*cold: nan        Mu*_xs: -0.00000   Cv*/N_xs:  0.00000         E(kJ/mol): -4.086     P(bar):    0.015     
Step:  2019999    NAcc:  1010001    fAcc:  0.500      Maxd:  0.55089    E*/N:  -4.05431   P*:     0.26738    P*cold: -0.45262   Mu*_xs: -2.78402   Cv*/N_xs:  0.32791         E(kJ/mol): -4.044     P(bar):    0.389     
Step:  2039999    NAcc:  1019998    fAcc:  0.500      Maxd:  0.56204    E*/N:  -4.07818   P*:     0.28957    P*cold: -0.43043   Mu*_xs: -2.82167   Cv*/N_xs:  0.41386         E(kJ/mol): -4.067     P(bar):    0.205     
Step:  2059999    NAcc:  1029999    fAcc:  0.500      Maxd:  0.28799    E*/N:  -4.09151   P*:     0.29127    P*cold: -0.42873   Mu*_xs: -2.79939   Cv*/N_xs:  0.42538         E(kJ/mol): -4.081     P(bar):    -0.016    
Step:  2079999    NAcc:  1040000    fAcc:  0.500      Maxd:  0.27447    E*/N:  -4.03061   P*:     0.28351    P*cold: -0.43649   Mu*_xs: -2.79890   Cv*/N_xs:  0.61941         E(kJ/mol): -4.020     P(bar):    0.270     
Step:  2099999    NAcc:  1050000    fAcc:  0.500      Maxd:  0.27461    E*/N:  -4.06398   P*:     0.26941    P*cold: -0.45059   Mu*_xs: -2.78711   Cv*/N_xs:  0.60571         E(kJ/mol): -4.053     P(bar):    0.178     
Step:  2119999    NAcc:  1059999    fAcc:  0.500      Maxd:  0.65995    E*/N:  -4.08659   P*:     0.26326    P*cold: -0.45674   Mu*_xs: -2.74281   Cv*/N_xs:  0.60697         E(kJ/mol): -4.076     P(bar):    -0.043    
Step:  2139999    NAcc:  1069999    fAcc:  0.500      Maxd:  1.02348    E*/N:  -4.02804   P*:     0.25997    P*cold: -0.46003   Mu*_xs: -2.73969   Cv*/N_xs:  0.66649         E(kJ/mol): -4.017     P(bar):    0.151     
Step:  2159999    NAcc:  1080000    fAcc:  0.500      Maxd:  0.30570    E*/N:  -4.06387   P*:     0.24211    P*cold: -0.47789   Mu*_xs: -2.70978   Cv*/N_xs:  0.62643         E(kJ/mol): -4.053     P(bar):    0.229     
Step:  2179999    NAcc:  1090000    fAcc:  0.500      Maxd:  0.28202    E*/N:  -4.05697   P*:     0.24727    P*cold: -0.47273   Mu*_xs: -2.69723   Cv*/N_xs:  0.61827         E(kJ/mol): -4.046     P(bar):    0.272     
Step:  2199999    NAcc:  1099997    fAcc:  0.500      Maxd:  0.28622    E*/N:  -3.98153   P*:     0.26305    P*cold: -0.45695   Mu*_xs: -2.67825   Cv*/N_xs:  0.58949         E(kJ/mol): -3.971     P(bar):    0.411     
Step:  2219999    NAcc:  1110002    fAcc:  0.500      Maxd:  0.91789    E*/N:  -4.04566   P*:     0.26567    P*cold: -0.45433   Mu*_xs: -2.67823   Cv*/N_xs:  0.56105         E(kJ/mol): -4.035     P(bar):    0.329     
Step:  2239999    NAcc:  1119998    fAcc:  0.500      Maxd:  0.30108    E*/N:  -4.12021   P*:     0.27068    P*cold: -0.44932   Mu*_xs: -2.67924   Cv*/N_xs:  0.60566         E(kJ/mol): -4.109     P(bar):    0.219     
Step:  2259999    NAcc:  1130001    fAcc:  0.500      Maxd:  0.57596    E*/N:  -4.10611   P*:     0.27149    P*cold: -0.44851   Mu*_xs: -2.68814   Cv*/N_xs:  0.64770         E(kJ/mol): -4.095     P(bar):    0.152     
Step:  2279999    NAcc:  1140000    fAcc:  0.500      Maxd:  1.45818    E*/N:  -4.07437   P*:     0.27130    P*cold: -0.44870   Mu*_xs: -2.69124   Cv*/N_xs:  0.66386         E(kJ/mol): -4.064     P(bar):    0.236     
Step:  2299999    NAcc:  1150001    fAcc:  0.500      Maxd:  1.94733    E*/N:  -4.11836   P*:     0.26960    P*cold: -0.45040   Mu*_xs: -2.70183   Cv*/N_xs:  0.69963         E(kJ/mol): -4.108     P(bar):    0.164     
Step:  2319999    NAcc:  1160000    fAcc:  0.500      Maxd:  1.02259    E*/N:  -4.00148   P*:     0.27071    P*cold: -0.44929   Mu*_xs: -2.71861   Cv*/N_xs:  0.69567         E(kJ/mol): -3.991     P(bar):    0.329     
Step:  2339999    NAcc:  1170001    fAcc:  0.500      Maxd:  0.62735    E*/N:  -3.99972   P*:     0.27317    P*cold: -0.44683   Mu*_xs: -2.71851   Cv*/N_xs:  0.68510         E(kJ/mol): -3.989     P(bar):    0.337     
Step:  2359999    NAcc:  1179998    fAcc:  0.500      Maxd:  0.30376    E*/N:  -3.98276   P*:     0.27912    P*cold: -0.44088   Mu*_xs: -2.71434   Cv*/N_xs:  0.78308         E(kJ/mol): -3.972     P(bar):    0.236     
Step:  2379999    NAcc:  1189999    fAcc:  0.500      Maxd:  0.55007    E*/N:  -3.99103   P*:     0.27541    P*cold: -0.44459   Mu*_xs: -2.71969   Cv*/N_xs:  0.82920         E(kJ/mol): -3.981     P(bar):    0.190     
Step:  2399999    NAcc:  1200000    fAcc:  0.500      Maxd:  0.51579    E*/N:  -4.05523   P*:     0.27163    P*cold: -0.44837   Mu*_xs: -2.72642   Cv*/N_xs:  0.81109         E(kJ/mol): -4.045     P(bar):    0.106     
Step:  2419999    NAcc:  1210001    fAcc:  0.500      Maxd:  0.37867    E*/N:  -4.05530   P*:     0.27340    P*cold: -0.44660   Mu*_xs: -2.72384   Cv*/N_xs:  0.83602         E(kJ/mol): -4.045     P(bar):    0.160     
Step:  2439999    NAcc:  1219999    fAcc:  0.500      Maxd:  0.26100    E*/N:  -4.02389   P*:     0.27222    P*cold: -0.44778   Mu*_xs: -2.72903   Cv*/N_xs:  0.82365         E(kJ/mol): -4.013     P(bar):    0.180     
Step:  2459999    NAcc:  1230000    fAcc:  0.500      Maxd:  0.29686    E*/N:  -4.03849   P*:     0.26981    P*cold: -0.45019   Mu*_xs: -2.72625   Cv*/N_xs:  0.85315         E(kJ/mol): -4.028     P(bar):    0.157     
Step:  2479999    NAcc:  1240000    fAcc:  0.500      Maxd:  2.42841    E*/N:  -3.92046   P*:     0.27591    P*cold: -0.44409   Mu*_xs: -2.73105   Cv*/N_xs:  0.88926         E(kJ/mol): -3.910     P(bar):    0.544     
Step:  2499999    NAcc:  1249999    fAcc:  0.500      Maxd:  0.31724    E*/N:  -4.03110   P*:     0.27399    P*cold: -0.44601   Mu*_xs: -2.73076   Cv*/N_xs:  0.89790         E(kJ/mol): -4.021     P(bar):    0.195     
Step:  2519999    NAcc:  1260000    fAcc:  0.500      Maxd:  0.29004    E*/N:  -4.07706   P*:     0.27033    P*cold: -0.44967   Mu*_xs: -2.72941   Cv*/N_xs:  0.87607         E(kJ/mol): -4.066     P(bar):    -0.024    
Step:  2539999    NAcc:  1270000    fAcc:  0.500      Maxd:  0.26744    E*/N:  -4.04293   P*:     0.26761    P*cold: -0.45239   Mu*_xs: -2.72760   Cv*/N_xs:  0.86330         E(kJ/mol): -4.032     P(bar):    0.157     
Step:  2559999    NAcc:  1280000    fAcc:  0.500      Maxd:  0.52669    E*/N:  -4.10443   P*:     0.26296    P*cold: -0.45704   Mu*_xs: -2.72764   Cv*/N_xs:  0.84944         E(kJ/mol): -4.094     P(bar):    -0.018    
Step:  2579999    NAcc:  1289999    fAcc:  0.500      Maxd:  0.31942    E*/N:  -4.04509   P*:     0.26302    P*cold: -0.45698   Mu*_xs: -2.73229   Cv*/N_xs:  0.85324         E(kJ/mol): -4.034     P(bar):    0.065     
Step:  2599999    NAcc:  1300000    fAcc:  0.500      Maxd:  0.31191    E*/N:  -4.01475   P*:     0.26058    P*cold: -0.45942   Mu*_xs: -2.72646   Cv*/N_xs:  0.84377         E(kJ/mol): -4.004     P(bar):    0.125     
Step:  2619999    NAcc:  1310001    fAcc:  0.500      Maxd:  1.30212    E*/N:  -4.07794   P*:     0.25630    P*cold: -0.46370   Mu*_xs: -2.72274   Cv*/N_xs:  0.83076         E(kJ/mol): -4.067     P(bar):    -0.022    
Step:  2639999    NAcc:  1320001    fAcc:  0.500      Maxd:  0.90721    E*/N:  -4.04096   P*:     0.25423    P*cold: -0.46577   Mu*_xs: -2.71872   Cv*/N_xs:  0.84768         E(kJ/mol): -4.030     P(bar):    0.029     
Step:  2659999    NAcc:  1330002    fAcc:  0.500      Maxd:  0.56062    E*/N:  -4.01811   P*:     0.24957    P*cold: -0.47043   Mu*_xs: -2.71497   Cv*/N_xs:  0.83818         E(kJ/mol): -4.008     P(bar):    0.110     
Step:  2679999    NAcc:  1340000    fAcc:  0.500      Maxd:  1.21461    E*/N:  -4.00630   P*:     0.24588    P*cold: -0.47412   Mu*_xs: -2.71840   Cv*/N_xs:  0.82463         E(kJ/mol): -3.996     P(bar):    0.118     
Step:  2699999    NAcc:  1350002    fAcc:  0.500      Maxd:  0.94128    E*/N:  -4.02656   P*:     0.24299    P*cold: -0.47701   Mu*_xs: -2.71620   Cv*/N_xs:  0.81479         E(kJ/mol): -4.016     P(bar):    0.104     
Step:  2719999    NAcc:  1360000    fAcc:  0.500      Maxd:  0.27751    E*/N:  -4.05753   P*:     0.24248    P*cold: -0.47752   Mu*_xs: -2.71962   Cv*/N_xs:  0.83802         E(kJ/mol): -4.047     P(bar):    -0.015    
Step:  2739999    NAcc:  1369998    fAcc:  0.500      Maxd:  0.72565    E*/N:  -3.94879   P*:     0.24338    P*cold: -0.47662   Mu*_xs: -2.71945   Cv*/N_xs:  0.87200         E(kJ/mol): -3.938     P(bar):    0.248     
Step:  2759999    NAcc:  1380002    fAcc:  0.500      Maxd:  0.81141    E*/N:  -4.03022   P*:     0.24307    P*cold: -0.47693   Mu*_xs: -2.72444   Cv*/N_xs:  0.86254         E(kJ/mol): -4.020     P(bar):    0.217     
Step:  2779999    NAcc:  1390001    fAcc:  0.500      Maxd:  1.90750    E*/N:  -4.01067   P*:     0.24117    P*cold: -0.47883   Mu*_xs: -2.72026   Cv*/N_xs:  0.85754         E(kJ/mol): -4.000     P(bar):    0.228     
Step:  2799999    NAcc:  1399999    fAcc:  0.500      Maxd:  0.58098    E*/N:  -3.94709   P*:     0.24226    P*cold: -0.47774   Mu*_xs: -2.72073   Cv*/N_xs:  0.87614         E(kJ/mol): -3.937     P(bar):    0.365     
Step:  2819999    NAcc:  1409999    fAcc:  0.500      Maxd:  0.28571    E*/N:  -3.99227   P*:     0.24274    P*cold: -0.47726   Mu*_xs: -2.72101   Cv*/N_xs:  0.87339         E(kJ/mol): -3.982     P(bar):    0.214     
Step:  2839999    NAcc:  1419999    fAcc:  0.500      Maxd:  0.95420    E*/N:  -3.98363   P*:     0.24304    P*cold: -0.47696   Mu*_xs: -2.72126   Cv*/N_xs:  0.87121         E(kJ/mol): -3.973     P(bar):    0.335     
Step:  2859999    NAcc:  1429999    fAcc:  0.500      Maxd:  0.29651    E*/N:  -4.01672   P*:     0.24579    P*cold: -0.47421   Mu*_xs: -2.72294   Cv*/N_xs:  0.86746         E(kJ/mol): -4.006     P(bar):    0.218     
Step:  2879999    NAcc:  1440000    fAcc:  0.500      Maxd:  0.31781    E*/N:  -4.05874   P*:     0.24884    P*cold: -0.47116   Mu*_xs: -2.72593   Cv*/N_xs:  0.86183         E(kJ/mol): -4.048     P(bar):    0.156     
Step:  2899999    NAcc:  1450000    fAcc:  0.500      Maxd:  0.28926    E*/N:  -3.96703   P*:     0.25130    P*cold: -0.46870   Mu*_xs: -2.73284   Cv*/N_xs:  0.85179         E(kJ/mol): -3.957     P(bar):    0.483     
Step:  2919999    NAcc:  1460000    fAcc:  0.500      Maxd:  0.93791    E*/N:  -4.02351   P*:     0.25391    P*cold: -0.46609   Mu*_xs: -2.73322   Cv*/N_xs:  0.85067         E(kJ/mol): -4.013     P(bar):    0.289     
Step:  2939999    NAcc:  1469996    fAcc:  0.500      Maxd:  0.30935    E*/N:  -3.99177   P*:     0.25326    P*cold: -0.46674   Mu*_xs: -2.73453   Cv*/N_xs:  0.84624         E(kJ/mol): -3.981     P(bar):    0.371     
Step:  2959999    NAcc:  1479999    fAcc:  0.500      Maxd:  0.63715    E*/N:  -3.95059   P*:     0.25534    P*cold: -0.46466   Mu*_xs: -2.73298   Cv*/N_xs:  0.83951         E(kJ/mol): -3.940     P(bar):    0.519     
Step:  2979999    NAcc:  1490001    fAcc:  0.500      Maxd:  1.18900    E*/N:  -4.04619   P*:     0.25717    P*cold: -0.46283   Mu*_xs: -2.73185   Cv*/N_xs:  0.83727         E(kJ/mol): -4.036     P(bar):    0.215     
Step:  2999999    NAcc:  1500001    fAcc:  0.500      Maxd:  1.43974    E*/N:  -4.01606   P*:     0.25876    P*cold: -0.46124   Mu*_xs: -2.72742   Cv*/N_xs:  0.82735         E(kJ/mol): -4.006     P(bar):    0.352     
Step:  3019999    NAcc:  1509999    fAcc:  0.500      Maxd:  0.25677    E*/N:  -3.99977   P*:     0.26139    P*cold: -0.45861   Mu*_xs: -2.73092   Cv*/N_xs:  0.81850         E(kJ/mol): -3.989     P(bar):    0.507     
Step:  3039999    NAcc:  1519999    fAcc:  0.500      Maxd:  0.26355    E*/N:  -4.07675   P*:     0.26453    P*cold: -0.45547   Mu*_xs: -2.73311   Cv*/N_xs:  0.80899         E(kJ/mol): -4.066     P(bar):    0.260     
Step:  3059999    NAcc:  1530001    fAcc:  0.500      Maxd:  0.39702    E*/N:  -4.05533   P*:     0.26520    P*cold: -0.45480   Mu*_xs: -2.73448   Cv*/N_xs:  0.80462         E(kJ/mol): -4.045     P(bar):    0.273     
Step:  3079999    NAcc:  1540000    fAcc:  0.500      Maxd:  0.43102    E*/N:  -4.00784   P*:     0.26438    P*cold: -0.45562   Mu*_xs: -2.73030   Cv*/N_xs:  0.79803         E(kJ/mol): -3.997     P(bar):    0.255     
Step:  3099999    NAcc:  1550000    fAcc:  0.500      Maxd:  1.19657    E*/N:  -3.97185   P*:     0.26618    P*cold: -0.45382   Mu*_xs: -2.72720   Cv*/N_xs:  0.80116         E(kJ/mol): -3.961     P(bar):    0.261     
Step:  3119999    NAcc:  1560000    fAcc:  0.500      Maxd:  1.01454    E*/N:  -3.96104   P*:     0.26656    P*cold: -0.45344   Mu*_xs: -2.72394   Cv*/N_xs:  0.80393         E(kJ/mol): -3.951     P(bar):    0.278     
Step:  3139999    NAcc:  1569998    fAcc:  0.500      Maxd:  1.00646    E*/N:  -4.03667   P*:     0.26435    P*cold: -0.45565   Mu*_xs: -2.72209   Cv*/N_xs:  0.80272         E(kJ/mol): -4.026     P(bar):    0.066     
Step:  3159999    NAcc:  1579999    fAcc:  0.500      Maxd:  0.26543    E*/N:  -4.00104   P*:     0.26186    P*cold: -0.45814   Mu*_xs: -2.72158   Cv*/N_xs:  0.80217         E(kJ/mol): -3.991     P(bar):    0.203     
Step:  3179999    NAcc:  1589999    fAcc:  0.500      Maxd:  0.26115    E*/N:  -4.01183   P*:     0.26030    P*cold: -0.45970   Mu*_xs: -2.71945   Cv*/N_xs:  0.80005         E(kJ/mol): -4.001     P(bar):    0.166     
Step:  3199999    NAcc:  1600000    fAcc:  0.500      Maxd:  0.78884    E*/N:  -4.02738   P*:     0.25858    P*cold: -0.46142   Mu*_xs: -2.71961   Cv*/N_xs:  0.79232         E(kJ/mol): -4.017     P(bar):    0.205     
Step:  3219999    NAcc:  1610002    fAcc:  0.500      Maxd:  0.56354    E*/N:  -3.97259   P*:     0.25873    P*cold: -0.46127   Mu*_xs: -2.71595   Cv*/N_xs:  0.78582         E(kJ/mol): -3.962     P(bar):    0.328     
Step:  3239999    NAcc:  1619999    fAcc:  0.500      Maxd:  0.31222    E*/N:  -4.06346   P*:     0.25672    P*cold: -0.46328   Mu*_xs: -2.71525   Cv*/N_xs:  0.78805         E(kJ/mol): -4.053     P(bar):    0.148     
Step:  3259999    NAcc:  1630001    fAcc:  0.500      Maxd:  0.39048    E*/N:  -4.01898   P*:     0.25578    P*cold: -0.46422   Mu*_xs: -2.71372   Cv*/N_xs:  0.78237         E(kJ/mol): -4.008     P(bar):    0.119     
Step:  3279999    NAcc:  1639999    fAcc:  0.500      Maxd:  0.25760    E*/N:  -4.05545   P*:     0.25494    P*cold: -0.46506   Mu*_xs: -2.71191   Cv*/N_xs:  0.78178         E(kJ/mol): -4.045     P(bar):    -0.001    
Step:  3299999    NAcc:  1649999    fAcc:  0.500      Maxd:  1.03807    E*/N:  -4.00890   P*:     0.25445    P*cold: -0.46555   Mu*_xs: -2.71226   Cv*/N_xs:  0.78144         E(kJ/mol): -3.998     P(bar):    0.211     
Step:  3319999    NAcc:  1659998    fAcc:  0.500      Maxd:  0.28834    E*/N:  -4.01410   P*:     0.25368    P*cold: -0.46632   Mu*_xs: -2.71076   Cv*/N_xs:  0.77410         E(kJ/mol): -4.004     P(bar):    0.145     
Step:  3339999    NAcc:  1670001    fAcc:  0.500      Maxd:  1.41367    E*/N:  -3.99487   P*:     0.25407    P*cold: -0.46593   Mu*_xs: -2.71135   Cv*/N_xs:  0.77049         E(kJ/mol): -3.984     P(bar):    0.293     
Step:  3359999    NAcc:  1679999    fAcc:  0.500      Maxd:  0.48121    E*/N:  -3.97053   P*:     0.25396    P*cold: -0.46604   Mu*_xs: -2.71066   Cv*/N_xs:  0.77382         E(kJ/mol): -3.960     P(bar):    0.228     
Step:  3379999    NAcc:  1690002    fAcc:  0.500      Maxd:  0.64071    E*/N:  -4.04156   P*:     0.25137    P*cold: -0.46863   Mu*_xs: -2.71345   Cv*/N_xs:  0.77235         E(kJ/mol): -4.031     P(bar):    -0.061    
Step:  3399999    NAcc:  1700002    fAcc:  0.500      Maxd:  1.20437    E*/N:  -3.98710   P*:     0.24927    P*cold: -0.47073   Mu*_xs: -2.71114   Cv*/N_xs:  0.76455         E(kJ/mol): -3.977     P(bar):    0.195     
Step:  3419999    NAcc:  1709998    fAcc:  0.500      Maxd:  0.50710    E*/N:  -3.91662   P*:     0.24807    P*cold: -0.47193   Mu*_xs: -2.71021   Cv*/N_xs:  0.76067         E(kJ/mol): -3.906     P(bar):    0.491     
Step:  3439999    NAcc:  1720001    fAcc:  0.500      Maxd:  0.63611    E*/N:  -3.99043   P*:     0.24763    P*cold: -0.47237   Mu*_xs: -2.71387   Cv*/N_xs:  0.76054         E(kJ/mol): -3.980     P(bar):    0.233     
Step:  3459999    NAcc:  1729999    fAcc:  0.500      Maxd:  0.27284    E*/N:  -4.02361   P*:     0.24643    P*cold: -0.47357   Mu*_xs: -2.71311   Cv*/N_xs:  0.75441         E(kJ/mol): -4.013     P(bar):    0.164     
Step:  3479999    NAcc:  1740002    fAcc:  0.500      Maxd:  0.57693    E*/N:  -4.07261   P*:     0.24650    P*cold: -0.47350   Mu*_xs: -2.71563   Cv*/N_xs:  0.75338         E(kJ/mol): -4.062     P(bar):    0.050     
Step:  3499999    NAcc:  1750001    fAcc:  0.500      Maxd:  1.32008    E*/N:  -4.06347   P*:     0.24613    P*cold: -0.47387   Mu*_xs: -2.71617   Cv*/N_xs:  0.74615         E(kJ/mol): -4.053     P(bar):    0.260     
Step:  3519999    NAcc:  1759999    fAcc:  0.500      Maxd:  0.26946    E*/N:  -3.99078   P*:     0.24580    P*cold: -0.47420   Mu*_xs: -2.71568   Cv*/N_xs:  0.74539         E(kJ/mol): -3.980     P(bar):    0.219     
Step:  3539999    NAcc:  1769999    fAcc:  0.500      Maxd:  0.28781    E*/N:  -4.08317   P*:     0.24505    P*cold: -0.47495   Mu*_xs: -2.71535   Cv*/N_xs:  0.74001         E(kJ/mol): -4.072     P(bar):    0.025     
Step:  3559999    NAcc:  1779998    fAcc:  0.500      Maxd:  0.46634    E*/N:  -4.04040   P*:     0.24563    P*cold: -0.47437   Mu*_xs: -2.71579   Cv*/N_xs:  0.73995         E(kJ/mol): -4.030     P(bar):    0.232     
Step:  3579999    NAcc:  1790001    fAcc:  0.500      Maxd:  0.79343    E*/N:  -4.03420   P*:     0.24539    P*cold: -0.47461   Mu*_xs: -2.71304   Cv*/N_xs:  0.74680         E(kJ/mol): -4.024     P(bar):    0.327     
Step:  3599999    NAcc:  1799997    fAcc:  0.500      Maxd:  0.31926    E*/N:  -3.93975   P*:     0.24580    P*cold: -0.47420   Mu*_xs: -2.71171   Cv*/N_xs:  0.74573         E(kJ/mol): -3.929     P(bar):    0.582     
Step:  3619999    NAcc:  1809999    fAcc:  0.500      Maxd:  0.31262    E*/N:  -4.01661   P*:     0.24682    P*cold: -0.47318   Mu*_xs: -2.71180   Cv*/N_xs:  0.74671         E(kJ/mol): -4.006     P(bar):    0.180     
Step:  3639999    NAcc:  1819998    fAcc:  0.500      Maxd:  0.50213    E*/N:  -4.08745   P*:     0.24609    P*cold: -0.47391   Mu*_xs: -2.71248   Cv*/N_xs:  0.74184         E(kJ/mol): -4.077     P(bar):    0.010     
Step:  3659999    NAcc:  1830000    fAcc:  0.500      Maxd:  0.45189    E*/N:  -4.02128   P*:     0.24545    P*cold: -0.47455   Mu*_xs: -2.71109   Cv*/N_xs:  0.73708         E(kJ/mol): -4.011     P(bar):    0.237     
Step:  3679999    NAcc:  1840002    fAcc:  0.500      Maxd:  0.79827    E*/N:  -4.01648   P*:     0.24470    P*cold: -0.47530   Mu*_xs: -2.71059   Cv*/N_xs:  0.73260         E(kJ/mol): -4.006     P(bar):    0.169     
Step:  3699999    NAcc:  1850001    fAcc:  0.500      Maxd:  0.37180    E*/N:  -4.02266   P*:     0.24362    P*cold: -0.47638   Mu*_xs: -2.71022   Cv*/N_xs:  0.72729         E(kJ/mol): -4.012     P(bar):    0.172     
Step:  3719999    NAcc:  1860001    fAcc:  0.500      Maxd:  0.77738    E*/N:  -4.00410   P*:     0.24164    P*cold: -0.47836   Mu*_xs: -2.70945   Cv*/N_xs:  0.72652         E(kJ/mol): -3.994     P(bar):    0.071     
Step:  3739999    NAcc:  1870000    fAcc:  0.500      Maxd:  0.54721    E*/N:  -4.00460   P*:     0.24098    P*cold: -0.47902   Mu*_xs: -2.70894   Cv*/N_xs:  0.72429         E(kJ/mol): -3.994     P(bar):    0.247     
Step:  3759999    NAcc:  1880001    fAcc:  0.500      Maxd:  0.62037    E*/N:  -3.99237   P*:     0.23991    P*cold: -0.48009   Mu*_xs: -2.70867   Cv*/N_xs:  0.72107         E(kJ/mol): -3.982     P(bar):    0.121     
Step:  3779999    NAcc:  1890000    fAcc:  0.500      Maxd:  1.03482    E*/N:  -4.01313   P*:     0.23864    P*cold: -0.48136   Mu*_xs: -2.70850   Cv*/N_xs:  0.71776         E(kJ/mol): -4.003     P(bar):    0.074     
Step:  3799999    NAcc:  1900000    fAcc:  0.500      Maxd:  0.30182    E*/N:  -4.04968   P*:     0.23803    P*cold: -0.48197   Mu*_xs: -2.70765   Cv*/N_xs:  0.71497         E(kJ/mol): -4.039     P(bar):    0.163     
Step:  3819999    NAcc:  1910001    fAcc:  0.500      Maxd:  2.29197    E*/N:  -3.99948   P*:     0.23719    P*cold: -0.48281   Mu*_xs: -2.70966   Cv*/N_xs:  0.71085         E(kJ/mol): -3.989     P(bar):    0.218     
Step:  3839999    NAcc:  1919999    fAcc:  0.500      Maxd:  0.37212    E*/N:  -4.06652   P*:     0.23670    P*cold: -0.48330   Mu*_xs: -2.71045   Cv*/N_xs:  0.71144         E(kJ/mol): -4.056     P(bar):    0.105     
Step:  3859999    NAcc:  1929999    fAcc:  0.500      Maxd:  0.31630    E*/N:  -3.99193   P*:     0.23713    P*cold: -0.48287   Mu*_xs: -2.70847   Cv*/N_xs:  0.71366         E(kJ/mol): -3.981     P(bar):    0.110     
Step:  3879999    NAcc:  1940001    fAcc:  0.500      Maxd:  0.41883    E*/N:  -3.96184   P*:     0.23657    P*cold: -0.48343   Mu*_xs: -2.70933   Cv*/N_xs:  0.71686         E(kJ/mol): -3.951     P(bar):    0.258     
Step:  3899999    NAcc:  1950000    fAcc:  0.500      Maxd:  0.33878    E*/N:  -4.03964   P*:     0.23554    P*cold: -0.48446   Mu*_xs: -2.70930   Cv*/N_xs:  0.71432         E(kJ/mol): -4.029     P(bar):    0.123     
Step:  3919999    NAcc:  1959999    fAcc:  0.500      Maxd:  0.26459    E*/N:  -4.00856   P*:     0.23554    P*cold: -0.48446   Mu*_xs: -2.71017   Cv*/N_xs:  0.71167         E(kJ/mol): -3.998     P(bar):    0.220     
Step:  3939999    NAcc:  1970001    fAcc:  0.500      Maxd:  0.55045    E*/N:  -3.96877   P*:     0.23520    P*cold: -0.48480   Mu*_xs: -2.70983   Cv*/N_xs:  0.70855         E(kJ/mol): -3.958     P(bar):    0.323     
Step:  3959999    NAcc:  1979999    fAcc:  0.500      Maxd:  0.26052    E*/N:  -4.08066   P*:     0.23540    P*cold: -0.48460   Mu*_xs: -2.70992   Cv*/N_xs:  0.70603         E(kJ/mol): -4.070     P(bar):    0.020     
Step:  3979999    NAcc:  1990000    fAcc:  0.500      Maxd:  0.29462    E*/N:  -4.04674   P*:     0.23495    P*cold: -0.48505   Mu*_xs: -2.71140   Cv*/N_xs:  0.70116         E(kJ/mol): -4.036     P(bar):    0.129     
Step:  3999999    NAcc:  1999997    fAcc:  0.500      Maxd:  0.27619    E*/N:  -4.04409   P*:     0.23535    P*cold: -0.48465   Mu*_xs: -2.71196   Cv*/N_xs:  0.69921         E(kJ/mol): -4.033     P(bar):    0.081     
Step:  4019999    NAcc:  2009999    fAcc:  0.500      Maxd:  0.47523    E*/N:  -4.05785   P*:     0.23514    P*cold: -0.48486   Mu*_xs: -2.71331   Cv*/N_xs:  0.69816         E(kJ/mol): -4.047     P(bar):    0.040     
Step:  4039999    NAcc:  2020001    fAcc:  0.500      Maxd:  1.00741    E*/N:  -4.01370   P*:     0.23443    P*cold: -0.48557   Mu*_xs: -2.71364   Cv*/N_xs:  0.69377         E(kJ/mol): -4.003     P(bar):    0.117     
Step:  4059999    NAcc:  2029999    fAcc:  0.500      Maxd:  0.72113    E*/N:  -4.01883   P*:     0.23398    P*cold: -0.48602   Mu*_xs: -2.71416   Cv*/N_xs:  0.68938         E(kJ/mol): -4.008     P(bar):    0.218     
Step:  4079999    NAcc:  2039999    fAcc:  0.500      Maxd:  0.31533    E*/N:  -3.96052   P*:     0.23342    P*cold: -0.48658   Mu*_xs: -2.71466   Cv*/N_xs:  0.68590         E(kJ/mol): -3.950     P(bar):    0.249     
Step:  4099999    NAcc:  2050001    fAcc:  0.500      Maxd:  0.58054    E*/N:  -4.01009   P*:     0.23427    P*cold: -0.48573   Mu*_xs: -2.71666   Cv*/N_xs:  0.68977         E(kJ/mol): -4.000     P(bar):    0.213     
Step:  4119999    NAcc:  2059997    fAcc:  0.500      Maxd:  0.45614    E*/N:  -3.95986   P*:     0.23488    P*cold: -0.48512   Mu*_xs: -2.71418   Cv*/N_xs:  0.68865         E(kJ/mol): -3.949     P(bar):    0.396     
Step:  4139999    NAcc:  2070001    fAcc:  0.500      Maxd:  0.59424    E*/N:  -4.01181   P*:     0.23500    P*cold: -0.48500   Mu*_xs: -2.71388   Cv*/N_xs:  0.68697         E(kJ/mol): -4.001     P(bar):    0.188     
Step:  4159999    NAcc:  2080000    fAcc:  0.500      Maxd:  1.77531    E*/N:  -4.03232   P*:     0.23387    P*cold: -0.48613   Mu*_xs: -2.71406   Cv*/N_xs:  0.68428         E(kJ/mol): -4.022     P(bar):    0.046     
Step:  4179999    NAcc:  2089998    fAcc:  0.500      Maxd:  0.27838    E*/N:  -4.00300   P*:     0.23324    P*cold: -0.48676   Mu*_xs: -2.71489   Cv*/N_xs:  0.68179         E(kJ/mol): -3.993     P(bar):    0.174     
Step:  4199999    NAcc:  2100002    fAcc:  0.500      Maxd:  1.30305    E*/N:  -4.01976   P*:     0.23350    P*cold: -0.48650   Mu*_xs: -2.71669   Cv*/N_xs:  0.68467         E(kJ/mol): -4.009     P(bar):    0.168     
Step:  4219999    NAcc:  2110001    fAcc:  0.500      Maxd:  3.49021    E*/N:  -4.00432   P*:     0.23208    P*cold: -0.48792   Mu*_xs: -2.71608   Cv*/N_xs:  0.68078         E(kJ/mol): -3.994     P(bar):    0.097     
Step:  4239999    NAcc:  2120001    fAcc:  0.500      Maxd:  0.71082    E*/N:  -4.09112   P*:     0.23178    P*cold: -0.48822   Mu*_xs: -2.71595   Cv*/N_xs:  0.67895         E(kJ/mol): -4.080     P(bar):    0.014     
Step:  4259999    NAcc:  2129999    fAcc:  0.500      Maxd:  0.27742    E*/N:  -4.06823   P*:     0.23278    P*cold: -0.48722   Mu*_xs: -2.71732   Cv*/N_xs:  0.68080         E(kJ/mol): -4.058     P(bar):    0.145     
Step:  4279999    NAcc:  2140003    fAcc:  0.500      Maxd:  0.82486    E*/N:  -4.04366   P*:     0.23372    P*cold: -0.48628   Mu*_xs: -2.71883   Cv*/N_xs:  0.68182         E(kJ/mol): -4.033     P(bar):    0.109     
Step:  4299999    NAcc:  2150000    fAcc:  0.500      Maxd:  0.63382    E*/N:  -3.94050   P*:     0.23427    P*cold: -0.48573   Mu*_xs: -2.71862   Cv*/N_xs:  0.68382         E(kJ/mol): -3.930     P(bar):    0.327     
Step:  4319999    NAcc:  2159999    fAcc:  0.500      Maxd:  0.27357    E*/N:  -3.95694   P*:     0.23416    P*cold: -0.48584   Mu*_xs: -2.72071   Cv*/N_xs:  0.68436         E(kJ/mol): -3.947     P(bar):    0.403     
Step:  4339999    NAcc:  2169998    fAcc:  0.500      Maxd:  0.28748    E*/N:  -4.09238   P*:     0.23477    P*cold: -0.48523   Mu*_xs: -2.72246   Cv*/N_xs:  0.68927         E(kJ/mol): -4.082     P(bar):    0.013     
Step:  4359999    NAcc:  2180001    fAcc:  0.500      Maxd:  0.65237    E*/N:  -3.99140   P*:     0.23445    P*cold: -0.48555   Mu*_xs: -2.72382   Cv*/N_xs:  0.68741         E(kJ/mol): -3.981     P(bar):    0.301     
Step:  4379999    NAcc:  2189997    fAcc:  0.500      Maxd:  0.30652    E*/N:  -4.04534   P*:     0.23521    P*cold: -0.48479   Mu*_xs: -2.72249   Cv*/N_xs:  0.68673         E(kJ/mol): -4.035     P(bar):    0.110     
Step:  4399999    NAcc:  2200001    fAcc:  0.500      Maxd:  0.63070    E*/N:  -4.01030   P*:     0.23500    P*cold: -0.48500   Mu*_xs: -2.72308   Cv*/N_xs:  0.68667         E(kJ/mol): -4.000     P(bar):    0.213     
Step:  4419999    NAcc:  2210000    fAcc:  0.500      Maxd:  0.28836    E*/N:  -4.05457   P*:     0.23525    P*cold: -0.48475   Mu*_xs: -2.72284   Cv*/N_xs:  0.68369         E(kJ/mol): -4.044     P(bar):    0.088     
Step:  4439999    NAcc:  2220000    fAcc:  0.500      Maxd:  0.30963    E*/N:  -3.99859   P*:     0.23435    P*cold: -0.48565   Mu*_xs: -2.72196   Cv*/N_xs:  0.68179         E(kJ/mol): -3.988     P(bar):    0.062     
Step:  4459999    NAcc:  2229999    fAcc:  0.500      Maxd:  0.27101    E*/N:  -4.00537   P*:     0.23436    P*cold: -0.48564   Mu*_xs: -2.72237   Cv*/N_xs:  0.67996         E(kJ/mol): -3.995     P(bar):    0.327     
Step:  4479999    NAcc:  2240001    fAcc:  0.500      Maxd:  1.72101    E*/N:  -4.05308   P*:     0.23513    P*cold: -0.48487   Mu*_xs: -2.72417   Cv*/N_xs:  0.67820         E(kJ/mol): -4.042     P(bar):    0.244     
Step:  4499999    NAcc:  2250001    fAcc:  0.500      Maxd:  0.39946    E*/N:  -4.01231   P*:     0.23507    P*cold: -0.48493   Mu*_xs: -2.72395   Cv*/N_xs:  0.67742         E(kJ/mol): -4.002     P(bar):    0.338     
Step:  4519999    NAcc:  2260000    fAcc:  0.500      Maxd:  0.51058    E*/N:  -4.04033   P*:     0.23544    P*cold: -0.48456   Mu*_xs: -2.72314   Cv*/N_xs:  0.68060         E(kJ/mol): -4.030     P(bar):    0.273     
Step:  4539999    NAcc:  2270002    fAcc:  0.500      Maxd:  0.87570    E*/N:  -4.08609   P*:     0.23538    P*cold: -0.48462   Mu*_xs: -2.72253   Cv*/N_xs:  0.68054         E(kJ/mol): -4.075     P(bar):    0.160     
Step:  4559999    NAcc:  2279998    fAcc:  0.500      Maxd:  0.31332    E*/N:  -4.03257   P*:     0.23532    P*cold: -0.48468   Mu*_xs: -2.72255   Cv*/N_xs:  0.67804         E(kJ/mol): -4.022     P(bar):    0.175     
Step:  4579999    NAcc:  2289999    fAcc:  0.500      Maxd:  0.25986    E*/N:  -4.04362   P*:     0.23572    P*cold: -0.48428   Mu*_xs: -2.72117   Cv*/N_xs:  0.67871         E(kJ/mol): -4.033     P(bar):    0.115     
Step:  4599999    NAcc:  2300002    fAcc:  0.500      Maxd:  1.14802    E*/N:  -4.00754   P*:     0.23511    P*cold: -0.48489   Mu*_xs: -2.72065   Cv*/N_xs:  0.67585         E(kJ/mol): -3.997     P(bar):    0.198     
Step:  4619999    NAcc:  2309998    fAcc:  0.500      Maxd:  0.27757    E*/N:  -4.01252   P*:     0.23528    P*cold: -0.48472   Mu*_xs: -2.72246   Cv*/N_xs:  0.67276         E(kJ/mol): -4.002     P(bar):    0.247     
Step:  4639999    NAcc:  2320001    fAcc:  0.500      Maxd:  0.44862    E*/N:  -3.98012   P*:     0.23598    P*cold: -0.48402   Mu*_xs: -2.72338   Cv*/N_xs:  0.67287         E(kJ/mol): -3.970     P(bar):    0.337     
Step:  4659999    NAcc:  2329998    fAcc:  0.500      Maxd:  0.27515    E*/N:  -4.06867   P*:     0.23660    P*cold: -0.48340   Mu*_xs: -2.72309   Cv*/N_xs:  0.67016         E(kJ/mol): -4.058     P(bar):    0.167     
Step:  4679999    NAcc:  2340000    fAcc:  0.500      Maxd:  0.28849    E*/N:  -3.97977   P*:     0.23697    P*cold: -0.48303   Mu*_xs: -2.72386   Cv*/N_xs:  0.66988         E(kJ/mol): -3.969     P(bar):    0.345     
Step:  4699999    NAcc:  2349999    fAcc:  0.500      Maxd:  0.27194    E*/N:  -4.09649   P*:     0.23736    P*cold: -0.48264   Mu*_xs: -2.72861   Cv*/N_xs:  0.66830         E(kJ/mol): -4.086     P(bar):    0.040     
Step:  4719999    NAcc:  2360000    fAcc:  0.500      Maxd:  0.39723    E*/N:  -4.00230   P*:     0.23690    P*cold: -0.48310   Mu*_xs: -2.73032   Cv*/N_xs:  0.67092         E(kJ/mol): -3.992     P(bar):    0.331     
Step:  4739999    NAcc:  2370000    fAcc:  0.500      Maxd:  0.28137    E*/N:  -4.07948   P*:     0.23748    P*cold: -0.48252   Mu*_xs: -2.72882   Cv*/N_xs:  0.67016         E(kJ/mol): -4.069     P(bar):    0.140     
Step:  4759999    NAcc:  2379997    fAcc:  0.500      Maxd:  0.28478    E*/N:  -4.08350   P*:     0.23771    P*cold: -0.48229   Mu*_xs: -2.73006   Cv*/N_xs:  0.66937         E(kJ/mol): -4.073     P(bar):    0.002     
Step:  4779999    NAcc:  2390001    fAcc:  0.500      Maxd:  0.62070    E*/N:  -4.10478   P*:     0.23740    P*cold: -0.48260   Mu*_xs: -2.73030   Cv*/N_xs:  0.66878         E(kJ/mol): -4.094     P(bar):    -0.004    
Step:  4799999    NAcc:  2400000    fAcc:  0.500      Maxd:  0.37737    E*/N:  -4.07210   P*:     0.23684    P*cold: -0.48316   Mu*_xs: -2.73032   Cv*/N_xs:  0.66952         E(kJ/mol): -4.061     P(bar):    0.109     
Step:  4819999    NAcc:  2410000    fAcc:  0.500      Maxd:  0.28629    E*/N:  -3.98652   P*:     0.23728    P*cold: -0.48272   Mu*_xs: -2.73156   Cv*/N_xs:  0.66974         E(kJ/mol): -3.976     P(bar):    0.351     
Step:  4839999    NAcc:  2420002    fAcc:  0.500      Maxd:  0.80581    E*/N:  -4.09609   P*:     0.23786    P*cold: -0.48214   Mu*_xs: -2.73182   Cv*/N_xs:  0.66806         E(kJ/mol): -4.085     P(bar):    -0.059    
Step:  4859999    NAcc:  2429999    fAcc:  0.500      Maxd:  0.28345    E*/N:  -4.04404   P*:     0.23743    P*cold: -0.48257   Mu*_xs: -2.73032   Cv*/N_xs:  0.66637         E(kJ/mol): -4.033     P(bar):    0.136     
Step:  4879999    NAcc:  2440000    fAcc:  0.500      Maxd:  0.30343    E*/N:  -4.01816   P*:     0.23763    P*cold: -0.48237   Mu*_xs: -2.72975   Cv*/N_xs:  0.66520         E(kJ/mol): -4.008     P(bar):    0.345     
Step:  4899999    NAcc:  2450001    fAcc:  0.500      Maxd:  0.41084    E*/N:  -4.00537   P*:     0.23744    P*cold: -0.48256   Mu*_xs: -2.73005   Cv*/N_xs:  0.67033         E(kJ/mol): -3.995     P(bar):    0.435     
Step:  4919999    NAcc:  2459999    fAcc:  0.500      Maxd:  0.26235    E*/N:  -4.03495   P*:     0.23730    P*cold: -0.48270   Mu*_xs: -2.72996   Cv*/N_xs:  0.66974         E(kJ/mol): -4.024     P(bar):    0.097     
Step:  4939999    NAcc:  2469999    fAcc:  0.500      Maxd:  0.29417    E*/N:  -3.95819   P*:     0.23694    P*cold: -0.48306   Mu*_xs: -2.73057   Cv*/N_xs:  0.66705         E(kJ/mol): -3.948     P(bar):    0.347     
Step:  4959999    NAcc:  2480001    fAcc:  0.500      Maxd:  0.79506    E*/N:  -4.04794   P*:     0.23761    P*cold: -0.48239   Mu*_xs: -2.73124   Cv*/N_xs:  0.66895         E(kJ/mol): -4.037     P(bar):    0.148     
Step:  4979999    NAcc:  2490000    fAcc:  0.500      Maxd:  0.52714    E*/N:  -4.09665   P*:     0.23729    P*cold: -0.48271   Mu*_xs: -2.73008   Cv*/N_xs:  0.66825         E(kJ/mol): -4.086     P(bar):    -0.051    
Step:  4999999    NAcc:  2499999    fAcc:  0.500      Maxd:  0.90387    E*/N:  -3.99239   P*:     0.23667    P*cold: -0.48333   Mu*_xs: -2.72981   Cv*/N_xs:  0.67550         E(kJ/mol): -3.982     P(bar):    0.400     
# Computed average properties: 
 # E*/N:  -4.02590  
 # P*:     0.23667   
 # Cv*/N_xs:   0.67550        
 # Mu*_xs:  -2.72981  
