# Number of atoms:       500
# Atom type:             Ar
# Molar Mass (g/mol):    39.948
# Density (g/cm^3):      0.168835
# LJ sigma (Angstrom):   3.4
# LJ epsilon/kB (K):     120
# LJ cutoff (Angstrom):  13.6
# LJ cutoff (sigma):     4
# Temperature (K):       144
# Number MC steps:       5e+06
# Output frequency:      20000
# Num. den. (atoms/Ang): 0.00254427
# Box length (x):        58.1392
# Box length (y):        58.1392
# Box length (z):        58.1392
# Init. spacing (Ang):   6.45991
# reduc. density (rho*): 0.1
# reduc. temp (T*):      1.2
Step:  19999      NAcc:  10000      fAcc:  0.500      Maxd:  27.40157   E*/N:  -0.86773   P*:     nan        P*cold: nan        Mu*_xs: -0.00000   Cv*/N_xs:  0.00000         E(kJ/mol): -0.865     P(bar):    0.061     
Step:  39999      NAcc:  20002      fAcc:  0.500      Maxd:  33.93647   E*/N:  -0.80005   P*:     nan        P*cold: nan        Mu*_xs: -0.00000   Cv*/N_xs:  0.00000         E(kJ/mol): -0.798     P(bar):    0.077     
Step:  59999      NAcc:  30001      fAcc:  0.500      Maxd:  1.59578    E*/N:  -0.87301   P*:     nan        P*cold: nan        Mu*_xs: -0.00000   Cv*/N_xs:  0.00000         E(kJ/mol): -0.871     P(bar):    0.063     
Step:  79999      NAcc:  39998      fAcc:  0.500      Maxd:  0.67798    E*/N:  -0.87038   P*:     nan        P*cold: nan        Mu*_xs: -0.00000   Cv*/N_xs:  0.00000         E(kJ/mol): -0.868     P(bar):    0.063     
Step:  99999      NAcc:  50001      fAcc:  0.500      Maxd:  31.15200   E*/N:  -0.85340   P*:     nan        P*cold: nan        Mu*_xs: -0.00000   Cv*/N_xs:  0.00000         E(kJ/mol): -0.851     P(bar):    0.061     
Step:  119999     NAcc:  60003      fAcc:  0.500      Maxd:  13.08361   E*/N:  -0.78341   P*:     nan        P*cold: nan        Mu*_xs: -0.00000   Cv*/N_xs:  0.00000         E(kJ/mol): -0.781     P(bar):    0.076     
Step:  139999     NAcc:  70002      fAcc:  0.500      Maxd:  28.35309   E*/N:  -0.81656   P*:     nan        P*cold: nan        Mu*_xs: -0.00000   Cv*/N_xs:  0.00000         E(kJ/mol): -0.814     P(bar):    0.059     
Step:  159999     NAcc:  79997      fAcc:  0.500      Maxd:  2.79242    E*/N:  -0.80415   P*:     nan        P*cold: nan        Mu*_xs: -0.00000   Cv*/N_xs:  0.00000         E(kJ/mol): -0.802     P(bar):    0.071     
Step:  179999     NAcc:  90004      fAcc:  0.500      Maxd:  32.28136   E*/N:  -0.83562   P*:     nan        P*cold: nan        Mu*_xs: -0.00000   Cv*/N_xs:  0.00000         E(kJ/mol): -0.833     P(bar):    0.079     
Step:  199999     NAcc:  100002     fAcc:  0.500      Maxd:  7.49832    E*/N:  -0.76536   P*:     nan        P*cold: nan        Mu*_xs: -0.00000   Cv*/N_xs:  0.00000         E(kJ/mol): -0.763     P(bar):    0.070     
Step:  219999     NAcc:  109999     fAcc:  0.500      Maxd:  5.44462    E*/N:  -0.90918   P*:     nan        P*cold: nan        Mu*_xs: -0.00000   Cv*/N_xs:  0.00000         E(kJ/mol): -0.907     P(bar):    0.070     
Step:  239999     NAcc:  120004     fAcc:  0.500      Maxd:  17.97529   E*/N:  -0.80464   P*:     nan        P*cold: nan        Mu*_xs: -0.00000   Cv*/N_xs:  0.00000         E(kJ/mol): -0.803     P(bar):    0.068     
Step:  259999     NAcc:  130004     fAcc:  0.500      Maxd:  32.31539   E*/N:  -0.82839   P*:     nan        P*cold: nan        Mu*_xs: -0.00000   Cv*/N_xs:  0.00000         E(kJ/mol): -0.826     P(bar):    0.062     
Step:  279999     NAcc:  140003     fAcc:  0.500      Maxd:  2.03537    E*/N:  -0.84062   P*:     nan        P*cold: nan        Mu*_xs: -0.00000   Cv*/N_xs:  0.00000         E(kJ/mol): -0.838     P(bar):    0.068     
Step:  299999     NAcc:  150002     fAcc:  0.500      Maxd:  30.16539   E*/N:  -0.86077   P*:     nan        P*cold: nan        Mu*_xs: -0.00000   Cv*/N_xs:  0.00000         E(kJ/mol): -0.859     P(bar):    0.070     
Step:  319999     NAcc:  159999     fAcc:  0.500      Maxd:  4.37454    E*/N:  -0.81622   P*:     nan        P*cold: nan        Mu*_xs: -0.00000   Cv*/N_xs:  0.00000         E(kJ/mol): -0.814     P(bar):    0.062     
Step:  339999     NAcc:  169999     fAcc:  0.500      Maxd:  10.44476   E*/N:  -0.82237   P*:     nan        P*cold: nan        Mu*_xs: -0.00000   Cv*/N_xs:  0.00000         E(kJ/mol): -0.820     P(bar):    0.073     
Step:  359999     NAcc:  180005     fAcc:  0.500      Maxd:  33.03750   E*/N:  -0.84262   P*:     nan        P*cold: nan        Mu*_xs: -0.00000   Cv*/N_xs:  0.00000         E(kJ/mol): -0.840     P(bar):    0.051     
Step:  379999     NAcc:  190012     fAcc:  0.500      Maxd:  31.43955   E*/N:  -0.84649   P*:     nan        P*cold: nan        Mu*_xs: -0.00000   Cv*/N_xs:  0.00000         E(kJ/mol): -0.844     P(bar):    0.058     
Step:  399999     NAcc:  200004     fAcc:  0.500      Maxd:  34.46663   E*/N:  -0.80966   P*:     nan        P*cold: nan        Mu*_xs: -0.00000   Cv*/N_xs:  0.00000         E(kJ/mol): -0.808     P(bar):    0.073     
Step:  419999     NAcc:  210002     fAcc:  0.500      Maxd:  2.34671    E*/N:  -0.81520   P*:     nan        P*cold: nan        Mu*_xs: -0.00000   Cv*/N_xs:  0.00000         E(kJ/mol): -0.813     P(bar):    0.071     
Step:  439999     NAcc:  220001     fAcc:  0.500      Maxd:  34.08121   E*/N:  -0.95741   P*:     nan        P*cold: nan        Mu*_xs: -0.00000   Cv*/N_xs:  0.00000         E(kJ/mol): -0.955     P(bar):    0.054     
Step:  459999     NAcc:  230001     fAcc:  0.500      Maxd:  29.09248   E*/N:  -0.85700   P*:     nan        P*cold: nan        Mu*_xs: -0.00000   Cv*/N_xs:  0.00000         E(kJ/mol): -0.855     P(bar):    0.051     
Step:  479999     NAcc:  239999     fAcc:  0.500      Maxd:  9.90799    E*/N:  -0.81636   P*:     nan        P*cold: nan        Mu*_xs: -0.00000   Cv*/N_xs:  0.00000         E(kJ/mol): -0.814     P(bar):    0.070     
Step:  499999     NAcc:  250005     fAcc:  0.500      Maxd:  34.51195   E*/N:  -0.76374   P*:     nan        P*cold: nan        Mu*_xs: -0.00000   Cv*/N_xs:  0.00000         E(kJ/mol): -0.762     P(bar):    0.076     
Step:  519999     NAcc:  260001     fAcc:  0.500      Maxd:  5.63429    E*/N:  -0.81089   P*:     nan        P*cold: nan        Mu*_xs: -0.00000   Cv*/N_xs:  0.00000         E(kJ/mol): -0.809     P(bar):    0.062     
Step:  539999     NAcc:  270007     fAcc:  0.500      Maxd:  31.79904   E*/N:  -0.81728   P*:     nan        P*cold: nan        Mu*_xs: -0.00000   Cv*/N_xs:  0.00000         E(kJ/mol): -0.815     P(bar):    0.059     
Step:  559999     NAcc:  280000     fAcc:  0.500      Maxd:  24.56303   E*/N:  -0.81584   P*:     nan        P*cold: nan        Mu*_xs: -0.00000   Cv*/N_xs:  0.00000         E(kJ/mol): -0.814     P(bar):    0.082     
Step:  579999     NAcc:  290001     fAcc:  0.500      Maxd:  27.30150   E*/N:  -0.81553   P*:     nan        P*cold: nan        Mu*_xs: -0.00000   Cv*/N_xs:  0.00000         E(kJ/mol): -0.813     P(bar):    0.056     
Step:  599999     NAcc:  300002     fAcc:  0.500      Maxd:  1.55839    E*/N:  -0.85169   P*:     nan        P*cold: nan        Mu*_xs: -0.00000   Cv*/N_xs:  0.00000         E(kJ/mol): -0.849     P(bar):    0.055     
Step:  619999     NAcc:  310001     fAcc:  0.500      Maxd:  0.86146    E*/N:  -0.86606   P*:     nan        P*cold: nan        Mu*_xs: -0.00000   Cv*/N_xs:  0.00000         E(kJ/mol): -0.864     P(bar):    0.065     
Step:  639999     NAcc:  320003     fAcc:  0.500      Maxd:  34.79263   E*/N:  -0.82173   P*:     nan        P*cold: nan        Mu*_xs: -0.00000   Cv*/N_xs:  0.00000         E(kJ/mol): -0.820     P(bar):    0.069     
Step:  659999     NAcc:  330000     fAcc:  0.500      Maxd:  4.05775    E*/N:  -0.78711   P*:     nan        P*cold: nan        Mu*_xs: -0.00000   Cv*/N_xs:  0.00000         E(kJ/mol): -0.785     P(bar):    0.061     
Step:  679999     NAcc:  340000     fAcc:  0.500      Maxd:  3.79438    E*/N:  -0.80241   P*:     nan        P*cold: nan        Mu*_xs: -0.00000   Cv*/N_xs:  0.00000         E(kJ/mol): -0.800     P(bar):    0.058     
Step:  699999     NAcc:  350002     fAcc:  0.500      Maxd:  2.11013    E*/N:  -0.81045   P*:     nan        P*cold: nan        Mu*_xs: -0.00000   Cv*/N_xs:  0.00000         E(kJ/mol): -0.808     P(bar):    0.068     
Step:  719999     NAcc:  359999     fAcc:  0.500      Maxd:  3.87611    E*/N:  -0.82539   P*:     nan        P*cold: nan        Mu*_xs: -0.00000   Cv*/N_xs:  0.00000         E(kJ/mol): -0.823     P(bar):    0.074     
Step:  739999     NAcc:  370003     fAcc:  0.500      Maxd:  30.46206   E*/N:  -0.86589   P*:     nan        P*cold: nan        Mu*_xs: -0.00000   Cv*/N_xs:  0.00000         E(kJ/mol): -0.864     P(bar):    0.074     
Step:  759999     NAcc:  380000     fAcc:  0.500      Maxd:  0.55931    E*/N:  -0.88444   P*:     nan        P*cold: nan        Mu*_xs: -0.00000   Cv*/N_xs:  0.00000         E(kJ/mol): -0.882     P(bar):    0.066     
Step:  779999     NAcc:  390004     fAcc:  0.500      Maxd:  29.14200   E*/N:  -0.82884   P*:     nan        P*cold: nan        Mu*_xs: -0.00000   Cv*/N_xs:  0.00000         E(kJ/mol): -0.827     P(bar):    0.073     
Step:  799999     NAcc:  400004     fAcc:  0.500      Maxd:  30.14447   E*/N:  -0.83620   P*:     nan        P*cold: nan        Mu*_xs: -0.00000   Cv*/N_xs:  0.00000         E(kJ/mol): -0.834     P(bar):    0.057     
Step:  819999     NAcc:  410002     fAcc:  0.500      Maxd:  31.15023   E*/N:  -0.83182   P*:     nan        P*cold: nan        Mu*_xs: -0.00000   Cv*/N_xs:  0.00000         E(kJ/mol): -0.830     P(bar):    0.069     
Step:  839999     NAcc:  420003     fAcc:  0.500      Maxd:  1.58222    E*/N:  -0.81754   P*:     nan        P*cold: nan        Mu*_xs: -0.00000   Cv*/N_xs:  0.00000         E(kJ/mol): -0.815     P(bar):    0.054     
Step:  859999     NAcc:  430001     fAcc:  0.500      Maxd:  10.00507   E*/N:  -0.80963   P*:     nan        P*cold: nan        Mu*_xs: -0.00000   Cv*/N_xs:  0.00000         E(kJ/mol): -0.808     P(bar):    0.084     
Step:  879999     NAcc:  440001     fAcc:  0.500      Maxd:  32.77601   E*/N:  -0.74938   P*:     nan        P*cold: nan        Mu*_xs: -0.00000   Cv*/N_xs:  0.00000         E(kJ/mol): -0.747     P(bar):    0.077     
Step:  899999     NAcc:  449999     fAcc:  0.500      Maxd:  6.59381    E*/N:  -0.86606   P*:     nan        P*cold: nan        Mu*_xs: -0.00000   Cv*/N_xs:  0.00000         E(kJ/mol): -0.864     P(bar):    0.056     
Step:  919999     NAcc:  460003     fAcc:  0.500      Maxd:  2.43364    E*/N:  -0.83933   P*:     nan        P*cold: nan        Mu*_xs: -0.00000   Cv*/N_xs:  0.00000         E(kJ/mol): -0.837     P(bar):    0.081     
Step:  939999     NAcc:  470002     fAcc:  0.500      Maxd:  32.34507   E*/N:  -0.75851   P*:     nan        P*cold: nan        Mu*_xs: -0.00000   Cv*/N_xs:  0.00000         E(kJ/mol): -0.757     P(bar):    0.071     
Step:  959999     NAcc:  480006     fAcc:  0.500      Maxd:  33.20733   E*/N:  -0.81282   P*:     nan        P*cold: nan        Mu*_xs: -0.00000   Cv*/N_xs:  0.00000         E(kJ/mol): -0.811     P(bar):    0.068     
Step:  979999     NAcc:  490004     fAcc:  0.500      Maxd:  4.18028    E*/N:  -0.78707   P*:     nan        P*cold: nan        Mu*_xs: -0.00000   Cv*/N_xs:  0.00000         E(kJ/mol): -0.785     P(bar):    0.068     
Step:  999999     NAcc:  500001     fAcc:  0.500      Maxd:  1.95189    E*/N:  -0.86774   P*:     nan        P*cold: nan        Mu*_xs: -0.00000   Cv*/N_xs:  0.00000         E(kJ/mol): -0.865     P(bar):    0.062     
Step:  1019999    NAcc:  510001     fAcc:  0.500      Maxd:  23.78888   E*/N:  -0.83464   P*:     nan        P*cold: nan        Mu*_xs: -0.00000   Cv*/N_xs:  0.00000         E(kJ/mol): -0.832     P(bar):    0.066     
Step:  1039999    NAcc:  520000     fAcc:  0.500      Maxd:  1.48154    E*/N:  -0.82660   P*:     nan        P*cold: nan        Mu*_xs: -0.00000   Cv*/N_xs:  0.00000         E(kJ/mol): -0.824     P(bar):    0.079     
Step:  1059999    NAcc:  530005     fAcc:  0.500      Maxd:  30.03624   E*/N:  -0.78601   P*:     nan        P*cold: nan        Mu*_xs: -0.00000   Cv*/N_xs:  0.00000         E(kJ/mol): -0.784     P(bar):    0.069     
Step:  1079999    NAcc:  540001     fAcc:  0.500      Maxd:  32.60812   E*/N:  -0.78726   P*:     nan        P*cold: nan        Mu*_xs: -0.00000   Cv*/N_xs:  0.00000         E(kJ/mol): -0.785     P(bar):    0.078     
Step:  1099999    NAcc:  550004     fAcc:  0.500      Maxd:  33.62862   E*/N:  -0.83443   P*:     nan        P*cold: nan        Mu*_xs: -0.00000   Cv*/N_xs:  0.00000         E(kJ/mol): -0.832     P(bar):    0.072     
Step:  1119999    NAcc:  559998     fAcc:  0.500      Maxd:  2.67829    E*/N:  -0.85809   P*:     nan        P*cold: nan        Mu*_xs: -0.00000   Cv*/N_xs:  0.00000         E(kJ/mol): -0.856     P(bar):    0.073     
Step:  1139999    NAcc:  570001     fAcc:  0.500      Maxd:  0.67927    E*/N:  -0.87433   P*:     nan        P*cold: nan        Mu*_xs: -0.00000   Cv*/N_xs:  0.00000         E(kJ/mol): -0.872     P(bar):    0.073     
Step:  1159999    NAcc:  580003     fAcc:  0.500      Maxd:  32.26042   E*/N:  -0.88179   P*:     nan        P*cold: nan        Mu*_xs: -0.00000   Cv*/N_xs:  0.00000         E(kJ/mol): -0.879     P(bar):    0.066     
Step:  1179999    NAcc:  590000     fAcc:  0.500      Maxd:  0.55443    E*/N:  -0.87870   P*:     nan        P*cold: nan        Mu*_xs: -0.00000   Cv*/N_xs:  0.00000         E(kJ/mol): -0.876     P(bar):    0.076     
Step:  1199999    NAcc:  600002     fAcc:  0.500      Maxd:  31.29831   E*/N:  -0.86171   P*:     nan        P*cold: nan        Mu*_xs: -0.00000   Cv*/N_xs:  0.00000         E(kJ/mol): -0.859     P(bar):    0.078     
Step:  1219999    NAcc:  610004     fAcc:  0.500      Maxd:  2.11134    E*/N:  -0.75597   P*:     nan        P*cold: nan        Mu*_xs: -0.00000   Cv*/N_xs:  0.00000         E(kJ/mol): -0.754     P(bar):    0.071     
Step:  1239999    NAcc:  620005     fAcc:  0.500      Maxd:  29.97195   E*/N:  -0.80962   P*:     nan        P*cold: nan        Mu*_xs: -0.00000   Cv*/N_xs:  0.00000         E(kJ/mol): -0.808     P(bar):    0.079     
Step:  1259999    NAcc:  630002     fAcc:  0.500      Maxd:  3.59406    E*/N:  -0.85018   P*:     nan        P*cold: nan        Mu*_xs: -0.00000   Cv*/N_xs:  0.00000         E(kJ/mol): -0.848     P(bar):    0.064     
Step:  1279999    NAcc:  640001     fAcc:  0.500      Maxd:  0.83420    E*/N:  -0.77151   P*:     nan        P*cold: nan        Mu*_xs: -0.00000   Cv*/N_xs:  0.00000         E(kJ/mol): -0.769     P(bar):    0.074     
Step:  1299999    NAcc:  650004     fAcc:  0.500      Maxd:  33.40610   E*/N:  -0.81763   P*:     nan        P*cold: nan        Mu*_xs: -0.00000   Cv*/N_xs:  0.00000         E(kJ/mol): -0.815     P(bar):    0.070     
Step:  1319999    NAcc:  660003     fAcc:  0.500      Maxd:  31.83019   E*/N:  -0.79118   P*:     nan        P*cold: nan        Mu*_xs: -0.00000   Cv*/N_xs:  0.00000         E(kJ/mol): -0.789     P(bar):    0.055     
Step:  1339999    NAcc:  670003     fAcc:  0.500      Maxd:  10.28499   E*/N:  -0.88020   P*:     nan        P*cold: nan        Mu*_xs: -0.00000   Cv*/N_xs:  0.00000         E(kJ/mol): -0.878     P(bar):    0.056     
Step:  1359999    NAcc:  680001     fAcc:  0.500      Maxd:  24.72324   E*/N:  -0.86647   P*:     nan        P*cold: nan        Mu*_xs: -0.00000   Cv*/N_xs:  0.00000         E(kJ/mol): -0.864     P(bar):    0.053     
Step:  1379999    NAcc:  689998     fAcc:  0.500      Maxd:  1.21494    E*/N:  -0.84065   P*:     nan        P*cold: nan        Mu*_xs: -0.00000   Cv*/N_xs:  0.00000         E(kJ/mol): -0.838     P(bar):    0.067     
Step:  1399999    NAcc:  699999     fAcc:  0.500      Maxd:  2.58192    E*/N:  -0.92506   P*:     nan        P*cold: nan        Mu*_xs: -0.00000   Cv*/N_xs:  0.00000         E(kJ/mol): -0.923     P(bar):    0.061     
Step:  1419999    NAcc:  710002     fAcc:  0.500      Maxd:  32.17679   E*/N:  -0.78257   P*:     nan        P*cold: nan        Mu*_xs: -0.00000   Cv*/N_xs:  0.00000         E(kJ/mol): -0.781     P(bar):    0.068     
Step:  1439999    NAcc:  720003     fAcc:  0.500      Maxd:  11.19980   E*/N:  -0.91408   P*:     nan        P*cold: nan        Mu*_xs: -0.00000   Cv*/N_xs:  0.00000         E(kJ/mol): -0.912     P(bar):    0.050     
Step:  1459999    NAcc:  729999     fAcc:  0.500      Maxd:  1.65622    E*/N:  -0.87693   P*:     nan        P*cold: nan        Mu*_xs: -0.00000   Cv*/N_xs:  0.00000         E(kJ/mol): -0.875     P(bar):    0.061     
Step:  1479999    NAcc:  740004     fAcc:  0.500      Maxd:  31.84127   E*/N:  -0.77523   P*:     nan        P*cold: nan        Mu*_xs: -0.00000   Cv*/N_xs:  0.00000         E(kJ/mol): -0.773     P(bar):    0.075     
Step:  1499999    NAcc:  750003     fAcc:  0.500      Maxd:  2.07292    E*/N:  -0.83918   P*:     nan        P*cold: nan        Mu*_xs: -0.00000   Cv*/N_xs:  0.00000         E(kJ/mol): -0.837     P(bar):    0.081     
Step:  1519999    NAcc:  760001     fAcc:  0.500      Maxd:  8.01532    E*/N:  -0.78377   P*:     nan        P*cold: nan        Mu*_xs: -0.00000   Cv*/N_xs:  0.00000         E(kJ/mol): -0.782     P(bar):    0.078     
Step:  1539999    NAcc:  770000     fAcc:  0.500      Maxd:  25.67250   E*/N:  -0.83802   P*:     nan        P*cold: nan        Mu*_xs: -0.00000   Cv*/N_xs:  0.00000         E(kJ/mol): -0.836     P(bar):    0.060     
Step:  1559999    NAcc:  780002     fAcc:  0.500      Maxd:  30.21142   E*/N:  -0.82693   P*:     nan        P*cold: nan        Mu*_xs: -0.00000   Cv*/N_xs:  0.00000         E(kJ/mol): -0.825     P(bar):    0.070     
Step:  1579999    NAcc:  790002     fAcc:  0.500      Maxd:  4.09681    E*/N:  -0.80450   P*:     nan        P*cold: nan        Mu*_xs: -0.00000   Cv*/N_xs:  0.00000         E(kJ/mol): -0.802     P(bar):    0.088     
Step:  1599999    NAcc:  800003     fAcc:  0.500      Maxd:  33.27025   E*/N:  -0.78557   P*:     nan        P*cold: nan        Mu*_xs: -0.00000   Cv*/N_xs:  0.00000         E(kJ/mol): -0.784     P(bar):    0.067     
Step:  1619999    NAcc:  810004     fAcc:  0.500      Maxd:  31.33765   E*/N:  -0.81239   P*:     nan        P*cold: nan        Mu*_xs: -0.00000   Cv*/N_xs:  0.00000         E(kJ/mol): -0.810     P(bar):    0.069     
Step:  1639999    NAcc:  820000     fAcc:  0.500      Maxd:  1.02794    E*/N:  -0.84597   P*:     nan        P*cold: nan        Mu*_xs: -0.00000   Cv*/N_xs:  0.00000         E(kJ/mol): -0.844     P(bar):    0.072     
Step:  1659999    NAcc:  830003     fAcc:  0.500      Maxd:  28.30148   E*/N:  -0.77312   P*:     nan        P*cold: nan        Mu*_xs: -0.00000   Cv*/N_xs:  0.00000         E(kJ/mol): -0.771     P(bar):    0.067     
Step:  1679999    NAcc:  840000     fAcc:  0.500      Maxd:  5.88647    E*/N:  -0.80700   P*:     nan        P*cold: nan        Mu*_xs: -0.00000   Cv*/N_xs:  0.00000         E(kJ/mol): -0.805     P(bar):    0.074     
Step:  1699999    NAcc:  850005     fAcc:  0.500      Maxd:  31.23727   E*/N:  -0.78911   P*:     nan        P*cold: nan        Mu*_xs: -0.00000   Cv*/N_xs:  0.00000         E(kJ/mol): -0.787     P(bar):    0.072     
Step:  1719999    NAcc:  860002     fAcc:  0.500      Maxd:  32.03786   E*/N:  -0.81701   P*:     nan        P*cold: nan        Mu*_xs: -0.00000   Cv*/N_xs:  0.00000         E(kJ/mol): -0.815     P(bar):    0.059     
Step:  1739999    NAcc:  869996     fAcc:  0.500      Maxd:  0.56231    E*/N:  -0.83626   P*:     nan        P*cold: nan        Mu*_xs: -0.00000   Cv*/N_xs:  0.00000         E(kJ/mol): -0.834     P(bar):    0.061     
Step:  1759999    NAcc:  880008     fAcc:  0.500      Maxd:  33.05746   E*/N:  -0.80804   P*:     nan        P*cold: nan        Mu*_xs: -0.00000   Cv*/N_xs:  0.00000         E(kJ/mol): -0.806     P(bar):    0.087     
Step:  1779999    NAcc:  890001     fAcc:  0.500      Maxd:  32.67922   E*/N:  -0.81425   P*:     nan        P*cold: nan        Mu*_xs: -0.00000   Cv*/N_xs:  0.00000         E(kJ/mol): -0.812     P(bar):    0.061     
Step:  1799999    NAcc:  899998     fAcc:  0.500      Maxd:  2.86038    E*/N:  -0.78764   P*:     nan        P*cold: nan        Mu*_xs: -0.00000   Cv*/N_xs:  0.00000         E(kJ/mol): -0.786     P(bar):    0.065     
Step:  1819999    NAcc:  910007     fAcc:  0.500      Maxd:  29.19695   E*/N:  -0.85417   P*:     nan        P*cold: nan        Mu*_xs: -0.00000   Cv*/N_xs:  0.00000         E(kJ/mol): -0.852     P(bar):    0.065     
Step:  1839999    NAcc:  920000     fAcc:  0.500      Maxd:  27.61140   E*/N:  -0.86845   P*:     nan        P*cold: nan        Mu*_xs: -0.00000   Cv*/N_xs:  0.00000         E(kJ/mol): -0.866     P(bar):    0.061     
Step:  1859999    NAcc:  930006     fAcc:  0.500      Maxd:  30.80526   E*/N:  -0.81156   P*:     nan        P*cold: nan        Mu*_xs: -0.00000   Cv*/N_xs:  0.00000         E(kJ/mol): -0.809     P(bar):    0.065     
Step:  1879999    NAcc:  940002     fAcc:  0.500      Maxd:  34.30828   E*/N:  -0.75939   P*:     nan        P*cold: nan        Mu*_xs: -0.00000   Cv*/N_xs:  0.00000         E(kJ/mol): -0.757     P(bar):    0.063     
Step:  1899999    NAcc:  950000     fAcc:  0.500      Maxd:  0.49817    E*/N:  -0.82295   P*:     nan        P*cold: nan        Mu*_xs: -0.00000   Cv*/N_xs:  0.00000         E(kJ/mol): -0.821     P(bar):    0.083     
Step:  1919999    NAcc:  960002     fAcc:  0.500      Maxd:  34.83724   E*/N:  -0.90481   P*:     nan        P*cold: nan        Mu*_xs: -0.00000   Cv*/N_xs:  0.00000         E(kJ/mol): -0.902     P(bar):    0.054     
Step:  1939999    NAcc:  970006     fAcc:  0.500      Maxd:  29.76023   E*/N:  -0.79687   P*:     nan        P*cold: nan        Mu*_xs: -0.00000   Cv*/N_xs:  0.00000         E(kJ/mol): -0.795     P(bar):    0.065     
Step:  1959999    NAcc:  980000     fAcc:  0.500      Maxd:  0.88735    E*/N:  -0.91445   P*:     nan        P*cold: nan        Mu*_xs: -0.00000   Cv*/N_xs:  0.00000         E(kJ/mol): -0.912     P(bar):    0.071     
Step:  1979999    NAcc:  990000     fAcc:  0.500      Maxd:  0.80077    E*/N:  -0.88883   P*:     nan        P*cold: nan        Mu*_xs: -0.00000   Cv*/N_xs:  0.00000         E(kJ/mol): -0.886     P(bar):    0.075     
Step:  1999999    NAcc:  1000003    fAcc:  0.500      Maxd:  29.24415   E*/N:  -0.75846   P*:     nan        P*cold: nan        Mu*_xs: -0.00000   Cv*/N_xs:  0.00000         E(kJ/mol): -0.756     P(bar):    0.065     
Step:  2019999    NAcc:  1009999    fAcc:  0.500      Maxd:  0.66084    E*/N:  -0.85730   P*:     0.07952    P*cold: -0.04048   Mu*_xs: -0.82379   Cv*/N_xs:  0.31594         E(kJ/mol): -0.855     P(bar):    0.051     
Step:  2039999    NAcc:  1020000    fAcc:  0.500      Maxd:  0.85897    E*/N:  -0.81615   P*:     0.07956    P*cold: -0.04044   Mu*_xs: -0.83652   Cv*/N_xs:  0.53894         E(kJ/mol): -0.814     P(bar):    0.061     
Step:  2059999    NAcc:  1029999    fAcc:  0.500      Maxd:  1.84059    E*/N:  -0.85213   P*:     0.08067    P*cold: -0.03933   Mu*_xs: -0.83716   Cv*/N_xs:  0.49920         E(kJ/mol): -0.850     P(bar):    0.064     
Step:  2079999    NAcc:  1040001    fAcc:  0.500      Maxd:  31.18198   E*/N:  -0.85252   P*:     0.08035    P*cold: -0.03965   Mu*_xs: -0.83695   Cv*/N_xs:  0.48382         E(kJ/mol): -0.850     P(bar):    0.080     
Step:  2099999    NAcc:  1050001    fAcc:  0.500      Maxd:  30.55620   E*/N:  -0.86209   P*:     0.08060    P*cold: -0.03940   Mu*_xs: -0.83729   Cv*/N_xs:  0.48344         E(kJ/mol): -0.860     P(bar):    0.057     
Step:  2119999    NAcc:  1060004    fAcc:  0.500      Maxd:  31.02699   E*/N:  -0.86017   P*:     0.08029    P*cold: -0.03971   Mu*_xs: -0.83754   Cv*/N_xs:  0.48132         E(kJ/mol): -0.858     P(bar):    0.064     
Step:  2139999    NAcc:  1069999    fAcc:  0.500      Maxd:  16.53965   E*/N:  -0.81161   P*:     0.07968    P*cold: -0.04032   Mu*_xs: -0.83533   Cv*/N_xs:  0.49803         E(kJ/mol): -0.809     P(bar):    0.070     
Step:  2159999    NAcc:  1080004    fAcc:  0.500      Maxd:  34.34004   E*/N:  -0.80519   P*:     0.07978    P*cold: -0.04022   Mu*_xs: -0.83552   Cv*/N_xs:  0.53895         E(kJ/mol): -0.803     P(bar):    0.083     
Step:  2179999    NAcc:  1090000    fAcc:  0.500      Maxd:  0.52873    E*/N:  -0.87582   P*:     0.07972    P*cold: -0.04028   Mu*_xs: -0.83726   Cv*/N_xs:  0.59472         E(kJ/mol): -0.874     P(bar):    0.067     
Step:  2199999    NAcc:  1100002    fAcc:  0.500      Maxd:  34.79981   E*/N:  -0.83588   P*:     0.07944    P*cold: -0.04056   Mu*_xs: -0.83771   Cv*/N_xs:  0.62509         E(kJ/mol): -0.834     P(bar):    0.059     
Step:  2219999    NAcc:  1110007    fAcc:  0.500      Maxd:  30.65057   E*/N:  -0.81596   P*:     0.07927    P*cold: -0.04073   Mu*_xs: -0.83834   Cv*/N_xs:  0.58899         E(kJ/mol): -0.814     P(bar):    0.067     
Step:  2239999    NAcc:  1120001    fAcc:  0.500      Maxd:  32.50903   E*/N:  -0.83244   P*:     0.07920    P*cold: -0.04080   Mu*_xs: -0.83907   Cv*/N_xs:  0.60042         E(kJ/mol): -0.830     P(bar):    0.087     
Step:  2259999    NAcc:  1129999    fAcc:  0.500      Maxd:  10.33472   E*/N:  -0.80996   P*:     0.07955    P*cold: -0.04045   Mu*_xs: -0.83853   Cv*/N_xs:  0.57104         E(kJ/mol): -0.808     P(bar):    0.065     
Step:  2279999    NAcc:  1140001    fAcc:  0.500      Maxd:  2.28270    E*/N:  -0.76467   P*:     0.07940    P*cold: -0.04060   Mu*_xs: -0.83993   Cv*/N_xs:  0.56522         E(kJ/mol): -0.763     P(bar):    0.075     
Step:  2299999    NAcc:  1150004    fAcc:  0.500      Maxd:  30.57540   E*/N:  -0.79515   P*:     0.07955    P*cold: -0.04045   Mu*_xs: -0.84047   Cv*/N_xs:  0.57654         E(kJ/mol): -0.793     P(bar):    0.060     
Step:  2319999    NAcc:  1160004    fAcc:  0.500      Maxd:  5.15422    E*/N:  -0.84939   P*:     0.07991    P*cold: -0.04009   Mu*_xs: -0.83993   Cv*/N_xs:  0.58437         E(kJ/mol): -0.847     P(bar):    0.079     
Step:  2339999    NAcc:  1170000    fAcc:  0.500      Maxd:  2.44676    E*/N:  -0.86829   P*:     0.08014    P*cold: -0.03986   Mu*_xs: -0.84032   Cv*/N_xs:  0.57002         E(kJ/mol): -0.866     P(bar):    0.079     
Step:  2359999    NAcc:  1180005    fAcc:  0.500      Maxd:  29.90249   E*/N:  -0.77712   P*:     0.08022    P*cold: -0.03978   Mu*_xs: -0.84019   Cv*/N_xs:  0.57266         E(kJ/mol): -0.775     P(bar):    0.089     
Step:  2379999    NAcc:  1189999    fAcc:  0.500      Maxd:  4.05085    E*/N:  -0.81075   P*:     0.08026    P*cold: -0.03974   Mu*_xs: -0.84088   Cv*/N_xs:  0.58068         E(kJ/mol): -0.809     P(bar):    0.071     
Step:  2399999    NAcc:  1200000    fAcc:  0.500      Maxd:  26.80326   E*/N:  -0.79580   P*:     0.08011    P*cold: -0.03989   Mu*_xs: -0.83980   Cv*/N_xs:  0.59114         E(kJ/mol): -0.794     P(bar):    0.082     
Step:  2419999    NAcc:  1209998    fAcc:  0.500      Maxd:  4.03173    E*/N:  -0.87780   P*:     0.08015    P*cold: -0.03985   Mu*_xs: -0.83951   Cv*/N_xs:  0.58740         E(kJ/mol): -0.875     P(bar):    0.065     
Step:  2439999    NAcc:  1220001    fAcc:  0.500      Maxd:  6.43358    E*/N:  -0.82892   P*:     0.08034    P*cold: -0.03966   Mu*_xs: -0.83937   Cv*/N_xs:  0.57647         E(kJ/mol): -0.827     P(bar):    0.059     
Step:  2459999    NAcc:  1229998    fAcc:  0.500      Maxd:  4.47902    E*/N:  -0.82822   P*:     0.08039    P*cold: -0.03961   Mu*_xs: -0.83885   Cv*/N_xs:  0.58649         E(kJ/mol): -0.826     P(bar):    0.065     
Step:  2479999    NAcc:  1240002    fAcc:  0.500      Maxd:  2.29846    E*/N:  -0.81843   P*:     0.08024    P*cold: -0.03976   Mu*_xs: -0.83821   Cv*/N_xs:  0.57535         E(kJ/mol): -0.816     P(bar):    0.071     
Step:  2499999    NAcc:  1250000    fAcc:  0.500      Maxd:  24.01406   E*/N:  -0.79307   P*:     0.08033    P*cold: -0.03967   Mu*_xs: -0.83915   Cv*/N_xs:  0.57702         E(kJ/mol): -0.791     P(bar):    0.077     
Step:  2519999    NAcc:  1260001    fAcc:  0.500      Maxd:  1.47400    E*/N:  -0.81476   P*:     0.08024    P*cold: -0.03976   Mu*_xs: -0.83906   Cv*/N_xs:  0.57747         E(kJ/mol): -0.813     P(bar):    0.073     
Step:  2539999    NAcc:  1270000    fAcc:  0.500      Maxd:  23.49707   E*/N:  -0.83707   P*:     0.08049    P*cold: -0.03951   Mu*_xs: -0.83943   Cv*/N_xs:  0.57942         E(kJ/mol): -0.835     P(bar):    0.070     
Step:  2559999    NAcc:  1280003    fAcc:  0.500      Maxd:  9.31620    E*/N:  -0.76082   P*:     0.08051    P*cold: -0.03949   Mu*_xs: -0.83953   Cv*/N_xs:  0.58288         E(kJ/mol): -0.759     P(bar):    0.072     
Step:  2579999    NAcc:  1289999    fAcc:  0.500      Maxd:  0.53605    E*/N:  -0.85831   P*:     0.08057    P*cold: -0.03943   Mu*_xs: -0.84011   Cv*/N_xs:  0.58083         E(kJ/mol): -0.856     P(bar):    0.053     
Step:  2599999    NAcc:  1299999    fAcc:  0.500      Maxd:  2.26718    E*/N:  -0.83535   P*:     0.08070    P*cold: -0.03930   Mu*_xs: -0.84034   Cv*/N_xs:  0.57534         E(kJ/mol): -0.833     P(bar):    0.080     
Step:  2619999    NAcc:  1310004    fAcc:  0.500      Maxd:  3.42217    E*/N:  -0.82192   P*:     0.08068    P*cold: -0.03932   Mu*_xs: -0.83990   Cv*/N_xs:  0.58309         E(kJ/mol): -0.820     P(bar):    0.072     
Step:  2639999    NAcc:  1320001    fAcc:  0.500      Maxd:  6.39739    E*/N:  -0.81640   P*:     0.08064    P*cold: -0.03936   Mu*_xs: -0.84028   Cv*/N_xs:  0.58832         E(kJ/mol): -0.814     P(bar):    0.064     
Step:  2659999    NAcc:  1330005    fAcc:  0.500      Maxd:  33.31682   E*/N:  -0.76474   P*:     0.08052    P*cold: -0.03948   Mu*_xs: -0.84058   Cv*/N_xs:  0.60222         E(kJ/mol): -0.763     P(bar):    0.080     
Step:  2679999    NAcc:  1340002    fAcc:  0.500      Maxd:  31.38937   E*/N:  -0.81544   P*:     0.08054    P*cold: -0.03946   Mu*_xs: -0.84015   Cv*/N_xs:  0.59476         E(kJ/mol): -0.813     P(bar):    0.082     
Step:  2699999    NAcc:  1350002    fAcc:  0.500      Maxd:  22.27861   E*/N:  -0.78499   P*:     0.08065    P*cold: -0.03935   Mu*_xs: -0.84047   Cv*/N_xs:  0.58912         E(kJ/mol): -0.783     P(bar):    0.071     
Step:  2719999    NAcc:  1360001    fAcc:  0.500      Maxd:  1.05444    E*/N:  -0.81748   P*:     0.08067    P*cold: -0.03933   Mu*_xs: -0.84017   Cv*/N_xs:  0.59639         E(kJ/mol): -0.815     P(bar):    0.070     
Step:  2739999    NAcc:  1370000    fAcc:  0.500      Maxd:  2.66354    E*/N:  -0.80453   P*:     0.08067    P*cold: -0.03933   Mu*_xs: -0.83964   Cv*/N_xs:  0.60357         E(kJ/mol): -0.802     P(bar):    0.059     
Step:  2759999    NAcc:  1380007    fAcc:  0.500      Maxd:  33.43587   E*/N:  -0.77938   P*:     0.08068    P*cold: -0.03932   Mu*_xs: -0.83953   Cv*/N_xs:  0.60051         E(kJ/mol): -0.777     P(bar):    0.070     
Step:  2779999    NAcc:  1390003    fAcc:  0.500      Maxd:  31.77096   E*/N:  -0.75018   P*:     0.08076    P*cold: -0.03924   Mu*_xs: -0.83939   Cv*/N_xs:  0.62248         E(kJ/mol): -0.748     P(bar):    0.087     
Step:  2799999    NAcc:  1400000    fAcc:  0.500      Maxd:  0.52195    E*/N:  -0.80874   P*:     0.08075    P*cold: -0.03925   Mu*_xs: -0.83954   Cv*/N_xs:  0.61952         E(kJ/mol): -0.807     P(bar):    0.064     
Step:  2819999    NAcc:  1410002    fAcc:  0.500      Maxd:  18.40487   E*/N:  -0.84326   P*:     0.08069    P*cold: -0.03931   Mu*_xs: -0.83921   Cv*/N_xs:  0.61326         E(kJ/mol): -0.841     P(bar):    0.069     
Step:  2839999    NAcc:  1419999    fAcc:  0.500      Maxd:  0.49485    E*/N:  -0.87313   P*:     0.08078    P*cold: -0.03922   Mu*_xs: -0.83893   Cv*/N_xs:  0.62905         E(kJ/mol): -0.871     P(bar):    0.058     
Step:  2859999    NAcc:  1430004    fAcc:  0.500      Maxd:  30.97899   E*/N:  -0.85736   P*:     0.08078    P*cold: -0.03922   Mu*_xs: -0.83932   Cv*/N_xs:  0.62382         E(kJ/mol): -0.855     P(bar):    0.065     
Step:  2879999    NAcc:  1440004    fAcc:  0.500      Maxd:  30.68597   E*/N:  -0.87698   P*:     0.08078    P*cold: -0.03922   Mu*_xs: -0.83976   Cv*/N_xs:  0.63791         E(kJ/mol): -0.875     P(bar):    0.065     
Step:  2899999    NAcc:  1450002    fAcc:  0.500      Maxd:  32.99799   E*/N:  -0.78792   P*:     0.08081    P*cold: -0.03919   Mu*_xs: -0.83984   Cv*/N_xs:  0.63227         E(kJ/mol): -0.786     P(bar):    0.074     
Step:  2919999    NAcc:  1460000    fAcc:  0.500      Maxd:  0.90358    E*/N:  -0.83620   P*:     0.08088    P*cold: -0.03912   Mu*_xs: -0.83966   Cv*/N_xs:  0.62670         E(kJ/mol): -0.834     P(bar):    0.081     
Step:  2939999    NAcc:  1470000    fAcc:  0.500      Maxd:  0.46929    E*/N:  -0.85667   P*:     0.08096    P*cold: -0.03904   Mu*_xs: -0.84030   Cv*/N_xs:  0.62573         E(kJ/mol): -0.854     P(bar):    0.070     
Step:  2959999    NAcc:  1480002    fAcc:  0.500      Maxd:  2.29224    E*/N:  -0.79625   P*:     0.08094    P*cold: -0.03906   Mu*_xs: -0.84005   Cv*/N_xs:  0.63037         E(kJ/mol): -0.794     P(bar):    0.066     
Step:  2979999    NAcc:  1489995    fAcc:  0.500      Maxd:  0.69904    E*/N:  -0.84975   P*:     0.08101    P*cold: -0.03899   Mu*_xs: -0.83997   Cv*/N_xs:  0.65311         E(kJ/mol): -0.848     P(bar):    0.083     
Step:  2999999    NAcc:  1500002    fAcc:  0.500      Maxd:  33.69310   E*/N:  -0.84378   P*:     0.08111    P*cold: -0.03889   Mu*_xs: -0.84032   Cv*/N_xs:  0.64617         E(kJ/mol): -0.842     P(bar):    0.065     
Step:  3019999    NAcc:  1510000    fAcc:  0.500      Maxd:  26.39372   E*/N:  -0.90147   P*:     0.08108    P*cold: -0.03892   Mu*_xs: -0.84052   Cv*/N_xs:  0.66903         E(kJ/mol): -0.899     P(bar):    0.065     
Step:  3039999    NAcc:  1519999    fAcc:  0.500      Maxd:  6.85008    E*/N:  -0.82794   P*:     0.08101    P*cold: -0.03899   Mu*_xs: -0.84016   Cv*/N_xs:  0.66951         E(kJ/mol): -0.826     P(bar):    0.075     
Step:  3059999    NAcc:  1529999    fAcc:  0.500      Maxd:  0.56052    E*/N:  -0.78724   P*:     0.08100    P*cold: -0.03900   Mu*_xs: -0.84003   Cv*/N_xs:  0.67622         E(kJ/mol): -0.785     P(bar):    0.049     
Step:  3079999    NAcc:  1540004    fAcc:  0.500      Maxd:  32.96035   E*/N:  -0.82751   P*:     0.08099    P*cold: -0.03901   Mu*_xs: -0.83972   Cv*/N_xs:  0.66922         E(kJ/mol): -0.825     P(bar):    0.075     
Step:  3099999    NAcc:  1549998    fAcc:  0.500      Maxd:  1.12481    E*/N:  -0.83270   P*:     0.08089    P*cold: -0.03911   Mu*_xs: -0.83931   Cv*/N_xs:  0.66245         E(kJ/mol): -0.831     P(bar):    0.071     
Step:  3119999    NAcc:  1560007    fAcc:  0.500      Maxd:  30.85237   E*/N:  -0.83373   P*:     0.08091    P*cold: -0.03909   Mu*_xs: -0.83961   Cv*/N_xs:  0.65625         E(kJ/mol): -0.832     P(bar):    0.066     
Step:  3139999    NAcc:  1570002    fAcc:  0.500      Maxd:  1.45694    E*/N:  -0.82526   P*:     0.08090    P*cold: -0.03910   Mu*_xs: -0.83975   Cv*/N_xs:  0.64879         E(kJ/mol): -0.823     P(bar):    0.069     
Step:  3159999    NAcc:  1580001    fAcc:  0.500      Maxd:  3.78307    E*/N:  -0.85513   P*:     0.08092    P*cold: -0.03908   Mu*_xs: -0.83954   Cv*/N_xs:  0.65523         E(kJ/mol): -0.853     P(bar):    0.072     
Step:  3179999    NAcc:  1590004    fAcc:  0.500      Maxd:  30.76087   E*/N:  -0.88026   P*:     0.08088    P*cold: -0.03912   Mu*_xs: -0.83938   Cv*/N_xs:  0.65391         E(kJ/mol): -0.878     P(bar):    0.063     
Step:  3199999    NAcc:  1600002    fAcc:  0.500      Maxd:  12.63140   E*/N:  -0.78867   P*:     0.08085    P*cold: -0.03915   Mu*_xs: -0.83952   Cv*/N_xs:  0.65560         E(kJ/mol): -0.787     P(bar):    0.075     
Step:  3219999    NAcc:  1609999    fAcc:  0.500      Maxd:  1.70304    E*/N:  -0.88909   P*:     0.08089    P*cold: -0.03911   Mu*_xs: -0.83923   Cv*/N_xs:  0.65330         E(kJ/mol): -0.887     P(bar):    0.071     
Step:  3239999    NAcc:  1620003    fAcc:  0.500      Maxd:  2.30934    E*/N:  -0.80403   P*:     0.08086    P*cold: -0.03914   Mu*_xs: -0.83921   Cv*/N_xs:  0.65028         E(kJ/mol): -0.802     P(bar):    0.083     
Step:  3259999    NAcc:  1629998    fAcc:  0.500      Maxd:  0.50982    E*/N:  -0.84988   P*:     0.08096    P*cold: -0.03904   Mu*_xs: -0.83930   Cv*/N_xs:  0.64712         E(kJ/mol): -0.848     P(bar):    0.066     
Step:  3279999    NAcc:  1640002    fAcc:  0.500      Maxd:  4.51620    E*/N:  -0.85750   P*:     0.08093    P*cold: -0.03907   Mu*_xs: -0.83944   Cv*/N_xs:  0.64220         E(kJ/mol): -0.855     P(bar):    0.063     
Step:  3299999    NAcc:  1650003    fAcc:  0.500      Maxd:  31.18199   E*/N:  -0.76931   P*:     0.08098    P*cold: -0.03902   Mu*_xs: -0.83966   Cv*/N_xs:  0.64196         E(kJ/mol): -0.767     P(bar):    0.067     
Step:  3319999    NAcc:  1659999    fAcc:  0.500      Maxd:  4.40129    E*/N:  -0.85274   P*:     0.08093    P*cold: -0.03907   Mu*_xs: -0.83963   Cv*/N_xs:  0.64072         E(kJ/mol): -0.851     P(bar):    0.066     
Step:  3339999    NAcc:  1670001    fAcc:  0.500      Maxd:  33.62423   E*/N:  -0.88491   P*:     0.08088    P*cold: -0.03912   Mu*_xs: -0.83968   Cv*/N_xs:  0.63876         E(kJ/mol): -0.883     P(bar):    0.058     
Step:  3359999    NAcc:  1680007    fAcc:  0.500      Maxd:  31.15187   E*/N:  -0.80960   P*:     0.08085    P*cold: -0.03915   Mu*_xs: -0.83997   Cv*/N_xs:  0.63456         E(kJ/mol): -0.807     P(bar):    0.069     
Step:  3379999    NAcc:  1690005    fAcc:  0.500      Maxd:  30.84944   E*/N:  -0.81237   P*:     0.08086    P*cold: -0.03914   Mu*_xs: -0.84012   Cv*/N_xs:  0.62907         E(kJ/mol): -0.810     P(bar):    0.078     
Step:  3399999    NAcc:  1700000    fAcc:  0.500      Maxd:  6.23270    E*/N:  -0.86683   P*:     0.08085    P*cold: -0.03915   Mu*_xs: -0.84003   Cv*/N_xs:  0.62621         E(kJ/mol): -0.865     P(bar):    0.063     
Step:  3419999    NAcc:  1710001    fAcc:  0.500      Maxd:  0.92678    E*/N:  -0.83394   P*:     0.08083    P*cold: -0.03917   Mu*_xs: -0.84001   Cv*/N_xs:  0.62769         E(kJ/mol): -0.832     P(bar):    0.068     
Step:  3439999    NAcc:  1720005    fAcc:  0.500      Maxd:  22.21077   E*/N:  -0.81480   P*:     0.08087    P*cold: -0.03913   Mu*_xs: -0.83967   Cv*/N_xs:  0.62610         E(kJ/mol): -0.813     P(bar):    0.078     
Step:  3459999    NAcc:  1730001    fAcc:  0.500      Maxd:  3.45928    E*/N:  -0.89446   P*:     0.08084    P*cold: -0.03916   Mu*_xs: -0.83981   Cv*/N_xs:  0.62731         E(kJ/mol): -0.892     P(bar):    0.059     
Step:  3479999    NAcc:  1739999    fAcc:  0.500      Maxd:  0.55688    E*/N:  -0.80886   P*:     0.08091    P*cold: -0.03909   Mu*_xs: -0.83994   Cv*/N_xs:  0.62491         E(kJ/mol): -0.807     P(bar):    0.063     
Step:  3499999    NAcc:  1750001    fAcc:  0.500      Maxd:  1.37466    E*/N:  -0.82842   P*:     0.08086    P*cold: -0.03914   Mu*_xs: -0.84001   Cv*/N_xs:  0.62401         E(kJ/mol): -0.826     P(bar):    0.068     
Step:  3519999    NAcc:  1760003    fAcc:  0.500      Maxd:  31.13939   E*/N:  -0.86661   P*:     0.08087    P*cold: -0.03913   Mu*_xs: -0.84021   Cv*/N_xs:  0.61982         E(kJ/mol): -0.864     P(bar):    0.049     
Step:  3539999    NAcc:  1770003    fAcc:  0.500      Maxd:  30.52210   E*/N:  -0.86806   P*:     0.08083    P*cold: -0.03917   Mu*_xs: -0.84035   Cv*/N_xs:  0.61765         E(kJ/mol): -0.866     P(bar):    0.066     
Step:  3559999    NAcc:  1780003    fAcc:  0.500      Maxd:  33.38549   E*/N:  -0.80369   P*:     0.08088    P*cold: -0.03912   Mu*_xs: -0.84064   Cv*/N_xs:  0.61889         E(kJ/mol): -0.802     P(bar):    0.073     
Step:  3579999    NAcc:  1790004    fAcc:  0.500      Maxd:  29.45645   E*/N:  -0.86790   P*:     0.08088    P*cold: -0.03912   Mu*_xs: -0.84056   Cv*/N_xs:  0.61398         E(kJ/mol): -0.866     P(bar):    0.067     
Step:  3599999    NAcc:  1799998    fAcc:  0.500      Maxd:  1.25120    E*/N:  -0.84990   P*:     0.08083    P*cold: -0.03917   Mu*_xs: -0.84047   Cv*/N_xs:  0.61555         E(kJ/mol): -0.848     P(bar):    0.063     
Step:  3619999    NAcc:  1810002    fAcc:  0.500      Maxd:  33.45369   E*/N:  -0.83550   P*:     0.08080    P*cold: -0.03920   Mu*_xs: -0.84058   Cv*/N_xs:  0.61846         E(kJ/mol): -0.833     P(bar):    0.059     
Step:  3639999    NAcc:  1820009    fAcc:  0.500      Maxd:  33.85019   E*/N:  -0.78562   P*:     0.08073    P*cold: -0.03927   Mu*_xs: -0.84095   Cv*/N_xs:  0.61531         E(kJ/mol): -0.784     P(bar):    0.066     
Step:  3659999    NAcc:  1830006    fAcc:  0.500      Maxd:  33.62245   E*/N:  -0.81359   P*:     0.08076    P*cold: -0.03924   Mu*_xs: -0.84098   Cv*/N_xs:  0.61947         E(kJ/mol): -0.811     P(bar):    0.066     
Step:  3679999    NAcc:  1839999    fAcc:  0.500      Maxd:  2.54506    E*/N:  -0.82671   P*:     0.08078    P*cold: -0.03922   Mu*_xs: -0.84101   Cv*/N_xs:  0.61869         E(kJ/mol): -0.825     P(bar):    0.067     
Step:  3699999    NAcc:  1850004    fAcc:  0.500      Maxd:  6.04627    E*/N:  -0.84673   P*:     0.08079    P*cold: -0.03921   Mu*_xs: -0.84114   Cv*/N_xs:  0.61691         E(kJ/mol): -0.845     P(bar):    0.063     
Step:  3719999    NAcc:  1860000    fAcc:  0.500      Maxd:  0.52605    E*/N:  -0.85186   P*:     0.08078    P*cold: -0.03922   Mu*_xs: -0.84149   Cv*/N_xs:  0.61356         E(kJ/mol): -0.850     P(bar):    0.057     
Step:  3739999    NAcc:  1870003    fAcc:  0.500      Maxd:  33.89464   E*/N:  -0.84531   P*:     0.08072    P*cold: -0.03928   Mu*_xs: -0.84135   Cv*/N_xs:  0.61026         E(kJ/mol): -0.843     P(bar):    0.069     
Step:  3759999    NAcc:  1879998    fAcc:  0.500      Maxd:  0.97191    E*/N:  -0.86618   P*:     0.08073    P*cold: -0.03927   Mu*_xs: -0.84141   Cv*/N_xs:  0.61838         E(kJ/mol): -0.864     P(bar):    0.070     
Step:  3779999    NAcc:  1890005    fAcc:  0.500      Maxd:  31.83042   E*/N:  -0.77676   P*:     0.08075    P*cold: -0.03925   Mu*_xs: -0.84154   Cv*/N_xs:  0.61700         E(kJ/mol): -0.775     P(bar):    0.081     
Step:  3799999    NAcc:  1900000    fAcc:  0.500      Maxd:  25.43917   E*/N:  -0.88257   P*:     0.08074    P*cold: -0.03926   Mu*_xs: -0.84183   Cv*/N_xs:  0.61976         E(kJ/mol): -0.880     P(bar):    0.069     
Step:  3819999    NAcc:  1910000    fAcc:  0.500      Maxd:  8.72257    E*/N:  -0.83846   P*:     0.08077    P*cold: -0.03923   Mu*_xs: -0.84188   Cv*/N_xs:  0.61908         E(kJ/mol): -0.836     P(bar):    0.071     
Step:  3839999    NAcc:  1920002    fAcc:  0.500      Maxd:  33.70203   E*/N:  -0.84417   P*:     0.08077    P*cold: -0.03923   Mu*_xs: -0.84205   Cv*/N_xs:  0.61908         E(kJ/mol): -0.842     P(bar):    0.063     
Step:  3859999    NAcc:  1930005    fAcc:  0.500      Maxd:  30.14061   E*/N:  -0.79785   P*:     0.08078    P*cold: -0.03922   Mu*_xs: -0.84210   Cv*/N_xs:  0.61561         E(kJ/mol): -0.796     P(bar):    0.077     
Step:  3879999    NAcc:  1940000    fAcc:  0.500      Maxd:  20.62937   E*/N:  -0.83395   P*:     0.08075    P*cold: -0.03925   Mu*_xs: -0.84205   Cv*/N_xs:  0.61302         E(kJ/mol): -0.832     P(bar):    0.072     
Step:  3899999    NAcc:  1949999    fAcc:  0.500      Maxd:  1.47858    E*/N:  -0.82277   P*:     0.08069    P*cold: -0.03931   Mu*_xs: -0.84208   Cv*/N_xs:  0.61231         E(kJ/mol): -0.821     P(bar):    0.062     
Step:  3919999    NAcc:  1960002    fAcc:  0.500      Maxd:  31.13141   E*/N:  -0.82176   P*:     0.08062    P*cold: -0.03938   Mu*_xs: -0.84218   Cv*/N_xs:  0.60928         E(kJ/mol): -0.820     P(bar):    0.083     
Step:  3939999    NAcc:  1970000    fAcc:  0.500      Maxd:  10.38689   E*/N:  -0.83372   P*:     0.08061    P*cold: -0.03939   Mu*_xs: -0.84211   Cv*/N_xs:  0.60853         E(kJ/mol): -0.832     P(bar):    0.079     
Step:  3959999    NAcc:  1980000    fAcc:  0.500      Maxd:  15.17614   E*/N:  -0.80803   P*:     0.08066    P*cold: -0.03934   Mu*_xs: -0.84218   Cv*/N_xs:  0.60963         E(kJ/mol): -0.806     P(bar):    0.069     
Step:  3979999    NAcc:  1990001    fAcc:  0.500      Maxd:  33.28547   E*/N:  -0.86589   P*:     0.08065    P*cold: -0.03935   Mu*_xs: -0.84216   Cv*/N_xs:  0.61487         E(kJ/mol): -0.864     P(bar):    0.053     
Step:  3999999    NAcc:  2000002    fAcc:  0.500      Maxd:  33.45303   E*/N:  -0.86928   P*:     0.08062    P*cold: -0.03938   Mu*_xs: -0.84211   Cv*/N_xs:  0.61308         E(kJ/mol): -0.867     P(bar):    0.058     
Step:  4019999    NAcc:  2010001    fAcc:  0.500      Maxd:  34.23315   E*/N:  -0.79973   P*:     0.08063    P*cold: -0.03937   Mu*_xs: -0.84188   Cv*/N_xs:  0.61205         E(kJ/mol): -0.798     P(bar):    0.056     
Step:  4039999    NAcc:  2020002    fAcc:  0.500      Maxd:  29.46463   E*/N:  -0.79378   P*:     0.08070    P*cold: -0.03930   Mu*_xs: -0.84178   Cv*/N_xs:  0.61450         E(kJ/mol): -0.792     P(bar):    0.060     
Step:  4059999    NAcc:  2030004    fAcc:  0.500      Maxd:  4.40548    E*/N:  -0.77955   P*:     0.08072    P*cold: -0.03928   Mu*_xs: -0.84198   Cv*/N_xs:  0.61440         E(kJ/mol): -0.778     P(bar):    0.084     
Step:  4079999    NAcc:  2040004    fAcc:  0.500      Maxd:  29.39159   E*/N:  -0.79376   P*:     0.08071    P*cold: -0.03929   Mu*_xs: -0.84189   Cv*/N_xs:  0.61471         E(kJ/mol): -0.792     P(bar):    0.058     
Step:  4099999    NAcc:  2050000    fAcc:  0.500      Maxd:  27.67044   E*/N:  -0.83503   P*:     0.08069    P*cold: -0.03931   Mu*_xs: -0.84192   Cv*/N_xs:  0.61272         E(kJ/mol): -0.833     P(bar):    0.051     
Step:  4119999    NAcc:  2060007    fAcc:  0.500      Maxd:  30.16794   E*/N:  -0.82283   P*:     0.08066    P*cold: -0.03934   Mu*_xs: -0.84186   Cv*/N_xs:  0.61583         E(kJ/mol): -0.821     P(bar):    0.062     
Step:  4139999    NAcc:  2070004    fAcc:  0.500      Maxd:  29.54027   E*/N:  -0.82687   P*:     0.08065    P*cold: -0.03935   Mu*_xs: -0.84176   Cv*/N_xs:  0.61458         E(kJ/mol): -0.825     P(bar):    0.070     
Step:  4159999    NAcc:  2080001    fAcc:  0.500      Maxd:  30.70226   E*/N:  -0.87105   P*:     0.08064    P*cold: -0.03936   Mu*_xs: -0.84189   Cv*/N_xs:  0.62104         E(kJ/mol): -0.869     P(bar):    0.070     
Step:  4179999    NAcc:  2090001    fAcc:  0.500      Maxd:  33.75964   E*/N:  -0.85143   P*:     0.08063    P*cold: -0.03937   Mu*_xs: -0.84179   Cv*/N_xs:  0.62006         E(kJ/mol): -0.849     P(bar):    0.056     
Step:  4199999    NAcc:  2100000    fAcc:  0.500      Maxd:  0.89752    E*/N:  -0.83185   P*:     0.08060    P*cold: -0.03940   Mu*_xs: -0.84192   Cv*/N_xs:  0.62021         E(kJ/mol): -0.830     P(bar):    0.055     
Step:  4219999    NAcc:  2110000    fAcc:  0.500      Maxd:  3.44790    E*/N:  -0.84153   P*:     0.08061    P*cold: -0.03939   Mu*_xs: -0.84183   Cv*/N_xs:  0.61745         E(kJ/mol): -0.839     P(bar):    0.064     
Step:  4239999    NAcc:  2119999    fAcc:  0.500      Maxd:  1.60629    E*/N:  -0.90446   P*:     0.08060    P*cold: -0.03940   Mu*_xs: -0.84184   Cv*/N_xs:  0.62059         E(kJ/mol): -0.902     P(bar):    0.070     
Step:  4259999    NAcc:  2130001    fAcc:  0.500      Maxd:  0.97244    E*/N:  -0.85458   P*:     0.08064    P*cold: -0.03936   Mu*_xs: -0.84188   Cv*/N_xs:  0.62013         E(kJ/mol): -0.852     P(bar):    0.059     
Step:  4279999    NAcc:  2140001    fAcc:  0.500      Maxd:  6.99398    E*/N:  -0.79457   P*:     0.08062    P*cold: -0.03938   Mu*_xs: -0.84199   Cv*/N_xs:  0.62376         E(kJ/mol): -0.792     P(bar):    0.071     
Step:  4299999    NAcc:  2150002    fAcc:  0.500      Maxd:  29.13902   E*/N:  -0.85170   P*:     0.08062    P*cold: -0.03938   Mu*_xs: -0.84210   Cv*/N_xs:  0.62068         E(kJ/mol): -0.849     P(bar):    0.063     
Step:  4319999    NAcc:  2160003    fAcc:  0.500      Maxd:  31.88064   E*/N:  -0.77956   P*:     0.08062    P*cold: -0.03938   Mu*_xs: -0.84197   Cv*/N_xs:  0.61963         E(kJ/mol): -0.778     P(bar):    0.082     
Step:  4339999    NAcc:  2170015    fAcc:  0.500      Maxd:  31.40552   E*/N:  -0.77571   P*:     0.08062    P*cold: -0.03938   Mu*_xs: -0.84202   Cv*/N_xs:  0.61826         E(kJ/mol): -0.774     P(bar):    0.054     
Step:  4359999    NAcc:  2180001    fAcc:  0.500      Maxd:  30.96072   E*/N:  -0.83378   P*:     0.08061    P*cold: -0.03939   Mu*_xs: -0.84210   Cv*/N_xs:  0.61930         E(kJ/mol): -0.832     P(bar):    0.076     
Step:  4379999    NAcc:  2190001    fAcc:  0.500      Maxd:  32.29967   E*/N:  -0.91507   P*:     0.08059    P*cold: -0.03941   Mu*_xs: -0.84200   Cv*/N_xs:  0.61895         E(kJ/mol): -0.913     P(bar):    0.061     
Step:  4399999    NAcc:  2200002    fAcc:  0.500      Maxd:  30.68361   E*/N:  -0.82718   P*:     0.08061    P*cold: -0.03939   Mu*_xs: -0.84220   Cv*/N_xs:  0.62183         E(kJ/mol): -0.825     P(bar):    0.074     
Step:  4419999    NAcc:  2210002    fAcc:  0.500      Maxd:  3.49352    E*/N:  -0.80313   P*:     0.08064    P*cold: -0.03936   Mu*_xs: -0.84234   Cv*/N_xs:  0.61931         E(kJ/mol): -0.801     P(bar):    0.074     
Step:  4439999    NAcc:  2220001    fAcc:  0.500      Maxd:  6.81995    E*/N:  -0.80605   P*:     0.08060    P*cold: -0.03940   Mu*_xs: -0.84234   Cv*/N_xs:  0.62154         E(kJ/mol): -0.804     P(bar):    0.074     
Step:  4459999    NAcc:  2230002    fAcc:  0.500      Maxd:  31.22744   E*/N:  -0.82164   P*:     0.08058    P*cold: -0.03942   Mu*_xs: -0.84250   Cv*/N_xs:  0.61854         E(kJ/mol): -0.819     P(bar):    0.082     
Step:  4479999    NAcc:  2240003    fAcc:  0.500      Maxd:  32.84006   E*/N:  -0.80861   P*:     0.08061    P*cold: -0.03939   Mu*_xs: -0.84233   Cv*/N_xs:  0.61763         E(kJ/mol): -0.806     P(bar):    0.076     
Step:  4499999    NAcc:  2250002    fAcc:  0.500      Maxd:  1.39492    E*/N:  -0.83400   P*:     0.08058    P*cold: -0.03942   Mu*_xs: -0.84238   Cv*/N_xs:  0.61591         E(kJ/mol): -0.832     P(bar):    0.067     
Step:  4519999    NAcc:  2259995    fAcc:  0.500      Maxd:  0.55543    E*/N:  -0.83689   P*:     0.08055    P*cold: -0.03945   Mu*_xs: -0.84259   Cv*/N_xs:  0.61556         E(kJ/mol): -0.835     P(bar):    0.061     
Step:  4539999    NAcc:  2269998    fAcc:  0.500      Maxd:  1.79465    E*/N:  -0.77555   P*:     0.08053    P*cold: -0.03947   Mu*_xs: -0.84241   Cv*/N_xs:  0.61674         E(kJ/mol): -0.774     P(bar):    0.072     
Step:  4559999    NAcc:  2279999    fAcc:  0.500      Maxd:  0.53322    E*/N:  -0.84154   P*:     0.08051    P*cold: -0.03949   Mu*_xs: -0.84235   Cv*/N_xs:  0.61912         E(kJ/mol): -0.839     P(bar):    0.072     
Step:  4579999    NAcc:  2290000    fAcc:  0.500      Maxd:  8.84539    E*/N:  -0.79249   P*:     0.08052    P*cold: -0.03948   Mu*_xs: -0.84229   Cv*/N_xs:  0.61931         E(kJ/mol): -0.790     P(bar):    0.061     
Step:  4599999    NAcc:  2300004    fAcc:  0.500      Maxd:  2.27622    E*/N:  -0.86017   P*:     0.08051    P*cold: -0.03949   Mu*_xs: -0.84229   Cv*/N_xs:  0.61799         E(kJ/mol): -0.858     P(bar):    0.073     
Step:  4619999    NAcc:  2310002    fAcc:  0.500      Maxd:  2.13168    E*/N:  -0.85414   P*:     0.08049    P*cold: -0.03951   Mu*_xs: -0.84229   Cv*/N_xs:  0.61599         E(kJ/mol): -0.852     P(bar):    0.054     
Step:  4639999    NAcc:  2320004    fAcc:  0.500      Maxd:  31.78324   E*/N:  -0.76925   P*:     0.08049    P*cold: -0.03951   Mu*_xs: -0.84235   Cv*/N_xs:  0.61479         E(kJ/mol): -0.767     P(bar):    0.058     
Step:  4659999    NAcc:  2330001    fAcc:  0.500      Maxd:  0.81138    E*/N:  -0.78964   P*:     0.08050    P*cold: -0.03950   Mu*_xs: -0.84235   Cv*/N_xs:  0.61409         E(kJ/mol): -0.788     P(bar):    0.076     
Step:  4679999    NAcc:  2340005    fAcc:  0.500      Maxd:  18.62998   E*/N:  -0.88201   P*:     0.08049    P*cold: -0.03951   Mu*_xs: -0.84231   Cv*/N_xs:  0.61341         E(kJ/mol): -0.880     P(bar):    0.062     
Step:  4699999    NAcc:  2350002    fAcc:  0.500      Maxd:  1.49644    E*/N:  -0.87287   P*:     0.08053    P*cold: -0.03947   Mu*_xs: -0.84243   Cv*/N_xs:  0.61593         E(kJ/mol): -0.871     P(bar):    0.064     
Step:  4719999    NAcc:  2360001    fAcc:  0.500      Maxd:  3.46975    E*/N:  -0.83084   P*:     0.08054    P*cold: -0.03946   Mu*_xs: -0.84248   Cv*/N_xs:  0.61659         E(kJ/mol): -0.829     P(bar):    0.063     
Step:  4739999    NAcc:  2370000    fAcc:  0.500      Maxd:  2.67617    E*/N:  -0.82350   P*:     0.08055    P*cold: -0.03945   Mu*_xs: -0.84254   Cv*/N_xs:  0.61493         E(kJ/mol): -0.821     P(bar):    0.061     
Step:  4759999    NAcc:  2380001    fAcc:  0.500      Maxd:  3.25681    E*/N:  -0.90320   P*:     0.08051    P*cold: -0.03949   Mu*_xs: -0.84248   Cv*/N_xs:  0.61427         E(kJ/mol): -0.901     P(bar):    0.051     
Step:  4779999    NAcc:  2390005    fAcc:  0.500      Maxd:  29.13314   E*/N:  -0.87590   P*:     0.08048    P*cold: -0.03952   Mu*_xs: -0.84254   Cv*/N_xs:  0.62126         E(kJ/mol): -0.874     P(bar):    0.055     
Step:  4799999    NAcc:  2400000    fAcc:  0.500      Maxd:  3.76135    E*/N:  -0.86055   P*:     0.08050    P*cold: -0.03950   Mu*_xs: -0.84253   Cv*/N_xs:  0.61819         E(kJ/mol): -0.858     P(bar):    0.071     
Step:  4819999    NAcc:  2410000    fAcc:  0.500      Maxd:  0.51493    E*/N:  -0.83345   P*:     0.08049    P*cold: -0.03951   Mu*_xs: -0.84227   Cv*/N_xs:  0.61827         E(kJ/mol): -0.831     P(bar):    0.071     
Step:  4839999    NAcc:  2420000    fAcc:  0.500      Maxd:  2.35249    E*/N:  -0.81600   P*:     0.08049    P*cold: -0.03951   Mu*_xs: -0.84246   Cv*/N_xs:  0.61953         E(kJ/mol): -0.814     P(bar):    0.055     
Step:  4859999    NAcc:  2430001    fAcc:  0.500      Maxd:  29.94833   E*/N:  -0.79638   P*:     0.08048    P*cold: -0.03952   Mu*_xs: -0.84238   Cv*/N_xs:  0.61841         E(kJ/mol): -0.794     P(bar):    0.063     
Step:  4879999    NAcc:  2440000    fAcc:  0.500      Maxd:  1.18862    E*/N:  -0.84210   P*:     0.08050    P*cold: -0.03950   Mu*_xs: -0.84226   Cv*/N_xs:  0.61784         E(kJ/mol): -0.840     P(bar):    0.076     
Step:  4899999    NAcc:  2450001    fAcc:  0.500      Maxd:  31.78846   E*/N:  -0.78609   P*:     0.08051    P*cold: -0.03949   Mu*_xs: -0.84227   Cv*/N_xs:  0.61583         E(kJ/mol): -0.784     P(bar):    0.077     
Step:  4919999    NAcc:  2460002    fAcc:  0.500      Maxd:  29.23795   E*/N:  -0.78542   P*:     0.08052    P*cold: -0.03948   Mu*_xs: -0.84227   Cv*/N_xs:  0.61561         E(kJ/mol): -0.783     P(bar):    0.066     
Step:  4939999    NAcc:  2470001    fAcc:  0.500      Maxd:  33.52262   E*/N:  -0.76020   P*:     0.08049    P*cold: -0.03951   Mu*_xs: -0.84234   Cv*/N_xs:  0.61630         E(kJ/mol): -0.758     P(bar):    0.069     
Step:  4959999    NAcc:  2480001    fAcc:  0.500      Maxd:  13.19169   E*/N:  -0.88564   P*:     0.08048    P*cold: -0.03952   Mu*_xs: -0.84240   Cv*/N_xs:  0.61720         E(kJ/mol): -0.883     P(bar):    0.061     
Step:  4979999    NAcc:  2490003    fAcc:  0.500      Maxd:  13.50610   E*/N:  -0.87351   P*:     0.08049    P*cold: -0.03951   Mu*_xs: -0.84229   Cv*/N_xs:  0.61974         E(kJ/mol): -0.871     P(bar):    0.085     
Step:  4999999    NAcc:  2500002    fAcc:  0.500      Maxd:  27.73436   E*/N:  -0.82775   P*:     0.08050    P*cold: -0.03950   Mu*_xs: -0.84219   Cv*/N_xs:  0.61900         E(kJ/mol): -0.826     P(bar):    0.059     
# Computed average properties: 
 # E*/N:  -0.82782  
 # P*:     0.08050   
 # Cv*/N_xs:   0.61900        
 # Mu*_xs:  -0.84219  
