# Number of atoms:       500
# Atom type:             Ar
# Molar Mass (g/mol):    39.948
# Density (g/cm^3):      1.01301
# LJ sigma (Angstrom):   3.4
# LJ epsilon/kB (K):     120
# LJ cutoff (Angstrom):  13.6
# LJ cutoff (sigma):     4
# Temperature (K):       144
# Number MC steps:       5e+06
# Output frequency:      20000
# Num. den. (atoms/Ang): 0.0152656
# Box length (x):        31.9952
# Box length (y):        31.9952
# Box length (z):        31.9952
# Init. spacing (Ang):   3.55502
# reduc. density (rho*): 0.6
# reduc. temp (T*):      1.2
Step:  19999      NAcc:  9998       fAcc:  0.500      Maxd:  0.27438    E*/N:  -3.92900   P*:     nan        P*cold: nan        Mu*_xs: -0.00000   Cv*/N_xs:  0.00000         E(kJ/mol): -3.919     P(bar):    1.860     
Step:  39999      NAcc:  19999      fAcc:  0.500      Maxd:  0.56670    E*/N:  -4.10222   P*:     nan        P*cold: nan        Mu*_xs: -0.00000   Cv*/N_xs:  0.00000         E(kJ/mol): -4.091     P(bar):    0.878     
Step:  59999      NAcc:  30000      fAcc:  0.500      Maxd:  1.57639    E*/N:  -4.26681   P*:     nan        P*cold: nan        Mu*_xs: -0.00000   Cv*/N_xs:  0.00000         E(kJ/mol): -4.256     P(bar):    0.249     
Step:  79999      NAcc:  39999      fAcc:  0.500      Maxd:  0.28690    E*/N:  -4.16015   P*:     nan        P*cold: nan        Mu*_xs: -0.00000   Cv*/N_xs:  0.00000         E(kJ/mol): -4.149     P(bar):    0.375     
Step:  99999      NAcc:  50000      fAcc:  0.500      Maxd:  0.25917    E*/N:  -4.11968   P*:     nan        P*cold: nan        Mu*_xs: -0.00000   Cv*/N_xs:  0.00000         E(kJ/mol): -4.109     P(bar):    0.270     
Step:  119999     NAcc:  59999      fAcc:  0.500      Maxd:  0.59005    E*/N:  -4.10334   P*:     nan        P*cold: nan        Mu*_xs: -0.00000   Cv*/N_xs:  0.00000         E(kJ/mol): -4.093     P(bar):    0.249     
Step:  139999     NAcc:  70000      fAcc:  0.500      Maxd:  0.84543    E*/N:  -4.12233   P*:     nan        P*cold: nan        Mu*_xs: -0.00000   Cv*/N_xs:  0.00000         E(kJ/mol): -4.112     P(bar):    0.205     
Step:  159999     NAcc:  80000      fAcc:  0.500      Maxd:  0.26055    E*/N:  -4.16184   P*:     nan        P*cold: nan        Mu*_xs: -0.00000   Cv*/N_xs:  0.00000         E(kJ/mol): -4.151     P(bar):    0.122     
Step:  179999     NAcc:  90000      fAcc:  0.500      Maxd:  1.73785    E*/N:  -4.02072   P*:     nan        P*cold: nan        Mu*_xs: -0.00000   Cv*/N_xs:  0.00000         E(kJ/mol): -4.010     P(bar):    0.501     
Step:  199999     NAcc:  99999      fAcc:  0.500      Maxd:  1.12851    E*/N:  -4.07324   P*:     nan        P*cold: nan        Mu*_xs: -0.00000   Cv*/N_xs:  0.00000         E(kJ/mol): -4.063     P(bar):    0.375     
Step:  219999     NAcc:  109999     fAcc:  0.500      Maxd:  0.30107    E*/N:  -4.06326   P*:     nan        P*cold: nan        Mu*_xs: -0.00000   Cv*/N_xs:  0.00000         E(kJ/mol): -4.053     P(bar):    0.339     
Step:  239999     NAcc:  119999     fAcc:  0.500      Maxd:  0.30130    E*/N:  -4.14049   P*:     nan        P*cold: nan        Mu*_xs: -0.00000   Cv*/N_xs:  0.00000         E(kJ/mol): -4.130     P(bar):    0.078     
Step:  259999     NAcc:  129998     fAcc:  0.500      Maxd:  0.44155    E*/N:  -4.10976   P*:     nan        P*cold: nan        Mu*_xs: -0.00000   Cv*/N_xs:  0.00000         E(kJ/mol): -4.099     P(bar):    0.127     
Step:  279999     NAcc:  139998     fAcc:  0.500      Maxd:  0.28203    E*/N:  -3.99798   P*:     nan        P*cold: nan        Mu*_xs: -0.00000   Cv*/N_xs:  0.00000         E(kJ/mol): -3.988     P(bar):    0.381     
Step:  299999     NAcc:  150002     fAcc:  0.500      Maxd:  0.54074    E*/N:  -4.06168   P*:     nan        P*cold: nan        Mu*_xs: -0.00000   Cv*/N_xs:  0.00000         E(kJ/mol): -4.051     P(bar):    0.115     
Step:  319999     NAcc:  160001     fAcc:  0.500      Maxd:  1.11569    E*/N:  -4.08754   P*:     nan        P*cold: nan        Mu*_xs: -0.00000   Cv*/N_xs:  0.00000         E(kJ/mol): -4.077     P(bar):    0.081     
Step:  339999     NAcc:  170001     fAcc:  0.500      Maxd:  0.41023    E*/N:  -3.99997   P*:     nan        P*cold: nan        Mu*_xs: -0.00000   Cv*/N_xs:  0.00000         E(kJ/mol): -3.989     P(bar):    0.315     
Step:  359999     NAcc:  180000     fAcc:  0.500      Maxd:  0.28043    E*/N:  -4.02980   P*:     nan        P*cold: nan        Mu*_xs: -0.00000   Cv*/N_xs:  0.00000         E(kJ/mol): -4.019     P(bar):    0.134     
Step:  379999     NAcc:  190000     fAcc:  0.500      Maxd:  2.40879    E*/N:  -3.99669   P*:     nan        P*cold: nan        Mu*_xs: -0.00000   Cv*/N_xs:  0.00000         E(kJ/mol): -3.986     P(bar):    0.160     
Step:  399999     NAcc:  200003     fAcc:  0.500      Maxd:  0.78992    E*/N:  -4.07768   P*:     nan        P*cold: nan        Mu*_xs: -0.00000   Cv*/N_xs:  0.00000         E(kJ/mol): -4.067     P(bar):    0.023     
Step:  419999     NAcc:  210002     fAcc:  0.500      Maxd:  0.53714    E*/N:  -3.99697   P*:     nan        P*cold: nan        Mu*_xs: -0.00000   Cv*/N_xs:  0.00000         E(kJ/mol): -3.986     P(bar):    0.204     
Step:  439999     NAcc:  219999     fAcc:  0.500      Maxd:  0.72129    E*/N:  -4.06223   P*:     nan        P*cold: nan        Mu*_xs: -0.00000   Cv*/N_xs:  0.00000         E(kJ/mol): -4.052     P(bar):    -0.100    
Step:  459999     NAcc:  229999     fAcc:  0.500      Maxd:  0.31375    E*/N:  -4.05761   P*:     nan        P*cold: nan        Mu*_xs: -0.00000   Cv*/N_xs:  0.00000         E(kJ/mol): -4.047     P(bar):    0.184     
Step:  479999     NAcc:  240001     fAcc:  0.500      Maxd:  0.38384    E*/N:  -4.10480   P*:     nan        P*cold: nan        Mu*_xs: -0.00000   Cv*/N_xs:  0.00000         E(kJ/mol): -4.094     P(bar):    -0.130    
Step:  499999     NAcc:  249998     fAcc:  0.500      Maxd:  0.29664    E*/N:  -4.02625   P*:     nan        P*cold: nan        Mu*_xs: -0.00000   Cv*/N_xs:  0.00000         E(kJ/mol): -4.016     P(bar):    0.092     
Step:  519999     NAcc:  260001     fAcc:  0.500      Maxd:  0.73244    E*/N:  -3.96985   P*:     nan        P*cold: nan        Mu*_xs: -0.00000   Cv*/N_xs:  0.00000         E(kJ/mol): -3.959     P(bar):    0.272     
Step:  539999     NAcc:  270001     fAcc:  0.500      Maxd:  2.21688    E*/N:  -4.05861   P*:     nan        P*cold: nan        Mu*_xs: -0.00000   Cv*/N_xs:  0.00000         E(kJ/mol): -4.048     P(bar):    0.005     
Step:  559999     NAcc:  279998     fAcc:  0.500      Maxd:  0.30334    E*/N:  -3.97164   P*:     nan        P*cold: nan        Mu*_xs: -0.00000   Cv*/N_xs:  0.00000         E(kJ/mol): -3.961     P(bar):    0.170     
Step:  579999     NAcc:  290000     fAcc:  0.500      Maxd:  0.40056    E*/N:  -4.02363   P*:     nan        P*cold: nan        Mu*_xs: -0.00000   Cv*/N_xs:  0.00000         E(kJ/mol): -4.013     P(bar):    0.266     
Step:  599999     NAcc:  299999     fAcc:  0.500      Maxd:  0.27533    E*/N:  -3.96329   P*:     nan        P*cold: nan        Mu*_xs: -0.00000   Cv*/N_xs:  0.00000         E(kJ/mol): -3.953     P(bar):    0.374     
Step:  619999     NAcc:  310000     fAcc:  0.500      Maxd:  0.94262    E*/N:  -4.08328   P*:     nan        P*cold: nan        Mu*_xs: -0.00000   Cv*/N_xs:  0.00000         E(kJ/mol): -4.073     P(bar):    -0.023    
Step:  639999     NAcc:  320001     fAcc:  0.500      Maxd:  0.60359    E*/N:  -4.11289   P*:     nan        P*cold: nan        Mu*_xs: -0.00000   Cv*/N_xs:  0.00000         E(kJ/mol): -4.102     P(bar):    0.031     
Step:  659999     NAcc:  329999     fAcc:  0.500      Maxd:  1.65314    E*/N:  -4.04804   P*:     nan        P*cold: nan        Mu*_xs: -0.00000   Cv*/N_xs:  0.00000         E(kJ/mol): -4.037     P(bar):    0.186     
Step:  679999     NAcc:  339999     fAcc:  0.500      Maxd:  0.25851    E*/N:  -4.05303   P*:     nan        P*cold: nan        Mu*_xs: -0.00000   Cv*/N_xs:  0.00000         E(kJ/mol): -4.042     P(bar):    0.193     
Step:  699999     NAcc:  349999     fAcc:  0.500      Maxd:  0.29810    E*/N:  -4.01755   P*:     nan        P*cold: nan        Mu*_xs: -0.00000   Cv*/N_xs:  0.00000         E(kJ/mol): -4.007     P(bar):    0.264     
Step:  719999     NAcc:  360001     fAcc:  0.500      Maxd:  0.61553    E*/N:  -3.95386   P*:     nan        P*cold: nan        Mu*_xs: -0.00000   Cv*/N_xs:  0.00000         E(kJ/mol): -3.944     P(bar):    0.368     
Step:  739999     NAcc:  370002     fAcc:  0.500      Maxd:  0.86749    E*/N:  -3.99226   P*:     nan        P*cold: nan        Mu*_xs: -0.00000   Cv*/N_xs:  0.00000         E(kJ/mol): -3.982     P(bar):    0.206     
Step:  759999     NAcc:  379999     fAcc:  0.500      Maxd:  0.66858    E*/N:  -4.03547   P*:     nan        P*cold: nan        Mu*_xs: -0.00000   Cv*/N_xs:  0.00000         E(kJ/mol): -4.025     P(bar):    0.241     
Step:  779999     NAcc:  390000     fAcc:  0.500      Maxd:  0.31914    E*/N:  -4.13424   P*:     nan        P*cold: nan        Mu*_xs: -0.00000   Cv*/N_xs:  0.00000         E(kJ/mol): -4.123     P(bar):    -0.078    
Step:  799999     NAcc:  400000     fAcc:  0.500      Maxd:  1.22784    E*/N:  -4.07096   P*:     nan        P*cold: nan        Mu*_xs: -0.00000   Cv*/N_xs:  0.00000         E(kJ/mol): -4.060     P(bar):    0.117     
Step:  819999     NAcc:  409998     fAcc:  0.500      Maxd:  0.26186    E*/N:  -4.02820   P*:     nan        P*cold: nan        Mu*_xs: -0.00000   Cv*/N_xs:  0.00000         E(kJ/mol): -4.018     P(bar):    0.158     
Step:  839999     NAcc:  420000     fAcc:  0.500      Maxd:  0.28272    E*/N:  -4.00642   P*:     nan        P*cold: nan        Mu*_xs: -0.00000   Cv*/N_xs:  0.00000         E(kJ/mol): -3.996     P(bar):    0.329     
Step:  859999     NAcc:  430001     fAcc:  0.500      Maxd:  0.88735    E*/N:  -4.01555   P*:     nan        P*cold: nan        Mu*_xs: -0.00000   Cv*/N_xs:  0.00000         E(kJ/mol): -4.005     P(bar):    0.245     
Step:  879999     NAcc:  440000     fAcc:  0.500      Maxd:  0.34338    E*/N:  -4.01813   P*:     nan        P*cold: nan        Mu*_xs: -0.00000   Cv*/N_xs:  0.00000         E(kJ/mol): -4.008     P(bar):    0.124     
Step:  899999     NAcc:  450000     fAcc:  0.500      Maxd:  0.50170    E*/N:  -4.02277   P*:     nan        P*cold: nan        Mu*_xs: -0.00000   Cv*/N_xs:  0.00000         E(kJ/mol): -4.012     P(bar):    0.064     
Step:  919999     NAcc:  459999     fAcc:  0.500      Maxd:  0.26116    E*/N:  -3.99527   P*:     nan        P*cold: nan        Mu*_xs: -0.00000   Cv*/N_xs:  0.00000         E(kJ/mol): -3.985     P(bar):    0.347     
Step:  939999     NAcc:  470001     fAcc:  0.500      Maxd:  0.41393    E*/N:  -4.00333   P*:     nan        P*cold: nan        Mu*_xs: -0.00000   Cv*/N_xs:  0.00000         E(kJ/mol): -3.993     P(bar):    0.227     
Step:  959999     NAcc:  479999     fAcc:  0.500      Maxd:  0.78749    E*/N:  -4.02718   P*:     nan        P*cold: nan        Mu*_xs: -0.00000   Cv*/N_xs:  0.00000         E(kJ/mol): -4.017     P(bar):    0.191     
Step:  979999     NAcc:  489998     fAcc:  0.500      Maxd:  0.28396    E*/N:  -4.08714   P*:     nan        P*cold: nan        Mu*_xs: -0.00000   Cv*/N_xs:  0.00000         E(kJ/mol): -4.076     P(bar):    0.114     
Step:  999999     NAcc:  499998     fAcc:  0.500      Maxd:  0.31506    E*/N:  -4.02842   P*:     nan        P*cold: nan        Mu*_xs: -0.00000   Cv*/N_xs:  0.00000         E(kJ/mol): -4.018     P(bar):    0.228     
Step:  1019999    NAcc:  509998     fAcc:  0.500      Maxd:  0.26434    E*/N:  -4.01139   P*:     nan        P*cold: nan        Mu*_xs: -0.00000   Cv*/N_xs:  0.00000         E(kJ/mol): -4.001     P(bar):    0.411     
Step:  1039999    NAcc:  519999     fAcc:  0.500      Maxd:  0.30406    E*/N:  -3.96389   P*:     nan        P*cold: nan        Mu*_xs: -0.00000   Cv*/N_xs:  0.00000         E(kJ/mol): -3.954     P(bar):    0.419     
Step:  1059999    NAcc:  529999     fAcc:  0.500      Maxd:  0.33367    E*/N:  -4.06082   P*:     nan        P*cold: nan        Mu*_xs: -0.00000   Cv*/N_xs:  0.00000         E(kJ/mol): -4.050     P(bar):    0.175     
Step:  1079999    NAcc:  540000     fAcc:  0.500      Maxd:  0.27967    E*/N:  -3.99387   P*:     nan        P*cold: nan        Mu*_xs: -0.00000   Cv*/N_xs:  0.00000         E(kJ/mol): -3.983     P(bar):    0.310     
Step:  1099999    NAcc:  550000     fAcc:  0.500      Maxd:  0.34516    E*/N:  -4.01220   P*:     nan        P*cold: nan        Mu*_xs: -0.00000   Cv*/N_xs:  0.00000         E(kJ/mol): -4.002     P(bar):    0.235     
Step:  1119999    NAcc:  559999     fAcc:  0.500      Maxd:  0.43406    E*/N:  -3.99109   P*:     nan        P*cold: nan        Mu*_xs: -0.00000   Cv*/N_xs:  0.00000         E(kJ/mol): -3.981     P(bar):    0.308     
Step:  1139999    NAcc:  570001     fAcc:  0.500      Maxd:  0.43799    E*/N:  -4.04833   P*:     nan        P*cold: nan        Mu*_xs: -0.00000   Cv*/N_xs:  0.00000         E(kJ/mol): -4.038     P(bar):    0.194     
Step:  1159999    NAcc:  580000     fAcc:  0.500      Maxd:  0.57692    E*/N:  -4.11171   P*:     nan        P*cold: nan        Mu*_xs: -0.00000   Cv*/N_xs:  0.00000         E(kJ/mol): -4.101     P(bar):    0.013     
Step:  1179999    NAcc:  590001     fAcc:  0.500      Maxd:  0.39675    E*/N:  -4.04339   P*:     nan        P*cold: nan        Mu*_xs: -0.00000   Cv*/N_xs:  0.00000         E(kJ/mol): -4.033     P(bar):    0.198     
Step:  1199999    NAcc:  600000     fAcc:  0.500      Maxd:  0.30894    E*/N:  -4.13397   P*:     nan        P*cold: nan        Mu*_xs: -0.00000   Cv*/N_xs:  0.00000         E(kJ/mol): -4.123     P(bar):    -0.047    
Step:  1219999    NAcc:  609999     fAcc:  0.500      Maxd:  0.26610    E*/N:  -4.03247   P*:     nan        P*cold: nan        Mu*_xs: -0.00000   Cv*/N_xs:  0.00000         E(kJ/mol): -4.022     P(bar):    0.172     
Step:  1239999    NAcc:  620000     fAcc:  0.500      Maxd:  0.28182    E*/N:  -4.03259   P*:     nan        P*cold: nan        Mu*_xs: -0.00000   Cv*/N_xs:  0.00000         E(kJ/mol): -4.022     P(bar):    0.108     
Step:  1259999    NAcc:  630001     fAcc:  0.500      Maxd:  0.57050    E*/N:  -3.96671   P*:     nan        P*cold: nan        Mu*_xs: -0.00000   Cv*/N_xs:  0.00000         E(kJ/mol): -3.956     P(bar):    0.281     
Step:  1279999    NAcc:  640000     fAcc:  0.500      Maxd:  0.28912    E*/N:  -4.09545   P*:     nan        P*cold: nan        Mu*_xs: -0.00000   Cv*/N_xs:  0.00000         E(kJ/mol): -4.085     P(bar):    0.077     
Step:  1299999    NAcc:  649999     fAcc:  0.500      Maxd:  0.48251    E*/N:  -3.93627   P*:     nan        P*cold: nan        Mu*_xs: -0.00000   Cv*/N_xs:  0.00000         E(kJ/mol): -3.926     P(bar):    0.471     
Step:  1319999    NAcc:  659997     fAcc:  0.500      Maxd:  0.31927    E*/N:  -4.01429   P*:     nan        P*cold: nan        Mu*_xs: -0.00000   Cv*/N_xs:  0.00000         E(kJ/mol): -4.004     P(bar):    0.297     
Step:  1339999    NAcc:  670001     fAcc:  0.500      Maxd:  0.45358    E*/N:  -3.97517   P*:     nan        P*cold: nan        Mu*_xs: -0.00000   Cv*/N_xs:  0.00000         E(kJ/mol): -3.965     P(bar):    0.270     
Step:  1359999    NAcc:  679999     fAcc:  0.500      Maxd:  0.30766    E*/N:  -4.02320   P*:     nan        P*cold: nan        Mu*_xs: -0.00000   Cv*/N_xs:  0.00000         E(kJ/mol): -4.013     P(bar):    0.201     
Step:  1379999    NAcc:  689998     fAcc:  0.500      Maxd:  0.31539    E*/N:  -4.01762   P*:     nan        P*cold: nan        Mu*_xs: -0.00000   Cv*/N_xs:  0.00000         E(kJ/mol): -4.007     P(bar):    0.174     
Step:  1399999    NAcc:  699999     fAcc:  0.500      Maxd:  0.32510    E*/N:  -4.06043   P*:     nan        P*cold: nan        Mu*_xs: -0.00000   Cv*/N_xs:  0.00000         E(kJ/mol): -4.050     P(bar):    0.022     
Step:  1419999    NAcc:  710001     fAcc:  0.500      Maxd:  0.60349    E*/N:  -3.95927   P*:     nan        P*cold: nan        Mu*_xs: -0.00000   Cv*/N_xs:  0.00000         E(kJ/mol): -3.949     P(bar):    0.301     
Step:  1439999    NAcc:  720001     fAcc:  0.500      Maxd:  1.63477    E*/N:  -3.97232   P*:     nan        P*cold: nan        Mu*_xs: -0.00000   Cv*/N_xs:  0.00000         E(kJ/mol): -3.962     P(bar):    0.352     
Step:  1459999    NAcc:  729999     fAcc:  0.500      Maxd:  1.15160    E*/N:  -4.10007   P*:     nan        P*cold: nan        Mu*_xs: -0.00000   Cv*/N_xs:  0.00000         E(kJ/mol): -4.089     P(bar):    -0.024    
Step:  1479999    NAcc:  740000     fAcc:  0.500      Maxd:  0.86365    E*/N:  -4.05174   P*:     nan        P*cold: nan        Mu*_xs: -0.00000   Cv*/N_xs:  0.00000         E(kJ/mol): -4.041     P(bar):    0.135     
Step:  1499999    NAcc:  750001     fAcc:  0.500      Maxd:  0.98947    E*/N:  -4.04886   P*:     nan        P*cold: nan        Mu*_xs: -0.00000   Cv*/N_xs:  0.00000         E(kJ/mol): -4.038     P(bar):    0.050     
Step:  1519999    NAcc:  760002     fAcc:  0.500      Maxd:  1.14618    E*/N:  -3.93723   P*:     nan        P*cold: nan        Mu*_xs: -0.00000   Cv*/N_xs:  0.00000         E(kJ/mol): -3.927     P(bar):    0.310     
Step:  1539999    NAcc:  770000     fAcc:  0.500      Maxd:  1.07691    E*/N:  -4.05657   P*:     nan        P*cold: nan        Mu*_xs: -0.00000   Cv*/N_xs:  0.00000         E(kJ/mol): -4.046     P(bar):    0.018     
Step:  1559999    NAcc:  779999     fAcc:  0.500      Maxd:  0.31765    E*/N:  -4.04051   P*:     nan        P*cold: nan        Mu*_xs: -0.00000   Cv*/N_xs:  0.00000         E(kJ/mol): -4.030     P(bar):    0.101     
Step:  1579999    NAcc:  790000     fAcc:  0.500      Maxd:  0.27450    E*/N:  -4.02404   P*:     nan        P*cold: nan        Mu*_xs: -0.00000   Cv*/N_xs:  0.00000         E(kJ/mol): -4.014     P(bar):    0.263     
Step:  1599999    NAcc:  800000     fAcc:  0.500      Maxd:  0.26090    E*/N:  -3.96300   P*:     nan        P*cold: nan        Mu*_xs: -0.00000   Cv*/N_xs:  0.00000         E(kJ/mol): -3.953     P(bar):    0.572     
Step:  1619999    NAcc:  810000     fAcc:  0.500      Maxd:  0.28559    E*/N:  -4.09706   P*:     nan        P*cold: nan        Mu*_xs: -0.00000   Cv*/N_xs:  0.00000         E(kJ/mol): -4.086     P(bar):    0.140     
Step:  1639999    NAcc:  820000     fAcc:  0.500      Maxd:  0.26084    E*/N:  -4.10486   P*:     nan        P*cold: nan        Mu*_xs: -0.00000   Cv*/N_xs:  0.00000         E(kJ/mol): -4.094     P(bar):    0.220     
Step:  1659999    NAcc:  830000     fAcc:  0.500      Maxd:  0.76939    E*/N:  -4.02773   P*:     nan        P*cold: nan        Mu*_xs: -0.00000   Cv*/N_xs:  0.00000         E(kJ/mol): -4.017     P(bar):    0.327     
Step:  1679999    NAcc:  839999     fAcc:  0.500      Maxd:  1.47588    E*/N:  -4.06930   P*:     nan        P*cold: nan        Mu*_xs: -0.00000   Cv*/N_xs:  0.00000         E(kJ/mol): -4.059     P(bar):    0.107     
Step:  1699999    NAcc:  849998     fAcc:  0.500      Maxd:  0.29885    E*/N:  -4.07523   P*:     nan        P*cold: nan        Mu*_xs: -0.00000   Cv*/N_xs:  0.00000         E(kJ/mol): -4.065     P(bar):    0.076     
Step:  1719999    NAcc:  860001     fAcc:  0.500      Maxd:  1.53012    E*/N:  -4.02031   P*:     nan        P*cold: nan        Mu*_xs: -0.00000   Cv*/N_xs:  0.00000         E(kJ/mol): -4.010     P(bar):    0.220     
Step:  1739999    NAcc:  870001     fAcc:  0.500      Maxd:  0.85307    E*/N:  -3.96710   P*:     nan        P*cold: nan        Mu*_xs: -0.00000   Cv*/N_xs:  0.00000         E(kJ/mol): -3.957     P(bar):    0.291     
Step:  1759999    NAcc:  880000     fAcc:  0.500      Maxd:  0.36325    E*/N:  -4.04807   P*:     nan        P*cold: nan        Mu*_xs: -0.00000   Cv*/N_xs:  0.00000         E(kJ/mol): -4.037     P(bar):    0.189     
Step:  1779999    NAcc:  890000     fAcc:  0.500      Maxd:  0.99739    E*/N:  -3.97541   P*:     nan        P*cold: nan        Mu*_xs: -0.00000   Cv*/N_xs:  0.00000         E(kJ/mol): -3.965     P(bar):    0.444     
Step:  1799999    NAcc:  899997     fAcc:  0.500      Maxd:  0.29664    E*/N:  -4.05780   P*:     nan        P*cold: nan        Mu*_xs: -0.00000   Cv*/N_xs:  0.00000         E(kJ/mol): -4.047     P(bar):    0.137     
Step:  1819999    NAcc:  909999     fAcc:  0.500      Maxd:  0.31939    E*/N:  -4.03423   P*:     nan        P*cold: nan        Mu*_xs: -0.00000   Cv*/N_xs:  0.00000         E(kJ/mol): -4.024     P(bar):    0.171     
Step:  1839999    NAcc:  920000     fAcc:  0.500      Maxd:  1.39658    E*/N:  -4.03008   P*:     nan        P*cold: nan        Mu*_xs: -0.00000   Cv*/N_xs:  0.00000         E(kJ/mol): -4.020     P(bar):    0.175     
Step:  1859999    NAcc:  929999     fAcc:  0.500      Maxd:  0.27456    E*/N:  -4.01776   P*:     nan        P*cold: nan        Mu*_xs: -0.00000   Cv*/N_xs:  0.00000         E(kJ/mol): -4.007     P(bar):    0.157     
Step:  1879999    NAcc:  940001     fAcc:  0.500      Maxd:  0.49028    E*/N:  -4.04505   P*:     nan        P*cold: nan        Mu*_xs: -0.00000   Cv*/N_xs:  0.00000         E(kJ/mol): -4.034     P(bar):    0.053     
Step:  1899999    NAcc:  950001     fAcc:  0.500      Maxd:  0.45309    E*/N:  -4.09177   P*:     nan        P*cold: nan        Mu*_xs: -0.00000   Cv*/N_xs:  0.00000         E(kJ/mol): -4.081     P(bar):    -0.040    
Step:  1919999    NAcc:  960001     fAcc:  0.500      Maxd:  0.82524    E*/N:  -4.09306   P*:     nan        P*cold: nan        Mu*_xs: -0.00000   Cv*/N_xs:  0.00000         E(kJ/mol): -4.082     P(bar):    0.113     
Step:  1939999    NAcc:  970000     fAcc:  0.500      Maxd:  2.69734    E*/N:  -4.07406   P*:     nan        P*cold: nan        Mu*_xs: -0.00000   Cv*/N_xs:  0.00000         E(kJ/mol): -4.063     P(bar):    0.228     
Step:  1959999    NAcc:  980000     fAcc:  0.500      Maxd:  0.25999    E*/N:  -4.00363   P*:     nan        P*cold: nan        Mu*_xs: -0.00000   Cv*/N_xs:  0.00000         E(kJ/mol): -3.993     P(bar):    0.260     
Step:  1979999    NAcc:  990000     fAcc:  0.500      Maxd:  1.78617    E*/N:  -4.02028   P*:     nan        P*cold: nan        Mu*_xs: -0.00000   Cv*/N_xs:  0.00000         E(kJ/mol): -4.010     P(bar):    0.155     
Step:  1999999    NAcc:  1000000    fAcc:  0.500      Maxd:  0.71246    E*/N:  -3.98871   P*:     nan        P*cold: nan        Mu*_xs: -0.00000   Cv*/N_xs:  0.00000         E(kJ/mol): -3.978     P(bar):    0.258     
Step:  2019999    NAcc:  1010000    fAcc:  0.500      Maxd:  0.30081    E*/N:  -4.02600   P*:     0.11433    P*cold: -0.60567   Mu*_xs: -2.60848   Cv*/N_xs:  0.63705         E(kJ/mol): -4.015     P(bar):    0.152     
Step:  2039999    NAcc:  1019999    fAcc:  0.500      Maxd:  0.47179    E*/N:  -4.06241   P*:     0.15602    P*cold: -0.56398   Mu*_xs: -2.69474   Cv*/N_xs:  0.57187         E(kJ/mol): -4.052     P(bar):    -0.057    
Step:  2059999    NAcc:  1030000    fAcc:  0.500      Maxd:  0.50784    E*/N:  -4.05884   P*:     0.16231    P*cold: -0.55769   Mu*_xs: -2.75042   Cv*/N_xs:  0.49613         E(kJ/mol): -4.048     P(bar):    0.040     
Step:  2079999    NAcc:  1040000    fAcc:  0.500      Maxd:  0.68537    E*/N:  -4.10334   P*:     0.17377    P*cold: -0.54623   Mu*_xs: -2.76279   Cv*/N_xs:  0.52155         E(kJ/mol): -4.093     P(bar):    -0.046    
Step:  2099999    NAcc:  1050000    fAcc:  0.500      Maxd:  2.24525    E*/N:  -3.94905   P*:     0.15898    P*cold: -0.56102   Mu*_xs: -2.77927   Cv*/N_xs:  0.59285         E(kJ/mol): -3.939     P(bar):    0.397     
Step:  2119999    NAcc:  1059998    fAcc:  0.500      Maxd:  0.27427    E*/N:  -4.01059   P*:     0.19084    P*cold: -0.52916   Mu*_xs: -2.78447   Cv*/N_xs:  0.65257         E(kJ/mol): -4.000     P(bar):    0.284     
Step:  2139999    NAcc:  1070000    fAcc:  0.500      Maxd:  0.31684    E*/N:  -4.00810   P*:     0.19123    P*cold: -0.52877   Mu*_xs: -2.78443   Cv*/N_xs:  0.63672         E(kJ/mol): -3.998     P(bar):    0.374     
Step:  2159999    NAcc:  1079999    fAcc:  0.500      Maxd:  0.25997    E*/N:  -4.09794   P*:     0.19913    P*cold: -0.52087   Mu*_xs: -2.77681   Cv*/N_xs:  0.68533         E(kJ/mol): -4.087     P(bar):    0.013     
Step:  2179999    NAcc:  1090001    fAcc:  0.500      Maxd:  2.18437    E*/N:  -4.07809   P*:     0.19602    P*cold: -0.52398   Mu*_xs: -2.77240   Cv*/N_xs:  0.68977         E(kJ/mol): -4.067     P(bar):    0.164     
Step:  2199999    NAcc:  1099999    fAcc:  0.500      Maxd:  0.65277    E*/N:  -4.02972   P*:     0.19605    P*cold: -0.52395   Mu*_xs: -2.77954   Cv*/N_xs:  0.67273         E(kJ/mol): -4.019     P(bar):    0.122     
Step:  2219999    NAcc:  1110001    fAcc:  0.500      Maxd:  0.45628    E*/N:  -3.98820   P*:     0.21461    P*cold: -0.50539   Mu*_xs: -2.78291   Cv*/N_xs:  0.76493         E(kJ/mol): -3.978     P(bar):    0.300     
Step:  2239999    NAcc:  1120000    fAcc:  0.500      Maxd:  0.55084    E*/N:  -4.04529   P*:     0.22489    P*cold: -0.49511   Mu*_xs: -2.78021   Cv*/N_xs:  0.73482         E(kJ/mol): -4.035     P(bar):    0.226     
Step:  2259999    NAcc:  1130001    fAcc:  0.500      Maxd:  0.68153    E*/N:  -4.00001   P*:     0.22255    P*cold: -0.49745   Mu*_xs: -2.76427   Cv*/N_xs:  0.74663         E(kJ/mol): -3.990     P(bar):    0.221     
Step:  2279999    NAcc:  1140000    fAcc:  0.500      Maxd:  0.28324    E*/N:  -4.01173   P*:     0.22213    P*cold: -0.49787   Mu*_xs: -2.75776   Cv*/N_xs:  0.74137         E(kJ/mol): -4.001     P(bar):    0.323     
Step:  2299999    NAcc:  1150000    fAcc:  0.500      Maxd:  0.29372    E*/N:  -4.06144   P*:     0.21891    P*cold: -0.50109   Mu*_xs: -2.75625   Cv*/N_xs:  0.77046         E(kJ/mol): -4.051     P(bar):    0.176     
Step:  2319999    NAcc:  1160000    fAcc:  0.500      Maxd:  1.14602    E*/N:  -4.10696   P*:     0.21847    P*cold: -0.50153   Mu*_xs: -2.75961   Cv*/N_xs:  0.79226         E(kJ/mol): -4.096     P(bar):    0.077     
Step:  2339999    NAcc:  1170000    fAcc:  0.500      Maxd:  0.28870    E*/N:  -4.00471   P*:     0.22167    P*cold: -0.49833   Mu*_xs: -2.76680   Cv*/N_xs:  0.79288         E(kJ/mol): -3.994     P(bar):    0.342     
Step:  2359999    NAcc:  1179999    fAcc:  0.500      Maxd:  0.26554    E*/N:  -4.03787   P*:     0.22722    P*cold: -0.49278   Mu*_xs: -2.77234   Cv*/N_xs:  0.76895         E(kJ/mol): -4.027     P(bar):    0.325     
Step:  2379999    NAcc:  1189998    fAcc:  0.500      Maxd:  0.26086    E*/N:  -4.02928   P*:     0.23350    P*cold: -0.48650   Mu*_xs: -2.76516   Cv*/N_xs:  0.75539         E(kJ/mol): -4.019     P(bar):    0.333     
Step:  2399999    NAcc:  1200001    fAcc:  0.500      Maxd:  1.26527    E*/N:  -3.99489   P*:     0.23643    P*cold: -0.48357   Mu*_xs: -2.76264   Cv*/N_xs:  0.73149         E(kJ/mol): -3.984     P(bar):    0.396     
Step:  2419999    NAcc:  1210000    fAcc:  0.500      Maxd:  0.59301    E*/N:  -4.13252   P*:     0.24082    P*cold: -0.47918   Mu*_xs: -2.76261   Cv*/N_xs:  0.73454         E(kJ/mol): -4.122     P(bar):    0.025     
Step:  2439999    NAcc:  1219998    fAcc:  0.500      Maxd:  0.30053    E*/N:  -4.02670   P*:     0.24249    P*cold: -0.47751   Mu*_xs: -2.75903   Cv*/N_xs:  0.72010         E(kJ/mol): -4.016     P(bar):    0.231     
Step:  2459999    NAcc:  1230000    fAcc:  0.500      Maxd:  0.45854    E*/N:  -4.09020   P*:     0.24584    P*cold: -0.47416   Mu*_xs: -2.76349   Cv*/N_xs:  0.72665         E(kJ/mol): -4.079     P(bar):    -0.025    
Step:  2479999    NAcc:  1239999    fAcc:  0.500      Maxd:  0.26629    E*/N:  -3.95606   P*:     0.24482    P*cold: -0.47518   Mu*_xs: -2.75748   Cv*/N_xs:  0.71123         E(kJ/mol): -3.946     P(bar):    0.518     
Step:  2499999    NAcc:  1250000    fAcc:  0.500      Maxd:  0.67402    E*/N:  -3.97973   P*:     0.25195    P*cold: -0.46805   Mu*_xs: -2.75676   Cv*/N_xs:  0.72163         E(kJ/mol): -3.969     P(bar):    0.383     
Step:  2519999    NAcc:  1259998    fAcc:  0.500      Maxd:  0.31980    E*/N:  -4.03297   P*:     0.25003    P*cold: -0.46997   Mu*_xs: -2.76630   Cv*/N_xs:  0.72572         E(kJ/mol): -4.022     P(bar):    0.261     
Step:  2539999    NAcc:  1269997    fAcc:  0.500      Maxd:  0.26892    E*/N:  -4.02242   P*:     0.25344    P*cold: -0.46656   Mu*_xs: -2.77082   Cv*/N_xs:  0.70897         E(kJ/mol): -4.012     P(bar):    0.341     
Step:  2559999    NAcc:  1279998    fAcc:  0.500      Maxd:  0.27588    E*/N:  -4.01523   P*:     0.25464    P*cold: -0.46536   Mu*_xs: -2.76748   Cv*/N_xs:  0.69960         E(kJ/mol): -4.005     P(bar):    0.377     
Step:  2579999    NAcc:  1289997    fAcc:  0.500      Maxd:  0.26142    E*/N:  -4.00512   P*:     0.25484    P*cold: -0.46516   Mu*_xs: -2.76250   Cv*/N_xs:  0.69467         E(kJ/mol): -3.995     P(bar):    0.346     
Step:  2599999    NAcc:  1300001    fAcc:  0.500      Maxd:  0.62309    E*/N:  -4.08529   P*:     0.25338    P*cold: -0.46662   Mu*_xs: -2.75641   Cv*/N_xs:  0.68221         E(kJ/mol): -4.075     P(bar):    0.061     
Step:  2619999    NAcc:  1309999    fAcc:  0.500      Maxd:  0.27273    E*/N:  -4.02775   P*:     0.25358    P*cold: -0.46642   Mu*_xs: -2.75110   Cv*/N_xs:  0.67636         E(kJ/mol): -4.017     P(bar):    0.281     
Step:  2639999    NAcc:  1320000    fAcc:  0.500      Maxd:  0.44681    E*/N:  -4.02133   P*:     0.25307    P*cold: -0.46693   Mu*_xs: -2.74598   Cv*/N_xs:  0.67540         E(kJ/mol): -4.011     P(bar):    0.330     
Step:  2659999    NAcc:  1330000    fAcc:  0.500      Maxd:  0.38709    E*/N:  -4.08177   P*:     0.25431    P*cold: -0.46569   Mu*_xs: -2.74424   Cv*/N_xs:  0.66630         E(kJ/mol): -4.071     P(bar):    0.074     
Step:  2679999    NAcc:  1339999    fAcc:  0.500      Maxd:  0.30820    E*/N:  -4.07552   P*:     0.25440    P*cold: -0.46560   Mu*_xs: -2.74457   Cv*/N_xs:  0.66556         E(kJ/mol): -4.065     P(bar):    0.081     
Step:  2699999    NAcc:  1350001    fAcc:  0.500      Maxd:  0.75719    E*/N:  -4.04030   P*:     0.25585    P*cold: -0.46415   Mu*_xs: -2.75056   Cv*/N_xs:  0.66357         E(kJ/mol): -4.030     P(bar):    0.275     
Step:  2719999    NAcc:  1359999    fAcc:  0.500      Maxd:  0.49035    E*/N:  -4.10473   P*:     0.25467    P*cold: -0.46533   Mu*_xs: -2.75248   Cv*/N_xs:  0.66478         E(kJ/mol): -4.094     P(bar):    0.098     
Step:  2739999    NAcc:  1370000    fAcc:  0.500      Maxd:  0.26178    E*/N:  -3.99075   P*:     0.25603    P*cold: -0.46397   Mu*_xs: -2.75612   Cv*/N_xs:  0.66242         E(kJ/mol): -3.980     P(bar):    0.482     
Step:  2759999    NAcc:  1380001    fAcc:  0.500      Maxd:  1.11386    E*/N:  -4.04663   P*:     0.25755    P*cold: -0.46245   Mu*_xs: -2.76555   Cv*/N_xs:  0.65391         E(kJ/mol): -4.036     P(bar):    0.126     
Step:  2779999    NAcc:  1390000    fAcc:  0.500      Maxd:  1.17021    E*/N:  -4.01755   P*:     0.25716    P*cold: -0.46284   Mu*_xs: -2.76831   Cv*/N_xs:  0.64522         E(kJ/mol): -4.007     P(bar):    0.362     
Step:  2799999    NAcc:  1399999    fAcc:  0.500      Maxd:  0.77703    E*/N:  -4.07297   P*:     0.25908    P*cold: -0.46092   Mu*_xs: -2.76873   Cv*/N_xs:  0.64196         E(kJ/mol): -4.062     P(bar):    0.241     
Step:  2819999    NAcc:  1409999    fAcc:  0.500      Maxd:  1.09018    E*/N:  -4.08090   P*:     0.25984    P*cold: -0.46016   Mu*_xs: -2.76762   Cv*/N_xs:  0.64524         E(kJ/mol): -4.070     P(bar):    0.054     
Step:  2839999    NAcc:  1420000    fAcc:  0.500      Maxd:  0.31900    E*/N:  -4.06265   P*:     0.25994    P*cold: -0.46006   Mu*_xs: -2.76370   Cv*/N_xs:  0.64272         E(kJ/mol): -4.052     P(bar):    0.098     
Step:  2859999    NAcc:  1429997    fAcc:  0.500      Maxd:  0.30213    E*/N:  -4.04166   P*:     0.25866    P*cold: -0.46134   Mu*_xs: -2.76235   Cv*/N_xs:  0.63121         E(kJ/mol): -4.031     P(bar):    0.164     
Step:  2879999    NAcc:  1440000    fAcc:  0.500      Maxd:  0.32005    E*/N:  -4.06716   P*:     0.25620    P*cold: -0.46380   Mu*_xs: -2.76089   Cv*/N_xs:  0.63139         E(kJ/mol): -4.057     P(bar):    -0.025    
Step:  2899999    NAcc:  1450001    fAcc:  0.500      Maxd:  2.32912    E*/N:  -3.99472   P*:     0.25700    P*cold: -0.46300   Mu*_xs: -2.76228   Cv*/N_xs:  0.62624         E(kJ/mol): -3.984     P(bar):    0.320     
Step:  2919999    NAcc:  1459998    fAcc:  0.500      Maxd:  0.31727    E*/N:  -4.03144   P*:     0.25912    P*cold: -0.46088   Mu*_xs: -2.76272   Cv*/N_xs:  0.62578         E(kJ/mol): -4.021     P(bar):    0.193     
Step:  2939999    NAcc:  1469999    fAcc:  0.500      Maxd:  0.30473    E*/N:  -4.00681   P*:     0.25952    P*cold: -0.46048   Mu*_xs: -2.76198   Cv*/N_xs:  0.62184         E(kJ/mol): -3.996     P(bar):    0.322     
Step:  2959999    NAcc:  1479999    fAcc:  0.500      Maxd:  0.29123    E*/N:  -3.95224   P*:     0.26014    P*cold: -0.45986   Mu*_xs: -2.76497   Cv*/N_xs:  0.62192         E(kJ/mol): -3.942     P(bar):    0.524     
Step:  2979999    NAcc:  1489998    fAcc:  0.500      Maxd:  0.53336    E*/N:  -3.95684   P*:     0.26158    P*cold: -0.45842   Mu*_xs: -2.76509   Cv*/N_xs:  0.62610         E(kJ/mol): -3.946     P(bar):    0.424     
Step:  2999999    NAcc:  1500000    fAcc:  0.500      Maxd:  1.14089    E*/N:  -4.03603   P*:     0.26313    P*cold: -0.45687   Mu*_xs: -2.76442   Cv*/N_xs:  0.63596         E(kJ/mol): -4.025     P(bar):    0.201     
Step:  3019999    NAcc:  1509999    fAcc:  0.500      Maxd:  0.26990    E*/N:  -4.01291   P*:     0.26135    P*cold: -0.45865   Mu*_xs: -2.76296   Cv*/N_xs:  0.63122         E(kJ/mol): -4.002     P(bar):    0.232     
Step:  3039999    NAcc:  1520000    fAcc:  0.500      Maxd:  0.27303    E*/N:  -4.05057   P*:     0.26089    P*cold: -0.45911   Mu*_xs: -2.76634   Cv*/N_xs:  0.63190         E(kJ/mol): -4.040     P(bar):    0.127     
Step:  3059999    NAcc:  1529998    fAcc:  0.500      Maxd:  0.28763    E*/N:  -4.03573   P*:     0.25826    P*cold: -0.46174   Mu*_xs: -2.76730   Cv*/N_xs:  0.62782         E(kJ/mol): -4.025     P(bar):    0.103     
Step:  3079999    NAcc:  1540001    fAcc:  0.500      Maxd:  1.84729    E*/N:  -4.05199   P*:     0.25830    P*cold: -0.46170   Mu*_xs: -2.77000   Cv*/N_xs:  0.62160         E(kJ/mol): -4.041     P(bar):    0.284     
Step:  3099999    NAcc:  1550000    fAcc:  0.500      Maxd:  0.60745    E*/N:  -4.00845   P*:     0.25632    P*cold: -0.46368   Mu*_xs: -2.76839   Cv*/N_xs:  0.62557         E(kJ/mol): -3.998     P(bar):    0.321     
Step:  3119999    NAcc:  1559999    fAcc:  0.500      Maxd:  1.73827    E*/N:  -4.05785   P*:     0.25645    P*cold: -0.46355   Mu*_xs: -2.77433   Cv*/N_xs:  0.61901         E(kJ/mol): -4.047     P(bar):    0.263     
Step:  3139999    NAcc:  1570002    fAcc:  0.500      Maxd:  3.51098    E*/N:  -4.02216   P*:     0.25552    P*cold: -0.46448   Mu*_xs: -2.77211   Cv*/N_xs:  0.61159         E(kJ/mol): -4.012     P(bar):    0.066     
Step:  3159999    NAcc:  1579997    fAcc:  0.500      Maxd:  0.31432    E*/N:  -4.05867   P*:     0.25418    P*cold: -0.46582   Mu*_xs: -2.77050   Cv*/N_xs:  0.60920         E(kJ/mol): -4.048     P(bar):    -0.008    
Step:  3179999    NAcc:  1589997    fAcc:  0.500      Maxd:  0.31456    E*/N:  -4.02561   P*:     0.25308    P*cold: -0.46692   Mu*_xs: -2.76995   Cv*/N_xs:  0.60578         E(kJ/mol): -4.015     P(bar):    0.188     
Step:  3199999    NAcc:  1599999    fAcc:  0.500      Maxd:  0.29733    E*/N:  -4.11352   P*:     0.25195    P*cold: -0.46805   Mu*_xs: -2.76870   Cv*/N_xs:  0.61092         E(kJ/mol): -4.103     P(bar):    -0.175    
Step:  3219999    NAcc:  1609996    fAcc:  0.500      Maxd:  0.45583    E*/N:  -4.02304   P*:     0.24820    P*cold: -0.47180   Mu*_xs: -2.77094   Cv*/N_xs:  0.61081         E(kJ/mol): -4.013     P(bar):    0.123     
Step:  3239999    NAcc:  1620001    fAcc:  0.500      Maxd:  2.53997    E*/N:  -4.07905   P*:     0.24854    P*cold: -0.47146   Mu*_xs: -2.77244   Cv*/N_xs:  0.61861         E(kJ/mol): -4.068     P(bar):    0.150     
Step:  3259999    NAcc:  1629999    fAcc:  0.500      Maxd:  0.27965    E*/N:  -4.06427   P*:     0.24692    P*cold: -0.47308   Mu*_xs: -2.77437   Cv*/N_xs:  0.62558         E(kJ/mol): -4.054     P(bar):    0.064     
Step:  3279999    NAcc:  1640000    fAcc:  0.500      Maxd:  0.55711    E*/N:  -4.03049   P*:     0.24639    P*cold: -0.47361   Mu*_xs: -2.77332   Cv*/N_xs:  0.62247         E(kJ/mol): -4.020     P(bar):    0.187     
Step:  3299999    NAcc:  1650000    fAcc:  0.500      Maxd:  4.79857    E*/N:  -4.04100   P*:     0.24736    P*cold: -0.47264   Mu*_xs: -2.77276   Cv*/N_xs:  0.62131         E(kJ/mol): -4.030     P(bar):    0.104     
Step:  3319999    NAcc:  1660002    fAcc:  0.500      Maxd:  1.27251    E*/N:  -3.98911   P*:     0.24520    P*cold: -0.47480   Mu*_xs: -2.77263   Cv*/N_xs:  0.62024         E(kJ/mol): -3.979     P(bar):    0.327     
Step:  3339999    NAcc:  1670001    fAcc:  0.500      Maxd:  0.65563    E*/N:  -4.04462   P*:     0.24563    P*cold: -0.47437   Mu*_xs: -2.77222   Cv*/N_xs:  0.61628         E(kJ/mol): -4.034     P(bar):    0.249     
Step:  3359999    NAcc:  1680000    fAcc:  0.500      Maxd:  0.29470    E*/N:  -4.08576   P*:     0.24372    P*cold: -0.47628   Mu*_xs: -2.77108   Cv*/N_xs:  0.62304         E(kJ/mol): -4.075     P(bar):    0.091     
Step:  3379999    NAcc:  1690000    fAcc:  0.500      Maxd:  1.58872    E*/N:  -3.99323   P*:     0.24363    P*cold: -0.47637   Mu*_xs: -2.77059   Cv*/N_xs:  0.62669         E(kJ/mol): -3.983     P(bar):    0.313     
Step:  3399999    NAcc:  1699998    fAcc:  0.500      Maxd:  0.54968    E*/N:  -4.04733   P*:     0.24288    P*cold: -0.47712   Mu*_xs: -2.76994   Cv*/N_xs:  0.62973         E(kJ/mol): -4.037     P(bar):    0.075     
Step:  3419999    NAcc:  1710002    fAcc:  0.500      Maxd:  0.75988    E*/N:  -4.04544   P*:     0.24067    P*cold: -0.47933   Mu*_xs: -2.77060   Cv*/N_xs:  0.63125         E(kJ/mol): -4.035     P(bar):    0.044     
Step:  3439999    NAcc:  1720002    fAcc:  0.500      Maxd:  0.65798    E*/N:  -4.06258   P*:     0.23936    P*cold: -0.48064   Mu*_xs: -2.76960   Cv*/N_xs:  0.62683         E(kJ/mol): -4.052     P(bar):    -0.015    
Step:  3459999    NAcc:  1730001    fAcc:  0.500      Maxd:  2.10431    E*/N:  -4.08732   P*:     0.23817    P*cold: -0.48183   Mu*_xs: -2.76729   Cv*/N_xs:  0.63223         E(kJ/mol): -4.077     P(bar):    -0.056    
Step:  3479999    NAcc:  1740001    fAcc:  0.500      Maxd:  0.86475    E*/N:  -3.99730   P*:     0.23708    P*cold: -0.48292   Mu*_xs: -2.76718   Cv*/N_xs:  0.62778         E(kJ/mol): -3.987     P(bar):    0.384     
Step:  3499999    NAcc:  1749999    fAcc:  0.500      Maxd:  0.77415    E*/N:  -4.04146   P*:     0.23749    P*cold: -0.48251   Mu*_xs: -2.76605   Cv*/N_xs:  0.62542         E(kJ/mol): -4.031     P(bar):    0.131     
Step:  3519999    NAcc:  1760001    fAcc:  0.500      Maxd:  0.39212    E*/N:  -4.03763   P*:     0.23681    P*cold: -0.48319   Mu*_xs: -2.76516   Cv*/N_xs:  0.62491         E(kJ/mol): -4.027     P(bar):    0.238     
Step:  3539999    NAcc:  1770000    fAcc:  0.500      Maxd:  0.26738    E*/N:  -4.05650   P*:     0.23676    P*cold: -0.48324   Mu*_xs: -2.76391   Cv*/N_xs:  0.62737         E(kJ/mol): -4.046     P(bar):    0.173     
Step:  3559999    NAcc:  1780001    fAcc:  0.500      Maxd:  2.56168    E*/N:  -4.08740   P*:     0.23793    P*cold: -0.48207   Mu*_xs: -2.76479   Cv*/N_xs:  0.62475         E(kJ/mol): -4.077     P(bar):    0.063     
Step:  3579999    NAcc:  1789999    fAcc:  0.500      Maxd:  0.32851    E*/N:  -4.05362   P*:     0.23799    P*cold: -0.48201   Mu*_xs: -2.76598   Cv*/N_xs:  0.62841         E(kJ/mol): -4.043     P(bar):    0.316     
Step:  3599999    NAcc:  1799998    fAcc:  0.500      Maxd:  0.27321    E*/N:  -4.06691   P*:     0.23770    P*cold: -0.48230   Mu*_xs: -2.76743   Cv*/N_xs:  0.62642         E(kJ/mol): -4.056     P(bar):    0.059     
Step:  3619999    NAcc:  1809999    fAcc:  0.500      Maxd:  0.25599    E*/N:  -4.06841   P*:     0.23710    P*cold: -0.48290   Mu*_xs: -2.76535   Cv*/N_xs:  0.62318         E(kJ/mol): -4.058     P(bar):    0.104     
Step:  3639999    NAcc:  1819996    fAcc:  0.500      Maxd:  0.28553    E*/N:  -4.02101   P*:     0.23632    P*cold: -0.48368   Mu*_xs: -2.76617   Cv*/N_xs:  0.62575         E(kJ/mol): -4.010     P(bar):    0.336     
Step:  3659999    NAcc:  1829998    fAcc:  0.500      Maxd:  0.30005    E*/N:  -4.04701   P*:     0.23748    P*cold: -0.48252   Mu*_xs: -2.76611   Cv*/N_xs:  0.62327         E(kJ/mol): -4.036     P(bar):    0.235     
Step:  3679999    NAcc:  1840001    fAcc:  0.500      Maxd:  0.45782    E*/N:  -4.00259   P*:     0.23669    P*cold: -0.48331   Mu*_xs: -2.76778   Cv*/N_xs:  0.61969         E(kJ/mol): -3.992     P(bar):    0.304     
Step:  3699999    NAcc:  1849999    fAcc:  0.500      Maxd:  0.48485    E*/N:  -4.05067   P*:     0.23624    P*cold: -0.48376   Mu*_xs: -2.76837   Cv*/N_xs:  0.61560         E(kJ/mol): -4.040     P(bar):    0.053     
Step:  3719999    NAcc:  1860000    fAcc:  0.500      Maxd:  0.55898    E*/N:  -3.97757   P*:     0.23639    P*cold: -0.48361   Mu*_xs: -2.76951   Cv*/N_xs:  0.61548         E(kJ/mol): -3.967     P(bar):    0.429     
Step:  3739999    NAcc:  1869999    fAcc:  0.500      Maxd:  0.31438    E*/N:  -3.98695   P*:     0.23784    P*cold: -0.48216   Mu*_xs: -2.77003   Cv*/N_xs:  0.62367         E(kJ/mol): -3.977     P(bar):    0.308     
Step:  3759999    NAcc:  1880002    fAcc:  0.500      Maxd:  0.58025    E*/N:  -4.03235   P*:     0.23824    P*cold: -0.48176   Mu*_xs: -2.77307   Cv*/N_xs:  0.62681         E(kJ/mol): -4.022     P(bar):    0.188     
Step:  3779999    NAcc:  1889998    fAcc:  0.500      Maxd:  0.48512    E*/N:  -4.03724   P*:     0.23804    P*cold: -0.48196   Mu*_xs: -2.77408   Cv*/N_xs:  0.62525         E(kJ/mol): -4.027     P(bar):    0.201     
Step:  3799999    NAcc:  1900000    fAcc:  0.500      Maxd:  1.58169    E*/N:  -4.04215   P*:     0.23818    P*cold: -0.48182   Mu*_xs: -2.77383   Cv*/N_xs:  0.62912         E(kJ/mol): -4.032     P(bar):    0.162     
Step:  3819999    NAcc:  1909999    fAcc:  0.500      Maxd:  0.28801    E*/N:  -4.03549   P*:     0.23707    P*cold: -0.48293   Mu*_xs: -2.77124   Cv*/N_xs:  0.62496         E(kJ/mol): -4.025     P(bar):    0.125     
Step:  3839999    NAcc:  1920000    fAcc:  0.500      Maxd:  0.28337    E*/N:  -3.96349   P*:     0.23591    P*cold: -0.48409   Mu*_xs: -2.77079   Cv*/N_xs:  0.62314         E(kJ/mol): -3.953     P(bar):    0.332     
Step:  3859999    NAcc:  1929999    fAcc:  0.500      Maxd:  2.52089    E*/N:  -4.05146   P*:     0.23568    P*cold: -0.48432   Mu*_xs: -2.77080   Cv*/N_xs:  0.62189         E(kJ/mol): -4.041     P(bar):    0.180     
Step:  3879999    NAcc:  1940002    fAcc:  0.500      Maxd:  0.57394    E*/N:  -3.99873   P*:     0.23567    P*cold: -0.48433   Mu*_xs: -2.76972   Cv*/N_xs:  0.61863         E(kJ/mol): -3.988     P(bar):    0.288     
Step:  3899999    NAcc:  1950001    fAcc:  0.500      Maxd:  0.48262    E*/N:  -4.00536   P*:     0.23693    P*cold: -0.48307   Mu*_xs: -2.77080   Cv*/N_xs:  0.62908         E(kJ/mol): -3.995     P(bar):    0.170     
Step:  3919999    NAcc:  1960002    fAcc:  0.500      Maxd:  1.35842    E*/N:  -4.03765   P*:     0.23710    P*cold: -0.48290   Mu*_xs: -2.76978   Cv*/N_xs:  0.63158         E(kJ/mol): -4.027     P(bar):    0.231     
Step:  3939999    NAcc:  1970000    fAcc:  0.500      Maxd:  0.29299    E*/N:  -4.01645   P*:     0.23730    P*cold: -0.48270   Mu*_xs: -2.76863   Cv*/N_xs:  0.62844         E(kJ/mol): -4.006     P(bar):    0.141     
Step:  3959999    NAcc:  1980000    fAcc:  0.500      Maxd:  0.36069    E*/N:  -4.04490   P*:     0.23800    P*cold: -0.48200   Mu*_xs: -2.76931   Cv*/N_xs:  0.63078         E(kJ/mol): -4.034     P(bar):    0.106     
Step:  3979999    NAcc:  1990002    fAcc:  0.500      Maxd:  1.63426    E*/N:  -4.07043   P*:     0.23826    P*cold: -0.48174   Mu*_xs: -2.77181   Cv*/N_xs:  0.63216         E(kJ/mol): -4.060     P(bar):    0.006     
Step:  3999999    NAcc:  2000002    fAcc:  0.500      Maxd:  0.93587    E*/N:  -4.02564   P*:     0.23826    P*cold: -0.48174   Mu*_xs: -2.77415   Cv*/N_xs:  0.63317         E(kJ/mol): -4.015     P(bar):    0.187     
Step:  4019999    NAcc:  2010000    fAcc:  0.500      Maxd:  0.31194    E*/N:  -4.06495   P*:     0.23898    P*cold: -0.48102   Mu*_xs: -2.77663   Cv*/N_xs:  0.63010         E(kJ/mol): -4.054     P(bar):    0.077     
Step:  4039999    NAcc:  2020001    fAcc:  0.500      Maxd:  1.27769    E*/N:  -4.00477   P*:     0.23773    P*cold: -0.48227   Mu*_xs: -2.77683   Cv*/N_xs:  0.62892         E(kJ/mol): -3.994     P(bar):    0.195     
Step:  4059999    NAcc:  2029999    fAcc:  0.500      Maxd:  0.27235    E*/N:  -4.02872   P*:     0.23706    P*cold: -0.48294   Mu*_xs: -2.77581   Cv*/N_xs:  0.62612         E(kJ/mol): -4.018     P(bar):    0.135     
Step:  4079999    NAcc:  2039999    fAcc:  0.500      Maxd:  0.29412    E*/N:  -4.07031   P*:     0.23701    P*cold: -0.48299   Mu*_xs: -2.77497   Cv*/N_xs:  0.62448         E(kJ/mol): -4.060     P(bar):    0.016     
Step:  4099999    NAcc:  2050002    fAcc:  0.500      Maxd:  0.83913    E*/N:  -4.05947   P*:     0.23590    P*cold: -0.48410   Mu*_xs: -2.77462   Cv*/N_xs:  0.62502         E(kJ/mol): -4.049     P(bar):    0.147     
Step:  4119999    NAcc:  2059998    fAcc:  0.500      Maxd:  0.27899    E*/N:  -3.96209   P*:     0.23652    P*cold: -0.48348   Mu*_xs: -2.77440   Cv*/N_xs:  0.62161         E(kJ/mol): -3.952     P(bar):    0.411     
Step:  4139999    NAcc:  2070001    fAcc:  0.500      Maxd:  0.43267    E*/N:  -4.03209   P*:     0.23721    P*cold: -0.48279   Mu*_xs: -2.77466   Cv*/N_xs:  0.62348         E(kJ/mol): -4.022     P(bar):    0.321     
Step:  4159999    NAcc:  2079998    fAcc:  0.500      Maxd:  0.29012    E*/N:  -4.02896   P*:     0.23716    P*cold: -0.48284   Mu*_xs: -2.77554   Cv*/N_xs:  0.62272         E(kJ/mol): -4.018     P(bar):    0.032     
Step:  4179999    NAcc:  2090000    fAcc:  0.500      Maxd:  2.12880    E*/N:  -4.02144   P*:     0.23713    P*cold: -0.48287   Mu*_xs: -2.77680   Cv*/N_xs:  0.62442         E(kJ/mol): -4.011     P(bar):    0.184     
Step:  4199999    NAcc:  2100000    fAcc:  0.500      Maxd:  0.25933    E*/N:  -3.96789   P*:     0.23920    P*cold: -0.48080   Mu*_xs: -2.77514   Cv*/N_xs:  0.64060         E(kJ/mol): -3.957     P(bar):    0.508     
Step:  4219999    NAcc:  2109999    fAcc:  0.500      Maxd:  0.31402    E*/N:  -4.05509   P*:     0.23952    P*cold: -0.48048   Mu*_xs: -2.77564   Cv*/N_xs:  0.64016         E(kJ/mol): -4.044     P(bar):    0.161     
Step:  4239999    NAcc:  2120000    fAcc:  0.500      Maxd:  0.38533    E*/N:  -4.00732   P*:     0.24081    P*cold: -0.47919   Mu*_xs: -2.77562   Cv*/N_xs:  0.64794         E(kJ/mol): -3.997     P(bar):    0.349     
Step:  4259999    NAcc:  2129998    fAcc:  0.500      Maxd:  0.27376    E*/N:  -4.04449   P*:     0.24146    P*cold: -0.47854   Mu*_xs: -2.77449   Cv*/N_xs:  0.64805         E(kJ/mol): -4.034     P(bar):    0.294     
Step:  4279999    NAcc:  2139999    fAcc:  0.500      Maxd:  0.27938    E*/N:  -4.03566   P*:     0.24262    P*cold: -0.47738   Mu*_xs: -2.77339   Cv*/N_xs:  0.64465         E(kJ/mol): -4.025     P(bar):    0.312     
Step:  4299999    NAcc:  2149999    fAcc:  0.500      Maxd:  0.27274    E*/N:  -4.07691   P*:     0.24182    P*cold: -0.47818   Mu*_xs: -2.77190   Cv*/N_xs:  0.65353         E(kJ/mol): -4.066     P(bar):    0.149     
Step:  4319999    NAcc:  2160001    fAcc:  0.500      Maxd:  0.96950    E*/N:  -4.04285   P*:     0.24173    P*cold: -0.47827   Mu*_xs: -2.77003   Cv*/N_xs:  0.65727         E(kJ/mol): -4.032     P(bar):    0.196     
Step:  4339999    NAcc:  2170000    fAcc:  0.500      Maxd:  0.28647    E*/N:  -4.04536   P*:     0.24094    P*cold: -0.47906   Mu*_xs: -2.76896   Cv*/N_xs:  0.65440         E(kJ/mol): -4.035     P(bar):    0.124     
Step:  4359999    NAcc:  2180000    fAcc:  0.500      Maxd:  0.26402    E*/N:  -4.03047   P*:     0.24000    P*cold: -0.48000   Mu*_xs: -2.76802   Cv*/N_xs:  0.65142         E(kJ/mol): -4.020     P(bar):    0.061     
Step:  4379999    NAcc:  2190001    fAcc:  0.500      Maxd:  2.39989    E*/N:  -4.00942   P*:     0.23964    P*cold: -0.48036   Mu*_xs: -2.76822   Cv*/N_xs:  0.64931         E(kJ/mol): -3.999     P(bar):    0.157     
Step:  4399999    NAcc:  2200000    fAcc:  0.500      Maxd:  1.52408    E*/N:  -3.96911   P*:     0.23919    P*cold: -0.48081   Mu*_xs: -2.76660   Cv*/N_xs:  0.65266         E(kJ/mol): -3.959     P(bar):    0.271     
Step:  4419999    NAcc:  2209999    fAcc:  0.500      Maxd:  0.77878    E*/N:  -4.01175   P*:     0.23908    P*cold: -0.48092   Mu*_xs: -2.76573   Cv*/N_xs:  0.65401         E(kJ/mol): -4.001     P(bar):    0.099     
Step:  4439999    NAcc:  2219999    fAcc:  0.500      Maxd:  0.26450    E*/N:  -4.08338   P*:     0.23794    P*cold: -0.48206   Mu*_xs: -2.76631   Cv*/N_xs:  0.65386         E(kJ/mol): -4.073     P(bar):    0.031     
Step:  4459999    NAcc:  2229999    fAcc:  0.500      Maxd:  0.26683    E*/N:  -4.04307   P*:     0.23785    P*cold: -0.48215   Mu*_xs: -2.76599   Cv*/N_xs:  0.65019         E(kJ/mol): -4.032     P(bar):    0.181     
Step:  4479999    NAcc:  2239998    fAcc:  0.500      Maxd:  0.26777    E*/N:  -4.01282   P*:     0.23855    P*cold: -0.48145   Mu*_xs: -2.76467   Cv*/N_xs:  0.65183         E(kJ/mol): -4.002     P(bar):    0.284     
Step:  4499999    NAcc:  2250001    fAcc:  0.500      Maxd:  2.37738    E*/N:  -3.99463   P*:     0.23965    P*cold: -0.48035   Mu*_xs: -2.76515   Cv*/N_xs:  0.65086         E(kJ/mol): -3.984     P(bar):    0.397     
Step:  4519999    NAcc:  2260001    fAcc:  0.500      Maxd:  0.40258    E*/N:  -4.01072   P*:     0.24081    P*cold: -0.47919   Mu*_xs: -2.76467   Cv*/N_xs:  0.64854         E(kJ/mol): -4.000     P(bar):    0.296     
Step:  4539999    NAcc:  2270001    fAcc:  0.500      Maxd:  0.44567    E*/N:  -4.11224   P*:     0.24115    P*cold: -0.47885   Mu*_xs: -2.76455   Cv*/N_xs:  0.64990         E(kJ/mol): -4.101     P(bar):    -0.016    
Step:  4559999    NAcc:  2280000    fAcc:  0.500      Maxd:  0.28084    E*/N:  -4.04955   P*:     0.24102    P*cold: -0.47898   Mu*_xs: -2.76396   Cv*/N_xs:  0.64846         E(kJ/mol): -4.039     P(bar):    0.141     
Step:  4579999    NAcc:  2290001    fAcc:  0.500      Maxd:  0.41384    E*/N:  -4.00765   P*:     0.24169    P*cold: -0.47831   Mu*_xs: -2.76458   Cv*/N_xs:  0.64749         E(kJ/mol): -3.997     P(bar):    0.256     
Step:  4599999    NAcc:  2300001    fAcc:  0.500      Maxd:  0.83129    E*/N:  -4.03617   P*:     0.24200    P*cold: -0.47800   Mu*_xs: -2.76391   Cv*/N_xs:  0.64626         E(kJ/mol): -4.026     P(bar):    0.177     
Step:  4619999    NAcc:  2310001    fAcc:  0.500      Maxd:  0.60969    E*/N:  -3.97423   P*:     0.24193    P*cold: -0.47807   Mu*_xs: -2.76511   Cv*/N_xs:  0.64389         E(kJ/mol): -3.964     P(bar):    0.454     
Step:  4639999    NAcc:  2320001    fAcc:  0.500      Maxd:  0.45211    E*/N:  -3.98291   P*:     0.24214    P*cold: -0.47786   Mu*_xs: -2.76498   Cv*/N_xs:  0.64351         E(kJ/mol): -3.972     P(bar):    0.224     
Step:  4659999    NAcc:  2329998    fAcc:  0.500      Maxd:  0.72799    E*/N:  -4.03108   P*:     0.24210    P*cold: -0.47790   Mu*_xs: -2.76507   Cv*/N_xs:  0.64468         E(kJ/mol): -4.021     P(bar):    0.117     
Step:  4679999    NAcc:  2340000    fAcc:  0.500      Maxd:  0.30097    E*/N:  -4.02647   P*:     0.24231    P*cold: -0.47769   Mu*_xs: -2.76513   Cv*/N_xs:  0.64409         E(kJ/mol): -4.016     P(bar):    0.298     
Step:  4699999    NAcc:  2350000    fAcc:  0.500      Maxd:  0.49430    E*/N:  -4.04529   P*:     0.24296    P*cold: -0.47704   Mu*_xs: -2.76754   Cv*/N_xs:  0.64676         E(kJ/mol): -4.035     P(bar):    0.342     
Step:  4719999    NAcc:  2360001    fAcc:  0.500      Maxd:  0.78385    E*/N:  -4.01936   P*:     0.24344    P*cold: -0.47656   Mu*_xs: -2.76836   Cv*/N_xs:  0.64371         E(kJ/mol): -4.009     P(bar):    0.163     
Step:  4739999    NAcc:  2370000    fAcc:  0.500      Maxd:  0.25711    E*/N:  -4.06185   P*:     0.24356    P*cold: -0.47644   Mu*_xs: -2.76710   Cv*/N_xs:  0.64185         E(kJ/mol): -4.051     P(bar):    0.128     
Step:  4759999    NAcc:  2379998    fAcc:  0.500      Maxd:  0.29635    E*/N:  -4.05600   P*:     0.24333    P*cold: -0.47667   Mu*_xs: -2.76521   Cv*/N_xs:  0.64044         E(kJ/mol): -4.045     P(bar):    0.171     
Step:  4779999    NAcc:  2389996    fAcc:  0.500      Maxd:  0.31852    E*/N:  -4.05834   P*:     0.24364    P*cold: -0.47636   Mu*_xs: -2.76518   Cv*/N_xs:  0.63887         E(kJ/mol): -4.048     P(bar):    0.284     
Step:  4799999    NAcc:  2399997    fAcc:  0.500      Maxd:  0.29135    E*/N:  -4.06594   P*:     0.24393    P*cold: -0.47607   Mu*_xs: -2.76531   Cv*/N_xs:  0.64101         E(kJ/mol): -4.055     P(bar):    0.087     
Step:  4819999    NAcc:  2410003    fAcc:  0.500      Maxd:  1.12094    E*/N:  -4.00791   P*:     0.24386    P*cold: -0.47614   Mu*_xs: -2.76494   Cv*/N_xs:  0.63833         E(kJ/mol): -3.997     P(bar):    0.252     
Step:  4839999    NAcc:  2420001    fAcc:  0.500      Maxd:  0.39036    E*/N:  -3.96654   P*:     0.24458    P*cold: -0.47542   Mu*_xs: -2.76518   Cv*/N_xs:  0.63846         E(kJ/mol): -3.956     P(bar):    0.365     
Step:  4859999    NAcc:  2430000    fAcc:  0.500      Maxd:  0.40248    E*/N:  -4.05094   P*:     0.24456    P*cold: -0.47544   Mu*_xs: -2.76474   Cv*/N_xs:  0.63927         E(kJ/mol): -4.040     P(bar):    0.093     
Step:  4879999    NAcc:  2440000    fAcc:  0.500      Maxd:  0.25908    E*/N:  -4.07255   P*:     0.24422    P*cold: -0.47578   Mu*_xs: -2.76351   Cv*/N_xs:  0.63789         E(kJ/mol): -4.062     P(bar):    0.091     
Step:  4899999    NAcc:  2450000    fAcc:  0.500      Maxd:  0.27818    E*/N:  -4.05828   P*:     0.24369    P*cold: -0.47631   Mu*_xs: -2.76325   Cv*/N_xs:  0.63620         E(kJ/mol): -4.048     P(bar):    0.122     
Step:  4919999    NAcc:  2459998    fAcc:  0.500      Maxd:  0.25657    E*/N:  -4.07289   P*:     0.24373    P*cold: -0.47627   Mu*_xs: -2.76111   Cv*/N_xs:  0.63394         E(kJ/mol): -4.062     P(bar):    0.063     
Step:  4939999    NAcc:  2469999    fAcc:  0.500      Maxd:  0.60210    E*/N:  -4.05492   P*:     0.24415    P*cold: -0.47585   Mu*_xs: -2.76150   Cv*/N_xs:  0.63687         E(kJ/mol): -4.044     P(bar):    0.207     
Step:  4959999    NAcc:  2480000    fAcc:  0.500      Maxd:  2.68536    E*/N:  -3.97069   P*:     0.24383    P*cold: -0.47617   Mu*_xs: -2.76064   Cv*/N_xs:  0.63754         E(kJ/mol): -3.960     P(bar):    0.340     
Step:  4979999    NAcc:  2489999    fAcc:  0.500      Maxd:  0.99559    E*/N:  -3.98682   P*:     0.24411    P*cold: -0.47589   Mu*_xs: -2.76124   Cv*/N_xs:  0.63988         E(kJ/mol): -3.976     P(bar):    0.250     
Step:  4999999    NAcc:  2500001    fAcc:  0.500      Maxd:  0.44393    E*/N:  -3.97322   P*:     0.24355    P*cold: -0.47645   Mu*_xs: -2.76026   Cv*/N_xs:  0.63865         E(kJ/mol): -3.963     P(bar):    0.276     
# Computed average properties: 
 # E*/N:  -4.03039  
 # P*:     0.24355   
 # Cv*/N_xs:   0.63865        
 # Mu*_xs:  -2.76026  
