# Number of atoms:       500
# Atom type:             Ar
# Molar Mass (g/mol):    39.948
# Density (g/cm^3):      1.51951
# LJ sigma (Angstrom):   3.4
# LJ epsilon/kB (K):     120
# LJ cutoff (Angstrom):  13.6
# LJ cutoff (sigma):     4
# Temperature (K):       144
# Number MC steps:       5e+06
# Output frequency:      20000
# Num. den. (atoms/Ang): 0.0228984
# Box length (x):        27.9504
# Box length (y):        27.9504
# Box length (z):        27.9504
# Init. spacing (Ang):   3.1056
# reduc. density (rho*): 0.9
# reduc. temp (T*):      1.2
Step:  19999      NAcc:  6248       fAcc:  0.312      Maxd:  0.25175    E*/N:  -2.46841   P*:     nan        P*cold: nan        Mu*_xs: -0.00000   Cv*/N_xs:  0.00000         E(kJ/mol): -2.462     P(bar):    17.982    
Step:  39999      NAcc:  15756      fAcc:  0.394      Maxd:  0.25175    E*/N:  -5.12798   P*:     nan        P*cold: nan        Mu*_xs: -0.00000   Cv*/N_xs:  0.00000         E(kJ/mol): -5.115     P(bar):    6.911     
Step:  59999      NAcc:  26280      fAcc:  0.438      Maxd:  0.25175    E*/N:  -5.41796   P*:     nan        P*cold: nan        Mu*_xs: -0.00000   Cv*/N_xs:  0.00000         E(kJ/mol): -5.404     P(bar):    5.418     
Step:  79999      NAcc:  37030      fAcc:  0.463      Maxd:  0.25175    E*/N:  -5.45549   P*:     nan        P*cold: nan        Mu*_xs: -0.00000   Cv*/N_xs:  0.00000         E(kJ/mol): -5.441     P(bar):    5.164     
Step:  99999      NAcc:  47937      fAcc:  0.479      Maxd:  0.25175    E*/N:  -5.51945   P*:     nan        P*cold: nan        Mu*_xs: -0.00000   Cv*/N_xs:  0.00000         E(kJ/mol): -5.505     P(bar):    4.874     
Step:  119999     NAcc:  58800      fAcc:  0.490      Maxd:  0.25175    E*/N:  -5.55001   P*:     nan        P*cold: nan        Mu*_xs: -0.00000   Cv*/N_xs:  0.00000         E(kJ/mol): -5.535     P(bar):    4.816     
Step:  139999     NAcc:  69735      fAcc:  0.498      Maxd:  0.25175    E*/N:  -5.54395   P*:     nan        P*cold: nan        Mu*_xs: -0.00000   Cv*/N_xs:  0.00000         E(kJ/mol): -5.529     P(bar):    4.780     
Step:  159999     NAcc:  79988      fAcc:  0.500      Maxd:  0.26238    E*/N:  -5.71198   P*:     nan        P*cold: nan        Mu*_xs: -0.00000   Cv*/N_xs:  0.00000         E(kJ/mol): -5.697     P(bar):    4.083     
Step:  179999     NAcc:  90000      fAcc:  0.500      Maxd:  0.25538    E*/N:  -5.72681   P*:     nan        P*cold: nan        Mu*_xs: -0.00000   Cv*/N_xs:  0.00000         E(kJ/mol): -5.712     P(bar):    4.035     
Step:  199999     NAcc:  100001     fAcc:  0.500      Maxd:  1.10969    E*/N:  -5.64909   P*:     nan        P*cold: nan        Mu*_xs: -0.00000   Cv*/N_xs:  0.00000         E(kJ/mol): -5.634     P(bar):    4.265     
Step:  219999     NAcc:  109999     fAcc:  0.500      Maxd:  0.23660    E*/N:  -5.57154   P*:     nan        P*cold: nan        Mu*_xs: -0.00000   Cv*/N_xs:  0.00000         E(kJ/mol): -5.557     P(bar):    4.599     
Step:  239999     NAcc:  119997     fAcc:  0.500      Maxd:  0.26675    E*/N:  -5.61472   P*:     nan        P*cold: nan        Mu*_xs: -0.00000   Cv*/N_xs:  0.00000         E(kJ/mol): -5.600     P(bar):    4.448     
Step:  259999     NAcc:  130000     fAcc:  0.500      Maxd:  0.73980    E*/N:  -5.67737   P*:     nan        P*cold: nan        Mu*_xs: -0.00000   Cv*/N_xs:  0.00000         E(kJ/mol): -5.662     P(bar):    4.086     
Step:  279999     NAcc:  139999     fAcc:  0.500      Maxd:  0.24449    E*/N:  -5.73768   P*:     nan        P*cold: nan        Mu*_xs: -0.00000   Cv*/N_xs:  0.00000         E(kJ/mol): -5.723     P(bar):    3.999     
Step:  299999     NAcc:  150000     fAcc:  0.500      Maxd:  0.26642    E*/N:  -5.71578   P*:     nan        P*cold: nan        Mu*_xs: -0.00000   Cv*/N_xs:  0.00000         E(kJ/mol): -5.701     P(bar):    4.021     
Step:  319999     NAcc:  159998     fAcc:  0.500      Maxd:  0.23483    E*/N:  -5.76737   P*:     nan        P*cold: nan        Mu*_xs: -0.00000   Cv*/N_xs:  0.00000         E(kJ/mol): -5.752     P(bar):    3.797     
Step:  339999     NAcc:  169990     fAcc:  0.500      Maxd:  0.26108    E*/N:  -5.66817   P*:     nan        P*cold: nan        Mu*_xs: -0.00000   Cv*/N_xs:  0.00000         E(kJ/mol): -5.653     P(bar):    4.111     
Step:  359999     NAcc:  179999     fAcc:  0.500      Maxd:  0.22880    E*/N:  -5.64820   P*:     nan        P*cold: nan        Mu*_xs: -0.00000   Cv*/N_xs:  0.00000         E(kJ/mol): -5.633     P(bar):    4.187     
Step:  379999     NAcc:  190000     fAcc:  0.500      Maxd:  1.01001    E*/N:  -5.66030   P*:     nan        P*cold: nan        Mu*_xs: -0.00000   Cv*/N_xs:  0.00000         E(kJ/mol): -5.645     P(bar):    4.267     
Step:  399999     NAcc:  200000     fAcc:  0.500      Maxd:  0.23590    E*/N:  -5.80036   P*:     nan        P*cold: nan        Mu*_xs: -0.00000   Cv*/N_xs:  0.00000         E(kJ/mol): -5.785     P(bar):    3.728     
Step:  419999     NAcc:  209997     fAcc:  0.500      Maxd:  0.26259    E*/N:  -5.63736   P*:     nan        P*cold: nan        Mu*_xs: -0.00000   Cv*/N_xs:  0.00000         E(kJ/mol): -5.623     P(bar):    4.409     
Step:  439999     NAcc:  220001     fAcc:  0.500      Maxd:  0.33868    E*/N:  -5.72277   P*:     nan        P*cold: nan        Mu*_xs: -0.00000   Cv*/N_xs:  0.00000         E(kJ/mol): -5.708     P(bar):    3.961     
Step:  459999     NAcc:  229994     fAcc:  0.500      Maxd:  0.25642    E*/N:  -5.71191   P*:     nan        P*cold: nan        Mu*_xs: -0.00000   Cv*/N_xs:  0.00000         E(kJ/mol): -5.697     P(bar):    4.010     
Step:  479999     NAcc:  239998     fAcc:  0.500      Maxd:  0.27299    E*/N:  -5.69198   P*:     nan        P*cold: nan        Mu*_xs: -0.00000   Cv*/N_xs:  0.00000         E(kJ/mol): -5.677     P(bar):    4.100     
Step:  499999     NAcc:  250000     fAcc:  0.500      Maxd:  0.32956    E*/N:  -5.67143   P*:     nan        P*cold: nan        Mu*_xs: -0.00000   Cv*/N_xs:  0.00000         E(kJ/mol): -5.657     P(bar):    4.238     
Step:  519999     NAcc:  259998     fAcc:  0.500      Maxd:  0.27650    E*/N:  -5.76985   P*:     nan        P*cold: nan        Mu*_xs: -0.00000   Cv*/N_xs:  0.00000         E(kJ/mol): -5.755     P(bar):    3.851     
Step:  539999     NAcc:  269999     fAcc:  0.500      Maxd:  0.22472    E*/N:  -5.70728   P*:     nan        P*cold: nan        Mu*_xs: -0.00000   Cv*/N_xs:  0.00000         E(kJ/mol): -5.692     P(bar):    3.990     
Step:  559999     NAcc:  279999     fAcc:  0.500      Maxd:  0.27574    E*/N:  -5.74407   P*:     nan        P*cold: nan        Mu*_xs: -0.00000   Cv*/N_xs:  0.00000         E(kJ/mol): -5.729     P(bar):    3.862     
Step:  579999     NAcc:  290000     fAcc:  0.500      Maxd:  0.26591    E*/N:  -5.68467   P*:     nan        P*cold: nan        Mu*_xs: -0.00000   Cv*/N_xs:  0.00000         E(kJ/mol): -5.670     P(bar):    4.187     
Step:  599999     NAcc:  300000     fAcc:  0.500      Maxd:  0.26353    E*/N:  -5.78711   P*:     nan        P*cold: nan        Mu*_xs: -0.00000   Cv*/N_xs:  0.00000         E(kJ/mol): -5.772     P(bar):    3.747     
Step:  619999     NAcc:  309995     fAcc:  0.500      Maxd:  0.25733    E*/N:  -5.80701   P*:     nan        P*cold: nan        Mu*_xs: -0.00000   Cv*/N_xs:  0.00000         E(kJ/mol): -5.792     P(bar):    3.666     
Step:  639999     NAcc:  319998     fAcc:  0.500      Maxd:  0.23485    E*/N:  -5.79485   P*:     nan        P*cold: nan        Mu*_xs: -0.00000   Cv*/N_xs:  0.00000         E(kJ/mol): -5.780     P(bar):    3.697     
Step:  659999     NAcc:  329996     fAcc:  0.500      Maxd:  0.27686    E*/N:  -5.87319   P*:     nan        P*cold: nan        Mu*_xs: -0.00000   Cv*/N_xs:  0.00000         E(kJ/mol): -5.858     P(bar):    3.389     
Step:  679999     NAcc:  340000     fAcc:  0.500      Maxd:  0.67711    E*/N:  -5.78015   P*:     nan        P*cold: nan        Mu*_xs: -0.00000   Cv*/N_xs:  0.00000         E(kJ/mol): -5.765     P(bar):    3.741     
Step:  699999     NAcc:  349990     fAcc:  0.500      Maxd:  0.26386    E*/N:  -5.80136   P*:     nan        P*cold: nan        Mu*_xs: -0.00000   Cv*/N_xs:  0.00000         E(kJ/mol): -5.786     P(bar):    3.642     
Step:  719999     NAcc:  359999     fAcc:  0.500      Maxd:  0.22541    E*/N:  -5.79969   P*:     nan        P*cold: nan        Mu*_xs: -0.00000   Cv*/N_xs:  0.00000         E(kJ/mol): -5.784     P(bar):    3.667     
Step:  739999     NAcc:  370001     fAcc:  0.500      Maxd:  0.33947    E*/N:  -5.71198   P*:     nan        P*cold: nan        Mu*_xs: -0.00000   Cv*/N_xs:  0.00000         E(kJ/mol): -5.697     P(bar):    3.994     
Step:  759999     NAcc:  379998     fAcc:  0.500      Maxd:  0.22791    E*/N:  -5.76827   P*:     nan        P*cold: nan        Mu*_xs: -0.00000   Cv*/N_xs:  0.00000         E(kJ/mol): -5.753     P(bar):    3.814     
Step:  779999     NAcc:  389998     fAcc:  0.500      Maxd:  0.24643    E*/N:  -5.71668   P*:     nan        P*cold: nan        Mu*_xs: -0.00000   Cv*/N_xs:  0.00000         E(kJ/mol): -5.702     P(bar):    3.947     
Step:  799999     NAcc:  399996     fAcc:  0.500      Maxd:  0.25793    E*/N:  -5.80255   P*:     nan        P*cold: nan        Mu*_xs: -0.00000   Cv*/N_xs:  0.00000         E(kJ/mol): -5.787     P(bar):    3.592     
Step:  819999     NAcc:  410001     fAcc:  0.500      Maxd:  0.39403    E*/N:  -5.79559   P*:     nan        P*cold: nan        Mu*_xs: -0.00000   Cv*/N_xs:  0.00000         E(kJ/mol): -5.780     P(bar):    3.658     
Step:  839999     NAcc:  419999     fAcc:  0.500      Maxd:  0.25288    E*/N:  -5.66610   P*:     nan        P*cold: nan        Mu*_xs: -0.00000   Cv*/N_xs:  0.00000         E(kJ/mol): -5.651     P(bar):    4.173     
Step:  859999     NAcc:  429999     fAcc:  0.500      Maxd:  0.40728    E*/N:  -5.66214   P*:     nan        P*cold: nan        Mu*_xs: -0.00000   Cv*/N_xs:  0.00000         E(kJ/mol): -5.647     P(bar):    4.207     
Step:  879999     NAcc:  439997     fAcc:  0.500      Maxd:  0.24613    E*/N:  -5.68154   P*:     nan        P*cold: nan        Mu*_xs: -0.00000   Cv*/N_xs:  0.00000         E(kJ/mol): -5.667     P(bar):    4.081     
Step:  899999     NAcc:  449994     fAcc:  0.500      Maxd:  0.25555    E*/N:  -5.78486   P*:     nan        P*cold: nan        Mu*_xs: -0.00000   Cv*/N_xs:  0.00000         E(kJ/mol): -5.770     P(bar):    3.654     
Step:  919999     NAcc:  460000     fAcc:  0.500      Maxd:  0.25345    E*/N:  -5.67342   P*:     nan        P*cold: nan        Mu*_xs: -0.00000   Cv*/N_xs:  0.00000         E(kJ/mol): -5.659     P(bar):    4.148     
Step:  939999     NAcc:  470000     fAcc:  0.500      Maxd:  0.24405    E*/N:  -5.72492   P*:     nan        P*cold: nan        Mu*_xs: -0.00000   Cv*/N_xs:  0.00000         E(kJ/mol): -5.710     P(bar):    3.874     
Step:  959999     NAcc:  479996     fAcc:  0.500      Maxd:  0.27932    E*/N:  -5.79183   P*:     nan        P*cold: nan        Mu*_xs: -0.00000   Cv*/N_xs:  0.00000         E(kJ/mol): -5.777     P(bar):    3.687     
Step:  979999     NAcc:  489996     fAcc:  0.500      Maxd:  0.26808    E*/N:  -5.65437   P*:     nan        P*cold: nan        Mu*_xs: -0.00000   Cv*/N_xs:  0.00000         E(kJ/mol): -5.640     P(bar):    4.206     
Step:  999999     NAcc:  499997     fAcc:  0.500      Maxd:  0.27201    E*/N:  -5.76471   P*:     nan        P*cold: nan        Mu*_xs: -0.00000   Cv*/N_xs:  0.00000         E(kJ/mol): -5.750     P(bar):    3.760     
Step:  1019999    NAcc:  509996     fAcc:  0.500      Maxd:  0.25031    E*/N:  -5.76173   P*:     nan        P*cold: nan        Mu*_xs: -0.00000   Cv*/N_xs:  0.00000         E(kJ/mol): -5.747     P(bar):    3.828     
Step:  1039999    NAcc:  519992     fAcc:  0.500      Maxd:  0.26277    E*/N:  -5.74529   P*:     nan        P*cold: nan        Mu*_xs: -0.00000   Cv*/N_xs:  0.00000         E(kJ/mol): -5.730     P(bar):    3.892     
Step:  1059999    NAcc:  529994     fAcc:  0.500      Maxd:  0.25846    E*/N:  -5.69662   P*:     nan        P*cold: nan        Mu*_xs: -0.00000   Cv*/N_xs:  0.00000         E(kJ/mol): -5.682     P(bar):    4.047     
Step:  1079999    NAcc:  539998     fAcc:  0.500      Maxd:  0.62254    E*/N:  -5.68059   P*:     nan        P*cold: nan        Mu*_xs: -0.00000   Cv*/N_xs:  0.00000         E(kJ/mol): -5.666     P(bar):    4.161     
Step:  1099999    NAcc:  550000     fAcc:  0.500      Maxd:  0.23173    E*/N:  -5.71156   P*:     nan        P*cold: nan        Mu*_xs: -0.00000   Cv*/N_xs:  0.00000         E(kJ/mol): -5.697     P(bar):    4.057     
Step:  1119999    NAcc:  559984     fAcc:  0.500      Maxd:  0.27808    E*/N:  -5.70493   P*:     nan        P*cold: nan        Mu*_xs: -0.00000   Cv*/N_xs:  0.00000         E(kJ/mol): -5.690     P(bar):    4.047     
Step:  1139999    NAcc:  570001     fAcc:  0.500      Maxd:  0.32463    E*/N:  -5.77160   P*:     nan        P*cold: nan        Mu*_xs: -0.00000   Cv*/N_xs:  0.00000         E(kJ/mol): -5.756     P(bar):    3.734     
Step:  1159999    NAcc:  579996     fAcc:  0.500      Maxd:  0.25525    E*/N:  -5.73073   P*:     nan        P*cold: nan        Mu*_xs: -0.00000   Cv*/N_xs:  0.00000         E(kJ/mol): -5.716     P(bar):    3.921     
Step:  1179999    NAcc:  589997     fAcc:  0.500      Maxd:  0.27621    E*/N:  -5.72735   P*:     nan        P*cold: nan        Mu*_xs: -0.00000   Cv*/N_xs:  0.00000         E(kJ/mol): -5.712     P(bar):    4.000     
Step:  1199999    NAcc:  600000     fAcc:  0.500      Maxd:  0.25718    E*/N:  -5.82227   P*:     nan        P*cold: nan        Mu*_xs: -0.00000   Cv*/N_xs:  0.00000         E(kJ/mol): -5.807     P(bar):    3.655     
Step:  1219999    NAcc:  610000     fAcc:  0.500      Maxd:  0.25776    E*/N:  -5.73052   P*:     nan        P*cold: nan        Mu*_xs: -0.00000   Cv*/N_xs:  0.00000         E(kJ/mol): -5.716     P(bar):    3.966     
Step:  1239999    NAcc:  619997     fAcc:  0.500      Maxd:  0.25699    E*/N:  -5.75222   P*:     nan        P*cold: nan        Mu*_xs: -0.00000   Cv*/N_xs:  0.00000         E(kJ/mol): -5.737     P(bar):    3.940     
Step:  1259999    NAcc:  629991     fAcc:  0.500      Maxd:  0.26636    E*/N:  -5.71801   P*:     nan        P*cold: nan        Mu*_xs: -0.00000   Cv*/N_xs:  0.00000         E(kJ/mol): -5.703     P(bar):    4.014     
Step:  1279999    NAcc:  639989     fAcc:  0.500      Maxd:  0.26252    E*/N:  -5.68383   P*:     nan        P*cold: nan        Mu*_xs: -0.00000   Cv*/N_xs:  0.00000         E(kJ/mol): -5.669     P(bar):    4.160     
Step:  1299999    NAcc:  650000     fAcc:  0.500      Maxd:  0.27319    E*/N:  -5.76211   P*:     nan        P*cold: nan        Mu*_xs: -0.00000   Cv*/N_xs:  0.00000         E(kJ/mol): -5.747     P(bar):    3.825     
Step:  1319999    NAcc:  659997     fAcc:  0.500      Maxd:  0.27422    E*/N:  -5.69174   P*:     nan        P*cold: nan        Mu*_xs: -0.00000   Cv*/N_xs:  0.00000         E(kJ/mol): -5.677     P(bar):    4.088     
Step:  1339999    NAcc:  669975     fAcc:  0.500      Maxd:  0.27872    E*/N:  -5.69824   P*:     nan        P*cold: nan        Mu*_xs: -0.00000   Cv*/N_xs:  0.00000         E(kJ/mol): -5.683     P(bar):    4.103     
Step:  1359999    NAcc:  680001     fAcc:  0.500      Maxd:  0.36401    E*/N:  -5.67004   P*:     nan        P*cold: nan        Mu*_xs: -0.00000   Cv*/N_xs:  0.00000         E(kJ/mol): -5.655     P(bar):    4.219     
Step:  1379999    NAcc:  689987     fAcc:  0.500      Maxd:  0.25476    E*/N:  -5.64146   P*:     nan        P*cold: nan        Mu*_xs: -0.00000   Cv*/N_xs:  0.00000         E(kJ/mol): -5.627     P(bar):    4.323     
Step:  1399999    NAcc:  699996     fAcc:  0.500      Maxd:  0.26391    E*/N:  -5.60869   P*:     nan        P*cold: nan        Mu*_xs: -0.00000   Cv*/N_xs:  0.00000         E(kJ/mol): -5.594     P(bar):    4.441     
Step:  1419999    NAcc:  709993     fAcc:  0.500      Maxd:  0.25985    E*/N:  -5.70211   P*:     nan        P*cold: nan        Mu*_xs: -0.00000   Cv*/N_xs:  0.00000         E(kJ/mol): -5.687     P(bar):    4.132     
Step:  1439999    NAcc:  719998     fAcc:  0.500      Maxd:  0.23691    E*/N:  -5.66654   P*:     nan        P*cold: nan        Mu*_xs: -0.00000   Cv*/N_xs:  0.00000         E(kJ/mol): -5.652     P(bar):    4.234     
Step:  1459999    NAcc:  729980     fAcc:  0.500      Maxd:  0.27609    E*/N:  -5.71424   P*:     nan        P*cold: nan        Mu*_xs: -0.00000   Cv*/N_xs:  0.00000         E(kJ/mol): -5.699     P(bar):    4.104     
Step:  1479999    NAcc:  739997     fAcc:  0.500      Maxd:  0.27388    E*/N:  -5.62338   P*:     nan        P*cold: nan        Mu*_xs: -0.00000   Cv*/N_xs:  0.00000         E(kJ/mol): -5.609     P(bar):    4.390     
Step:  1499999    NAcc:  749999     fAcc:  0.500      Maxd:  0.25260    E*/N:  -5.69927   P*:     nan        P*cold: nan        Mu*_xs: -0.00000   Cv*/N_xs:  0.00000         E(kJ/mol): -5.684     P(bar):    4.045     
Step:  1519999    NAcc:  759998     fAcc:  0.500      Maxd:  0.27389    E*/N:  -5.62612   P*:     nan        P*cold: nan        Mu*_xs: -0.00000   Cv*/N_xs:  0.00000         E(kJ/mol): -5.611     P(bar):    4.360     
Step:  1539999    NAcc:  770001     fAcc:  0.500      Maxd:  1.07264    E*/N:  -5.71018   P*:     nan        P*cold: nan        Mu*_xs: -0.00000   Cv*/N_xs:  0.00000         E(kJ/mol): -5.695     P(bar):    4.029     
Step:  1559999    NAcc:  779965     fAcc:  0.500      Maxd:  0.27901    E*/N:  -5.70023   P*:     nan        P*cold: nan        Mu*_xs: -0.00000   Cv*/N_xs:  0.00000         E(kJ/mol): -5.685     P(bar):    4.035     
Step:  1579999    NAcc:  789999     fAcc:  0.500      Maxd:  0.25830    E*/N:  -5.79848   P*:     nan        P*cold: nan        Mu*_xs: -0.00000   Cv*/N_xs:  0.00000         E(kJ/mol): -5.783     P(bar):    3.622     
Step:  1599999    NAcc:  799999     fAcc:  0.500      Maxd:  0.24772    E*/N:  -5.73330   P*:     nan        P*cold: nan        Mu*_xs: -0.00000   Cv*/N_xs:  0.00000         E(kJ/mol): -5.718     P(bar):    3.851     
Step:  1619999    NAcc:  810000     fAcc:  0.500      Maxd:  0.25022    E*/N:  -5.75407   P*:     nan        P*cold: nan        Mu*_xs: -0.00000   Cv*/N_xs:  0.00000         E(kJ/mol): -5.739     P(bar):    3.828     
Step:  1639999    NAcc:  819999     fAcc:  0.500      Maxd:  0.26150    E*/N:  -5.75663   P*:     nan        P*cold: nan        Mu*_xs: -0.00000   Cv*/N_xs:  0.00000         E(kJ/mol): -5.742     P(bar):    3.878     
Step:  1659999    NAcc:  830000     fAcc:  0.500      Maxd:  0.27280    E*/N:  -5.68351   P*:     nan        P*cold: nan        Mu*_xs: -0.00000   Cv*/N_xs:  0.00000         E(kJ/mol): -5.669     P(bar):    4.128     
Step:  1679999    NAcc:  839995     fAcc:  0.500      Maxd:  0.27056    E*/N:  -5.68666   P*:     nan        P*cold: nan        Mu*_xs: -0.00000   Cv*/N_xs:  0.00000         E(kJ/mol): -5.672     P(bar):    4.061     
Step:  1699999    NAcc:  850000     fAcc:  0.500      Maxd:  0.23752    E*/N:  -5.66020   P*:     nan        P*cold: nan        Mu*_xs: -0.00000   Cv*/N_xs:  0.00000         E(kJ/mol): -5.645     P(bar):    4.195     
Step:  1719999    NAcc:  859993     fAcc:  0.500      Maxd:  0.27701    E*/N:  -5.68435   P*:     nan        P*cold: nan        Mu*_xs: -0.00000   Cv*/N_xs:  0.00000         E(kJ/mol): -5.669     P(bar):    4.084     
Step:  1739999    NAcc:  869999     fAcc:  0.500      Maxd:  0.25909    E*/N:  -5.65939   P*:     nan        P*cold: nan        Mu*_xs: -0.00000   Cv*/N_xs:  0.00000         E(kJ/mol): -5.645     P(bar):    4.261     
Step:  1759999    NAcc:  879999     fAcc:  0.500      Maxd:  0.25555    E*/N:  -5.73383   P*:     nan        P*cold: nan        Mu*_xs: -0.00000   Cv*/N_xs:  0.00000         E(kJ/mol): -5.719     P(bar):    3.920     
Step:  1779999    NAcc:  889995     fAcc:  0.500      Maxd:  0.27009    E*/N:  -5.65375   P*:     nan        P*cold: nan        Mu*_xs: -0.00000   Cv*/N_xs:  0.00000         E(kJ/mol): -5.639     P(bar):    4.290     
Step:  1799999    NAcc:  900000     fAcc:  0.500      Maxd:  0.28776    E*/N:  -5.68681   P*:     nan        P*cold: nan        Mu*_xs: -0.00000   Cv*/N_xs:  0.00000         E(kJ/mol): -5.672     P(bar):    4.183     
Step:  1819999    NAcc:  909997     fAcc:  0.500      Maxd:  0.27840    E*/N:  -5.68276   P*:     nan        P*cold: nan        Mu*_xs: -0.00000   Cv*/N_xs:  0.00000         E(kJ/mol): -5.668     P(bar):    4.141     
Step:  1839999    NAcc:  919997     fAcc:  0.500      Maxd:  0.25606    E*/N:  -5.72198   P*:     nan        P*cold: nan        Mu*_xs: -0.00000   Cv*/N_xs:  0.00000         E(kJ/mol): -5.707     P(bar):    3.985     
Step:  1859999    NAcc:  930001     fAcc:  0.500      Maxd:  0.70114    E*/N:  -5.72893   P*:     nan        P*cold: nan        Mu*_xs: -0.00000   Cv*/N_xs:  0.00000         E(kJ/mol): -5.714     P(bar):    3.958     
Step:  1879999    NAcc:  939998     fAcc:  0.500      Maxd:  0.24277    E*/N:  -5.84232   P*:     nan        P*cold: nan        Mu*_xs: -0.00000   Cv*/N_xs:  0.00000         E(kJ/mol): -5.827     P(bar):    3.487     
Step:  1899999    NAcc:  949999     fAcc:  0.500      Maxd:  0.26053    E*/N:  -5.62214   P*:     nan        P*cold: nan        Mu*_xs: -0.00000   Cv*/N_xs:  0.00000         E(kJ/mol): -5.607     P(bar):    4.410     
Step:  1919999    NAcc:  960000     fAcc:  0.500      Maxd:  0.25244    E*/N:  -5.69671   P*:     nan        P*cold: nan        Mu*_xs: -0.00000   Cv*/N_xs:  0.00000         E(kJ/mol): -5.682     P(bar):    4.029     
Step:  1939999    NAcc:  969999     fAcc:  0.500      Maxd:  0.26815    E*/N:  -5.64880   P*:     nan        P*cold: nan        Mu*_xs: -0.00000   Cv*/N_xs:  0.00000         E(kJ/mol): -5.634     P(bar):    4.250     
Step:  1959999    NAcc:  979999     fAcc:  0.500      Maxd:  0.33771    E*/N:  -5.69810   P*:     nan        P*cold: nan        Mu*_xs: -0.00000   Cv*/N_xs:  0.00000         E(kJ/mol): -5.683     P(bar):    4.036     
Step:  1979999    NAcc:  989997     fAcc:  0.500      Maxd:  0.27890    E*/N:  -5.70710   P*:     nan        P*cold: nan        Mu*_xs: -0.00000   Cv*/N_xs:  0.00000         E(kJ/mol): -5.692     P(bar):    4.116     
Step:  1999999    NAcc:  1000000    fAcc:  0.500      Maxd:  0.35560    E*/N:  -5.71094   P*:     nan        P*cold: nan        Mu*_xs: -0.00000   Cv*/N_xs:  0.00000         E(kJ/mol): -5.696     P(bar):    3.995     
Step:  2019999    NAcc:  1009988    fAcc:  0.500      Maxd:  0.26119    E*/N:  -5.59548   P*:     4.86424    P*cold: 3.78424    Mu*_xs: 9.91684    Cv*/N_xs:  1.13515         E(kJ/mol): -5.581     P(bar):    4.546     
Step:  2039999    NAcc:  1020000    fAcc:  0.500      Maxd:  0.39663    E*/N:  -5.68310   P*:     5.03333    P*cold: 3.95333    Mu*_xs: 10.73453   Cv*/N_xs:  1.22727         E(kJ/mol): -5.668     P(bar):    4.201     
Step:  2059999    NAcc:  1029994    fAcc:  0.500      Maxd:  0.26238    E*/N:  -5.61726   P*:     4.97832    P*cold: 3.89832    Mu*_xs: 11.21048   Cv*/N_xs:  1.05121         E(kJ/mol): -5.603     P(bar):    4.446     
Step:  2079999    NAcc:  1039998    fAcc:  0.500      Maxd:  0.23636    E*/N:  -5.66530   P*:     4.93717    P*cold: 3.85717    Mu*_xs: 11.55215   Cv*/N_xs:  1.17832         E(kJ/mol): -5.650     P(bar):    4.179     
Step:  2099999    NAcc:  1049999    fAcc:  0.500      Maxd:  0.25711    E*/N:  -5.64605   P*:     4.90656    P*cold: 3.82656    Mu*_xs: 11.81991   Cv*/N_xs:  1.26114         E(kJ/mol): -5.631     P(bar):    4.202     
Step:  2119999    NAcc:  1060001    fAcc:  0.500      Maxd:  0.48975    E*/N:  -5.71616   P*:     4.90466    P*cold: 3.82466    Mu*_xs: 11.19713   Cv*/N_xs:  1.22421         E(kJ/mol): -5.701     P(bar):    3.994     
Step:  2139999    NAcc:  1069998    fAcc:  0.500      Maxd:  0.24181    E*/N:  -5.74620   P*:     4.89598    P*cold: 3.81598    Mu*_xs: 8.52289    Cv*/N_xs:  1.20262         E(kJ/mol): -5.731     P(bar):    3.893     
Step:  2159999    NAcc:  1079999    fAcc:  0.500      Maxd:  0.25938    E*/N:  -5.70535   P*:     4.89177    P*cold: 3.81177    Mu*_xs: 8.51628    Cv*/N_xs:  1.19769         E(kJ/mol): -5.690     P(bar):    4.007     
Step:  2179999    NAcc:  1089997    fAcc:  0.500      Maxd:  0.26403    E*/N:  -5.74201   P*:     4.86109    P*cold: 3.78109    Mu*_xs: 8.65654    Cv*/N_xs:  1.30326         E(kJ/mol): -5.727     P(bar):    3.840     
Step:  2199999    NAcc:  1100000    fAcc:  0.500      Maxd:  0.22765    E*/N:  -5.77680   P*:     4.84957    P*cold: 3.76957    Mu*_xs: 8.49043    Cv*/N_xs:  1.29211         E(kJ/mol): -5.762     P(bar):    3.798     
Step:  2219999    NAcc:  1110001    fAcc:  0.500      Maxd:  0.39270    E*/N:  -5.74057   P*:     4.82988    P*cold: 3.74988    Mu*_xs: 8.60449    Cv*/N_xs:  1.33640         E(kJ/mol): -5.726     P(bar):    4.001     
Step:  2239999    NAcc:  1119996    fAcc:  0.500      Maxd:  0.27483    E*/N:  -5.68112   P*:     4.82345    P*cold: 3.74345    Mu*_xs: 8.64967    Cv*/N_xs:  1.34833         E(kJ/mol): -5.666     P(bar):    4.030     
Step:  2259999    NAcc:  1130002    fAcc:  0.500      Maxd:  1.51805    E*/N:  -5.71690   P*:     4.80720    P*cold: 3.72720    Mu*_xs: 8.72968    Cv*/N_xs:  1.29776         E(kJ/mol): -5.702     P(bar):    3.932     
Step:  2279999    NAcc:  1139988    fAcc:  0.500      Maxd:  0.27175    E*/N:  -5.73781   P*:     4.80449    P*cold: 3.72449    Mu*_xs: 8.40908    Cv*/N_xs:  1.22652         E(kJ/mol): -5.723     P(bar):    4.048     
Step:  2299999    NAcc:  1150001    fAcc:  0.500      Maxd:  0.32432    E*/N:  -5.74633   P*:     4.81464    P*cold: 3.73464    Mu*_xs: 3.63060    Cv*/N_xs:  1.17470         E(kJ/mol): -5.731     P(bar):    3.978     
Step:  2319999    NAcc:  1159999    fAcc:  0.500      Maxd:  0.24304    E*/N:  -5.63665   P*:     4.82532    P*cold: 3.74532    Mu*_xs: 3.68982    Cv*/N_xs:  1.14677         E(kJ/mol): -5.622     P(bar):    4.376     
Step:  2339999    NAcc:  1169999    fAcc:  0.500      Maxd:  0.46960    E*/N:  -5.71855   P*:     4.82288    P*cold: 3.74288    Mu*_xs: 3.76218    Cv*/N_xs:  1.15330         E(kJ/mol): -5.704     P(bar):    4.029     
Step:  2359999    NAcc:  1179998    fAcc:  0.500      Maxd:  0.24647    E*/N:  -5.75230   P*:     4.81994    P*cold: 3.73994    Mu*_xs: 3.65296    Cv*/N_xs:  1.13776         E(kJ/mol): -5.737     P(bar):    3.902     
Step:  2379999    NAcc:  1189981    fAcc:  0.500      Maxd:  0.27712    E*/N:  -5.64297   P*:     4.82892    P*cold: 3.74892    Mu*_xs: 3.70614    Cv*/N_xs:  1.15627         E(kJ/mol): -5.628     P(bar):    4.326     
Step:  2399999    NAcc:  1199998    fAcc:  0.500      Maxd:  0.24964    E*/N:  -5.70594   P*:     4.82681    P*cold: 3.74681    Mu*_xs: 3.75167    Cv*/N_xs:  1.13842         E(kJ/mol): -5.691     P(bar):    4.106     
Step:  2419999    NAcc:  1209996    fAcc:  0.500      Maxd:  0.26345    E*/N:  -5.69037   P*:     4.83366    P*cold: 3.75366    Mu*_xs: 3.77641    Cv*/N_xs:  1.13064         E(kJ/mol): -5.675     P(bar):    4.157     
Step:  2439999    NAcc:  1219999    fAcc:  0.500      Maxd:  0.22377    E*/N:  -5.68682   P*:     4.84470    P*cold: 3.76470    Mu*_xs: 3.83149    Cv*/N_xs:  1.12949         E(kJ/mol): -5.672     P(bar):    4.172     
Step:  2459999    NAcc:  1229995    fAcc:  0.500      Maxd:  0.27299    E*/N:  -5.64396   P*:     4.84339    P*cold: 3.76339    Mu*_xs: 3.85029    Cv*/N_xs:  1.12258         E(kJ/mol): -5.629     P(bar):    4.280     
Step:  2479999    NAcc:  1239999    fAcc:  0.500      Maxd:  0.26785    E*/N:  -5.59605   P*:     4.84897    P*cold: 3.76897    Mu*_xs: 3.90059    Cv*/N_xs:  1.13160         E(kJ/mol): -5.581     P(bar):    4.520     
Step:  2499999    NAcc:  1249993    fAcc:  0.500      Maxd:  0.27211    E*/N:  -5.55206   P*:     4.86604    P*cold: 3.78604    Mu*_xs: 3.94649    Cv*/N_xs:  1.20123         E(kJ/mol): -5.538     P(bar):    4.742     
Step:  2519999    NAcc:  1260000    fAcc:  0.500      Maxd:  0.25197    E*/N:  -5.63853   P*:     4.87889    P*cold: 3.79889    Mu*_xs: 3.99274    Cv*/N_xs:  1.24705         E(kJ/mol): -5.624     P(bar):    4.320     
Step:  2539999    NAcc:  1269996    fAcc:  0.500      Maxd:  0.25419    E*/N:  -5.67544   P*:     4.88184    P*cold: 3.80184    Mu*_xs: 3.94798    Cv*/N_xs:  1.28176         E(kJ/mol): -5.661     P(bar):    4.217     
Step:  2559999    NAcc:  1280000    fAcc:  0.500      Maxd:  0.71313    E*/N:  -5.66181   P*:     4.89128    P*cold: 3.81128    Mu*_xs: 3.98574    Cv*/N_xs:  1.29470         E(kJ/mol): -5.647     P(bar):    4.276     
Step:  2579999    NAcc:  1289998    fAcc:  0.500      Maxd:  0.27839    E*/N:  -5.69763   P*:     4.89432    P*cold: 3.81432    Mu*_xs: 3.70237    Cv*/N_xs:  1.28376         E(kJ/mol): -5.683     P(bar):    4.141     
Step:  2599999    NAcc:  1299998    fAcc:  0.500      Maxd:  0.26699    E*/N:  -5.77511   P*:     4.89117    P*cold: 3.81117    Mu*_xs: 3.73919    Cv*/N_xs:  1.26967         E(kJ/mol): -5.760     P(bar):    3.725     
Step:  2619999    NAcc:  1309999    fAcc:  0.500      Maxd:  0.26123    E*/N:  -5.72198   P*:     4.88372    P*cold: 3.80372    Mu*_xs: 3.77822    Cv*/N_xs:  1.27274         E(kJ/mol): -5.707     P(bar):    3.986     
Step:  2639999    NAcc:  1319994    fAcc:  0.500      Maxd:  0.26473    E*/N:  -5.67563   P*:     4.88086    P*cold: 3.80086    Mu*_xs: 3.81617    Cv*/N_xs:  1.24845         E(kJ/mol): -5.661     P(bar):    4.201     
Step:  2659999    NAcc:  1330001    fAcc:  0.500      Maxd:  1.40690    E*/N:  -5.64072   P*:     4.87810    P*cold: 3.79810    Mu*_xs: 3.85263    Cv*/N_xs:  1.23015         E(kJ/mol): -5.626     P(bar):    4.385     
Step:  2679999    NAcc:  1339999    fAcc:  0.500      Maxd:  0.24847    E*/N:  -5.77433   P*:     4.87430    P*cold: 3.79430    Mu*_xs: 3.77839    Cv*/N_xs:  1.24131         E(kJ/mol): -5.759     P(bar):    3.848     
Step:  2699999    NAcc:  1349999    fAcc:  0.500      Maxd:  0.22581    E*/N:  -5.78565   P*:     4.87024    P*cold: 3.79024    Mu*_xs: 3.81121    Cv*/N_xs:  1.23696         E(kJ/mol): -5.770     P(bar):    3.837     
Step:  2719999    NAcc:  1360000    fAcc:  0.500      Maxd:  0.26599    E*/N:  -5.76844   P*:     4.87288    P*cold: 3.79288    Mu*_xs: 3.55736    Cv*/N_xs:  1.24169         E(kJ/mol): -5.753     P(bar):    3.776     
Step:  2739999    NAcc:  1369992    fAcc:  0.500      Maxd:  0.26262    E*/N:  -5.61140   P*:     4.87686    P*cold: 3.79686    Mu*_xs: 3.59023    Cv*/N_xs:  1.24555         E(kJ/mol): -5.597     P(bar):    4.422     
Step:  2759999    NAcc:  1379998    fAcc:  0.500      Maxd:  0.27611    E*/N:  -5.72328   P*:     4.87952    P*cold: 3.79952    Mu*_xs: 3.52978    Cv*/N_xs:  1.23386         E(kJ/mol): -5.708     P(bar):    3.979     
Step:  2779999    NAcc:  1389994    fAcc:  0.500      Maxd:  0.27192    E*/N:  -5.67388   P*:     4.88086    P*cold: 3.80086    Mu*_xs: 3.56089    Cv*/N_xs:  1.21387         E(kJ/mol): -5.659     P(bar):    4.176     
Step:  2799999    NAcc:  1399997    fAcc:  0.500      Maxd:  0.22457    E*/N:  -5.66030   P*:     4.88172    P*cold: 3.80172    Mu*_xs: 3.22214    Cv*/N_xs:  1.19501         E(kJ/mol): -5.645     P(bar):    4.274     
Step:  2819999    NAcc:  1409995    fAcc:  0.500      Maxd:  0.26092    E*/N:  -5.76068   P*:     4.88351    P*cold: 3.80351    Mu*_xs: 3.25176    Cv*/N_xs:  1.18029         E(kJ/mol): -5.746     P(bar):    3.863     
Step:  2839999    NAcc:  1419995    fAcc:  0.500      Maxd:  0.25326    E*/N:  -5.68061   P*:     4.88115    P*cold: 3.80115    Mu*_xs: 3.03945    Cv*/N_xs:  1.17451         E(kJ/mol): -5.666     P(bar):    4.173     
Step:  2859999    NAcc:  1430000    fAcc:  0.500      Maxd:  0.22531    E*/N:  -5.74866   P*:     4.88065    P*cold: 3.80065    Mu*_xs: 3.06658    Cv*/N_xs:  1.16617         E(kJ/mol): -5.734     P(bar):    3.854     
Step:  2879999    NAcc:  1439995    fAcc:  0.500      Maxd:  0.27180    E*/N:  -5.69061   P*:     4.87568    P*cold: 3.79568    Mu*_xs: 3.09059    Cv*/N_xs:  1.16118         E(kJ/mol): -5.676     P(bar):    4.059     
Step:  2899999    NAcc:  1449997    fAcc:  0.500      Maxd:  0.26614    E*/N:  -5.69747   P*:     4.87644    P*cold: 3.79644    Mu*_xs: 3.11701    Cv*/N_xs:  1.14845         E(kJ/mol): -5.683     P(bar):    4.136     
Step:  2919999    NAcc:  1460000    fAcc:  0.500      Maxd:  0.48339    E*/N:  -5.68311   P*:     4.87834    P*cold: 3.79834    Mu*_xs: 3.14338    Cv*/N_xs:  1.13385         E(kJ/mol): -5.668     P(bar):    4.257     
Step:  2939999    NAcc:  1469992    fAcc:  0.500      Maxd:  0.27180    E*/N:  -5.74346   P*:     4.88241    P*cold: 3.80241    Mu*_xs: 3.15938    Cv*/N_xs:  1.14027         E(kJ/mol): -5.728     P(bar):    3.937     
Step:  2959999    NAcc:  1480001    fAcc:  0.500      Maxd:  0.34231    E*/N:  -5.74977   P*:     4.87838    P*cold: 3.79838    Mu*_xs: 3.15964    Cv*/N_xs:  1.14638         E(kJ/mol): -5.735     P(bar):    3.943     
Step:  2979999    NAcc:  1489994    fAcc:  0.500      Maxd:  0.25289    E*/N:  -5.70400   P*:     4.87174    P*cold: 3.79174    Mu*_xs: 3.14703    Cv*/N_xs:  1.17429         E(kJ/mol): -5.689     P(bar):    4.046     
Step:  2999999    NAcc:  1499983    fAcc:  0.500      Maxd:  0.27856    E*/N:  -5.71702   P*:     4.86917    P*cold: 3.78917    Mu*_xs: 3.17102    Cv*/N_xs:  1.16309         E(kJ/mol): -5.702     P(bar):    3.983     
Step:  3019999    NAcc:  1509994    fAcc:  0.500      Maxd:  0.26257    E*/N:  -5.66852   P*:     4.86616    P*cold: 3.78616    Mu*_xs: 3.19478    Cv*/N_xs:  1.15631         E(kJ/mol): -5.654     P(bar):    4.181     
Step:  3039999    NAcc:  1519999    fAcc:  0.500      Maxd:  0.27058    E*/N:  -5.81698   P*:     4.86329    P*cold: 3.78329    Mu*_xs: 2.56231    Cv*/N_xs:  1.15847         E(kJ/mol): -5.802     P(bar):    3.657     
Step:  3059999    NAcc:  1529992    fAcc:  0.500      Maxd:  0.26608    E*/N:  -5.73709   P*:     4.85904    P*cold: 3.77904    Mu*_xs: 2.48686    Cv*/N_xs:  1.17308         E(kJ/mol): -5.722     P(bar):    3.946     
Step:  3079999    NAcc:  1539998    fAcc:  0.500      Maxd:  0.23677    E*/N:  -5.77923   P*:     4.85290    P*cold: 3.77290    Mu*_xs: 2.50915    Cv*/N_xs:  1.18636         E(kJ/mol): -5.764     P(bar):    3.717     
Step:  3099999    NAcc:  1550001    fAcc:  0.500      Maxd:  0.32284    E*/N:  -5.69328   P*:     4.84917    P*cold: 3.76917    Mu*_xs: 2.52272    Cv*/N_xs:  1.19250         E(kJ/mol): -5.678     P(bar):    4.111     
Step:  3119999    NAcc:  1559998    fAcc:  0.500      Maxd:  0.23868    E*/N:  -5.77766   P*:     4.84524    P*cold: 3.76524    Mu*_xs: 2.54416    Cv*/N_xs:  1.19933         E(kJ/mol): -5.763     P(bar):    3.692     
Step:  3139999    NAcc:  1569996    fAcc:  0.500      Maxd:  0.26179    E*/N:  -5.71929   P*:     4.84137    P*cold: 3.76137    Mu*_xs: 2.56447    Cv*/N_xs:  1.19742         E(kJ/mol): -5.704     P(bar):    4.012     
Step:  3159999    NAcc:  1580000    fAcc:  0.500      Maxd:  0.23636    E*/N:  -5.66290   P*:     4.84141    P*cold: 3.76141    Mu*_xs: 2.58522    Cv*/N_xs:  1.18469         E(kJ/mol): -5.648     P(bar):    4.245     
Step:  3179999    NAcc:  1589995    fAcc:  0.500      Maxd:  0.24776    E*/N:  -5.77939   P*:     4.84046    P*cold: 3.76046    Mu*_xs: 2.57179    Cv*/N_xs:  1.19272         E(kJ/mol): -5.764     P(bar):    3.746     
Step:  3199999    NAcc:  1599998    fAcc:  0.500      Maxd:  0.23401    E*/N:  -5.74665   P*:     4.83879    P*cold: 3.75879    Mu*_xs: 2.58989    Cv*/N_xs:  1.18479         E(kJ/mol): -5.732     P(bar):    3.923     
Step:  3219999    NAcc:  1609999    fAcc:  0.500      Maxd:  0.27490    E*/N:  -5.79668   P*:     4.83804    P*cold: 3.75804    Mu*_xs: 2.60908    Cv*/N_xs:  1.18433         E(kJ/mol): -5.781     P(bar):    3.725     
Step:  3239999    NAcc:  1619999    fAcc:  0.500      Maxd:  0.25854    E*/N:  -5.73552   P*:     4.83939    P*cold: 3.75939    Mu*_xs: 2.62859    Cv*/N_xs:  1.18256         E(kJ/mol): -5.720     P(bar):    3.943     
Step:  3259999    NAcc:  1629999    fAcc:  0.500      Maxd:  0.76968    E*/N:  -5.71967   P*:     4.83771    P*cold: 3.75771    Mu*_xs: 2.64772    Cv*/N_xs:  1.18123         E(kJ/mol): -5.705     P(bar):    3.917     
Step:  3279999    NAcc:  1639999    fAcc:  0.500      Maxd:  0.26623    E*/N:  -5.76942   P*:     4.83442    P*cold: 3.75442    Mu*_xs: 2.66661    Cv*/N_xs:  1.18350         E(kJ/mol): -5.754     P(bar):    3.701     
Step:  3299999    NAcc:  1650002    fAcc:  0.500      Maxd:  0.48295    E*/N:  -5.68105   P*:     4.83326    P*cold: 3.75326    Mu*_xs: 2.68493    Cv*/N_xs:  1.18024         E(kJ/mol): -5.666     P(bar):    4.203     
Step:  3319999    NAcc:  1659997    fAcc:  0.500      Maxd:  0.27504    E*/N:  -5.73351   P*:     4.83568    P*cold: 3.75568    Mu*_xs: 2.70312    Cv*/N_xs:  1.18335         E(kJ/mol): -5.718     P(bar):    3.958     
Step:  3339999    NAcc:  1670000    fAcc:  0.500      Maxd:  0.25623    E*/N:  -5.72474   P*:     4.83257    P*cold: 3.75257    Mu*_xs: 2.71796    Cv*/N_xs:  1.18799         E(kJ/mol): -5.710     P(bar):    3.912     
Step:  3359999    NAcc:  1679999    fAcc:  0.500      Maxd:  0.27122    E*/N:  -5.68916   P*:     4.83035    P*cold: 3.75035    Mu*_xs: 2.72157    Cv*/N_xs:  1.18637         E(kJ/mol): -5.674     P(bar):    4.159     
Step:  3379999    NAcc:  1689990    fAcc:  0.500      Maxd:  0.27415    E*/N:  -5.78716   P*:     4.82662    P*cold: 3.74662    Mu*_xs: 2.73908    Cv*/N_xs:  1.19895         E(kJ/mol): -5.772     P(bar):    3.649     
Step:  3399999    NAcc:  1699998    fAcc:  0.500      Maxd:  0.24543    E*/N:  -5.74606   P*:     4.82524    P*cold: 3.74524    Mu*_xs: 2.75634    Cv*/N_xs:  1.19156         E(kJ/mol): -5.731     P(bar):    3.895     
Step:  3419999    NAcc:  1710000    fAcc:  0.500      Maxd:  0.25273    E*/N:  -5.71283   P*:     4.82492    P*cold: 3.74492    Mu*_xs: 2.77059    Cv*/N_xs:  1.18362         E(kJ/mol): -5.698     P(bar):    4.040     
Step:  3439999    NAcc:  1720000    fAcc:  0.500      Maxd:  0.25830    E*/N:  -5.78445   P*:     4.82437    P*cold: 3.74437    Mu*_xs: 2.78651    Cv*/N_xs:  1.17342         E(kJ/mol): -5.769     P(bar):    3.723     
Step:  3459999    NAcc:  1729997    fAcc:  0.500      Maxd:  0.26933    E*/N:  -5.68276   P*:     4.82196    P*cold: 3.74196    Mu*_xs: 2.80305    Cv*/N_xs:  1.16730         E(kJ/mol): -5.668     P(bar):    4.158     
Step:  3479999    NAcc:  1739999    fAcc:  0.500      Maxd:  0.27880    E*/N:  -5.67620   P*:     4.82182    P*cold: 3.74182    Mu*_xs: 2.81889    Cv*/N_xs:  1.16631         E(kJ/mol): -5.661     P(bar):    4.151     
Step:  3499999    NAcc:  1749999    fAcc:  0.500      Maxd:  0.43053    E*/N:  -5.79311   P*:     4.82097    P*cold: 3.74097    Mu*_xs: 2.83499    Cv*/N_xs:  1.16250         E(kJ/mol): -5.778     P(bar):    3.721     
Step:  3519999    NAcc:  1760000    fAcc:  0.500      Maxd:  0.27762    E*/N:  -5.73382   P*:     4.81869    P*cold: 3.73869    Mu*_xs: 2.84961    Cv*/N_xs:  1.15882         E(kJ/mol): -5.719     P(bar):    3.899     
Step:  3539999    NAcc:  1769990    fAcc:  0.500      Maxd:  0.27157    E*/N:  -5.70678   P*:     4.81767    P*cold: 3.73767    Mu*_xs: 2.86530    Cv*/N_xs:  1.15340         E(kJ/mol): -5.692     P(bar):    4.047     
Step:  3559999    NAcc:  1779999    fAcc:  0.500      Maxd:  0.27783    E*/N:  -5.68775   P*:     4.81645    P*cold: 3.73645    Mu*_xs: 2.55791    Cv*/N_xs:  1.14378         E(kJ/mol): -5.673     P(bar):    4.067     
Step:  3579999    NAcc:  1789994    fAcc:  0.500      Maxd:  0.25305    E*/N:  -5.75743   P*:     4.81407    P*cold: 3.73407    Mu*_xs: 2.56717    Cv*/N_xs:  1.14465         E(kJ/mol): -5.742     P(bar):    3.846     
Step:  3599999    NAcc:  1800000    fAcc:  0.500      Maxd:  0.24075    E*/N:  -5.74420   P*:     4.81126    P*cold: 3.73126    Mu*_xs: 2.58226    Cv*/N_xs:  1.14551         E(kJ/mol): -5.729     P(bar):    3.876     
Step:  3619999    NAcc:  1809999    fAcc:  0.500      Maxd:  0.27763    E*/N:  -5.67803   P*:     4.81108    P*cold: 3.73108    Mu*_xs: 2.59715    Cv*/N_xs:  1.14150         E(kJ/mol): -5.663     P(bar):    4.149     
Step:  3639999    NAcc:  1819999    fAcc:  0.500      Maxd:  0.27818    E*/N:  -5.73389   P*:     4.80734    P*cold: 3.72734    Mu*_xs: 2.60965    Cv*/N_xs:  1.15317         E(kJ/mol): -5.719     P(bar):    3.895     
Step:  3659999    NAcc:  1830001    fAcc:  0.500      Maxd:  0.41582    E*/N:  -5.70865   P*:     4.80549    P*cold: 3.72549    Mu*_xs: 2.62333    Cv*/N_xs:  1.14618         E(kJ/mol): -5.694     P(bar):    4.031     
Step:  3679999    NAcc:  1839999    fAcc:  0.500      Maxd:  0.26887    E*/N:  -5.71780   P*:     4.80504    P*cold: 3.72504    Mu*_xs: 2.59779    Cv*/N_xs:  1.14110         E(kJ/mol): -5.703     P(bar):    4.124     
Step:  3699999    NAcc:  1849998    fAcc:  0.500      Maxd:  0.24379    E*/N:  -5.63734   P*:     4.80591    P*cold: 3.72591    Mu*_xs: 2.19219    Cv*/N_xs:  1.13458         E(kJ/mol): -5.623     P(bar):    4.356     
Step:  3719999    NAcc:  1860000    fAcc:  0.500      Maxd:  0.26746    E*/N:  -5.67902   P*:     4.80602    P*cold: 3.72602    Mu*_xs: 2.20586    Cv*/N_xs:  1.12885         E(kJ/mol): -5.664     P(bar):    4.237     
Step:  3739999    NAcc:  1869997    fAcc:  0.500      Maxd:  0.26713    E*/N:  -5.73426   P*:     4.80450    P*cold: 3.72450    Mu*_xs: 2.19578    Cv*/N_xs:  1.12767         E(kJ/mol): -5.719     P(bar):    3.991     
Step:  3759999    NAcc:  1879996    fAcc:  0.500      Maxd:  0.26646    E*/N:  -5.79966   P*:     4.80168    P*cold: 3.72168    Mu*_xs: 2.20852    Cv*/N_xs:  1.13333         E(kJ/mol): -5.784     P(bar):    3.664     
Step:  3779999    NAcc:  1889999    fAcc:  0.500      Maxd:  0.31928    E*/N:  -5.78677   P*:     4.79886    P*cold: 3.71886    Mu*_xs: 2.22157    Cv*/N_xs:  1.14473         E(kJ/mol): -5.772     P(bar):    3.715     
Step:  3799999    NAcc:  1899999    fAcc:  0.500      Maxd:  0.34385    E*/N:  -5.87376   P*:     4.79692    P*cold: 3.71692    Mu*_xs: 2.23490    Cv*/N_xs:  1.15571         E(kJ/mol): -5.858     P(bar):    3.342     
Step:  3819999    NAcc:  1910000    fAcc:  0.500      Maxd:  0.24374    E*/N:  -5.78674   P*:     4.79459    P*cold: 3.71459    Mu*_xs: 2.24808    Cv*/N_xs:  1.16260         E(kJ/mol): -5.772     P(bar):    3.718     
Step:  3839999    NAcc:  1919999    fAcc:  0.500      Maxd:  0.27316    E*/N:  -5.86976   P*:     4.79242    P*cold: 3.71242    Mu*_xs: 2.26036    Cv*/N_xs:  1.16855         E(kJ/mol): -5.854     P(bar):    3.422     
Step:  3859999    NAcc:  1929997    fAcc:  0.500      Maxd:  0.26428    E*/N:  -5.76405   P*:     4.79049    P*cold: 3.71049    Mu*_xs: 2.26693    Cv*/N_xs:  1.16994         E(kJ/mol): -5.749     P(bar):    3.913     
Step:  3879999    NAcc:  1939999    fAcc:  0.500      Maxd:  0.23975    E*/N:  -5.71603   P*:     4.79189    P*cold: 3.71189    Mu*_xs: 2.27759    Cv*/N_xs:  1.16767         E(kJ/mol): -5.701     P(bar):    4.075     
Step:  3899999    NAcc:  1950000    fAcc:  0.500      Maxd:  0.24918    E*/N:  -5.66970   P*:     4.79425    P*cold: 3.71425    Mu*_xs: 2.28872    Cv*/N_xs:  1.16541         E(kJ/mol): -5.655     P(bar):    4.237     
Step:  3919999    NAcc:  1960000    fAcc:  0.500      Maxd:  0.24198    E*/N:  -5.63575   P*:     4.79774    P*cold: 3.71774    Mu*_xs: 2.29679    Cv*/N_xs:  1.18471         E(kJ/mol): -5.621     P(bar):    4.344     
Step:  3939999    NAcc:  1970001    fAcc:  0.500      Maxd:  0.43765    E*/N:  -5.72921   P*:     4.79890    P*cold: 3.71890    Mu*_xs: 2.30594    Cv*/N_xs:  1.18333         E(kJ/mol): -5.714     P(bar):    3.942     
Step:  3959999    NAcc:  1979999    fAcc:  0.500      Maxd:  0.26218    E*/N:  -5.68609   P*:     4.80006    P*cold: 3.72006    Mu*_xs: 2.31820    Cv*/N_xs:  1.18414         E(kJ/mol): -5.671     P(bar):    4.103     
Step:  3979999    NAcc:  1989989    fAcc:  0.500      Maxd:  0.27613    E*/N:  -5.66621   P*:     4.79955    P*cold: 3.71955    Mu*_xs: 2.32781    Cv*/N_xs:  1.18327         E(kJ/mol): -5.651     P(bar):    4.205     
Step:  3999999    NAcc:  2000000    fAcc:  0.500      Maxd:  0.23790    E*/N:  -5.70739   P*:     4.79909    P*cold: 3.71909    Mu*_xs: 2.33935    Cv*/N_xs:  1.18475         E(kJ/mol): -5.692     P(bar):    4.025     
Step:  4019999    NAcc:  2010000    fAcc:  0.500      Maxd:  0.25647    E*/N:  -5.83219   P*:     4.79743    P*cold: 3.71743    Mu*_xs: 2.35042    Cv*/N_xs:  1.18329         E(kJ/mol): -5.817     P(bar):    3.511     
Step:  4039999    NAcc:  2019995    fAcc:  0.500      Maxd:  0.27427    E*/N:  -5.73988   P*:     4.79389    P*cold: 3.71389    Mu*_xs: 2.36224    Cv*/N_xs:  1.19445         E(kJ/mol): -5.725     P(bar):    3.900     
Step:  4059999    NAcc:  2029997    fAcc:  0.500      Maxd:  0.27870    E*/N:  -5.66361   P*:     4.79412    P*cold: 3.71412    Mu*_xs: 2.37385    Cv*/N_xs:  1.19073         E(kJ/mol): -5.649     P(bar):    4.209     
Step:  4079999    NAcc:  2040000    fAcc:  0.500      Maxd:  0.44697    E*/N:  -5.74171   P*:     4.79112    P*cold: 3.71112    Mu*_xs: 2.38539    Cv*/N_xs:  1.19789         E(kJ/mol): -5.727     P(bar):    3.822     
Step:  4099999    NAcc:  2049996    fAcc:  0.500      Maxd:  0.27202    E*/N:  -5.70766   P*:     4.78930    P*cold: 3.70930    Mu*_xs: 2.39686    Cv*/N_xs:  1.19453         E(kJ/mol): -5.693     P(bar):    3.963     
Step:  4119999    NAcc:  2059998    fAcc:  0.500      Maxd:  0.26823    E*/N:  -5.67864   P*:     4.78892    P*cold: 3.70892    Mu*_xs: 2.39031    Cv*/N_xs:  1.18959         E(kJ/mol): -5.664     P(bar):    4.131     
Step:  4139999    NAcc:  2069995    fAcc:  0.500      Maxd:  0.23460    E*/N:  -5.78042   P*:     4.78806    P*cold: 3.70806    Mu*_xs: 2.40090    Cv*/N_xs:  1.18695         E(kJ/mol): -5.765     P(bar):    3.820     
Step:  4159999    NAcc:  2080001    fAcc:  0.500      Maxd:  0.93035    E*/N:  -5.65142   P*:     4.78758    P*cold: 3.70758    Mu*_xs: 2.41161    Cv*/N_xs:  1.18917         E(kJ/mol): -5.637     P(bar):    4.313     
Step:  4179999    NAcc:  2089995    fAcc:  0.500      Maxd:  0.27871    E*/N:  -5.74443   P*:     4.78779    P*cold: 3.70779    Mu*_xs: 2.42266    Cv*/N_xs:  1.18569         E(kJ/mol): -5.729     P(bar):    3.888     
Step:  4199999    NAcc:  2099996    fAcc:  0.500      Maxd:  0.26603    E*/N:  -5.71697   P*:     4.78896    P*cold: 3.70896    Mu*_xs: 2.19469    Cv*/N_xs:  1.18334         E(kJ/mol): -5.702     P(bar):    3.999     
Step:  4219999    NAcc:  2109995    fAcc:  0.500      Maxd:  0.27019    E*/N:  -5.67338   P*:     4.78803    P*cold: 3.70803    Mu*_xs: 2.19875    Cv*/N_xs:  1.17672         E(kJ/mol): -5.659     P(bar):    4.106     
Step:  4239999    NAcc:  2120001    fAcc:  0.500      Maxd:  1.08529    E*/N:  -5.71924   P*:     4.78850    P*cold: 3.70850    Mu*_xs: 2.20863    Cv*/N_xs:  1.17230         E(kJ/mol): -5.704     P(bar):    4.084     
Step:  4259999    NAcc:  2129999    fAcc:  0.500      Maxd:  0.23145    E*/N:  -5.69884   P*:     4.78643    P*cold: 3.70643    Mu*_xs: 2.21893    Cv*/N_xs:  1.18233         E(kJ/mol): -5.684     P(bar):    4.084     
Step:  4279999    NAcc:  2139995    fAcc:  0.500      Maxd:  0.27443    E*/N:  -5.59128   P*:     4.78787    P*cold: 3.70787    Mu*_xs: 2.22950    Cv*/N_xs:  1.18430         E(kJ/mol): -5.577     P(bar):    4.521     
Step:  4299999    NAcc:  2150000    fAcc:  0.500      Maxd:  0.91719    E*/N:  -5.67007   P*:     4.79225    P*cold: 3.71225    Mu*_xs: 2.20690    Cv*/N_xs:  1.21355         E(kJ/mol): -5.655     P(bar):    4.256     
Step:  4319999    NAcc:  2159998    fAcc:  0.500      Maxd:  0.27698    E*/N:  -5.70958   P*:     4.79280    P*cold: 3.71280    Mu*_xs: 2.21249    Cv*/N_xs:  1.20638         E(kJ/mol): -5.695     P(bar):    4.058     
Step:  4339999    NAcc:  2170000    fAcc:  0.500      Maxd:  0.23105    E*/N:  -5.65767   P*:     4.79432    P*cold: 3.71432    Mu*_xs: 2.22075    Cv*/N_xs:  1.20366         E(kJ/mol): -5.643     P(bar):    4.243     
Step:  4359999    NAcc:  2179999    fAcc:  0.500      Maxd:  0.22915    E*/N:  -5.70314   P*:     4.79344    P*cold: 3.71344    Mu*_xs: 2.22923    Cv*/N_xs:  1.20026         E(kJ/mol): -5.688     P(bar):    4.023     
Step:  4379999    NAcc:  2189996    fAcc:  0.500      Maxd:  0.26731    E*/N:  -5.74982   P*:     4.79382    P*cold: 3.71382    Mu*_xs: 2.23532    Cv*/N_xs:  1.19626         E(kJ/mol): -5.735     P(bar):    3.970     
Step:  4399999    NAcc:  2199989    fAcc:  0.500      Maxd:  0.26425    E*/N:  -5.68023   P*:     4.79529    P*cold: 3.71529    Mu*_xs: 2.24365    Cv*/N_xs:  1.19656         E(kJ/mol): -5.665     P(bar):    4.237     
Step:  4419999    NAcc:  2209970    fAcc:  0.500      Maxd:  0.27922    E*/N:  -5.64076   P*:     4.79710    P*cold: 3.71710    Mu*_xs: 2.24566    Cv*/N_xs:  1.19700         E(kJ/mol): -5.626     P(bar):    4.343     
Step:  4439999    NAcc:  2219997    fAcc:  0.500      Maxd:  0.23990    E*/N:  -5.73557   P*:     4.79639    P*cold: 3.71639    Mu*_xs: 2.25250    Cv*/N_xs:  1.19274         E(kJ/mol): -5.721     P(bar):    3.917     
Step:  4459999    NAcc:  2229999    fAcc:  0.500      Maxd:  0.27225    E*/N:  -5.67796   P*:     4.79522    P*cold: 3.71522    Mu*_xs: 2.26230    Cv*/N_xs:  1.19192         E(kJ/mol): -5.663     P(bar):    4.114     
Step:  4479999    NAcc:  2240000    fAcc:  0.500      Maxd:  0.26685    E*/N:  -5.69395   P*:     4.79433    P*cold: 3.71433    Mu*_xs: 2.27199    Cv*/N_xs:  1.18978         E(kJ/mol): -5.679     P(bar):    4.122     
Step:  4499999    NAcc:  2249998    fAcc:  0.500      Maxd:  0.27547    E*/N:  -5.69975   P*:     4.79513    P*cold: 3.71513    Mu*_xs: 2.28050    Cv*/N_xs:  1.18720         E(kJ/mol): -5.685     P(bar):    4.082     
Step:  4519999    NAcc:  2259997    fAcc:  0.500      Maxd:  0.22710    E*/N:  -5.74008   P*:     4.79463    P*cold: 3.71463    Mu*_xs: 2.29003    Cv*/N_xs:  1.18299         E(kJ/mol): -5.725     P(bar):    3.916     
Step:  4539999    NAcc:  2269997    fAcc:  0.500      Maxd:  0.24947    E*/N:  -5.79261   P*:     4.79127    P*cold: 3.71127    Mu*_xs: 2.29952    Cv*/N_xs:  1.19759         E(kJ/mol): -5.777     P(bar):    3.704     
Step:  4559999    NAcc:  2279999    fAcc:  0.500      Maxd:  0.25123    E*/N:  -5.69628   P*:     4.78966    P*cold: 3.70966    Mu*_xs: 2.30884    Cv*/N_xs:  1.20058         E(kJ/mol): -5.681     P(bar):    4.102     
Step:  4579999    NAcc:  2289999    fAcc:  0.500      Maxd:  0.26887    E*/N:  -5.61874   P*:     4.79078    P*cold: 3.71078    Mu*_xs: 2.31692    Cv*/N_xs:  1.19885         E(kJ/mol): -5.604     P(bar):    4.399     
Step:  4599999    NAcc:  2300000    fAcc:  0.500      Maxd:  0.66904    E*/N:  -5.60643   P*:     4.79230    P*cold: 3.71230    Mu*_xs: 2.30313    Cv*/N_xs:  1.19995         E(kJ/mol): -5.592     P(bar):    4.485     
Step:  4619999    NAcc:  2309998    fAcc:  0.500      Maxd:  0.22451    E*/N:  -5.64273   P*:     4.79391    P*cold: 3.71391    Mu*_xs: 2.31214    Cv*/N_xs:  1.20253         E(kJ/mol): -5.628     P(bar):    4.230     
Step:  4639999    NAcc:  2319995    fAcc:  0.500      Maxd:  0.24854    E*/N:  -5.52055   P*:     4.79519    P*cold: 3.71519    Mu*_xs: 2.31531    Cv*/N_xs:  1.20744         E(kJ/mol): -5.506     P(bar):    4.772     
Step:  4659999    NAcc:  2330000    fAcc:  0.500      Maxd:  0.24082    E*/N:  -5.57962   P*:     4.79698    P*cold: 3.71698    Mu*_xs: 2.32319    Cv*/N_xs:  1.22245         E(kJ/mol): -5.565     P(bar):    4.515     
Step:  4679999    NAcc:  2339991    fAcc:  0.500      Maxd:  0.27805    E*/N:  -5.58386   P*:     4.79915    P*cold: 3.71915    Mu*_xs: 2.32883    Cv*/N_xs:  1.23413         E(kJ/mol): -5.569     P(bar):    4.570     
Step:  4699999    NAcc:  2350000    fAcc:  0.500      Maxd:  0.24441    E*/N:  -5.77047   P*:     4.80077    P*cold: 3.72077    Mu*_xs: 2.33711    Cv*/N_xs:  1.24157         E(kJ/mol): -5.755     P(bar):    3.772     
Step:  4719999    NAcc:  2359990    fAcc:  0.500      Maxd:  0.27097    E*/N:  -5.65575   P*:     4.80180    P*cold: 3.72180    Mu*_xs: 2.34596    Cv*/N_xs:  1.23902         E(kJ/mol): -5.641     P(bar):    4.260     
Step:  4739999    NAcc:  2369999    fAcc:  0.500      Maxd:  0.27820    E*/N:  -5.70799   P*:     4.80436    P*cold: 3.72436    Mu*_xs: 2.35475    Cv*/N_xs:  1.25041         E(kJ/mol): -5.693     P(bar):    4.072     
Step:  4759999    NAcc:  2379996    fAcc:  0.500      Maxd:  0.26714    E*/N:  -5.63963   P*:     4.80618    P*cold: 3.72618    Mu*_xs: 2.36227    Cv*/N_xs:  1.25437         E(kJ/mol): -5.625     P(bar):    4.306     
Step:  4779999    NAcc:  2389999    fAcc:  0.500      Maxd:  0.27474    E*/N:  -5.72746   P*:     4.80693    P*cold: 3.72693    Mu*_xs: 2.37059    Cv*/N_xs:  1.25255         E(kJ/mol): -5.712     P(bar):    3.981     
Step:  4799999    NAcc:  2399995    fAcc:  0.500      Maxd:  0.27639    E*/N:  -5.83476   P*:     4.80635    P*cold: 3.72635    Mu*_xs: 2.37919    Cv*/N_xs:  1.25352         E(kJ/mol): -5.819     P(bar):    3.485     
Step:  4819999    NAcc:  2409998    fAcc:  0.500      Maxd:  0.26922    E*/N:  -5.77542   P*:     4.80377    P*cold: 3.72377    Mu*_xs: 2.38773    Cv*/N_xs:  1.25995         E(kJ/mol): -5.760     P(bar):    3.693     
Step:  4839999    NAcc:  2419999    fAcc:  0.500      Maxd:  0.22565    E*/N:  -5.69740   P*:     4.80218    P*cold: 3.72218    Mu*_xs: 2.39170    Cv*/N_xs:  1.26082         E(kJ/mol): -5.682     P(bar):    4.036     
Step:  4859999    NAcc:  2430000    fAcc:  0.500      Maxd:  0.25118    E*/N:  -5.75370   P*:     4.80059    P*cold: 3.72059    Mu*_xs: 2.40012    Cv*/N_xs:  1.25862         E(kJ/mol): -5.739     P(bar):    3.842     
Step:  4879999    NAcc:  2440000    fAcc:  0.500      Maxd:  0.24918    E*/N:  -5.73958   P*:     4.79979    P*cold: 3.71979    Mu*_xs: 2.40848    Cv*/N_xs:  1.25498         E(kJ/mol): -5.725     P(bar):    3.887     
Step:  4899999    NAcc:  2450000    fAcc:  0.500      Maxd:  1.95482    E*/N:  -5.68259   P*:     4.79947    P*cold: 3.71947    Mu*_xs: 2.41678    Cv*/N_xs:  1.25006         E(kJ/mol): -5.668     P(bar):    4.071     
Step:  4919999    NAcc:  2459999    fAcc:  0.500      Maxd:  0.24430    E*/N:  -5.72778   P*:     4.80033    P*cold: 3.72033    Mu*_xs: 2.42466    Cv*/N_xs:  1.25194         E(kJ/mol): -5.713     P(bar):    3.919     
Step:  4939999    NAcc:  2469998    fAcc:  0.500      Maxd:  0.24695    E*/N:  -5.69655   P*:     4.80014    P*cold: 3.72014    Mu*_xs: 2.43285    Cv*/N_xs:  1.24861         E(kJ/mol): -5.682     P(bar):    4.081     
Step:  4959999    NAcc:  2480000    fAcc:  0.500      Maxd:  0.24763    E*/N:  -5.74181   P*:     4.79928    P*cold: 3.71928    Mu*_xs: 2.44089    Cv*/N_xs:  1.25068         E(kJ/mol): -5.727     P(bar):    3.860     
Step:  4979999    NAcc:  2489997    fAcc:  0.500      Maxd:  0.23535    E*/N:  -5.68949   P*:     4.79820    P*cold: 3.71820    Mu*_xs: 2.44861    Cv*/N_xs:  1.25604         E(kJ/mol): -5.675     P(bar):    4.110     
Step:  4999999    NAcc:  2500001    fAcc:  0.500      Maxd:  0.46210    E*/N:  -5.66152   P*:     4.79912    P*cold: 3.71912    Mu*_xs: 2.45663    Cv*/N_xs:  1.25400         E(kJ/mol): -5.647     P(bar):    4.199     
# Computed average properties: 
 # E*/N:  -5.70805  
 # P*:     4.79912   
 # Cv*/N_xs:   1.25400        
 # Mu*_xs:  2.45663   
