# Number of atoms:       500
# Atom type:             Ar
# Molar Mass (g/mol):    39.948
# Density (g/cm^3):      1.35068
# LJ sigma (Angstrom):   3.4
# LJ epsilon/kB (K):     120
# LJ cutoff (Angstrom):  13.6
# LJ cutoff (sigma):     4
# Temperature (K):       144
# Number MC steps:       5e+06
# Output frequency:      20000
# Num. den. (atoms/Ang): 0.0203542
# Box length (x):        29.0696
# Box length (y):        29.0696
# Box length (z):        29.0696
# Init. spacing (Ang):   3.22995
# reduc. density (rho*): 0.8
# reduc. temp (T*):      1.2
Step:  19999      NAcc:  7551       fAcc:  0.378      Maxd:  0.26184    E*/N:  -3.65177   P*:     nan        P*cold: nan        Mu*_xs: -0.00000   Cv*/N_xs:  0.00000         E(kJ/mol): -3.642     P(bar):    9.166     
Step:  39999      NAcc:  18248      fAcc:  0.456      Maxd:  0.26184    E*/N:  -4.92440   P*:     nan        P*cold: nan        Mu*_xs: -0.00000   Cv*/N_xs:  0.00000         E(kJ/mol): -4.912     P(bar):    3.884     
Step:  59999      NAcc:  29709      fAcc:  0.495      Maxd:  0.26184    E*/N:  -5.12978   P*:     nan        P*cold: nan        Mu*_xs: -0.00000   Cv*/N_xs:  0.00000         E(kJ/mol): -5.116     P(bar):    2.702     
Step:  79999      NAcc:  39995      fAcc:  0.500      Maxd:  0.26086    E*/N:  -5.15798   P*:     nan        P*cold: nan        Mu*_xs: -0.00000   Cv*/N_xs:  0.00000         E(kJ/mol): -5.144     P(bar):    2.493     
Step:  99999      NAcc:  49999      fAcc:  0.500      Maxd:  0.24861    E*/N:  -5.31346   P*:     nan        P*cold: nan        Mu*_xs: -0.00000   Cv*/N_xs:  0.00000         E(kJ/mol): -5.300     P(bar):    1.821     
Step:  119999     NAcc:  59999      fAcc:  0.500      Maxd:  0.26053    E*/N:  -5.27067   P*:     nan        P*cold: nan        Mu*_xs: -0.00000   Cv*/N_xs:  0.00000         E(kJ/mol): -5.257     P(bar):    2.050     
Step:  139999     NAcc:  70000      fAcc:  0.500      Maxd:  0.26283    E*/N:  -5.31016   P*:     nan        P*cold: nan        Mu*_xs: -0.00000   Cv*/N_xs:  0.00000         E(kJ/mol): -5.296     P(bar):    1.712     
Step:  159999     NAcc:  80000      fAcc:  0.500      Maxd:  0.27530    E*/N:  -5.25173   P*:     nan        P*cold: nan        Mu*_xs: -0.00000   Cv*/N_xs:  0.00000         E(kJ/mol): -5.238     P(bar):    1.904     
Step:  179999     NAcc:  90001      fAcc:  0.500      Maxd:  0.52060    E*/N:  -5.33824   P*:     nan        P*cold: nan        Mu*_xs: -0.00000   Cv*/N_xs:  0.00000         E(kJ/mol): -5.324     P(bar):    1.585     
Step:  199999     NAcc:  100001     fAcc:  0.500      Maxd:  1.67373    E*/N:  -5.23627   P*:     nan        P*cold: nan        Mu*_xs: -0.00000   Cv*/N_xs:  0.00000         E(kJ/mol): -5.223     P(bar):    1.860     
Step:  219999     NAcc:  109998     fAcc:  0.500      Maxd:  0.26042    E*/N:  -5.22504   P*:     nan        P*cold: nan        Mu*_xs: -0.00000   Cv*/N_xs:  0.00000         E(kJ/mol): -5.211     P(bar):    1.885     
Step:  239999     NAcc:  119996     fAcc:  0.500      Maxd:  0.27725    E*/N:  -5.14473   P*:     nan        P*cold: nan        Mu*_xs: -0.00000   Cv*/N_xs:  0.00000         E(kJ/mol): -5.131     P(bar):    2.248     
Step:  259999     NAcc:  130001     fAcc:  0.500      Maxd:  0.52010    E*/N:  -5.20221   P*:     nan        P*cold: nan        Mu*_xs: -0.00000   Cv*/N_xs:  0.00000         E(kJ/mol): -5.189     P(bar):    1.994     
Step:  279999     NAcc:  140000     fAcc:  0.500      Maxd:  0.25152    E*/N:  -5.25447   P*:     nan        P*cold: nan        Mu*_xs: -0.00000   Cv*/N_xs:  0.00000         E(kJ/mol): -5.241     P(bar):    1.860     
Step:  299999     NAcc:  150001     fAcc:  0.500      Maxd:  0.46948    E*/N:  -5.37258   P*:     nan        P*cold: nan        Mu*_xs: -0.00000   Cv*/N_xs:  0.00000         E(kJ/mol): -5.359     P(bar):    1.500     
Step:  319999     NAcc:  160000     fAcc:  0.500      Maxd:  0.27608    E*/N:  -5.15812   P*:     nan        P*cold: nan        Mu*_xs: -0.00000   Cv*/N_xs:  0.00000         E(kJ/mol): -5.145     P(bar):    2.133     
Step:  339999     NAcc:  169999     fAcc:  0.500      Maxd:  0.23455    E*/N:  -5.18702   P*:     nan        P*cold: nan        Mu*_xs: -0.00000   Cv*/N_xs:  0.00000         E(kJ/mol): -5.173     P(bar):    2.058     
Step:  359999     NAcc:  180001     fAcc:  0.500      Maxd:  0.59859    E*/N:  -5.27033   P*:     nan        P*cold: nan        Mu*_xs: -0.00000   Cv*/N_xs:  0.00000         E(kJ/mol): -5.257     P(bar):    1.707     
Step:  379999     NAcc:  189999     fAcc:  0.500      Maxd:  0.61670    E*/N:  -5.23376   P*:     nan        P*cold: nan        Mu*_xs: -0.00000   Cv*/N_xs:  0.00000         E(kJ/mol): -5.220     P(bar):    1.826     
Step:  399999     NAcc:  199999     fAcc:  0.500      Maxd:  0.23996    E*/N:  -5.20523   P*:     nan        P*cold: nan        Mu*_xs: -0.00000   Cv*/N_xs:  0.00000         E(kJ/mol): -5.192     P(bar):    1.975     
Step:  419999     NAcc:  209998     fAcc:  0.500      Maxd:  0.24890    E*/N:  -5.09557   P*:     nan        P*cold: nan        Mu*_xs: -0.00000   Cv*/N_xs:  0.00000         E(kJ/mol): -5.082     P(bar):    2.377     
Step:  439999     NAcc:  220000     fAcc:  0.500      Maxd:  0.26525    E*/N:  -5.17684   P*:     nan        P*cold: nan        Mu*_xs: -0.00000   Cv*/N_xs:  0.00000         E(kJ/mol): -5.163     P(bar):    2.165     
Step:  459999     NAcc:  229998     fAcc:  0.500      Maxd:  0.23403    E*/N:  -5.30401   P*:     nan        P*cold: nan        Mu*_xs: -0.00000   Cv*/N_xs:  0.00000         E(kJ/mol): -5.290     P(bar):    1.719     
Step:  479999     NAcc:  240000     fAcc:  0.500      Maxd:  0.24729    E*/N:  -5.15280   P*:     nan        P*cold: nan        Mu*_xs: -0.00000   Cv*/N_xs:  0.00000         E(kJ/mol): -5.139     P(bar):    2.222     
Step:  499999     NAcc:  250000     fAcc:  0.500      Maxd:  0.24154    E*/N:  -5.17615   P*:     nan        P*cold: nan        Mu*_xs: -0.00000   Cv*/N_xs:  0.00000         E(kJ/mol): -5.163     P(bar):    2.189     
Step:  519999     NAcc:  260000     fAcc:  0.500      Maxd:  0.24221    E*/N:  -5.23191   P*:     nan        P*cold: nan        Mu*_xs: -0.00000   Cv*/N_xs:  0.00000         E(kJ/mol): -5.218     P(bar):    1.803     
Step:  539999     NAcc:  269999     fAcc:  0.500      Maxd:  0.72907    E*/N:  -5.20452   P*:     nan        P*cold: nan        Mu*_xs: -0.00000   Cv*/N_xs:  0.00000         E(kJ/mol): -5.191     P(bar):    1.969     
Step:  559999     NAcc:  279999     fAcc:  0.500      Maxd:  0.28841    E*/N:  -5.23378   P*:     nan        P*cold: nan        Mu*_xs: -0.00000   Cv*/N_xs:  0.00000         E(kJ/mol): -5.220     P(bar):    1.836     
Step:  579999     NAcc:  290001     fAcc:  0.500      Maxd:  0.37077    E*/N:  -5.27516   P*:     nan        P*cold: nan        Mu*_xs: -0.00000   Cv*/N_xs:  0.00000         E(kJ/mol): -5.261     P(bar):    1.821     
Step:  599999     NAcc:  300000     fAcc:  0.500      Maxd:  0.35711    E*/N:  -5.28826   P*:     nan        P*cold: nan        Mu*_xs: -0.00000   Cv*/N_xs:  0.00000         E(kJ/mol): -5.274     P(bar):    1.752     
Step:  619999     NAcc:  310000     fAcc:  0.500      Maxd:  0.25403    E*/N:  -5.23018   P*:     nan        P*cold: nan        Mu*_xs: -0.00000   Cv*/N_xs:  0.00000         E(kJ/mol): -5.216     P(bar):    2.010     
Step:  639999     NAcc:  319999     fAcc:  0.500      Maxd:  0.27194    E*/N:  -5.23842   P*:     nan        P*cold: nan        Mu*_xs: -0.00000   Cv*/N_xs:  0.00000         E(kJ/mol): -5.225     P(bar):    1.963     
Step:  659999     NAcc:  330000     fAcc:  0.500      Maxd:  0.24193    E*/N:  -5.24349   P*:     nan        P*cold: nan        Mu*_xs: -0.00000   Cv*/N_xs:  0.00000         E(kJ/mol): -5.230     P(bar):    1.966     
Step:  679999     NAcc:  340001     fAcc:  0.500      Maxd:  0.35632    E*/N:  -5.21444   P*:     nan        P*cold: nan        Mu*_xs: -0.00000   Cv*/N_xs:  0.00000         E(kJ/mol): -5.201     P(bar):    2.022     
Step:  699999     NAcc:  349999     fAcc:  0.500      Maxd:  0.23970    E*/N:  -5.21971   P*:     nan        P*cold: nan        Mu*_xs: -0.00000   Cv*/N_xs:  0.00000         E(kJ/mol): -5.206     P(bar):    1.890     
Step:  719999     NAcc:  359999     fAcc:  0.500      Maxd:  0.26390    E*/N:  -5.27622   P*:     nan        P*cold: nan        Mu*_xs: -0.00000   Cv*/N_xs:  0.00000         E(kJ/mol): -5.262     P(bar):    1.693     
Step:  739999     NAcc:  369999     fAcc:  0.500      Maxd:  0.27642    E*/N:  -5.16948   P*:     nan        P*cold: nan        Mu*_xs: -0.00000   Cv*/N_xs:  0.00000         E(kJ/mol): -5.156     P(bar):    2.084     
Step:  759999     NAcc:  379999     fAcc:  0.500      Maxd:  0.37831    E*/N:  -5.19257   P*:     nan        P*cold: nan        Mu*_xs: -0.00000   Cv*/N_xs:  0.00000         E(kJ/mol): -5.179     P(bar):    1.949     
Step:  779999     NAcc:  390000     fAcc:  0.500      Maxd:  0.42964    E*/N:  -5.28029   P*:     nan        P*cold: nan        Mu*_xs: -0.00000   Cv*/N_xs:  0.00000         E(kJ/mol): -5.266     P(bar):    1.613     
Step:  799999     NAcc:  400000     fAcc:  0.500      Maxd:  0.29026    E*/N:  -5.27196   P*:     nan        P*cold: nan        Mu*_xs: -0.00000   Cv*/N_xs:  0.00000         E(kJ/mol): -5.258     P(bar):    1.738     
Step:  819999     NAcc:  410001     fAcc:  0.500      Maxd:  0.82810    E*/N:  -5.27249   P*:     nan        P*cold: nan        Mu*_xs: -0.00000   Cv*/N_xs:  0.00000         E(kJ/mol): -5.259     P(bar):    1.687     
Step:  839999     NAcc:  419996     fAcc:  0.500      Maxd:  0.28615    E*/N:  -5.20123   P*:     nan        P*cold: nan        Mu*_xs: -0.00000   Cv*/N_xs:  0.00000         E(kJ/mol): -5.188     P(bar):    2.013     
Step:  859999     NAcc:  429999     fAcc:  0.500      Maxd:  0.23438    E*/N:  -5.23411   P*:     nan        P*cold: nan        Mu*_xs: -0.00000   Cv*/N_xs:  0.00000         E(kJ/mol): -5.220     P(bar):    1.870     
Step:  879999     NAcc:  439999     fAcc:  0.500      Maxd:  0.23391    E*/N:  -5.24681   P*:     nan        P*cold: nan        Mu*_xs: -0.00000   Cv*/N_xs:  0.00000         E(kJ/mol): -5.233     P(bar):    1.861     
Step:  899999     NAcc:  449998     fAcc:  0.500      Maxd:  0.26175    E*/N:  -5.18469   P*:     nan        P*cold: nan        Mu*_xs: -0.00000   Cv*/N_xs:  0.00000         E(kJ/mol): -5.171     P(bar):    2.130     
Step:  919999     NAcc:  459998     fAcc:  0.500      Maxd:  0.26618    E*/N:  -5.27884   P*:     nan        P*cold: nan        Mu*_xs: -0.00000   Cv*/N_xs:  0.00000         E(kJ/mol): -5.265     P(bar):    1.654     
Step:  939999     NAcc:  469999     fAcc:  0.500      Maxd:  0.32046    E*/N:  -5.29118   P*:     nan        P*cold: nan        Mu*_xs: -0.00000   Cv*/N_xs:  0.00000         E(kJ/mol): -5.277     P(bar):    1.628     
Step:  959999     NAcc:  479999     fAcc:  0.500      Maxd:  0.23439    E*/N:  -5.21673   P*:     nan        P*cold: nan        Mu*_xs: -0.00000   Cv*/N_xs:  0.00000         E(kJ/mol): -5.203     P(bar):    1.864     
Step:  979999     NAcc:  489999     fAcc:  0.500      Maxd:  0.28431    E*/N:  -5.19480   P*:     nan        P*cold: nan        Mu*_xs: -0.00000   Cv*/N_xs:  0.00000         E(kJ/mol): -5.181     P(bar):    2.125     
Step:  999999     NAcc:  500001     fAcc:  0.500      Maxd:  0.81787    E*/N:  -5.20799   P*:     nan        P*cold: nan        Mu*_xs: -0.00000   Cv*/N_xs:  0.00000         E(kJ/mol): -5.194     P(bar):    2.012     
Step:  1019999    NAcc:  510000     fAcc:  0.500      Maxd:  0.33150    E*/N:  -5.24508   P*:     nan        P*cold: nan        Mu*_xs: -0.00000   Cv*/N_xs:  0.00000         E(kJ/mol): -5.231     P(bar):    1.920     
Step:  1039999    NAcc:  520001     fAcc:  0.500      Maxd:  0.49762    E*/N:  -5.30794   P*:     nan        P*cold: nan        Mu*_xs: -0.00000   Cv*/N_xs:  0.00000         E(kJ/mol): -5.294     P(bar):    1.672     
Step:  1059999    NAcc:  530000     fAcc:  0.500      Maxd:  0.24830    E*/N:  -5.19276   P*:     nan        P*cold: nan        Mu*_xs: -0.00000   Cv*/N_xs:  0.00000         E(kJ/mol): -5.179     P(bar):    2.201     
Step:  1079999    NAcc:  540000     fAcc:  0.500      Maxd:  1.52171    E*/N:  -5.21707   P*:     nan        P*cold: nan        Mu*_xs: -0.00000   Cv*/N_xs:  0.00000         E(kJ/mol): -5.203     P(bar):    2.012     
Step:  1099999    NAcc:  550001     fAcc:  0.500      Maxd:  0.35765    E*/N:  -5.28352   P*:     nan        P*cold: nan        Mu*_xs: -0.00000   Cv*/N_xs:  0.00000         E(kJ/mol): -5.270     P(bar):    1.761     
Step:  1119999    NAcc:  559999     fAcc:  0.500      Maxd:  0.49690    E*/N:  -5.31353   P*:     nan        P*cold: nan        Mu*_xs: -0.00000   Cv*/N_xs:  0.00000         E(kJ/mol): -5.300     P(bar):    1.634     
Step:  1139999    NAcc:  569999     fAcc:  0.500      Maxd:  0.28285    E*/N:  -5.24680   P*:     nan        P*cold: nan        Mu*_xs: -0.00000   Cv*/N_xs:  0.00000         E(kJ/mol): -5.233     P(bar):    1.780     
Step:  1159999    NAcc:  579999     fAcc:  0.500      Maxd:  0.37725    E*/N:  -5.30372   P*:     nan        P*cold: nan        Mu*_xs: -0.00000   Cv*/N_xs:  0.00000         E(kJ/mol): -5.290     P(bar):    1.643     
Step:  1179999    NAcc:  589999     fAcc:  0.500      Maxd:  0.23565    E*/N:  -5.20102   P*:     nan        P*cold: nan        Mu*_xs: -0.00000   Cv*/N_xs:  0.00000         E(kJ/mol): -5.187     P(bar):    2.081     
Step:  1199999    NAcc:  600000     fAcc:  0.500      Maxd:  0.25506    E*/N:  -5.32109   P*:     nan        P*cold: nan        Mu*_xs: -0.00000   Cv*/N_xs:  0.00000         E(kJ/mol): -5.307     P(bar):    1.546     
Step:  1219999    NAcc:  610000     fAcc:  0.500      Maxd:  0.23725    E*/N:  -5.36555   P*:     nan        P*cold: nan        Mu*_xs: -0.00000   Cv*/N_xs:  0.00000         E(kJ/mol): -5.351     P(bar):    1.327     
Step:  1239999    NAcc:  619998     fAcc:  0.500      Maxd:  0.27114    E*/N:  -5.27789   P*:     nan        P*cold: nan        Mu*_xs: -0.00000   Cv*/N_xs:  0.00000         E(kJ/mol): -5.264     P(bar):    1.692     
Step:  1259999    NAcc:  630001     fAcc:  0.500      Maxd:  0.39191    E*/N:  -5.26429   P*:     nan        P*cold: nan        Mu*_xs: -0.00000   Cv*/N_xs:  0.00000         E(kJ/mol): -5.251     P(bar):    1.813     
Step:  1279999    NAcc:  639998     fAcc:  0.500      Maxd:  0.25654    E*/N:  -5.25186   P*:     nan        P*cold: nan        Mu*_xs: -0.00000   Cv*/N_xs:  0.00000         E(kJ/mol): -5.238     P(bar):    1.826     
Step:  1299999    NAcc:  649996     fAcc:  0.500      Maxd:  0.28773    E*/N:  -5.30971   P*:     nan        P*cold: nan        Mu*_xs: -0.00000   Cv*/N_xs:  0.00000         E(kJ/mol): -5.296     P(bar):    1.559     
Step:  1319999    NAcc:  660000     fAcc:  0.500      Maxd:  0.26161    E*/N:  -5.27421   P*:     nan        P*cold: nan        Mu*_xs: -0.00000   Cv*/N_xs:  0.00000         E(kJ/mol): -5.260     P(bar):    1.777     
Step:  1339999    NAcc:  670000     fAcc:  0.500      Maxd:  0.30062    E*/N:  -5.25074   P*:     nan        P*cold: nan        Mu*_xs: -0.00000   Cv*/N_xs:  0.00000         E(kJ/mol): -5.237     P(bar):    1.835     
Step:  1359999    NAcc:  679997     fAcc:  0.500      Maxd:  0.36852    E*/N:  -5.29193   P*:     nan        P*cold: nan        Mu*_xs: -0.00000   Cv*/N_xs:  0.00000         E(kJ/mol): -5.278     P(bar):    1.649     
Step:  1379999    NAcc:  689999     fAcc:  0.500      Maxd:  0.28373    E*/N:  -5.31994   P*:     nan        P*cold: nan        Mu*_xs: -0.00000   Cv*/N_xs:  0.00000         E(kJ/mol): -5.306     P(bar):    1.570     
Step:  1399999    NAcc:  700001     fAcc:  0.500      Maxd:  0.80705    E*/N:  -5.29306   P*:     nan        P*cold: nan        Mu*_xs: -0.00000   Cv*/N_xs:  0.00000         E(kJ/mol): -5.279     P(bar):    1.630     
Step:  1419999    NAcc:  709998     fAcc:  0.500      Maxd:  0.28232    E*/N:  -5.31299   P*:     nan        P*cold: nan        Mu*_xs: -0.00000   Cv*/N_xs:  0.00000         E(kJ/mol): -5.299     P(bar):    1.556     
Step:  1439999    NAcc:  720001     fAcc:  0.500      Maxd:  0.38389    E*/N:  -5.36910   P*:     nan        P*cold: nan        Mu*_xs: -0.00000   Cv*/N_xs:  0.00000         E(kJ/mol): -5.355     P(bar):    1.380     
Step:  1459999    NAcc:  730000     fAcc:  0.500      Maxd:  0.46566    E*/N:  -5.28367   P*:     nan        P*cold: nan        Mu*_xs: -0.00000   Cv*/N_xs:  0.00000         E(kJ/mol): -5.270     P(bar):    1.695     
Step:  1479999    NAcc:  740000     fAcc:  0.500      Maxd:  0.25440    E*/N:  -5.23348   P*:     nan        P*cold: nan        Mu*_xs: -0.00000   Cv*/N_xs:  0.00000         E(kJ/mol): -5.220     P(bar):    1.960     
Step:  1499999    NAcc:  749999     fAcc:  0.500      Maxd:  0.30936    E*/N:  -5.35585   P*:     nan        P*cold: nan        Mu*_xs: -0.00000   Cv*/N_xs:  0.00000         E(kJ/mol): -5.342     P(bar):    1.419     
Step:  1519999    NAcc:  760000     fAcc:  0.500      Maxd:  0.24203    E*/N:  -5.18455   P*:     nan        P*cold: nan        Mu*_xs: -0.00000   Cv*/N_xs:  0.00000         E(kJ/mol): -5.171     P(bar):    2.021     
Step:  1539999    NAcc:  770000     fAcc:  0.500      Maxd:  0.25703    E*/N:  -5.27107   P*:     nan        P*cold: nan        Mu*_xs: -0.00000   Cv*/N_xs:  0.00000         E(kJ/mol): -5.257     P(bar):    1.723     
Step:  1559999    NAcc:  780000     fAcc:  0.500      Maxd:  0.36324    E*/N:  -5.28216   P*:     nan        P*cold: nan        Mu*_xs: -0.00000   Cv*/N_xs:  0.00000         E(kJ/mol): -5.268     P(bar):    1.647     
Step:  1579999    NAcc:  790001     fAcc:  0.500      Maxd:  0.71876    E*/N:  -5.28843   P*:     nan        P*cold: nan        Mu*_xs: -0.00000   Cv*/N_xs:  0.00000         E(kJ/mol): -5.275     P(bar):    1.697     
Step:  1599999    NAcc:  800000     fAcc:  0.500      Maxd:  0.33427    E*/N:  -5.36183   P*:     nan        P*cold: nan        Mu*_xs: -0.00000   Cv*/N_xs:  0.00000         E(kJ/mol): -5.348     P(bar):    1.386     
Step:  1619999    NAcc:  809999     fAcc:  0.500      Maxd:  0.24837    E*/N:  -5.17910   P*:     nan        P*cold: nan        Mu*_xs: -0.00000   Cv*/N_xs:  0.00000         E(kJ/mol): -5.166     P(bar):    2.121     
Step:  1639999    NAcc:  819999     fAcc:  0.500      Maxd:  0.40133    E*/N:  -5.23325   P*:     nan        P*cold: nan        Mu*_xs: -0.00000   Cv*/N_xs:  0.00000         E(kJ/mol): -5.220     P(bar):    1.873     
Step:  1659999    NAcc:  829997     fAcc:  0.500      Maxd:  0.28172    E*/N:  -5.32399   P*:     nan        P*cold: nan        Mu*_xs: -0.00000   Cv*/N_xs:  0.00000         E(kJ/mol): -5.310     P(bar):    1.546     
Step:  1679999    NAcc:  839999     fAcc:  0.500      Maxd:  0.28735    E*/N:  -5.18909   P*:     nan        P*cold: nan        Mu*_xs: -0.00000   Cv*/N_xs:  0.00000         E(kJ/mol): -5.175     P(bar):    2.051     
Step:  1699999    NAcc:  850001     fAcc:  0.500      Maxd:  0.49382    E*/N:  -5.20614   P*:     nan        P*cold: nan        Mu*_xs: -0.00000   Cv*/N_xs:  0.00000         E(kJ/mol): -5.193     P(bar):    1.912     
Step:  1719999    NAcc:  859996     fAcc:  0.500      Maxd:  0.26870    E*/N:  -5.21131   P*:     nan        P*cold: nan        Mu*_xs: -0.00000   Cv*/N_xs:  0.00000         E(kJ/mol): -5.198     P(bar):    1.899     
Step:  1739999    NAcc:  869996     fAcc:  0.500      Maxd:  0.26443    E*/N:  -5.17366   P*:     nan        P*cold: nan        Mu*_xs: -0.00000   Cv*/N_xs:  0.00000         E(kJ/mol): -5.160     P(bar):    2.023     
Step:  1759999    NAcc:  879998     fAcc:  0.500      Maxd:  0.23869    E*/N:  -5.26408   P*:     nan        P*cold: nan        Mu*_xs: -0.00000   Cv*/N_xs:  0.00000         E(kJ/mol): -5.250     P(bar):    1.743     
Step:  1779999    NAcc:  889999     fAcc:  0.500      Maxd:  0.28167    E*/N:  -5.28086   P*:     nan        P*cold: nan        Mu*_xs: -0.00000   Cv*/N_xs:  0.00000         E(kJ/mol): -5.267     P(bar):    1.678     
Step:  1799999    NAcc:  899999     fAcc:  0.500      Maxd:  0.23924    E*/N:  -5.29678   P*:     nan        P*cold: nan        Mu*_xs: -0.00000   Cv*/N_xs:  0.00000         E(kJ/mol): -5.283     P(bar):    1.572     
Step:  1819999    NAcc:  909999     fAcc:  0.500      Maxd:  0.24790    E*/N:  -5.22826   P*:     nan        P*cold: nan        Mu*_xs: -0.00000   Cv*/N_xs:  0.00000         E(kJ/mol): -5.215     P(bar):    1.880     
Step:  1839999    NAcc:  919999     fAcc:  0.500      Maxd:  0.23591    E*/N:  -5.29561   P*:     nan        P*cold: nan        Mu*_xs: -0.00000   Cv*/N_xs:  0.00000         E(kJ/mol): -5.282     P(bar):    1.657     
Step:  1859999    NAcc:  929999     fAcc:  0.500      Maxd:  0.35298    E*/N:  -5.27441   P*:     nan        P*cold: nan        Mu*_xs: -0.00000   Cv*/N_xs:  0.00000         E(kJ/mol): -5.261     P(bar):    1.608     
Step:  1879999    NAcc:  939998     fAcc:  0.500      Maxd:  0.30320    E*/N:  -5.31069   P*:     nan        P*cold: nan        Mu*_xs: -0.00000   Cv*/N_xs:  0.00000         E(kJ/mol): -5.297     P(bar):    1.605     
Step:  1899999    NAcc:  949999     fAcc:  0.500      Maxd:  0.28760    E*/N:  -5.28991   P*:     nan        P*cold: nan        Mu*_xs: -0.00000   Cv*/N_xs:  0.00000         E(kJ/mol): -5.276     P(bar):    1.707     
Step:  1919999    NAcc:  960001     fAcc:  0.500      Maxd:  0.37271    E*/N:  -5.33400   P*:     nan        P*cold: nan        Mu*_xs: -0.00000   Cv*/N_xs:  0.00000         E(kJ/mol): -5.320     P(bar):    1.548     
Step:  1939999    NAcc:  969998     fAcc:  0.500      Maxd:  0.28396    E*/N:  -5.19211   P*:     nan        P*cold: nan        Mu*_xs: -0.00000   Cv*/N_xs:  0.00000         E(kJ/mol): -5.179     P(bar):    1.995     
Step:  1959999    NAcc:  980000     fAcc:  0.500      Maxd:  0.35212    E*/N:  -5.19087   P*:     nan        P*cold: nan        Mu*_xs: -0.00000   Cv*/N_xs:  0.00000         E(kJ/mol): -5.177     P(bar):    2.056     
Step:  1979999    NAcc:  989998     fAcc:  0.500      Maxd:  0.24650    E*/N:  -5.29427   P*:     nan        P*cold: nan        Mu*_xs: -0.00000   Cv*/N_xs:  0.00000         E(kJ/mol): -5.280     P(bar):    1.705     
Step:  1999999    NAcc:  1000000    fAcc:  0.500      Maxd:  0.34187    E*/N:  -5.21580   P*:     nan        P*cold: nan        Mu*_xs: -0.00000   Cv*/N_xs:  0.00000         E(kJ/mol): -5.202     P(bar):    1.982     
Step:  2019999    NAcc:  1009997    fAcc:  0.500      Maxd:  0.26996    E*/N:  -5.35602   P*:     2.13542    P*cold: 1.17542    Mu*_xs: -1.00963   Cv*/N_xs:  0.41524         E(kJ/mol): -5.342     P(bar):    1.407     
Step:  2039999    NAcc:  1020000    fAcc:  0.500      Maxd:  0.78479    E*/N:  -5.33038   P*:     2.05822    P*cold: 1.09822    Mu*_xs: -1.42966   Cv*/N_xs:  0.47280         E(kJ/mol): -5.316     P(bar):    1.432     
Step:  2059999    NAcc:  1029995    fAcc:  0.500      Maxd:  0.26080    E*/N:  -5.25572   P*:     2.09609    P*cold: 1.13609    Mu*_xs: -1.07077   Cv*/N_xs:  0.77787         E(kJ/mol): -5.242     P(bar):    1.773     
Step:  2079999    NAcc:  1039997    fAcc:  0.500      Maxd:  0.28864    E*/N:  -5.21749   P*:     2.15465    P*cold: 1.19465    Mu*_xs: -0.95088   Cv*/N_xs:  0.81972         E(kJ/mol): -5.204     P(bar):    1.959     
Step:  2099999    NAcc:  1050000    fAcc:  0.500      Maxd:  0.32283    E*/N:  -5.20678   P*:     2.17515    P*cold: 1.21515    Mu*_xs: -0.75005   Cv*/N_xs:  0.86022         E(kJ/mol): -5.193     P(bar):    1.985     
Step:  2119999    NAcc:  1060000    fAcc:  0.500      Maxd:  0.76273    E*/N:  -5.24684   P*:     2.18523    P*cold: 1.22523    Mu*_xs: -0.68563   Cv*/N_xs:  0.78294         E(kJ/mol): -5.233     P(bar):    1.896     
Step:  2139999    NAcc:  1070000    fAcc:  0.500      Maxd:  0.28894    E*/N:  -5.26907   P*:     2.20308    P*cold: 1.24308    Mu*_xs: -0.65592   Cv*/N_xs:  0.82876         E(kJ/mol): -5.255     P(bar):    1.735     
Step:  2159999    NAcc:  1080000    fAcc:  0.500      Maxd:  0.30915    E*/N:  -5.23428   P*:     2.18747    P*cold: 1.22747    Mu*_xs: -0.49764   Cv*/N_xs:  0.83684         E(kJ/mol): -5.221     P(bar):    1.897     
Step:  2179999    NAcc:  1090000    fAcc:  0.500      Maxd:  0.28032    E*/N:  -5.29503   P*:     2.17236    P*cold: 1.21236    Mu*_xs: -0.47334   Cv*/N_xs:  0.84457         E(kJ/mol): -5.281     P(bar):    1.603     
Step:  2199999    NAcc:  1100000    fAcc:  0.500      Maxd:  2.43695    E*/N:  -5.25396   P*:     2.14918    P*cold: 1.18918    Mu*_xs: -0.35880   Cv*/N_xs:  0.84110         E(kJ/mol): -5.240     P(bar):    1.769     
Step:  2219999    NAcc:  1110001    fAcc:  0.500      Maxd:  0.72225    E*/N:  -5.31077   P*:     2.13933    P*cold: 1.17933    Mu*_xs: -0.65543   Cv*/N_xs:  0.80919         E(kJ/mol): -5.297     P(bar):    1.659     
Step:  2239999    NAcc:  1120000    fAcc:  0.500      Maxd:  0.24789    E*/N:  -5.27201   P*:     2.13701    P*cold: 1.17701    Mu*_xs: -0.62252   Cv*/N_xs:  0.80209         E(kJ/mol): -5.258     P(bar):    1.732     
Step:  2259999    NAcc:  1130000    fAcc:  0.500      Maxd:  1.18561    E*/N:  -5.23867   P*:     2.13588    P*cold: 1.17588    Mu*_xs: -0.58011   Cv*/N_xs:  0.78174         E(kJ/mol): -5.225     P(bar):    1.829     
Step:  2279999    NAcc:  1140001    fAcc:  0.500      Maxd:  1.05846    E*/N:  -5.22374   P*:     2.14371    P*cold: 1.18371    Mu*_xs: -0.54909   Cv*/N_xs:  0.78803         E(kJ/mol): -5.210     P(bar):    1.986     
Step:  2299999    NAcc:  1150002    fAcc:  0.500      Maxd:  0.77049    E*/N:  -5.18602   P*:     2.15714    P*cold: 1.19714    Mu*_xs: -0.62135   Cv*/N_xs:  0.79570         E(kJ/mol): -5.172     P(bar):    2.087     
Step:  2319999    NAcc:  1159996    fAcc:  0.500      Maxd:  0.28274    E*/N:  -5.26830   P*:     2.16911    P*cold: 1.20911    Mu*_xs: -0.62830   Cv*/N_xs:  0.80193         E(kJ/mol): -5.254     P(bar):    1.839     
Step:  2339999    NAcc:  1170000    fAcc:  0.500      Maxd:  0.53027    E*/N:  -5.30571   P*:     2.16598    P*cold: 1.20598    Mu*_xs: -0.58472   Cv*/N_xs:  0.81079         E(kJ/mol): -5.292     P(bar):    1.537     
Step:  2359999    NAcc:  1180001    fAcc:  0.500      Maxd:  0.49697    E*/N:  -5.32374   P*:     2.15713    P*cold: 1.19713    Mu*_xs: -0.59378   Cv*/N_xs:  0.82320         E(kJ/mol): -5.310     P(bar):    1.505     
Step:  2379999    NAcc:  1189999    fAcc:  0.500      Maxd:  0.65394    E*/N:  -5.23716   P*:     2.14833    P*cold: 1.18833    Mu*_xs: -0.55728   Cv*/N_xs:  0.81568         E(kJ/mol): -5.223     P(bar):    1.827     
Step:  2399999    NAcc:  1199999    fAcc:  0.500      Maxd:  0.28225    E*/N:  -5.24259   P*:     2.14677    P*cold: 1.18677    Mu*_xs: -0.53334   Cv*/N_xs:  0.81112         E(kJ/mol): -5.229     P(bar):    1.806     
Step:  2419999    NAcc:  1209999    fAcc:  0.500      Maxd:  0.32794    E*/N:  -5.25154   P*:     2.14457    P*cold: 1.18457    Mu*_xs: -0.48094   Cv*/N_xs:  0.80909         E(kJ/mol): -5.238     P(bar):    1.727     
Step:  2439999    NAcc:  1220000    fAcc:  0.500      Maxd:  1.50534    E*/N:  -5.27813   P*:     2.13544    P*cold: 1.17544    Mu*_xs: -0.42590   Cv*/N_xs:  0.79145         E(kJ/mol): -5.264     P(bar):    1.596     
Step:  2459999    NAcc:  1230000    fAcc:  0.500      Maxd:  0.28704    E*/N:  -5.19152   P*:     2.13672    P*cold: 1.17672    Mu*_xs: -0.38482   Cv*/N_xs:  0.78958         E(kJ/mol): -5.178     P(bar):    1.990     
Step:  2479999    NAcc:  1240000    fAcc:  0.500      Maxd:  0.78085    E*/N:  -5.29943   P*:     2.13227    P*cold: 1.17227    Mu*_xs: -0.43211   Cv*/N_xs:  0.77472         E(kJ/mol): -5.286     P(bar):    1.564     
Step:  2499999    NAcc:  1250000    fAcc:  0.500      Maxd:  1.60587    E*/N:  -5.25136   P*:     2.12837    P*cold: 1.16837    Mu*_xs: -0.45314   Cv*/N_xs:  0.75848         E(kJ/mol): -5.238     P(bar):    1.846     
Step:  2519999    NAcc:  1259998    fAcc:  0.500      Maxd:  0.28762    E*/N:  -5.32102   P*:     2.12691    P*cold: 1.16691    Mu*_xs: -0.54542   Cv*/N_xs:  0.75422         E(kJ/mol): -5.307     P(bar):    1.613     
Step:  2539999    NAcc:  1269999    fAcc:  0.500      Maxd:  0.25936    E*/N:  -5.30797   P*:     2.12586    P*cold: 1.16586    Mu*_xs: -0.64224   Cv*/N_xs:  0.77372         E(kJ/mol): -5.294     P(bar):    1.608     
Step:  2559999    NAcc:  1280001    fAcc:  0.500      Maxd:  2.11527    E*/N:  -5.22129   P*:     2.13313    P*cold: 1.17313    Mu*_xs: -0.63374   Cv*/N_xs:  0.78029         E(kJ/mol): -5.208     P(bar):    1.960     
Step:  2579999    NAcc:  1289997    fAcc:  0.500      Maxd:  0.26896    E*/N:  -5.16208   P*:     2.13766    P*cold: 1.17766    Mu*_xs: -0.61297   Cv*/N_xs:  0.78522         E(kJ/mol): -5.149     P(bar):    2.101     
Step:  2599999    NAcc:  1299999    fAcc:  0.500      Maxd:  0.26416    E*/N:  -5.22346   P*:     2.14710    P*cold: 1.18710    Mu*_xs: -0.59712   Cv*/N_xs:  0.82930         E(kJ/mol): -5.210     P(bar):    1.943     
Step:  2619999    NAcc:  1310000    fAcc:  0.500      Maxd:  0.28520    E*/N:  -5.16026   P*:     2.15223    P*cold: 1.19223    Mu*_xs: -0.63029   Cv*/N_xs:  0.82920         E(kJ/mol): -5.147     P(bar):    2.189     
Step:  2639999    NAcc:  1319999    fAcc:  0.500      Maxd:  0.23272    E*/N:  -5.25392   P*:     2.15791    P*cold: 1.19791    Mu*_xs: -0.61264   Cv*/N_xs:  0.83971         E(kJ/mol): -5.240     P(bar):    1.830     
Step:  2659999    NAcc:  1330001    fAcc:  0.500      Maxd:  0.34630    E*/N:  -5.17642   P*:     2.16263    P*cold: 1.20263    Mu*_xs: -0.60398   Cv*/N_xs:  0.84216         E(kJ/mol): -5.163     P(bar):    2.036     
Step:  2679999    NAcc:  1339999    fAcc:  0.500      Maxd:  0.28635    E*/N:  -5.23474   P*:     2.16066    P*cold: 1.20066    Mu*_xs: -0.60122   Cv*/N_xs:  0.83689         E(kJ/mol): -5.221     P(bar):    1.834     
Step:  2699999    NAcc:  1349999    fAcc:  0.500      Maxd:  0.38414    E*/N:  -5.24690   P*:     2.16300    P*cold: 1.20300    Mu*_xs: -0.60000   Cv*/N_xs:  0.82499         E(kJ/mol): -5.233     P(bar):    1.900     
Step:  2719999    NAcc:  1359998    fAcc:  0.500      Maxd:  0.26676    E*/N:  -5.28615   P*:     2.16315    P*cold: 1.20315    Mu*_xs: -0.60046   Cv*/N_xs:  0.82026         E(kJ/mol): -5.272     P(bar):    1.722     
Step:  2739999    NAcc:  1369997    fAcc:  0.500      Maxd:  0.28636    E*/N:  -5.21194   P*:     2.16578    P*cold: 1.20578    Mu*_xs: -0.59668   Cv*/N_xs:  0.81219         E(kJ/mol): -5.198     P(bar):    1.952     
Step:  2759999    NAcc:  1380000    fAcc:  0.500      Maxd:  0.93645    E*/N:  -5.19120   P*:     2.16720    P*cold: 1.20720    Mu*_xs: -0.57848   Cv*/N_xs:  0.80939         E(kJ/mol): -5.178     P(bar):    2.005     
Step:  2779999    NAcc:  1390001    fAcc:  0.500      Maxd:  0.79558    E*/N:  -5.23347   P*:     2.16653    P*cold: 1.20653    Mu*_xs: -0.63138   Cv*/N_xs:  0.80203         E(kJ/mol): -5.220     P(bar):    1.876     
Step:  2799999    NAcc:  1399998    fAcc:  0.500      Maxd:  0.28530    E*/N:  -5.31790   P*:     2.16399    P*cold: 1.20399    Mu*_xs: -0.60564   Cv*/N_xs:  0.80428         E(kJ/mol): -5.304     P(bar):    1.579     
Step:  2819999    NAcc:  1410001    fAcc:  0.500      Maxd:  0.33582    E*/N:  -5.31535   P*:     2.16417    P*cold: 1.20417    Mu*_xs: -0.60626   Cv*/N_xs:  0.79998         E(kJ/mol): -5.301     P(bar):    1.599     
Step:  2839999    NAcc:  1419998    fAcc:  0.500      Maxd:  0.23327    E*/N:  -5.16075   P*:     2.16256    P*cold: 1.20256    Mu*_xs: -0.67682   Cv*/N_xs:  0.79556         E(kJ/mol): -5.147     P(bar):    2.191     
Step:  2859999    NAcc:  1430001    fAcc:  0.500      Maxd:  0.50983    E*/N:  -5.21466   P*:     2.16529    P*cold: 1.20529    Mu*_xs: -0.69465   Cv*/N_xs:  0.79687         E(kJ/mol): -5.201     P(bar):    2.006     
Step:  2879999    NAcc:  1439998    fAcc:  0.500      Maxd:  0.27266    E*/N:  -5.23277   P*:     2.16422    P*cold: 1.20422    Mu*_xs: -0.68944   Cv*/N_xs:  0.79998         E(kJ/mol): -5.219     P(bar):    1.913     
Step:  2899999    NAcc:  1449995    fAcc:  0.500      Maxd:  0.27596    E*/N:  -5.21856   P*:     2.16673    P*cold: 1.20673    Mu*_xs: -0.68808   Cv*/N_xs:  0.80179         E(kJ/mol): -5.205     P(bar):    1.949     
Step:  2919999    NAcc:  1460000    fAcc:  0.500      Maxd:  0.53322    E*/N:  -5.30891   P*:     2.16811    P*cold: 1.20811    Mu*_xs: -0.66836   Cv*/N_xs:  0.79670         E(kJ/mol): -5.295     P(bar):    1.617     
Step:  2939999    NAcc:  1469996    fAcc:  0.500      Maxd:  0.27521    E*/N:  -5.23723   P*:     2.16888    P*cold: 1.20888    Mu*_xs: -0.67061   Cv*/N_xs:  0.78863         E(kJ/mol): -5.224     P(bar):    1.948     
Step:  2959999    NAcc:  1480000    fAcc:  0.500      Maxd:  0.23902    E*/N:  -5.24678   P*:     2.17222    P*cold: 1.21222    Mu*_xs: -0.66244   Cv*/N_xs:  0.79089         E(kJ/mol): -5.233     P(bar):    1.887     
Step:  2979999    NAcc:  1489997    fAcc:  0.500      Maxd:  0.29000    E*/N:  -5.23116   P*:     2.17272    P*cold: 1.21272    Mu*_xs: -0.67305   Cv*/N_xs:  0.78813         E(kJ/mol): -5.217     P(bar):    1.906     
Step:  2999999    NAcc:  1500001    fAcc:  0.500      Maxd:  1.64002    E*/N:  -5.28359   P*:     2.16897    P*cold: 1.20897    Mu*_xs: -0.67520   Cv*/N_xs:  0.79475         E(kJ/mol): -5.270     P(bar):    1.684     
Step:  3019999    NAcc:  1510000    fAcc:  0.500      Maxd:  0.45394    E*/N:  -5.28694   P*:     2.16486    P*cold: 1.20486    Mu*_xs: -0.66532   Cv*/N_xs:  0.79977         E(kJ/mol): -5.273     P(bar):    1.640     
Step:  3039999    NAcc:  1519998    fAcc:  0.500      Maxd:  0.26581    E*/N:  -5.35296   P*:     2.16382    P*cold: 1.20382    Mu*_xs: -0.67855   Cv*/N_xs:  0.79575         E(kJ/mol): -5.339     P(bar):    1.449     
Step:  3059999    NAcc:  1529995    fAcc:  0.500      Maxd:  0.28080    E*/N:  -5.29185   P*:     2.16127    P*cold: 1.20127    Mu*_xs: -0.70005   Cv*/N_xs:  0.79675         E(kJ/mol): -5.278     P(bar):    1.666     
Step:  3079999    NAcc:  1539996    fAcc:  0.500      Maxd:  0.24781    E*/N:  -5.26968   P*:     2.15690    P*cold: 1.19690    Mu*_xs: -0.68444   Cv*/N_xs:  0.81155         E(kJ/mol): -5.256     P(bar):    1.760     
Step:  3099999    NAcc:  1549999    fAcc:  0.500      Maxd:  1.03143    E*/N:  -5.25871   P*:     2.15461    P*cold: 1.19461    Mu*_xs: -0.69148   Cv*/N_xs:  0.81057         E(kJ/mol): -5.245     P(bar):    1.747     
Step:  3119999    NAcc:  1560000    fAcc:  0.500      Maxd:  0.27634    E*/N:  -5.25940   P*:     2.15347    P*cold: 1.19347    Mu*_xs: -0.67387   Cv*/N_xs:  0.81136         E(kJ/mol): -5.246     P(bar):    1.841     
Step:  3139999    NAcc:  1569997    fAcc:  0.500      Maxd:  0.28535    E*/N:  -5.27703   P*:     2.15143    P*cold: 1.19143    Mu*_xs: -0.67842   Cv*/N_xs:  0.81364         E(kJ/mol): -5.263     P(bar):    1.688     
Step:  3159999    NAcc:  1579991    fAcc:  0.500      Maxd:  0.27635    E*/N:  -5.20560   P*:     2.15221    P*cold: 1.19221    Mu*_xs: -0.69691   Cv*/N_xs:  0.81030         E(kJ/mol): -5.192     P(bar):    1.951     
Step:  3179999    NAcc:  1590000    fAcc:  0.500      Maxd:  0.25133    E*/N:  -5.33083   P*:     2.15002    P*cold: 1.19002    Mu*_xs: -0.69934   Cv*/N_xs:  0.81097         E(kJ/mol): -5.317     P(bar):    1.493     
Step:  3199999    NAcc:  1600001    fAcc:  0.500      Maxd:  0.55677    E*/N:  -5.33227   P*:     2.14862    P*cold: 1.18862    Mu*_xs: -0.71227   Cv*/N_xs:  0.81762         E(kJ/mol): -5.318     P(bar):    1.565     
Step:  3219999    NAcc:  1610000    fAcc:  0.500      Maxd:  0.82436    E*/N:  -5.20507   P*:     2.14845    P*cold: 1.18845    Mu*_xs: -0.71278   Cv*/N_xs:  0.81204         E(kJ/mol): -5.191     P(bar):    2.056     
Step:  3239999    NAcc:  1619997    fAcc:  0.500      Maxd:  0.26797    E*/N:  -5.24554   P*:     2.14930    P*cold: 1.18930    Mu*_xs: -0.71188   Cv*/N_xs:  0.80321         E(kJ/mol): -5.232     P(bar):    1.871     
Step:  3259999    NAcc:  1629997    fAcc:  0.500      Maxd:  0.26214    E*/N:  -5.35236   P*:     2.14658    P*cold: 1.18658    Mu*_xs: -0.70181   Cv*/N_xs:  0.80650         E(kJ/mol): -5.338     P(bar):    1.419     
Step:  3279999    NAcc:  1639998    fAcc:  0.500      Maxd:  0.27286    E*/N:  -5.29976   P*:     2.14195    P*cold: 1.18195    Mu*_xs: -0.69543   Cv*/N_xs:  0.82836         E(kJ/mol): -5.286     P(bar):    1.607     
Step:  3299999    NAcc:  1650002    fAcc:  0.500      Maxd:  0.49796    E*/N:  -5.19349   P*:     2.14470    P*cold: 1.18470    Mu*_xs: -0.68200   Cv*/N_xs:  0.83237         E(kJ/mol): -5.180     P(bar):    2.072     
Step:  3319999    NAcc:  1659998    fAcc:  0.500      Maxd:  0.28825    E*/N:  -5.36306   P*:     2.14681    P*cold: 1.18681    Mu*_xs: -0.67755   Cv*/N_xs:  0.85499         E(kJ/mol): -5.349     P(bar):    1.361     
Step:  3339999    NAcc:  1670000    fAcc:  0.500      Maxd:  0.24166    E*/N:  -5.27234   P*:     2.14574    P*cold: 1.18574    Mu*_xs: -0.68422   Cv*/N_xs:  0.85462         E(kJ/mol): -5.259     P(bar):    1.756     
Step:  3359999    NAcc:  1679999    fAcc:  0.500      Maxd:  0.27972    E*/N:  -5.30562   P*:     2.14375    P*cold: 1.18375    Mu*_xs: -0.68065   Cv*/N_xs:  0.85053         E(kJ/mol): -5.292     P(bar):    1.604     
Step:  3379999    NAcc:  1689995    fAcc:  0.500      Maxd:  0.26546    E*/N:  -5.28518   P*:     2.14383    P*cold: 1.18383    Mu*_xs: -0.70316   Cv*/N_xs:  0.84912         E(kJ/mol): -5.271     P(bar):    1.735     
Step:  3399999    NAcc:  1699999    fAcc:  0.500      Maxd:  0.24142    E*/N:  -5.25825   P*:     2.14497    P*cold: 1.18497    Mu*_xs: -0.69153   Cv*/N_xs:  0.85005         E(kJ/mol): -5.244     P(bar):    1.867     
Step:  3419999    NAcc:  1709998    fAcc:  0.500      Maxd:  0.44782    E*/N:  -5.24873   P*:     2.14757    P*cold: 1.18757    Mu*_xs: -0.70640   Cv*/N_xs:  0.85455         E(kJ/mol): -5.235     P(bar):    1.876     
Step:  3439999    NAcc:  1719998    fAcc:  0.500      Maxd:  0.28205    E*/N:  -5.29891   P*:     2.14672    P*cold: 1.18672    Mu*_xs: -0.70690   Cv*/N_xs:  0.85228         E(kJ/mol): -5.285     P(bar):    1.686     
Step:  3459999    NAcc:  1729999    fAcc:  0.500      Maxd:  0.24216    E*/N:  -5.28056   P*:     2.14640    P*cold: 1.18640    Mu*_xs: -0.71210   Cv*/N_xs:  0.84426         E(kJ/mol): -5.267     P(bar):    1.704     
Step:  3479999    NAcc:  1740002    fAcc:  0.500      Maxd:  0.53005    E*/N:  -5.24398   P*:     2.14889    P*cold: 1.18889    Mu*_xs: -0.73031   Cv*/N_xs:  0.85155         E(kJ/mol): -5.230     P(bar):    1.912     
Step:  3499999    NAcc:  1750001    fAcc:  0.500      Maxd:  2.14189    E*/N:  -5.26762   P*:     2.14843    P*cold: 1.18843    Mu*_xs: -0.72998   Cv*/N_xs:  0.85070         E(kJ/mol): -5.254     P(bar):    1.770     
Step:  3519999    NAcc:  1760000    fAcc:  0.500      Maxd:  0.53809    E*/N:  -5.26118   P*:     2.14864    P*cold: 1.18864    Mu*_xs: -0.72787   Cv*/N_xs:  0.85516         E(kJ/mol): -5.247     P(bar):    1.813     
Step:  3539999    NAcc:  1769998    fAcc:  0.500      Maxd:  0.28777    E*/N:  -5.24795   P*:     2.14886    P*cold: 1.18886    Mu*_xs: -0.71828   Cv*/N_xs:  0.84827         E(kJ/mol): -5.234     P(bar):    1.828     
Step:  3559999    NAcc:  1780001    fAcc:  0.500      Maxd:  0.59049    E*/N:  -5.17635   P*:     2.14965    P*cold: 1.18965    Mu*_xs: -0.70544   Cv*/N_xs:  0.84224         E(kJ/mol): -5.163     P(bar):    2.077     
Step:  3579999    NAcc:  1789999    fAcc:  0.500      Maxd:  0.45968    E*/N:  -5.26803   P*:     2.14842    P*cold: 1.18842    Mu*_xs: -0.70497   Cv*/N_xs:  0.84421         E(kJ/mol): -5.254     P(bar):    1.669     
Step:  3599999    NAcc:  1799999    fAcc:  0.500      Maxd:  0.24707    E*/N:  -5.31924   P*:     2.14570    P*cold: 1.18570    Mu*_xs: -0.71873   Cv*/N_xs:  0.84220         E(kJ/mol): -5.305     P(bar):    1.569     
Step:  3619999    NAcc:  1809998    fAcc:  0.500      Maxd:  0.27558    E*/N:  -5.24389   P*:     2.14442    P*cold: 1.18442    Mu*_xs: -0.72000   Cv*/N_xs:  0.83898         E(kJ/mol): -5.230     P(bar):    1.839     
Step:  3639999    NAcc:  1819999    fAcc:  0.500      Maxd:  0.42556    E*/N:  -5.31718   P*:     2.14257    P*cold: 1.18257    Mu*_xs: -0.71027   Cv*/N_xs:  0.84236         E(kJ/mol): -5.303     P(bar):    1.583     
Step:  3659999    NAcc:  1830000    fAcc:  0.500      Maxd:  0.24364    E*/N:  -5.28080   P*:     2.14214    P*cold: 1.18214    Mu*_xs: -0.75155   Cv*/N_xs:  0.84207         E(kJ/mol): -5.267     P(bar):    1.782     
Step:  3679999    NAcc:  1839998    fAcc:  0.500      Maxd:  0.27033    E*/N:  -5.22718   P*:     2.14246    P*cold: 1.18246    Mu*_xs: -0.74219   Cv*/N_xs:  0.83543         E(kJ/mol): -5.213     P(bar):    1.940     
Step:  3699999    NAcc:  1850000    fAcc:  0.500      Maxd:  0.79636    E*/N:  -5.20534   P*:     2.14457    P*cold: 1.18457    Mu*_xs: -0.73871   Cv*/N_xs:  0.84432         E(kJ/mol): -5.192     P(bar):    2.030     
Step:  3719999    NAcc:  1859999    fAcc:  0.500      Maxd:  0.25014    E*/N:  -5.16711   P*:     2.14752    P*cold: 1.18752    Mu*_xs: -0.73619   Cv*/N_xs:  0.85490         E(kJ/mol): -5.154     P(bar):    2.096     
Step:  3739999    NAcc:  1870000    fAcc:  0.500      Maxd:  0.28903    E*/N:  -5.28633   P*:     2.14692    P*cold: 1.18692    Mu*_xs: -0.72658   Cv*/N_xs:  0.85196         E(kJ/mol): -5.272     P(bar):    1.631     
Step:  3759999    NAcc:  1879999    fAcc:  0.500      Maxd:  0.28062    E*/N:  -5.25856   P*:     2.14564    P*cold: 1.18564    Mu*_xs: -0.71828   Cv*/N_xs:  0.85145         E(kJ/mol): -5.245     P(bar):    1.757     
Step:  3779999    NAcc:  1889996    fAcc:  0.500      Maxd:  0.25464    E*/N:  -5.28485   P*:     2.14606    P*cold: 1.18606    Mu*_xs: -0.72025   Cv*/N_xs:  0.84688         E(kJ/mol): -5.271     P(bar):    1.689     
Step:  3799999    NAcc:  1900000    fAcc:  0.500      Maxd:  0.24476    E*/N:  -5.23710   P*:     2.14794    P*cold: 1.18794    Mu*_xs: -0.71511   Cv*/N_xs:  0.84724         E(kJ/mol): -5.223     P(bar):    1.846     
Step:  3819999    NAcc:  1910000    fAcc:  0.500      Maxd:  0.28126    E*/N:  -5.23113   P*:     2.14997    P*cold: 1.18997    Mu*_xs: -0.70508   Cv*/N_xs:  0.85163         E(kJ/mol): -5.217     P(bar):    1.918     
Step:  3839999    NAcc:  1919999    fAcc:  0.500      Maxd:  0.34125    E*/N:  -5.22199   P*:     2.15186    P*cold: 1.19186    Mu*_xs: -0.71020   Cv*/N_xs:  0.85733         E(kJ/mol): -5.208     P(bar):    1.950     
Step:  3859999    NAcc:  1929999    fAcc:  0.500      Maxd:  0.27451    E*/N:  -5.24535   P*:     2.15252    P*cold: 1.19252    Mu*_xs: -0.72949   Cv*/N_xs:  0.85358         E(kJ/mol): -5.232     P(bar):    1.846     
Step:  3879999    NAcc:  1939999    fAcc:  0.500      Maxd:  0.24885    E*/N:  -5.23913   P*:     2.15336    P*cold: 1.19336    Mu*_xs: -0.72389   Cv*/N_xs:  0.85267         E(kJ/mol): -5.225     P(bar):    1.804     
Step:  3899999    NAcc:  1950002    fAcc:  0.500      Maxd:  0.74998    E*/N:  -5.19457   P*:     2.15427    P*cold: 1.19427    Mu*_xs: -0.75088   Cv*/N_xs:  0.85316         E(kJ/mol): -5.181     P(bar):    2.012     
Step:  3919999    NAcc:  1959998    fAcc:  0.500      Maxd:  0.27770    E*/N:  -5.12482   P*:     2.15634    P*cold: 1.19634    Mu*_xs: -0.74640   Cv*/N_xs:  0.87001         E(kJ/mol): -5.111     P(bar):    2.216     
Step:  3939999    NAcc:  1970002    fAcc:  0.500      Maxd:  0.78714    E*/N:  -5.19884   P*:     2.15700    P*cold: 1.19700    Mu*_xs: -0.73563   Cv*/N_xs:  0.87586         E(kJ/mol): -5.185     P(bar):    1.913     
Step:  3959999    NAcc:  1980000    fAcc:  0.500      Maxd:  1.06844    E*/N:  -5.22908   P*:     2.16054    P*cold: 1.20054    Mu*_xs: -0.72993   Cv*/N_xs:  0.90063         E(kJ/mol): -5.215     P(bar):    1.820     
Step:  3979999    NAcc:  1989999    fAcc:  0.500      Maxd:  0.28705    E*/N:  -5.28496   P*:     2.15901    P*cold: 1.19901    Mu*_xs: -0.72048   Cv*/N_xs:  0.90252         E(kJ/mol): -5.271     P(bar):    1.748     
Step:  3999999    NAcc:  2000001    fAcc:  0.500      Maxd:  0.67210    E*/N:  -5.28935   P*:     2.15734    P*cold: 1.19734    Mu*_xs: -0.72273   Cv*/N_xs:  0.90325         E(kJ/mol): -5.276     P(bar):    1.658     
Step:  4019999    NAcc:  2010000    fAcc:  0.500      Maxd:  0.34611    E*/N:  -5.24893   P*:     2.15723    P*cold: 1.19723    Mu*_xs: -0.73533   Cv*/N_xs:  0.90208         E(kJ/mol): -5.235     P(bar):    1.835     
Step:  4039999    NAcc:  2020000    fAcc:  0.500      Maxd:  0.24682    E*/N:  -5.27943   P*:     2.15520    P*cold: 1.19520    Mu*_xs: -0.73216   Cv*/N_xs:  0.90622         E(kJ/mol): -5.266     P(bar):    1.739     
Step:  4059999    NAcc:  2030000    fAcc:  0.500      Maxd:  0.25769    E*/N:  -5.23604   P*:     2.15375    P*cold: 1.19375    Mu*_xs: -0.72695   Cv*/N_xs:  0.90400         E(kJ/mol): -5.222     P(bar):    1.832     
Step:  4079999    NAcc:  2040000    fAcc:  0.500      Maxd:  0.50343    E*/N:  -5.25055   P*:     2.15320    P*cold: 1.19320    Mu*_xs: -0.72976   Cv*/N_xs:  0.90537         E(kJ/mol): -5.237     P(bar):    1.749     
Step:  4099999    NAcc:  2050001    fAcc:  0.500      Maxd:  1.07577    E*/N:  -5.20437   P*:     2.15227    P*cold: 1.19227    Mu*_xs: -0.72756   Cv*/N_xs:  0.90280         E(kJ/mol): -5.191     P(bar):    1.959     
Step:  4119999    NAcc:  2059996    fAcc:  0.500      Maxd:  0.27012    E*/N:  -5.16117   P*:     2.15454    P*cold: 1.19454    Mu*_xs: -0.72887   Cv*/N_xs:  0.90667         E(kJ/mol): -5.148     P(bar):    2.102     
Step:  4139999    NAcc:  2069999    fAcc:  0.500      Maxd:  0.27250    E*/N:  -5.32693   P*:     2.15494    P*cold: 1.19494    Mu*_xs: -0.71783   Cv*/N_xs:  0.90355         E(kJ/mol): -5.313     P(bar):    1.610     
Step:  4159999    NAcc:  2079999    fAcc:  0.500      Maxd:  0.25051    E*/N:  -5.27487   P*:     2.15542    P*cold: 1.19542    Mu*_xs: -0.76710   Cv*/N_xs:  0.90453         E(kJ/mol): -5.261     P(bar):    1.692     
Step:  4179999    NAcc:  2090000    fAcc:  0.500      Maxd:  1.14762    E*/N:  -5.29295   P*:     2.15548    P*cold: 1.19548    Mu*_xs: -0.76605   Cv*/N_xs:  0.90019         E(kJ/mol): -5.279     P(bar):    1.788     
Step:  4199999    NAcc:  2099999    fAcc:  0.500      Maxd:  0.28266    E*/N:  -5.24273   P*:     2.15463    P*cold: 1.19463    Mu*_xs: -0.75820   Cv*/N_xs:  0.89922         E(kJ/mol): -5.229     P(bar):    1.825     
Step:  4219999    NAcc:  2109997    fAcc:  0.500      Maxd:  0.25900    E*/N:  -5.30667   P*:     2.15422    P*cold: 1.19422    Mu*_xs: -0.74910   Cv*/N_xs:  0.89672         E(kJ/mol): -5.293     P(bar):    1.538     
Step:  4239999    NAcc:  2120002    fAcc:  0.500      Maxd:  1.17117    E*/N:  -5.32929   P*:     2.15097    P*cold: 1.19097    Mu*_xs: -0.75143   Cv*/N_xs:  0.91194         E(kJ/mol): -5.315     P(bar):    1.524     
Step:  4259999    NAcc:  2130001    fAcc:  0.500      Maxd:  0.49921    E*/N:  -5.26852   P*:     2.14920    P*cold: 1.18920    Mu*_xs: -0.74171   Cv*/N_xs:  0.91420         E(kJ/mol): -5.255     P(bar):    1.774     
Step:  4279999    NAcc:  2139996    fAcc:  0.500      Maxd:  0.26611    E*/N:  -5.21898   P*:     2.14986    P*cold: 1.18986    Mu*_xs: -0.74462   Cv*/N_xs:  0.91659         E(kJ/mol): -5.205     P(bar):    2.047     
Step:  4299999    NAcc:  2150000    fAcc:  0.500      Maxd:  0.34964    E*/N:  -5.31610   P*:     2.15004    P*cold: 1.19004    Mu*_xs: -0.74103   Cv*/N_xs:  0.91902         E(kJ/mol): -5.302     P(bar):    1.571     
Step:  4319999    NAcc:  2160001    fAcc:  0.500      Maxd:  0.71600    E*/N:  -5.30942   P*:     2.14747    P*cold: 1.18747    Mu*_xs: -0.73224   Cv*/N_xs:  0.92530         E(kJ/mol): -5.296     P(bar):    1.458     
Step:  4339999    NAcc:  2169997    fAcc:  0.500      Maxd:  0.25104    E*/N:  -5.20853   P*:     2.14474    P*cold: 1.18474    Mu*_xs: -0.72612   Cv*/N_xs:  0.92755         E(kJ/mol): -5.195     P(bar):    1.900     
Step:  4359999    NAcc:  2180001    fAcc:  0.500      Maxd:  0.36358    E*/N:  -5.23412   P*:     2.14425    P*cold: 1.18425    Mu*_xs: -0.71748   Cv*/N_xs:  0.92652         E(kJ/mol): -5.220     P(bar):    1.764     
Step:  4379999    NAcc:  2190001    fAcc:  0.500      Maxd:  1.19736    E*/N:  -5.22897   P*:     2.14244    P*cold: 1.18244    Mu*_xs: -0.71582   Cv*/N_xs:  0.93214         E(kJ/mol): -5.215     P(bar):    1.858     
Step:  4399999    NAcc:  2200000    fAcc:  0.500      Maxd:  0.42830    E*/N:  -5.31164   P*:     2.14248    P*cold: 1.18248    Mu*_xs: -0.71269   Cv*/N_xs:  0.92939         E(kJ/mol): -5.298     P(bar):    1.556     
Step:  4419999    NAcc:  2210001    fAcc:  0.500      Maxd:  1.10379    E*/N:  -5.28929   P*:     2.14121    P*cold: 1.18121    Mu*_xs: -0.72062   Cv*/N_xs:  0.93359         E(kJ/mol): -5.275     P(bar):    1.687     
Step:  4439999    NAcc:  2219998    fAcc:  0.500      Maxd:  0.24693    E*/N:  -5.29840   P*:     2.14114    P*cold: 1.18114    Mu*_xs: -0.71672   Cv*/N_xs:  0.93162         E(kJ/mol): -5.285     P(bar):    1.620     
Step:  4459999    NAcc:  2230000    fAcc:  0.500      Maxd:  0.27316    E*/N:  -5.31144   P*:     2.13994    P*cold: 1.17994    Mu*_xs: -0.71078   Cv*/N_xs:  0.93649         E(kJ/mol): -5.298     P(bar):    1.600     
Step:  4479999    NAcc:  2240001    fAcc:  0.500      Maxd:  0.81342    E*/N:  -5.28499   P*:     2.13903    P*cold: 1.17903    Mu*_xs: -0.71372   Cv*/N_xs:  0.94014         E(kJ/mol): -5.271     P(bar):    1.729     
Step:  4499999    NAcc:  2250000    fAcc:  0.500      Maxd:  0.28763    E*/N:  -5.26820   P*:     2.13879    P*cold: 1.17879    Mu*_xs: -0.71154   Cv*/N_xs:  0.93662         E(kJ/mol): -5.254     P(bar):    1.776     
Step:  4519999    NAcc:  2260000    fAcc:  0.500      Maxd:  0.47751    E*/N:  -5.21979   P*:     2.13913    P*cold: 1.17913    Mu*_xs: -0.70524   Cv*/N_xs:  0.93252         E(kJ/mol): -5.206     P(bar):    1.968     
Step:  4539999    NAcc:  2269996    fAcc:  0.500      Maxd:  0.26682    E*/N:  -5.27870   P*:     2.13913    P*cold: 1.17913    Mu*_xs: -0.69691   Cv*/N_xs:  0.93193         E(kJ/mol): -5.265     P(bar):    1.711     
Step:  4559999    NAcc:  2279998    fAcc:  0.500      Maxd:  0.28706    E*/N:  -5.23420   P*:     2.13783    P*cold: 1.17783    Mu*_xs: -0.69195   Cv*/N_xs:  0.93293         E(kJ/mol): -5.220     P(bar):    1.973     
Step:  4579999    NAcc:  2289998    fAcc:  0.500      Maxd:  0.23743    E*/N:  -5.22039   P*:     2.13840    P*cold: 1.17840    Mu*_xs: -0.68608   Cv*/N_xs:  0.93232         E(kJ/mol): -5.207     P(bar):    1.899     
Step:  4599999    NAcc:  2300001    fAcc:  0.500      Maxd:  0.58098    E*/N:  -5.31192   P*:     2.13782    P*cold: 1.17782    Mu*_xs: -0.68241   Cv*/N_xs:  0.92958         E(kJ/mol): -5.298     P(bar):    1.574     
Step:  4619999    NAcc:  2309999    fAcc:  0.500      Maxd:  0.23869    E*/N:  -5.29218   P*:     2.13817    P*cold: 1.17817    Mu*_xs: -0.68717   Cv*/N_xs:  0.92849         E(kJ/mol): -5.278     P(bar):    1.719     
Step:  4639999    NAcc:  2319996    fAcc:  0.500      Maxd:  0.26278    E*/N:  -5.14499   P*:     2.13813    P*cold: 1.17813    Mu*_xs: -0.70516   Cv*/N_xs:  0.92884         E(kJ/mol): -5.132     P(bar):    2.181     
Step:  4659999    NAcc:  2330000    fAcc:  0.500      Maxd:  0.28758    E*/N:  -5.28655   P*:     2.13860    P*cold: 1.17860    Mu*_xs: -0.69771   Cv*/N_xs:  0.92830         E(kJ/mol): -5.273     P(bar):    1.699     
Step:  4679999    NAcc:  2340000    fAcc:  0.500      Maxd:  0.28047    E*/N:  -5.30332   P*:     2.13842    P*cold: 1.17842    Mu*_xs: -0.69052   Cv*/N_xs:  0.92395         E(kJ/mol): -5.289     P(bar):    1.629     
Step:  4699999    NAcc:  2349998    fAcc:  0.500      Maxd:  0.24952    E*/N:  -5.27702   P*:     2.13823    P*cold: 1.17823    Mu*_xs: -0.68358   Cv*/N_xs:  0.92048         E(kJ/mol): -5.263     P(bar):    1.689     
Step:  4719999    NAcc:  2359999    fAcc:  0.500      Maxd:  0.27306    E*/N:  -5.29738   P*:     2.13640    P*cold: 1.17640    Mu*_xs: -0.68279   Cv*/N_xs:  0.92460         E(kJ/mol): -5.284     P(bar):    1.601     
Step:  4739999    NAcc:  2369999    fAcc:  0.500      Maxd:  0.26432    E*/N:  -5.36850   P*:     2.13512    P*cold: 1.17512    Mu*_xs: -0.68807   Cv*/N_xs:  0.92623         E(kJ/mol): -5.354     P(bar):    1.437     
Step:  4759999    NAcc:  2379997    fAcc:  0.500      Maxd:  0.27776    E*/N:  -5.26781   P*:     2.13486    P*cold: 1.17486    Mu*_xs: -0.68277   Cv*/N_xs:  0.92426         E(kJ/mol): -5.254     P(bar):    1.742     
Step:  4779999    NAcc:  2390000    fAcc:  0.500      Maxd:  1.15925    E*/N:  -5.28913   P*:     2.13465    P*cold: 1.17465    Mu*_xs: -0.68272   Cv*/N_xs:  0.92591         E(kJ/mol): -5.275     P(bar):    1.635     
Step:  4799999    NAcc:  2399997    fAcc:  0.500      Maxd:  0.24575    E*/N:  -5.30321   P*:     2.13477    P*cold: 1.17477    Mu*_xs: -0.68652   Cv*/N_xs:  0.92209         E(kJ/mol): -5.289     P(bar):    1.628     
Step:  4819999    NAcc:  2409999    fAcc:  0.500      Maxd:  0.23728    E*/N:  -5.26623   P*:     2.13501    P*cold: 1.17501    Mu*_xs: -0.69232   Cv*/N_xs:  0.92054         E(kJ/mol): -5.252     P(bar):    1.760     
Step:  4839999    NAcc:  2419998    fAcc:  0.500      Maxd:  0.23788    E*/N:  -5.31401   P*:     2.13350    P*cold: 1.17350    Mu*_xs: -0.68885   Cv*/N_xs:  0.92199         E(kJ/mol): -5.300     P(bar):    1.526     
Step:  4859999    NAcc:  2429999    fAcc:  0.500      Maxd:  0.23776    E*/N:  -5.23613   P*:     2.13247    P*cold: 1.17247    Mu*_xs: -0.68471   Cv*/N_xs:  0.92093         E(kJ/mol): -5.222     P(bar):    1.816     
Step:  4879999    NAcc:  2440001    fAcc:  0.500      Maxd:  0.59684    E*/N:  -5.39743   P*:     2.13034    P*cold: 1.17034    Mu*_xs: -0.68699   Cv*/N_xs:  0.92879         E(kJ/mol): -5.383     P(bar):    1.183     
Step:  4899999    NAcc:  2449999    fAcc:  0.500      Maxd:  0.23908    E*/N:  -5.35828   P*:     2.12801    P*cold: 1.16801    Mu*_xs: -0.68560   Cv*/N_xs:  0.93850         E(kJ/mol): -5.344     P(bar):    1.363     
Step:  4919999    NAcc:  2459998    fAcc:  0.500      Maxd:  0.23843    E*/N:  -5.23954   P*:     2.12699    P*cold: 1.16699    Mu*_xs: -0.67841   Cv*/N_xs:  0.93905         E(kJ/mol): -5.226     P(bar):    1.831     
Step:  4939999    NAcc:  2469999    fAcc:  0.500      Maxd:  0.26079    E*/N:  -5.24692   P*:     2.12620    P*cold: 1.16620    Mu*_xs: -0.67499   Cv*/N_xs:  0.93824         E(kJ/mol): -5.233     P(bar):    1.841     
Step:  4959999    NAcc:  2479995    fAcc:  0.500      Maxd:  0.23981    E*/N:  -5.23416   P*:     2.12678    P*cold: 1.16678    Mu*_xs: -0.67068   Cv*/N_xs:  0.93496         E(kJ/mol): -5.220     P(bar):    1.888     
Step:  4979999    NAcc:  2489993    fAcc:  0.500      Maxd:  0.28320    E*/N:  -5.32891   P*:     2.12552    P*cold: 1.16552    Mu*_xs: -0.66435   Cv*/N_xs:  0.93909         E(kJ/mol): -5.315     P(bar):    1.547     
Step:  4999999    NAcc:  2500000    fAcc:  0.500      Maxd:  0.46721    E*/N:  -5.24262   P*:     2.12628    P*cold: 1.16628    Mu*_xs: -0.65879   Cv*/N_xs:  0.93725         E(kJ/mol): -5.229     P(bar):    1.846     
# Computed average properties: 
 # E*/N:  -5.25705  
 # P*:     2.12628   
 # Cv*/N_xs:   0.93725        
 # Mu*_xs:  -0.65879  
